 If you have all reproduction steps with a complete sample app please share as many details as possible in the sections below Make sure that you tried using the latest TestCafe version where this behavior might have been already addressed Before submitting an issue please check CONTRIBUTINGmd and existing issues in this repository in case a similar issue exists or was already addressed This may save your time and ours What is your Test Scenario simple one from the docs What is the Current behavior just upgraded to and wither you use CLI or programmatic interface we get this error ERROR TypeError Cannot read property test of undefined it does not happen with xxx What is the Expected behavior run as usual What is your web application and your TestCafe test code Share a public accessible link to your application or provide a simple app which we can run Your website URL or attach your complete example details summaryYour complete test code or attach your test filessummary Paste your test code here js details details summaryYour complete configuration file if anysummary Paste your complete test config file here even if it is huge details details summaryYour complete test reportsummary Paste your complete result test report here even if it is huge ERROR TypeError Cannot read property test of undefined at C projects test testcafesimpletest nodemodules testcafebrowsertools src api getinstallationsjs at Arraysome anonymous at addInstallation C projects test testcafesimpletest nodemodules testcafebrowsertools src api getinstallationsjs at async Promiseall index at searchInRegistry C projects test testcafesimpletest nodemodules testcafebrowsertools src api getinstallationsjs at findWindowsBrowsers C projects test testcafesimpletest nodemodules testcafebrowsertools src api getinstallationsjs at findBrowsers C projects test testcafesimpletest nodemodules testcafebrowsertools src api getinstallationsjs at Objectdefault as default C projects test testcafesimpletest nodemodules testcafebrowsertools src api getinstallationsjs at Objectdefault as getBrowserInfo C projects test testcafesimpletest nodemodules testcafebrowsertools src api getbrowserinfojs at BrowserProviderPluginHostisValidBrowserName C projects test testcafesimpletest nodemodules testcafe src browser provider builtin dedicated basejs at BrowserProviderisValidBrowserName C projects test testcafesimpletest nodemodules testcafe src browser provider indexts at ObjectgetBrowserInfo C projects test testcafesimpletest nodemodules testcafe src browser provider pooljs at async Promiseall index at BootstrappergetBrowserInfo C projects test testcafesimpletest nodemodules testcafe src runner bootstrapperts at BootstrappercreateRunnableConfiguration C projects test testcafesimpletest nodemodules testcafe src runner bootstrapperts details details summaryScreenshotssummary If applicable add screenshots to help explain the issue details Steps to Reproduce Describe what we should do to reproduce the behavior you encountered Go to my website Execute this command See the error Your Environment details testcafe version nodejs version commandline arguments example testcafe iechrome e testjs browser name and version example IE Chrome Firefox etc platform and version Window x bit other any notes you consider important What is your Test Scenario I want to check if pagination in my app works properly To do that I need to resize window to get moreless pages as there is lessmore results on a single page What is the Current behavior Resizing works randomly Ive checked on Chrome doesnt work at all and Firefox sometimes works sometimes doesnt What is the Expected behavior Resize feature works every time it is used What is your web application and your TestCafe test code import ClientFunction from testcafe import channelsPage from pagemodelchannelsPagemodel import loginPage from pagemodelloginPagemodel import config from configconfig let l requiresupportgloballog fixtureSmokeTests beforeEachasync t await tmaximizeWindow pageconfigbaseUrl testCheck pagination CHANNELS async t await tmaximizeWindow Log in await loginPagelogInl username l password Check if proper site opened if await loginPagekeycloakLoginErrorexists await loginPagelogInl username l password else await texpectchannelsPagelineupsAndPackagesexistsok await texpectchannelsPagecreateDropUpexistsok const mainPage ClientFunction windowlocationhref await texpectmainPagecontains configchannelsSufix Go to the next page and go back const channelForTheReference await channelsPagefirstChannelNameFieldinnerText consolelogchannelForTheReference await texpectchannelsPagedropdownButtonwithText ofexistsok await tclickchannelsPagenextPage await texpectchannelsPagedropdownButtonwithText ofexistsnotOk await texpectchannelsPagedropdownButtonwithText ofexistsok await texpectchannelsPagechannelNameFieldwithTextchannelForTheReferenceexistsnotOk await tclickchannelsPagepreviousPage await texpectchannelsPagedropdownButtonwithText ofexistsnotOk await texpectchannelsPagedropdownButtonwithText ofexistsok await texpectchannelsPagechannelNameFieldwithTextchannelForTheReferenceexistsok Go to the last page and go back to the first one via dropdown menu await tclickchannelsPagedropdownButton const lastPageNumber await channelsPagedropdownMenuItemnth innerText await tclickchannelsPagedropdownMenuItemnth await texpectchannelsPagedropdownButtonwithTextlastPageNumber ofexistsok await texpectchannelsPagechannelNameFieldwithTextchannelForTheReferenceexistsnotOk await tclickchannelsPagedropdownButton await tclickchannelsPagedropdownMenuItemnth await texpectchannelsPagedropdownButtonwithText of lastPageNumberexistsok await texpectchannelsPagechannelNameFieldwithTextchannelForTheReferenceexistsok Resize the window await tresizeWindow refine automation Resize doesnt work await twait const lastPageNumberAfterResize await channelsPagedropdownMenuItemnth innerText const lastPageNumberConverted parseIntlastPageNumber const lastPageNumberAfterResizeConverted parseIntlastPageNumberAfterResize await texpectlastPageNumberAfterResizeConvertedgtlastPageNumberConverted await tresizeWindow await twait const lastPageNumberAfter ndResize await channelsPagedropdownMenuItemnth innerText const lastPageNumberAfter ndResizeConverted parseIntlastPageNumberAfter ndResize await texpectlastPageNumberAfterResizeConvertedgtlastPageNumberAfter ndResizeConverted await texpectlastPageNumberAfter ndResizeConvertedgtlastPageNumberConverted Your complete test report testcafe chrome smoke checkPaginationjs Using locally installed version of TestCafe Running tests in Chrome Windows SmokeTests Eleven Sports Check pagination CHANNELS AssertionError expected to be above Browser Chrome Windows await tresizeWindow refine automation Resize doesnt work await twait const lastPageNumberAfterResize await channelsPagedropdownMenuItemnth innerText const lastPageNumberConverted parseIntlastPageNumber const lastPageNumberAfterResizeConverted parseIntlastPageNumberAfterResize await texpectlastPageNumberAfterResizeConvertedgtlastPageNumberConverted await tresizeWindow await twait const lastPageNumberAfter ndResize await channelsPagedropdownMenuItemnth innerText const lastPageNumberAfter ndResizeConverted parseIntlastPageNumberAfter ndResize await texpectlastPageNumberAfterResizeConvertedgtlastPageNumberAfter ndResizeConverted at anonymous C TestCafe orchestratorautomation smoke checkPaginationjs failed s Steps to Reproduce Just run any test and try to resize a window to some custom values Your Environment details testcafe version nodejs version v commandline arguments testcafe chrome smoke checkPaginationjs browser name and version Chrome Firefox platform and version Windows JS import Selector ClientFunction from testcafe fixtureT pagewebRegressionUrlASPxEditorsASPxCheckBoxT aspx page async function GetTopWindowDocumentScrollTop var clientFunction ClientFunction windowtopdocumentdocumentElementscrollTop return await clientFunction testdocument scroll position should not change when you click checkbox located in iframe async t var frame Selectorframe await t switchToIframeframe const checkBox await findCheckBoxcheckBox const checkBox SelectorcheckBox await t debug hovercheckBox var currentDocumentScrollTop await GetTopWindowDocumentScrollTop await t expectcurrentDocumentScrollTopnotEql clickcheckBox var newDocumentScrollTop await GetTopWindowDocumentScrollTop await t expectnewDocumentScrollTopnotEql expectnewDocumentScrollTopeqlcurrentDocumentScrollTop What is your Test Scenario Just run any test that fails and capture a screenshot on failure What is the Current behavior Screenshot feature works only once or works very rarely like once for many dozens times What is the Expected behavior Screenshot is taken every time the test fails What is your web application and your TestCafe test code I cant give URL to the website So Im not sure if a testcode will be of any use but anyways import ClientFunction from testcafe import channelsPage from pagemodelchannelsPagemodel import loginPage from pagemodelloginPagemodel import commonElements from pagemodelcommonElementsmodel import crmPage from pagemodelcrmPagemodel import config from configconfig let l requiresupportgloballog const customerIdProper const customerIdWrong x y o u fixtureSmokeTests beforeEachasync t await tmaximizeWindow pageconfigbaseUrl testSearch for a customer by Customer ID async t await tmaximizeWindow Log in await loginPagelogInl username l password Check if proper site opened if await loginPagekeycloakLoginErrorexists await loginPagelogInl username l password else await texpectchannelsPagelineupsAndPackagesexistsok await texpectchannelsPagecreateDropUpexistsok const mainPage ClientFunction windowlocationhref await texpectmainPagecontains configchannelsSufix Go to CRM main page search await tclickcommonElementsnavDropdown await tclickcommonElementsnavDropdownItemwithTextCRM Search for an existing Customer ID await tclickcrmPagecustomerIdRadioButton await ttypeTextcrmPageinputField customerIdProper await tclickcrmPagesearchButton await texpectcrmPageresultsTableexistsok await texpectcrmPagesearchMessagewithTextFoundexistsok expectcrmPagesearchMessagewithExactTextcustomerIdProperexistsok Search for a nonexisting Customer ID await ttypeTextcrmPageinputField customerIdWrong replace true await tclickcrmPagesearchButton await texpectcrmPageresultsTableexistsnotOk await texpectcrmPagesearchMessagewithTextNo customer found with the provided IDexistsok expectcrmPagesearchMessagewithExactTextcustomerIdWrongexistsok summaryYour complete configuration file if anysummary browsers chrome screenshots path reportsscreenshots takeOnFails true reporter name spec name json output reportsgeneratedReportsnewReportjson pageLoadTimeout summaryYour complete test reportsummary startTime T Z endTime T Z userAgents Chrome Windows passed total skipped fixtures name SmokeTests path C TestCafe orchestratorautomation smoke searchForCustomerByCustomerIDjs meta tests name Search for a customer by Customer ID meta errs AssertionError expected false to be truthy n nBrowser Chrome Windows n n n Search for an existing Customer ID n await tclickcrmPagecustomerIdRadioButton n await ttypeTextcrmPageinputField customerIdProper n await tclickcrmPagesearchButton n await texpectcrmPageresultsTableexistsok n await texpectcrmPagesearchMessagewithTextFoundexistsok expectcrmPagesearchMessagewithExactTextcustomerIdProperexistsok n n Search for a nonexisting Customer ID n await ttypeTextcrmPageinputField customerIdWrong replace true n await tclickcrmPagesearchButton n n at anonymous C TestCafe orchestratorautomation smoke searchForCustomerByCustomerIDjs durationMs screenshotPath null skipped false warnings Steps to Reproduce Just run any test that fails and try to capture a screenshot on failure more than once Your Environment details testcafe version nodejs version v commandline arguments testcafe smokesearchForCustomerByCustomerIDjs browser name and version Chrome platform and version Windows Testcafe versions and cannot launch Chrome on Heroku and throws error NativeBinaryHasFailedError The appnodemodulestestcafebrowsertoolsbinlinuxglibc findwindow process failed with the exit code The same test works fine with version or below and works fine with versions on MacOS so this could be a Heroku issue Chrome is installed on the Heroku dyno via buildpack We can workaround this using v but want to report to save anyone else the time debugging this Fuller log pwapp teste eheroku app concurrently k sfirst n e eservere etestcafe PORT npm run startheroku TESTCAFEURL testcafe chrome e ee ejs s takeOnFailstrue e etestcafe ERROR Was unable to open the browser chrome due to error e etestcafe e etestcafe NativeBinaryHasFailedError The appnodemodulestestcafebrowsertoolsbinlinuxglibc findwindow process failed with the exit code e etestcafe at ObjectexecFile appnodemodulestestcafebrowsertoolssrcutilsexecjs e etestcafe e etestcafe Type testcafe h for help e etestcafe TESTCAFEURL testcafe chrome e ee ejs s takeOnFailstrue exited with code This PR introduces the options property under the reporter config section The purpose of this new property is to pass down configuration to the custom reporter without using ENV variables fixes What is your Test Scenario Attempting to use typeText into a contenteditable elements should fire the beforeinput event allowing the input to be prevented What is the Current behavior The beforeinput event is not fired What is the Expected behavior The beforeinput event should be fired What is your web application and your TestCafe test code details summaryindexhtmlsummary html DOCTYPE html html body input typetext idinputinput div contenteditabletrue iddivdiv script documentaddEventListenerbeforeinput functionevt evtpreventDefault script body html details details summarytestjssummary js import Selector from testcafe fixture indexpage indexhtml testbeforeinput fires on input async t await t typeTextinput hello world expectSelectorinputvalueeql testbeforeinput fires on contenteditable async t await t typeTextdiv hello world expectSelectordivinnerTexteql details details summaryYour complete test reportsummary testcafe chrome testjs Running tests in Chrome macOS index beforeinput fires on input beforeinput fires on contenteditable AssertionError expected hello world to deeply equal Browser Chrome macOS testbeforeinput fires on contenteditable async t await t typeTextdiv hello world expectSelectordivinnerTexteql at anonymous Usersdstrelausrcdstrelautestcafebeforeinputtestjs at anonymous Usersdstrelausrcdstrelautestcafebeforeinputtestjs at anonymous usrlocallibnodemodulestestcafesrcapiwraptestfunctionjs at TestRunexecuteTestFn usrlocallibnodemodulestestcafesrctestrunindexjs at TestRunstart usrlocallibnodemodulestestcafesrctestrunindexjs failed s details Your Environment details testcafe version nodejs version v commandline arguments testcafe chrome testjs browser name and version Chrome platform and version macOS Hey Guys Im currently working with TestCafe Version My current task is to write some test cases One of them should check whether a button is visible on a page I have two pages I have done this await t maximizeWindow cPagenavigateToCabcd mPagenavigateToMplace time await t expectSelectorcreatetopbtnexistsok The two methods called look like this cPagenavigateToCabcd async navigateToCname await t clickthisbtnToC clickthisbtnCreateC typeTextthisname name clickthisbtnAddMember clickthisbtnMember clickthisbtnSave mPagenavigateToMplace time async navigateToMPlace time await t clickthisbtnToM clickthisbtnCreateM clickthisselectC clickthistestC clickthisdate clickthisdateDay typeTextthisPlace Place await t typeTextthistime time The button is visible on the M Page Now I get this long error message after test execution Unhandled promise rejection ActionSelectorError code E isTestCafeError true callsite CallsiteRecord filename C Users x testjs lineNum callsiteFrameIdx stackFrames CallSite CallSite CallSite CallSite CallSite CallSite CallSite CallSite CallSite CallSite CallSite CallSite CallSite CallSite CallSite CallSite CallSite CallSite CallSite CallSite isV Frames true selectorName selector errMsg Selector is expected to be initialized with a function CSS selector string another Selector node snapshot or a Promise returned by a Selector but undefined was passed originError Cannot prepare tests due to an error Selector is expected to be initialized with a function CSS selector string another Selector node snapshot or a Promise returned by a Selector but undefined was passed code E data undefined rawMessage Selector is expected to be initialized with a function CSS selector string another Selector node snapshot or a Promise returned by a Selector but undefined was passed callsite null Can anyone help me with this Dont understand what or where I did something wrong Code await tsetFilesToUploadroot div divcssqop divbody divcontent div divuiinput input typefile filepath UI Code input typefile UI Look img width altScreen Shot at PM src Version testcafe alpha Manually how it works Step User click the Choose File Step Popup will open and select the file Step Auto enter happens and pop up page will be loaded with the data exits in the input file