celiayz When I run the below example query given in the github page I am getting the following INFO Bin count threshold was too large to find approximate bounds Either run over a larger dataset or decrease successprobability and try again Returning NULL SELECT resultfruit resultnumbereaten FROM SELECT perpersonfruit ANONSUMperpersonfruitcount LN as numbereaten ANONCOUNTuid LN as numbereaters FROM SELECT ROWNUMBER OVER PARTITION BY uid ORDER BY random as rownum FROM SELECT fruit uid COUNTfruit as fruitcount FROM FruitEaten GROUP BY fruit uid as perpersonraw as perperson WHERE perpersonrownum GROUP BY perpersonfruit as result WHERE resultnumbereaters Could someone give me intuition on how to set bounds and epsilon Thanks While building the Postgres database Im getting anonfuncso No such file or directory I tried looking in other folders too but I couldnt find anything Need help googleadmin willnorris cdibona dberlin TedTed Heres the screenshot In reviewing the source code it is not clear which variables refer to private data and which refer to privitized data I suggest that you clearly distinguish these in the source code perhaps by using different variable naming conventions It appears that this project uses opensslrandh as its randomness source Unfortunately openssls random number generator is frequently not sufficient for providing privacy protection many statistics In our analysis we have found that the only secure way to get private random numbers is to call the RDRAND instruction directly or to use a pluggable random number generator that supports RDRAND You can read more about the issue of OpenSSL and RDRAND here So it would be useful if you could support RDRAN directly ps I just discovered this project Congrats on putting it out expr could be evaluated twice in the macro which is problematic I get the following error when building for macOS Mojave error use of undeclared identifier SYNCFILERANGEWRITE void syncfilerangefd SYNCFILERANGEWRITE warning and error generated make fileutilso Error make allcommonrecurse Error make allsrcrecurse Error END BUILD LOGS rulesforeigncc Build script location bazeloutdarwinfastbuildbinexternalpostgrespostgreslogsConfigurescriptsh rulesforeigncc Build log location bazeloutdarwinfastbuildbinexternalpostgrespostgreslogsConfigurelog INFO Elapsed time s Critical Path s INFO processes FAILED Build did NOT complete successfully Any ideas Im attempting to add this as a package to condaforge but am getting an error that Im unsure of how to fix I download the source from And a script that executes bazel build differentialprivacy Which returns the error ERROR circular symlinks detected start of symlink cycle homecondastagedrecipesbuildartifactsgoogledifferentialprivacy buildenvshareterminfoNNCR VT WPP end of symlink cycle Internal error thrown during build Printing stack trace javalangIllegalStateException differentialprivacyalgorithmsboundedalgorithmtest BuildConfigurationValueKey bb b c d f d b c be b false ErrorInfoexceptioncomgoogledevtoolsbuildlibskyframeFileSymlinkCycleException Symlink cycle rootCausesFILE homecondacachebazelbazelconda cbb ed e e ff d a f c externalembeddedjdk libterminfoNncr vt wpp cycles isCatastrophicfalse rootCauseOfExceptionFILE homecondacachebazelbazelconda cbb ed e e ff d a f c externalembeddedjdk libterminfoNncr vt wpp isDirectlyTransientfalse isTransitivelyTransientfalse at comgooglecommonbasePreconditionscheckStatePreconditionsjava at comgoogledevtoolsbuildlibskyframeSkyframeBuildViewassertSaneAnalysisErrorSkyframeBuildViewjava at comgoogledevtoolsbuildlibskyframeSkyframeBuildViewconfigureTargetsSkyframeBuildViewjava at comgoogledevtoolsbuildlibanalysisBuildViewupdateBuildViewjava at comgoogledevtoolsbuildlibbuildtoolAnalysisPhaseRunnerrunAnalysisPhaseAnalysisPhaseRunnerjava at comgoogledevtoolsbuildlibbuildtoolAnalysisPhaseRunnerexecuteAnalysisPhaseRunnerjava at comgoogledevtoolsbuildlibbuildtoolBuildToolbuildTargetsBuildTooljava at comgoogledevtoolsbuildlibbuildtoolBuildToolprocessRequestBuildTooljava at comgoogledevtoolsbuildlibruntimecommandsBuildCommandexecBuildCommandjava at comgoogledevtoolsbuildlibruntimeBlazeCommandDispatcherexecExclusivelyBlazeCommandDispatcherjava at comgoogledevtoolsbuildlibruntimeBlazeCommandDispatcherexecBlazeCommandDispatcherjava at comgoogledevtoolsbuildlibserverGrpcServerImplexecuteCommandGrpcServerImpljava at comgoogledevtoolsbuildlibserverGrpcServerImplaccess GrpcServerImpljava at comgoogledevtoolsbuildlibserverGrpcServerImpl lambdarun GrpcServerImpljava at javabasejavautilconcurrentThreadPoolExecutorrunWorkerThreadPoolExecutorjava at javabasejavautilconcurrentThreadPoolExecutorWorkerrunThreadPoolExecutorjava at javabasejavalangThreadrunThreadjava INFO Elapsed time s INFO processes FAILED Build did NOT complete successfully packages loaded targets configured Internal error thrown during build Printing stack trace javalangIllegalStateException differentialprivacyalgorithmsboundedalgorithmtest BuildConfigurationValueKey bb b c d f d b c be b false ErrorInfoexceptioncomgoogledevtoolsbuildlibskyframeFileSymlinkCycleException Symlink cycle rootCausesFILE homecondacachebazelbazelconda cbb ed e e ff d a f c externalembeddedjdk libterminfoNncr vt wpp cycles isCatastrophicfalse rootCauseOfExceptionFILE homecondacachebazelbazelconda cbb ed e e ff d a f c externalembeddedjdk libterminfoNncr vt wpp isDirectlyTransientfalse isTransitivelyTransientfalse at comgooglecommonbasePreconditionscheckStatePreconditionsjava at comgoogledevtoolsbuildlibskyframeSkyframeBuildViewassertSaneAnalysisErrorSkyframeBuildViewjava at comgoogledevtoolsbuildlibskyframeSkyframeBuildViewconfigureTargetsSkyframeBuildViewjava at comgoogledevtoolsbuildlibanalysisBuildViewupdateBuildViewjava at comgoogledevtoolsbuildlibbuildtoolAnalysisPhaseRunnerrunAnalysisPhaseAnalysisPhaseRunnerjava at comgoogledevtoolsbuildlibbuildtoolAnalysisPhaseRunnerexecuteAnalysisPhaseRunnerjava at comgoogledevtoolsbuildlibbuildtoolBuildToolbuildTargetsBuildTooljava at comgoogledevtoolsbuildlibbuildtoolBuildToolprocessRequestBuildTooljava at comgoogledevtoolsbuildlibruntimecommandsBuildCommandexecBuildCommandjava at comgoogledevtoolsbuildlibruntimeBlazeCommandDispatcherexecExclusivelyBlazeCommandDispatcherjava at comgoogledevtoolsbuildlibruntimeBlazeCommandDispatcherexecBlazeCommandDispatcherjava at comgoogledevtoolsbuildlibserverGrpcServerImplexecuteCommandGrpcServerImpljava at comgoogledevtoolsbuildlibserverGrpcServerImplaccess GrpcServerImpljava at comgoogledevtoolsbuildlibserverGrpcServerImpl lambdarun GrpcServerImpljava at javabasejavautilconcurrentThreadPoolExecutorrunWorkerThreadPoolExecutorjava at javabasejavautilconcurrentThreadPoolExecutorWorkerrunThreadPoolExecutorjava at javabasejavalangThreadrunThreadjava javalangIllegalStateException differentialprivacyalgorithmsboundedalgorithmtest BuildConfigurationValueKey bb b c d f d b c be b false ErrorInfoexceptioncomgoogledevtoolsbuildlibskyframeFileSymlinkCycleException Symlink cycle rootCausesFILE homecondacachebazelbazelconda cbb ed e e ff d a f c externalembeddedjdk libterminfoNncr vt wpp cycles isCatastrophicfalse rootCauseOfExceptionFILE homecondacachebazelbazelconda cbb ed e e ff d a f c externalembeddedjdk libterminfoNncr vt wpp isDirectlyTransientfalse isTransitivelyTransientfalse at comgooglecommonbasePreconditionscheckStatePreconditionsjava at comgoogledevtoolsbuildlibskyframeSkyframeBuildViewassertSaneAnalysisErrorSkyframeBuildViewjava at comgoogledevtoolsbuildlibskyframeSkyframeBuildViewconfigureTargetsSkyframeBuildViewjava at comgoogledevtoolsbuildlibanalysisBuildViewupdateBuildViewjava at comgoogledevtoolsbuildlibbuildtoolAnalysisPhaseRunnerrunAnalysisPhaseAnalysisPhaseRunnerjava at comgoogledevtoolsbuildlibbuildtoolAnalysisPhaseRunnerexecuteAnalysisPhaseRunnerjava at comgoogledevtoolsbuildlibbuildtoolBuildToolbuildTargetsBuildTooljava at comgoogledevtoolsbuildlibbuildtoolBuildToolprocessRequestBuildTooljava at comgoogledevtoolsbuildlibruntimecommandsBuildCommandexecBuildCommandjava at comgoogledevtoolsbuildlibruntimeBlazeCommandDispatcherexecExclusivelyBlazeCommandDispatcherjava at comgoogledevtoolsbuildlibruntimeBlazeCommandDispatcherexecBlazeCommandDispatcherjava at comgoogledevtoolsbuildlibserverGrpcServerImplexecuteCommandGrpcServerImpljava at comgoogledevtoolsbuildlibserverGrpcServerImplaccess GrpcServerImpljava at comgoogledevtoolsbuildlibserverGrpcServerImpl lambdarun GrpcServerImpljava at javabasejavautilconcurrentThreadPoolExecutorrunWorkerThreadPoolExecutorjava at javabasejavautilconcurrentThreadPoolExecutorWorkerrunThreadPoolExecutorjava at javabasejavalangThreadrunThreadjava javalangIllegalStateException differentialprivacyalgorithmsboundedalgorithmtest BuildConfigurationValueKey bb b c d f d b c be b false ErrorInfoexceptioncomgoogledevtoolsbuildlibskyframeFileSymlinkCycleException Symlink cycle rootCausesFILE homecondacachebazelbazelconda cbb ed e e ff d a f c externalembeddedjdk libterminfoNncr vt wpp cycles isCatastrophicfalse rootCauseOfExceptionFILE homecondacachebazelbazelconda cbb ed e e ff d a f c externalembeddedjdk libterminfoNncr vt wpp isDirectlyTransientfalse isTransitivelyTransientfalse at comgooglecommonbasePreconditionscheckStatePreconditionsjava at comgoogledevtoolsbuildlibskyframeSkyframeBuildViewassertSaneAnalysisErrorSkyframeBuildViewjava at comgoogledevtoolsbuildlibskyframeSkyframeBuildViewconfigureTargetsSkyframeBuildViewjava at comgoogledevtoolsbuildlibanalysisBuildViewupdateBuildViewjava at comgoogledevtoolsbuildlibbuildtoolAnalysisPhaseRunnerrunAnalysisPhaseAnalysisPhaseRunnerjava at comgoogledevtoolsbuildlibbuildtoolAnalysisPhaseRunnerexecuteAnalysisPhaseRunnerjava at comgoogledevtoolsbuildlibbuildtoolBuildToolbuildTargetsBuildTooljava at comgoogledevtoolsbuildlibbuildtoolBuildToolprocessRequestBuildTooljava at comgoogledevtoolsbuildlibruntimecommandsBuildCommandexecBuildCommandjava at comgoogledevtoolsbuildlibruntimeBlazeCommandDispatcherexecExclusivelyBlazeCommandDispatcherjava at comgoogledevtoolsbuildlibruntimeBlazeCommandDispatcherexecBlazeCommandDispatcherjava at comgoogledevtoolsbuildlibserverGrpcServerImplexecuteCommandGrpcServerImpljava at comgoogledevtoolsbuildlibserverGrpcServerImplaccess GrpcServerImpljava at comgoogledevtoolsbuildlibserverGrpcServerImpl lambdarun GrpcServerImpljava at javabasejavautilconcurrentThreadPoolExecutorrunWorkerThreadPoolExecutorjava at javabasejavautilconcurrentThreadPoolExecutorWorkerrunThreadPoolExecutorjava at javabasejavalangThreadrunThreadjava FAILED Build did NOT complete successfully packages loaded targets configured Traceback most recent call last File homecondacisupportbuildallpy line in module buildallargsrecipesdir argsarch File homecondacisupportbuildallpy line in buildall buildfoldersrecipesdir newcompfolders arch channelurls File homecondacisupportbuildallpy line in buildfolders condabuildapibuild recipe configgetconfigarch channelurls File optcondalibpython sitepackagescondabuildapipy line in build notestnotest needsourcedownloadneedsourcedownload variantsvariants File optcondalibpython sitepackagescondabuildbuildpy line in buildtree notestnotest File optcondalibpython sitepackagescondabuildbuildpy line in build cwdsrcdir statsbuildstats File optcondalibpython sitepackagescondabuildutilspy line in checkcallenv return funcdefaultingenvtoosenvironcall popenargs kwargs File optcondalibpython sitepackagescondabuildutilspy line in funcdefaultingenvtoosenviron raise subprocessCalledProcessErrorprocreturncode args subprocessCalledProcessError Command binbash e homecondastagedrecipesbuildartifactsgoogledifferentialprivacy workcondabuildsh returned nonzero exit status Im not sure which is causing the error condaforge bazel or differentialprivacy Please advise if youve encountered this error before when building Hello there Would it be possible for you to generate a release for differentialprivacy Thanks 