 JerryScript revision d e Build platform Linux genericx withUbuntu bionic Build steps toolsbuildpy clean debug compileflagfsanitizeaddress compileflagm compileflagfnoomitframepointer compileflagfnocommon compileflagg stripoff systemallocatoron loggingon linkerflagfuseldgold errormessageson profilees subset Test case javascript function Output text ICE Assertion literalpstatusflags LEXERFLAGSOURCEPTR LEXERFLAGLATEINIT failed at jerryscriptjerrycoreparserjsjsparsercparsercomputeindicies Error ERRFAILEDINTERNALASSERTION Backtrace text bt xf fd in kernelvsyscall xf fc in raise from libi linuxgnulibcso xf fdcc in abort from libi linuxgnulibcso x d in jerryportfatal codeERRFAILEDINTERNALASSERTION at jerryscriptjerryportdefaultdefaultfatalc x cd in jerryfatal codeERRFAILEDINTERNALASSERTION at jerryscriptjerrycorejrtjrtfatalsc x e in jerryassertfail assertion x e literalpstatusflags LEXERFLAGSOURCEPTR LEXERFLAGLATEINIT file x e jerryscriptjerrycoreparserjsjsparserc function x c func ltopriv parsercomputeindicies line at jerryscriptjerrycorejrtjrtfatalsc x f in parsercomputeindicies contextp xffffc identend xffffbe constliteralend xffffbde at jerryscriptjerrycoreparserjsjsparserc x in parserpostprocessing contextp xffffc at jerryscriptjerrycoreparserjsjsparserc x e b in parserparsefunction contextp xffffc statusflags at jerryscriptjerrycoreparserjsjsparserc x b in parserparsefunctionstatementltopriv contextp xffffc at jerryscriptjerrycoreparserjsjsparserstatmc x e in parserparsestatements contextp xffffc at jerryscriptjerrycoreparserjsjsparserstatmc x bcfe in parserparsesource arglistp x arglistsize sourcep x bufferltopriv function g y Symbol toPrimitive n sourcesize parseopts errorlocationp xffffc a at jerryscriptjerrycoreparserjsjsparserc x f in parserparsescript arglistp x arglistsize sourcep x bufferltopriv function g y Symbol toPrimitive n sourcesize parseopts bytecodedatap xffffc at jerryscriptjerrycoreparserjsjsparserc x a c in jerryparse resourcenamep xffffcd d homerenifuzzinator jerryscriptpicireny js resourcenamelength sourcep x bufferltopriv function g y Symbol toPrimitive n sourcesize parseopts at jerryscriptjerrycoreapijerryc x dfc in main argc argv xffffcb at jerryscriptjerrymainmainunixc supFound by Fuzzinator with grammarinator sup Jerry version Rev d e Build command toolsbuildpy profilees subset errormessages ON OS Mac OS Code sample class Base constructor thisx sampeFunc thisx crash here return thisx class Extended extends Base sampeFunc var s supersampeFunc return s ok if change to return supersampleFunc var s new Extended ssampeFunc oops ER No crash shouldnt appear AR Crash TypeError Cannot read property of undefined Comments This issue can be related to this issue As far as I understand line var s supersampleFunc should emit CBCEXTSUPERPROPCALL But it doesnt pass this condition LEXERISBINARYLVALUETOKEN contextpstacktopuint jsparserexprc Only direct eval calls propagate the newtarget information In any other eval cases the newtarget invocation is a syntax error Added test cases also JerryScriptDCO Signedoffby Adam Szilagyi aszilagyinfuszegedhu JerryScriptDCO Signedoffby Daniel Balla dballainfuszegedhu Added steps from ECMA v JerryScriptDCO Signedoffby Adam Szilagyi aszilagyinfuszegedhu Zephyr removed some deprecated compatibility headers use the new location JerryScriptDCO Signedoffby Paul Sokolovsky paulsokolovskylinaroorg JerryScript revision efba Build platform Linux genericx withUbuntu bionic Build steps toolsbuildpy clean debug compileflagfsanitizeaddress compileflagm compileflagfnoomitframepointer compileflagfnocommon compileflagg stripoff systemallocatoron loggingon linkerflagfuseldgold errormessageson profilees subset Test case javascript function i b evalvar x function x eval i Output text ICE Assertion ecmafindnamedproperty framectxplexenvp namep NULL failed at jerryscriptjerrycorevmvmcvminitloop Error ERRFAILEDINTERNALASSERTION Backtrace text bt xf fd in kernelvsyscall xf fc in raise from libi linuxgnulibcso xf fdcc in abort from libi linuxgnulibcso x b c in jerryportfatal codeERRFAILEDINTERNALASSERTION at jerryscriptjerryportdefaultdefaultfatalc x b in jerryfatal codeERRFAILEDINTERNALASSERTION at jerryscriptjerrycorejrtjrtfatalsc x f in jerryassertfail assertion x d e ecmafindnamedproperty framectxplexenvp namep NULL file x d c jerryscriptjerrycorevmvmc function x b func ltopriv vminitloop line at jerryscriptjerrycorejrtjrtfatalsc x d d in vminitloop framectxp xffffc at jerryscriptjerrycorevmvmc x d f in vmloop framectxp xffffc at jerryscriptjerrycorevmvmc x e in vmexecute framectxp xffffc at jerryscriptjerrycorevmvmc x e in vmrun bytecodeheaderp xf f d thisbindingvalue lexenvp xf d arglistp xffffc arglistlen at jerryscriptjerrycorevmvmc x ef in ecmaopfunctioncall funcobjp xf f thisargvalue argumentslistp xffffc argumentslistlen at jerryscriptjerrycoreecmaoperationsecmafunctionobjectc x cfe f in opfunccall framectxp xffffc d at jerryscriptjerrycorevmvmc x e f in vmexecute framectxp xffffc d at jerryscriptjerrycorevmvmc x e in vmrun bytecodeheaderp xf e thisbindingvalue lexenvp xf d b arglistp x arglistlen at jerryscriptjerrycorevmvmc x cea in vmrunglobal bytecodep xf e at jerryscriptjerrycorevmvmc x b in jerryrun funcval at jerryscriptjerrycoreapijerryc x in main argc argv xffffcb at jerryscriptjerrymainmainunixc supFound by Fuzzinator with grammarinator sup Strict mode functions are not allowed to access property arguments However when running this testcase blow the output is object Object JerryScript revision bf Build platform Ubuntu LTS Linux generic x Build steps python toolsbuildpy clean debug loggingon lineinfoon errormessageson cpointer biton memheap profilees subset Test case var NISLFuzzingFunc function printObjectgetOwnPropertyDescriptornew Functionuse strict arguments NISLFuzzingFunc Execution steps buildbinjerry testcasejs Output object Object Expected behavior undefined Changes Import tests with actual expectations from Add kangaxtests option to toolsruntestspy test runner Run Kangax tests on Travis CI JerryScriptDCO Signedoffby Csaba Osztrogon c osziinfuszegedhu 