 Trying to run a new robotium test I get this error Does anyone know how to fix it Ive all the APIs needed and a lot of higher APIs What am I missing This is part of my gradle file android compileSdkVersion buildToolsVersion defaultConfig applicationId comcentervueexam minSdkVersion targetSdkVersion DO NOT PUT HERE VERSION NAME THX Change the Manifest testInstrumentationRunner androidsupporttestrunnerAndroidJUnitRunner ndk moduleName examfilter ldLibs log jnigraphics renderscriptTargetApi renderscriptSupportModeEnabled true I am testing it on Android API level device still getting this issue Screenshot StackOverflow Link Is this project using continuous integration services eg TravisCI or Jenkings Or has it used at any point of its lifetime The following test works fine on API Lollipop to Oreo and also P But for some reason it does not work on API Oreo Open Google Map Display Toast assertTruetoast message Close Google Map Open Google Map assertFalsetoast message It always fails at Any ideas returning String pageok When I use typetext to verify edittext limit conditions I found that the order of text is wrong my code Edite text sologetEditText solosetTexttext solotypeTexttext assertEquals textgetTexttoString but I get actual result is not how can I avoid this situation thank you in advance how to i execute those Run Robotium Recorder through this guide Encountered Recording failed Please see output path Robotiumlogtxt after selecting APK and run New Robotium Test All prerequisites already fulfilled Physical device with external storage Android API level available in SDK Manager Robotiumlogtxt Input C Users wendy StudioProjects ExampleTestProjectAndroidStudio gradlewbat Dorggradledaemontrue assembleDebugAndroidTest u b C Users wendy StudioProjects ExampleTestProjectAndroidStudio executorproject buildgradle Output Incremental java compilation is an incubating feature FAILURE Build failed with an exception What went wrong A problem occurred configuring root project executorproject Could not resolve all dependencies for configuration debugAndroidTestCompile Could not find ExecutorLibrary Searched in the following locations fileCUserswendyStudioProjectsExampleTestProjectAndroidStudioexecutorprojectlibsExecutorLibraryaar fileCUserswendyStudioProjectsExampleTestProjectAndroidStudioexecutorprojectlibsExecutorLibraryaar fileCUserswendyAppDataLocalAndroidsdkextrasandroidm repositoryExecutorLibraryExecutorLibrarypom fileCUserswendyAppDataLocalAndroidsdkextrasandroidm repositoryExecutorLibraryExecutorLibraryaar Required by executorprojectunspecified Try Run with stacktrace option to get the stack trace Run with info or debug option to get more log output BUILD FAILED Total time secs Any help will be appreciated Hi I am trying to click on a button inside web view My test code is public void testButtonClick throws Exception WebView webView WebView sologetViewRidwebView solowaitForViewwebView false By installButtonByxpathbutton class price buy idtrackclick idtrackimpression solowaitForWebElementinstallButton false soloclickOnWebElementinstallButton false I am loading the webpage with url I have to click on the install button automatically When i run this code i am getting webelement with xpath not found please help me with this issue Thanks in advance I am developing an app which will open google play store page in browser on button click I want to click on a span element in webpage If i try to clickOnText i am getting element not found Please help me with this issue After start test application not started automatically for testing I must manually launch application by tap on icon Error by timeout junitframeworkAssertionFailedError Text string Some button is not found My test DeliveryActivity is not first Activity in backstack when application launched public class DeliveryActivityTest extends ActivityInstrumentationTestCase private Solo solo public DeliveryActivityTest superDeliveryActivityclass public DeliveryActivityTestClassDeliveryActivity activityClass superactivityClass public void setUp throws Exception supersetUp injectInstrumentationInstrumentationRegistrygetInstrumentation Instrumentation mInstrumentation getInstrumentation solo new SolomInstrumentation solo new SologetInstrumentation getActivity solo new SologetInstrumentation getActivity Override public void tearDown throws Exception solofinishOpenedActivities public void testButton soloclickOnTextSome button 