 BeanMapper bootapi I use the quickstartsh to build but got a error cannot find JsonMapper Full error log is here INFO errors INFO INFO INFO BUILD FAILURE INFO INFO Total time s INFO Finished at T INFO Final Memory M M INFO ERROR Failed to execute goal orgapachemavenpluginsmavencompilerplugin compile defaultcompile on project bootapi Compilation failure Compilation failure ERROR Somepathspringside examplesbootapisrcmainjavaorgspringsideexamplesbootapiapisupportCustomExceptionHandlerjava package orgspringsidemodulesutilsmapper does not exist ERROR Somepathspringside examplesbootapisrcmainjavaorgspringsideexamplesbootapiapisupportCustomExceptionHandlerjava cannot find symbol ERROR symbol class JsonMapper ERROR location class orgspringsideexamplesbootapiapisupportCustomExceptionHandler ERROR Somepathspringside examplesbootapisrcmainjavaorgspringsideexamplesbootapiapiBookEndpointjava package orgspringsidemodulesutilsmapper does not exist ERROR Somepathspringside examplesbootapisrcmainjavaorgspringsideexamplesbootapiapisupportErrorPageControllerjava package orgspringsidemodulesutilsmapper does not exist ERROR Somepathspringside examplesbootapisrcmainjavaorgspringsideexamplesbootapiapisupportErrorPageControllerjava cannot find symbol ERROR symbol class JsonMapper ERROR location class orgspringsideexamplesbootapiapisupportErrorPageController ERROR Somepathspringside examplesbootapisrcmainjavaorgspringsideexamplesbootapiapisupportCustomExceptionHandlerjava cannot find symbol ERROR symbol class JsonMapper ERROR location class orgspringsideexamplesbootapiapisupportCustomExceptionHandler ERROR Somepathspringside examplesbootapisrcmainjavaorgspringsideexamplesbootapiapiBookEndpointjava cannot find symbol ERROR symbol variable BeanMapper ERROR location class orgspringsideexamplesbootapiapiBookEndpoint ERROR Somepathspringside examplesbootapisrcmainjavaorgspringsideexamplesbootapiapiBookEndpointjava cannot find symbol ERROR symbol variable BeanMapper ERROR location class orgspringsideexamplesbootapiapiBookEndpoint ERROR Somepathspringside examplesbootapisrcmainjavaorgspringsideexamplesbootapiapiBookEndpointjava cannot find symbol ERROR symbol variable BeanMapper ERROR location class orgspringsideexamplesbootapiapiBookEndpoint ERROR Somepathspringside examplesbootapisrcmainjavaorgspringsideexamplesbootapiapiBookEndpointjava cannot find symbol ERROR symbol variable BeanMapper ERROR location class orgspringsideexamplesbootapiapiBookEndpoint ERROR Somepathspringside examplesbootapisrcmainjavaorgspringsideexamplesbootapiapiBookEndpointjava cannot find symbol ERROR symbol variable BeanMapper ERROR location class orgspringsideexamplesbootapiapiBookEndpoint ERROR Somepathspringside examplesbootapisrcmainjavaorgspringsideexamplesbootapiapiBookEndpointjava cannot find symbol ERROR symbol variable BeanMapper ERROR location class orgspringsideexamplesbootapiapiBookEndpoint ERROR Somepathspringside examplesbootapisrcmainjavaorgspringsideexamplesbootapiapisupportErrorPageControllerjava cannot find symbol ERROR symbol class JsonMapper ERROR location class orgspringsideexamplesbootapiapisupportErrorPageController readorgspringsidemodulesutilsioIOUtilTest Time elapsed sec FAILURE orgjunitComparisonFailure expectedABCDEFG BC but wasABCDEFG ABC at sunreflectNativeConstructorAccessorImplnewInstance Native Method at sunreflectNativeConstructorAccessorImplnewInstanceNativeConstructorAccessorImpljava at sunreflectDelegatingConstructorAccessorImplnewInstanceDelegatingConstructorAccessorImpljava at orgspringsidemodulesutilsioIOUtilTestreadIOUtilTestjava at sunreflectNativeMethodAccessorImplinvoke Native Method at sunreflectNativeMethodAccessorImplinvokeNativeMethodAccessorImpljava at sunreflectDelegatingMethodAccessorImplinvokeDelegatingMethodAccessorImpljava at javalangreflectMethodinvokeMethodjava at orgjunitrunnersmodelFrameworkMethod runReflectiveCallFrameworkMethodjava at orgjunitinternalrunnersmodelReflectiveCallablerunReflectiveCallablejava at orgjunitrunnersmodelFrameworkMethodinvokeExplosivelyFrameworkMethodjava at orgjunitinternalrunnersstatementsInvokeMethodevaluateInvokeMethodjava at orgjunitrunnersParentRunnerrunLeafParentRunnerjava at orgjunitrunnersBlockJUnit ClassRunnerrunChildBlockJUnit ClassRunnerjava at orgjunitrunnersBlockJUnit ClassRunnerrunChildBlockJUnit ClassRunnerjava at orgjunitrunnersParentRunner runParentRunnerjava at orgjunitrunnersParentRunner scheduleParentRunnerjava at orgjunitrunnersParentRunnerrunChildrenParentRunnerjava at orgjunitrunnersParentRunneraccess ParentRunnerjava at orgjunitrunnersParentRunner evaluateParentRunnerjava at orgjunitrunnersParentRunnerrunParentRunnerjava at orgapachemavensurefirejunit JUnit ProviderexecuteJUnit Providerjava at orgapachemavensurefirejunit JUnit ProviderexecuteTestSetJUnit Providerjava at orgapachemavensurefirejunit JUnit ProviderinvokeJUnit Providerjava at sunreflectNativeMethodAccessorImplinvoke Native Method at sunreflectNativeMethodAccessorImplinvokeNativeMethodAccessorImpljava at sunreflectDelegatingMethodAccessorImplinvokeDelegatingMethodAccessorImpljava at javalangreflectMethodinvokeMethodjava at orgapachemavensurefireutilReflectionUtilsinvokeMethodWithArrayReflectionUtilsjava at orgapachemavensurefirebooterProviderFactoryProviderProxyinvokeProviderFactoryjava at orgapachemavensurefirebooterProviderFactoryinvokeProviderProviderFactoryjava at orgapachemavensurefirebooterForkedBooterrunSuitesInProcessForkedBooterjava at orgapachemavensurefirebooterForkedBootermainForkedBooterjava Running orgspringsidemodulesutilsioResourceUtilTest jarfileCRepoJavaspringside modulesutilstargetsurefiresurefirebooter jarMETAINFMANIFESTMF jarfileCRepoJavaspringside modulesutilstargetsurefiresurefirebooter jarMETAINFMANIFESTMF jarfileCMavenRepoorgapachemavensurefiresurefirebooter surefirebooter jarMETAINFMANIFESTMF jarfileCMavenRepoorgapachemavensurefiresurefireapi surefireapi jarMETAINFMANIFESTMF jarfileCMavenRepocomgoogleguavaguava guava jarMETAINFMANIFESTMF jarfileCMavenRepoorgapachecommonscommonslang commonslang jarMETAINFMANIFESTMF jarfileCMavenRepoorgslf jslf japi slf japi jarMETAINFMANIFESTMF jarfileCMavenReponetsfdozerdozer dozer jarMETAINFMANIFESTMF jarfileCMavenRepocommonsbeanutilscommonsbeanutils commonsbeanutils jarMETAINFMANIFESTMF jarfileCMavenRepocommonscollectionscommonscollections commonscollections jarMETAINFMANIFESTMF jarfileCMavenRepoorgslf jjcloverslf j jcloverslf j jarMETAINFMANIFESTMF jarfileCMavenRepojunitjunit junit jarMETAINFMANIFESTMF jarfileCMavenRepoorghamcresthamcrestcore hamcrestcore jarMETAINFMANIFESTMF jarfileCMavenRepoorgassertjassertjcore assertjcore jarMETAINFMANIFESTMF jarfileCMavenRepoorgmockitomockitocore mockitocore jarMETAINFMANIFESTMF jarfileCMavenRepoorgobjenesisobjenesis objenesis jarMETAINFMANIFESTMF jarfileCMavenRepochqoslogbacklogbackclassic logbackclassic jarMETAINFMANIFESTMF jarfileCMavenRepochqoslogbacklogbackcore logbackcore jarMETAINFMANIFESTMF Tests run Failures Errors Skipped Time elapsed sec Running orgspringsidemodulesutilsioURLResourceTest Tests run Failures Errors Skipped Time elapsed sec FAILURE resourceorgspringsidemodulesutilsioURLResourceTest Time elapsed sec FAILURE orgjunitComparisonFailure expectedspringsidemin pringsidemax but wasspringsidemin springsidemax at sunreflectNativeConstructorAccessorImplnewInstance Native Method at sunreflectNativeConstructorAccessorImplnewInstanceNativeConstructorAccessorImpljava at sunreflectDelegatingConstructorAccessorImplnewInstanceDelegatingConstructorAccessorImpljava at orgspringsidemodulesutilsioURLResourceTestresourceURLResourceTestjava at sunreflectNativeMethodAccessorImplinvoke Native Method at sunreflectNativeMethodAccessorImplinvokeNativeMethodAccessorImpljava at sunreflectDelegatingMethodAccessorImplinvokeDelegatingMethodAccessorImpljava at javalangreflectMethodinvokeMethodjava at orgjunitrunnersmodelFrameworkMethod runReflectiveCallFrameworkMethodjava at orgjunitinternalrunnersmodelReflectiveCallablerunReflectiveCallablejava at orgjunitrunnersmodelFrameworkMethodinvokeExplosivelyFrameworkMethodjava at orgjunitinternalrunnersstatementsInvokeMethodevaluateInvokeMethodjava at orgjunitrunnersParentRunnerrunLeafParentRunnerjava at orgjunitrunnersBlockJUnit ClassRunnerrunChildBlockJUnit ClassRunnerjava at orgjunitrunnersBlockJUnit ClassRunnerrunChildBlockJUnit ClassRunnerjava at orgjunitrunnersParentRunner runParentRunnerjava at orgjunitrunnersParentRunner scheduleParentRunnerjava at orgjunitrunnersParentRunnerrunChildrenParentRunnerjava at orgjunitrunnersParentRunneraccess ParentRunnerjava at orgjunitrunnersParentRunner evaluateParentRunnerjava at orgjunitrunnersParentRunnerrunParentRunnerjava at orgapachemavensurefirejunit JUnit ProviderexecuteJUnit Providerjava at orgapachemavensurefirejunit JUnit ProviderexecuteTestSetJUnit Providerjava at orgapachemavensurefirejunit JUnit ProviderinvokeJUnit Providerjava at sunreflectNativeMethodAccessorImplinvoke Native Method at sunreflectNativeMethodAccessorImplinvokeNativeMethodAccessorImpljava at sunreflectDelegatingMethodAccessorImplinvokeDelegatingMethodAccessorImpljava at javalangreflectMethodinvokeMethodjava at orgapachemavensurefireutilReflectionUtilsinvokeMethodWithArrayReflectionUtilsjava at orgapachemavensurefirebooterProviderFactoryProviderProxyinvokeProviderFactoryjava at orgapachemavensurefirebooterProviderFactoryinvokeProviderProviderFactoryjava at orgapachemavensurefirebooterForkedBooterrunSuitesInProcessForkedBooterjava at orgapachemavensurefirebooterForkedBootermainForkedBooterjava Running orgspringsidemodulesutilsmiscIdGeneratorTest uuid db c d fe f f uuid d cf f ce f c dff e randomLong randomBase g P yWVlg Tests run Failures Errors Skipped Time elapsed sec Running orgspringsidemodulesutilsmiscSamplerTest sample in hits should close to actual is sample in hits should close to actual is Tests run Failures Errors Skipped Time elapsed sec Running orgspringsidemodulesutilsnetIPUtilTest Tests run Failures Errors Skipped Time elapsed sec Running orgspringsidemodulesutilsnetNetUtilTest main INFO osmodulesutilsnetNetUtil localhost is random port random port Tests run Failures Errors Skipped Time elapsed sec Running orgspringsidemodulesutilsnumberMathUtilTest Tests run Failures Errors Skipped Time elapsed sec Running orgspringsidemodulesutilsnumberNumberUtilTest Tests run Failures Errors Skipped Time elapsed sec Running orgspringsidemodulesutilsnumberRandomUtilTest syr f npXR hRu Q H aT iqZ W StWAv wfhZwsWIq ExspL ONjkq Qfrn fZCdoVn mdv XgL T Tests run Failures Errors Skipped Time elapsed sec Running orgspringsidemodulesutilsnumberUnitConverterTest Tests run Failures Errors Skipped Time elapsed sec Running orgspringsidemodulesutilsreflectBeanMapperTest main WARN orgdozerconfigGlobalSettings Dozer configuration file not found dozerproperties Using defaults for all Dozer global properties Tests run Failures Errors Skipped Time elapsed sec Running orgspringsidemodulesutilsreflectClassloaderUtilTest Tests run Failures Errors Skipped Time elapsed sec Running orgspringsidemodulesutilsreflectClassUtilTest main WARN osmodulesutilsreflectClassUtil TestBean s superclass not ParameterizedType main WARN osmodulesutilsreflectClassUtil TestBean s superclass not ParameterizedType Tests run Failures Errors Skipped Time elapsed sec Running orgspringsidemodulesutilsreflectReflectionUtilTest Tests run Failures Errors Skipped Time elapsed sec Running orgspringsidemodulesutilssecurityCryptoUtilTest aes key in hex BD EC B BB EB DE FCE iv in hex C F B E A F D DE aes encrypt in hex result C F CADE F C E AA B aes key in hex ADB EF BDC F FADCDC F A B D aes encrypt in hex result C C C C AD B FF C hmacsha key in hex CBA FD C F EC FA E B B hmacsha in hex result D D B D A FE Tests run Failures Errors Skipped Time elapsed sec Running orgspringsidemodulesutilstextCsvUtilTest Tests run Failures Errors Skipped Time elapsed sec Running orgspringsidemodulesutilstextEncodeUtilTest Tests run Failures Errors Skipped Time elapsed sec Running orgspringsidemodulesutilstextEscapeUtilTest http A F Flocahost F Fquery DE B ADE t D Tests run Failures Errors Skipped Time elapsed sec Running orgspringsidemodulesutilstextHashUtilTest sha sCtJLx IJNto AhdkP tos sha with saltdImn SKWm Th AJnOxTTPmnLhQA sha with salt with iterationSXOaHyVRTSzjfC Myv XNiwk Tests run Failures Errors Skipped Time elapsed sec FAILURE hashFileorgspringsidemodulesutilstextHashUtilTest Time elapsed sec FAILURE orgjunitComparisonFailure expected DmSnwKFl Jplrwtm tfi cbjs but was zV GyYs TxreIF wRODMLsA Qg at sunreflectNativeConstructorAccessorImplnewInstance Native Method at sunreflectNativeConstructorAccessorImplnewInstanceNativeConstructorAccessorImpljava at sunreflectDelegatingConstructorAccessorImplnewInstanceDelegatingConstructorAccessorImpljava at orgspringsidemodulesutilstextHashUtilTesthashFileHashUtilTestjava at sunreflectNativeMethodAccessorImplinvoke Native Method at sunreflectNativeMethodAccessorImplinvokeNativeMethodAccessorImpljava at sunreflectDelegatingMethodAccessorImplinvokeDelegatingMethodAccessorImpljava at javalangreflectMethodinvokeMethodjava at orgjunitrunnersmodelFrameworkMethod runReflectiveCallFrameworkMethodjava at orgjunitinternalrunnersmodelReflectiveCallablerunReflectiveCallablejava at orgjunitrunnersmodelFrameworkMethodinvokeExplosivelyFrameworkMethodjava at orgjunitinternalrunnersstatementsInvokeMethodevaluateInvokeMethodjava at orgjunitrunnersParentRunnerrunLeafParentRunnerjava at orgjunitrunnersBlockJUnit ClassRunnerrunChildBlockJUnit ClassRunnerjava at orgjunitrunnersBlockJUnit ClassRunnerrunChildBlockJUnit ClassRunnerjava at orgjunitrunnersParentRunner runParentRunnerjava at orgjunitrunnersParentRunner scheduleParentRunnerjava at orgjunitrunnersParentRunnerrunChildrenParentRunnerjava at orgjunitrunnersParentRunneraccess ParentRunnerjava at orgjunitrunnersParentRunner evaluateParentRunnerjava at orgjunitrunnersParentRunnerrunParentRunnerjava at orgapachemavensurefirejunit JUnit ProviderexecuteJUnit Providerjava at orgapachemavensurefirejunit JUnit ProviderexecuteTestSetJUnit Providerjava at orgapachemavensurefirejunit JUnit ProviderinvokeJUnit Providerjava at sunreflectNativeMethodAccessorImplinvoke Native Method at sunreflectNativeMethodAccessorImplinvokeNativeMethodAccessorImpljava at sunreflectDelegatingMethodAccessorImplinvokeDelegatingMethodAccessorImpljava at javalangreflectMethodinvokeMethodjava at orgapachemavensurefireutilReflectionUtilsinvokeMethodWithArrayReflectionUtilsjava at orgapachemavensurefirebooterProviderFactoryProviderProxyinvokeProviderFactoryjava at orgapachemavensurefirebooterProviderFactoryinvokeProviderProviderFactoryjava at orgapachemavensurefirebooterForkedBooterrunSuitesInProcessForkedBooterjava at orgapachemavensurefirebooterForkedBootermainForkedBooterjava Running orgspringsidemodulesutilstextMoreStringUtilTest Tests run Failures Errors Skipped Time elapsed sec Running orgspringsidemodulesutilstextStringBuilderHolderTest Thread Thread Thread Thread Thread Thread Thread Thread Thread Thread Thread Thread Thread Thread Thread Thread Thread Thread Thread Thread Thread Thread Thread Thread Thread Thread Thread Thread Thread Thread Thread Thread Thread Thread Thread Thread Thread Thread Thread Thread Tests run Failures Errors Skipped Time elapsed sec Running orgspringsidemodulesutilstextTextValidatorTest Tests run Failures Errors Skipped Time elapsed sec Running orgspringsidemodulesutilstextWildcardMatcherTest Tests run Failures Errors Skipped Time elapsed sec Running orgspringsidemodulesutilstimeCachingDatFormatterTest Tests run Failures Errors Skipped Time elapsed sec Running orgspringsidemodulesutilstimeClockUtilTest Tests run Failures Errors Skipped Time elapsed sec Running orgspringsidemodulesutilstimeDateFormatUtilTest Tests run Failures Errors Skipped Time elapsed sec Running orgspringsidemodulesutilstimeDateUtilTest Tests run Failures Errors Skipped Time elapsed sec systemShutdowning Results Failed tests readorgspringsidemodulesutilsioIOUtilTest expectedABCDEFG resourceorgspringsidemodulesutilsioURLResourceTest expectedspringsidemin hashFileorgspringsidemodulesutilstextHashUtilTest expected DmSnwKFl Jplrwtm tfi cbjs but was zV GyYs TxreIF wRODMLsA Qg Tests run Failures Errors Skipped INFO INFO Reactor Summary INFO INFO Springside Module Utils FAILURE s INFO Springside Module Core SKIPPED INFO Springside Module Metrics SKIPPED INFO Springside Module SKIPPED INFO INFO BUILD FAILURE INFO INFO Total time s INFO Finished at T INFO Final Memory M M INFO ERROR Failed to execute goal orgapachemavenpluginsmavensurefireplugin test defaulttest on project springsideutils There are test failures ERROR ERROR Please refer to C RepoJava springside modules utils target surefirereports for the individual test results ERROR Help ERROR ERROR To see the full stack trace of the errors rerun Maven with the e switch ERROR Rerun Maven using the X switch to enable full debug logging ERROR ERROR For more information about the errors and possible solutions please read the following articles ERROR Help Error Happen public static int getMonthLengthNotNull final Date date nbsp nbsp nbsp nbspint year getdate CalendarYEAR nbsp nbsp nbsp nbspint month getdate CalendarMONTH nbsp nbsp nbsp nbspreturn getMonthLengthyear month public static int getMonthLengthint year int month nbsp nbsp nbsp nbspif month month nbsp nbsp nbsp nbsp nbsp nbsp nbsp nbspthrow new IllegalArgumentExceptionInvalid month month nbsp nbsp nbsp nbsp nbsp nbsp nbsp nbspif month nbsp nbsp nbsp nbsp nbsp nbsp nbsp nbspreturn isLeapYearyear nbsp nbsp nbsp nbsp nbsp nbsp nbsp nbspreturn MONTHLENGTH month nbsp nbspint month getdate CalendarMONTH nbsp nbsp qq cache new CacheTime GC ubuntu modules NetiUtilTest localhost NetUtilTest Test public void localhost assertThatNetUtilgetLocalHostisNotEqualTo assertThatNetUtilgetLocalAddressgetHostAddressisNotEqualTo Running orgspringsidemodulesutilstimeClockUtilTest Tests run Failures Errors Skipped Time elapsed sec in orgspringsidemodulesutilstimeClockUtilTest Running orgspringsidemodulesutilstimeCachingDatFormatterTest Tests run Failures Errors Skipped Time elapsed sec in orgspringsidemodulesutilstimeCachingDatFormatterTest Running orgspringsidemodulesutilstimeDateUtilTest Tests run Failures Errors Skipped Time elapsed sec in orgspringsidemodulesutilstimeDateUtilTest Running orgspringsidemodulesutilstimeDateFormatUtilTest Tests run Failures Errors Skipped Time elapsed sec in orgspringsidemodulesutilstimeDateFormatUtilTest Running orgspringsidemodulestestlogLogbackListAppenderTest main WARN osmtlogLogbackListAppenderTest Hello main WARN osmtlogLogbackListAppenderTest World main WARN osmtlogLogbackListAppenderTest Hello main WARN osmtlogLogbackListAppenderTest Hello main WARN osmtlogLogbackListAppenderTest Hello main WARN osmtlogLogbackListAppenderTest Hello Tests run Failures Errors Skipped Time elapsed sec in orgspringsidemodulestestlogLogbackListAppenderTest Results Failed tests NetUtilTestlocalhost Expecting not to be equal to Tests run Failures Errors Skipped INFO INFO Reactor Summary INFO INFO Springside Module Utils FAILURE min INFO Springside Module Core SKIPPED INFO Springside Module Metrics SKIPPED INFO Springside Module SKIPPED INFO INFO BUILD FAILURE INFO INFO Total time min INFO Finished at T INFO Final Memory M M INFO master quickstartsh Caused by javalangException my exception at orgspringsidemodulesutilsbaseExceptionUtilTestgetStackTraceAsStringExceptionUtilTestjava more Results Failed tests localhostorgspringsidemodulesutilsnetNetUtilTest Tests run Failures Errors Skipped INFO INFO Reactor Summary INFO INFO Springside Module Utils FAILURE s INFO Springside Module Core SKIPPED INFO Springside Module Metrics SKIPPED INFO Springside Module SKIPPED INFO INFO BUILD FAILURE INFO INFO Total time s INFO Finished at T INFO Final Memory M M INFO ERROR Failed to execute goal orgapachemavenpluginsmavensurefireplugin test defaulttest on project springsideutils There are test failures 