 X I have tested this issue on the latest Detox release and it still reproduces Description No matter what value I set detoxURLBlacklistRegex to in launchArgs when launching the app it is always nil when picked up in the native code If I replace options arrayForKeydetoxURLBlacklistRegex with my tests run as expected Ive tried setting the values to all of the following The example Reproduction Update detoxiosDetoxDetoxManagerm to print out blacklistRegex Run detox tests using detoxURLBlacklistRegex in launchApp as mentioned in the docs Expected behavior The value should be set to what is passed in detoxURLBlacklistRegex Environment please complete the following information Detox React Native Node Device iPhone tried on multiple Xcode iOS macOS Logs If you are experiencing a timeout in your test X I have followed the instructions under Lowerlevel Idling Resources Debug and am providing the log below Omitting the log for brevity It shows a lot of App State busy Waiting for network requests to finish logs while launching Description iOS reactnative app installs on simulator with detox but crashes when launching the app The request was denied by service delegate x I have tested this issue on the latest Detox release and it still reproduces Reproduction Provide the steps necessary to reproduce the issue If you are seeing a regression try to provide the last known version where the issue did not reproduce build the application run detox test configuration iossimdev Expected behavior Tests to open the application and execute the tests on the iOS simulator Screenshots na Environment please complete the following information Detox React Native Node Device iOS simulator Xcode iOS macOS Mojave Logs detox ERROR execjsEXECFAIL An error was encountered processing the command domainFBSOpenApplicationServiceErrorDomain code The request to open appName failed The request was denied by service delegate SBMainWorkspace for reason Unspecified null Underlying error domainFBSOpenApplicationErrorDomain code The operation couldnt be completed null null If you are experiencing a timeout in your test I have followed the instructions under Lowerlevel Idling Resources Debug and am providing the log below If you are seeing a build problem eg during npm install I am providing the npm install log below Device and verbose Detox logs x I have run my tests using the loglevel trace argument and am providing the verbose log below yarn run v warning packagejson No license field ENVFILEenvautomatedtests detox test configuration iossimdev takescreenshots failing verbose loglevel trace detox INFO testjs configurationiossimdev logleveltrace takeScreenshotsfailing reportSpecstrue DETOXSTARTTIMESTAMP nodemodulesbinjest config jestconfige ejs testNamePattern android maxWorkers verbose e e detox INFO DetoxServerjs server listening on localhost detox DEBUG AsyncWebSocketjsWEBSOCKETOPEN opened web socket to wslocalhost detox TRACE AsyncWebSocketjsWEBSOCKETSEND typeloginparamssessionId f e fcbc d f ffb roletestermessageId detox DEBUG DetoxServerjsLOGIN roletester sessionId f e fcbc d f ffb detox DEBUG DetoxServerjsLOGINSUCCESS roletester sessionId f e fcbc d f ffb detox TRACE AsyncWebSocketjsWEBSOCKETMESSAGE typeloginSuccessparamssessionId f e fcbc d f ffb roletestermessageId detox DEBUG execjsEXECCMD applesimutils list byId E AEB DE B byName iPhone byOS iOS byType iPhone detox TRACE execjsEXECSUCCESS deviceType name iPhone bundlePath Applications Xcodeapp Contents Developer Platforms iPhoneOSplatform Library Developer CoreSimulator Profiles DeviceTypes iPhone simdevicetype identifier comappleCoreSimulatorSimDeviceTypeiPhone state Booted isAvailable true name iPhone udid E AEB DE B os buildversion A bundlePath Library Developer CoreSimulator Profiles Runtimes iOS simruntime isAvailable true name iOS identifier comappleCoreSimulatorSimRuntimeiOS version detox DEBUG execjsEXECCMD applesimutils list byId E AEB DE B maxResults detox TRACE execjsEXECSUCCESS deviceType name iPhone bundlePath Applications Xcodeapp Contents Developer Platforms iPhoneOSplatform Library Developer CoreSimulator Profiles DeviceTypes iPhone simdevicetype identifier comappleCoreSimulatorSimDeviceTypeiPhone state Booted isAvailable true name iPhone udid E AEB DE B os buildversion A bundlePath Library Developer CoreSimulator Profiles Runtimes iOS simruntime isAvailable true name iOS identifier comappleCoreSimulatorSimRuntimeiOS version detox TRACE ArtifactsManagerjsLIFECYCLE artifactsManageronBootDevice coldBoot false deviceId E AEB DE B detox TRACE ArtifactsManagerjsLIFECYCLE artifactsManageronBeforeUninstallApp deviceId E AEB DE B bundleId comappName detox DEBUG execjsEXECCMD usrbinxcrun simctl uninstall E AEB DE B comappName detox DEBUG execjsEXECTRY Uninstalling comappName detox TRACE execjsEXECSUCCESS detox DEBUG execjsEXECSUCCESS comappName uninstalled detox DEBUG execjsEXECCMD usrbinxcrun simctl install E AEB DE B UsersappPathBuildProductsDebugiphonesimulatorappapp detox DEBUG execjsEXECTRY Installing UsersappPathBuildProductsDebugiphonesimulatorappapp detox TRACE execjsEXECSUCCESS detox DEBUG execjsEXECSUCCESS UsersappPathBuildProductsDebugiphonesimulatorappapp installed detox TRACE ArtifactsManagerjsLIFECYCLE artifactsManageronBeforeLaunchApp bundleId comappName deviceId E AEB DE B launchArgs detoxServer wslocalhost detoxSessionId f e fcbc d f ffb detox DEBUG execjsEXECCMD SIMCTLCHILDDYLDINSERTLIBRARIESUsersuserLibraryDetoxios a f e efde a b fd e DetoxframeworkDetox usrbinxcrun simctl launch E AEB DE B comappName args detoxServer wslocalhost detoxSessionId f e fcbc d f ffb detox DEBUG execjsEXECTRY Launching comappName detox DEBUG execjsEXECTRY Launching comappName detox ERROR execjsEXECFAIL SIMCTLCHILDDYLDINSERTLIBRARIESUsersuserLibraryDetoxios a f e efde a b fd e DetoxframeworkDetox usrbinxcrun simctl launch E AEB DE B comappName args detoxServer wslocalhost detoxSessionId f e fcbc d f ffb failed with code stdout and stderr detox ERROR execjsEXECFAIL comappName detox ERROR execjsEXECFAIL An error was encountered processing the command domainFBSOpenApplicationServiceErrorDomain code The request to open comappName failed The request was denied by service delegate SBMainWorkspace for reason Unspecified null Underlying error domainFBSOpenApplicationErrorDomain code The operation couldn t be completed null null detox TRACE DetoxjsDETOXBEFOREEACH running test test description detox TRACE ArtifactsManagerjsLIFECYCLE artifactsManageronTestStart title test name fullName test description status running detox TRACE ArtifactjsSTART starting SimulatorScreenshot detox DEBUG execjsEXECCMD usrbinxcrun simctl io E AEB DE B screenshot privatevarfolderslkgchy y n vc fw w b wf xk rT dc f d a a c e e aafbdetoxpng detox TRACE execjsEXECSUCCESS Detected file type PNG from extension Wrote screenshot to privatevarfolderslkgchy y n vc fw w b wf xk rT dc f d a a c e e aafbdetoxpng detox TRACE ArtifactjsSTOP stopping SimulatorScreenshot detox TRACE AsyncWebSocketjsWEBSOCKETSEND typeinvokeparamstargettypeInvocationvaluetargettypeEarlGreyvalueinstancemethoddetoxselectElementWithMatcherargs typeInvocationvaluetargettypeClassvalueGREYMatchersmethodmatcherForAccessibilityIDargs typeNSStringvaluebc a e ea c c a d de listItem methodassertWithMatcherargs typeInvocationvaluetargettypeClassvalueGREYMatchersmethodmatcherForNotNilargs messageId detox TRACE DetoxServerjsMESSAGE roletester actioninvoke sessionId f e fcbc d f ffb detox DEBUG DetoxServerjsCANNOTFORWARD roletestee not connected cannot fw action sessionId f e fcbc d f ffb This is a small change x This change has been discussed in issue and the solution has been agreed upon with maintainers Description Following work made in RN in for the sake of deepintegrating Detox into RN itself this introduces the integration from the Detox side It both Uses newly introduced idlequery APIs Unbreaks usage of Detox in RN due to recent refactoring made there already available in RN rc ie fixes ejanzer Id appreciate any inputs you might have in this regard as well Note that Ive only loosely tested this since in the RC the hasActiveTimersInRange method still does not exist In any case please consider my recent comment on your PR before taking additional steps fwd with this cc TheSavior On Detox runs on CI both OSS and internal projects we occasionally see that adb commands get stuck forever midway through runs of severals suites on the available devices parallelexecution When that happens the running test becomes frozen and eventually fails due to the global test timeout definition Most often we see that the app install itself is the one that hangs but thats not consistent From some discussions with associated devs at Google the main culprit here is adb Weve been given by them tools to investigate that and we need to apply them for the sake of research and hopefully help them fix whichever issues we find thus substantially decrease stability issues With the configuration was extended by device key to account for searching by type id name os However the cli was not updated which still only accepts the old style naming Describe the bug Error on build when executing detox build c androidemudebug Possibly detoxKotlinVersion is not respected To Reproduce Add Android dependencies and try to build x I have tested this issue on the latest Detox release and it still reproduces Expected behavior Builds correctly respects the defined detoxKotlinVersion Environment please complete the following information Detox React Native Node Device na OS OS X Device and Verbose Detox Logs details summaryOutput when running command detox build c androidemudebugsummary detox build c androidemudebug detox INFO buildjs cd android gradlew assembleDebug assembleAndroidTest DtestBuildTypedebug cd Configure project app Reading env from env registerResGeneratingTask is deprecated use registerGeneratedResFoldersFileCollection registerResGeneratingTask is deprecated use registerGeneratedResFoldersFileCollection Configure project reactnativefirebase reactnativefirebase using React Native prebuilt binary from UsersuserOneDevelopmentnodemodulesreactnativeandroid FAILURE Build failed with an exception What went wrong Could not determine the dependencies of task apppreDebugAndroidTestBuild Could not resolve all task dependencies for configuration appdebugAndroidTestRuntimeClasspath Could not resolve orgjetbrainskotlinkotlinstdlibstrictly Required by project app Cannot find a version of orgjetbrainskotlinkotlinstdlib that satisfies the version constraints Dependency path myAppappunspecified comwixdetox orgjetbrainskotlinkotlinandroidextensionsruntime orgjetbrainskotlinkotlinstdlib Constraint path myAppappunspecified orgjetbrainskotlinkotlinstdlibstrictly because of the following reason debugRuntimeClasspath uses version Dependency path myAppappunspecified myAppbugsnagreactnativeunspecified combugsnagbugsnagandroid combugsnagbugsnagandroidcore orgjetbrainskotlinkotlinstdlib Dependency path myAppappunspecified myAppbugsnagreactnativeunspecified combugsnagbugsnagandroid combugsnagbugsnagpluginandroidanr orgjetbrainskotlinkotlinstdlib Dependency path myAppappunspecified myAppbugsnagreactnativeunspecified combugsnagbugsnagandroid combugsnagbugsnagpluginandroidndk orgjetbrainskotlinkotlinstdlib Could not resolve orgjetbrainskotlinkotlinstdlibcommonstrictly Required by project app Cannot find a version of orgjetbrainskotlinkotlinstdlibcommon that satisfies the version constraints Dependency path myAppappunspecified comwixdetox orgjetbrainskotlinkotlinandroidextensionsruntime orgjetbrainskotlinkotlinstdlib orgjetbrainskotlinkotlinstdlibcommon Constraint path myAppappunspecified orgjetbrainskotlinkotlinstdlibcommonstrictly because of the following reason debugRuntimeClasspath uses version Could not resolve orgjetbrainskotlinkotlinstdlib Required by project app comwixdetox orgjetbrainskotlinkotlinandroidextensionsruntime Cannot find a version of orgjetbrainskotlinkotlinstdlib that satisfies the version constraints Dependency path myAppappunspecified comwixdetox orgjetbrainskotlinkotlinandroidextensionsruntime orgjetbrainskotlinkotlinstdlib Constraint path myAppappunspecified orgjetbrainskotlinkotlinstdlibstrictly because of the following reason debugRuntimeClasspath uses version Dependency path myAppappunspecified myAppbugsnagreactnativeunspecified combugsnagbugsnagandroid combugsnagbugsnagandroidcore orgjetbrainskotlinkotlinstdlib Dependency path myAppappunspecified myAppbugsnagreactnativeunspecified combugsnagbugsnagandroid combugsnagbugsnagpluginandroidanr orgjetbrainskotlinkotlinstdlib Dependency path myAppappunspecified myAppbugsnagreactnativeunspecified combugsnagbugsnagandroid combugsnagbugsnagpluginandroidndk orgjetbrainskotlinkotlinstdlib Could not resolve orgjetbrainskotlinkotlinstdlibcommon Required by project app orgjetbrainskotlinkotlinstdlib Cannot find a version of orgjetbrainskotlinkotlinstdlibcommon that satisfies the version constraints Dependency path myAppappunspecified comwixdetox orgjetbrainskotlinkotlinandroidextensionsruntime orgjetbrainskotlinkotlinstdlib orgjetbrainskotlinkotlinstdlibcommon Constraint path myAppappunspecified orgjetbrainskotlinkotlinstdlibcommonstrictly because of the following reason debugRuntimeClasspath uses version Could not resolve orgjetbrainskotlinkotlinstdlib Required by project app combugsnagbugsnagandroidcore project app combugsnagbugsnagpluginandroidanr project app combugsnagbugsnagpluginandroidndk Cannot find a version of orgjetbrainskotlinkotlinstdlib that satisfies the version constraints Dependency path myAppappunspecified comwixdetox orgjetbrainskotlinkotlinandroidextensionsruntime orgjetbrainskotlinkotlinstdlib Constraint path myAppappunspecified orgjetbrainskotlinkotlinstdlibstrictly because of the following reason debugRuntimeClasspath uses version Dependency path myAppappunspecified myAppbugsnagreactnativeunspecified combugsnagbugsnagandroid combugsnagbugsnagandroidcore orgjetbrainskotlinkotlinstdlib Dependency path myAppappunspecified myAppbugsnagreactnativeunspecified combugsnagbugsnagandroid combugsnagbugsnagpluginandroidanr orgjetbrainskotlinkotlinstdlib Dependency path myAppappunspecified myAppbugsnagreactnativeunspecified combugsnagbugsnagandroid combugsnagbugsnagpluginandroidndk orgjetbrainskotlinkotlinstdlib Try Run with stacktrace option to get the stack trace Run with info or debug option to get more log output Run with scan to get full insights Get more help at BUILD FAILED in s detox ERROR clijs Error Command failed cd android gradlew assembleDebug assembleAndroidTest DtestBuildTypedebug cd details details summaryContent of buildgradlesummary buildscript ext applicationId myApp buildToolsVersion minSdkVersion Android compileSdkVersion Android targetSdkVersion kotlinVersion for Detox detoxKotlinVersion kotlinVersion repositories google jcenter dependencies classpathcomandroidtoolsbuildgradle Firebase classpathcomgooglegmsgoogleservices For Detox classpath orgjetbrainskotlinkotlingradlepluginkotlinVersion NOTE Do not place your application dependencies here they belong in the individual module buildgradle files allprojects repositories caches dependencies locally mavenLocal maven All of React Native JS ObjC sources Android binaries is installed from npm urlrootDirnodemodulesreactnativeandroid maven Android JSC is installed from npm urlrootDirnodemodulesjscandroiddist maven use github repos as android dependency repos this is for mapbox url maven All of Detox artifacts are provided via the npm module url rootDirnodemodulesdetoxDetoxandroid googles repo formally maven url google Bintray JCenter repository jcenter details Im not quite sure however shouldnt the detoxKotlinVersion overwrite the version that is causing the mismatch when building Also please notice that Ive defined this within my appbuildgradle androidTestImplementationcomwixdetox transitive true exclude group orgjetbrainskotlin module kotlinstdlibjdk x This is a small change This change has been discussed in issue and the solution has been agreed upon with maintainers Description typo extdetoxKotlinVerion extdetoxKotlinVersion Im trying to set up travis CI for my application with Detox as the test suite Im close to achieving the final setup but Im currently stuck on the following error which occurs during the final step of the build testing phase since the androidemurelease configuration builds successfully though slowly Note that my androidemudebug configuration runs tests perfectly Heres the error which says that readonly is not a valid option for the emulator command s npx detox test headless c androidemurelease gpu swiftshader cleanup detox INFO testjs configurationandroidemurelease cleanuptrue gpuswiftshader headlesstrue reportSpecstrue readOnlyEmufalse DETOXSTARTTIMESTAMP nodemodulesbinjest config e econfigjson testNamePattern ios maxWorkers e e detox INFO DetoxServerjs server listening on localhost detox ERROR EmulatorjsSPAWNFAIL usrlocalandroidsdktoolsemulator verbose noaudio nobootanim nowindow readonly port pixel gpu swiftshader failed with code err ChildProcessError usrlocalandroidsdktoolsemulator verbose noaudio nobootanim nowindow readonly port pixel gpu swiftshader failed with code at ChildProcessanonymous hometravisbuilduvacp PowerSharesrcPowerSharenodemoduleschildprocesspromiselibindexjs at ChildProcessemit eventsjs at maybeClose internalchildprocessjs at ProcessChildProcesshandleonexit internalchildprocessjs detox ERROR EmulatorjsSPAWNFAIL unknown option readonly please use help for a list of valid options To reproduce the issue locally run npx detox build c androidemurelease run npx reactnative start run npx detox test c androidemurelease To reproduce the issue in the travis environment I follow the script commands npx detox build c androidemurelease npx detox test headless c androidemurelease gpu swiftshader cleanup Environment please complete the following information Detox had the same problem with React Native Node Device Dell XPS OS Arch Linux For reference my travisyml file is env global NODEVERSIONstable matrix include language android cache yarn jdk oraclejdk dist trusty sudo required android components buildtools android sysimgx android install echo no android create avd force n pixel t android abi defaultx curl sL sudo E bash sudo aptget install y nodejs script cd srcPowerShare yarn echo fsinotifymaxuserwatches sudo tee a etcsysctlconf sudo sysctl p npx detox build c androidemurelease npx detox test headless c androidemurelease gpu swiftshader cleanup 