This did not work with java 13. To fix it, the sbt version has been
bumped to 1.3.3.
Then, the field EXIT_ON_CLOSE was not accessible anymore by JFrame. I used the same field from WindowConstants.
Also the commands in the README to start the scripts did not work anymore. So I changed the README commands.
When using this project with the default java version on arch (13.0.1), I get the following error:

`java.io.IOError: java.lang.RuntimeException: /packages cannot be represented as URI`

The full log is:

`[info] Loading settings for project pdffigures2-build from plugins.sbt ...
[info] Loading project definition from /home/alex/Documents/Work/Research/Net2Vis/Papers_Scraped/pdffigures2/project
error: error while loading String, class file '/modules/java.base/java/lang/String.class' is broken
(class java.lang.NullPointerException/null)
[error] java.io.IOError: java.lang.RuntimeException: /packages cannot be represented as URI
[error] 	at java.base/jdk.internal.jrtfs.JrtPath.toUri(JrtPath.java:176)
[error] 	at scala.tools.nsc.classpath.JrtClassPath.asURLs(DirectoryClassPath.scala:204)
[error] 	at scala.tools.nsc.classpath.AggregateClassPath.$anonfun$asURLs$1(AggregateClassPath.scala:55)
[error] 	at scala.collection.TraversableLike.$anonfun$flatMap$1(TraversableLike.scala:240)
[error] 	at scala.collection.Iterator.foreach(Iterator.scala:937)
[error] 	at scala.collection.Iterator.foreach$(Iterator.scala:937)
[error] 	at scala.collection.AbstractIterator.foreach(Iterator.scala:1425)
[error] 	at scala.collection.IterableLike.foreach(IterableLike.scala:70)
[error] 	at scala.collection.IterableLike.foreach$(IterableLike.scala:69)
[error] 	at scala.collection.AbstractIterable.foreach(Iterable.scala:54)
[error] 	at scala.collection.TraversableLike.flatMap(TraversableLike.scala:240)
[error] 	at scala.collection.TraversableLike.flatMap$(TraversableLike.scala:237)
[error] 	at scala.collection.AbstractTraversable.flatMap(Traversable.scala:104)
[error] 	at scala.tools.nsc.classpath.AggregateClassPath.asURLs(AggregateClassPath.scala:55)
[error] 	at scala.tools.nsc.typechecker.Macros.findMacroClassLoader(Macros.scala:66)
[error] 	at scala.tools.nsc.typechecker.Macros.findMacroClassLoader$(Macros.scala:65)
[error] 	at scala.tools.nsc.Global$$anon$1.findMacroClassLoader(Global.scala:469)
[error] 	at scala.reflect.macros.runtime.MacroRuntimes.$anonfun$defaultMacroClassloaderCache$2(MacroRuntimes.scala:56)
[error] 	at scala.reflect.internal.SymbolTable$perRunCaches$$anon$1.apply(SymbolTable.scala:457)
[error] 	at scala.reflect.macros.runtime.MacroRuntimes.defaultMacroClassloader(MacroRuntimes.scala:58)
[error] 	at scala.reflect.macros.runtime.MacroRuntimes.defaultMacroClassloader$(MacroRuntimes.scala:58)
[error] 	at scala.tools.nsc.Global$$anon$1.defaultMacroClassloader(Global.scala:469)
[error] 	at scala.reflect.macros.runtime.MacroRuntimes$MacroRuntimeResolver.resolveRuntime(MacroRuntimes.scala:76)
[error] 	at scala.reflect.macros.runtime.MacroRuntimes.$anonfun$standardMacroRuntime$3(MacroRuntimes.scala:38)
[error] 	at scala.collection.mutable.MapLike.getOrElseUpdate(MapLike.scala:206)
[error] 	at scala.collection.mutable.MapLike.getOrElseUpdate$(MapLike.scala:203)
[error] 	at scala.collection.mutable.AbstractMap.getOrElseUpdate(Map.scala:80)
[error] 	at scala.reflect.macros.runtime.MacroRuntimes.standardMacroRuntime(MacroRuntimes.scala:38)
[error] 	at scala.reflect.macros.runtime.MacroRuntimes.standardMacroRuntime$(MacroRuntimes.scala:31)
[error] 	at scala.tools.nsc.Global$$anon$1.standardMacroRuntime(Global.scala:469)
[error] 	at scala.tools.nsc.typechecker.AnalyzerPlugins$$anon$14.default(AnalyzerPlugins.scala:448)
[error] 	at scala.tools.nsc.typechecker.AnalyzerPlugins$$anon$14.default(AnalyzerPlugins.scala:445)
[error] 	at scala.tools.nsc.typechecker.AnalyzerPlugins.invoke(AnalyzerPlugins.scala:401)
[error] 	at scala.tools.nsc.typechecker.AnalyzerPlugins.pluginsMacroRuntime(AnalyzerPlugins.scala:445)
[error] 	at scala.tools.nsc.typechecker.AnalyzerPlugins.pluginsMacroRuntime$(AnalyzerPlugins.scala:445)
[error] 	at scala.tools.nsc.Global$$anon$1.pluginsMacroRuntime(Global.scala:469)
[error] 	at scala.reflect.macros.runtime.MacroRuntimes.macroRuntime(MacroRuntimes.scala:25)
[error] 	at scala.reflect.macros.runtime.MacroRuntimes.macroRuntime$(MacroRuntimes.scala:25)
[error] 	at scala.tools.nsc.Global$$anon$1.macroRuntime(Global.scala:469)
[error] 	at scala.tools.nsc.typechecker.Macros$MacroExpander.$anonfun$expand$1(Macros.scala:619)
[error] 	at scala.tools.nsc.Global.withInfoLevel(Global.scala:219)
[error] 	at scala.tools.nsc.typechecker.Macros$MacroExpander.expand(Macros.scala:613)
[error] 	at scala.tools.nsc.typechecker.Macros$MacroExpander.apply(Macros.scala:600)
[error] 	at scala.tools.nsc.typechecker.Macros.standardMacroExpand(Macros.scala:764)
[error] 	at scala.tools.nsc.typechecker.Macros.standardMacroExpand$(Macros.scala:762)
[error] 	at scala.tools.nsc.Global$$anon$1.standardMacroExpand(Global.scala:469)
[error] 	at scala.tools.nsc.typechecker.AnalyzerPlugins$$anon$12.default(AnalyzerPlugins.scala:432)
[error] 	at scala.tools.nsc.typechecker.AnalyzerPlugins$$anon$12.default(AnalyzerPlugins.scala:429)
[error] 	at scala.tools.nsc.typechecker.AnalyzerPlugins.invoke(AnalyzerPlugins.scala:401)
[error] 	at scala.tools.nsc.typechecker.AnalyzerPlugins.pluginsMacroExpand(AnalyzerPlugins.scala:429)
[error] 	at scala.tools.nsc.typechecker.AnalyzerPlugins.pluginsMacroExpand$(AnalyzerPlugins.scala:429)
[error] 	at scala.tools.nsc.Global$$anon$1.pluginsMacroExpand(Global.scala:469)
[error] 	at scala.tools.nsc.typechecker.Macros.macroExpand(Macros.scala:757)
[error] 	at scala.tools.nsc.typechecker.Macros.macroExpand$(Macros.scala:757)
[error] 	at scala.tools.nsc.Global$$anon$1.macroExpand(Global.scala:469)
[error] 	at scala.tools.nsc.typechecker.Typers$Typer.vanillaAdapt$1(Typers.scala:1163)
[error] 	at scala.tools.nsc.typechecker.Typers$Typer.adapt(Typers.scala:1223)
[error] 	at scala.tools.nsc.typechecker.Typers$Typer.typed(Typers.scala:5631)
[error] 	at scala.tools.nsc.typechecker.Typers$Typer.$anonfun$typedArg$1(Typers.scala:3280)
[error] 	at scala.tools.nsc.typechecker.Typers$Typer.typedArg(Typers.scala:471)
[error] 	at scala.tools.nsc.typechecker.Typers$Typer.typedArgToPoly$1(Typers.scala:3670)
[error] 	at scala.tools.nsc.typechecker.Typers$Typer.$anonfun$doTypedApply$33(Typers.scala:3678)
[error] 	at scala.tools.nsc.typechecker.Typers$Typer.handlePolymorphicCall$1(Typers.scala:3678)
[error] 	at scala.tools.nsc.typechecker.Typers$Typer.doTypedApply(Typers.scala:3689)
[error] 	at scala.tools.nsc.typechecker.Typers$Typer.normalTypedApply$1(Typers.scala:4767)
[error] 	at scala.tools.nsc.typechecker.Typers$Typer.typedApply$1(Typers.scala:4776)
[error] 	at scala.tools.nsc.typechecker.Typers$Typer.typed1(Typers.scala:5571)
[error] 	at scala.tools.nsc.typechecker.Typers$Typer.typed(Typers.scala:5617)
[error] 	at scala.tools.nsc.typechecker.Typers$Typer.computeType(Typers.scala:5692)
[error] 	at scala.tools.nsc.typechecker.Namers$Namer.assignTypeToTree(Namers.scala:1079)
[error] 	at scala.tools.nsc.typechecker.Namers$Namer.valDefSig(Namers.scala:1629)
[error] 	at scala.tools.nsc.typechecker.Namers$Namer.memberSig(Namers.scala:1798)
[error] 	at scala.tools.nsc.typechecker.Namers$Namer.typeSig(Namers.scala:1763)
[error] 	at scala.tools.nsc.typechecker.Namers$Namer$ValTypeCompleter.completeImpl(Namers.scala:910)
[error] 	at scala.tools.nsc.typechecker.Namers$LockingTypeCompleter.complete(Namers.scala:1960)
[error] 	at scala.tools.nsc.typechecker.Namers$LockingTypeCompleter.complete$(Namers.scala:1958)
[error] 	at scala.tools.nsc.typechecker.Namers$TypeCompleterBase.complete(Namers.scala:1953)
[error] 	at scala.reflect.internal.Symbols$Symbol.info(Symbols.scala:1530)
[error] 	at scala.reflect.internal.Symbols$Symbol.initialize(Symbols.scala:1678)
[error] 	at scala.tools.nsc.typechecker.Typers$Typer.typed1(Typers.scala:5240)
[error] 	at scala.tools.nsc.typechecker.Typers$Typer.typed(Typers.scala:5617)
[error] 	at scala.tools.nsc.typechecker.Typers$Typer.typedStat$1(Typers.scala:5681)
[error] 	at scala.tools.nsc.typechecker.Typers$Typer.$anonfun$typedStats$10(Typers.scala:3264)
[error] 	at scala.tools.nsc.typechecker.Typers$Typer.typedStats(Typers.scala:3264)
[error] 	at scala.tools.nsc.typechecker.Typers$Typer.typedTemplate(Typers.scala:1999)
[error] 	at scala.tools.nsc.typechecker.Typers$Typer.typedModuleDef(Typers.scala:1868)
[error] 	at scala.tools.nsc.typechecker.Typers$Typer.typed1(Typers.scala:5538)
[error] 	at scala.tools.nsc.typechecker.Typers$Typer.typed(Typers.scala:5617)
[error] 	at scala.tools.nsc.typechecker.Typers$Typer.typedStat$1(Typers.scala:5681)
[error] 	at scala.tools.nsc.typechecker.Typers$Typer.$anonfun$typedStats$10(Typers.scala:3264)
[error] 	at scala.tools.nsc.typechecker.Typers$Typer.typedStats(Typers.scala:3264)
[error] 	at scala.tools.nsc.typechecker.Typers$Typer.typedPackageDef$1(Typers.scala:5247)
[error] 	at scala.tools.nsc.typechecker.Typers$Typer.typed1(Typers.scala:5540)
[error] 	at scala.tools.nsc.typechecker.Typers$Typer.typed(Typers.scala:5617)
[error] 	at scala.tools.nsc.typechecker.Analyzer$typerFactory$TyperPhase.apply(Analyzer.scala:106)
[error] 	at scala.tools.nsc.Global$GlobalPhase.applyPhase(Global.scala:441)
[error] 	at scala.tools.nsc.typechecker.Analyzer$typerFactory$TyperPhase.run(Analyzer.scala:96)
[error] 	at sbt.compiler.Eval.$anonfun$compileAndLoad$1(Eval.scala:248)
[error] 	at scala.runtime.java8.JFunction0$mcV$sp.apply(JFunction0$mcV$sp.java:12)
[error] 	at scala.reflect.internal.SymbolTable.enteringPhase(SymbolTable.scala:282)
[error] 	at sbt.compiler.Eval.compile$1(Eval.scala:248)
[error] 	at sbt.compiler.Eval.compileAndLoad(Eval.scala:253)
[error] 	at sbt.compiler.Eval.evalCommon(Eval.scala:218)
[error] 	at sbt.compiler.Eval.evalDefinitions(Eval.scala:161)
[error] 	at sbt.internal.EvaluateConfigurations$.evaluateDefinitions(EvaluateConfigurations.scala:326)
[error] 	at sbt.internal.EvaluateConfigurations$.evaluateSbtFile(EvaluateConfigurations.scala:151)
[error] 	at sbt.internal.Load$.loadSettingsFile$1(Load.scala:1136)
[error] 	at sbt.internal.Load$.$anonfun$discoverProjects$2(Load.scala:1144)
[error] 	at scala.collection.MapLike.getOrElse(MapLike.scala:127)
[error] 	at scala.collection.MapLike.getOrElse$(MapLike.scala:125)
[error] 	at scala.collection.AbstractMap.getOrElse(Map.scala:59)
[error] 	at sbt.internal.Load$.memoLoadSettingsFile$1(Load.scala:1143)
[error] 	at sbt.internal.Load$.$anonfun$discoverProjects$4(Load.scala:1151)
[error] 	at scala.collection.TraversableLike.$anonfun$map$1(TraversableLike.scala:233)
[error] 	at scala.collection.mutable.ResizableArray.foreach(ResizableArray.scala:58)
[error] 	at scala.collection.mutable.ResizableArray.foreach$(ResizableArray.scala:51)
[error] 	at scala.collection.mutable.ArrayBuffer.foreach(ArrayBuffer.scala:47)
[error] 	at scala.collection.TraversableLike.map(TraversableLike.scala:233)
[error] 	at scala.collection.TraversableLike.map$(TraversableLike.scala:226)
[error] 	at scala.collection.AbstractTraversable.map(Traversable.scala:104)
[error] 	at sbt.internal.Load$.loadFiles$1(Load.scala:1151)
[error] 	at sbt.internal.Load$.discoverProjects(Load.scala:1165)
[error] 	at sbt.internal.Load$.discover$1(Load.scala:862)
[error] 	at sbt.internal.Load$.loadTransitive(Load.scala:937)
[error] 	at sbt.internal.Load$.loadProjects$1(Load.scala:726)
[error] 	at sbt.internal.Load$.$anonfun$loadUnit$11(Load.scala:729)
[error] 	at sbt.internal.Load$.timed(Load.scala:1395)
[error] 	at sbt.internal.Load$.$anonfun$loadUnit$1(Load.scala:729)
[error] 	at sbt.internal.Load$.timed(Load.scala:1395)
[error] 	at sbt.internal.Load$.loadUnit(Load.scala:688)
[error] 	at sbt.internal.Load$.$anonfun$builtinLoader$4(Load.scala:484)
[error] 	at sbt.internal.BuildLoader$.$anonfun$componentLoader$5(BuildLoader.scala:176)
[error] 	at sbt.internal.BuildLoader.apply(BuildLoader.scala:241)
[error] 	at sbt.internal.Load$.loadURI$1(Load.scala:546)
[error] 	at sbt.internal.Load$.loadAll(Load.scala:562)
[error] 	at sbt.internal.Load$.loadURI(Load.scala:492)
[error] 	at sbt.internal.Load$.load(Load.scala:471)
[error] 	at sbt.internal.Load$.$anonfun$apply$1(Load.scala:251)
[error] 	at sbt.internal.Load$.timed(Load.scala:1395)
[error] 	at sbt.internal.Load$.apply(Load.scala:251)
[error] 	at sbt.internal.Load$.defaultLoad(Load.scala:69)
[error] 	at sbt.BuiltinCommands$.liftedTree1$1(Main.scala:829)
[error] 	at sbt.BuiltinCommands$.doLoadProject(Main.scala:829)
[error] 	at sbt.BuiltinCommands$.$anonfun$loadProjectImpl$2(Main.scala:800)
[error] 	at sbt.Command$.$anonfun$applyEffect$4(Command.scala:142)
[error] 	at sbt.Command$.$anonfun$applyEffect$2(Command.scala:137)
[error] 	at sbt.Command$.process(Command.scala:181)
[error] 	at sbt.MainLoop$.processCommand(MainLoop.scala:151)
[error] 	at sbt.MainLoop$.$anonfun$next$2(MainLoop.scala:139)
[error] 	at sbt.State$$anon$1.runCmd$1(State.scala:246)
[error] 	at sbt.State$$anon$1.process(State.scala:250)
[error] 	at sbt.MainLoop$.$anonfun$next$1(MainLoop.scala:139)
[error] 	at sbt.internal.util.ErrorHandling$.wideConvert(ErrorHandling.scala:16)
[error] 	at sbt.MainLoop$.next(MainLoop.scala:139)
[error] 	at sbt.MainLoop$.run(MainLoop.scala:132)
[error] 	at sbt.MainLoop$.$anonfun$runWithNewLog$1(MainLoop.scala:110)
[error] 	at sbt.io.Using.apply(Using.scala:22)
[error] 	at sbt.MainLoop$.runWithNewLog(MainLoop.scala:104)
[error] 	at sbt.MainLoop$.runAndClearLast(MainLoop.scala:59)
[error] 	at sbt.MainLoop$.runLoggedLoop(MainLoop.scala:44)
[error] 	at sbt.MainLoop$.runLogged(MainLoop.scala:35)
[error] 	at sbt.StandardMain$.runManaged(Main.scala:138)
[error] 	at sbt.xMain.run(Main.scala:89)
[error] 	at xsbt.boot.Launch$$anonfun$run$1.apply(Launch.scala:111)
[error] 	at xsbt.boot.Launch$.withContextLoader(Launch.scala:130)
[error] 	at xsbt.boot.Launch$.run(Launch.scala:111)
[error] 	at xsbt.boot.Launch$$anonfun$apply$1.apply(Launch.scala:37)
[error] 	at xsbt.boot.Launch$.launch(Launch.scala:119)
[error] 	at xsbt.boot.Launch$.apply(Launch.scala:20)
[error] 	at xsbt.boot.Boot$.runImpl(Boot.scala:56)
[error] 	at xsbt.boot.Boot$.main(Boot.scala:18)
[error] 	at xsbt.boot.Boot.main(Boot.scala)
[error] Caused by: java.lang.RuntimeException: /packages cannot be represented as URI
[error] 	at java.base/jdk.internal.jrtfs.JrtPath.toUri(JrtPath.java:176)
[error] 	at scala.tools.nsc.classpath.JrtClassPath.asURLs(DirectoryClassPath.scala:204)
[error] 	at scala.tools.nsc.classpath.AggregateClassPath.$anonfun$asURLs$1(AggregateClassPath.scala:55)
[error] 	at scala.collection.TraversableLike.$anonfun$flatMap$1(TraversableLike.scala:240)
[error] 	at scala.collection.Iterator.foreach(Iterator.scala:937)
[error] 	at scala.collection.Iterator.foreach$(Iterator.scala:937)
[error] 	at scala.collection.AbstractIterator.foreach(Iterator.scala:1425)
[error] 	at scala.collection.IterableLike.foreach(IterableLike.scala:70)
[error] 	at scala.collection.IterableLike.foreach$(IterableLike.scala:69)
[error] 	at scala.collection.AbstractIterable.foreach(Iterable.scala:54)
[error] 	at scala.collection.TraversableLike.flatMap(TraversableLike.scala:240)
[error] 	at scala.collection.TraversableLike.flatMap$(TraversableLike.scala:237)
[error] 	at scala.collection.AbstractTraversable.flatMap(Traversable.scala:104)
[error] 	at scala.tools.nsc.classpath.AggregateClassPath.asURLs(AggregateClassPath.scala:55)
[error] 	at scala.tools.nsc.typechecker.Macros.findMacroClassLoader(Macros.scala:66)
[error] 	at scala.tools.nsc.typechecker.Macros.findMacroClassLoader$(Macros.scala:65)
[error] 	at scala.tools.nsc.Global$$anon$1.findMacroClassLoader(Global.scala:469)
[error] 	at scala.reflect.macros.runtime.MacroRuntimes.$anonfun$defaultMacroClassloaderCache$2(MacroRuntimes.scala:56)
[error] 	at scala.reflect.internal.SymbolTable$perRunCaches$$anon$1.apply(SymbolTable.scala:457)
[error] 	at scala.reflect.macros.runtime.MacroRuntimes.defaultMacroClassloader(MacroRuntimes.scala:58)
[error] 	at scala.reflect.macros.runtime.MacroRuntimes.defaultMacroClassloader$(MacroRuntimes.scala:58)
[error] 	at scala.tools.nsc.Global$$anon$1.defaultMacroClassloader(Global.scala:469)
[error] 	at scala.reflect.macros.runtime.MacroRuntimes$MacroRuntimeResolver.resolveRuntime(MacroRuntimes.scala:76)
[error] 	at scala.reflect.macros.runtime.MacroRuntimes.$anonfun$standardMacroRuntime$3(MacroRuntimes.scala:38)
[error] 	at scala.collection.mutable.MapLike.getOrElseUpdate(MapLike.scala:206)
[error] 	at scala.collection.mutable.MapLike.getOrElseUpdate$(MapLike.scala:203)
[error] 	at scala.collection.mutable.AbstractMap.getOrElseUpdate(Map.scala:80)
[error] 	at scala.reflect.macros.runtime.MacroRuntimes.standardMacroRuntime(MacroRuntimes.scala:38)
[error] 	at scala.reflect.macros.runtime.MacroRuntimes.standardMacroRuntime$(MacroRuntimes.scala:31)
[error] 	at scala.tools.nsc.Global$$anon$1.standardMacroRuntime(Global.scala:469)
[error] 	at scala.tools.nsc.typechecker.AnalyzerPlugins$$anon$14.default(AnalyzerPlugins.scala:448)
[error] 	at scala.tools.nsc.typechecker.AnalyzerPlugins$$anon$14.default(AnalyzerPlugins.scala:445)
[error] 	at scala.tools.nsc.typechecker.AnalyzerPlugins.invoke(AnalyzerPlugins.scala:401)
[error] 	at scala.tools.nsc.typechecker.AnalyzerPlugins.pluginsMacroRuntime(AnalyzerPlugins.scala:445)
[error] 	at scala.tools.nsc.typechecker.AnalyzerPlugins.pluginsMacroRuntime$(AnalyzerPlugins.scala:445)
[error] 	at scala.tools.nsc.Global$$anon$1.pluginsMacroRuntime(Global.scala:469)
[error] 	at scala.reflect.macros.runtime.MacroRuntimes.macroRuntime(MacroRuntimes.scala:25)
[error] 	at scala.reflect.macros.runtime.MacroRuntimes.macroRuntime$(MacroRuntimes.scala:25)
[error] 	at scala.tools.nsc.Global$$anon$1.macroRuntime(Global.scala:469)
[error] 	at scala.tools.nsc.typechecker.Macros$MacroExpander.$anonfun$expand$1(Macros.scala:619)
[error] 	at scala.tools.nsc.Global.withInfoLevel(Global.scala:219)
[error] 	at scala.tools.nsc.typechecker.Macros$MacroExpander.expand(Macros.scala:613)
[error] 	at scala.tools.nsc.typechecker.Macros$MacroExpander.apply(Macros.scala:600)
[error] 	at scala.tools.nsc.typechecker.Macros.standardMacroExpand(Macros.scala:764)
[error] 	at scala.tools.nsc.typechecker.Macros.standardMacroExpand$(Macros.scala:762)
[error] 	at scala.tools.nsc.Global$$anon$1.standardMacroExpand(Global.scala:469)
[error] 	at scala.tools.nsc.typechecker.AnalyzerPlugins$$anon$12.default(AnalyzerPlugins.scala:432)
[error] 	at scala.tools.nsc.typechecker.AnalyzerPlugins$$anon$12.default(AnalyzerPlugins.scala:429)
[error] 	at scala.tools.nsc.typechecker.AnalyzerPlugins.invoke(AnalyzerPlugins.scala:401)
[error] 	at scala.tools.nsc.typechecker.AnalyzerPlugins.pluginsMacroExpand(AnalyzerPlugins.scala:429)
[error] 	at scala.tools.nsc.typechecker.AnalyzerPlugins.pluginsMacroExpand$(AnalyzerPlugins.scala:429)
[error] 	at scala.tools.nsc.Global$$anon$1.pluginsMacroExpand(Global.scala:469)
[error] 	at scala.tools.nsc.typechecker.Macros.macroExpand(Macros.scala:757)
[error] 	at scala.tools.nsc.typechecker.Macros.macroExpand$(Macros.scala:757)
[error] 	at scala.tools.nsc.Global$$anon$1.macroExpand(Global.scala:469)
[error] 	at scala.tools.nsc.typechecker.Typers$Typer.vanillaAdapt$1(Typers.scala:1163)
[error] 	at scala.tools.nsc.typechecker.Typers$Typer.adapt(Typers.scala:1223)
[error] 	at scala.tools.nsc.typechecker.Typers$Typer.typed(Typers.scala:5631)
[error] 	at scala.tools.nsc.typechecker.Typers$Typer.$anonfun$typedArg$1(Typers.scala:3280)
[error] 	at scala.tools.nsc.typechecker.Typers$Typer.typedArg(Typers.scala:471)
[error] 	at scala.tools.nsc.typechecker.Typers$Typer.typedArgToPoly$1(Typers.scala:3670)
[error] 	at scala.tools.nsc.typechecker.Typers$Typer.$anonfun$doTypedApply$33(Typers.scala:3678)
[error] 	at scala.tools.nsc.typechecker.Typers$Typer.handlePolymorphicCall$1(Typers.scala:3678)
[error] 	at scala.tools.nsc.typechecker.Typers$Typer.doTypedApply(Typers.scala:3689)
[error] 	at scala.tools.nsc.typechecker.Typers$Typer.normalTypedApply$1(Typers.scala:4767)
[error] 	at scala.tools.nsc.typechecker.Typers$Typer.typedApply$1(Typers.scala:4776)
[error] 	at scala.tools.nsc.typechecker.Typers$Typer.typed1(Typers.scala:5571)
[error] 	at scala.tools.nsc.typechecker.Typers$Typer.typed(Typers.scala:5617)
[error] 	at scala.tools.nsc.typechecker.Typers$Typer.computeType(Typers.scala:5692)
[error] 	at scala.tools.nsc.typechecker.Namers$Namer.assignTypeToTree(Namers.scala:1079)
[error] 	at scala.tools.nsc.typechecker.Namers$Namer.valDefSig(Namers.scala:1629)
[error] 	at scala.tools.nsc.typechecker.Namers$Namer.memberSig(Namers.scala:1798)
[error] 	at scala.tools.nsc.typechecker.Namers$Namer.typeSig(Namers.scala:1763)
[error] 	at scala.tools.nsc.typechecker.Namers$Namer$ValTypeCompleter.completeImpl(Namers.scala:910)
[error] 	at scala.tools.nsc.typechecker.Namers$LockingTypeCompleter.complete(Namers.scala:1960)
[error] 	at scala.tools.nsc.typechecker.Namers$LockingTypeCompleter.complete$(Namers.scala:1958)
[error] 	at scala.tools.nsc.typechecker.Namers$TypeCompleterBase.complete(Namers.scala:1953)
[error] 	at scala.reflect.internal.Symbols$Symbol.info(Symbols.scala:1530)
[error] 	at scala.reflect.internal.Symbols$Symbol.initialize(Symbols.scala:1678)
[error] 	at scala.tools.nsc.typechecker.Typers$Typer.typed1(Typers.scala:5240)
[error] 	at scala.tools.nsc.typechecker.Typers$Typer.typed(Typers.scala:5617)
[error] 	at scala.tools.nsc.typechecker.Typers$Typer.typedStat$1(Typers.scala:5681)
[error] 	at scala.tools.nsc.typechecker.Typers$Typer.$anonfun$typedStats$10(Typers.scala:3264)
[error] 	at scala.tools.nsc.typechecker.Typers$Typer.typedStats(Typers.scala:3264)
[error] 	at scala.tools.nsc.typechecker.Typers$Typer.typedTemplate(Typers.scala:1999)
[error] 	at scala.tools.nsc.typechecker.Typers$Typer.typedModuleDef(Typers.scala:1868)
[error] 	at scala.tools.nsc.typechecker.Typers$Typer.typed1(Typers.scala:5538)
[error] 	at scala.tools.nsc.typechecker.Typers$Typer.typed(Typers.scala:5617)
[error] 	at scala.tools.nsc.typechecker.Typers$Typer.typedStat$1(Typers.scala:5681)
[error] 	at scala.tools.nsc.typechecker.Typers$Typer.$anonfun$typedStats$10(Typers.scala:3264)
[error] 	at scala.tools.nsc.typechecker.Typers$Typer.typedStats(Typers.scala:3264)
[error] 	at scala.tools.nsc.typechecker.Typers$Typer.typedPackageDef$1(Typers.scala:5247)
[error] 	at scala.tools.nsc.typechecker.Typers$Typer.typed1(Typers.scala:5540)
[error] 	at scala.tools.nsc.typechecker.Typers$Typer.typed(Typers.scala:5617)
[error] 	at scala.tools.nsc.typechecker.Analyzer$typerFactory$TyperPhase.apply(Analyzer.scala:106)
[error] 	at scala.tools.nsc.Global$GlobalPhase.applyPhase(Global.scala:441)
[error] 	at scala.tools.nsc.typechecker.Analyzer$typerFactory$TyperPhase.run(Analyzer.scala:96)
[error] 	at sbt.compiler.Eval.$anonfun$compileAndLoad$1(Eval.scala:248)
[error] 	at scala.runtime.java8.JFunction0$mcV$sp.apply(JFunction0$mcV$sp.java:12)
[error] 	at scala.reflect.internal.SymbolTable.enteringPhase(SymbolTable.scala:282)
[error] 	at sbt.compiler.Eval.compile$1(Eval.scala:248)
[error] 	at sbt.compiler.Eval.compileAndLoad(Eval.scala:253)
[error] 	at sbt.compiler.Eval.evalCommon(Eval.scala:218)
[error] 	at sbt.compiler.Eval.evalDefinitions(Eval.scala:161)
[error] 	at sbt.internal.EvaluateConfigurations$.evaluateDefinitions(EvaluateConfigurations.scala:326)
[error] 	at sbt.internal.EvaluateConfigurations$.evaluateSbtFile(EvaluateConfigurations.scala:151)
[error] 	at sbt.internal.Load$.loadSettingsFile$1(Load.scala:1136)
[error] 	at sbt.internal.Load$.$anonfun$discoverProjects$2(Load.scala:1144)
[error] 	at scala.collection.MapLike.getOrElse(MapLike.scala:127)
[error] 	at scala.collection.MapLike.getOrElse$(MapLike.scala:125)
[error] 	at scala.collection.AbstractMap.getOrElse(Map.scala:59)
[error] 	at sbt.internal.Load$.memoLoadSettingsFile$1(Load.scala:1143)
[error] 	at sbt.internal.Load$.$anonfun$discoverProjects$4(Load.scala:1151)
[error] 	at scala.collection.TraversableLike.$anonfun$map$1(TraversableLike.scala:233)
[error] 	at scala.collection.mutable.ResizableArray.foreach(ResizableArray.scala:58)
[error] 	at scala.collection.mutable.ResizableArray.foreach$(ResizableArray.scala:51)
[error] 	at scala.collection.mutable.ArrayBuffer.foreach(ArrayBuffer.scala:47)
[error] 	at scala.collection.TraversableLike.map(TraversableLike.scala:233)
[error] 	at scala.collection.TraversableLike.map$(TraversableLike.scala:226)
[error] 	at scala.collection.AbstractTraversable.map(Traversable.scala:104)
[error] 	at sbt.internal.Load$.loadFiles$1(Load.scala:1151)
[error] 	at sbt.internal.Load$.discoverProjects(Load.scala:1165)
[error] 	at sbt.internal.Load$.discover$1(Load.scala:862)
[error] 	at sbt.internal.Load$.loadTransitive(Load.scala:937)
[error] 	at sbt.internal.Load$.loadProjects$1(Load.scala:726)
[error] 	at sbt.internal.Load$.$anonfun$loadUnit$11(Load.scala:729)
[error] 	at sbt.internal.Load$.timed(Load.scala:1395)
[error] 	at sbt.internal.Load$.$anonfun$loadUnit$1(Load.scala:729)
[error] 	at sbt.internal.Load$.timed(Load.scala:1395)
[error] 	at sbt.internal.Load$.loadUnit(Load.scala:688)
[error] 	at sbt.internal.Load$.$anonfun$builtinLoader$4(Load.scala:484)
[error] 	at sbt.internal.BuildLoader$.$anonfun$componentLoader$5(BuildLoader.scala:176)
[error] 	at sbt.internal.BuildLoader.apply(BuildLoader.scala:241)
[error] 	at sbt.internal.Load$.loadURI$1(Load.scala:546)
[error] 	at sbt.internal.Load$.loadAll(Load.scala:562)
[error] 	at sbt.internal.Load$.loadURI(Load.scala:492)
[error] 	at sbt.internal.Load$.load(Load.scala:471)
[error] 	at sbt.internal.Load$.$anonfun$apply$1(Load.scala:251)
[error] 	at sbt.internal.Load$.timed(Load.scala:1395)
[error] 	at sbt.internal.Load$.apply(Load.scala:251)
[error] 	at sbt.internal.Load$.defaultLoad(Load.scala:69)
[error] 	at sbt.BuiltinCommands$.liftedTree1$1(Main.scala:829)
[error] 	at sbt.BuiltinCommands$.doLoadProject(Main.scala:829)
[error] 	at sbt.BuiltinCommands$.$anonfun$loadProjectImpl$2(Main.scala:800)
[error] 	at sbt.Command$.$anonfun$applyEffect$4(Command.scala:142)
[error] 	at sbt.Command$.$anonfun$applyEffect$2(Command.scala:137)
[error] 	at sbt.Command$.process(Command.scala:181)
[error] 	at sbt.MainLoop$.processCommand(MainLoop.scala:151)
[error] 	at sbt.MainLoop$.$anonfun$next$2(MainLoop.scala:139)
[error] 	at sbt.State$$anon$1.runCmd$1(State.scala:246)
[error] 	at sbt.State$$anon$1.process(State.scala:250)
[error] 	at sbt.MainLoop$.$anonfun$next$1(MainLoop.scala:139)
[error] 	at sbt.internal.util.ErrorHandling$.wideConvert(ErrorHandling.scala:16)
[error] 	at sbt.MainLoop$.next(MainLoop.scala:139)
[error] 	at sbt.MainLoop$.run(MainLoop.scala:132)
[error] 	at sbt.MainLoop$.$anonfun$runWithNewLog$1(MainLoop.scala:110)
[error] 	at sbt.io.Using.apply(Using.scala:22)
[error] 	at sbt.MainLoop$.runWithNewLog(MainLoop.scala:104)
[error] 	at sbt.MainLoop$.runAndClearLast(MainLoop.scala:59)
[error] 	at sbt.MainLoop$.runLoggedLoop(MainLoop.scala:44)
[error] 	at sbt.MainLoop$.runLogged(MainLoop.scala:35)
[error] 	at sbt.StandardMain$.runManaged(Main.scala:138)
[error] 	at sbt.xMain.run(Main.scala:89)
[error] 	at xsbt.boot.Launch$$anonfun$run$1.apply(Launch.scala:111)
[error] 	at xsbt.boot.Launch$.withContextLoader(Launch.scala:130)
[error] 	at xsbt.boot.Launch$.run(Launch.scala:111)
[error] 	at xsbt.boot.Launch$$anonfun$apply$1.apply(Launch.scala:37)
[error] 	at xsbt.boot.Launch$.launch(Launch.scala:119)
[error] 	at xsbt.boot.Launch$.apply(Launch.scala:20)
[error] 	at xsbt.boot.Boot$.runImpl(Boot.scala:56)
[error] 	at xsbt.boot.Boot$.main(Boot.scala:18)
[error] 	at xsbt.boot.Boot.main(Boot.scala)
[error] java.io.IOError: java.lang.RuntimeException: /packages cannot be represented as URI`

I've just installed your library, and if there is no error raised, there seem to be no output as well, not on command line, nor as a new window. Whichever option a use, or no option. Where am i suppose to find the extraction outputs ?
For instance:

```
MacBook-Pro-2:~/Downloads/pdffigures2-master$ sbt "runMain org.allenai.pdffigures2.FigureExtractorVisualizationCli /Users/utilisateur/Downloads/pdffigures2-master/myfile.pdf -c"
[info] Loading settings for project pdffigures2-master-build from plugins.sbt ...
[info] Loading project definition from /Users/utilisateur/Downloads/pdffigures2-master/project
[info] Loading settings for project root from build.sbt ...
[info] Set current project to pdffigures2 (in build file:/Users/utilisateur/Downloads/pdffigures2-master/)
[warn] Multiple main classes detected.  Run 'show discoveredMainClasses' to see the list
[info] Running org.allenai.pdffigures2.FigureExtractorVisualizationCli /Users/utilisateur/Downloads/pdffigures2-master/myfile.pdf -c
13:52:28.138 [run-main-0] INFO  o.a.p.FigureExtractorVisualizationCli$ - Loading myfile.pdf
13:52:28.141 [run-main-0] INFO  o.a.p.FigureExtractorVisualizationCli$ - Extracting figures from myfile.pdf
13:52:29.656 [run-main-0] DEBUG o.a.pdffigures2.DocumentLayout$ - Document was two column
13:52:29.795 [run-main-0] INFO  o.a.p.FigureExtractorVisualizationCli$ - Displaying figures
13:52:29.807 [run-main-0] INFO  o.a.p.FigureExtractorVisualizationCli$ - Finished
```

Can you please advise ?
Thank you!
Hi,

Can you please guide if how can I build and compile the code using SBT in the ScienceParse in the Parser Java class after having made changes in Figure extractor.scala in the pdffigures2 project which includes the given project. 

My question is I want to build and compile the scala code of the pdffigures project and want the same to be used in the ScienceParse project. Any light in this direction would be useful.
[warn] 		  +- default:pdffigures2-build:0.1.0-SNAPSHOT (scalaVersion=2.12, sbtVersion=1.0)
[error] sbt.librarymanagement.ResolveException: unresolved dependency: org.allenai.plugins#allenai-sbt-plugins;1.5.0: not found
[error] unresolved dependency: com.eed3si9n#sbt-assembly;0.14.3: not found
[error] unresolved dependency: com.jsuereth#sbt-pgp;1.0.1: not found
[error] 	at sbt.internal.librarymanagement.IvyActions$.resolveAndRetrieve(IvyActions.scala:332)
[error] 	at sbt.internal.librarymanagement.IvyActions$.$anonfun$updateEither$1(IvyActions.scala:208)
[error] 	at sbt.internal.librarymanagement.IvySbt$Module.$anonfun$withModule$1(Ivy.scala:239)
[error] 	at sbt.internal.librarymanagement.IvySbt.$anonfun$withIvy$1(Ivy.scala:204)
[error] 	at sbt.internal.librarymanagement.IvySbt.sbt$internal$librarymanagement$IvySbt$$action$1(Ivy.scala:70)
[error] 	at sbt.internal.librarymanagement.IvySbt$$anon$3.call(Ivy.scala:77)

what should I do?
When I tried to install the PDFFigures2 following the installation guide, I found that maybe now we should include 
`"org.allenai" %% "pdffigures2_2.11" % "0.0.11"`
rather than
`"org.allenai" %% "pdffigures2" % "0.0.11"`


When I use batch cli, I found the program stops after failing in extracting one of the pdfs. I wonder if there is any way to ignore the failure and skip to the next pdf?

I am trying to execute single pdf command iteratively but found the command won't save the figures to the disk.

Downloading dataset s2 returns 403 Client Error for each pdf.

Is it possible, that [this](https://github.com/allenai/pdffigures2/blob/e53d26373fb25002707395490b52893bdf6c348e/evaluation/datasets/datasets.py#L237) base URL has changed?


10:40:30.718 [main] DEBUG o.a.pdffigures2.GraphicsExtractor$ - Page 2 is an image and allow OCR is false, giving up
Exception in thread "main" org.allenai.pdffigures2.FigureExtractor$OcredPdfException: Page 2 is an image and allow OCR is turned off
	at org.allenai.pdffigures2.GraphicsExtractor$.extractRawGraphics(GraphicsExtractor.scala:66)
	at org.allenai.pdffigures2.GraphicsExtractor$.extractGraphics(GraphicsExtractor.scala:32)
	at org.allenai.pdffigures2.FigureExtractor$$anonfun$7.apply(FigureExtractor.scala:133)

Did anyone get this error?
I'm a beginner in Java & scala. I installed JDK, scala, poppler, pdfbox and so on.
The following error message occurs during build_evaluation.py execution:
I have no idea about this error. How could I solve it?


(base) C:\Users\user\Study\scala\pdffigures2-master\pdffigures2-master\evaluation>python build_evaluation.py conference pdffigures2 -o new_evaluation.pkl
Java HotSpot(TM) 64-Bit Server VM warning: ignoring option MaxPermSize=256m; support was removed in 8.0
Evaluating pdffigures2 (0.0.12-SNAPSHOT)
Java HotSpot(TM) 64-Bit Server VM warning: ignoring option MaxPermSize=256m; support was removed in 8.0
[Traceback (most recent call last):
  File "build_evaluation.py", line 223, in <module>
    main()
  File "build_evaluation.py", line 196, in main
    evaluated_figures = evaluate(dataset, extractor, doc_ids_to_use, compare_caption_text, crop, verbose)
  File "build_evaluation.py", line 125, in evaluate
    extractor.start_batch([x.pdffile for x in documents])
  File "C:\Users\user\Study\scala\pdffigures2-master\pdffigures2-master\evaluation\extractors.py", line 75, in start_batch
info] Loading project definition from C:\Users\user\Study\scala\pdffigures2-master\pdffigures2-master\project
    (exit_code, " ".join(args)))
ValueError: Non-zero exit status 3221226505, call:
sbt -Dsun.java2d.cmm=sun.java2d.cmm.kcms.KcmsServiceProvider run C:\Users\user\Study\scala\pdffigures2-master\pdffigures2-master\evaluation\datasets\conference\pdfs\aaai10_2.pdf,C:\Users\user\Study\scala\pdffigures2-master\pdffigures2-master\evaluation\datasets\conference\pdfs\aaai10_3.pdf,C:\Users\user\Study\scala\pdffigures2-master\pdffigures2-master\evaluation\datasets\conference\pdfs\aaai10_1.pdf -c -d C:\Users\user\AppData\Local\Temp\tmpbkrvdsox/ -e -q

(base) C:\Users\user\Study\scala\pdffigures2-master\pdffigures2-master\evaluation>Missing bintray credentials C:\Users\user\.bintray\.credentials. Some bintray features depend on this.
[info] Set current project to pdffigures2 (in build file:/C:/Users/user/Study/scala/pdffigures2-master/pdffigures2-master/)
[error] Expected ID character
[error] Not a valid command: sun (similar: plugin, set)
[error] Expected project ID
[error] Expected configuration
[error] Expected ':' (if selecting a configuration)
[error] Expected key
[error] Not a valid key: sun (similar: run, runner, sbtPlugin)
[error] sun.java2d.cmm.kcms.KcmsServiceProvider
[error]    ^
