I run it on the virtual machine:Centos7, hadoop2.6.0, spark1.6.0, cuda-7.5. These mistakes were encountered is shown below.
Any help would be greatly appreciated!
Many thanks in advance.

Exception in thread "main" org.apache.spark.SparkException: Job aborted due to stage failure: Task 0 in stage 12.0 failed 1 times, most recent failure: Lost task 0.0 in stage 12.0 (TID 34, localhost): java.lang.UnsatisfiedLinkError: no jnicaffe in java.library.path
        at java.lang.ClassLoader.loadLibrary(ClassLoader.java:1886)
        at java.lang.Runtime.loadLibrary0(Runtime.java:849)
        at java.lang.System.loadLibrary(System.java:1088)
        at org.bytedeco.javacpp.Loader.loadLibrary(Loader.java:632)
        at org.bytedeco.javacpp.Loader.load(Loader.java:470)
        at org.bytedeco.javacpp.Loader.load(Loader.java:407)
        at org.bytedeco.javacpp.caffe.<clinit>(caffe.java:16)
        at java.lang.Class.forName0(Native Method)
        at java.lang.Class.forName(Class.java:274)
        at org.bytedeco.javacpp.Loader.load(Loader.java:442)
        at org.bytedeco.javacpp.Loader.load(Loader.java:407)
        at org.bytedeco.javacpp.caffe$NetParameter.<clinit>(caffe.java:1946)
        at apps.CifarApp$$anonfun$main$3.apply$mcVI$sp(CifarApp.scala:83)
        at apps.CifarApp$$anonfun$main$3.apply(CifarApp.scala:82)
        at apps.CifarApp$$anonfun$main$3.apply(CifarApp.scala:82)
        at scala.collection.Iterator$class.foreach(Iterator.scala:727)
        at org.apache.spark.InterruptibleIterator.foreach(InterruptibleIterator.scala:28)
        at org.apache.spark.rdd.RDD$$anonfun$foreach$1$$anonfun$apply$32.apply(RDD.scala:912)
        at org.apache.spark.rdd.RDD$$anonfun$foreach$1$$anonfun$apply$32.apply(RDD.scala:912)
        at org.apache.spark.SparkContext$$anonfun$runJob$5.apply(SparkContext.scala:1858)
        at org.apache.spark.SparkContext$$anonfun$runJob$5.apply(SparkContext.scala:1858)
        at org.apache.spark.scheduler.ResultTask.runTask(ResultTask.scala:66)
        at org.apache.spark.scheduler.Task.run(Task.scala:89)
        at org.apache.spark.executor.Executor$TaskRunner.run(Executor.scala:213)
        at java.util.concurrent.ThreadPoolExecutor.runWorker(ThreadPoolExecutor.java:1145)
        at java.util.concurrent.ThreadPoolExecutor$Worker.run(ThreadPoolExecutor.java:615)
        at java.lang.Thread.run(Thread.java:745)
Caused by: java.lang.UnsatisfiedLinkError: /tmp/javacpp378041962097/libjnicaffe.so: /tmp/javacpp378041962097/libjnicaffe.so: undefined symbol: _ZN5caffe15WindowDataLayerIdED1Ev
        at java.lang.ClassLoader$NativeLibrary.load(Native Method)
        at java.lang.ClassLoader.loadLibrary1(ClassLoader.java:1965)
        at java.lang.ClassLoader.loadLibrary0(ClassLoader.java:1890)
        at java.lang.ClassLoader.loadLibrary(ClassLoader.java:1851)
        at java.lang.Runtime.load0(Runtime.java:795)
        at java.lang.System.load(System.java:1062)
        at org.bytedeco.javacpp.Loader.loadLibrary(Loader.java:615)
        ... 23 more

Driver stacktrace:
        at org.apache.spark.scheduler.DAGScheduler.org$apache$spark$scheduler$DAGScheduler$$failJobAndIndependentStages(DAGScheduler.scala:1431)
        at org.apache.spark.scheduler.DAGScheduler$$anonfun$abortStage$1.apply(DAGScheduler.scala:1419)
        at org.apache.spark.scheduler.DAGScheduler$$anonfun$abortStage$1.apply(DAGScheduler.scala:1418)
        at scala.collection.mutable.ResizableArray$class.foreach(ResizableArray.scala:59)
        at scala.collection.mutable.ArrayBuffer.foreach(ArrayBuffer.scala:47)
        at org.apache.spark.scheduler.DAGScheduler.abortStage(DAGScheduler.scala:1418)
        at org.apache.spark.scheduler.DAGScheduler$$anonfun$handleTaskSetFailed$1.apply(DAGScheduler.scala:799)
        at org.apache.spark.scheduler.DAGScheduler$$anonfun$handleTaskSetFailed$1.apply(DAGScheduler.scala:799)
        at scala.Option.foreach(Option.scala:236)
        at org.apache.spark.scheduler.DAGScheduler.handleTaskSetFailed(DAGScheduler.scala:799)
        at org.apache.spark.scheduler.DAGSchedulerEventProcessLoop.doOnReceive(DAGScheduler.scala:1640)
        at org.apache.spark.scheduler.DAGSchedulerEventProcessLoop.onReceive(DAGScheduler.scala:1599)
        at org.apache.spark.scheduler.DAGSchedulerEventProcessLoop.onReceive(DAGScheduler.scala:1588)
        at org.apache.spark.util.EventLoop$$anon$1.run(EventLoop.scala:48)
        at org.apache.spark.scheduler.DAGScheduler.runJob(DAGScheduler.scala:620)
        at org.apache.spark.SparkContext.runJob(SparkContext.scala:1832)
        at org.apache.spark.SparkContext.runJob(SparkContext.scala:1845)
        at org.apache.spark.SparkContext.runJob(SparkContext.scala:1858)
        at org.apache.spark.SparkContext.runJob(SparkContext.scala:1929)
        at org.apache.spark.rdd.RDD$$anonfun$foreach$1.apply(RDD.scala:912)
        at org.apache.spark.rdd.RDD$$anonfun$foreach$1.apply(RDD.scala:910)
        at org.apache.spark.rdd.RDDOperationScope$.withScope(RDDOperationScope.scala:150)
        at org.apache.spark.rdd.RDDOperationScope$.withScope(RDDOperationScope.scala:111)
        at org.apache.spark.rdd.RDD.withScope(RDD.scala:316)
        at org.apache.spark.rdd.RDD.foreach(RDD.scala:910)
        at apps.CifarApp$.main(CifarApp.scala:82)
        at apps.CifarApp.main(CifarApp.scala)
        at sun.reflect.NativeMethodAccessorImpl.invoke0(Native Method)
        at sun.reflect.NativeMethodAccessorImpl.invoke(NativeMethodAccessorImpl.java:57)
        at sun.reflect.DelegatingMethodAccessorImpl.invoke(DelegatingMethodAccessorImpl.java:43)
        at java.lang.reflect.Method.invoke(Method.java:606)
        at org.apache.spark.deploy.SparkSubmit$.org$apache$spark$deploy$SparkSubmit$$runMain(SparkSubmit.scala:731)
        at org.apache.spark.deploy.SparkSubmit$.doRunMain$1(SparkSubmit.scala:181)
        at org.apache.spark.deploy.SparkSubmit$.submit(SparkSubmit.scala:206)
        at org.apache.spark.deploy.SparkSubmit$.main(SparkSubmit.scala:121)
        at org.apache.spark.deploy.SparkSubmit.main(SparkSubmit.scala)
Caused by: java.lang.UnsatisfiedLinkError: no jnicaffe in java.library.path
        at java.lang.ClassLoader.loadLibrary(ClassLoader.java:1886)
        at java.lang.Runtime.loadLibrary0(Runtime.java:849)
        at java.lang.System.loadLibrary(System.java:1088)
        at org.bytedeco.javacpp.Loader.loadLibrary(Loader.java:632)
        at org.bytedeco.javacpp.Loader.load(Loader.java:470)
        at org.bytedeco.javacpp.Loader.load(Loader.java:407)
        at org.bytedeco.javacpp.caffe.<clinit>(caffe.java:16)
        at java.lang.Class.forName0(Native Method)
        at java.lang.Class.forName(Class.java:274)
        at org.bytedeco.javacpp.Loader.load(Loader.java:442)
        at org.bytedeco.javacpp.Loader.load(Loader.java:407)
        at org.bytedeco.javacpp.caffe$NetParameter.<clinit>(caffe.java:1946)
        at apps.CifarApp$$anonfun$main$3.apply$mcVI$sp(CifarApp.scala:83)
        at apps.CifarApp$$anonfun$main$3.apply(CifarApp.scala:82)
        at apps.CifarApp$$anonfun$main$3.apply(CifarApp.scala:82)
        at scala.collection.Iterator$class.foreach(Iterator.scala:727)
        at org.apache.spark.InterruptibleIterator.foreach(InterruptibleIterator.scala:28)
        at org.apache.spark.rdd.RDD$$anonfun$foreach$1$$anonfun$apply$32.apply(RDD.scala:912)
        at org.apache.spark.rdd.RDD$$anonfun$foreach$1$$anonfun$apply$32.apply(RDD.scala:912)
        at org.apache.spark.SparkContext$$anonfun$runJob$5.apply(SparkContext.scala:1858)
        at org.apache.spark.SparkContext$$anonfun$runJob$5.apply(SparkContext.scala:1858)
        at org.apache.spark.scheduler.ResultTask.runTask(ResultTask.scala:66)
        at org.apache.spark.scheduler.Task.run(Task.scala:89)
        at org.apache.spark.executor.Executor$TaskRunner.run(Executor.scala:213)
        at java.util.concurrent.ThreadPoolExecutor.runWorker(ThreadPoolExecutor.java:1145)
        at java.util.concurrent.ThreadPoolExecutor$Worker.run(ThreadPoolExecutor.java:615)
        at java.lang.Thread.run(Thread.java:745)
Caused by: java.lang.UnsatisfiedLinkError: /tmp/javacpp378041962097/libjnicaffe.so: /tmp/javacpp378041962097/libjnicaffe.so: undefined symbol: _ZN5caffe15WindowDataLayerIdED1Ev
        at java.lang.ClassLoader$NativeLibrary.load(Native Method)
        at java.lang.ClassLoader.loadLibrary1(ClassLoader.java:1965)
        at java.lang.ClassLoader.loadLibrary0(ClassLoader.java:1890)
        at java.lang.ClassLoader.loadLibrary(ClassLoader.java:1851)
        at java.lang.Runtime.load0(Runtime.java:795)
        at java.lang.System.load(System.java:1062)
        at org.bytedeco.javacpp.Loader.loadLibrary(Loader.java:615)
        ... 23 more
16/10/04 09:15:27 INFO ui.SparkUI: Stopped Spark web UI at http://192.168.116.136:4040
16/10/04 09:15:27 INFO spark.MapOutputTrackerMasterEndpoint: MapOutputTrackerMasterEndpoint stopped!
16/10/04 09:15:28 INFO storage.MemoryStore: MemoryStore cleared
16/10/04 09:15:28 INFO storage.BlockManager: BlockManager stopped
16/10/04 09:15:28 INFO storage.BlockManagerMaster: BlockManagerMaster stopped
16/10/04 09:15:28 INFO scheduler.OutputCommitCoordinator$OutputCommitCoordinatorEndpoint: OutputCommitCoordinator stopped!
16/10/04 09:15:28 INFO spark.SparkContext: Successfully stopped SparkContext
16/10/04 09:15:28 INFO util.ShutdownHookManager: Shutdown hook called
16/10/04 09:15:28 INFO util.ShutdownHookManager: Deleting directory /tmp/spark-66f96f4b-4f6e-4600-9399-6caa0ac1aa46
16/10/04 09:15:28 INFO util.ShutdownHookManager: Deleting directory /tmp/spark-66f96f4b-4f6e-4600-9399-6caa0ac1aa46/httpd-85eb2e4d-bcb9-43de-9f44-5e936dc3f9ec
[root@master bin]# 


I've been running a modified version of the ImagenetTF app on the Places dataset, and whenever I check the worker container logs it looks like all of the TF graph nodes are being put on CPU. I've looked at the model defs (.pb and py files) and they are correctly requesting all nodes to be placed on GPU, but the soft-placement constraint is allowing them to failover to CPU I guess.

Does anyone know what could be causing this? Could it be the JavaCPP bindings? I'm using the 03/05 prebuilt GPU jars.

After clone the repo, run sbt assembly, I get the followed error. 

16/09/13 22:29:58 INFO RemoteActorRefProvider$RemotingTerminator: Remoting shut down.
[info] NDArraySpec:
[info] TensorFlowNetSpec:
[info] GraphDef
java.lang.UnsatisfiedLinkError: no jnitensorflow in java.library.path
    at java.lang.ClassLoader.loadLibrary(ClassLoader.java:1867)
    at java.lang.Runtime.loadLibrary0(Runtime.java:870)
    at java.lang.System.loadLibrary(System.java:1122)
    at org.bytedeco.javacpp.Loader.loadLibrary(Loader.java:632)
    at org.bytedeco.javacpp.Loader.load(Loader.java:470)
    at org.bytedeco.javacpp.Loader.load(Loader.java:407)
    at org.bytedeco.javacpp.tensorflow.<clinit>(tensorflow.java:10)
    at java.lang.Class.forName0(Native Method)
    at java.lang.Class.forName(Class.java:348)
    at org.bytedeco.javacpp.Loader.load(Loader.java:442)
    at org.bytedeco.javacpp.Loader.load(Loader.java:407)
    at org.bytedeco.javacpp.tensorflow$GraphDef.<clinit>(tensorflow.java:6760)
    at TensorFlowNetSpec$$anonfun$1.apply$mcV$sp(TensorFlowNetSpec.scala:15)
    at TensorFlowNetSpec$$anonfun$1.apply(TensorFlowNetSpec.scala:14)
    at TensorFlowNetSpec$$anonfun$1.apply(TensorFlowNetSpec.scala:14)
    at org.scalatest.Transformer$$anonfun$apply$1.apply(Transformer.scala:22)
    at org.scalatest.Transformer$$anonfun$apply$1.apply(Transformer.scala:22)
    at org.scalatest.OutcomeOf$class.outcomeOf(OutcomeOf.scala:85)
    at org.scalatest.OutcomeOf$.outcomeOf(OutcomeOf.scala:104)
    at org.scalatest.Transformer.apply(Transformer.scala:22)
    at org.scalatest.Transformer.apply(Transformer.scala:20)
    at org.scalatest.FlatSpecLike$$anon$1.apply(FlatSpecLike.scala:1636)
    at org.scalatest.Suite$class.withFixture(Suite.scala:1121)
    at org.scalatest.FlatSpec.withFixture(FlatSpec.scala:1683)
    at org.scalatest.FlatSpecLike$class.invokeWithFixture$1(FlatSpecLike.scala:1633)
    at org.scalatest.FlatSpecLike$$anonfun$runTest$1.apply(FlatSpecLike.scala:1645)
    at org.scalatest.FlatSpecLike$$anonfun$runTest$1.apply(FlatSpecLike.scala:1645)
    at org.scalatest.SuperEngine.runTestImpl(Engine.scala:306)
    at org.scalatest.FlatSpecLike$class.runTest(FlatSpecLike.scala:1645)
    at org.scalatest.FlatSpec.runTest(FlatSpec.scala:1683)
    at org.scalatest.FlatSpecLike$$anonfun$runTests$1.apply(FlatSpecLike.scala:1703)
    at org.scalatest.FlatSpecLike$$anonfun$runTests$1.apply(FlatSpecLike.scala:1703)
    at org.scalatest.SuperEngine$$anonfun$traverseSubNodes$1$1.apply(Engine.scala:413)
    at org.scalatest.SuperEngine$$anonfun$traverseSubNodes$1$1.apply(Engine.scala:401)
    at scala.collection.immutable.List.foreach(List.scala:318)
    at org.scalatest.SuperEngine.traverseSubNodes$1(Engine.scala:401)
    at org.scalatest.SuperEngine.org$scalatest$SuperEngine$$runTestsInBranch(Engine.scala:390)
    at org.scalatest.SuperEngine$$anonfun$traverseSubNodes$1$1.apply(Engine.scala:427)
    at org.scalatest.SuperEngine$$anonfun$traverseSubNodes$1$1.apply(Engine.scala:401)
    at scala.collection.immutable.List.foreach(List.scala:318)
    at org.scalatest.SuperEngine.traverseSubNodes$1(Engine.scala:401)
    at org.scalatest.SuperEngine.org$scalatest$SuperEngine$$runTestsInBranch(Engine.scala:396)
    at org.scalatest.SuperEngine.runTestsImpl(Engine.scala:483)
    at org.scalatest.FlatSpecLike$class.runTests(FlatSpecLike.scala:1703)
    at org.scalatest.FlatSpec.runTests(FlatSpec.scala:1683)
    at org.scalatest.Suite$class.run(Suite.scala:1423)
    at org.scalatest.FlatSpec.org$scalatest$FlatSpecLike$$super$run(FlatSpec.scala:1683)
    at org.scalatest.FlatSpecLike$$anonfun$run$1.apply(FlatSpecLike.scala:1749)
    at org.scalatest.FlatSpecLike$$anonfun$run$1.apply(FlatSpecLike.scala:1749)
    at org.scalatest.SuperEngine.runImpl(Engine.scala:545)
    at org.scalatest.FlatSpecLike$class.run(FlatSpecLike.scala:1749)
    at org.scalatest.FlatSpec.run(FlatSpec.scala:1683)
    at org.scalatest.tools.Framework.org$scalatest$tools$Framework$$runSuite(Framework.scala:444)
    at org.scalatest.tools.Framework$ScalaTestTask.execute(Framework.scala:651)
    at sbt.TestRunner.runTest$1(TestFramework.scala:76)
    at sbt.TestRunner.run(TestFramework.scala:85)
    at sbt.TestFramework$$anon$2$$anonfun$$init$$1$$anonfun$apply$8.apply(TestFramework.scala:202)
    at sbt.TestFramework$$anon$2$$anonfun$$init$$1$$anonfun$apply$8.apply(TestFramework.scala:202)
    at sbt.TestFramework$.sbt$TestFramework$$withContextLoader(TestFramework.scala:185)
    at sbt.TestFramework$$anon$2$$anonfun$$init$$1.apply(TestFramework.scala:202)
    at sbt.TestFramework$$anon$2$$anonfun$$init$$1.apply(TestFramework.scala:202)
    at sbt.TestFunction.apply(TestFramework.scala:207)
    at sbt.Tests$.sbt$Tests$$processRunnable$1(Tests.scala:239)
    at sbt.Tests$$anonfun$makeSerial$1.apply(Tests.scala:245)
    at sbt.Tests$$anonfun$makeSerial$1.apply(Tests.scala:245)
    at sbt.std.Transform$$anon$3$$anonfun$apply$2.apply(System.scala:44)
    at sbt.std.Transform$$anon$3$$anonfun$apply$2.apply(System.scala:44)
    at sbt.std.Transform$$anon$4.work(System.scala:63)
    at sbt.Execute$$anonfun$submit$1$$anonfun$apply$1.apply(Execute.scala:228)
    at sbt.Execute$$anonfun$submit$1$$anonfun$apply$1.apply(Execute.scala:228)
    at sbt.ErrorHandling$.wideConvert(ErrorHandling.scala:17)
    at sbt.Execute.work(Execute.scala:237)
    at sbt.Execute$$anonfun$submit$1.apply(Execute.scala:228)
    at sbt.Execute$$anonfun$submit$1.apply(Execute.scala:228)
    at sbt.ConcurrentRestrictions$$anon$4$$anonfun$1.apply(ConcurrentRestrictions.scala:159)
    at sbt.CompletionService$$anon$2.call(CompletionService.scala:28)
    at java.util.concurrent.FutureTask.run(FutureTask.java:266)
    at java.util.concurrent.Executors$RunnableAdapter.call(Executors.java:511)
    at java.util.concurrent.FutureTask.run(FutureTask.java:266)
    at java.util.concurrent.ThreadPoolExecutor.runWorker(ThreadPoolExecutor.java:1142)
    at java.util.concurrent.ThreadPoolExecutor$Worker.run(ThreadPoolExecutor.java:617)
    at java.lang.Thread.run(Thread.java:745)
Caused by: java.lang.UnsatisfiedLinkError: /tmp/javacpp4596648265763/libjnitensorflow.so: libcudart.so.7.0: cannot open shared object file: No such file or directory
    at java.lang.ClassLoader$NativeLibrary.load(Native Method)
    at java.lang.ClassLoader.loadLibrary0(ClassLoader.java:1941)
    at java.lang.ClassLoader.loadLibrary(ClassLoader.java:1824)
    at java.lang.Runtime.load0(Runtime.java:809)
    at java.lang.System.load(System.java:1086)
    at org.bytedeco.javacpp.Loader.loadLibrary(Loader.java:615)
    at org.bytedeco.javacpp.Loader.load(Loader.java:470)
    at org.bytedeco.javacpp.Loader.load(Loader.java:407)
    at org.bytedeco.javacpp.tensorflow.<clinit>(tensorflow.java:10)
    at java.lang.Class.forName0(Native Method)
    at java.lang.Class.forName(Class.java:348)
    at org.bytedeco.javacpp.Loader.load(Loader.java:442)
    at org.bytedeco.javacpp.Loader.load(Loader.java:407)
    at org.bytedeco.javacpp.tensorflow$GraphDef.<clinit>(tensorflow.java:6760)
    at TensorFlowNetSpec$$anonfun$1.apply$mcV$sp(TensorFlowNetSpec.scala:15)
    at TensorFlowNetSpec$$anonfun$1.apply(TensorFlowNetSpec.scala:14)
    at TensorFlowNetSpec$$anonfun$1.apply(TensorFlowNetSpec.scala:14)
    at org.scalatest.Transformer$$anonfun$apply$1.apply(Transformer.scala:22)
    at org.scalatest.Transformer$$anonfun$apply$1.apply(Transformer.scala:22)
    at org.scalatest.OutcomeOf$class.outcomeOf(OutcomeOf.scala:85)
    at org.scalatest.OutcomeOf$.outcomeOf(OutcomeOf.scala:104)
    at org.scalatest.Transformer.apply(Transformer.scala:22)
    at org.scalatest.Transformer.apply(Transformer.scala:20)
    at org.scalatest.FlatSpecLike$$anon$1.apply(FlatSpecLike.scala:1636)
    at org.scalatest.Suite$class.withFixture(Suite.scala:1121)
    at org.scalatest.FlatSpec.withFixture(FlatSpec.scala:1683)
    at org.scalatest.FlatSpecLike$class.invokeWithFixture$1(FlatSpecLike.scala:1633)
    at org.scalatest.FlatSpecLike$$anonfun$runTest$1.apply(FlatSpecLike.scala:1645)
    at org.scalatest.FlatSpecLike$$anonfun$runTest$1.apply(FlatSpecLike.scala:1645)
    at org.scalatest.SuperEngine.runTestImpl(Engine.scala:306)
    at org.scalatest.FlatSpecLike$class.runTest(FlatSpecLike.scala:1645)
    at org.scalatest.FlatSpec.runTest(FlatSpec.scala:1683)
    at org.scalatest.FlatSpecLike$$anonfun$runTests$1.apply(FlatSpecLike.scala:1703)
    at org.scalatest.FlatSpecLike$$anonfun$runTests$1.apply(FlatSpecLike.scala:1703)
    at org.scalatest.SuperEngine$$anonfun$traverseSubNodes$1$1.apply(Engine.scala:413)
    at org.scalatest.SuperEngine$$anonfun$traverseSubNodes$1$1.apply(Engine.scala:401)
    at scala.collection.immutable.List.foreach(List.scala:318)
    at org.scalatest.SuperEngine.traverseSubNodes$1(Engine.scala:401)
    at org.scalatest.SuperEngine.org$scalatest$SuperEngine$$runTestsInBranch(Engine.scala:390)
    at org.scalatest.SuperEngine$$anonfun$traverseSubNodes$1$1.apply(Engine.scala:427)
    at org.scalatest.SuperEngine$$anonfun$traverseSubNodes$1$1.apply(Engine.scala:401)
    at scala.collection.immutable.List.foreach(List.scala:318)
    at org.scalatest.SuperEngine.traverseSubNodes$1(Engine.scala:401)
    at org.scalatest.SuperEngine.org$scalatest$SuperEngine$$runTestsInBranch(Engine.scala:396)
    at org.scalatest.SuperEngine.runTestsImpl(Engine.scala:483)
    at org.scalatest.FlatSpecLike$class.runTests(FlatSpecLike.scala:1703)
    at org.scalatest.FlatSpec.runTests(FlatSpec.scala:1683)
    at org.scalatest.Suite$class.run(Suite.scala:1423)
    at org.scalatest.FlatSpec.org$scalatest$FlatSpecLike$$super$run(FlatSpec.scala:1683)
    at org.scalatest.FlatSpecLike$$anonfun$run$1.apply(FlatSpecLike.scala:1749)
    at org.scalatest.FlatSpecLike$$anonfun$run$1.apply(FlatSpecLike.scala:1749)
    at org.scalatest.SuperEngine.runImpl(Engine.scala:545)
    at org.scalatest.FlatSpecLike$class.run(FlatSpecLike.scala:1749)
    at org.scalatest.FlatSpec.run(FlatSpec.scala:1683)
    at org.scalatest.tools.Framework.org$scalatest$tools$Framework$$runSuite(Framework.scala:444)
    at org.scalatest.tools.Framework$ScalaTestTask.execute(Framework.scala:651)
    at sbt.TestRunner.runTest$1(TestFramework.scala:76)
    at sbt.TestRunner.run(TestFramework.scala:85)
    at sbt.TestFramework$$anon$2$$anonfun$$init$$1$$anonfun$apply$8.apply(TestFramework.scala:202)
    at sbt.TestFramework$$anon$2$$anonfun$$init$$1$$anonfun$apply$8.apply(TestFramework.scala:202)
    at sbt.TestFramework$.sbt$TestFramework$$withContextLoader(TestFramework.scala:185)
    at sbt.TestFramework$$anon$2$$anonfun$$init$$1.apply(TestFramework.scala:202)
    at sbt.TestFramework$$anon$2$$anonfun$$init$$1.apply(TestFramework.scala:202)
    at sbt.TestFunction.apply(TestFramework.scala:207)
    at sbt.Tests$.sbt$Tests$$processRunnable$1(Tests.scala:239)
    at sbt.Tests$$anonfun$makeSerial$1.apply(Tests.scala:245)
    at sbt.Tests$$anonfun$makeSerial$1.apply(Tests.scala:245)
    at sbt.std.Transform$$anon$3$$anonfun$apply$2.apply(System.scala:44)
    at sbt.std.Transform$$anon$3$$anonfun$apply$2.apply(System.scala:44)
    at sbt.std.Transform$$anon$4.work(System.scala:63)
    at sbt.Execute$$anonfun$submit$1$$anonfun$apply$1.apply(Execute.scala:228)
    at sbt.Execute$$anonfun$submit$1$$anonfun$apply$1.apply(Execute.scala:228)
    at sbt.ErrorHandling$.wideConvert(ErrorHandling.scala:17)
    at sbt.Execute.work(Execute.scala:237)
    at sbt.Execute$$anonfun$submit$1.apply(Execute.scala:228)
    at sbt.Execute$$anonfun$submit$1.apply(Execute.scala:228)
    at sbt.ConcurrentRestrictions$$anon$4$$anonfun$1.apply(ConcurrentRestrictions.scala:159)
    at sbt.CompletionService$$anon$2.call(CompletionService.scala:28)
    at java.util.concurrent.FutureTask.run(FutureTask.java:266)
    at java.util.concurrent.Executors$RunnableAdapter.call(Executors.java:511)
    at java.util.concurrent.FutureTask.run(FutureTask.java:266)
    at java.util.concurrent.ThreadPoolExecutor.runWorker(ThreadPoolExecutor.java:1142)
    at java.util.concurrent.ThreadPoolExecutor$Worker.run(ThreadPoolExecutor.java:617)
    at java.lang.Thread.run(Thread.java:745)
[error] Could not run test TensorFlowNetSpec: java.lang.UnsatisfiedLinkError: no jnitensorflow in java.library.path
[info] LoadAdultDataSpec:
[info] - should be able to load the adult dataset !!! IGNORED !!!
[info] Run completed in 6 seconds, 606 milliseconds.
[info] Total number of tests run: 6
[info] Suites: completed 5, aborted 0
[info] Tests: succeeded 6, failed 0, canceled 0, ignored 9, pending 0
[info] All tests passed.
[error] Error during tests:
[error]     TensorFlowNetSpec
[error](test:test) sbt.TestsFailedException: Tests unsuccessful
[error] Total time: 7 s, completed Sep 13, 2016 10:30:01 PM

Hello guys

I followed the instructions here https://github.com/amplab/SparkNet to build my own AMI

When building sparknet using command "sbt assembly" I got this error information:

 [warn]  ::::::::::::::::::::::::::::::::::::::::::::::
[warn]  ::          UNRESOLVED DEPENDENCIES         ::
[warn]  ::::::::::::::::::::::::::::::::::::::::::::::
[warn]  :: org.bytedeco#javacpp;1.2-SPARKNET: not found
[warn]  :: org.bytedeco.javacpp-presets#caffe;master-1.2-SPARKNET: not found
[warn]  :: org.bytedeco.javacpp-presets#opencv;3.1.0-1.2-SPARKNET: not found
[warn]  :: org.bytedeco.javacpp-presets#tensorflow;master-1.2-SPARKNET: not found
[warn]  ::::::::::::::::::::::::::::::::::::::::::::::
[warn]
[warn]  Note: Unresolved dependencies path:
[warn]          org.bytedeco:javacpp:1.2-SPARKNET (/home/ubuntu/SparkNet/build.sbt#L11-12)
[warn]            +- default:sparknet_2.10:0.1-SNAPSHOT
[warn]          org.bytedeco.javacpp-presets:caffe:master-1.2-SPARKNET (/home/ubuntu/SparkNet/build.sbt#L13-14)
[warn]            +- default:sparknet_2.10:0.1-SNAPSHOT
[warn]          org.bytedeco.javacpp-presets:opencv:3.1.0-1.2-SPARKNET (/home/ubuntu/SparkNet/build.sbt#L17-18)
[warn]            +- default:sparknet_2.10:0.1-SNAPSHOT
[warn]          org.bytedeco.javacpp-presets:tensorflow:master-1.2-SPARKNET (/home/ubuntu/SparkNet/build.sbt#L21-22)
[warn]            +- default:sparknet_2.10:0.1-SNAPSHOT
sbt.ResolveException: unresolved dependency: org.bytedeco#javacpp;1.2-SPARKNET: not found
unresolved dependency: org.bytedeco.javacpp-presets#caffe;master-1.2-SPARKNET: not found
unresolved dependency: org.bytedeco.javacpp-presets#opencv;3.1.0-1.2-SPARKNET: not found
unresolved dependency: org.bytedeco.javacpp-presets#tensorflow;master-1.2-SPARKNET: not found
        at sbt.IvyActions$.sbt$IvyActions$$resolve(IvyActions.scala:313)
        at sbt.IvyActions$$anonfun$updateEither$1.apply(IvyActions.scala:191)
        at sbt.IvyActions$$anonfun$updateEither$1.apply(IvyActions.scala:168)
        at sbt.IvySbt$Module$$anonfun$withModule$1.apply(Ivy.scala:156)
        at sbt.IvySbt$Module$$anonfun$withModule$1.apply(Ivy.scala:156)
        at sbt.IvySbt$$anonfun$withIvy$1.apply(Ivy.scala:133)
        at sbt.IvySbt.sbt$IvySbt$$action$1(Ivy.scala:57)
        at sbt.IvySbt$$anon$4.call(Ivy.scala:65)
        at xsbt.boot.Locks$GlobalLock.withChannel$1(Locks.scala:93)
        at xsbt.boot.Locks$GlobalLock.xsbt$boot$Locks$GlobalLock$$withChannelRetries$1(Locks.scala:78)
        at xsbt.boot.Locks$GlobalLock$$anonfun$withFileLock$1.apply(Locks.scala:97)
        at xsbt.boot.Using$.withResource(Using.scala:10)
        at xsbt.boot.Using$.apply(Using.scala:9)
        at xsbt.boot.Locks$GlobalLock.ignoringDeadlockAvoided(Locks.scala:58)
        at xsbt.boot.Locks$GlobalLock.withLock(Locks.scala:48)
        at xsbt.boot.Locks$.apply0(Locks.scala:31)
        at xsbt.boot.Locks$.apply(Locks.scala:28)
        at sbt.IvySbt.withDefaultLogger(Ivy.scala:65)
        at sbt.IvySbt.withIvy(Ivy.scala:128)
        at sbt.IvySbt.withIvy(Ivy.scala:125)
        at sbt.IvySbt$Module.withModule(Ivy.scala:156)
        at sbt.IvyActions$.updateEither(IvyActions.scala:168)
        at sbt.Classpaths$$anonfun$sbt$Classpaths$$work$1$1.apply(Defaults.scala:1442)
        at sbt.Classpaths$$anonfun$sbt$Classpaths$$work$1$1.apply(Defaults.scala:1438)
        at sbt.Classpaths$$anonfun$doWork$1$1$$anonfun$90.apply(Defaults.scala:1473)
        at sbt.Classpaths$$anonfun$doWork$1$1$$anonfun$90.apply(Defaults.scala:1471)
        at sbt.Tracked$$anonfun$lastOutput$1.apply(Tracked.scala:37)
        at sbt.Classpaths$$anonfun$doWork$1$1.apply(Defaults.scala:1476)
        at sbt.Classpaths$$anonfun$doWork$1$1.apply(Defaults.scala:1470)
        at sbt.Tracked$$anonfun$inputChanged$1.apply(Tracked.scala:60)
        at sbt.Classpaths$.cachedUpdate(Defaults.scala:1493)
        at sbt.Classpaths$$anonfun$updateTask$1.apply(Defaults.scala:1420)
        at sbt.Classpaths$$anonfun$updateTask$1.apply(Defaults.scala:1372)
        at scala.Function1$$anonfun$compose$1.apply(Function1.scala:47)
        at sbt.$tilde$greater$$anonfun$$u2219$1.apply(TypeFunctions.scala:40)
        at sbt.std.Transform$$anon$4.work(System.scala:63)
        at sbt.Execute$$anonfun$submit$1$$anonfun$apply$1.apply(Execute.scala:228)
        at sbt.Execute$$anonfun$submit$1$$anonfun$apply$1.apply(Execute.scala:228)
        at sbt.ErrorHandling$.wideConvert(ErrorHandling.scala:17)
        at sbt.Execute.work(Execute.scala:237)
        at sbt.Execute$$anonfun$submit$1.apply(Execute.scala:228)
        at sbt.Execute$$anonfun$submit$1.apply(Execute.scala:228)
        at sbt.ConcurrentRestrictions$$anon$4$$anonfun$1.apply(ConcurrentRestrictions.scala:159)
        at sbt.CompletionService$$anon$2.call(CompletionService.scala:28)
        at java.util.concurrent.FutureTask.run(FutureTask.java:262)
        at java.util.concurrent.Executors$RunnableAdapter.call(Executors.java:471)
        at java.util.concurrent.FutureTask.run(FutureTask.java:262)
        at java.util.concurrent.ThreadPoolExecutor.runWorker(ThreadPoolExecutor.java:1145)
        at java.util.concurrent.ThreadPoolExecutor$Worker.run(ThreadPoolExecutor.java:615)
        at java.lang.Thread.run(Thread.java:745)
[error](*:update) sbt.ResolveException: unresolved dependency: org.bytedeco#javacpp;1.2-SPARKNET: not found
[error] unresolved dependency: org.bytedeco.javacpp-presets#caffe;master-1.2-SPARKNET: not found
[error] unresolved dependency: org.bytedeco.javacpp-presets#opencv;3.1.0-1.2-SPARKNET: not found
[error] unresolved dependency: org.bytedeco.javacpp-presets#tensorflow;master-1.2-SPARKNET: not found
[error] Total time: 27 s, completed Sep 6, 2016 3:46:51 PM

After that I also tried building CPU  from this location: http://www.eecs.berkeley.edu/~rkn/snapshot-2016-03-16-CPU/ 

I got same error instead SPARKNET not found, it says SPARKNETCPU not found.

Please advise!

Thanks in advance!

Pengcheng 


when sbt assembly I get this error

[error](*:update) sbt.ResolveException: unresolved dependency: org.bytedeco#javacpp;1.2-SPARKNET: not found
[error] unresolved dependency: org.bytedeco.javacpp-presets#caffe;master-1.2-SPARKNET: not found
[error] unresolved dependency: org.bytedeco.javacpp-presets#opencv;3.1.0-1.2-SPARKNET: not found
[error] unresolved dependency: org.bytedeco.javacpp-presets#tensorflow;master-1.2-SPARKNET: not found
Is it the problem of my proxy?
Any help is appreciated

1) I have used a modified version of SparkNet.
2) I have successfully trained GoogleNet from scratch using 2 machines covering entire imagenet(1.281167 million images)
3) I have achieved accuracy of 62.3% top-1 and 84.7% top-5 accuracy in 26 epocs.

Hopefully some statistician can prove PSGD is working at least with simple momentum, nesterov method... for AdaDelta, Adam (squared gradients) not sure about the implication of PSGD...

The javacpp-presets is not installing cleanly on os/x.  This is  a prerequisite for using SparkNet on mac.

The page https://github.com/amplab/SparkNet/blob/master/doc/creating-jars.md  is for ubuntu and centos only.

The following page is apparently the one to follow:  

https://github.com/bytedeco/javacpp-presets/wiki/Build-Environments

However the command 

bash cppbuild.sh install

ended up with a tar corruption error after an hour of compilation. 

So if anyone successfully builds on os/x it would be appreciated to update the above documentation.

Hi
I compiled SparkNet  successfully  with Cuda 7.0  . but when i tried to run  "Train Cifar using SparkNet" application its show me . 

F0628 17:53:57.325634 29332 cudnn_conv_layer.cpp:52] Check failed: error == cudaSuccess (38 vs. 0)  no CUDA-capable device is detected
**\* Check failure stack trace: ***

My OS is Ubuntu 14.04 and running on virtual Machine and i don't have GPU support now . so can i test application with CPU without using Cuda?

if possible give me steps to compile and run application with CPU.

Regards
Prateek
