Hi,,, 
how to resolve "Object has been collected Cannot evaluate com.google.gson.Gson.toString()"
my JsonResult Structure same with pokemon API..
thanks
btw great project

```
io.mvpstarter.sample.DetailActivityTest > checkErrorViewDisplays[Nexus_5_API_18(AVD) - 4.3.1] FAILED
        org.mockito.exceptions.base.MockitoException:
        Cannot mock/spy class io.mvpstarter.sample.data.DataManager

io.mvpstarter.sample.DetailActivityTest > checkPokemonDisplays[Nexus_5_API_18(AVD) - 4.3.1] FAILED
        org.mockito.exceptions.base.MockitoException:
        Cannot mock/spy class io.mvpstarter.sample.data.DataManager

io.mvpstarter.sample.MainActivityTest > checkErrorViewDisplays[Nexus_5_API_18(AVD) - 4.3.1] FAILED
        org.mockito.exceptions.base.MockitoException:
        Cannot mock/spy class io.mvpstarter.sample.data.DataManager

io.mvpstarter.sample.MainActivityTest > clickingPokemonLaunchesDetailActivity[Nexus_5_API_18(AVD) - 4.3.1] FAILED
        org.mockito.exceptions.base.MockitoException:
        Cannot mock/spy class io.mvpstarter.sample.data.DataManager

io.mvpstarter.sample.MainActivityTest > checkPokemonsDisplay[Nexus_5_API_18(AVD) - 4.3.1] FAILED
        org.mockito.exceptions.base.MockitoException:
        Cannot mock/spy class io.mvpstarter.sample.data.DataManager

FAILURE: Build failed with an exception.
```

converting `DataManager.kt` to an open class gives
```
> Task :app:connectedDebugAndroidTest
Starting 5 tests on Nexus_5_API_18(AVD) - 4.3.1

io.mvpstarter.sample.DetailActivityTest > checkErrorViewDisplays[Nexus_5_API_18(AVD) - 4.3.1] FAILED
        java.lang.NullPointerException
        at io.mvpstarter.sample.data.DataManager.getPokemon(DataManager.kt:22)

io.mvpstarter.sample.DetailActivityTest > checkPokemonDisplays[Nexus_5_API_18(AVD) - 4.3.1] FAILED
        org.mockito.exceptions.misusing.InvalidUseOfMatchersException:
        Misplaced or misused argument matcher detected here:

io.mvpstarter.sample.MainActivityTest > checkErrorViewDisplays[Nexus_5_API_18(AVD) - 4.3.1] FAILED
        java.lang.NullPointerException
        at io.mvpstarter.sample.data.DataManager.getPokemonList(DataManager.kt:14)

io.mvpstarter.sample.MainActivityTest > clickingPokemonLaunchesDetailActivity[Nexus_5_API_18(AVD) - 4.3.1] FAILED
        org.mockito.exceptions.misusing.InvalidUseOfMatchersException:
        Misplaced or misused argument matcher detected here:

io.mvpstarter.sample.MainActivityTest > checkPokemonsDisplay[Nexus_5_API_18(AVD) - 4.3.1] FAILED
        java.lang.NullPointerException
        at io.mvpstarter.sample.data.DataManager.getPokemonList(DataManager.kt:14)


FAILURE: Build failed with an exception.
```
I only found [this](https://stackoverflow.com/questions/42793505/dagger-2-generated-test-component-not-recognized) solution in SO but it still doesn't work. 


i dded another project as module and tried to add this starter in gradle using this line : 

> implementation project(path: ':library')

and when i'm trying to sync i'm getting the following error : 

Unable to resolve dependency for ':sample@debug/compileClasspath': Could not resolve project :library.

Could not resolve project :library.
Required by:
    project :sample
 > Unable to find a matching configuration of project :library:
     - Configuration 'debugApiElements':
         - Required com.android.build.api.attributes.BuildTypeAttr 'debug' and found compatible value 'debug'.
         - Required com.android.build.gradle.internal.dependency.AndroidTypeAttr 'Aar' and found incompatible value 'Apk'.
         - Found com.android.build.gradle.internal.dependency.VariantAttr 'debug' but wasn't required.
         - Required org.gradle.usage 'java-api' and found compatible value 'java-api'.
     - Configuration 'debugMetadataElements':
         - Required com.android.build.api.attributes.BuildTypeAttr 'debug' and found compatible value 'debug'.
         - Required com.android.build.gradle.internal.dependency.AndroidTypeAttr 'Aar' and found incompatible value 'Metadata'.
         - Found com.android.build.gradle.internal.dependency.VariantAttr 'debug' but wasn't required.
         - Required org.gradle.usage 'java-api' but no value provided.
     - Configuration 'debugRuntimeElements':
         - Required com.android.build.api.attributes.BuildTypeAttr 'debug' and found compatible value 'debug'.
         - Required com.android.build.gradle.internal.dependency.AndroidTypeAttr 'Aar' and found incompatible value 'Apk'.
         - Found com.android.build.gradle.internal.dependency.VariantAttr 'debug' but wasn't required.
         - Required org.gradle.usage 'java-api' and found incompatible value 'java-runtime'.
     - Configuration 'releaseApiElements':
         - Required com.android.build.api.attributes.BuildTypeAttr 'debug' and found incompatible value 'release'.
         - Required com.android.build.gradle.internal.dependency.AndroidTypeAttr 'Aar' and found incompatible value 'Apk'.
         - Found com.android.build.gradle.internal.dependency.VariantAttr 'release' but wasn't required.
         - Required org.gradle.usage 'java-api' and found compatible value 'java-api'.
     - Configuration 'releaseMetadataElements':
         - Required com.android.build.api.attributes.BuildTypeAttr 'debug' and found incompatible value 'release'.
         - Required com.android.build.gradle.internal.dependency.AndroidTypeAttr 'Aar' and found incompatible value 'Metadata'.
         - Found com.android.build.gradle.internal.dependency.VariantAttr 'release' but wasn't required.
         - Required org.gradle.usage 'java-api' but no value provided.
     - Configuration 'releaseRuntimeElements':
         - Required com.android.build.api.attributes.BuildTypeAttr 'debug' and found incompatible value 'release'.
         - Required com.android.build.gradle.internal.dependency.AndroidTypeAttr 'Aar' and found incompatible value 'Apk'.
         - Found com.android.build.gradle.internal.dependency.VariantAttr 'release' but wasn't required.
         - Required org.gradle.usage 'java-api' and found incompatible value 'java-runtime'.

i researched it on stack overflow, and the only thing that almost worked for me is to rename my gradle line to this : 

> implementation project(path: ':library', configuration: 'default')

my sync did work, but i couldn't import any of the project files.

i know that the issue is that the configurations is not identical , but i don't know what i should do to fix this.
Hi,

I have used your yeoman template as described in docs, but it seems that build is broken, as I can't execute `./gradlew` script - it fails with:
```
$ ./gradlew
Error: Could not find or load main class org.gradle.wrapper.GradleWrapperMain
```

I have tried running it on two OSes, Linux and Mac OS X, I have gradle installed globally on Linux box (4.3.1) and it fails in project with exception telling me: `Error: FOR_COMPILE`. I don't have global gradle on Mac OS X. End result is the same on both.

Move kotlin files to `main/kotlin`

and add this to the `build.gradle`

```
    sourceSets {
        main.java.srcDirs += 'src/main/kotlin'
    }
Hi folks,

I cloned your repository and tried to run the Instrumented Test for the MainActivity (MainActivityTest), but it keeps raising the following error:

```
org.mockito.exceptions.base.MockitoException:
Cannot mock/spy class io.mvpstarter.sample.data.DataManager
Mockito cannot mock/spy because :
- final class
at io.mvpstarter.sample.common.injection.module.ApplicationTestModule.providesDataManager$app_debug(ApplicationTestModule.kt:39)
at io.mvpstarter.sample.common.injection.module.ApplicationTestModule_ProvidesDataManager$app_debugFactory.get(ApplicationTestModule_ProvidesDataManager$app_debugFactory.java:20)
at io.mvpstarter.sample.common.injection.module.ApplicationTestModule_ProvidesDataManager$app_debugFactory.get(ApplicationTestModule_ProvidesDataManager$app_debugFactory.java:8)
at dagger.internal.DoubleCheck.get(DoubleCheck.java:47)
at io.mvpstarter.sample.common.injection.component.DaggerTestComponent.dataManager(DaggerTestComponent.java:69)
at io.mvpstarter.sample.common.TestComponentRule.getMockDataManager(TestComponentRule.kt:32)
at io.mvpstarter.sample.MainActivityTest.stubDataManagerGetPokemonList(MainActivityTest.kt:71)
at io.mvpstarter.sample.MainActivityTest.checkPokemonsDisplay(MainActivityTest.kt:39)
at java.lang.reflect.Method.invoke(Native Method)
at org.junit.runners.model.FrameworkMethod$1.runReflectiveCall(FrameworkMethod.java:50)
at org.junit.internal.runners.model.ReflectiveCallable.run(ReflectiveCallable.java:12)
at org.junit.runners.model.FrameworkMethod.invokeExplosively(FrameworkMethod.java:47)
at org.junit.internal.runners.statements.InvokeMethod.evaluate(InvokeMethod.java:17)
at android.support.test.rule.ActivityTestRule$ActivityStatement.evaluate(ActivityTestRule.java:433)
at io.mvpstarter.sample.common.TestComponentRule$apply$1.evaluate(TestComponentRule.kt:40)
at org.junit.rules.RunRules.evaluate(RunRules.java:20)
at org.junit.runners.ParentRunner.runLeaf(ParentRunner.java:325)
at org.junit.runners.BlockJUnit4ClassRunner.runChild(BlockJUnit4ClassRunner.java:78)
at org.junit.runners.BlockJUnit4ClassRunner.runChild(BlockJUnit4ClassRunner.java:57)
at org.junit.runners.ParentRunner$3.run(ParentRunner.java:290)
at org.junit.runners.ParentRunner$1.schedule(ParentRunner.java:71)
at org.junit.runners.ParentRunner.runChildren(ParentRunner.java:288)
at org.junit.runners.ParentRunner.access$000(ParentRunner.java:58)
at org.junit.runners.ParentRunner$2.evaluate(ParentRunner.java:268)
at org.junit.runners.ParentRunner.run(ParentRunner.java:363)
at org.junit.runners.Suite.runChild(Suite.java:128)
at org.junit.runners.Suite.runChild(Suite.java:27)
at org.junit.runners.ParentRunner$3.run(ParentRunner.java:290)
at org.junit.runners.ParentRunner$1.schedule(ParentRunner.java:71)
at org.junit.runners.ParentRunner.runChildren(ParentRunner.java:288)
at org.junit.runners.ParentRunner.access$000(ParentRunner.java:58)
at org.junit.runners.ParentRunner$2.evaluate(ParentRunner.java:268)
at org.junit.runners.ParentRunner.run(ParentRunner.java:363)
at org.junit.runner.JUnitCore.run(JUnitCore.java:137)
at org.junit.runner.JUnitCore.run(JUnitCore.java:115)
at android.support.test.internal.runner.TestExecutor.execute(TestExecutor.java:58)
at android.support.test.runner.AndroidJUnitRunner.onStart(AndroidJUnitRunner.java:369)
at io.mvpstarter.sample.runner.UnlockDeviceAndroidJUnitRunner.onStart(UnlockDeviceAndroidJUnitRunner.kt:29)
at android.app.Instrumentation$InstrumentationThread.run(Instrumentation.java:1960)

```
Is the error "right" or am I doing something wrong?

I also tried to copy the .MockMaker file to the androidTest directory, but it raises another error:

```
java.lang.IllegalStateException: Could not initialize plugin: interface org.mockito.plugins.MockMaker
at org.mockito.internal.configuration.plugins.PluginLoader$1.invoke(PluginLoader.java:66)
at java.lang.reflect.Proxy.invoke(Proxy.java:393)
at $Proxy4.isTypeMockable(Unknown Source)
at org.mockito.internal.util.MockUtil.typeMockabilityOf(MockUtil.java:29)
at org.mockito.internal.util.MockCreationValidator.validateType(MockCreationValidator.java:22)
at org.mockito.internal.creation.MockSettingsImpl.validatedSettings(MockSettingsImpl.java:186)
at org.mockito.internal.creation.MockSettingsImpl.confirm(MockSettingsImpl.java:180)
at org.mockito.internal.MockitoCore.mock(MockitoCore.java:62)
at org.mockito.Mockito.mock(Mockito.java:1729)
at org.mockito.Mockito.mock(Mockito.java:1642)
at io.mvpstarter.sample.common.injection.module.ApplicationTestModule.providesDataManager$app_debug(ApplicationTestModule.kt:39)
at io.mvpstarter.sample.common.injection.module.ApplicationTestModule_ProvidesDataManager$app_debugFactory.get(ApplicationTestModule_ProvidesDataManager$app_debugFactory.java:20)
at io.mvpstarter.sample.common.injection.module.ApplicationTestModule_ProvidesDataManager$app_debugFactory.get(ApplicationTestModule_ProvidesDataManager$app_debugFactory.java:8)
at dagger.internal.DoubleCheck.get(DoubleCheck.java:47)
at io.mvpstarter.sample.common.injection.component.DaggerTestComponent.dataManager(DaggerTestComponent.java:69)
at io.mvpstarter.sample.common.TestComponentRule.getMockDataManager(TestComponentRule.kt:32)
at io.mvpstarter.sample.MainActivityTest.stubDataManagerGetPokemonList(MainActivityTest.kt:71)
at io.mvpstarter.sample.MainActivityTest.checkErrorViewDisplays(MainActivityTest.kt:65)
at java.lang.reflect.Method.invoke(Native Method)
at org.junit.runners.model.FrameworkMethod$1.runReflectiveCall(FrameworkMethod.java:50)
at org.junit.internal.runners.model.ReflectiveCallable.run(ReflectiveCallable.java:12)
at org.junit.runners.model.FrameworkMethod.invokeExplosively(FrameworkMethod.java:47)
at org.junit.internal.runners.statements.InvokeMethod.evaluate(InvokeMethod.java:17)
at android.support.test.rule.ActivityTestRule$ActivityStatement.evaluate(ActivityTestRule.java:433)
at io.mvpstarter.sample.common.TestComponentRule$apply$1.evaluate(TestComponentRule.kt:40)
at org.junit.rules.RunRules.evaluate(RunRules.java:20)
at org.junit.runners.ParentRunner.runLeaf(ParentRunner.java:325)
at org.junit.runners.BlockJUnit4ClassRunner.runChild(BlockJUnit4ClassRunner.java:78)
at org.junit.runners.BlockJUnit4ClassRunner.runChild(BlockJUnit4ClassRunner.java:57)
at org.junit.runners.ParentRunner$3.run(ParentRunner.java:290)
at org.junit.runners.ParentRunner$1.schedule(ParentRunner.java:71)
at org.junit.runners.ParentRunner.runChildren(ParentRunner.java:288)
at org.junit.runners.ParentRunner.access$000(ParentRunner.java:58)
at org.junit.runners.ParentRunner$2.evaluate(ParentRunner.java:268)
at org.junit.runners.ParentRunner.run(ParentRunner.java:363)
at org.junit.runners.Suite.runChild(Suite.java:128)
at org.junit.runners.Suite.runChild(Suite.java:27)
at org.junit.runners.ParentRunner$3.run(ParentRunner.java:290)
at org.junit.runners.ParentRunner$1.schedule(ParentRunner.java:71)
at org.junit.runners.ParentRunner.runChildren(ParentRunner.java:288)
at org.junit.runners.ParentRunner.access$000(ParentRunner.java:58)
at org.junit.runners.ParentRunner$2.evaluate(ParentRunner.java:268)
at org.junit.runners.ParentRunner.run(ParentRunner.java:363)
at org.junit.runner.JUnitCore.run(JUnitCore.java:137)
at org.junit.runner.JUnitCore.run(JUnitCore.java:115)
at android.support.test.internal.runner.TestExecutor.execute(TestExecutor.java:58)
at android.support.test.runner.AndroidJUnitRunner.onStart(AndroidJUnitRunner.java:369)
at io.mvpstarter.sample.runner.UnlockDeviceAndroidJUnitRunner.onStart(UnlockDeviceAndroidJUnitRunner.kt:29)
at android.app.Instrumentation$InstrumentationThread.run(Instrumentation.java:1960)
Caused by: java.lang.IllegalStateException: Failed to load interface org.mockito.plugins.MockMaker implementation declared in java.lang.TwoEnumerationsInOne@cf7f577
at org.mockito.internal.configuration.plugins.PluginLoader.loadImpl(PluginLoader.java:101)
at org.mockito.internal.configuration.plugins.PluginLoader.loadPlugin(PluginLoader.java:45)
at org.mockito.internal.configuration.plugins.PluginRegistry.<init>(PluginRegistry.java:18)
at org.mockito.internal.configuration.plugins.Plugins.<clinit>(Plugins.java:17)
at org.mockito.internal.configuration.plugins.Plugins.getMockMaker(Plugins.java:33)
at org.mockito.internal.util.MockUtil.<clinit>(MockUtil.java:24)
... 45 more
Caused by: org.mockito.exceptions.base.MockitoInitializationException:
Could not initialize inline Byte Buddy mock maker. (This mock maker is not supported on Android.)
```

I have a project similar to yours, and I'm struggling almost a week to configure Mockito 2.x + Dagger 2 + Kotlin.

Regards,
Luan.

Mock web server tests that loads responses from json files
RESTMock configuration