
Hi, 

This little PR to add  the "form_post" response_mode handling !
The specifications :
https://openid.net/specs/oauth-v2-form-post-response-mode-1_0.html

Regards,
Camille
passport-saml 0.15.0 has a number of remotely-exploitable security defects, including possible HMAC key recovery

https://rdist.root.org/2010/07/19/exploiting-remote-timing-attacks/

https://snyk.io/test/github/anvilresearch/connect.git?severity=high&severity=medium&severity=low
Hi, 
https://github.com/anvilresearch/connect/blob/325f639980d7c6914913938a247d813ccc6de963/routes/signin.js#L66

In case of authenticator.dispatch error or missing user, we put the entire body as query string in the render attributes. Then in the signin.jade template we use it to create URLs

https://github.com/anvilresearch/connect/blob/325f639980d7c6914913938a247d813ccc6de963/views/signin.jade#L44

In this case the password could appears in the URL. Even if SSL encrypt the qs, I don't think it's a good idea to keep the password after usage (referer leakage, browser history, proxy logs ...)!

Regards,
Camille

I'm the developer of [ooth](https://github.com/nmaro/ooth), an open source user accounts library for node.js I built in my free time on top of passport.js. I was checking out what alternatives there are out there and ended up here. Interestingly, I see that you depend on passport.js, so I'm wondering whether there is overlap with ooth. What is the main aim of this project and how does it relate to passport.js?
The recent refactor for tests resulted in the expected `Client ID` config param changing from `client_id` to `clientId`. Not a big deal once found, however it was undocumented so took a bit to track down. I'm not sure if we want it to be `clientId` or to restore it to `client_id`, as all other config params are underscore-based (`redirect_uri`, etc).

Thoughts?
Hi all,

After running `docker-compose up -d` on macOS, the Docker CPU process shoots up to 400%

![image](https://user-images.githubusercontent.com/1343284/30003775-838eb186-90f5-11e7-84c3-f7887b304a6c.png)

And another:

![image](https://user-images.githubusercontent.com/1343284/30003776-896a6eec-90f5-11e7-9663-87a215378843.png)

Is this normal?
Hey guys,

I'm trying to setup a Connect server on my machine to try it out, however I'm stuck when it comes to do a `nvl setup`. Here is my setup:
![screenshot from 2017-08-18 14-48-27](https://user-images.githubusercontent.com/6507454/29460606-e14ada40-8428-11e7-953b-3a17be31de5a.png)

Here is what I did so far:
```
> mkdir anvil2 && cd anvil2
> nvl init
> gedit nginx/Dockerfile
// I changed the version of nginx from 1.8.1-r0 to 1.8.1-r1, see here why: https://github.com/anvilresearch/connect/issues/316#issuecomment-322304403
> cd connect
> sudo docker-compose up
> gedit /etc/hosts
// I updated my host file route connect.example.com to the IP of the docker container that runs nginx
> nvl setup
```

I'm using node v7.10, npm v4.2.0 and anvil-connect-cli v0.1.17

Am I trying to use the wrong certificate? 
This is not of big deal but anyway:
some packages are really outdated.... and it does not give a good impression on "first time user" (me)
$ npm install -g anvil-connect
npm WARN deprecated jade@1.11.0: Jade has been renamed to pug, please install the latest version of pug instead of jade
npm WARN deprecated nodemailer@1.11.0: All versions below 4.0.1 of Nodemailer are deprecated. See https://nodemailer.com/status/
npm WARN deprecated transformers@2.1.0: Deprecated, use jstransformer
npm WARN deprecated node-uuid@1.4.8: Use uuid module instead
 node --version
v8.1.3
$ npm --version
5.2.0
$ sw_vers
ProductName:	Mac OS X
ProductVersion:	10.11.6
BuildVersion:	15G1611

$ npm install -g anvil-connect
npm WARN deprecated jade@1.11.0: Jade has been renamed to pug, please install the latest version of pug instead of jade
npm WARN deprecated nodemailer@1.11.0: All versions below 4.0.1 of Nodemailer are deprecated. See https://nodemailer.com/status/
npm WARN deprecated transformers@2.1.0: Deprecated, use jstransformer
npm WARN deprecated node-uuid@1.4.8: Use uuid module instead

dtrace-provider@0.2.8 install /usr/local/lib/node_modules/anvil-connect/node_modules/pooling/node_modules/dtrace-provider
node-gyp rebuild
ACTION binding_gyp_libusdt_target_build_libusdt .
Building libusdt for x86_64
rm -f .gch
rm -f .o
rm -f libusdt.a
rm -f test_usdt
rm -f test_usdt32
rm -f test_usdt64
rm -f test_mem_usage
gcc -O2 -arch x86_64 -c -o usdt.o usdt.c
usdt.c:212:9: warning: implicit declaration of function 'usdt_dof_section_free' is invalid in C99 [-Wimplicit-function-declaration]
usdt_dof_section_free(&strtab);
^
usdt.c:238:9: warning: implicit declaration of function 'usdt_dof_file_free' is invalid in C99 [-Wimplicit-function-declaration]
usdt_dof_file_free(provider->file);
^
2 warnings generated.
gcc -O2 -arch x86_64 -c -o usdt_dof_file.o usdt_dof_file.c
gcc -arch x86_64 -o usdt_tracepoints.o -c usdt_tracepoints_x86_64.s
gcc -O2 -arch x86_64 -c -o usdt_probe.o usdt_probe.c
gcc -O2 -arch x86_64 -c -o usdt_dof.o usdt_dof.c
gcc -O2 -arch x86_64 -c -o usdt_dof_sections.o usdt_dof_sections.c
rm -f libusdt.a
ar cru libusdt.a usdt.o usdt_dof_file.o usdt_tracepoints.o usdt_probe.o usdt_dof.o usdt_dof_sections.o
ranlib libusdt.a
TOUCH Release/obj.target/libusdt.stamp
CXX(target) Release/obj.target/DTraceProviderBindings/dtrace_provider.o
In file included from ../dtrace_provider.cc:1:
../dtrace_provider.h:69:44: error: no type named 'Arguments' in namespace 'v8'; did you mean 'v8::internal::Arguments'?
static v8::Handlev8::Value New(const v8::Arguments& args);
^~~~~~~~~~~~~
v8::internal::Arguments
/Users/marcus/.node-gyp/8.1.3/include/node/v8.h:142:7: note: 'v8::internal::Arguments' declared here
class Arguments;
^
In file included from ../dtrace_provider.cc:1:
../dtrace_provider.h:70:45: error: no type named 'Arguments' in namespace 'v8'; did you mean 'v8::internal::Arguments'?
static v8::Handlev8::Value Fire(const v8::Arguments& args);
^~~~~~~~~~~~~
v8::internal::Arguments
/Users/marcus/.node-gyp/8.1.3/include/node/v8.h:142:7: note: 'v8::internal::Arguments' declared here
class Arguments;
^
In file included from ../dtrace_provider.cc:1:
../dtrace_provider.h:87:44: error: no type named 'Arguments' in namespace 'v8'; did you mean 'v8::internal::Arguments'?
static v8::Handlev8::Value New(const v8::Arguments& args);
^~~~~~~~~~~~~
v8::internal::Arguments
/Users/marcus/.node-gyp/8.1.3/include/node/v8.h:142:7: note: 'v8::internal::Arguments' declared here
class Arguments;
^
In file included from ../dtrace_provider.cc:1:
../dtrace_provider.h:88:49: error: no type named 'Arguments' in namespace 'v8'; did you mean 'v8::internal::Arguments'?
static v8::Handlev8::Value AddProbe(const v8::Arguments& args);
^~~~~~~~~~~~~
v8::internal::Arguments
/Users/marcus/.node-gyp/8.1.3/include/node/v8.h:142:7: note: 'v8::internal::Arguments' declared here
class Arguments;
^
In file included from ../dtrace_provider.cc:1:
../dtrace_provider.h:89:52: error: no type named 'Arguments' in namespace 'v8'; did you mean 'v8::internal::Arguments'?
static v8::Handlev8::Value RemoveProbe(const v8::Arguments& args);
^~~~~~~~~~~~~
v8::internal::Arguments
/Users/marcus/.node-gyp/8.1.3/include/node/v8.h:142:7: note: 'v8::internal::Arguments' declared here
class Arguments;
^
In file included from ../dtrace_provider.cc:1:
../dtrace_provider.h:90:47: error: no type named 'Arguments' in namespace 'v8'; did you mean 'v8::internal::Arguments'?
static v8::Handlev8::Value Enable(const v8::Arguments& args);
^~~~~~~~~~~~~
v8::internal::Arguments
/Users/marcus/.node-gyp/8.1.3/include/node/v8.h:142:7: note: 'v8::internal::Arguments' declared here
class Arguments;
^
In file included from ../dtrace_provider.cc:1:
../dtrace_provider.h:91:48: error: no type named 'Arguments' in namespace 'v8'; did you mean 'v8::internal::Arguments'?
static v8::Handlev8::Value Disable(const v8::Arguments& args);
^~~~~~~~~~~~~
v8::internal::Arguments
/Users/marcus/.node-gyp/8.1.3/include/node/v8.h:142:7: note: 'v8::internal::Arguments' declared here
class Arguments;
^
In file included from ../dtrace_provider.cc:1:
../dtrace_provider.h:92:45: error: no type named 'Arguments' in namespace 'v8'; did you mean 'v8::internal::Arguments'?
static v8::Handlev8::Value Fire(const v8::Arguments& args);
^~~~~~~~~~~~~
v8::internal::Arguments
/Users/marcus/.node-gyp/8.1.3/include/node/v8.h:142:7: note: 'v8::internal::Arguments' declared here
class Arguments;
^
../dtrace_provider.cc:23:17: error: calling a protected constructor of class 'v8::HandleScope'
HandleScope scope;
^
/Users/marcus/.node-gyp/8.1.3/include/node/v8.h:846:13: note: declared protected here
V8_INLINE HandleScope() {}
^
../dtrace_provider.cc:25:55: error: cannot initialize a parameter of type 'v8::Isolate ' with an lvalue of type 'v8::Handlev8::Value
(const v8::internal::Arguments &)' (aka 'v8::Localv8::Value (const v8::internal::Arguments &)')
Local t = FunctionTemplate::New(DTraceProvider::New);
^~~~~~~~~~~~~~~~~~~
/Users/marcus/.node-gyp/8.1.3/include/node/v8.h:5132:16: note: passing argument to parameter 'isolate' here
Isolate isolate, FunctionCallback callback = 0,
^
../dtrace_provider.cc:26:58: error: 'New' is a private member of 'v8::PersistentBasev8::FunctionTemplate'
constructor_template = Persistent::New(t);
^
/Users/marcus/.node-gyp/8.1.3/include/node/v8.h:593:23: note: declared private here
V8_INLINE static T New(Isolate isolate, T* that);
^
../dtrace_provider.cc:26:28: error: too few arguments to function call, expected 2, have 1; did you mean 'DTraceProbe::New'?
constructor_template = Persistent::New(t);
^~~~~~~~~~
DTraceProbe::New
../dtrace_provider.h:69:34: note: 'DTraceProbe::New' declared here
static v8::Handlev8::Value New(const v8::Arguments& args);
^
../dtrace_provider.cc:27:25: error: member reference type 'Persistentv8::FunctionTemplate' is not a pointer; did you mean to use '.'?
constructor_template->InstanceTemplate()->SetInternalFieldCount(1);
^
.
../dtrace_provider.cc:27:27: error: no member named 'InstanceTemplate' in 'v8::Persistent<v8::FunctionTemplate,
v8::NonCopyablePersistentTraitsv8::FunctionTemplate >'
constructor_template->InstanceTemplate()->SetInternalFieldCount(1);
~~~~~~~~~~~~~~~~~~~~ ^
../dtrace_provider.cc:28:25: error: member reference type 'Persistentv8::FunctionTemplate' is not a pointer; did you mean to use '.'?
constructor_template->SetClassName(String::NewSymbol("DTraceProvider"));
^
.
../dtrace_provider.cc:28:27: error: no member named 'SetClassName' in 'v8::Persistent<v8::FunctionTemplate,
v8::NonCopyablePersistentTraitsv8::FunctionTemplate >'
constructor_template->SetClassName(String::NewSymbol("DTraceProvider"));
~~~~~~~~~~~~~~~~~~~~ ^
../dtrace_provider.cc:28:48: error: no member named 'NewSymbol' in 'v8::String'
constructor_template->SetClassName(String::NewSymbol("DTraceProvider"));
^
../dtrace_provider.cc:30:31: error: no viable conversion from 'Persistentv8::FunctionTemplate' to 'v8::Localv8::FunctionTemplate'
NODE_SET_PROTOTYPE_METHOD(constructor_template, "addProbe", DTraceProvider::AddProbe);
^
/Users/marcus/.node-gyp/8.1.3/include/node/v8.h:189:7: note: candidate constructor (the implicit copy constructor) not viable: no known conversion from
'Persistentv8::FunctionTemplate' to 'const v8::Localv8::FunctionTemplate &' for 1st argument
class Local {
^
/Users/marcus/.node-gyp/8.1.3/include/node/v8.h:189:7: note: candidate constructor (the implicit move constructor) not viable: no known conversion from
'Persistentv8::FunctionTemplate' to 'v8::Localv8::FunctionTemplate &&' for 1st argument
/Users/marcus/.node-gyp/8.1.3/include/node/v8.h:193:13: note: candidate template ignored: could not match 'Local' against 'Persistent'
V8_INLINE Local(Local that)
^
/Users/marcus/.node-gyp/8.1.3/include/node/node.h:286:71: note: passing argument to parameter 'recv' here
inline void NODE_SET_PROTOTYPE_METHOD(v8::Localv8::FunctionTemplate recv,
^
../dtrace_provider.cc:31:31: error: no viable conversion from 'Persistentv8::FunctionTemplate' to 'v8::Localv8::FunctionTemplate'
NODE_SET_PROTOTYPE_METHOD(constructor_template, "removeProbe", DTraceProvider::RemoveProbe);
^~~~~~~~~~~~~~~~~~~~
/Users/marcus/.node-gyp/8.1.3/include/node/v8.h:189:7: note: candidate constructor (the implicit copy constructor) not viable: no known conversion from
'Persistentv8::FunctionTemplate' to 'const v8::Localv8::FunctionTemplate &' for 1st argument
class Local {
^
/Users/marcus/.node-gyp/8.1.3/include/node/v8.h:189:7: note: candidate constructor (the implicit move constructor) not viable: no known conversion from
'Persistentv8::FunctionTemplate' to 'v8::Localv8::FunctionTemplate &&' for 1st argument
/Users/marcus/.node-gyp/8.1.3/include/node/v8.h:193:13: note: candidate template ignored: could not match 'Local' against 'Persistent'
V8_INLINE Local(Local that)
^
/Users/marcus/.node-gyp/8.1.3/include/node/node.h:286:71: note: passing argument to parameter 'recv' here
inline void NODE_SET_PROTOTYPE_METHOD(v8::Localv8::FunctionTemplate recv,
^
fatal error: too many errors emitted, stopping now [-ferror-limit=]
20 errors generated.
make: *** [Release/obj.target/DTraceProviderBindings/dtrace_provider.o] Error 1
gyp ERR! build error
gyp ERR! stack Error: make failed with exit code: 2
gyp ERR! stack at ChildProcess.onExit (/usr/local/lib/node_modules/npm/node_modules/node-gyp/lib/build.js:258:23)
gyp ERR! stack at emitTwo (events.js:125:13)
gyp ERR! stack at ChildProcess.emit (events.js:213:7)
gyp ERR! stack at Process.ChildProcess._handle.onexit (internal/child_process.js:197:12)
gyp ERR! System Darwin 15.6.0
gyp ERR! command "/usr/local/bin/node" "/usr/local/lib/node_modules/npm/node_modules/node-gyp/bin/node-gyp.js" "rebuild"
gyp ERR! cwd /usr/local/lib/node_modules/anvil-connect/node_modules/pooling/node_modules/dtrace-provider
gyp ERR! node -v v8.1.3
gyp ERR! node-gyp -v v3.6.2
gyp ERR! not ok

dtrace-provider@0.2.8 install /usr/local/lib/node_modules/anvil-connect/node_modules/ldapauth-fork/node_modules/dtrace-provider
node-gyp rebuild
ACTION binding_gyp_libusdt_target_build_libusdt .
Building libusdt for x86_64
rm -f .gch
rm -f .o
rm -f libusdt.a
rm -f test_usdt
rm -f test_usdt32
rm -f test_usdt64
rm -f test_mem_usage
gcc -O2 -arch x86_64 -c -o usdt.o usdt.c
usdt.c:212:9: warning: implicit declaration of function 'usdt_dof_section_free' is invalid in C99 [-Wimplicit-function-declaration]
usdt_dof_section_free(&strtab);
^
usdt.c:238:9: warning: implicit declaration of function 'usdt_dof_file_free' is invalid in C99 [-Wimplicit-function-declaration]
usdt_dof_file_free(provider->file);
^
2 warnings generated.
gcc -O2 -arch x86_64 -c -o usdt_dof_file.o usdt_dof_file.c
gcc -arch x86_64 -o usdt_tracepoints.o -c usdt_tracepoints_x86_64.s
gcc -O2 -arch x86_64 -c -o usdt_probe.o usdt_probe.c
gcc -O2 -arch x86_64 -c -o usdt_dof.o usdt_dof.c
gcc -O2 -arch x86_64 -c -o usdt_dof_sections.o usdt_dof_sections.c
rm -f libusdt.a
ar cru libusdt.a usdt.o usdt_dof_file.o usdt_tracepoints.o usdt_probe.o usdt_dof.o usdt_dof_sections.o
ranlib libusdt.a
TOUCH Release/obj.target/libusdt.stamp
CXX(target) Release/obj.target/DTraceProviderBindings/dtrace_provider.o
In file included from ../dtrace_provider.cc:1:
../dtrace_provider.h:69:44: error: no type named 'Arguments' in namespace 'v8'; did you mean 'v8::internal::Arguments'?
static v8::Handlev8::Value New(const v8::Arguments& args);
^~~~~~~~~~~~~
v8::internal::Arguments
/Users/marcus/.node-gyp/8.1.3/include/node/v8.h:142:7: note: 'v8::internal::Arguments' declared here
class Arguments;
^
In file included from ../dtrace_provider.cc:1:
../dtrace_provider.h:70:45: error: no type named 'Arguments' in namespace 'v8'; did you mean 'v8::internal::Arguments'?
static v8::Handlev8::Value Fire(const v8::Arguments& args);
^~~~~~~~~~~~~
v8::internal::Arguments
/Users/marcus/.node-gyp/8.1.3/include/node/v8.h:142:7: note: 'v8::internal::Arguments' declared here
class Arguments;
^
In file included from ../dtrace_provider.cc:1:
../dtrace_provider.h:87:44: error: no type named 'Arguments' in namespace 'v8'; did you mean 'v8::internal::Arguments'?
static v8::Handlev8::Value New(const v8::Arguments& args);
^~~~~~~~~~~~~
v8::internal::Arguments
/Users/marcus/.node-gyp/8.1.3/include/node/v8.h:142:7: note: 'v8::internal::Arguments' declared here
class Arguments;
^
In file included from ../dtrace_provider.cc:1:
../dtrace_provider.h:88:49: error: no type named 'Arguments' in namespace 'v8'; did you mean 'v8::internal::Arguments'?
static v8::Handlev8::Value AddProbe(const v8::Arguments& args);
^~~~~~~~~~~~~
v8::internal::Arguments
/Users/marcus/.node-gyp/8.1.3/include/node/v8.h:142:7: note: 'v8::internal::Arguments' declared here
class Arguments;
^
In file included from ../dtrace_provider.cc:1:
../dtrace_provider.h:89:52: error: no type named 'Arguments' in namespace 'v8'; did you mean 'v8::internal::Arguments'?
static v8::Handlev8::Value RemoveProbe(const v8::Arguments& args);
^~~~~~~~~~~~~
v8::internal::Arguments
/Users/marcus/.node-gyp/8.1.3/include/node/v8.h:142:7: note: 'v8::internal::Arguments' declared here
class Arguments;
^
In file included from ../dtrace_provider.cc:1:
../dtrace_provider.h:90:47: error: no type named 'Arguments' in namespace 'v8'; did you mean 'v8::internal::Arguments'?
static v8::Handlev8::Value Enable(const v8::Arguments& args);
^~~~~~~~~~~~~
v8::internal::Arguments
/Users/marcus/.node-gyp/8.1.3/include/node/v8.h:142:7: note: 'v8::internal::Arguments' declared here
class Arguments;
^
In file included from ../dtrace_provider.cc:1:
../dtrace_provider.h:91:48: error: no type named 'Arguments' in namespace 'v8'; did you mean 'v8::internal::Arguments'?
static v8::Handlev8::Value Disable(const v8::Arguments& args);
^~~~~~~~~~~~~
v8::internal::Arguments
/Users/marcus/.node-gyp/8.1.3/include/node/v8.h:142:7: note: 'v8::internal::Arguments' declared here
class Arguments;
^
In file included from ../dtrace_provider.cc:1:
../dtrace_provider.h:92:45: error: no type named 'Arguments' in namespace 'v8'; did you mean 'v8::internal::Arguments'?
static v8::Handlev8::Value Fire(const v8::Arguments& args);
^~~~~~~~~~~~~
v8::internal::Arguments
/Users/marcus/.node-gyp/8.1.3/include/node/v8.h:142:7: note: 'v8::internal::Arguments' declared here
class Arguments;
^
../dtrace_provider.cc:23:17: error: calling a protected constructor of class 'v8::HandleScope'
HandleScope scope;
^
/Users/marcus/.node-gyp/8.1.3/include/node/v8.h:846:13: note: declared protected here
V8_INLINE HandleScope() {}
^
../dtrace_provider.cc:25:55: error: cannot initialize a parameter of type 'v8::Isolate ' with an lvalue of type 'v8::Handlev8::Value
(const v8::internal::Arguments &)' (aka 'v8::Localv8::Value (const v8::internal::Arguments &)')
Local t = FunctionTemplate::New(DTraceProvider::New);
^~~~~~~~~~~~~~~~~~~
/Users/marcus/.node-gyp/8.1.3/include/node/v8.h:5132:16: note: passing argument to parameter 'isolate' here
Isolate isolate, FunctionCallback callback = 0,
^
../dtrace_provider.cc:26:58: error: 'New' is a private member of 'v8::PersistentBasev8::FunctionTemplate'
constructor_template = Persistent::New(t);
^
/Users/marcus/.node-gyp/8.1.3/include/node/v8.h:593:23: note: declared private here
V8_INLINE static T New(Isolate isolate, T* that);
^
../dtrace_provider.cc:26:28: error: too few arguments to function call, expected 2, have 1; did you mean 'DTraceProbe::New'?
constructor_template = Persistent::New(t);
^~~~~~~~~~
DTraceProbe::New
../dtrace_provider.h:69:34: note: 'DTraceProbe::New' declared here
static v8::Handlev8::Value New(const v8::Arguments& args);
^
../dtrace_provider.cc:27:25: error: member reference type 'Persistentv8::FunctionTemplate' is not a pointer; did you mean to use '.'?
constructor_template->InstanceTemplate()->SetInternalFieldCount(1);
^
.
../dtrace_provider.cc:27:27: error: no member named 'InstanceTemplate' in 'v8::Persistent<v8::FunctionTemplate,
v8::NonCopyablePersistentTraitsv8::FunctionTemplate >'
constructor_template->InstanceTemplate()->SetInternalFieldCount(1);
~~~~~~~~~~~~~~~~~~~~ ^
../dtrace_provider.cc:28:25: error: member reference type 'Persistentv8::FunctionTemplate' is not a pointer; did you mean to use '.'?
constructor_template->SetClassName(String::NewSymbol("DTraceProvider"));
^
.
../dtrace_provider.cc:28:27: error: no member named 'SetClassName' in 'v8::Persistent<v8::FunctionTemplate,
v8::NonCopyablePersistentTraitsv8::FunctionTemplate >'
constructor_template->SetClassName(String::NewSymbol("DTraceProvider"));
~~~~~~~~~~~~~~~~~~~~ ^
../dtrace_provider.cc:28:48: error: no member named 'NewSymbol' in 'v8::String'
constructor_template->SetClassName(String::NewSymbol("DTraceProvider"));
^
../dtrace_provider.cc:30:31: error: no viable conversion from 'Persistentv8::FunctionTemplate' to 'v8::Localv8::FunctionTemplate'
NODE_SET_PROTOTYPE_METHOD(constructor_template, "addProbe", DTraceProvider::AddProbe);
^
/Users/marcus/.node-gyp/8.1.3/include/node/v8.h:189:7: note: candidate constructor (the implicit copy constructor) not viable: no known conversion from
'Persistentv8::FunctionTemplate' to 'const v8::Localv8::FunctionTemplate &' for 1st argument
class Local {
^
/Users/marcus/.node-gyp/8.1.3/include/node/v8.h:189:7: note: candidate constructor (the implicit move constructor) not viable: no known conversion from
'Persistentv8::FunctionTemplate' to 'v8::Localv8::FunctionTemplate &&' for 1st argument
/Users/marcus/.node-gyp/8.1.3/include/node/v8.h:193:13: note: candidate template ignored: could not match 'Local' against 'Persistent'
V8_INLINE Local(Local that)
^
/Users/marcus/.node-gyp/8.1.3/include/node/node.h:286:71: note: passing argument to parameter 'recv' here
inline void NODE_SET_PROTOTYPE_METHOD(v8::Localv8::FunctionTemplate recv,
^
../dtrace_provider.cc:31:31: error: no viable conversion from 'Persistentv8::FunctionTemplate' to 'v8::Localv8::FunctionTemplate'
NODE_SET_PROTOTYPE_METHOD(constructor_template, "removeProbe", DTraceProvider::RemoveProbe);
^~~~~~~~~~~~~~~~~~~~
/Users/marcus/.node-gyp/8.1.3/include/node/v8.h:189:7: note: candidate constructor (the implicit copy constructor) not viable: no known conversion from
'Persistentv8::FunctionTemplate' to 'const v8::Localv8::FunctionTemplate &' for 1st argument
class Local {
^
/Users/marcus/.node-gyp/8.1.3/include/node/v8.h:189:7: note: candidate constructor (the implicit move constructor) not viable: no known conversion from
'Persistentv8::FunctionTemplate' to 'v8::Localv8::FunctionTemplate &&' for 1st argument
/Users/marcus/.node-gyp/8.1.3/include/node/v8.h:193:13: note: candidate template ignored: could not match 'Local' against 'Persistent'
V8_INLINE Local(Local that)
^
/Users/marcus/.node-gyp/8.1.3/include/node/node.h:286:71: note: passing argument to parameter 'recv' here
inline void NODE_SET_PROTOTYPE_METHOD(v8::Localv8::FunctionTemplate recv,
^
fatal error: too many errors emitted, stopping now [-ferror-limit=]
20 errors generated.
make: *** [Release/obj.target/DTraceProviderBindings/dtrace_provider.o] Error 1
gyp ERR! build error
gyp ERR! stack Error: make failed with exit code: 2
gyp ERR! stack at ChildProcess.onExit (/usr/local/lib/node_modules/npm/node_modules/node-gyp/lib/build.js:258:23)
gyp ERR! stack at emitTwo (events.js:125:13)
gyp ERR! stack at ChildProcess.emit (events.js:213:7)
gyp ERR! stack at Process.ChildProcess._handle.onexit (internal/child_process.js:197:12)
gyp ERR! System Darwin 15.6.0
gyp ERR! command "/usr/local/bin/node" "/usr/local/lib/node_modules/npm/node_modules/node-gyp/bin/node-gyp.js" "rebuild"
gyp ERR! cwd /usr/local/lib/node_modules/anvil-connect/node_modules/ldapauth-fork/node_modules/dtrace-provider
gyp ERR! node -v v8.1.3
gyp ERR! node-gyp -v v3.6.2
gyp ERR! not ok
npm WARN optional SKIPPING OPTIONAL DEPENDENCY: dtrace-provider@0.2.8 (node_modules/anvil-connect/node_modules/pooling/node_modules/dtrace-provider):
npm WARN optional SKIPPING OPTIONAL DEPENDENCY: dtrace-provider@0.2.8 install: node-gyp rebuild
npm WARN optional SKIPPING OPTIONAL DEPENDENCY: Exit status 1
npm WARN optional SKIPPING OPTIONAL DEPENDENCY: dtrace-provider@0.2.8 (node_modules/anvil-connect/node_modules/ldapauth-fork/node_modules/dtrace-provider):
npm WARN optional SKIPPING OPTIONAL DEPENDENCY: dtrace-provider@0.2.8 install: node-gyp rebuild
npm WARN optional SKIPPING OPTIONAL DEPENDENCY: Exit status 1

anvil-connect@0.1.59
added 2 packages and updated 1 package in 11.544s