Error:

```> Failed to notify project evaluation listener.
   > com.android.build.gradle.BasePlugin.getVariantManager()Lcom/android/build/gradle/internal/VariantManager;
   > com.android.build.gradle.BasePlugin.getVariantManager()Lcom/android/build/gradle/internal/VariantManager;
```

StackTrace:

```
Caused by: java.lang.NoSuchMethodError: com.android.build.gradle.BasePlugin.getVariantManager()Lcom/android/build/gradle/internal/VariantManager;
        at com.archinamon.utils.VariantUtilsKt.getVariantScopes(VariantUtils.kt:105)
        at com.archinamon.utils.VariantUtilsKt.getVariantDataList(VariantUtils.kt:101)
        at com.archinamon.plugin.PluginSetupKt.prepareVariant(PluginSetup.kt:52)
        at com.archinamon.plugin.PluginSetupKt.access$prepareVariant(PluginSetup.kt:1)
        at com.archinamon.plugin.PluginSetupKt$configProject$1.invoke(PluginSetup.kt:27)
        at com.archinamon.plugin.PluginSetupKt$configProject$1.invoke(PluginSetup.kt)
        at com.archinamon.plugin.PluginSetupKt$whenEvaluated$1.invoke(PluginSetup.kt:125)
        at com.archinamon.plugin.PluginSetupKt$whenEvaluated$1.invoke(PluginSetup.kt)
        at com.archinamon.plugin.PluginSetupKt$sam$i$org_gradle_api_Action$0.execute(PluginSetup.kt)
        at org.gradle.configuration.internal.DefaultListenerBuildOperationDecorator$BuildOperationEmittingAction$1.lambda$run$0(DefaultListenerBuildOperationDecorator.java:152)
        at org.gradle.configuration.internal.DefaultUserCodeApplicationContext.reapply(DefaultUserCodeApplicationContext.java:60)
        at org.gradle.configuration.internal.DefaultListenerBuildOperationDecorator$BuildOperationEmittingAction$1.run(DefaultListenerBuildOperationDecorator.java:152)
        at org.gradle.internal.operations.DefaultBuildOperationExecutor$RunnableBuildOperationWorker.execute(DefaultBuildOperationExecutor.java:402)
        at org.gradle.internal.operations.DefaultBuildOperationExecutor$RunnableBuildOperationWorker.execute(DefaultBuildOperationExecutor.java:394)
        at org.gradle.internal.operations.DefaultBuildOperationExecutor$1.execute(DefaultBuildOperationExecutor.java:165)
        at org.gradle.internal.operations.DefaultBuildOperationExecutor.execute(DefaultBuildOperationExecutor.java:250)
        at org.gradle.internal.operations.DefaultBuildOperationExecutor.execute(DefaultBuildOperationExecutor.java:158)
        at org.gradle.internal.operations.DefaultBuildOperationExecutor.run(DefaultBuildOperationExecutor.java:92)
        at org.gradle.configuration.internal.DefaultListenerBuildOperationDecorator$BuildOperationEmittingAction.execute(DefaultListenerBuildOperationDecorator.java:149)
        at org.gradle.internal.event.BroadcastDispatch$ActionInvocationHandler.dispatch(BroadcastDispatch.java:92)
        at org.gradle.internal.event.BroadcastDispatch$ActionInvocationHandler.dispatch(BroadcastDispatch.java:80)
        at org.gradle.internal.event.AbstractBroadcastDispatch.dispatch(AbstractBroadcastDispatch.java:42)
        at org.gradle.internal.event.BroadcastDispatch$SingletonDispatch.dispatch(BroadcastDispatch.java:231)
        at org.gradle.internal.event.BroadcastDispatch$SingletonDispatch.dispatch(BroadcastDispatch.java:150)
        at org.gradle.internal.event.AbstractBroadcastDispatch.dispatch(AbstractBroadcastDispatch.java:58)

```
When we used Android Gradle version  classpath 'com.android.tools.build:gradle:3.5.1' with         classpath "com.archinamon:android-gradle-aspectj:4.0.0" .

I am getting below compile time error : 

Method com/archinamon/api/ClasspathFileCollection.getBuildDependencies()Lorg/gradle/api/tasks/TaskDependency; is abstract
I set `buildTimeLog` to `false` at every place where I apply plugin, f.e. 
```groovy
// app module
apply plugin: "com.archinamon.aspectj-ext"

aspectj {
    buildTimeLog = false
    includeAspectsFromJar 'aspects_provider'
}
```
or/and
```groovy
// aspects_provider module
apply plugin: 'com.archinamon.aspectj-provides'

aspectj {
    buildTimeLog false
}
```
But build output looks like
```bash
> Task :app:generateDevDebugSources UP-TO-DATE
:app:generateDevDebugSources spend 0ms
:app:generateDevDebugSources spend 1ms
:app:generateDevDebugSources spend 1ms
:app:generateDevDebugSources spend 1ms
:app:generateDevDebugSources spend 1ms
:app:generateDevDebugSources spend 1ms
Task spend time:
Task spend time:
Task spend time:
Task spend time:
Task spend time:
Task spend time:

Deprecated Gradle features were used in this build, making it incompatible with Gradle 6.0.
Use '--warning-mode all' to show the individual deprecation warnings.
See https://docs.gradle.org/5.4.1/userguide/command_line_interface.html#sec:command_line_warnings

BUILD SUCCESSFUL in 1s
64 actionable tasks: 64 up-to-date
```

How it could be solved?
Hi Eduard,
I found your work about aspectj for android studio project.
I created a simple HelloWorld project with the android studio wizard.
Then, I tried to follow your "step by step" described in the section "Usage" on this page https://github.com/Archinamon/android-gradle-aspectj.
I created also the following Java class in order to test with 2 break points :
- the first on the function "LogAspect.logAroundAllMethods"
- the second on the function "MainActivity.onCreate"

The program stop on the second break point but not on the first one.
Can you help me to understand and solve this problem?
Thank you in advance for your help.
Best regards,
Franck

---

package fr.fserot.hellojavaworld.aspectj;

import org.aspectj.lang.ProceedingJoinPoint;
import org.aspectj.lang.annotation.Around;
import org.aspectj.lang.annotation.Aspect;

@Aspect
public class LogAspect {

    @Around("execution(* fr.fserot.hellojavaworld.MainActivity.onCreate(*))")
    public Object logAroundAllMethods(final ProceedingJoinPoint joinPoint) throws Throwable {
        Object obj = joinPoint.proceed();
        return obj;
    }
}
I want to write log when user call public function (ex: void A() ) from .Jar library (A.jar) , this is library from network  .So I build an .aar file (B.aar) with A.jar library and send B.aar to User. How can I pointcut with function of A.jar in module B.aar ? . I used both of execution and call but it is not work.
**Preconditions:**
Application's build.gradle has the aspectj plugin enabled
`apply plugin: 'com.archinamon.aspectj'`
Aspects are added to another module( library module ), with the plugin `com.archinamon.aspectj-provides` applied. This has been configured with `includeAspectsFromJar` in the app's build.gradle

**Problem:**
When i launch Instrumentation tests my app fails to start due to:

 java.lang.ClassNotFoundException: Didn't find class "com.example.MyApp" on path: DexPathList ...
Task `transformClassesWithAspectjForDebugAndroidTest` doesn't get executed correctly, though `transformClassesWithAspectjForDebug` prints the weaving info correctly.
```
:transformClassesWithAspectjForDebugAndroidTest
---------- Starting augmentation with AspectJ transformer ----------
Ajc classpath doesn't has needed runtime environment
---------- Exit AspectJ transformer w/o processing ----------
```

Note that running the application works fine( weaving works too ). Issue is only with Instrumented tests. Though https://github.com/Archinamon/android-gradle-aspectj/issues/72 looks similar, it doesn't provide much insights into the solution. The issue doesn't seem to be related to Java 8.
Hi,

I've added:
`dependencies {
    classpath "com.archinamon:android-gradle-aspectj:3.3.7"
}`
into build.gradle and into library build.gradle:
`apply plugin: 'com.android.library'
apply plugin: 'kotlin-android'
apply plugin: 'kotlin-kapt'
apply plugin: 'com.archinamon.aspectj-ext'`
I have one simple aspect file and when I try to build with gradle I got error:

> FAILURE:
>
> Build failed with an exception.
> What went wrong:
> EMPTY
> Exception is:
> java.lang.NoSuchFieldError: EMPTY
> at com.archinamon.api.ClasspathFileCollection.getBuildDependencies(ClasspathFileCollection.kt:14)
> at org.gradle.api.internal.tasks.CachingTaskDependencyResolveContext$TaskGraphImpl.getNodeValues(CachingTaskDependencyResolveContext.java:100)
>...

**BUT**, if I remove plugin: 'com.archinamon.aspectj-ext', build again, build fails due to unknown @Aspect etc, and then add again plugin and build again, now it works fine, why?!

Second issue that I have is if I have more then one aspect files, only one is weaved, other one is ignored, why?!

Please point me into right direction if you can. Thanks.
Hi. Thank you for this plugin. I am wondering is it possible to write aspects in Kotlin? I compiled project with no errors. But when i looked in the decompiled code there is no aspects in there. Im using kotlin 1.2.30
 xx:xx:1.0.0 is my library，contain android-gradle-aspectj, I implementation this library in my app's build.gradle‘s dependencies
I don't know set this ，please help me
`aspectj {
    includeAspectsFromJar 'xx'
}`
when I building project with local test library module i get exception
build.gradle
```
apply plugin: 'com.android.application'
apply plugin: 'com.archinamon.aspectj-ext'

android {
    compileSdkVersion 26
    defaultConfig {
        applicationId "com.yandex.aspectj_test"
        minSdkVersion 16
        targetSdkVersion 26
        versionCode 1
        versionName "1.0"
        testInstrumentationRunner "android.support.test.runner.AndroidJUnitRunner"
    }
    buildTypes {
        release {
            minifyEnabled false
            proguardFiles getDefaultProguardFile('proguard-android.txt'), 'proguard-rules.pro'
        }
    }
}

dependencies {
    implementation 'com.android.support:appcompat-v7:26.1.0'
    implementation 'com.android.support.constraint:constraint-layout:1.0.2'
    testImplementation 'junit:junit:4.12'
    testImplementation project(':lib-test')
    androidTestImplementation 'com.android.support.test:runner:1.0.1'
    androidTestImplementation 'com.android.support.test.espresso:espresso-core:3.0.1'
}

```

```
* Exception is:
org.gradle.api.ProjectConfigurationException: A problem occurred configuring project ':app'.
        at org.gradle.configuration.project.LifecycleProjectEvaluator.addConfigurationFailure(LifecycleProjectEvaluator.java:87)
        at org.gradle.configuration.project.LifecycleProjectEvaluator.notifyAfterEvaluate(LifecycleProjectEvaluator.java:82)
        at org.gradle.configuration.project.LifecycleProjectEvaluator.doConfigure(LifecycleProjectEvaluator.java:69)
        at org.gradle.configuration.project.LifecycleProjectEvaluator.access$100(LifecycleProjectEvaluator.java:33)
        at org.gradle.configuration.project.LifecycleProjectEvaluator$ConfigureProject.run(LifecycleProjectEvaluator.java:103)
        at org.gradle.internal.progress.DefaultBuildOperationExecutor$RunnableBuildOperationWorker.execute(DefaultBuildOperationExecutor.java:336)
        at org.gradle.internal.progress.DefaultBuildOperationExecutor$RunnableBuildOperationWorker.execute(DefaultBuildOperationExecutor.java:328)
        at org.gradle.internal.progress.DefaultBuildOperationExecutor.execute(DefaultBuildOperationExecutor.java:197)
        at org.gradle.internal.progress.DefaultBuildOperationExecutor.run(DefaultBuildOperationExecutor.java:107)
        at org.gradle.configuration.project.LifecycleProjectEvaluator.evaluate(LifecycleProjectEvaluator.java:49)
        at org.gradle.api.internal.project.DefaultProject.evaluate(DefaultProject.java:651)
        at org.gradle.api.internal.project.DefaultProject.evaluate(DefaultProject.java:133)
        at org.gradle.execution.TaskPathProjectEvaluator.configure(TaskPathProjectEvaluator.java:35)
        at org.gradle.execution.TaskPathProjectEvaluator.configureHierarchy(TaskPathProjectEvaluator.java:62)
        at org.gradle.configuration.DefaultBuildConfigurer.configure(DefaultBuildConfigurer.java:38)
        at org.gradle.initialization.DefaultGradleLauncher$ConfigureBuild.run(DefaultGradleLauncher.java:246)
        at org.gradle.internal.progress.DefaultBuildOperationExecutor$RunnableBuildOperationWorker.execute(DefaultBuildOperationExecutor.java:336)
        at org.gradle.internal.progress.DefaultBuildOperationExecutor$RunnableBuildOperationWorker.execute(DefaultBuildOperationExecutor.java:328)
        at org.gradle.internal.progress.DefaultBuildOperationExecutor.execute(DefaultBuildOperationExecutor.java:197)
        at org.gradle.internal.progress.DefaultBuildOperationExecutor.run(DefaultBuildOperationExecutor.java:107)
        at org.gradle.initialization.DefaultGradleLauncher.configureBuild(DefaultGradleLauncher.java:165)
        at org.gradle.initialization.DefaultGradleLauncher.doBuildStages(DefaultGradleLauncher.java:124)
        at org.gradle.initialization.DefaultGradleLauncher.executeTasks(DefaultGradleLauncher.java:107)
        at org.gradle.internal.invocation.GradleBuildController$1.call(GradleBuildController.java:78)
        at org.gradle.internal.invocation.GradleBuildController$1.call(GradleBuildController.java:75)
        at org.gradle.internal.work.DefaultWorkerLeaseService.withLocks(DefaultWorkerLeaseService.java:152)
        at org.gradle.internal.invocation.GradleBuildController.doBuild(GradleBuildController.java:100)
        at org.gradle.internal.invocation.GradleBuildController.run(GradleBuildController.java:75)
        at org.gradle.tooling.internal.provider.ExecuteBuildActionRunner.run(ExecuteBuildActionRunner.java:28)
        at org.gradle.launcher.exec.ChainingBuildActionRunner.run(ChainingBuildActionRunner.java:35)
        at org.gradle.tooling.internal.provider.ValidatingBuildActionRunner.run(ValidatingBuildActionRunner.java:32)
        at org.gradle.launcher.exec.RunAsBuildOperationBuildActionRunner$1.run(RunAsBuildOperationBuildActionRunner.java:43)
        at org.gradle.internal.progress.DefaultBuildOperationExecutor$RunnableBuildOperationWorker.execute(DefaultBuildOperationExecutor.java:336)
        at org.gradle.internal.progress.DefaultBuildOperationExecutor$RunnableBuildOperationWorker.execute(DefaultBuildOperationExecutor.java:328)
        at org.gradle.internal.progress.DefaultBuildOperationExecutor.execute(DefaultBuildOperationExecutor.java:197)
        at org.gradle.internal.progress.DefaultBuildOperationExecutor.run(DefaultBuildOperationExecutor.java:107)
        at org.gradle.launcher.exec.RunAsBuildOperationBuildActionRunner.run(RunAsBuildOperationBuildActionRunner.java:40)
        at org.gradle.tooling.internal.provider.SubscribableBuildActionRunner.run(SubscribableBuildActionRunner.java:51)
        at org.gradle.launcher.exec.InProcessBuildActionExecuter.execute(InProcessBuildActionExecuter.java:45)
        at org.gradle.launcher.exec.InProcessBuildActionExecuter.execute(InProcessBuildActionExecuter.java:29)
        at org.gradle.launcher.exec.BuildTreeScopeBuildActionExecuter.execute(BuildTreeScopeBuildActionExecuter.java:39)
        at org.gradle.launcher.exec.BuildTreeScopeBuildActionExecuter.execute(BuildTreeScopeBuildActionExecuter.java:25)
        at org.gradle.tooling.internal.provider.ContinuousBuildActionExecuter.execute(ContinuousBuildActionExecuter.java:71)
        at org.gradle.tooling.internal.provider.ContinuousBuildActionExecuter.execute(ContinuousBuildActionExecuter.java:45)
        at org.gradle.tooling.internal.provider.ServicesSetupBuildActionExecuter.execute(ServicesSetupBuildActionExecuter.java:51)
        at org.gradle.tooling.internal.provider.ServicesSetupBuildActionExecuter.execute(ServicesSetupBuildActionExecuter.java:32)
        at org.gradle.tooling.internal.provider.GradleThreadBuildActionExecuter.execute(GradleThreadBuildActionExecuter.java:36)
        at org.gradle.tooling.internal.provider.GradleThreadBuildActionExecuter.execute(GradleThreadBuildActionExecuter.java:25)
        at org.gradle.tooling.internal.provider.ParallelismConfigurationBuildActionExecuter.execute(ParallelismConfigurationBuildActionExecuter.java:43)
        at org.gradle.tooling.internal.provider.ParallelismConfigurationBuildActionExecuter.execute(ParallelismConfigurationBuildActionExecuter.java:29)
        at org.gradle.tooling.internal.provider.StartParamsValidatingActionExecuter.execute(StartParamsValidatingActionExecuter.java:64)
        at org.gradle.tooling.internal.provider.StartParamsValidatingActionExecuter.execute(StartParamsValidatingActionExecuter.java:29)
        at org.gradle.tooling.internal.provider.SessionFailureReportingActionExecuter.execute(SessionFailureReportingActionExecuter.java:55)
        at org.gradle.tooling.internal.provider.SessionFailureReportingActionExecuter.execute(SessionFailureReportingActionExecuter.java:42)
        at org.gradle.tooling.internal.provider.SetupLoggingActionExecuter.execute(SetupLoggingActionExecuter.java:58)
        at org.gradle.tooling.internal.provider.SetupLoggingActionExecuter.execute(SetupLoggingActionExecuter.java:33)
        at org.gradle.launcher.daemon.server.exec.ExecuteBuild.doBuild(ExecuteBuild.java:67)
        at org.gradle.launcher.daemon.server.exec.BuildCommandOnly.execute(BuildCommandOnly.java:36)
        at org.gradle.launcher.daemon.server.api.DaemonCommandExecution.proceed(DaemonCommandExecution.java:120)
        at org.gradle.launcher.daemon.server.exec.WatchForDisconnection.execute(WatchForDisconnection.java:37)
        at org.gradle.launcher.daemon.server.api.DaemonCommandExecution.proceed(DaemonCommandExecution.java:120)
        at org.gradle.launcher.daemon.server.exec.ResetDeprecationLogger.execute(ResetDeprecationLogger.java:26)
        at org.gradle.launcher.daemon.server.api.DaemonCommandExecution.proceed(DaemonCommandExecution.java:120)
        at org.gradle.launcher.daemon.server.exec.RequestStopIfSingleUsedDaemon.execute(RequestStopIfSingleUsedDaemon.java:34)
        at org.gradle.launcher.daemon.server.api.DaemonCommandExecution.proceed(DaemonCommandExecution.java:120)
        at org.gradle.launcher.daemon.server.exec.ForwardClientInput$2.call(ForwardClientInput.java:74)
        at org.gradle.launcher.daemon.server.exec.ForwardClientInput$2.call(ForwardClientInput.java:72)
        at org.gradle.util.Swapper.swap(Swapper.java:38)
        at org.gradle.launcher.daemon.server.exec.ForwardClientInput.execute(ForwardClientInput.java:72)
        at org.gradle.launcher.daemon.server.api.DaemonCommandExecution.proceed(DaemonCommandExecution.java:120)
        at org.gradle.launcher.daemon.server.exec.LogAndCheckHealth.execute(LogAndCheckHealth.java:55)
        at org.gradle.launcher.daemon.server.api.DaemonCommandExecution.proceed(DaemonCommandExecution.java:120)
        at org.gradle.launcher.daemon.server.exec.LogToClient.doBuild(LogToClient.java:62)
        at org.gradle.launcher.daemon.server.exec.BuildCommandOnly.execute(BuildCommandOnly.java:36)
        at org.gradle.launcher.daemon.server.api.DaemonCommandExecution.proceed(DaemonCommandExecution.java:120)
        at org.gradle.launcher.daemon.server.exec.EstablishBuildEnvironment.doBuild(EstablishBuildEnvironment.java:82)
        at org.gradle.launcher.daemon.server.exec.BuildCommandOnly.execute(BuildCommandOnly.java:36)
        at org.gradle.launcher.daemon.server.api.DaemonCommandExecution.proceed(DaemonCommandExecution.java:120)
        at org.gradle.launcher.daemon.server.exec.StartBuildOrRespondWithBusy$1.run(StartBuildOrRespondWithBusy.java:50)
        at org.gradle.launcher.daemon.server.DaemonStateCoordinator$1.run(DaemonStateCoordinator.java:297)
        at org.gradle.internal.concurrent.ExecutorPolicy$CatchAndRecordFailures.onExecute(ExecutorPolicy.java:63)
        at org.gradle.internal.concurrent.ManagedExecutorImpl$1.run(ManagedExecutorImpl.java:46)
        at org.gradle.internal.concurrent.ThreadFactoryImpl$ManagedThreadRunnable.run(ThreadFactoryImpl.java:55)
Caused by: org.gradle.api.internal.artifacts.ivyservice.DefaultLenientConfiguration$ArtifactResolveException: Could not resolve all files for configuration ':app:debugUnitTestCompileClasspath'.
        at org.gradle.api.internal.artifacts.configurations.DefaultConfiguration.rethrowFailure(DefaultConfiguration.java:882)
        at org.gradle.api.internal.artifacts.configurations.DefaultConfiguration.access$1500(DefaultConfiguration.java:114)
        at org.gradle.api.internal.artifacts.configurations.DefaultConfiguration$ConfigurationFileCollection.getFiles(DefaultConfiguration.java:856)
        at org.gradle.api.internal.file.CompositeFileCollection.getFiles(CompositeFileCollection.java:56)
        at com.archinamon.api.AspectJCompileTask$Builder.classpath(AspectJCompileTask.kt:114)
        at com.archinamon.api.AspectJCompileTask$Builder.access$classpath(AspectJCompileTask.kt:21)
        at com.archinamon.api.AspectJCompileTask$Builder$buildAndAttach$task$1.invoke(AspectJCompileTask.kt:69)
        at com.archinamon.api.AspectJCompileTask$Builder$buildAndAttach$task$1.invoke(AspectJCompileTask.kt:21)
        at com.archinamon.lang.kotlin.KotlinClosure.doCall(GroovyInteroperability.kt:63)
        at org.gradle.api.internal.ClosureBackedAction.execute(ClosureBackedAction.java:71)
        at org.gradle.util.ConfigureUtil.configureTarget(ConfigureUtil.java:154)
        at org.gradle.util.ConfigureUtil.configureSelf(ConfigureUtil.java:136)
        at org.gradle.api.internal.AbstractTask.configure(AbstractTask.java:600)
        at org.gradle.api.internal.project.DefaultProject.task(DefaultProject.java:1193)
        at com.archinamon.api.AspectJCompileTask$Builder.buildAndAttach(AspectJCompileTask.kt:64)
        at com.archinamon.plugin.PluginSetupKt.configureCompiler(PluginSetup.kt:68)
        at com.archinamon.plugin.PluginSetupKt.access$configureCompiler(PluginSetup.kt:1)
        at com.archinamon.plugin.PluginSetupKt$configProject$1.execute(PluginSetup.kt:26)
        at com.archinamon.plugin.PluginSetupKt$configProject$1.execute(PluginSetup.kt)
        at org.gradle.internal.event.BroadcastDispatch$ActionInvocationHandler.dispatch(BroadcastDispatch.java:91)
        at org.gradle.internal.event.BroadcastDispatch$ActionInvocationHandler.dispatch(BroadcastDispatch.java:80)
        at org.gradle.internal.event.AbstractBroadcastDispatch.dispatch(AbstractBroadcastDispatch.java:42)
        at org.gradle.internal.event.BroadcastDispatch$SingletonDispatch.dispatch(BroadcastDispatch.java:230)
        at org.gradle.internal.event.BroadcastDispatch$SingletonDispatch.dispatch(BroadcastDispatch.java:149)
        at org.gradle.internal.event.AbstractBroadcastDispatch.dispatch(AbstractBroadcastDispatch.java:58)
        at org.gradle.internal.event.BroadcastDispatch$CompositeDispatch.dispatch(BroadcastDispatch.java:324)
        at org.gradle.internal.event.BroadcastDispatch$CompositeDispatch.dispatch(BroadcastDispatch.java:234)
        at org.gradle.internal.event.ListenerBroadcast.dispatch(ListenerBroadcast.java:140)
        at org.gradle.internal.event.ListenerBroadcast.dispatch(ListenerBroadcast.java:37)
        at org.gradle.internal.dispatch.ProxyDispatchAdapter$DispatchingInvocationHandler.invoke(ProxyDispatchAdapter.java:93)
        at com.sun.proxy.$Proxy26.afterEvaluate(Unknown Source)
        at org.gradle.configuration.project.LifecycleProjectEvaluator.notifyAfterEvaluate(LifecycleProjectEvaluator.java:75)
        ... 81 more
Caused by: org.gradle.api.artifacts.transform.ArtifactTransformException: Failed to transform file 'lib-test.jar' to match attributes {artifactType=android-classes} using transform JarTransform
        at org.gradle.api.internal.artifacts.transform.DefaultVariantTransformRegistration.transform(DefaultVariantTransformRegistration.java:97)
        at org.gradle.api.internal.artifacts.transform.DefaultVariantTransformRegistration.transform(DefaultVariantTransformRegistration.java:41)
        at org.gradle.api.internal.artifacts.transform.DefaultArtifactTransforms$TransformArtifactOperation.run(DefaultArtifactTransforms.java:226)
        at org.gradle.internal.progress.DefaultBuildOperationExecutor$RunnableBuildOperationWorker.execute(DefaultBuildOperationExecutor.java:336)
        at org.gradle.internal.progress.DefaultBuildOperationExecutor$RunnableBuildOperationWorker.execute(DefaultBuildOperationExecutor.java:328)
        at org.gradle.internal.progress.DefaultBuildOperationExecutor.execute(DefaultBuildOperationExecutor.java:197)
        at org.gradle.internal.progress.DefaultBuildOperationExecutor.access$900(DefaultBuildOperationExecutor.java:61)
        at org.gradle.internal.progress.DefaultBuildOperationExecutor$ParentPreservingQueueWorker.execute(DefaultBuildOperationExecutor.java:378)
        at org.gradle.internal.operations.DefaultBuildOperationQueue$WorkerRunnable.runOperation(DefaultBuildOperationQueue.java:183)
        at org.gradle.internal.operations.DefaultBuildOperationQueue$WorkerRunnable.access$600(DefaultBuildOperationQueue.java:132)
        at org.gradle.internal.operations.DefaultBuildOperationQueue$WorkerRunnable$1.run(DefaultBuildOperationQueue.java:164)
        at org.gradle.internal.work.DefaultWorkerLeaseService.withLocks(DefaultWorkerLeaseService.java:164)
        at org.gradle.internal.operations.DefaultBuildOperationQueue$WorkerRunnable.runBatch(DefaultBuildOperationQueue.java:159)
        at org.gradle.internal.operations.DefaultBuildOperationQueue$WorkerRunnable.run(DefaultBuildOperationQueue.java:137)
        ... 3 more
Caused by: org.gradle.api.InvalidUserDataException: Transform output file /home/golov-rg/development/aspectjtest/lib-test/build/libs/lib-test.jar does not exist.
        at org.gradle.api.internal.artifacts.transform.ArtifactTransformBackedTransformer.apply(ArtifactTransformBackedTransformer.java:51)
        at org.gradle.api.internal.artifacts.transform.ArtifactTransformBackedTransformer.apply(ArtifactTransformBackedTransformer.java:28)
        at org.gradle.api.internal.artifacts.transform.DefaultTransformedFileCache$TransformAction.execute(DefaultTransformedFileCache.java:164)
        at org.gradle.api.internal.artifacts.transform.DefaultTransformedFileCache$TransformAction.execute(DefaultTransformedFileCache.java:151)
        at org.gradle.internal.resource.local.PathKeyFileStore$1.execute(PathKeyFileStore.java:106)
        at org.gradle.internal.resource.local.PathKeyFileStore$1.execute(PathKeyFileStore.java:102)
        at org.gradle.internal.resource.local.PathKeyFileStore.doAdd(PathKeyFileStore.java:155)
        at org.gradle.internal.resource.local.PathKeyFileStore.add(PathKeyFileStore.java:102)
        at org.gradle.internal.resource.local.PathKeyFileStore.add(PathKeyFileStore.java:49)
        at org.gradle.api.internal.artifacts.transform.DefaultTransformedFileCache$1$1.create(DefaultTransformedFileCache.java:135)
        at org.gradle.api.internal.artifacts.transform.DefaultTransformedFileCache$1$1.create(DefaultTransformedFileCache.java:113)
        at org.gradle.cache.internal.LockOnDemandCrossProcessCacheAccess.withFileLock(LockOnDemandCrossProcessCacheAccess.java:87)
        at org.gradle.cache.internal.DefaultCacheAccess.withFileLock(DefaultCacheAccess.java:185)
        at org.gradle.cache.internal.DefaultPersistentDirectoryStore.withFileLock(DefaultPersistentDirectoryStore.java:140)
        at org.gradle.cache.internal.DefaultCacheFactory$ReferenceTrackingCache.withFileLock(DefaultCacheFactory.java:179)
        at org.gradle.api.internal.artifacts.transform.DefaultTransformedFileCache$1.create(DefaultTransformedFileCache.java:113)
        at org.gradle.api.internal.artifacts.transform.DefaultTransformedFileCache$1.create(DefaultTransformedFileCache.java:105)
        at org.gradle.cache.internal.ProducerGuard$AdaptiveProducerGuard.guardByKey(ProducerGuard.java:97)
        at org.gradle.api.internal.artifacts.transform.DefaultTransformedFileCache.getResult(DefaultTransformedFileCache.java:105)
        at org.gradle.api.internal.artifacts.transform.DefaultVariantTransformRegistration.transform(DefaultVariantTransformRegistration.java:95)
        ... 16 more
```