Auth.currentCredentials() shows correct identityPoolId but when I try to publish or subscribe it throws the error
```
TypeError: undefined is not an object (evaluating '_a.identityPoolId')]
- node_modules/@aws-amplify/pubsub/node_modules/@aws-amplify/core/lib/Credentials.js:193:12 in __awaiter$argument_3
- node_modules/@aws-amplify/pubsub/node_modules/@aws-amplify/core/lib/Credentials.js:41:31 in step
- node_modules/@aws-amplify/pubsub/node_modules/@aws-amplify/core/lib/Credentials.js:17:100 in rejected
```

I was working on a project from scratch and had simply added default auth config with phone number as username, nothing custom. I didn't implement the signUp confirmation yet so I manually verified the test user from AWS console.


**Expected behavior**
SignIn works perfectly so it's expected that pubsub would also work correctly given the right permissions are set. 


<details>
  <summary><strong>Environment</strong></summary>


```
System:
    OS: Linux 5.3 Ubuntu 18.04.3 LTS (Bionic Beaver)
    CPU: x64 AMD Ryzen 7 2700X Eight-Core Processor
    Memory: 3.79 GB / 31.33 GB
    Container: Yes
    Shell: 4.4.20 - /bin/bash
  Binaries:
    Node: 13.6.0 - /usr/bin/node
    Yarn: 1.21.1 - /usr/bin/yarn
    npm: 6.13.4 - /usr/bin/npm
  Browsers:
    Chrome: 79.0.3945.88
    Firefox: 72.0.1
  npmPackages:
    expo-cli: ^3.11.5 => 3.11.5 
    global: ^4.4.0 => 4.4.0 
    react-dev-tools: ^0.0.1 => 0.0.1 
    react-devtools: ^4.4.0 => 4.4.0 
  npmGlobalPackages:
    npm: 6.13.4
    serverless-appsync-plugin: 1.1.2

```

</details>


**Smartphone (please complete the following information):**

- Device: OnePlus6T
- OS: Android 10




** Which Category is your question related to? **
Authentication
** What AWS Services are you utilizing? **
Cognito
** Provide additional details e.g. code snippets **

It looks the URL used to launch the federated OAuth flow is hardcoded with `http`
https://github.com/aws-amplify/amplify-js/blob/9fc0e596/packages/auth/src/OAuth/OAuth.ts#L91

It would be a more ideal UX to open the FB app directly to complete the auth flow if the user has it installed, instead of going through a mobile browser. If we were able to supply the protocol, we could utilize FB deep links to complete the auth flow in the app.
** Which Category is your question related to? **
 Storage.
** What AWS Services are you utilizing? **
Cognito, Auth, Storage.

I am using aws amplify Auth and storage in web application. I am using Storage.get to download a file from S3 bucket. How to track progress of the download?
**Describe the bug**
We are seeing random fails when connecting to a subscription. There are no errors, looking at Chrome dev tools WS socket, it looks like the socket connects, but no data/messages are sent back.

The subscription is a standard subscription to GraphQL.

**To Reproduce**
I'm afraid this one is somewhat hard to reproduce. We are using the very latest version of `amplify-js` and the most recent changes to subscriptions in the library has not changed anything in relation to this.

I know this does not make it easy to debug on, but my hope is to get pointers on how to track any message sent back and use that to better understand when the socket fails. I have studied the source code and cannot find anything in there that was helpful (probably due to my lack of understanding the related code) but we do have `error` configured, though as mentioned, no error is thrown.

Maybe others have seen similar behavior?

**Expected behavior**
That the library connects without issues and at least throws an error if it does not have a stable connection so that we can attempt to re-connect.

**Update:**
I was able to catch messages sent in the console when this happened again.

1. The client sends the GraphQL query to start the subscription.

![Broken subscription](https://user-images.githubusercontent.com/467330/72658679-3ff87280-3982-11ea-97a4-a529654c1363.png)

2. The client receives `start_ack` and after that silence.
![Image 2020-01-17 at 11 37 10 PM](https://user-images.githubusercontent.com/467330/72658686-69b19980-3982-11ea-914a-1e3f1bacaa2e.png)


Nothing is changed in the code for things to break. The component is otherwise stable and this is just happening randomly once in n times. This happens across all our components and for multiple users. We feel like it was more stable in the past, but we can't say as this is as mention hard to monitor on.
_Description of changes:_
- `amplify-authenticator` first pass data-test attributes
- Clean up constants to gain parody with legacy UI libs
- Clean up css variables for input styles

By submitting this pull request, I confirm that my contribution is made under the terms of the Apache 2.0 license.

**Is your feature request related to a problem? Please describe.**
Integrating Step Functions is not currently supported, but is something I find myself using

**Describe the solution you'd like**
I would love it if Step Functions were to become officially supported to be provisioned and given access in the Amplify CLI.

**Describe alternatives you've considered**
I'm currently manually integrating the CloudFormation behind the scenes, or alternately using Terraform as a completely separate side application which then gets called from Amplify Apps.

**Additional context**
AWS Step Functions is a very powerful solution for a lot of backend processes that I have behind the apps I write. To be able to natively use it in Amplify would be such a big time saver. Looks like the CloudFormation itself for it is pretty easy, but using Lambdas in the state machine is something I'm still figuring out and I'm guessing is the more difficult implementation blocker to overcome.
**Describe the bug**
I recently updated my aws-amplify version to the latest (2.2.2) and now all my tests are failing with the error `ReferenceError: document is not defined`. The issue seems to be with the `@aws-amplify/analytics` package. A workaround for the time being is to add a resolution in my package.json to resolve the analytics package to an older version (pre version 2.x.x) seems to work.

**To Reproduce**
Steps to reproduce the behavior:

1) run `yarn add aws-amplify` in your React Native app
2) run `yarn test`
3) Get error about document not being defined.

**Expected behavior**
Expect the analytics package to be able to correctly determine that the tests aren't being run in a browser and handle accordingly.

**Screenshots**
If applicable, add screenshots to help explain your problem.

<details>
  <summary><strong>Environment</strong></summary>

```
  System:
    OS: macOS 10.15.2
    CPU: (12) x64 Intel(R) Core(TM) i7-8750H CPU @ 2.20GHz
    Memory: 1.30 GB / 16.00 GB
    Shell: 5.7.1 - /bin/zsh
  Binaries:
    Node: 12.6.0 - ~/.nvm/versions/node/v12.6.0/bin/node
    Yarn: 1.17.3 - /usr/local/bin/yarn
    npm: 6.13.0 - ~/Repos/babor-app/node_modules/.bin/npm
    Watchman: 4.9.0 - /usr/local/bin/watchman
  Browsers:
    Chrome: 80.0.3987.53
    Safari: 13.0.4
  npmPackages:
    @apollo/react-components: ^3.1.3 => 3.1.3 
    @apollo/react-hoc: ^3.1.3 => 3.1.3 
    @apollo/react-hooks: ^3.1.3 => 3.1.3 
    @apollo/react-testing: ^3.1.3 => 3.1.3 
    @bankify/react-native-animate-number: ^0.2.1 => 0.2.1 
    @bugsnag/expo: ^6.4.1 => 6.4.1 
    @graphql-codegen/cli: ^1.8.3 => 1.8.3 
    @graphql-codegen/typescript: ^1.8.3 => 1.8.3 
    @graphql-codegen/typescript-operations: ^1.8.3 => 1.8.3 
    @graphql-codegen/typescript-react-apollo: ^1.8.3 => 1.8.3 
    @react-native-community/datetimepicker: ^2.1.0 => 2.1.0 
    @testing-library/react-native: ^4.2.0 => 4.2.0 
    @types/jest: ^24.0.21 => 24.0.22 
    @types/react: ^16.8.23 => 16.9.11 
    @types/react-native: ^0.57.65 => 0.57.65 
    @types/react-native-svg-charts: ^5.0.3 => 5.0.3 
    @types/react-native-tab-view: ^1.0.6 => 1.0.6 
    @types/react-native-vector-icons: ^6.4.4 => 6.4.4 
    @types/react-navigation: ^3.0.8 => 3.0.8 
    @types/styled-components: ^4.1.20 => 4.4.0 
    @types/styled-system: ^5.1.3 => 5.1.3 
    @typescript-eslint/eslint-plugin: ^2.6.1 => 2.6.1 
    @typescript-eslint/parser: ^2.6.1 => 2.6.1 
    apollo-boost: ^0.4.4 => 0.4.4 
    apollo-cache-inmemory: ^1.6.3 => 1.6.3 
    apollo-client: ^2.6.4 => 2.6.4 
    apollo-link: ^1.2.13 => 1.2.13 
    apollo-link-http: ^1.5.16 => 1.5.16 
    aws-amplify: ^2.2.2 => 2.2.2 
    aws-amplify-react-native: ^3.2.0 => 3.2.0 
    aws-appsync: ^2.0.2 => 2.0.2 
    aws-appsync-auth-link: ^1.0.1 => 1.0.1 
    aws-appsync-subscription-link: ^1.0.1 => 1.0.1 
    babel-preset-expo: ^7.1.0 => 7.1.0 
    eslint: ^6.8.0 => 6.8.0 
    eslint-config-prettier: ^6.5.0 => 6.5.0 
    eslint-plugin-prettier: ^3.1.1 => 3.1.1 
    eslint-plugin-react: ^7.16.0 => 7.16.0 
    eslint-plugin-react-native: ^3.8.1 => 3.8.1 
    expo: ^35.0.0 => 35.0.1 
    expo-blur: ~7.0.0 => 7.0.0 
    expo-constants: ~7.0.0 => 7.0.1 
    expo-contacts: ~7.0.0 => 7.0.0 
    expo-file-system: ~7.0.0 => 7.0.0 
    expo-font: ~7.0.0 => 7.0.0 
    expo-image-picker: ~7.0.0 => 7.0.0 
    expo-linear-gradient: ~7.0.0 => 7.0.1 
    expo-permissions: ~7.0.0 => 7.0.0 
    expo-sharing: ~7.0.0 => 7.0.0 
    formik: ^2.0.3 => 2.0.3 
    graphql: ^14.5.8 => 14.5.8 
    husky: ^3.0.9 => 3.0.9 
    jest: ^24.9.0 => 24.9.0 
    jest-expo: ^35.0.0 => 35.0.0 
    jsdom: ^16.0.0 => 16.0.0 
    jwt-decode: ^2.2.0 => 2.2.0 
    moment: ^2.24.0 => 2.24.0 
    prettier: ^1.18.2 => 1.19.1 
    react: 16.8.3 => 16.8.3 
    react-dom: 16.8.3 => 16.8.3 
    react-native: https://github.com/expo/react-native/archive/sdk-35.0.0.tar.gz => 0.59.8 
    react-native-animatable: ^1.3.3 => 1.3.3 
    react-native-circular-progress: ^1.3.4 => 1.3.4 
    react-native-collapsible: ^1.5.1 => 1.5.1 
    react-native-expo-image-cache: ^4.0.8 => 4.0.8 
    react-native-gesture-handler: ~1.3.0 => 1.3.0 
    react-native-modal-datetime-picker: ^8.1.0 => 8.1.0 
    react-native-reanimated: ~1.2.0 => 1.2.0 
    react-native-redash: ^8.6.0 => 8.6.0 
    react-native-snap-carousel: ^3.8.4 => 3.8.4 
    react-native-styled-toast: ^1.0.15 => 1.0.15 
    react-native-svg: 9.9.5 => 9.9.5 
    react-native-svg-charts: ^5.3.0 => 5.3.0 
    react-native-tab-view: ^2.10.0 => 2.10.0 
    react-native-vector-icons: ^6.6.0 => 6.6.0 
    react-native-web: ^0.11.7 => 0.11.7 
    react-navigation: ^4.0.10 => 4.0.10 
    react-navigation-animated-switch: ^0.3.2 => 0.3.2 
    react-navigation-stack: ^1.10.3 => 1.10.3 
    react-navigation-tabs: ^2.5.6 => 2.5.6 
    semantic-release: ^15.13.30 => 15.13.30 
    semantic-release-expo: ^2.2.3 => 2.2.3 
    semantic-release-git-branches: ^1.2.1 => 1.2.1 
    styled-components: ^4.4.1 => 4.4.1 
    styled-system: ^5.1.2 => 5.1.2 
    svg-path-properties: ^0.5.2 => 0.5.2 
    typescript: ^3.6.3 => 3.7.2 
    yup: ^0.27.0 => 0.27.0 
  npmGlobalPackages:
    @create-labs-app/cli: 1.0.10
    amplify-cli: 1.0.0
    cla-expo: 1.1.0
    depcheck: 0.8.3
    expo-cli: 3.11.5
    fsevents: 2.0.7
    graphql-cli: 3.0.12
    gulp: 4.0.2
    npm: 6.13.1
    react-native-cli: 2.0.1
    react-native-styled-toast: 1.0.15
    semantic-release-cli: 5.2.2
    tsc: 1.20150623.0
    typescript: 3.6.4
```

</details>

**Describe the bug**
I use React Native. And I want to use Push Notifications. But I get errors. 

**To Reproduce**
0. I'm trying to configure Android. React Native ver: "~0.61.4"
1. Start with:
```
npm install -g @aws-amplify/cli
amplify configure
```
2. I use Expo Bare Workflow.
`yarn add aws-amplify aws-amplify-react-native`
3. Run:
`amplify init `
4. Setup Analytics:
```
amplify add analytics
amplify push
```
5. Setup Push:
```
yarn add @aws-amplify/pushnotification
react-native link @aws-amplify/pushnotification
amplify add notifications
amplify push
```
6. And add to android/build.gradle:
```
 dependencies {
        classpath 'com.android.tools.build:gradle:3.3.0'
        classpath 'com.google.gms:google-services:3.2.0'
}
```
7. Also update maven url as the following under allprojects> repositories.
```
allprojects {
    repositories {
        mavenLocal()
        google()
        jcenter()
        maven {
            // All of React Native (JS, Obj-C sources, Android binaries) is installed from npm
            url "$rootDir/../node_modules/react-native/android"
        }
        maven {
            url "https://maven.google.com"
        }
    }
}
```
8. And add to android/app/build.gradle
```
dependencies {
    implementation project(':@aws-amplify_pushnotification')
    implementation fileTree(dir: "libs", include: ["*.jar"])
    implementation "com.android.support:appcompat-v7:${rootProject.ext.supportLibVersion}"
    implementation "com.facebook.react:react-native:+"  // From node_modules

    implementation 'com.google.firebase:firebase-core:12.0.1'
    implementation 'com.google.firebase:firebase-messaging:12.0.1'

    addUnimodulesDependencies()

    if (enableHermes) {
        def hermesPath = "../../node_modules/hermes-engine/android/";
        debugImplementation files(hermesPath + "hermes-debug.aar")
        releaseImplementation files(hermesPath + "hermes-release.aar")
    } else {
        implementation jscFlavor
    }
}
```
9. And add to the bottom of the file: 
` apply plugin: 'com.google.gms.google-services'`
10. And add to android/app/src/main/AndroidManifest.xml
```
 <application
      android:name=".MainApplication"
      android:label="@string/app_name"
      android:icon="@mipmap/ic_launcher"
      android:roundIcon="@mipmap/ic_launcher_round"
      android:allowBackup="false"
      android:theme="@style/AppTheme">

      <!--[START Push notification config -->
         <!-- [START firebase_service] -->
         <service
             android:name="com.amazonaws.amplify.pushnotification.RNPushNotificationMessagingService">
             <intent-filter>
                 <action android:name="com.google.firebase.MESSAGING_EVENT"/>
             </intent-filter>
         </service>
         <!-- [END firebase_service] -->
         <!-- [START firebase_iid_service] -->
         <service
             android:name="com.amazonaws.amplify.pushnotification.RNPushNotificationDeviceIDService">
             <intent-filter>
                 <action android:name="com.google.firebase.INSTANCE_ID_EVENT"/>
             </intent-filter>
         </service>
         <receiver
             android:name="com.amazonaws.amplify.pushnotification.modules.RNPushNotificationBroadcastReceiver"
             android:exported="false" >
             <intent-filter>
                 <action android:name="com.amazonaws.amplify.pushnotification.NOTIFICATION_OPENED"/>
             </intent-filter>
         </receiver>
      <!-- [END Push notification config -->

      <activity
        android:name=".MainActivity"
        android:label="@string/app_name"
        android:configChanges="keyboard|keyboardHidden|orientation|screenSize"
        android:windowSoftInputMode="adjustResize">
        <intent-filter>
            <action android:name="android.intent.action.MAIN" />
            <category android:name="android.intent.category.LAUNCHER" />
        </intent-filter>
      </activity>
      <activity android:name="com.facebook.react.devsupport.DevSettingsActivity" />
    </application>
```
11. And to App.js
```
import Analytics from '@aws-amplify/analytics';
import PushNotification from '@aws-amplify/pushnotification';
import aws_exports from './aws-exports';

// PushNotification need to work with Analytics
Analytics.configure(aws_exports);

PushNotification.configure(aws_exports);
```
12. Build
```
yarn start
and
yarn android
```

Logs and errors:
```
ivan@ivan-pc:~/dev/reactNative/testRun$ yarn android
yarn run v1.21.1
$ react-native run-android
error React Native CLI uses autolinking for native dependencies, but the following modules are linked manually: 
  - @aws-amplify/pushnotification (to unlink run: "react-native unlink @aws-amplify/pushnotification")
This is likely happening when upgrading React Native from below 0.60 to 0.60 or above. Going forward, you can unlink this dependency via "react-native unlink <dependency>" and it will be included in your app automatically. If a library isn't compatible with autolinking, disregard this message and notify the library maintainers.
Read more about autolinking: https://github.com/react-native-community/cli/blob/master/docs/autolinking.md
info Running jetifier to migrate libraries to AndroidX. You can disable it using "--no-jetifier" flag.
Jetifier found 1315 file(s) to forward-jetify. Using 8 workers...
info JS server already running.
info Installing the app...

> Configure project :@aws-amplify_pushnotification
WARNING: Configuration 'compile' is obsolete and has been replaced with 'implementation' and 'api'.
It will be removed at the end of 2018. For more information see: http://d.android.com/r/tools/update-dependency-configurations.html
WARNING: The specified Android SDK Build Tools version (26.0.3) is ignored, as it is below the minimum supported version (28.0.3) for Android Gradle Plugin 3.3.0
.
Android SDK Build Tools 28.0.3 will be used.
To suppress this warning, remove "buildToolsVersion '26.0.3'" from your build.gradle file, as each version of the Android Gradle Plugin now has a default version
 of the build tools.

> Configure project :app

Installing unimodules:
 unimodules-core@5.0.0 from /home/ivan/dev/reactNative/testRun/node_modules/@unimodules/core
 unimodules-react-native-adapter@5.0.0 from /home/ivan/dev/reactNative/testRun/node_modules/@unimodules/react-native-adapter
 expo-app-loader-provider@8.0.0 from /home/ivan/dev/reactNative/testRun/node_modules/expo-app-loader-provider
 expo-constants@8.0.0 from /home/ivan/dev/reactNative/testRun/node_modules/expo-constants
 expo-error-recovery@1.0.0 from /home/ivan/dev/reactNative/testRun/node_modules/expo-error-recovery
 expo-file-system@8.0.0 from /home/ivan/dev/reactNative/testRun/node_modules/expo-file-system
 expo-font@8.0.0 from /home/ivan/dev/reactNative/testRun/node_modules/expo-font
 expo-keep-awake@8.0.0 from /home/ivan/dev/reactNative/testRun/node_modules/expo-keep-awake
 expo-linear-gradient@8.0.0 from /home/ivan/dev/reactNative/testRun/node_modules/expo-linear-gradient
 expo-location@8.0.0 from /home/ivan/dev/reactNative/testRun/node_modules/expo-location
 expo-permissions@8.0.0 from /home/ivan/dev/reactNative/testRun/node_modules/expo-permissions
 expo-sqlite@8.0.0 from /home/ivan/dev/reactNative/testRun/node_modules/expo-sqlite
 expo-web-browser@8.0.0 from /home/ivan/dev/reactNative/testRun/node_modules/expo-web-browser
 unimodules-barcode-scanner-interface@5.0.0 from /home/ivan/dev/reactNative/testRun/node_modules/unimodules-barcode-scanner-interface
 unimodules-camera-interface@5.0.0 from /home/ivan/dev/reactNative/testRun/node_modules/unimodules-camera-interface
 unimodules-constants-interface@5.0.0 from /home/ivan/dev/reactNative/testRun/node_modules/unimodules-constants-interface
 unimodules-face-detector-interface@5.0.0 from /home/ivan/dev/reactNative/testRun/node_modules/unimodules-face-detector-interface
 unimodules-file-system-interface@5.0.0 from /home/ivan/dev/reactNative/testRun/node_modules/unimodules-file-system-interface
 unimodules-font-interface@5.0.0 from /home/ivan/dev/reactNative/testRun/node_modules/unimodules-font-interface
 unimodules-image-loader-interface@5.0.0 from /home/ivan/dev/reactNative/testRun/node_modules/unimodules-image-loader-interface
 unimodules-permissions-interface@5.0.0 from /home/ivan/dev/reactNative/testRun/node_modules/unimodules-permissions-interface
 unimodules-sensors-interface@5.0.0 from /home/ivan/dev/reactNative/testRun/node_modules/unimodules-sensors-interface
 unimodules-task-manager-interface@5.0.0 from /home/ivan/dev/reactNative/testRun/node_modules/unimodules-task-manager-interface
Could not find google-services.json while looking in [src/nullnull/debug, src/debug/nullnull, src/nullnull, src/debug, src/nullnullDebug]
registerResGeneratingTask is deprecated, use registerGeneratedResFolders(FileCollection)
Could not find google-services.json while looking in [src/nullnull/release, src/release/nullnull, src/nullnull, src/release, src/nullnullRelease]
registerResGeneratingTask is deprecated, use registerGeneratedResFolders(FileCollection)

The Kotlin Gradle plugin was loaded multiple times in different subprojects, which is not supported and may break the build. 
This might happen in subprojects that apply the Kotlin plugins with the Gradle 'plugins { ... }' DSL if they specify explicit versions, even if the versions are 
equal.
Please add the Kotlin plugin to the common parent project or the root project, then remove the versions in the subprojects.
If the parent project does not need the plugin, add 'apply false' to the plugin line.
See: https://docs.gradle.org/current/userguide/plugins.html#sec:subprojects_plugins_dsl
The Kotlin plugin was loaded in the following projects: ':expo-error-recovery', ':expo-permissions'

> Transform okhttp-urlconnection.jar (com.squareup.okhttp3:okhttp-urlconnection:3.12.1) with JetifyTransform
ERROR: [TAG] Failed to resolve variable '${animal.sniffer.version}'
ERROR: [TAG] Failed to resolve variable '${project.groupId}'
ERROR: [TAG] Failed to resolve variable '${project.version}'
ERROR: [TAG] Failed to resolve variable '${project.groupId}'
ERROR: [TAG] Failed to resolve variable '${project.version}'
ERROR: [TAG] Failed to resolve variable '${project.groupId}'
ERROR: [TAG] Failed to resolve variable '${project.version}'
ERROR: [TAG] Failed to resolve variable '${project.groupId}'
ERROR: [TAG] Failed to resolve variable '${project.version}'

> Transform okhttp-urlconnection.jar (com.squareup.okhttp3:okhttp-urlconnection:3.10.0) with JetifyTransform
ERROR: [TAG] Failed to resolve variable '${animal.sniffer.version}'
ERROR: [TAG] Failed to resolve variable '${project.groupId}'
ERROR: [TAG] Failed to resolve variable '${project.version}'
ERROR: [TAG] Failed to resolve variable '${project.groupId}'
ERROR: [TAG] Failed to resolve variable '${project.version}'
ERROR: [TAG] Failed to resolve variable '${project.groupId}'
ERROR: [TAG] Failed to resolve variable '${project.version}'

> Task :app:processDebugGoogleServices
Parsing json file: /home/ivan/dev/reactNative/testRun/android/app/google-services.json
/home/ivan/.gradle/caches/transforms-1/files-1.1/jetified-firebase-messaging-12.0.1.aar/08415285c291a6a013bf487c8f93bb19/jars/classes.jar: D8: Type `com.google.a
ndroid.gms.common.util.zzs` was not found, it is required for default or static interface methods desugaring of `java.lang.String com.google.firebase.messaging.z
za.zzrz(java.lang.String)`
/home/ivan/.gradle/caches/transforms-1/files-1.1/jetified-firebase-messaging-12.0.1.aar/08415285c291a6a013bf487c8f93bb19/jars/classes.jar: D8: Type `com.google.a
ndroid.gms.internal.zzbgo` was not found, it is required for default or static interface methods desugaring of `void com.google.firebase.messaging.RemoteMessage.
writeToParcel(android.os.Parcel, int)`
/home/ivan/.gradle/caches/transforms-1/files-1.1/jetified-firebase-messaging-12.0.1.aar/08415285c291a6a013bf487c8f93bb19/jars/classes.jar: D8: Type `com.google.a
ndroid.gms.internal.zzbgm` was not found, it is required for default or static interface methods desugaring of `java.lang.Object com.google.firebase.messaging.zz
f.createFromParcel(android.os.Parcel)`
/home/ivan/.gradle/caches/transforms-1/files-1.1/jetified-firebase-analytics-impl-12.0.1.aar/483015c4cd0b70001104fc09bcf515cb/jars/classes.jar: D8: Type `com.goo
gle.android.gms.common.internal.zzbq` was not found, it is required for default or static interface methods desugaring of `void com.google.android.gms.internal.z
zcni.<init>(com.google.android.gms.common.util.zze)`
/home/ivan/.gradle/caches/transforms-1/files-1.1/jetified-firebase-analytics-impl-12.0.1.aar/483015c4cd0b70001104fc09bcf515cb/jars/classes.jar: D8: Type `com.goo
gle.android.gms.internal.zzbgm` was not found, it is required for default or static interface methods desugaring of `java.lang.Object com.google.android.gms.inte
rnal.zzcnm.createFromParcel(android.os.Parcel)`
/home/ivan/.gradle/caches/transforms-1/files-1.1/jetified-firebase-analytics-impl-12.0.1.aar/483015c4cd0b70001104fc09bcf515cb/jars/classes.jar: D8: Type `com.goo
gle.android.gms.common.internal.zzbq` was not found, it is required for default or static interface methods desugaring of `void com.google.android.gms.internal.z
zcnl.<init>(java.lang.String, long, java.lang.Object, java.lang.String)`
/home/ivan/.gradle/caches/transforms-1/files-1.1/jetified-firebase-analytics-impl-12.0.1.aar/483015c4cd0b70001104fc09bcf515cb/jars/classes.jar: D8: Type `com.google.android.gms.internal.zzbgo` was not found, it is required for default or static interface methods desugaring of `void com.google.android.gms.internal.zzcnl.writeToParcel(android.os.Parcel, int)`
/home/ivan/.gradle/caches/transforms-1/files-1.1/jetified-firebase-analytics-impl-12.0.1.aar/483015c4cd0b70001104fc09bcf515cb/jars/classes.jar: D8: Type `com.google.android.gms.internal.zzbgm` was not found, it is required for default or static interface methods desugaring of `java.lang.Object com.google.android.gms.internal.zzciy.createFromParcel(android.os.Parcel)`
/home/ivan/.gradle/caches/transforms-1/files-1.1/jetified-firebase-analytics-impl-12.0.1.aar/483015c4cd0b70001104fc09bcf515cb/jars/classes.jar: D8: Type `com.google.android.gms.internal.zzflm` was not found, it is required for default or static interface methods desugaring of `void com.google.android.gms.internal.zzcnz.zza(com.google.android.gms.internal.zzflk)`
/home/ivan/.gradle/caches/transforms-1/files-1.1/jetified-firebase-analytics-impl-12.0.1.aar/483015c4cd0b70001104fc09bcf515cb/jars/classes.jar: D8: Type `com.google.android.gms.internal.zzflk` was not found, it is required for default or static interface methods desugaring of `int com.google.android.gms.internal.zzcnz.zzq()`
/home/ivan/.gradle/caches/transforms-1/files-1.1/jetified-firebase-analytics-impl-12.0.1.aar/483015c4cd0b70001104fc09bcf515cb/jars/classes.jar: D8: Type `com.goo
gle.android.gms.internal.zzex` was not found, it is required for default or static interface methods desugaring of `boolean com.google.android.gms.internal.zzcjc
.onTransact(int, android.os.Parcel, android.os.Parcel, int)`
/home/ivan/.gradle/caches/transforms-1/files-1.1/jetified-firebase-analytics-impl-12.0.1.aar/483015c4cd0b70001104fc09bcf515cb/jars/classes.jar: D8: Type `com.goo
gle.android.gms.common.internal.zzbq` was not found, it is required for default or static interface methods desugaring of `boolean com.google.android.gms.interna
l.zzcno.zzkh(java.lang.String)`
/home/ivan/.gradle/caches/transforms-1/files-1.1/jetified-firebase-analytics-impl-12.0.1.aar/483015c4cd0b70001104fc09bcf515cb/jars/classes.jar: D8: Type `com.goo
gle.android.gms.common.internal.zzbq` was not found, it is required for default or static interface methods desugaring of `void com.google.android.gms.internal.z
zclh.<init>(com.google.android.gms.internal.zzckj)`
/home/ivan/.gradle/caches/transforms-1/files-1.1/jetified-firebase-analytics-impl-12.0.1.aar/483015c4cd0b70001104fc09bcf515cb/jars/classes.jar: D8: Type `com.goo
gle.android.gms.internal.zzbih` was not found, it is required for default or static interface methods desugaring of `boolean com.google.android.gms.internal.zzcn
o.zzac(android.content.Context, java.lang.String)`
/home/ivan/.gradle/caches/transforms-1/files-1.1/jetified-firebase-analytics-impl-12.0.1.aar/483015c4cd0b70001104fc09bcf515cb/jars/classes.jar: D8: Type `com.goo
gle.android.gms.internal.zzflq` was not found, it is required for default or static interface methods desugaring of `boolean com.google.android.gms.internal.zzcn
r.equals(java.lang.Object)`
/home/ivan/.gradle/caches/transforms-1/files-1.1/jetified-firebase-iid-12.0.1.aar/31c1774c9c9bd56bc8b49e489f23994c/jars/classes.jar: D8: Type `com.google.android.gms.common.internal.zzbq` was not found, it is required for default or static interface methods desugaring of `boolean com.google.firebase.iid.zzm.zzb(com.google.firebase.iid.zzt)`
/home/ivan/.gradle/caches/transforms-1/files-1.1/jetified-firebase-analytics-impl-12.0.1.aar/483015c4cd0b70001104fc09bcf515cb/jars/classes.jar: D8: Type `com.google.android.gms.internal.zzflm` was not found, it is required for default or static interface methods desugaring of `void com.google.android.gms.internal.zzcnr.zza(com.google.android.gms.internal.zzflk)`
/home/ivan/.gradle/caches/transforms-1/files-1.1/jetified-firebase-analytics-impl-12.0.1.aar/483015c4cd0b70001104fc09bcf515cb/jars/classes.jar: D8: Type `com.google.android.gms.internal.zzflk` was not found, it is required for default or static interface methods desugaring of `int com.google.android.gms.internal.zzcnr.zzq()`
/home/ivan/.gradle/caches/transforms-1/files-1.1/jetified-firebase-analytics-impl-12.0.1.aar/483015c4cd0b70001104fc09bcf515cb/jars/classes.jar: D8: Type `com.google.android.gms.internal.zzbgo` was not found, it is required for default or static interface methods desugaring of `void com.google.android.gms.internal.zzcix.writeToParcel(android.os.Parcel, int)`
/home/ivan/.gradle/caches/transforms-1/files-1.1/jetified-firebase-analytics-impl-12.0.1.aar/483015c4cd0b70001104fc09bcf515cb/jars/classes.jar: D8: Type `com.google.android.gms.internal.zzflv` was not found, it is required for default or static interface methods desugaring of `com.google.android.gms.internal.zzfls com.google.android.gms.internal.zzcnr.zza(com.google.android.gms.internal.zzflj)`
/home/ivan/.gradle/caches/transforms-1/files-1.1/jetified-firebase-analytics-impl-12.0.1.aar/483015c4cd0b70001104fc09bcf515cb/jars/classes.jar: D8: Type `com.google.android.gms.internal.zzflm` was not found, it is required for default or static interface methods desugaring of `com.google.android.gms.internal.zzcnu com.google.android.gms.internal.zzcnu.zzac(com.google.android.gms.internal.zzflj)`
/home/ivan/.gradle/caches/transforms-1/files-1.1/jetified-firebase-analytics-impl-12.0.1.aar/483015c4cd0b70001104fc09bcf515cb/jars/classes.jar: D8: Type `com.google.android.gms.internal.zzflk` was not found, it is required for default or static interface methods desugaring of `int com.google.android.gms.internal.zzcnu.zzq()`
/home/ivan/.gradle/caches/transforms-1/files-1.1/jetified-firebase-iid-12.0.1.aar/31c1774c9c9bd56bc8b49e489f23994c/jars/classes.jar: D8: Type `com.google.android.gms.iid.zzj` was not found, it is required for default or static interface methods desugaring of `void com.google.firebase.iid.zzi.<init>(android.os.IBinder)`
/home/ivan/.gradle/caches/transforms-1/files-1.1/jetified-firebase-analytics-impl-12.0.1.aar/483015c4cd0b70001104fc09bcf515cb/jars/classes.jar: D8: Type `com.google.android.gms.internal.zzflk` was not found, it is required for default or static interface methods desugaring of `byte[] com.google.android.gms.internal.zzcno.zzb(com.google.android.gms.internal.zzcod)`
/home/ivan/.gradle/caches/transforms-1/files-1.1/jetified-firebase-analytics-impl-12.0.1.aar/483015c4cd0b70001104fc09bcf515cb/jars/classes.jar: D8: Type `com.google.android.gms.internal.zzflq` was not found, it is required for default or static interface methods desugaring of `boolean com.google.android.gms.internal.zzcny.equals(java.lang.Object)`
/home/ivan/.gradle/caches/transforms-1/files-1.1/jetified-firebase-analytics-impl-12.0.1.aar/483015c4cd0b70001104fc09bcf515cb/jars/classes.jar: D8: Type `com.goo
gle.android.gms.internal.zzflv` was not found, it is required for default or static interface methods desugaring of `com.google.android.gms.internal.zzfls com.go
ogle.android.gms.internal.zzcny.zza(com.google.android.gms.internal.zzflj)`
/home/ivan/.gradle/caches/transforms-1/files-1.1/jetified-firebase-analytics-impl-12.0.1.aar/483015c4cd0b70001104fc09bcf515cb/jars/classes.jar: D8: Type `com.goo
gle.android.gms.internal.zzflq` was not found, it is required for default or static interface methods desugaring of `boolean com.google.android.gms.internal.zzcn
s.equals(java.lang.Object)`
/home/ivan/.gradle/caches/transforms-1/files-1.1/jetified-firebase-analytics-impl-12.0.1.aar/483015c4cd0b70001104fc09bcf515cb/jars/classes.jar: D8: Type `com.goo
gle.android.gms.internal.zzflm` was not found, it is required for default or static interface methods desugaring of `void com.google.android.gms.internal.zzcns.z
za(com.google.android.gms.internal.zzflk)`
/home/ivan/.gradle/caches/transforms-1/files-1.1/jetified-firebase-analytics-impl-12.0.1.aar/483015c4cd0b70001104fc09bcf515cb/jars/classes.jar: D8: Type `com.google.android.gms.internal.zzflv` was not found, it is required for default or static interface methods desugaring of `com.google.android.gms.internal.zzfls com.google.android.gms.internal.zzcns.zza(com.google.android.gms.internal.zzflj)`
/home/ivan/.gradle/caches/transforms-1/files-1.1/jetified-firebase-analytics-impl-12.0.1.aar/483015c4cd0b70001104fc09bcf515cb/jars/classes.jar: D8: Type `com.google.android.gms.common.zzs` was not found, it is required for default or static interface methods desugaring of `void com.google.android.gms.internal.zzcko.zzg(java.lang.String, boolean)`
/home/ivan/.gradle/caches/transforms-1/files-1.1/jetified-firebase-analytics-impl-12.0.1.aar/483015c4cd0b70001104fc09bcf515cb/jars/classes.jar: D8: Type `com.google.android.gms.common.util.zzz` was not found, it is required for default or static interface methods desugaring of `void com.google.android.gms.internal.zzcko.zzg(java.lang.String, boolean)`
/home/ivan/.gradle/caches/transforms-1/files-1.1/jetified-firebase-analytics-impl-12.0.1.aar/483015c4cd0b70001104fc09bcf515cb/jars/classes.jar: D8: Type `com.google.android.gms.common.zzt` was not found, it is required for default or static interface methods desugaring of `void com.google.android.gms.internal.zzcko.zzg(java.lang.String, boolean)`
/home/ivan/.gradle/caches/transforms-1/files-1.1/jetified-firebase-iid-12.0.1.aar/31c1774c9c9bd56bc8b49e489f23994c/jars/classes.jar: D8: Type `com.google.android.gms.common.util.zzx` was not found, it is required for default or static interface methods desugaring of `void com.google.firebase.iid.zzaa.<init>(android.content.Context, java.lang.String)`
/home/ivan/.gradle/caches/transforms-1/files-1.1/jetified-firebase-analytics-impl-12.0.1.aar/483015c4cd0b70001104fc09bcf515cb/jars/classes.jar: D8: Type `com.google.android.gms.internal.zzbgm` was not found, it is required for default or static interface methods desugaring of `java.lang.Object com.google.android.gms.internal.zzcij.createFromParcel(android.os.Parcel)`
/home/ivan/.gradle/caches/transforms-1/files-1.1/jetified-firebase-iid-12.0.1.aar/31c1774c9c9bd56bc8b49e489f23994c/jars/classes.jar: D8: Type `com.google.android.gms.internal.zzflm` was not found, it is required for default or static interface methods desugaring of `void com.google.android.gms.internal.zzfmu.zza(com.google.android.gms.internal.zzflk)`
/home/ivan/.gradle/caches/transforms-1/files-1.1/jetified-firebase-iid-12.0.1.aar/31c1774c9c9bd56bc8b49e489f23994c/jars/classes.jar: D8: Type `com.google.android.gms.internal.zzflk` was not found, it is required for default or static interface methods desugaring of `int com.google.android.gms.internal.zzfmu.zzq()`
/home/ivan/.gradle/caches/transforms-1/files-1.1/jetified-firebase-analytics-impl-12.0.1.aar/483015c4cd0b70001104fc09bcf515cb/jars/classes.jar: D8: Type `com.google.android.gms.common.util.zzu` was not found, it is required for default or static interface methods desugaring of `boolean com.google.android.gms.internal.zzcik.zzzu()`
/home/ivan/.gradle/caches/transforms-1/files-1.1/jetified-firebase-analytics-impl-12.0.1.aar/483015c4cd0b70001104fc09bcf515cb/jars/classes.jar: D8: Type `com.google.android.gms.internal.zzbih` was not found, it is required for default or static interface methods desugaring of `java.lang.Boolean com.google.android.gms.internal.zzcik.zzjf(java.lang.String)`
/home/ivan/.gradle/caches/transforms-1/files-1.1/jetified-firebase-analytics-impl-12.0.1.aar/483015c4cd0b70001104fc09bcf515cb/jars/classes.jar: D8: Type `com.google.android.gms.internal.zzbgo` was not found, it is required for default or static interface methods desugaring of `void com.google.android.gms.internal.zzcif.writeToParcel(android.os.Parcel, int)`
/home/ivan/.gradle/caches/transforms-1/files-1.1/jetified-firebase-analytics-impl-12.0.1.aar/483015c4cd0b70001104fc09bcf515cb/jars/classes.jar: D8: Type `com.google.android.gms.internal.zzbgo` was not found, it is required for default or static interface methods desugaring of `void com.google.android.gms.internal.zzcii.writeToParcel(android.os.Parcel, int)`
/home/ivan/.gradle/caches/transforms-1/files-1.1/jetified-firebase-analytics-impl-12.0.1.aar/483015c4cd0b70001104fc09bcf515cb/jars/classes.jar: D8: Type `com.google.android.gms.internal.zzbgm` was not found, it is required for default or static interface methods desugaring of `java.lang.Object com.google.android.gms.internal.zzcig.createFromParcel(android.os.Parcel)`
/home/ivan/.gradle/caches/transforms-1/files-1.1/jetified-firebase-iid-12.0.1.aar/31c1774c9c9bd56bc8b49e489f23994c/jars/classes.jar: D8: Type `com.google.android.gms.common.util.zzs` was not found, it is required for default or static interface methods desugaring of `void com.google.firebase.iid.FirebaseInstanceIdReceiver.zza(android.content.Context, android.content.Intent, java.lang.String)`
/home/ivan/.gradle/caches/transforms-1/files-1.1/jetified-firebase-analytics-impl-12.0.1.aar/483015c4cd0b70001104fc09bcf515cb/jars/classes.jar: D8: Type `com.google.android.gms.internal.zzflj` was not found, it is required for default or static interface methods desugaring of `com.google.android.gms.internal.zzcny com.google.android.gms.internal.zzckd.zzc(java.lang.String, byte[])`
/home/ivan/.gradle/caches/transforms-1/files-1.1/jetified-firebase-iid-12.0.1.aar/31c1774c9c9bd56bc8b49e489f23994c/jars/classes.jar: D8: Type `com.google.android.gms.common.util.zzs` was not found, it is required for default or static interface methods desugaring of `int com.google.firebase.iid.zzw.zzcll()`
/home/ivan/.gradle/caches/transforms-1/files-1.1/jetified-firebase-iid-12.0.1.aar/31c1774c9c9bd56bc8b49e489f23994c/jars/classes.jar: D8: Type `com.google.android.gms.internal.zzfls` was not found, it is required for default or static interface methods desugaring of `com.google.android.gms.internal.zzfmv com.google.android.gms.internal.zzfmv.zzbi(byte[])`
/home/ivan/.gradle/caches/transforms-1/files-1.1/jetified-firebase-common-12.0.1.aar/96d4f1f3df810635d49be02e24a13cd6/jars/classes.jar: D8: Type `com.google.andr
oid.gms.internal.zzfhg` was not found, it is required for default or static interface methods desugaring of `int com.google.android.gms.internal.zzfkk.zzhs()`
/home/ivan/.gradle/caches/transforms-1/files-1.1/jetified-firebase-common-12.0.1.aar/96d4f1f3df810635d49be02e24a13cd6/jars/classes.jar: D8: Type `com.google.andr
oid.gms.internal.zzfko` was not found, it is required for default or static interface methods desugaring of `java.lang.Object com.google.android.gms.internal.zzf
kk.zza(int, java.lang.Object, java.lang.Object)`
/home/ivan/.gradle/caches/transforms-1/files-1.1/jetified-firebase-common-12.0.1.aar/96d4f1f3df810635d49be02e24a13cd6/jars/classes.jar: D8: Type `com.google.andr
oid.gms.common.internal.zzbq` was not found, it is required for default or static interface methods desugaring of `void com.google.firebase.provider.FirebaseInit
Provider.attachInfo(android.content.Context, android.content.pm.ProviderInfo)`
/home/ivan/.gradle/caches/transforms-1/files-1.1/jetified-firebase-common-12.0.1.aar/96d4f1f3df810635d49be02e24a13cd6/jars/classes.jar: D8: Type `com.google.andr
oid.gms.internal.zzfhu$zzg` was not found, it is required for default or static interface methods desugaring of `void com.google.android.gms.internal.zzfkl.<clinit>()`
/home/ivan/.gradle/caches/transforms-1/files-1.1/jetified-firebase-iid-12.0.1.aar/31c1774c9c9bd56bc8b49e489f23994c/jars/classes.jar: D8: Type `com.google.android.gms.internal.zzflm` was not found, it is required for default or static interface methods desugaring of `void com.google.android.gms.internal.zzfmv.zza(com.google.android.gms.internal.zzflk)`
/home/ivan/.gradle/caches/transforms-1/files-1.1/jetified-firebase-iid-12.0.1.aar/31c1774c9c9bd56bc8b49e489f23994c/jars/classes.jar: D8: Type `com.google.android.gms.internal.zzflk` was not found, it is required for default or static interface methods desugaring of `int com.google.android.gms.internal.zzfmv.zzq()`
/home/ivan/.gradle/caches/transforms-1/files-1.1/jetified-firebase-analytics-impl-12.0.1.aar/483015c4cd0b70001104fc09bcf515cb/jars/classes.jar: D8: Type `com.google.android.gms.common.api.internal.zzbz` was not found, it is required for default or static interface methods desugaring of `java.lang.String com.google.android.gms.measurement.AppMeasurement.getGmpAppId()`
/home/ivan/.gradle/caches/transforms-1/files-1.1/jetified-firebase-iid-12.0.1.aar/31c1774c9c9bd56bc8b49e489f23994c/jars/classes.jar: D8: Type `com.google.android.gms.internal.zzflv` was not found, it is required for default or static interface methods desugaring of `com.google.android.gms.internal.zzfls com.google.android.gms.internal.zzfmv.zza(com.google.android.gms.internal.zzflj)`
/home/ivan/.gradle/caches/transforms-1/files-1.1/jetified-firebase-common-12.0.1.aar/96d4f1f3df810635d49be02e24a13cd6/jars/classes.jar: D8: Type `com.google.android.gms.common.internal.zzbg` was not found, it is required for default or static interface methods desugaring of `boolean com.google.firebase.internal.zzc.equals(java.lang.Object)`
/home/ivan/.gradle/caches/transforms-1/files-1.1/jetified-firebase-common-12.0.1.aar/96d4f1f3df810635d49be02e24a13cd6/jars/classes.jar: D8: Type `com.google.android.gms.common.util.zzu` was not found, it is required for default or static interface methods desugaring of `com.google.firebase.FirebaseApp com.google.firebase.FirebaseApp.getInstance()`
/home/ivan/.gradle/caches/transforms-1/files-1.1/jetified-firebase-common-12.0.1.aar/96d4f1f3df810635d49be02e24a13cd6/jars/classes.jar: D8: Type `com.google.android.gms.common.internal.zzbq` was not found, it is required for default or static interface methods desugaring of `void com.google.firebase.auth.FirebaseAuthException.<init>(java.lang.String, java.lang.String)`
/home/ivan/.gradle/caches/transforms-1/files-1.1/jetified-firebase-common-12.0.1.aar/96d4f1f3df810635d49be02e24a13cd6/jars/classes.jar: D8: Type `com.google.android.gms.common.util.zzw` was not found, it is required for default or static interface methods desugaring of `void com.google.firebase.FirebaseOptions.<init>(java.lang.String, java.lang.String, java.lang.String, java.lang.String, java.lang.String, java.lang.String, java.lang.String)`
/home/ivan/.gradle/caches/transforms-1/files-1.1/jetified-firebase-common-12.0.1.aar/96d4f1f3df810635d49be02e24a13cd6/jars/classes.jar: D8: Type `com.google.android.gms.common.internal.zzbg` was not found, it is required for default or static interface methods desugaring of `boolean com.google.firebase.FirebaseOptions.equals(java.lang.Object)`
/home/ivan/.gradle/caches/transforms-1/files-1.1/jetified-firebase-common-12.0.1.aar/96d4f1f3df810635d49be02e24a13cd6/jars/classes.jar: D8: Type `com.google.android.gms.common.api.internal.zzk` was not found, it is required for default or static interface methods desugaring of `com.google.firebase.FirebaseApp com.google.firebase.FirebaseApp.initializeApp(android.content.Context, com.google.firebase.FirebaseOptions, java.lang.String)`
/home/ivan/.gradle/caches/transforms-1/files-1.1/jetified-firebase-common-12.0.1.aar/96d4f1f3df810635d49be02e24a13cd6/jars/classes.jar: D8: Interface `com.google.android.gms.common.api.internal.zzl` not found. It's needed to make sure desugaring of `com.google.firebase.zza` is correct. Desugaring will assume that this interface has no default method.
/home/ivan/.gradle/caches/transforms-1/files-1.1/jetified-firebase-common-12.0.1.aar/96d4f1f3df810635d49be02e24a13cd6/jars/classes.jar: D8: Interface `com.google.android.gms.internal.zzfje` not found. It's needed to make sure desugaring of `com.google.android.gms.internal.zzfkk$zza` is correct. Desugaring will assume that this interface has no default method.
/home/ivan/.gradle/caches/transforms-1/files-1.1/jetified-firebase-common-12.0.1.aar/96d4f1f3df810635d49be02e24a13cd6/jars/classes.jar: D8: Type `com.google.android.gms.common.internal.zzbg` was not found, it is required for default or static interface methods desugaring of `java.lang.String com.google.firebase.FirebaseApp.toString()`
/home/ivan/.gradle/caches/transforms-1/files-1.1/jetified-firebase-common-12.0.1.aar/96d4f1f3df810635d49be02e24a13cd6/jars/classes.jar: D8: Interface `com.google
.android.gms.internal.zzfje` not found. It's needed to make sure desugaring of `com.google.android.gms.internal.zzfkk` is correct. Desugaring will assume that th
is interface has no default method.
/home/ivan/.gradle/caches/transforms-1/files-1.1/jetified-firebase-analytics-impl-12.0.1.aar/483015c4cd0b70001104fc09bcf515cb/jars/classes.jar: D8: Type `com.goo
gle.android.gms.internal.zzflj` was not found, it is required for default or static interface methods desugaring of `java.util.List com.google.android.gms.intern
al.zzcil.zzl(java.lang.String, int, int)`
/home/ivan/.gradle/caches/transforms-1/files-1.1/jetified-firebase-analytics-impl-12.0.1.aar/483015c4cd0b70001104fc09bcf515cb/jars/classes.jar: D8: Type `com.goo
gle.android.gms.internal.zzex` was not found, it is required for default or static interface methods desugaring of `void com.google.android.gms.internal.zzcjd.zz
a(com.google.android.gms.internal.zzcix, com.google.android.gms.internal.zzcif)`
/home/ivan/.gradle/caches/transforms-1/files-1.1/jetified-firebase-analytics-impl-12.0.1.aar/483015c4cd0b70001104fc09bcf515cb/jars/classes.jar: D8: Type `com.goo
gle.android.gms.common.util.zzi` was not found, it is required for default or static interface methods desugaring of `void com.google.android.gms.internal.zzckj.
<init>(com.google.android.gms.internal.zzclj)`
/home/ivan/.gradle/caches/transforms-1/files-1.1/jetified-firebase-analytics-impl-12.0.1.aar/483015c4cd0b70001104fc09bcf515cb/jars/classes.jar: D8: Type `com.goo
gle.android.gms.internal.zzbih` was not found, it is required for default or static interface methods desugaring of `com.google.android.gms.internal.zzcif com.go
ogle.android.gms.internal.zzckj.zza(android.content.Context, java.lang.String, java.lang.String, boolean, boolean)`
/home/ivan/.gradle/caches/transforms-1/files-1.1/jetified-firebase-analytics-impl-12.0.1.aar/483015c4cd0b70001104fc09bcf515cb/jars/classes.jar: D8: Type `com.goo
gle.android.gms.common.api.internal.zzbz` was not found, it is required for default or static interface methods desugaring of `boolean com.google.android.gms.int
ernal.zzckj.isEnabled()`
/home/ivan/.gradle/caches/transforms-1/files-1.1/jetified-firebase-analytics-impl-12.0.1.aar/483015c4cd0b70001104fc09bcf515cb/jars/classes.jar: D8: Type `com.goo
gle.android.gms.ads.identifier.AdvertisingIdClient` was not found, it is required for default or static interface methods desugaring of `android.util.Pair com.go
ogle.android.gms.internal.zzcju.zzju(java.lang.String)`
/home/ivan/.gradle/caches/transforms-1/files-1.1/jetified-firebase-analytics-impl-12.0.1.aar/483015c4cd0b70001104fc09bcf515cb/jars/classes.jar: D8: Type `com.goo
gle.android.gms.internal.zzbif` was not found, it is required for default or static interface methods desugaring of `void com.google.android.gms.internal.zzcje.z
zbap()`
/home/ivan/.gradle/caches/transforms-1/files-1.1/okhttp-3.12.1.jar/f4870c2ea5e3777ee8aafcd0dc349007/jetified-okhttp-3.12.1.jar: D8: Type `org.conscrypt.Conscrypt
` was not found, it is required for default or static interface methods desugaring of `java.security.Provider okhttp3.internal.platform.ConscryptPlatform.getProv
ider()`
/home/ivan/.gradle/caches/transforms-1/files-1.1/jetified-library-3.2.11.aar/a69a7b02066cbc19f46d39c9df4a810e/jars/classes.jar: D8: Interface `rx.functions.Actio
n0` not found. It's needed to make sure desugaring of `io.nlopez.smartlocation.rx.ObservableFactory$1` is correct. Desugaring will assume that this interface has
 no default method.
/home/ivan/.gradle/caches/transforms-1/files-1.1/jetified-library-3.2.11.aar/a69a7b02066cbc19f46d39c9df4a810e/jars/classes.jar: D8: Interface `rx.functions.Actio
n0` not found. It's needed to make sure desugaring of `io.nlopez.smartlocation.rx.ObservableFactory$3` is correct. Desugaring will assume that this interface has
 no default method.
/home/ivan/.gradle/caches/transforms-1/files-1.1/jetified-library-3.2.11.aar/a69a7b02066cbc19f46d39c9df4a810e/jars/classes.jar: D8: Interface `rx.Observable$OnSu
bscribe` not found. It's needed to make sure desugaring of `io.nlopez.smartlocation.rx.ObservableFactory$7` is correct. Desugaring will assume that this interfac
e has no default method.
/home/ivan/.gradle/caches/transforms-1/files-1.1/jetified-library-3.2.11.aar/a69a7b02066cbc19f46d39c9df4a810e/jars/classes.jar: D8: Interface `rx.Observable$OnSu
bscribe` not found. It's needed to make sure desugaring of `io.nlopez.smartlocation.rx.ObservableFactory$2` is correct. Desugaring will assume that this interfac
e has no default method.
/home/ivan/.gradle/caches/transforms-1/files-1.1/jetified-library-3.2.11.aar/a69a7b02066cbc19f46d39c9df4a810e/jars/classes.jar: D8: Type `rx.Observable` was not 
found, it is required for default or static interface methods desugaring of `rx.Observable io.nlopez.smartlocation.rx.ObservableFactory.from(io.nlopez.smartlocat
ion.SmartLocation$LocationControl)`
/home/ivan/.gradle/caches/transforms-1/files-1.1/jetified-library-3.2.11.aar/a69a7b02066cbc19f46d39c9df4a810e/jars/classes.jar: D8: Interface `rx.Observable$OnSu
bscribe` not found. It's needed to make sure desugaring of `io.nlopez.smartlocation.rx.ObservableFactory$8` is correct. Desugaring will assume that this interfac
e has no default method.

> Task :app:transformClassesWithDexBuilderForDebug

> Task :app:transformClassesWithDexBuilderForDebug FAILED

Deprecated Gradle features were used in this build, making it incompatible with Gradle 5.0.
Use '--warning-mode all' to show the individual deprecation warnings.
See https://docs.gradle.org/4.10.1/userguide/command_line_interface.html#sec:command_line_warnings
402 actionable tasks: 3 executed, 399 up-to-date
D8: Type com.google.android.gms.common.internal.zzf is referenced as an interface from `com.google.android.gms.internal.zzcms`.
com.android.builder.dexing.DexArchiveBuilderException: com.android.builder.dexing.DexArchiveBuilderException: Failed to process /home/ivan/.gradle/caches/transfo
rms-1/files-1.1/jetified-firebase-analytics-impl-12.0.1.aar/483015c4cd0b70001104fc09bcf515cb/jars/classes.jar
        at sun.reflect.NativeConstructorAccessorImpl.newInstance0(Native Method)
        at sun.reflect.NativeConstructorAccessorImpl.newInstance(NativeConstructorAccessorImpl.java:62)
        at sun.reflect.DelegatingConstructorAccessorImpl.newInstance(DelegatingConstructorAccessorImpl.java:45)
        at java.lang.reflect.Constructor.newInstance(Constructor.java:423)
        at java.util.concurrent.ForkJoinTask.getThrowableException(ForkJoinTask.java:593)
        at java.util.concurrent.ForkJoinTask.reportException(ForkJoinTask.java:677)
        at java.util.concurrent.ForkJoinTask.join(ForkJoinTask.java:720)
        at com.android.ide.common.internal.WaitableExecutor.waitForTasksWithQuickFail(WaitableExecutor.java:146)
        at com.android.build.gradle.internal.transforms.DexArchiveBuilderTransform.transform(DexArchiveBuilderTransform.java:420)
        at com.android.build.gradle.internal.pipeline.TransformTask$2.call(TransformTask.java:239)
        at com.android.build.gradle.internal.pipeline.TransformTask$2.call(TransformTask.java:235)
        at com.android.builder.profile.ThreadRecorder.record(ThreadRecorder.java:102)
        at com.android.build.gradle.internal.pipeline.TransformTask.transform(TransformTask.java:230)
        at sun.reflect.GeneratedMethodAccessor2229.invoke(Unknown Source)
        at sun.reflect.DelegatingMethodAccessorImpl.invoke(DelegatingMethodAccessorImpl.java:43)
        at java.lang.reflect.Method.invoke(Method.java:498)
        at org.gradle.internal.reflect.JavaMethod.invoke(JavaMethod.java:73)
        at org.gradle.api.internal.project.taskfactory.IncrementalTaskAction.doExecute(IncrementalTaskAction.java:50)
        at org.gradle.api.internal.project.taskfactory.StandardTaskAction.execute(StandardTaskAction.java:39)
        at org.gradle.api.internal.project.taskfactory.StandardTaskAction.execute(StandardTaskAction.java:26)
        at org.gradle.api.internal.tasks.execution.ExecuteActionsTaskExecuter$1.run(ExecuteActionsTaskExecuter.java:131)
        at org.gradle.internal.operations.DefaultBuildOperationExecutor$RunnableBuildOperationWorker.execute(DefaultBuildOperationExecutor.java:300)
        at org.gradle.internal.operations.DefaultBuildOperationExecutor$RunnableBuildOperationWorker.execute(DefaultBuildOperationExecutor.java:292)
        at org.gradle.internal.operations.DefaultBuildOperationExecutor.execute(DefaultBuildOperationExecutor.java:174)
        at org.gradle.internal.operations.DefaultBuildOperationExecutor.run(DefaultBuildOperationExecutor.java:90)
        at org.gradle.internal.operations.DelegatingBuildOperationExecutor.run(DelegatingBuildOperationExecutor.java:31)
        at org.gradle.api.internal.tasks.execution.ExecuteActionsTaskExecuter.executeAction(ExecuteActionsTaskExecuter.java:120)
        at org.gradle.api.internal.tasks.execution.ExecuteActionsTaskExecuter.executeActions(ExecuteActionsTaskExecuter.java:99)
        at org.gradle.api.internal.tasks.execution.ExecuteActionsTaskExecuter.execute(ExecuteActionsTaskExecuter.java:77)
        at org.gradle.api.internal.tasks.execution.OutputDirectoryCreatingTaskExecuter.execute(OutputDirectoryCreatingTaskExecuter.java:51)
        at org.gradle.api.internal.tasks.execution.SkipUpToDateTaskExecuter.execute(SkipUpToDateTaskExecuter.java:59)
        at org.gradle.api.internal.tasks.execution.ResolveTaskOutputCachingStateExecuter.execute(ResolveTaskOutputCachingStateExecuter.java:54)
        at org.gradle.api.internal.tasks.execution.ValidatingTaskExecuter.execute(ValidatingTaskExecuter.java:59)
        at org.gradle.api.internal.tasks.execution.SkipEmptySourceFilesTaskExecuter.execute(SkipEmptySourceFilesTaskExecuter.java:101)
        at org.gradle.api.internal.tasks.execution.FinalizeInputFilePropertiesTaskExecuter.execute(FinalizeInputFilePropertiesTaskExecuter.java:44)
        at org.gradle.api.internal.tasks.execution.CleanupStaleOutputsExecuter.execute(CleanupStaleOutputsExecuter.java:91)
        at org.gradle.api.internal.tasks.execution.ResolveTaskArtifactStateTaskExecuter.execute(ResolveTaskArtifactStateTaskExecuter.java:62)
        at org.gradle.api.internal.tasks.execution.SkipTaskWithNoActionsExecuter.execute(SkipTaskWithNoActionsExecuter.java:59)
        at org.gradle.api.internal.tasks.execution.SkipOnlyIfTaskExecuter.execute(SkipOnlyIfTaskExecuter.java:54)
        at org.gradle.api.internal.tasks.execution.ExecuteAtMostOnceTaskExecuter.execute(ExecuteAtMostOnceTaskExecuter.java:43)
        at org.gradle.api.internal.tasks.execution.CatchExceptionTaskExecuter.execute(CatchExceptionTaskExecuter.java:34)
        at org.gradle.api.internal.tasks.execution.EventFiringTaskExecuter$1.run(EventFiringTaskExecuter.java:51)
        at org.gradle.internal.operations.DefaultBuildOperationExecutor$RunnableBuildOperationWorker.execute(DefaultBuildOperationExecutor.java:300)
        at org.gradle.internal.operations.DefaultBuildOperationExecutor$RunnableBuildOperationWorker.execute(DefaultBuildOperationExecutor.java:292)
        at org.gradle.internal.operations.DefaultBuildOperationExecutor.execute(DefaultBuildOperationExecutor.java:174)
        at org.gradle.internal.operations.DefaultBuildOperationExecutor.run(DefaultBuildOperationExecutor.java:90)
        at org.gradle.internal.operations.DelegatingBuildOperationExecutor.run(DelegatingBuildOperationExecutor.java:31)
        at org.gradle.api.internal.tasks.execution.EventFiringTaskExecuter.execute(EventFiringTaskExecuter.java:46)
        at org.gradle.execution.taskgraph.LocalTaskInfoExecutor.execute(LocalTaskInfoExecutor.java:42)
        at org.gradle.execution.taskgraph.DefaultTaskExecutionGraph$BuildOperationAwareWorkItemExecutor.execute(DefaultTaskExecutionGraph.java:277)
        at org.gradle.execution.taskgraph.DefaultTaskExecutionGraph$BuildOperationAwareWorkItemExecutor.execute(DefaultTaskExecutionGraph.java:262)
        at org.gradle.execution.taskgraph.DefaultTaskPlanExecutor$ExecutorWorker$1.execute(DefaultTaskPlanExecutor.java:135)
        at org.gradle.execution.taskgraph.DefaultTaskPlanExecutor$ExecutorWorker$1.execute(DefaultTaskPlanExecutor.java:130)
        at org.gradle.execution.taskgraph.DefaultTaskPlanExecutor$ExecutorWorker.execute(DefaultTaskPlanExecutor.java:200)
        at org.gradle.execution.taskgraph.DefaultTaskPlanExecutor$ExecutorWorker.executeWithWork(DefaultTaskPlanExecutor.java:191)
        at org.gradle.execution.taskgraph.DefaultTaskPlanExecutor$ExecutorWorker.run(DefaultTaskPlanExecutor.java:130)
        at org.gradle.internal.concurrent.ExecutorPolicy$CatchAndRecordFailures.onExecute(ExecutorPolicy.java:63)
        at org.gradle.internal.concurrent.ManagedExecutorImpl$1.run(ManagedExecutorImpl.java:46)
        at java.util.concurrent.ThreadPoolExecutor.runWorker(ThreadPoolExecutor.java:1149)
        at java.util.concurrent.ThreadPoolExecutor$Worker.run(ThreadPoolExecutor.java:624)
        at org.gradle.internal.concurrent.ThreadFactoryImpl$ManagedThreadRunnable.run(ThreadFactoryImpl.java:55)
        at java.lang.Thread.run(Thread.java:748)
Caused by: com.android.builder.dexing.DexArchiveBuilderException: Failed to process /home/ivan/.gradle/caches/transforms-1/files-1.1/jetified-firebase-analytics-impl-12.0.1.aar/483015c4cd0b70001104fc09bcf515cb/jars/classes.jar
        at com.android.build.gradle.internal.transforms.DexArchiveBuilderTransform.launchProcessing(DexArchiveBuilderTransform.java:909)
        at com.android.build.gradle.internal.transforms.DexArchiveBuilderTransform.lambda$convertToDexArchive$6(DexArchiveBuilderTransform.java:834)
        at java.util.concurrent.ForkJoinTask$AdaptedCallable.exec(ForkJoinTask.java:1424)
        at java.util.concurrent.ForkJoinTask.doExec(ForkJoinTask.java:289)
        at java.util.concurrent.ForkJoinPool$WorkQueue.runTask(ForkJoinPool.java:1056)
        at java.util.concurrent.ForkJoinPool.runWorker(ForkJoinPool.java:1692)
        at java.util.concurrent.ForkJoinWorkerThread.run(ForkJoinWorkerThread.java:157)
Caused by: com.android.builder.dexing.DexArchiveBuilderException: Error while dexing.
        at com.android.builder.dexing.D8DexArchiveBuilder.getExceptionToRethrow(D8DexArchiveBuilder.java:124)
        at com.android.builder.dexing.D8DexArchiveBuilder.convert(D8DexArchiveBuilder.java:101)
        at com.android.build.gradle.internal.transforms.DexArchiveBuilderTransform.launchProcessing(DexArchiveBuilderTransform.java:904)
        ... 6 more
Caused by: com.android.tools.r8.CompilationFailedException: Compilation failed to complete
        at com.android.tools.r8.utils.ExceptionUtils.withCompilationHandler(ExceptionUtils.java:70)
        at com.android.tools.r8.utils.ExceptionUtils.withD8CompilationHandler(ExceptionUtils.java:43)
        at com.android.tools.r8.D8.run(D8.java:94)
        at com.android.builder.dexing.D8DexArchiveBuilder.convert(D8DexArchiveBuilder.java:99)
        ... 7 more
Caused by: com.android.tools.r8.utils.AbortException: Error: Type com.google.android.gms.common.internal.zzf is referenced as an interface from `com.google.android.gms.internal.zzcms`.
        at com.android.tools.r8.utils.Reporter.failIfPendingErrors(Reporter.java:89)
        at com.android.tools.r8.utils.Reporter.fatalError(Reporter.java:60)
        at com.android.tools.r8.utils.ExceptionUtils.withCompilationHandler(ExceptionUtils.java:64)
        ... 10 more


FAILURE: Build failed with an exception.

* What went wrong:
Execution failed for task ':app:transformClassesWithDexBuilderForDebug'.
> com.android.build.api.transform.TransformException: com.android.builder.dexing.DexArchiveBuilderException: com.android.builder.dexing.DexArchiveBuilderException: Failed to process /home/ivan/.gradle/caches/transforms-1/files-1.1/jetified-firebase-analytics-impl-12.0.1.aar/483015c4cd0b70001104fc09bcf515cb/jars/classes.jar

* Try:
Run with --stacktrace option to get the stack trace. Run with --info or --debug option to get more log output. Run with --scan to get full insights.

* Get more help at https://help.gradle.org

BUILD FAILED in 1m 54s

error Failed to install the app. Make sure you have the Android development environment set up: https://facebook.github.io/react-native/docs/getting-started.html#android-development-environment. Run CLI with --verbose flag for more details.
Error: Command failed: ./gradlew app:installDebug -PreactNativeDevServerPort=8081
D8: Type com.google.android.gms.common.internal.zzf is referenced as an interface from `com.google.android.gms.internal.zzcms`.
com.android.builder.dexing.DexArchiveBuilderException: com.android.builder.dexing.DexArchiveBuilderException: Failed to process /home/ivan/.gradle/caches/transforms-1/files-1.1/jetified-firebase-analytics-impl-12.0.1.aar/483015c4cd0b70001104fc09bcf515cb/jars/classes.jar
        at sun.reflect.NativeConstructorAccessorImpl.newInstance0(Native Method)
        at sun.reflect.NativeConstructorAccessorImpl.newInstance(NativeConstructorAccessorImpl.java:62)
        at sun.reflect.DelegatingConstructorAccessorImpl.newInstance(DelegatingConstructorAccessorImpl.java:45)
        at java.lang.reflect.Constructor.newInstance(Constructor.java:423)
        at java.util.concurrent.ForkJoinTask.getThrowableException(ForkJoinTask.java:593)
        at java.util.concurrent.ForkJoinTask.reportException(ForkJoinTask.java:677)
        at java.util.concurrent.ForkJoinTask.join(ForkJoinTask.java:720)
        at com.android.ide.common.internal.WaitableExecutor.waitForTasksWithQuickFail(WaitableExecutor.java:146)
        at com.android.build.gradle.internal.transforms.DexArchiveBuilderTransform.transform(DexArchiveBuilderTransform.java:420)
        at com.android.build.gradle.internal.pipeline.TransformTask$2.call(TransformTask.java:239)
        at com.android.build.gradle.internal.pipeline.TransformTask$2.call(TransformTask.java:235)
        at com.android.builder.profile.ThreadRecorder.record(ThreadRecorder.java:102)
        at com.android.build.gradle.internal.pipeline.TransformTask.transform(TransformTask.java:230)
        at sun.reflect.GeneratedMethodAccessor2229.invoke(Unknown Source)
        at sun.reflect.DelegatingMethodAccessorImpl.invoke(DelegatingMethodAccessorImpl.java:43)
        at java.lang.reflect.Method.invoke(Method.java:498)
        at org.gradle.internal.reflect.JavaMethod.invoke(JavaMethod.java:73)
        at org.gradle.api.internal.project.taskfactory.IncrementalTaskAction.doExecute(IncrementalTaskAction.java:50)
        at org.gradle.api.internal.project.taskfactory.StandardTaskAction.execute(StandardTaskAction.java:39)
        at org.gradle.api.internal.project.taskfactory.StandardTaskAction.execute(StandardTaskAction.java:26)
        at org.gradle.api.internal.tasks.execution.ExecuteActionsTaskExecuter$1.run(ExecuteActionsTaskExecuter.java:131)
        at org.gradle.internal.operations.DefaultBuildOperationExecutor$RunnableBuildOperationWorker.execute(DefaultBuildOperationExecutor.java:300)
        at org.gradle.internal.operations.DefaultBuildOperationExecutor$RunnableBuildOperationWorker.execute(DefaultBuildOperationExecutor.java:292)
        at org.gradle.internal.operations.DefaultBuildOperationExecutor.execute(DefaultBuildOperationExecutor.java:174)
        at org.gradle.internal.operations.DefaultBuildOperationExecutor.run(DefaultBuildOperationExecutor.java:90)
        at org.gradle.internal.operations.DelegatingBuildOperationExecutor.run(DelegatingBuildOperationExecutor.java:31)
        at org.gradle.api.internal.tasks.execution.ExecuteActionsTaskExecuter.executeAction(ExecuteActionsTaskExecuter.java:120)
        at org.gradle.api.internal.tasks.execution.ExecuteActionsTaskExecuter.executeActions(ExecuteActionsTaskExecuter.java:99)
        at org.gradle.api.internal.tasks.execution.ExecuteActionsTaskExecuter.execute(ExecuteActionsTaskExecuter.java:77)
        at org.gradle.api.internal.tasks.execution.OutputDirectoryCreatingTaskExecuter.execute(OutputDirectoryCreatingTaskExecuter.java:51)
        at org.gradle.api.internal.tasks.execution.SkipUpToDateTaskExecuter.execute(SkipUpToDateTaskExecuter.java:59)
        at org.gradle.api.internal.tasks.execution.ResolveTaskOutputCachingStateExecuter.execute(ResolveTaskOutputCachingStateExecuter.java:54)
        at org.gradle.api.internal.tasks.execution.ValidatingTaskExecuter.execute(ValidatingTaskExecuter.java:59)
        at org.gradle.api.internal.tasks.execution.SkipEmptySourceFilesTaskExecuter.execute(SkipEmptySourceFilesTaskExecuter.java:101)
        at org.gradle.api.internal.tasks.execution.FinalizeInputFilePropertiesTaskExecuter.execute(FinalizeInputFilePropertiesTaskExecuter.java:44)
        at org.gradle.api.internal.tasks.execution.CleanupStaleOutputsExecuter.execute(CleanupStaleOutputsExecuter.java:91)
        at org.gradle.api.internal.tasks.execution.ResolveTaskArtifactStateTaskExecuter.execute(ResolveTaskArtifactStateTaskExecuter.java:62)
        at org.gradle.api.internal.tasks.execution.SkipTaskWithNoActionsExecuter.execute(SkipTaskWithNoActionsExecuter.java:59)
        at org.gradle.api.internal.tasks.execution.SkipOnlyIfTaskExecuter.execute(SkipOnlyIfTaskExecuter.java:54)
        at org.gradle.api.internal.tasks.execution.ExecuteAtMostOnceTaskExecuter.execute(ExecuteAtMostOnceTaskExecuter.java:43)
        at org.gradle.api.internal.tasks.execution.CatchExceptionTaskExecuter.execute(CatchExceptionTaskExecuter.java:34)
        at org.gradle.api.internal.tasks.execution.EventFiringTaskExecuter$1.run(EventFiringTaskExecuter.java:51)
        at org.gradle.internal.operations.DefaultBuildOperationExecutor$RunnableBuildOperationWorker.execute(DefaultBuildOperationExecutor.java:300)
        at org.gradle.internal.operations.DefaultBuildOperationExecutor$RunnableBuildOperationWorker.execute(DefaultBuildOperationExecutor.java:292)
        at org.gradle.internal.operations.DefaultBuildOperationExecutor.execute(DefaultBuildOperationExecutor.java:174)
        at org.gradle.internal.operations.DefaultBuildOperationExecutor.run(DefaultBuildOperationExecutor.java:90)
        at org.gradle.internal.operations.DelegatingBuildOperationExecutor.run(DelegatingBuildOperationExecutor.java:31)
        at org.gradle.api.internal.tasks.execution.EventFiringTaskExecuter.execute(EventFiringTaskExecuter.java:46)
        at org.gradle.execution.taskgraph.LocalTaskInfoExecutor.execute(LocalTaskInfoExecutor.java:42)
        at org.gradle.execution.taskgraph.DefaultTaskExecutionGraph$BuildOperationAwareWorkItemExecutor.execute(DefaultTaskExecutionGraph.java:277)
        at org.gradle.execution.taskgraph.DefaultTaskExecutionGraph$BuildOperationAwareWorkItemExecutor.execute(DefaultTaskExecutionGraph.java:262)
        at org.gradle.execution.taskgraph.DefaultTaskPlanExecutor$ExecutorWorker$1.execute(DefaultTaskPlanExecutor.java:135)
        at org.gradle.execution.taskgraph.DefaultTaskPlanExecutor$ExecutorWorker$1.execute(DefaultTaskPlanExecutor.java:130)
        at org.gradle.execution.taskgraph.DefaultTaskPlanExecutor$ExecutorWorker.execute(DefaultTaskPlanExecutor.java:200)
        at org.gradle.execution.taskgraph.DefaultTaskPlanExecutor$ExecutorWorker.executeWithWork(DefaultTaskPlanExecutor.java:191)
        at org.gradle.execution.taskgraph.DefaultTaskPlanExecutor$ExecutorWorker.run(DefaultTaskPlanExecutor.java:130)
        at org.gradle.internal.concurrent.ExecutorPolicy$CatchAndRecordFailures.onExecute(ExecutorPolicy.java:63)
        at org.gradle.internal.concurrent.ManagedExecutorImpl$1.run(ManagedExecutorImpl.java:46)
        at java.util.concurrent.ThreadPoolExecutor.runWorker(ThreadPoolExecutor.java:1149)
        at java.util.concurrent.ThreadPoolExecutor$Worker.run(ThreadPoolExecutor.java:624)
        at org.gradle.internal.concurrent.ThreadFactoryImpl$ManagedThreadRunnable.run(ThreadFactoryImpl.java:55)
        at java.lang.Thread.run(Thread.java:748)
Caused by: com.android.builder.dexing.DexArchiveBuilderException: Failed to process /home/ivan/.gradle/caches/transforms-1/files-1.1/jetified-firebase-analytics-impl-12.0.1.aar/483015c4cd0b70001104fc09bcf515cb/jars/classes.jar
        at com.android.build.gradle.internal.transforms.DexArchiveBuilderTransform.launchProcessing(DexArchiveBuilderTransform.java:909)
        at com.android.build.gradle.internal.transforms.DexArchiveBuilderTransform.lambda$convertToDexArchive$6(DexArchiveBuilderTransform.java:834)
        at java.util.concurrent.ForkJoinTask$AdaptedCallable.exec(ForkJoinTask.java:1424)
        at java.util.concurrent.ForkJoinTask.doExec(ForkJoinTask.java:289)
        at java.util.concurrent.ForkJoinPool$WorkQueue.runTask(ForkJoinPool.java:1056)
        at java.util.concurrent.ForkJoinPool.runWorker(ForkJoinPool.java:1692)
        at java.util.concurrent.ForkJoinWorkerThread.run(ForkJoinWorkerThread.java:157)
Caused by: com.android.builder.dexing.DexArchiveBuilderException: Error while dexing.
        at com.android.builder.dexing.D8DexArchiveBuilder.getExceptionToRethrow(D8DexArchiveBuilder.java:124)
        at com.android.builder.dexing.D8DexArchiveBuilder.convert(D8DexArchiveBuilder.java:101)
        at com.android.build.gradle.internal.transforms.DexArchiveBuilderTransform.launchProcessing(DexArchiveBuilderTransform.java:904)
        ... 6 more
Caused by: com.android.tools.r8.CompilationFailedException: Compilation failed to complete
        at com.android.tools.r8.utils.ExceptionUtils.withCompilationHandler(ExceptionUtils.java:70)
        at com.android.tools.r8.utils.ExceptionUtils.withD8CompilationHandler(ExceptionUtils.java:43)
        at com.android.tools.r8.D8.run(D8.java:94)
        at com.android.builder.dexing.D8DexArchiveBuilder.convert(D8DexArchiveBuilder.java:99)
        ... 7 more
Caused by: com.android.tools.r8.utils.AbortException: Error: Type com.google.android.gms.common.internal.zzf is referenced as an interface from `com.google.android.gms.internal.zzcms`.
        at com.android.tools.r8.utils.Reporter.failIfPendingErrors(Reporter.java:89)
        at com.android.tools.r8.utils.Reporter.fatalError(Reporter.java:60)
        at com.android.tools.r8.utils.ExceptionUtils.withCompilationHandler(ExceptionUtils.java:64)
        ... 10 more


FAILURE: Build failed with an exception.

* What went wrong:
Execution failed for task ':app:transformClassesWithDexBuilderForDebug'.
> com.android.build.api.transform.TransformException: com.android.builder.dexing.DexArchiveBuilderException: com.android.builder.dexing.DexArchiveBuilderException: Failed to process /home/ivan/.gradle/caches/transforms-1/files-1.1/jetified-firebase-analytics-impl-12.0.1.aar/483015c4cd0b70001104fc09bcf515cb/jars/classes.jar

* Try:
Run with --stacktrace option to get the stack trace. Run with --info or --debug option to get more log output. Run with --scan to get full insights.

* Get more help at https://help.gradle.org

BUILD FAILED in 1m 54s

    at checkExecSyncError (child_process.js:621:11)
    at execFileSync (child_process.js:639:15)
    at runOnAllDevices (/home/ivan/dev/reactNative/testRun/node_modules/@react-native-community/cli-platform-android/build/commands/runAndroid/runOnAllDevices.js:94:39)
    at buildAndRun (/home/ivan/dev/reactNative/testRun/node_modules/@react-native-community/cli-platform-android/build/commands/runAndroid/index.js:158:41)
    at /home/ivan/dev/reactNative/testRun/node_modules/@react-native-community/cli-platform-android/build/commands/runAndroid/index.js:125:12
    at processTicksAndRejections (internal/process/task_queues.js:94:5)
    at async Command.handleAction (/home/ivan/dev/reactNative/testRun/node_modules/@react-native-community/cli/build/index.js:164:9)
error Command failed with exit code 1.
```


**Smartphone**
- Device: Galaxy J6
- OS: Android 9



** Which Category is your question related to? **
E.g. Auth.
** What AWS Services are you utilizing? **
E.g. Cognito.
** Provide additional details e.g. code snippets **

Hello guys, 

I've my app protected with the Authenticator component, something like this:
```      
<Authenticator                                                                                                                    
        authState={loginState}                                                                                                          
        hideDefault={true}                                                                                                              
        amplifyConfig={config}                                                                                                          
        onStateChange={authState => setLoginState(authState)}                                                                           
      >                                                                                                                                 
        <App authState={loginState} />                                                                                                  
        <CustomSignIn />                                                                                                                
        <VerifyContact />                                                                                                               
        <ForgotPassword />                                                                                                              
        <Loading />                                                                                                                     
        <CustomSignUp signUpConfig={signUpConfig} />                                                                                    
        <CustomConfirmSignUp />                                                                                                         
      </Authenticator>
```
And inside the App component I've my routes
```
const App = props => {                                                                                                                                                                                                             
    return <StateProvider initialState={initialState} reducer={mainReducer}>                                                                   
      <Router history={hist}>                                                                                                           
        <Switch>                                                                                                                        
          <Route exact path={`/`} component={HomePageWrapper} />                                                                        
          <Route exact path={`/aaa`} component={AAAA} />                                                          
          <Route exact path="/bbb" component={BBBB} />                                                            
          <Route exact path="/ccc" component={CCCC} />                                                           
          <Route exact path="/unauthaccess" component={UnAuthAccess} />
          ....     
```
And I want `/unauthaccess` to be accessible unauthenticated. I'm trying to avoid having one App component for auth urls and another for unauth urls. Is there a way to make an exception so that Authenticator ignores certain URLs?

Thanks
**Describe the bug**
The `JS.browserOrNode()` function uses eval-like expressions that prevent amplify-js from running when a strict Content-Security-Policy is in place. The eval-like expressions I'm talking about are `new Function("...")`, which are not allowed in a Content-Security-Policy, that doesn't allow `eval()`.

This leads to the following error message in the browser (in this case Firefox):
> Content Security Policy: The pages settings blocked the loading of a resource at eval (default-src). vendor.js

This prevents us from using any of the functionality provided by amplify-js. I believe the issue was introduced with commit 52bd2877bee66b934885e6726b68c8a926c28c3d, which changed the functionality in `browserOrNode()` to use `new Function()`.

**To Reproduce**

1. Have a page with a Content-Security-Policy that defines `default-src 'self';` (`script-src 'self';` should also work), see `Sample Code` for the one we are using.
2. Include any `amplify-js` package that uses `JS.browserOrNode()` (in our case `@aws-amplify/auth`).
3. See error in the browser's console (and possibly on the page), the package will not be working as expected

**Expected behavior**
`amplify-js` (or rather `browserOrNode()`) should not break any Content-Security-Policy that forbids `eval()`

**Screenshots**
Error in Firefox console:
![image](https://user-images.githubusercontent.com/481294/72535055-2c60e500-3878-11ea-83fb-43b5600cbdb8.png)

Error in Google Chrome console:
![image](https://user-images.githubusercontent.com/481294/72535173-69c57280-3878-11ea-968d-2c6b5f83a354.png)

<details>
  <summary><strong>Environment</strong></summary>

```
  System:
    OS: Linux 5.3 Ubuntu 19.10 (Eoan Ermine)
    CPU: (4) x64 Intel(R) Core(TM) i5-6200U CPU @ 2.30GHz
    Memory: 141.61 MB / 7.64 GB
    Container: Yes
    Shell: 5.0.3 - /bin/bash
  Binaries:
    Node: 12.14.1 - /usr/bin/node
    Yarn: 1.21.1 - /usr/bin/yarn
    npm: 6.13.4 - /usr/bin/npm
  Browsers:
    Chrome: 79.0.3945.117
    Firefox: 72.0.1
  npmPackages:
    @aws-amplify/auth: ^2.1.3 => 2.1.3 
    @babel/core: ^7.8.3 => 7.8.3 
    @babel/preset-env: ^7.8.3 => 7.8.3 
    @babel/preset-react: ^7.8.3 => 7.8.3 
    @testing-library/jest-dom: ^4.2.4 => 4.2.4 
    @testing-library/react: ^9.4.0 => 9.4.0 
    @testing-library/react-hooks: ^3.2.1 => 3.2.1 
    @types/jest: ^24.9.0 => 24.9.0 
    @types/react: ^16.9.17 => 16.9.17 
    babel-eslint: ^10.0.3 => 10.0.3 
    babel-loader: ^8.0.6 => 8.0.6 
    copy-webpack-plugin: ^5.1.1 => 5.1.1 
    core-js: ^3.6.4 => 3.6.4 
    dotenv: ^8.2.0 => 8.2.0 
    eslint: ^6.8.0 => 6.8.0 
    eslint-config-airbnb: ^18.0.1 => 18.0.1 
    eslint-config-jameda: ^1.6.4 => 1.6.4 
    eslint-config-prettier: ^6.9.0 => 6.9.0 
    eslint-import-resolver-webpack: ^0.12.1 => 0.12.1 
    eslint-plugin-import: ^2.20.0 => 2.20.0 
    eslint-plugin-jest: ^23.6.0 => 23.6.0 
    eslint-plugin-jsx-a11y: ^6.2.3 => 6.2.3 
    eslint-plugin-react: ^7.18.0 => 7.18.0 
    eslint-plugin-react-hooks: ^2.3.0 => 2.3.0 
    file-loader: ^5.0.2 => 5.0.2 
    history: ^4.10.1 => 4.10.1 
    html-webpack-plugin: ^3.2.0 => 3.2.0 
    husky: ^4.0.10 => 4.0.10 
    jest: ^24.9.0 => 24.9.0 
    jest-junit: ^10.0.0 => 10.0.0 
    jest-styled-components: ^7.0.0 => 7.0.0 
    lint-staged: ^9.5.0 => 9.5.0 
    prettier: ^1.19.1 => 1.19.1 
    prettier-eslint: ^9.0.1 => 9.0.1 
    prettier-eslint-cli: ^5.0.0 => 5.0.0 
    prop-types: ^15.7.2 => 15.7.2 
    qrcode: ^1.4.4 => 1.4.4 
    qs: ^6.9.1 => 6.9.1 
    react: ^16.12.0 => 16.12.0 
    react-dom: ^16.12.0 => 16.12.0 
    react-test-renderer: ^16.12.0 => 16.12.0 
    regenerator-runtime: ^0.13.3 => 0.13.3 
    styled-components: ^5.0.0 => 5.0.0 
    stylelint: ^13.0.0 => 13.0.0 
    stylelint-config-recommended: ^3.0.0 => 3.0.0 
    stylelint-config-styled-components: ^0.1.1 => 0.1.1 
    stylelint-processor-styled-components: ^1.9.0 => 1.9.0 
    webpack: ^4.41.5 => 4.41.5 
    webpack-cli: ^3.3.10 => 3.3.10 
    webpack-dev-server: ^3.10.1 => 3.10.1 
    whatwg-fetch: ^3.0.0 => 3.0.0 
  npmGlobalPackages:
    npm: 6.13.4
```

</details>

**Additional context**
We ran into this issue when we upgraded from `@aws-amplify/auth` 1.3.3 to 2.1.3. The last version that works is 1.4.3, anything after 1.5.0 is not working.

**Sample code**
Our Content-Security-Policy:
```
default-src 'self';
connect-src https://cognito-idp.eu-central-1.amazonaws.com;
object-src 'none';
style-src 'self' 'unsafe-inline';
base-uri 'none';
```

I hope I didn't forget anything. If there's anything else I can do to make the issue more clear or to provide additional insights, please let me know.