We tried to move our CI to Android 10 recently, but it didn't work. Are there any plans/hints of what is possible to do here?

```
2019-10-12 21:04:07 - Action: set_selection - Params: -1, -1
2019-10-12 21:04:07 - Result:'{"bonusInformation":["Exception stack trace:\njava.lang.RuntimeException: sh.calaba.instrumentationbackend.actions.text.InfoMethodUtil$UnexpectedInputMethodManagerStructureException: java.lang.NoSuchFieldException: No field mServedView in class Landroid/view/inputmethod/InputMethodManager; (declaration of 'android.view.inputmethod.InputMethodManager' appears in /system/framework/framework.jar!classes3.dex)\n\tat sh.calaba.instrumentationbackend.actions.text.TextAction.execute(TextAction.java:44)\n\tat sh.calaba.instrumentationbackend.Command.execute(Command.java:47)\n\tat sh.calaba.instrumentationbackend.actions.HttpServer.runCommand(HttpServer.java:787)\n\tat sh.calaba.instrumentationbackend.actions.HttpServer.serve(HttpServer.java:767)\n\tat sh.calaba.instrumentationbackend.actions.NanoHTTPD$HTTPSession.run(NanoHTTPD.java:487)\n\tat java.lang.Thread.run(Thread.java:919)\nCaused by: sh.calaba.instrumentationbackend.actions.text.InfoMethodUtil$UnexpectedInputMethodManagerStructureException: java.lang.NoSuchFieldException: No field mServedView in class Landroid/view/inputmethod/InputMethodManager; (declaration of 'android.view.inputmethod.InputMethodManager' appears in /system/framework/framework.jar!classes3.dex)\n\tat sh.calaba.instrumentationbackend.actions.text.InfoMethodUtil.getServedView(InfoMethodUtil.java:29)\n\tat sh.calaba.instrumentationbackend.actions.text.TextAction.execute(TextAction.java:28)\n\t... 5 more\nCaused by: java.lang.NoSuchFieldException: No field mServedView in class Landroid/view/inputmethod/InputMethodManager; (declaration of 'android.view.inputmethod.InputMethodManager' appears in /system/framework/framework.jar!classes3.dex)\n\tat java.lang.Class.getDeclaredField(Native Method)\n\tat sh.calaba.instrumentationbackend.actions.text.InfoMethodUtil.getServedView(InfoMethodUtil.java:22)\n\t... 6 more\n"],"message":"sh.calaba.instrumentationbackend.actions.text.InfoMethodUtil$UnexpectedInputMethodManagerStructureException: java.lang.NoSuchFieldException: No field mServedView in class Landroid/view/inputmethod/InputMethodManager; (declaration of 'android.view.inputmethod.InputMethodManager' appears in /system/framework/framework.jar!classes3.dex)","success":false}'
```
Logs are available at: https://testcloud-artifacts.s3-eu-west-1.amazonaws.com/03e2d078-9b42-4a48-8e59-4d5a462b6241/d03e1e6c-7ee6-4fd4-8823-5a8548091acb?response-cache-control=max-age%3D315569520&AWSAccessKeyId=AKIAI4UZT4FCOF2OTJYQ&Signature=SZ0RW5uBGc%2B5%2BgN3BzRm8Bmp8T4%3D&Expires=1735689600

Somewhere in the log you'll find:

```
V/BelgianRail(18655): MVX|Receiving SetValue to Klaar voor een nieuwe dag?|
V/BelgianRail(18655): MVX|Receiving SetValue to Klaar om de dag te beginnen? Klik dan op de login knop hieronder. Veel plezier!|
V/BelgianRail(18655): MVX|Receiving SetValue to MvvmCross.Commands.MvxAsyncCommand|
V/BelgianRail(18655): MVX|Receiving SetValue to Login|
V/BelgianRail(18655): MVX|Receiving SetValue to MvvmCross.Commands.MvxAsyncCommand|
V/BelgianRail(18655): MVX|Receiving SetValue to Gone|
V/BelgianRail(18655): MVX|Receiving SetValue to Omgeving|
V/BelgianRail(18655): MVX|Receiving SetValue to Nederlands|
V/BelgianRail(18655): MVX|Receiving SetValue to MvvmCross.Binding.ValueConverters.MvxWrappingCommand|
V/BelgianRail(18655): MVX|Abbreviation not found android|
V/BelgianRail(18655): MVX|Receiving SetValue to False|
V/BelgianRail(18655): MVX|Receiving SetValue to FranÃ§ais|
V/BelgianRail(18655): MVX|Receiving SetValue to MvvmCross.Binding.ValueConverters.MvxWrappingCommand|
V/BelgianRail(18655): MVX|Abbreviation not found android|
V/BelgianRail(18655): MVX|Abbreviation not found android|
V/BelgianRail(18655): MVX|Abbreviation not found android|
I/BelgianRail(18655): VIEW|BelgianRail.Edrive.Core.ViewModels.LoginViewModel|
D/InputTransport( 2914): Input channel constructed: fd=268
D/InputTransport( 2914): Input channel constructed: fd=346
D/InputTransport( 2914): Input channel destroyed: fd=346
D/InputTransport(18655): Input channel constructed: fd=85
D/ViewRootImpl@610e515[LoginView](18655): setView = DecorView@e3c202a[LoginView] TM=true MM=false
D/ActivityManager( 2914): post active user change for 0 fullscreen true isHomeActivity() false
I/Choreographer(18655): Skipped 46 frames!  The application may be doing too much work on its main thread.
D/OpenGLRenderer(18655): eglDestroySurface = 0xc7e92d48, 0xc9afa800
V/WindowManager( 2914): Relayout Window{c5c3c8f u0 be.belgianrail.btr.edrive.integration/md54b571063a5bf51d3963f52ff056766c9.SplashScreen}: viewVisibility=8 req=1200x1920 WM.LayoutParams{(0,0)(fillxfill) sim=#120 ty=1 fl=#81810500 pfl=0x20000 fmt=-3 wanim=0x10302fc vsysui=0x600 needsMenuKey=2 colorMode=0 naviIconColor=0}
E/WindowManager( 2914): win=Window{c5c3c8f u0 be.belgianrail.btr.edrive.integration/md54b571063a5bf51d3963f52ff056766c9.SplashScreen} destroySurfaces: appStopped=false win.mWindowRemovalAllowed=false win.mRemoveOnExit=false win.mViewVisibility=8, caller=com.android.server.wm.WindowManagerService.tryStartExitingAnimation:2870 com.android.server.wm.WindowManagerService.relayoutWindow:2604 com.android.server.wm.Session.relayoutForDisplayCutout:296 com.android.server.wm.Session.relayout:279 android.view.IWindowSession$Stub.onTransact:288 
I/WindowManager( 2914): Destroying surface #21adf68: Surface(name=be.belgianrail.btr.edrive.integration/md54b571063a5bf51d3963f52ff056766c9.SplashScreen) called by com.android.server.wm.WindowStateAnimator.destroySurface:2617 com.android.server.wm.WindowStateAnimator.destroySurfaceLocked:1026 com.android.server.wm.WindowState.destroyOrSaveSurfaceUnchecked:3921 com.android.server.wm.WindowState.destroySurface:3867 com.android.server.wm.WindowManagerService.tryStartExitingAnimation:2870 com.android.server.wm.WindowManagerService.relayoutWindow:2604 com.android.server.wm.Session.relayoutForDisplayCutout:296 com.android.server.wm.Session.relayout:279 
I/SurfaceFlinger( 2591): id=22 Removed be.belgianrail.btr.edrive.integration/md54b571063a5bf51d3963f52ff056766c9.SplashScreen[18655]#0 (1/4)
I/SurfaceFlinger( 2591): id=22 Removed be.belgianrail.btr.edrive.integration/md54b571063a5bf51d3963f52ff056766c9.SplashScreen[18655]#0 (-2/4)
I/Layer   ( 2591): id=22 onRemoved be.belgianrail.btr.edrive.integration/md54b571063a5bf51d3963f52ff056766c9.SplashScreen[18655]#0 
D/ViewRootImpl@73dd9de[SplashScreen](18655): Relayout returned: old=[0,0][1200,1920] new=[0,0][1920,1200] result=0x5 surface={valid=false 0} changed=true
D/ViewRootImpl@610e515[LoginView](18655): dispatchAttachedToWindow
V/WindowManager( 2914): Relayout Window{e4e428b u0 be.belgianrail.btr.edrive.integration/md51b130938b4cfcbe2dfbf90aaeac0c48f.LoginView}: viewVisibility=0 req=1920x1164 WM.LayoutParams{(0,0)(fillxfill) sim=#20 ty=1 fl=#81810100 pfl=0x20000 wanim=0x10302fc vsysui=0x600 needsMenuKey=2 colorMode=0 naviIconColor=0}
I/SurfaceFlinger( 2591): id=24 createSurf (1920x1200),1 flag=404, be.belgianrail.btr.edrive.integration/md51b130938b4cfcbe2dfbf90aaeac0c48f.LoginView[18655]#0
V/Surface ( 2914): sf_framedrop debug : 0x4f4c, game : false, logging : 0
D/WindowManager( 2914): set systemUiVisibility : systemUiFlags= 0x608 fullscreenStackSysUiFlags= 0x0 dockedVisibility= 0x0
D/InputDispatcher( 2914): Focus entered window: 18655 0
V/Surface (18655): sf_framedrop debug : 0x4f4c, game : false, logging : 0
D/ViewRootImpl@610e515[LoginView](18655): Relayout returned: old=[0,0][0,0] new=[0,0][1920,1200] result=0x7 surface={valid=true 3314540544} changed=true
D/mali_winsys(18655): EGLint new_window_surface(egl_winsys_display *, void *, EGLSurface, EGLConfig, egl_winsys_surface **, egl_color_buffer_format *, EGLBoolean) returns 0x3000,  [1920x1200]-format:1
D/OpenGLRenderer(18655): eglCreateWindowSurface = 0xc7e92c08, 0xc58fe008
I/zygote  (18655): Do partial code cache collection, code=60KB, data=60KB
I/zygote  (18655): After code cache collection, code=60KB, data=60KB
I/zygote  (18655): Increasing code cache capacity to 256KB
D/AndroidRuntime(18655): Shutting down VM
--------- beginning of crash
E/AndroidRuntime(18655): FATAL EXCEPTION: main
E/AndroidRuntime(18655): Process: be.belgianrail.btr.edrive.integration, PID: 18655
E/AndroidRuntime(18655): java.lang.NullPointerException: Attempt to invoke virtual method 'java.lang.Class java.lang.Object.getClass()' on a null object reference
E/AndroidRuntime(18655): 	at sh.calaba.instrumentationbackend.query.InvocationOperation.findCompatibleMethod(InvocationOperation.java:93)
E/AndroidRuntime(18655): 	at sh.calaba.instrumentationbackend.query.InvocationOperation$1.run(InvocationOperation.java:32)
E/AndroidRuntime(18655): 	at android.app.Instrumentation$SyncRunnable.run(Instrumentation.java:2126)
E/AndroidRuntime(18655): 	at android.os.Handler.handleCallback(Handler.java:790)
E/AndroidRuntime(18655): 	at android.os.Handler.dispatchMessage(Handler.java:99)
E/AndroidRuntime(18655): 	at android.os.Looper.loop(Looper.java:164)
E/AndroidRuntime(18655): 	at android.app.ActivityThread.main(ActivityThread.java:7000)
E/AndroidRuntime(18655): 	at java.lang.reflect.Method.invoke(Native Method)
E/AndroidRuntime(18655): 	at com.android.internal.os.RuntimeInit$MethodAndArgsCaller.run(RuntimeInit.java:441)
E/AndroidRuntime(18655): 	at com.android.internal.os.ZygoteInit.main(ZygoteInit.java:1408)
D/NetworkSecurityConfig(18655): Using Network Security Config from resource network_security_config debugBuild: true
I/System.out(18655): (HTTPLog)-Static: isSBSettingEnabled false
I/System.out(18655): (HTTPLog)-Static: isSBSettingEnabled false
D/DnsProxyListener( 2679): DNSDBG::dns addrinfo af 2
E/AppCenterCrashes(18655): Unhandled Exception from source=AppDomain
E/AppCenterCrashes(18655): Java.Lang.RuntimeException: Attempt to invoke virtual method 'java.lang.Class java.lang.Object.getClass()' on a null object reference
E/AppCenterCrashes(18655):   --- End of managed Java.Lang.RuntimeException stack trace ---
E/AppCenterCrashes(18655): java.lang.NullPointerException: Attempt to invoke virtual method 'java.lang.Class java.lang.Object.getClass()' on a null object reference
E/AppCenterCrashes(18655): 	at sh.calaba.instrumentationbackend.query.InvocationOperation.findCompatibleMethod(InvocationOperation.java:93)
E/AppCenterCrashes(18655): 	at sh.calaba.instrumentationbackend.query.InvocationOperation$1.run(InvocationOperation.java:32)
E/AppCenterCrashes(18655): 	at android.app.Instrumentation$SyncRunnable.run(Instrumentation.java:2126)
E/AppCenterCrashes(18655): 	at android.os.Handler.handleCallback(Handler.java:790)
E/AppCenterCrashes(18655): 	at android.os.Handler.dispatchMessage(Handler.java:99)
E/AppCenterCrashes(18655): 	at android.os.Looper.loop(Looper.java:164)
E/AppCenterCrashes(18655): 	at android.app.ActivityThread.main(ActivityThread.java:7000)
E/AppCenterCrashes(18655): 	at java.lang.reflect.Method.invoke(Native Method)
E/AppCenterCrashes(18655): 	at com.android.internal.os.RuntimeInit$MethodAndArgsCaller.run(RuntimeInit.java:441)
E/AppCenterCrashes(18655): 	at com.android.internal.os.ZygoteInit.main(ZygoteInit.java:1408)
```

This happened on the Samsung Galaxy Tab A with Android 8.1 that is available on App Center Test.

Is this something in my code? Looks to be a NRE in Calabash?
Hello, Calabash-android can't support flutter ,if support flutter ,I think this test project will  Popular

Here is my test script：

Scenario: 应用启动后打开主界面                                # features/my_first.feature:3
    Then I wait for 2 seconds                         # calabash-android-0.9.9/lib/calabash-android/steps/progress_steps.rb:10
    Then I see "一休哥"                                  # calabash-android-0.9.9/lib/calabash-android/steps/assert_steps.rb:5
      Timeout waiting for elements: * {text CONTAINS[c] '一休哥'} (Calabash::Android::WaitHelpers::WaitError)
      features/my_first.feature:5:in `Then I see "一休哥"'
    And I see "突然想到的"                                 # calabash-android-0.9.9/lib/calabash-android/steps/assert_steps.rb:5
    When I press "一休哥"                                # calabash-android-0.9.9/lib/calabash-android/steps/press_button_steps.rb:17
    Then I see "一休哥"                                  # calabash-android-0.9.9/lib/calabash-android/steps/assert_steps.rb:5
    When I enter "一休哥，最近怎样" into input field number 1 # calabash-android-0.9.9/lib/calabash-android/steps/enter_text_steps.rb:9
    And I press "发送"                                  # calabash-android-0.9.9/lib/calabash-android/steps/press_button_steps.rb:17

While trying to run calabash-android against a target app, I am facing the following error. 

$ calabash-android run my-calculator.apk
Unable to activate luffa-2.0.0, because json-2.1.0 conflicts with json (~> 1.8) (Gem::ConflictError)
/Users/sudarshannarayanan/.rvm/rubies/ruby-head/lib/ruby/2.6.0/rubygems/specification.rb:2304:in `raise_if_conflicts'
/Users/sudarshannarayanan/.rvm/rubies/ruby-head/lib/ruby/2.6.0/rubygems/specification.rb:1420:in `activate'
/Users/sudarshannarayanan/.rvm/rubies/ruby-head/lib/ruby/2.6.0/rubygems/specification.rb:1454:in `block in activate_dependencies'
/Users/sudarshannarayanan/.rvm/rubies/ruby-head/lib/ruby/2.6.0/rubygems/specification.rb:1440:in `each'
/Users/sudarshannarayanan/.rvm/rubies/ruby-head/lib/ruby/2.6.0/rubygems/specification.rb:1440:in `activate_dependencies'
/Users/sudarshannarayanan/.rvm/rubies/ruby-head/lib/ruby/2.6.0/rubygems/specification.rb:1422:in `activate'
/Users/sudarshannarayanan/.rvm/rubies/ruby-head/lib/ruby/2.6.0/rubygems.rb:223:in `rescue in try_activate'
/Users/sudarshannarayanan/.rvm/rubies/ruby-head/lib/ruby/2.6.0/rubygems.rb:216:in `try_activate'
/Users/sudarshannarayanan/.rvm/rubies/ruby-head/lib/ruby/2.6.0/rubygems/core_ext/kernel_require.rb:123:in `rescue in require'
/Users/sudarshannarayanan/.rvm/rubies/ruby-head/lib/ruby/2.6.0/rubygems/core_ext/kernel_require.rb:34:in `require'
/Users/sudarshannarayanan/Projects/CalabashDemo/features/support/env.rb:1:in `<top (required)>'
/Users/sudarshannarayanan/.rvm/gems/ruby-head@calabash/gems/cucumber-3.1.2/lib/cucumber/glue/registry_and_more.rb:107:in `load'
/Users/sudarshannarayanan/.rvm/gems/ruby-head@calabash/gems/cucumber-3.1.2/lib/cucumber/glue/registry_and_more.rb:107:in `load_code_file'
/Users/sudarshannarayanan/.rvm/gems/ruby-head@calabash/gems/cucumber-3.1.2/lib/cucumber/runtime/support_code.rb:144:in `load_file'
/Users/sudarshannarayanan/.rvm/gems/ruby-head@calabash/gems/cucumber-3.1.2/lib/cucumber/runtime/support_code.rb:85:in `block in load_files!'
/Users/sudarshannarayanan/.rvm/gems/ruby-head@calabash/gems/cucumber-3.1.2/lib/cucumber/runtime/support_code.rb:84:in `each'
/Users/sudarshannarayanan/.rvm/gems/ruby-head@calabash/gems/cucumber-3.1.2/lib/cucumber/runtime/support_code.rb:84:in `load_files!'
/Users/sudarshannarayanan/.rvm/gems/ruby-head@calabash/gems/cucumber-3.1.2/lib/cucumber/runtime.rb:272:in `load_step_definitions'
/Users/sudarshannarayanan/.rvm/gems/ruby-head@calabash/gems/cucumber-3.1.2/lib/cucumber/runtime.rb:68:in `run!'
/Users/sudarshannarayanan/.rvm/gems/ruby-head@calabash/gems/cucumber-3.1.2/lib/cucumber/cli/main.rb:34:in `execute!'
/Users/sudarshannarayanan/.rvm/gems/ruby-head@calabash/gems/cucumber-3.1.2/bin/cucumber:9:in `<top (required)>'
/Users/sudarshannarayanan/.rvm/gems/ruby-head@calabash/bin/cucumber:23:in `load'
/Users/sudarshannarayanan/.rvm/gems/ruby-head@calabash/bin/cucumber:23:in `<main>'

Here is my gemlist. 

$ gem list

*** LOCAL GEMS ***

awesome_print (1.8.0)
backports (3.11.4)
bigdecimal (default: 1.3.4)
builder (3.2.3)
bundler (default: 2.0.0.pre.2, 1.17.1)
calabash-android (0.9.8)
calabash-cucumber (0.21.8)
clipboard (1.1.2)
cmath (default: 1.0.0)
command_runner_ng (0.1.4)
concurrent-ruby (1.1.3)
csv (default: 3.0.1)
cucumber (3.1.2)
cucumber-core (3.2.1)
cucumber-expressions (6.0.1)
cucumber-tag_expressions (1.1.1)
cucumber-wire (0.0.1)
date (default: 1.0.0)
dbm (default: 1.0.0)
diff-lcs (1.3)
e2mmap (default: 0.1.0)
edn (1.1.1)
escape (0.0.4)
etc (default: 1.0.1)
fcntl (default: 1.0.0)
fiddle (default: 1.0.0)
fileutils (default: 1.1.0)
forwardable (default: 1.2.0)
gdbm (default: 2.0.0)
geocoder (1.5.0)
gherkin (5.1.0)
httpclient (2.8.3)
i18n (0.9.5)
io-console (default: 0.4.6)
ipaddr (default: 1.2.0)
irb (default: 0.9.6)
json (default: 2.1.0, 1.8.6)
logger (default: 1.2.7)
luffa (2.0.0)
matrix (default: 0.1.0)
multi_json (1.13.1)
multi_test (0.1.2)
mutex_m (default: 0.1.0)
openssl (default: 2.1.2)
ostruct (default: 0.1.0)
prime (default: 0.1.0)
psych (default: 3.1.0.pre2)
rdoc (default: 6.1.0.beta2)
retriable (2.0.2)
rexml (default: 3.1.7.3)
rss (default: 0.2.7)
rubyzip (1.2.2)
run_loop (4.1.0)
scanf (default: 1.0.0)
sdbm (default: 1.0.0)
shell (default: 0.7)
slowhandcuke (0.0.3)
stringio (default: 0.0.2)
strscan (default: 1.0.0)
sync (default: 0.1.0)
thor (0.20.3)
thwait (default: 0.1.0)
tracer (default: 0.1.0)
webrick (default: 1.4.2)
zlib (default: 1.0.0)

I would like to know how to resolve the json conflict and execute the Gherkin script. 
I`m having trouble with running first test. All seems be configured fine, I tried using 2 different app, real device and emulator - result is the same.

If you know hot to solve it, please help me. Maybe I need lover version of any of libraries/programs due the calabash-android is not supported now?
 
```

C:\Users\XXX YYY\CalabashCucumberTest>bundle exec calabash-android run io.apk
No test server found for this combination of app and calabash version. Recreating test server.
WARNING: skipped META-INF/CERT.RSA as unsafe
Traceback (most recent call last):
        10: from C:/Ruby25-x64/bin/calabash-android:23:in `<main>'
         9: from C:/Ruby25-x64/bin/calabash-android:23:in `load'
         8: from C:/Ruby25-x64/lib/ruby/gems/2.5.0/gems/calabash-android-0.9.8/bin/calabash-android:86:in `<top (required)>'
         7: from C:/Ruby25-x64/lib/ruby/gems/2.5.0/gems/calabash-android-0.9.8/bin/calabash-android-run.rb:16:in `calabash_run'
         6: from C:/Ruby25-x64/lib/ruby/gems/2.5.0/gems/calabash-android-0.9.8/lib/calabash-android/helpers.rb:107:in `build_test_server_if_needed'
         5: from C:/Ruby25-x64/lib/ruby/gems/2.5.0/gems/calabash-android-0.9.8/bin/calabash-android-build.rb:2:in `calabash_build'
         4: from C:/Ruby25-x64/lib/ruby/gems/2.5.0/gems/calabash-android-0.9.8/lib/calabash-android/helpers.rb:169:in `fingerprint_from_apk'
         3: from C:/Ruby25-x64/lib/ruby/2.5.0/tmpdir.rb:89:in `mktmpdir'
         2: from C:/Ruby25-x64/lib/ruby/gems/2.5.0/gems/calabash-android-0.9.8/lib/calabash-android/helpers.rb:170:in `block in fingerprint_from_apk'
         1: from C:/Ruby25-x64/lib/ruby/gems/2.5.0/gems/calabash-android-0.9.8/lib/calabash-android/helpers.rb:170:in `chdir'
C:/Ruby25-x64/lib/ruby/gems/2.5.0/gems/calabash-android-0.9.8/lib/calabash-android/helpers.rb:188:in `block (2 levels) in fingerprint_from_apk': No signature files found in META-INF. Cannot proceed. (RuntimeError)
```
I have  a webview test which looks like this 
steps def are looking like this 
touch("webView css:'INPUT#username'")
   keyboard_enter_text("username")
   sleep 3
   press_back_button
   wait_for_element_exists("webView css:'INPUT#password'")
   sleep 3
   touch("webView css:'INPUT#password'")
   keyboard_enter_text("password")
   sleep 2
   press_back_button
   touch("webView css:'BUTTON'")
   sleep 4
 wait_for_element_exists("* marked:'subscription_chooser_item_name'")

when the test are made 

after the execution , keyboard_enter_text("username"), the steps after that are skipped always.

can anyone help with this issue 

I recently upgrade calabash from 0.9.0 to 0.9.8
I frequently use le function _perform_action('drag', 50, 50, 30, 70, 5)_ because the function _scroll_down_ doesn't work on a non scrollable view.
This worked fine on version 0.9.0
It seems that it doesn't work any more on version 0.9.8
```
irb(main):008:0> perform_action('drag', 50, 50, 30, 70, 5)
RuntimeError: Step timed out
	from /Users/ci/.rbenv/versions/2.3.1/lib/ruby/gems/2.3.0/gems/calabash-android-0.9.8/lib/calabash-android/operations.rb:467:in `rescue in perform_action'
	from /Users/ci/.rbenv/versions/2.3.1/lib/ruby/gems/2.3.0/gems/calabash-android-0.9.8/lib/calabash-android/operations.rb:447:in `perform_action'
	from /Users/ci/.rbenv/versions/2.3.1/lib/ruby/gems/2.3.0/gems/calabash-android-0.9.8/lib/calabash-android/operations.rb:93:in `perform_action'
	from (irb):8
	from /Users/ci/.rbenv/versions/2.3.1/bin/irb:11:in `<main>'
```
Did someone find the same behavior ?
Have any solution or workaround ?
Hi, everyone. This is not an issue, but I need some help with an element. I have to test a tv element in my app and acces to the epg to validate the channels. Is there a way to test this type of elements?
![image](https://user-images.githubusercontent.com/17856696/46301157-29e75880-c56b-11e8-8b0f-02a8e9a844cf.png)

Thanks in advance
Following command executed with different results by calabash-android version 0.9.5 and 0.9.6

_calabash-android resign <location of apk>
calabash-android console <location of apk>
reinstall_apps
reinstall_test_server
start_test_server_in_background_

- with calabash-android 0.9.5 and rubyzip 1.2.1  -> apk lunched successfully after executed start_test_server_in_background.

- with calabash-android 0.9.6 and rubyzip 1.2.2 (which needs to be updated as well if execute cmd with bundle exec),  I get error message when execute calabash-android console <apk>
_No test server found for this combination of app and calabash version. Recreating test server.
**WARNING: skipped META-INF/CERT.RSA as unsafe
C:/Ruby22-x64/lib/ruby/gems/2.2.0/gems/calabash-android-0.9.6/lib/calabash-android/helpers.rb:188:in `block (2 levels) in fingerprint_from_apk': No signature files found in META-INF. Cannot proceed. (Run
timeError)**
from C:/Ruby22-x64/lib/ruby/gems/2.2.0/gems/calabash-android-0.9.6/lib/calabash-android/helpers.rb:170:in `chdir'
from C:/Ruby22-x64/lib/ruby/gems/2.2.0/gems/calabash-android-0.9.6/lib/calabash-android/helpers.rb:170:in `block in fingerprint_from_apk'
from C:/Ruby22-x64/lib/ruby/2.2.0/tmpdir.rb:88:in `mktmpdir'
from C:/Ruby22-x64/lib/ruby/gems/2.2.0/gems/calabash-android-0.9.6/lib/calabash-android/helpers.rb:169:in `fingerprint_from_apk'
from C:/Ruby22-x64/lib/ruby/gems/2.2.0/gems/calabash-android-0.9.6/bin/calabash-android-build.rb:2:in `calabash_build'
from C:/Ruby22-x64/lib/ruby/gems/2.2.0/gems/calabash-android-0.9.6/lib/calabash-android/helpers.rb:107:in `build_test_server_if_needed'
from C:/Ruby22-x64/lib/ruby/gems/2.2.0/gems/calabash-android-0.9.6/bin/calabash-android-console.rb:26:in `calabash_console'
from C:/Ruby22-x64/lib/ruby/gems/2.2.0/gems/calabash-android-0.9.6/bin/calabash-android:107:in `<top (required)>'
from C:/Ruby22-x64/bin/calabash-android:23:in `load'
from C:/Ruby22-x64/bin/calabash-android:23:in `<main>'_

- After I manually downgrade rubyzip1.2.2 to 1.2.1, kept calabash-android in 0.9.6 and tried again, I Failed to start the app when executing start_test_server_in_background
_irb(main):001:0> start_test_server_in_background
RuntimeError: App did not start see adb logcat for details
        from C:/Ruby22-x64/lib/ruby/gems/2.2.0/gems/calabash-android-0.9.5/lib/calabash-android/operations.rb:743:in `block in start_test_server_in_background'
        from C:/Ruby22-x64/lib/ruby/gems/2.2.0/gems/calabash-android-0.9.5/lib/calabash-android/retry.rb:10:in `call'
        from C:/Ruby22-x64/lib/ruby/gems/2.2.0/gems/calabash-android-0.9.5/lib/calabash-android/retry.rb:10:in `block in retry'
        from C:/Ruby22-x64/lib/ruby/gems/2.2.0/gems/calabash-android-0.9.5/lib/calabash-android/retry.rb:8:in `times'
        from C:/Ruby22-x64/lib/ruby/gems/2.2.0/gems/calabash-android-0.9.5/lib/calabash-android/retry.rb:8:in `retry'
        from C:/Ruby22-x64/lib/ruby/gems/2.2.0/gems/calabash-android-0.9.5/lib/calabash-android/operations.rb:742:in `start_test_server_in_background'
        from C:/Ruby22-x64/lib/ruby/gems/2.2.0/gems/calabash-android-0.9.5/lib/calabash-android/operations.rb:152:in `start_test_server_in_background'
        from (irb):1
        from C:/Ruby22-x64/bin/irb:11:in `<main>'_
And in the adb logcat, it mentioned _‘E adbd    : failed to connect to socket 'tcp:7102': Connection refused’_
Report "your app is no longer running" when run "calabash-android run myapk.apk"
when execute "calabash-android run myapk.apk", it report:
2018-09-03 15:47:22 - Starting test server using:
2018-09-03 15:47:22 - "Library/Android/sdk/platform-tools/adb" -s emulator-5554 shell am instrument -e main_activity null -e test_server_port 7102 -e class sh.calaba.instrumentationbackend.InstrumentationBackend com.xx.xx.test/sh.calaba.instrumentationbackend.CalabashInstrumentationTestRunner
2018-09-03 15:47:34 - It looks like your app is no longer running. 

check logcat log, it report 
9-03 15:47:37.151 E/AndroidRuntime( 3200): java.lang.RuntimeException: Exception thrown in onCreate() of ComponentInfo{com.xx.xx.test/sh.calaba.instrumentationbackend.CalabashInstrumentationTestRunner}: java.lang.RuntimeException: java.io.FileNotFoundException: actions


Can someone tell me what's wrong with my env?