Let's make sure this all works on Ruby 2.7

Signed-off-by: Tim Smith <tsmith@chef.io>
### Description

This change adds deep signing of libraries and binaries to the pakacking process for the pkg packager. It aso enables the hardened runtime for binaries. In order to deep sign we have to know where a software definition will install binaries and libraries. To facilite this lib_dirs and bin_dirs functions have been added to the software definition. These two functions return defaults that match standard omnibus locations, but allow individual software defs to override if they do something different.

Bumps major version since signing deep signing is a major change.

Signed-off-by: Jon Morrow <jmorrow@chef.io>

--------------------------------------------------

#### Maintainers

Please ensure that you check for:

- [] If this change impacts git cache validity, it bumps the git cache
  serial number
- [] If this change impacts compatibility with omnibus-software, the
  corresponding change is reviewed and there is a release plan
- [] If this change impacts compatibility with the omnibus cookbook, the
  corresponding change is reviewed and there is a release plan

### Description

The hash needs to be expanded. As-is, it is an error with Ruby 2.7.0:

```
lib/omnibus/download_helpers.rb:80: warning: Splitting the last argument into positional and keyword parameters is deprecated
lib/omnibus/core_extensions/open_uri.rb:51:in `open_uri'
/usr/local/rvm/rubies/ruby-2.7.0/lib/ruby/2.7.0/open-uri.rb:153:in `open_uri': extra arguments (ArgumentError)
```

I tried to fix this in https://github.com/chef/omnibus/pull/922, but I ran into issues that I don't know how to fix, because I'm not very familiar with Ruby.


The Ruby documentation on the new behavior is comprehensive, but as far as I can see, there is no code that works in both Ruby versions without changing how things are wired: https://www.ruby-lang.org/en/news/2019/12/12/separation-of-positional-and-keyword-arguments-in-ruby-3-0/

### Omnibus Version

6.1.9

### Platform Version

Tell us which Operating System distribution, version and architecture the Omnibus build is being executed on.

### Replication Case

Tell us what steps to take to replicate your problem.  See [How to create a Minimal, Complete, and Verifiable example](https://stackoverflow.com/help/mcve)
for information on how to create a good replication case.

### Build Output

The relevant output of the Omnibus build or a link to a gist of the entire build, if there is one.

The verbose build output (`omnibus build <PROJECT> -l internal`) may be useful, but please link to a gist, or truncate it.

--------------------------------------------------

### Description

S3 Publisher should inherit from s3_profile and not have to use publiser_s3_profile

### Omnibus Version

Latest

### Platform Version

el7

### Replication Case

I was using the following string.
```
bundle exec omnibus publish s3 REDACTED pkg/package-<%= @_version %>-1.el7.x86_64.rpm --override s3_profile:REDACTED"
```

I expected that `s3_profile` should be inherited into the s3 publisher instead of needing to use `publish_s3_profile`.  This would be considered a quality of life enhancement, and could likely be driven by Omnibus::Config and allow for order of operations.

If publish_s3*, use it, if not, check s3_*, else raise


### Build Output

```
       [31mMissing required attribute `publish_s3_access_key' for Config. You must
       specify a value for `publish_s3_access_key' in your DSL file:
       
           publish_s3_access_key "'ABCD1234'"
       
       Or set the value on the object:
       
           config.publish_s3_access_key("'ABCD1234'")
       [0m
       [31m
       /home/centos/.bundle/ruby/2.6.0/omnibus-97490bb29fc5/lib/omnibus/config.rb:438:in `block in <class:Config>'
         /home/centos/.bundle/ruby/2.6.0/omnibus-97490bb29fc5/lib/omnibus/config.rb:627:in `instance_eval'
         /home/centos/.bundle/ruby/2.6.0/omnibus-97490bb29fc5/lib/omnibus/config.rb:627:in `set_or_return'
         /home/centos/.bundle/ruby/2.6.0/omnibus-97490bb29fc5/lib/omnibus/config.rb:57:in `block in default'
         /home/centos/.bundle/ruby/2.6.0/omnibus-97490bb29fc5/lib/omnibus/config.rb:52:in `block in default'
         /home/centos/.bundle/ruby/2.6.0/omnibus-97490bb29fc5/lib/omnibus/publishers/s3_publisher.rb:71:in `s3_configuration'
         /home/centos/.bundle/ruby/2.6.0/omnibus-97490bb29fc5/lib/omnibus/s3_helpers.rb:57:in `client'
         /home/centos/.bundle/ruby/2.6.0/omnibus-97490bb29fc5/lib/omnibus/s3_helpers.rb:109:in `bucket'
         /home/centos/.bundle/ruby/2.6.0/omnibus-97490bb29fc5/lib/omnibus/s3_helpers.rb:135:in `store_object'
         /home/centos/.bundle/ruby/2.6.0/omnibus-97490bb29fc5/lib/omnibus/publishers/s3_publisher.rb:34:in `block in publish'
         /home/centos/.bundle/ruby/2.6.0/omnibus-97490bb29fc5/lib/omnibus/publishers/s3_publisher.rb:26:in `each'
         /home/centos/.bundle/ruby/2.6.0/omnibus-97490bb29fc5/lib/omnibus/publishers/s3_publisher.rb:26:in `publish'
         /home/centos/.bundle/ruby/2.6.0/omnibus-97490bb29fc5/lib/omnibus/publisher.rb:29:in `publish'
         /home/centos/.bundle/ruby/2.6.0/omnibus-97490bb29fc5/lib/omnibus/cli/publish.rb:101:in `publish'
         /home/centos/.bundle/ruby/2.6.0/omnibus-97490bb29fc5/lib/omnibus/cli/publish.rb:61:in `s3'
         /opt/omnibus-toolchain/embedded/lib/ruby/gems/2.6.0/gems/thor-0.20.3/lib/thor/command.rb:27:in `run'
         /opt/omnibus-toolchain/embedded/lib/ruby/gems/2.6.0/gems/thor-0.20.3/lib/thor/invocation.rb:126:in `invoke_command'
         /opt/omnibus-toolchain/embedded/lib/ruby/gems/2.6.0/gems/thor-0.20.3/lib/thor.rb:387:in `dispatch'
         /home/centos/.bundle/ruby/2.6.0/omnibus-97490bb29fc5/lib/omnibus/cli/base.rb:33:in `dispatch'
         /opt/omnibus-toolchain/embedded/lib/ruby/gems/2.6.0/gems/thor-0.20.3/lib/thor/invocation.rb:115:in `invoke'
         /opt/omnibus-toolchain/embedded/lib/ruby/gems/2.6.0/gems/thor-0.20.3/lib/thor.rb:238:in `block in subcommand'
         /opt/omnibus-toolchain/embedded/lib/ruby/gems/2.6.0/gems/thor-0.20.3/lib/thor/command.rb:27:in `run'
         /opt/omnibus-toolchain/embedded/lib/ruby/gems/2.6.0/gems/thor-0.20.3/lib/thor/invocation.rb:126:in `invoke_command'
         /opt/omnibus-toolchain/embedded/lib/ruby/gems/2.6.0/gems/thor-0.20.3/lib/thor.rb:387:in `dispatch'
         /home/centos/.bundle/ruby/2.6.0/omnibus-97490bb29fc5/lib/omnibus/cli/base.rb:33:in `dispatch'
         /opt/omnibus-toolchain/embedded/lib/ruby/gems/2.6.0/gems/thor-0.20.3/lib/thor/base.rb:466:in `start'
         /home/centos/.bundle/ruby/2.6.0/omnibus-97490bb29fc5/lib/omnibus/cli.rb:42:in `execute!'
         /home/centos/.bundle/ruby/2.6.0/omnibus-97490bb29fc5/bin/omnibus:16:in `<top (required)>'
         /opt/omnibus-toolchain/embedded/lib/ruby/gems/2.6.0/bin/omnibus:23:in `load'
         /opt/omnibus-toolchain/embedded/lib/ruby/gems/2.6.0/bin/omnibus:23:in `<top (required)>'
         /opt/omnibus-toolchain/embedded/lib/ruby/site_ruby/2.6.0/bundler/cli/exec.rb:74:in `load'
         /opt/omnibus-toolchain/embedded/lib/ruby/site_ruby/2.6.0/bundler/cli/exec.rb:74:in `kernel_load'
         /opt/omnibus-toolchain/embedded/lib/ruby/site_ruby/2.6.0/bundler/cli/exec.rb:28:in `run'
         /opt/omnibus-toolchain/embedded/lib/ruby/site_ruby/2.6.0/bundler/cli.rb:463:in `exec'
         /opt/omnibus-toolchain/embedded/lib/ruby/site_ruby/2.6.0/bundler/vendor/thor/lib/thor/command.rb:27:in `run'
         /opt/omnibus-toolchain/embedded/lib/ruby/site_ruby/2.6.0/bundler/vendor/thor/lib/thor/invocation.rb:126:in `invoke_command'
         /opt/omnibus-toolchain/embedded/lib/ruby/site_ruby/2.6.0/bundler/vendor/thor/lib/thor.rb:387:in `dispatch'
         /opt/omnibus-toolchain/embedded/lib/ruby/site_ruby/2.6.0/bundler/cli.rb:27:in `dispatch'
         /opt/omnibus-toolchain/embedded/lib/ruby/site_ruby/2.6.0/bundler/vendor/thor/lib/thor/base.rb:466:in `start'
         /opt/omnibus-toolchain/embedded/lib/ruby/site_ruby/2.6.0/bundler/cli.rb:18:in `start'
         /opt/omnibus-toolchain/embedded/lib/ruby/gems/2.6.0/gems/bundler-1.17.3/exe/bundle:30:in `block in <top (required)>'
         /opt/omnibus-toolchain/embedded/lib/ruby/site_ruby/2.6.0/bundler/friendly_errors.rb:124:in `with_friendly_errors'
         /opt/omnibus-toolchain/embedded/lib/ruby/gems/2.6.0/gems/bundler-1.17.3/exe/bundle:22:in `<top (required)>'
         /opt/omnibus-toolchain/bin/bundle:23:in `load'
         /opt/omnibus-toolchain/bin/bundle:23:in `<main>'[0m
```
--------------------------------------------------

### Description

Add new InstallBuilder packager

InstallBuilder is multiplatform packager/tool to build installers.
This packager allows to build linux and windows installers on linux os.

--------------------------------------------------



Add new fetcher to allow to download latest created artifact in artifactory

### Description
Artifactory Fetcher allows to download newest created file from artifactory base on given pattern.

`source  repository: 'some-repository',
        path: "com/company/some-name/some-folder*/",
        filename_pattern: 'npm-master-*.zip',
        endpoint: 'https://artifactory.domain.com',
        md5: "604da71839a6ae02b5b5b5e1b792d5eb"`



### Description

There are cases when archive has to be added to installer package but Net Fetcher always extracts archives.

Adds new key `extract` in `source` parameter dictionary to allow to disable extraction.
By default archives will still be extracted.


Signed-off-by: Jaymala Sinha <jsinha@chef.io>

### Description

Briefly describe the new feature or fix here

--------------------------------------------------

#### Maintainers

Please ensure that you check for:

- [] If this change impacts git cache validity, it bumps the git cache
  serial number
- [] If this change impacts compatibility with omnibus-software, the
  corresponding change is reviewed and there is a release plan
- [] If this change impacts compatibility with the omnibus cookbook, the
  corresponding change is reviewed and there is a release plan

### Description

When `hdiutil` fails in a `shellout!` block we continue anyway (producing an empty build) as long as the last command in the block succeeds.

### Omnibus Version

6.0.30

### Platform Version

Mac os Mojave 10.14.5

### Replication Case

https://buildkite.com/chef/inspec-inspec-master-omnibus-release/builds/59#962a5eb3-a0f4-416c-9c10-362ffa9d9231/6-8385

These lines are failing. We probably need to put `&&` on each command, but this pattern is used throughout the project.

https://github.com/chef/omnibus/blob/035cc8392be8906b4c13e7dd2048d9c659fd034e/lib/omnibus/compressors/dmg.rb#L258

In this example `shellout!` is happy because the last command returned 0
```
2.5.3 :028 >         shellout! <<-EOH.gsub(/^ {10}/, "")
2.5.3 :029"> false
2.5.3 :030"> true
2.5.3 :031"> EOH
 => <Mixlib::ShellOut#70164612236040: command: 'false
true
' process_status: #<Process::Status: pid 13924 exit 0> stdout: '' stderr: '' child_pid: 13924 environment: {} timeout: 7200 user:  group:  working_dir:  > 
```

but in this example shellout raises because the last command failed:
```
2.5.3 :024 >         shellout! <<-EOH.gsub(/^ {10}/, "")
2.5.3 :025"> true
2.5.3 :026"> false
2.5.3 :027"> EOH
Traceback (most recent call last):
        4: from /Users/btm/.rvm/rubies/ruby-2.5.3/bin/irb:11:in `<main>'
        3: from (irb):24
        2: from /Users/btm/.rvm/gems/ruby-2.5.3/gems/omnibus-6.0.30/lib/omnibus/util.rb:134:in `shellout!'
        1: from /Users/btm/.rvm/gems/ruby-2.5.3/gems/omnibus-6.0.30/lib/omnibus/util.rb:139:in `rescue in shellout!'
Omnibus::CommandFailed (The following shell command exited with status 1:)

    $ true
false


Output:

    (nothing)

Error:

    (nothing)
```

This provides the expected behavior:
```
2.5.3 :032 > shellout! <<-EOH.gsub(/^ {10}/, "")
2.5.3 :033"> false && \\
2.5.3 :034"> true
2.5.3 :035"> EOH
Traceback (most recent call last):
        4: from /Users/btm/.rvm/rubies/ruby-2.5.3/bin/irb:11:in `<main>'
        3: from (irb):32
        2: from /Users/btm/.rvm/gems/ruby-2.5.3/gems/omnibus-6.0.30/lib/omnibus/util.rb:134:in `shellout!'
        1: from /Users/btm/.rvm/gems/ruby-2.5.3/gems/omnibus-6.0.30/lib/omnibus/util.rb:139:in `rescue in shellout!'
Omnibus::CommandFailed (The following shell command exited with status 1:)

    $ false && \
true


Output:

    (nothing)

Error:

    (nothing)
```
### Description

Omnibus produces RPMs with incomplete dependencies; the whitelisted dependencies do not show up as library requirements e.g.
```
‚ùØ rpm -q --requires chef
/bin/sh
/bin/sh
rpmlib(PayloadFilesHavePrefix) <= 4.0-1
rpmlib(CompressedFileNames) <= 3.0.4-1
rpmlib(PayloadIsXz) <= 5.2-1

‚ùØ rpm -q chef
chef-13.9.1-1.el7.x86_64
```

But Fedora 28 and above ship libcrypt.so.2 by default (from libxcrypt) instead of libcrypt.so.1 (from glibc) as in RHEL 7, so we can't assume that libcrypt.so.1 is available without either embedding it or listing it as a required library in the RPM spec (it's still available, but provided by libxcrypt-compat).

### Omnibus Version

N/A (didn't build myself)

### Platform Version

RHEL 7 x86_64

### Replication Case

- Install Fedora Workstation with the default package set 
- Download chef-13.9.1-1.el7.x86_64.rpm and chef-15.0.300-1.el7.x86_64.rpm
- Check the dependencies for the embedded Ruby (either unpack the RPM with rpm2cpio or install it)
- Notice that libcrypt.so.1 is not found, but the RPM does not pull it in


```
‚ùØ ldd /opt/chef/embedded/bin/ruby
        linux-vdso.so.1 (0x00007fff72a8d000)
        libruby.so.2.4 => /opt/chef/embedded/lib/libruby.so.2.4 (0x00007f62c927f
000)
        libpthread.so.0 => /lib64/libpthread.so.0 (0x00007f62c923f000)
        libdl.so.2 => /lib64/libdl.so.2 (0x00007f62c9239000)
        libcrypt.so.1 => not found
        libm.so.6 => /lib64/libm.so.6 (0x00007f62c90f3000)
        libc.so.6 => /lib64/libc.so.6 (0x00007f62c8f2d000)
        /lib64/ld-linux-x86-64.so.2 (0x00007f62c9797000)
        libcrypt.so.1 => not found

‚ùØ sudo chef-client -s      
[sudo] password for michel: 
/opt/chef/embedded/bin/ruby: error while loading shared libraries: libcrypt.so.1: cannot open shared object file: No such file or directory
```
The same is still true for the latest chef-15.0.300-1.el7.x86_64.rpm:

```
/tmp/chef15                                                                     
‚ùØ rpm -qp --requires ~/Downloads/chef-15.0.300-1.el7.x86_64.rpm 
warning: /home/michel/Downloads/chef-15.0.300-1.el7.x86_64.rpm: Header V4 DSA/SH
A1 Signature, key ID 83ef826a: NOKEY                                            
/bin/sh                                                                         
/bin/sh                                                                         
/bin/sh                                                                         
rpmlib(PayloadFilesHavePrefix) <= 4.0-1                                         
rpmlib(CompressedFileNames) <= 3.0.4-1
rpmlib(PayloadIsXz) <= 5.2-1
                                        
/tmp/chef15                                                                     
‚ùØ rpm2cpio ~/Downloads/chef-15.0.300-1.el7.x86_64.rpm| cpio -vid 2>/dev/null

/tmp/chef15
‚ùØ ldd opt/chef/embedded/bin/ruby
        linux-vdso.so.1 (0x00007ffcfa6fb000)
        libruby.so.2.6 => /lib64/libruby.so.2.6 (0x00007f00923b0000)
        libpthread.so.0 => /lib64/libpthread.so.0 (0x00007f009238f000)
        librt.so.1 => /lib64/librt.so.1 (0x00007f0092385000)
        libdl.so.2 => /lib64/libdl.so.2 (0x00007f009237f000)
        libcrypt.so.1 => not found
        libm.so.6 => /lib64/libm.so.6 (0x00007f0092239000)
        libc.so.6 => /lib64/libc.so.6 (0x00007f0092071000)
        libgmp.so.10 => /lib64/libgmp.so.10 (0x00007f0091ff4000)
        libcrypt.so.2 => /lib64/libcrypt.so.2 (0x00007f0091fb9000)
        /lib64/ld-linux-x86-64.so.2 (0x00007f00926e5000)

/tmp/chef15
‚ùØ ls opt/chef/embedded/lib/libcrypt* 
opt/chef/embedded/lib/libcrypto.a   opt/chef/embedded/lib/libcrypto.so.1.0.0
opt/chef/embedded/lib/libcrypto.so
```

### Build Output

N/A (bug with official build)

--------------------------------------------------
