```c++
#include <forward_list>
#include <range/v3/view/chunk.hpp>
#include <range/v3/view/join.hpp>
int main() {
  std::forward_list<char> u2; // this can also be a vector
  std::vector<char> i2;
  auto v2 = u2 | ranges::views::chunk(3) | ranges::views::join(i2);
  ranges::input_range<decltype(v2)>;
}
```

This does not compile with `gcc10 -std=c++17 -fconcepts` and `gcc10 -std=c++2a`, but it does without concepts `gcc10 -std=c++17`.

https://godbolt.org/z/GxURKF

```
In file included from ice.cpp:3:
/range-v3/include/range/v3/view/join.hpp: In instantiation of ‘void ranges::join_with_view<Rng, ValRng>::cursor::satisfy() [with Rng = ranges::chunk_view<ranges::ref_view<std::forward_list<char> > >; ValRng = ranges::ref_view<const std::vector<char> >]’:
/range-v3/include/range/v3/view/join.hpp:457:17:   required from ‘void ranges::join_with_view<Rng, ValRng>::cursor::next() [with Rng = ranges::chunk_view<ranges::ref_view<std::forward_list<char> > >; ValRng = ranges::ref_view<const std::vector<char> >]’
/range-v3/include/range/v3/detail/range_access.hpp:126:31:   required from ‘static constexpr decltype (pos.next()) ranges::range_access::next(Cur&) [with Cur = ranges::join_with_view<ranges::chunk_view<ranges::ref_view<std::forward_list<char> > >, ranges::ref_view<const std::vector<char> > >::cursor; decltype (pos.next()) = void]’
/range-v3/include/range/v3/iterator/basic_iterator.hpp:598:31:   required from ‘constexpr ranges::basic_iterator<Cur>& ranges::basic_iterator<Cur>::operator++() requires  has_cursor_next<Cur> [with Cur = ranges::join_with_view<ranges::chunk_view<ranges::ref_view<std::forward_list<char> > >, ranges::ref_view<const std::vector<char> > >::cursor]’
/range-v3/include/range/v3/iterator/basic_iterator.hpp:624:13:   required from ‘constexpr ranges::detail::postfix_increment_proxy<V> ranges::basic_iterator<Cur>::post_increment_(std::true_type, int) requires (constructible_from<V, typename A::reference>) && (move_constructible<V>) [with A = ranges::detail::iterator_associated_types_base_<ranges::join_with_view<ranges::chunk_view<ranges::ref_view<std::forward_list<char> > >, ranges::ref_view<const std::vector<char> > >::cursor, true>; V = char; Cur = ranges::join_with_view<ranges::chunk_view<ranges::ref_view<std::forward_list<char> > >, ranges::ref_view<const std::vector<char> > >::cursor; std::true_type = std::integral_constant<bool, true>]’
/range-v3/include/range/v3/iterator/basic_iterator.hpp:636:41:   required from ‘constexpr auto ranges::basic_iterator<Cur>::operator++(int) [with Cur = ranges::join_with_view<ranges::chunk_view<ranges::ref_view<std::forward_list<char> > >, ranges::ref_view<const std::vector<char> > >::cursor]’
/range-v3/include/range/v3/iterator/concepts.hpp:204:9:   required from ‘void ranges::_begin_::is_iterator(I) requires  input_or_output_iterator<I> [with I = ranges::basic_iterator<ranges::join_with_view<ranges::chunk_view<ranges::ref_view<std::forward_list<char> > >, ranges::ref_view<const std::vector<char> > >::cursor>]’
/range-v3/include/range/v3/range/access.hpp:75:13:   required from ‘constexpr auto ranges::_begin_::fn::operator()(R&&) const requires (_safe_range<R>) && ((has_member_begin<R>) || (has_non_member_begin<R>)) [with R = ranges::join_with_view<ranges::chunk_view<ranges::ref_view<std::forward_list<char> > >, ranges::ref_view<const std::vector<char> > >&]’
/range-v3/include/range/v3/range/concepts.hpp:80:9:   required from here
/range-v3/include/range/v3/view/join.hpp:404:43: error: call of overloaded ‘emplace<1>(ranges::variant<__gnu_cxx::__normal_iterator<const char*, std::vector<char, std::allocator<char> > >, ranges::counted_iterator<std::_Fwd_list_iterator<char> > >&, ranges::counted_iterator<std::_Fwd_list_iterator<char> >)’ is ambiguous
  404 |                         ranges::emplace<1>(cur_, ranges::begin(rng_->inner_));
      |                         ~~~~~~~~~~~~~~~~~~^~~~~~~~~~~~~~~~~~~~~~~~~~~~~~~~~~~
In file included from /range-v3/include/range/v3/iterator/common_iterator.hpp:27,
                 from /range-v3/include/range/v3/view/interface.hpp:24,
                 from /range-v3/include/range/v3/view/ref.hpp:25,
                 from /range-v3/include/range/v3/view/all.hpp:26,
                 from /range-v3/include/range/v3/view/adaptor.hpp:28,
                 from /range-v3/include/range/v3/view/chunk.hpp:33,
                 from ice.cpp:2:
/range-v3/include/range/v3/detail/variant.hpp:243:5: note: candidate: ‘meta::if_c<(bool)(constructible_from<ranges::detail::indexed_datum<meta::at_c<meta::list<Tail ...>, I>, std::integral_constant<long unsigned int, N> >, Args ...>)> ranges::emplace(ranges::variant<Ts ...>&, Args&& ...) [with long unsigned int N = 1; Ts = {__gnu_cxx::__normal_iterator<const char*, std::vector<char, std::allocator<char> > >, ranges::counted_iterator<std::_Fwd_list_iterator<char> >}; Args = {ranges::counted_iterator<std::_Fwd_list_iterator<char> >}; meta::if_c<(bool)(constructible_from<ranges::detail::indexed_datum<meta::at_c<meta::list<Tail ...>, I>, std::integral_constant<long unsigned int, N> >, Args ...>)> = void]’
  243 |     emplace(variant<Ts...> &, Args &&...);
      |     ^~~~~~~
/range-v3/include/range/v3/detail/variant.hpp:850:5: note: candidate: ‘meta::if_c<(bool)(constructible_from<ranges::detail::indexed_datum<meta::at_c<meta::list<Tail ...>, I>, std::integral_constant<long unsigned int, N> >, Args ...>)> ranges::emplace(ranges::variant<Ts ...>&, Args&& ...) [with long unsigned int N = 1; Ts = {__gnu_cxx::__normal_iterator<const char*, std::vector<char, std::allocator<char> > >, ranges::counted_iterator<std::_Fwd_list_iterator<char> >}; Args = {ranges::counted_iterator<std::_Fwd_list_iterator<char> >}; meta::if_c<(bool)(constructible_from<ranges::detail::indexed_datum<meta::at_c<meta::list<Tail ...>, I>, std::integral_constant<long unsigned int, N> >, Args ...>)> = void]’
  850 |     emplace(variant<Ts...> & var, Args &&... args)
      |     ^~~~~~~
In file included from ice.cpp:3:
/range-v3/include/range/v3/view/join.hpp: In instantiation of ‘constexpr auto ranges::_begin_::fn::operator()(R&&) const requires (_safe_range<R>) && ((has_member_begin<R>) || (has_non_member_begin<R>)) [with R = ranges::join_with_view<ranges::chunk_view<ranges::ref_view<std::forward_list<char> > >, ranges::ref_view<const std::vector<char> > >&]’:
/range-v3/include/range/v3/range/concepts.hpp:80:9:   required from here
/range-v3/include/range/v3/view/join.hpp:412:43: error: call of overloaded ‘emplace<0>(ranges::variant<__gnu_cxx::__normal_iterator<const char*, std::vector<char, std::allocator<char> > >, ranges::counted_iterator<std::_Fwd_list_iterator<char> > >&, __gnu_cxx::__normal_iterator<const char*, std::vector<char> >)’ is ambiguous
  412 |                         ranges::emplace<0>(cur_, ranges::begin(rng_->val_));
      |                         ~~~~~~~~~~~~~~~~~~^~~~~~~~~~~~~~~~~~~~~~~~~~~~~~~~~
In file included from /range-v3/include/range/v3/iterator/common_iterator.hpp:27,
                 from /range-v3/include/range/v3/view/interface.hpp:24,
                 from /range-v3/include/range/v3/view/ref.hpp:25,
                 from /range-v3/include/range/v3/view/all.hpp:26,
                 from /range-v3/include/range/v3/view/adaptor.hpp:28,
                 from /range-v3/include/range/v3/view/chunk.hpp:33,
                 from ice.cpp:2:
/range-v3/include/range/v3/detail/variant.hpp:243:5: note: candidate: ‘meta::if_c<(bool)(constructible_from<ranges::detail::indexed_datum<meta::at_c<meta::list<Tail ...>, I>, std::integral_constant<long unsigned int, N> >, Args ...>)> ranges::emplace(ranges::variant<Ts ...>&, Args&& ...) [with long unsigned int N = 0; Ts = {__gnu_cxx::__normal_iterator<const char*, std::vector<char, std::allocator<char> > >, ranges::counted_iterator<std::_Fwd_list_iterator<char> >}; Args = {__gnu_cxx::__normal_iterator<const char*, std::vector<char, std::allocator<char> > >}; meta::if_c<(bool)(constructible_from<ranges::detail::indexed_datum<meta::at_c<meta::list<Tail ...>, I>, std::integral_constant<long unsigned int, N> >, Args ...>)> = void]’
  243 |     emplace(variant<Ts...> &, Args &&...);
      |     ^~~~~~~
/range-v3/include/range/v3/detail/variant.hpp:850:5: note: candidate: ‘meta::if_c<(bool)(constructible_from<ranges::detail::indexed_datum<meta::at_c<meta::list<Tail ...>, I>, std::integral_constant<long unsigned int, N> >, Args ...>)> ranges::emplace(ranges::variant<Ts ...>&, Args&& ...) [with long unsigned int N = 0; Ts = {__gnu_cxx::__normal_iterator<const char*, std::vector<char, std::allocator<char> > >, ranges::counted_iterator<std::_Fwd_list_iterator<char> >}; Args = {__gnu_cxx::__normal_iterator<const char*, std::vector<char, std::allocator<char> > >}; meta::if_c<(bool)(constructible_from<ranges::detail::indexed_datum<meta::at_c<meta::list<Tail ...>, I>, std::integral_constant<long unsigned int, N> >, Args ...>)> = void]’
  850 |     emplace(variant<Ts...> & var, Args &&... args)
      |     ^~~~~~~
In file included from ice.cpp:3:
/range-v3/include/range/v3/view/join.hpp: In instantiation of ‘ranges::join_with_view<Rng, ValRng>::cursor::cursor(ranges::join_with_view<Rng, ValRng>*) [with Rng = ranges::chunk_view<ranges::ref_view<std::forward_list<char> > >; ValRng = ranges::ref_view<const std::vector<char> >]’:
/range-v3/include/range/v3/view/join.hpp:479:25:   required from ‘ranges::join_with_view<Rng, ValRng>::cursor ranges::join_with_view<Rng, ValRng>::begin_cursor() [with Rng = ranges::chunk_view<ranges::ref_view<std::forward_list<char> > >; ValRng = ranges::ref_view<const std::vector<char> >]’
/range-v3/include/range/v3/detail/range_access.hpp:84:31:   required from ‘static constexpr decltype (rng.begin_cursor()) ranges::range_access::begin_cursor(Rng&) [with Rng = ranges::join_with_view<ranges::chunk_view<ranges::ref_view<std::forward_list<char> > >, ranges::ref_view<const std::vector<char> > >; decltype (rng.begin_cursor()) = ranges::join_with_view<ranges::chunk_view<ranges::ref_view<std::forward_list<char> > >, ranges::ref_view<const std::vector<char> > >::cursor]’
/range-v3/include/range/v3/view/facade.hpp:99:43:   required from ‘constexpr ranges::detail::facade_iterator_t<D> ranges::view_facade<Derived, C>::begin() requires  same_as<D, Derived> [with D = ranges::join_with_view<ranges::chunk_view<ranges::ref_view<std::forward_list<char> > >, ranges::ref_view<const std::vector<char> > >; Derived = ranges::join_with_view<ranges::chunk_view<ranges::ref_view<std::forward_list<char> > >, ranges::ref_view<const std::vector<char> > >; ranges::cardinality Cardinality = ranges::finite; ranges::detail::facade_iterator_t<D> = ranges::basic_iterator<ranges::join_with_view<ranges::chunk_view<ranges::ref_view<std::forward_list<char> > >, ranges::ref_view<const std::vector<char> > >::cursor>; typename std::decay<decltype (ranges::range_access::begin_cursor(declval<D&>()))>::type = std::decay<ranges::join_with_view<ranges::chunk_view<ranges::ref_view<std::forward_list<char> > >, ranges::ref_view<const std::vector<char> > >::cursor>::type]’
/range-v3/include/range/v3/range/access.hpp:98:35:   required from ‘constexpr auto ranges::_begin_::fn::impl_<<anonymous> >::operator()(R&&) const [with R = ranges::join_with_view<ranges::chunk_view<ranges::ref_view<std::forward_list<char> > >, ranges::ref_view<const std::vector<char> > >&; bool <anonymous> = true]’
/range-v3/include/range/v3/range/access.hpp:122:28:   required from ‘constexpr auto ranges::_begin_::fn::operator()(R&&) const requires (_safe_range<R>) && ((has_member_begin<R>) || (has_non_member_begin<R>)) [with R = ranges::join_with_view<ranges::chunk_view<ranges::ref_view<std::forward_list<char> > >, ranges::ref_view<const std::vector<char> > >&]’
/range-v3/include/range/v3/range/concepts.hpp:80:9:   required from here
/range-v3/include/range/v3/view/join.hpp:434:39: error: call of overloaded ‘emplace<1>(ranges::variant<__gnu_cxx::__normal_iterator<const char*, std::vector<char, std::allocator<char> > >, ranges::counted_iterator<std::_Fwd_list_iterator<char> > >&, ranges::counted_iterator<std::_Fwd_list_iterator<char> >)’ is ambiguous
  434 |                     ranges::emplace<1>(cur_, ranges::begin(rng->inner_));
      |                     ~~~~~~~~~~~~~~~~~~^~~~~~~~~~~~~~~~~~~~~~~~~~~~~~~~~~
In file included from /range-v3/include/range/v3/iterator/common_iterator.hpp:27,
                 from /range-v3/include/range/v3/view/interface.hpp:24,
                 from /range-v3/include/range/v3/view/ref.hpp:25,
                 from /range-v3/include/range/v3/view/all.hpp:26,
                 from /range-v3/include/range/v3/view/adaptor.hpp:28,
                 from /range-v3/include/range/v3/view/chunk.hpp:33,
                 from ice.cpp:2:
/range-v3/include/range/v3/detail/variant.hpp:243:5: note: candidate: ‘meta::if_c<(bool)(constructible_from<ranges::detail::indexed_datum<meta::at_c<meta::list<Tail ...>, I>, std::integral_constant<long unsigned int, N> >, Args ...>)> ranges::emplace(ranges::variant<Ts ...>&, Args&& ...) [with long unsigned int N = 1; Ts = {__gnu_cxx::__normal_iterator<const char*, std::vector<char, std::allocator<char> > >, ranges::counted_iterator<std::_Fwd_list_iterator<char> >}; Args = {ranges::counted_iterator<std::_Fwd_list_iterator<char> >}; meta::if_c<(bool)(constructible_from<ranges::detail::indexed_datum<meta::at_c<meta::list<Tail ...>, I>, std::integral_constant<long unsigned int, N> >, Args ...>)> = void]’
  243 |     emplace(variant<Ts...> &, Args &&...);
      |     ^~~~~~~
/range-v3/include/range/v3/detail/variant.hpp:850:5: note: candidate: ‘meta::if_c<(bool)(constructible_from<ranges::detail::indexed_datum<meta::at_c<meta::list<Tail ...>, I>, std::integral_constant<long unsigned int, N> >, Args ...>)> ranges::emplace(ranges::variant<Ts ...>&, Args&& ...) [with long unsigned int N = 1; Ts = {__gnu_cxx::__normal_iterator<const char*, std::vector<char, std::allocator<char> > >, ranges::counted_iterator<std::_Fwd_list_iterator<char> >}; Args = {ranges::counted_iterator<std::_Fwd_list_iterator<char> >}; meta::if_c<(bool)(constructible_from<ranges::detail::indexed_datum<meta::at_c<meta::list<Tail ...>, I>, std::integral_constant<long unsigned int, N> >, Args ...>)> = void]’
  850 |     emplace(variant<Ts...> & var, Args &&... args)
      |     ^~~~~~~
```
Is this to be expected? 

ranges::detail::diffmax_t a = 1;
std::size_t b = a;

error: no known conversion from ranges::detail::diffmax_t to std::size_t

I am passing a fairly complex composition of ranges to hpx::reduce where std::size_t is used all over the place. 
I've requested a DR against the CD saying:
> Because it has to compute its `begin()`, it can never model `sized_range` due to not meeting its non-amortized O(1) requirement.
Please may I request that `actions::join` accepts an optional separator argument, like `views::join` does? Or is this not possible due to it being ambiguous with a range-of-ranges to be joined using non-pipe syntax?

Either way, thanks very much.
This will also be the content of [P2017R0](https://brevzin.github.io/cpp_proposals/2017_safe_range/p2017r0.html).

I may have missed some, but I'm pretty sure these are all safe. 
code:

```cpp
std::vector<std::string> strings{"aaa", "bbb", "ccc"};
auto const str_a = strings | ranges::views::join("__") | ranges::to<std::string>(); // (1)
auto const str_b = strings | ranges::views::join(ranges::views::c_str("__")) | ranges::to<std::string>(); // (2)
std::cout << "str_a: " << str_a << ", size: " << str_a.size() << std::endl;
std::cout << "str_b: " << str_b << ", size: " << str_b.size() << std::endl;
```

prints:
```
str_a: aaa__bbb__ccc, size: 15
str_b: aaa__bbb__ccc, size: 13
```

The former line (1) embeds null (`\0`) character after every delimiters because of the lack of `ranges::views::c_str(...)`. 

I *could* assume that this output is pretty much the expected behavior since __the string is actually a range of characters__, when used in the context of ranges. However this could become a pitfall when one's using this library to format strings (and I believe that it is quite common use-case).

The mistaken result is easy to produce and hard to debug since null characters are never printed to terminal. To solve this, we could either:
1. Mark some overloads of  `views::join()` `delete`d for disambiguation, or
2. Show some kind of warnings to prevent faulty string concatenation.



Suppose I have an `std::vector` of some elements and I'd like to have an *infinite* range of those elements, repeated `n` times, repeating. What I use is:

```
const std::vector<int> original = {0, 1, 2, 3};
const auto n = 2;
auto rng = original
              | views::transform([n](const auto e) { return views::repeat_n(e, n); })
              | views::cycle
              | views::join;
```
Effectively, I end up with: `[0, 0, 1, 1, 2, 2, 3, 3, 0, 0, 1, 1, 2, 2, ...]`

Simple - we change every one of `original`'s elements into a range of that element reapeating `n` times and we end up with a range of those ranges. Then we `cycle` them to have an infinite range of those ranges, and then we `join`.

Why, however, if I change the order of `| views::cycle` and `| views::join`, the code fails to compile? Why do I have to first have an *infinite range of ranges* to `join` it and I cannot `cycle` a simple *range of elements*?
I'm aware Intel's C++ compiler is not on the white list, but I attach the error log for a simple example program for future reference and development. I'm using `icpc (ICC) 19.0.1.144`) and prepared to perform further tests.

Example program, compiled with `icpc -std=c++17`:

~~~ cpp
#include <range/v3/view/transform.hpp>
#include <range/v3/view/remove_if.hpp>
int main() {
	std::vector<int> const vi{1, 2, 3, 4, 5, 6, 7, 8, 9, 10};
	using namespace ranges;
	auto rng = vi | views::remove_if([](int i){ return i % 2 == 1; })
		| views::transform([](int i){ return std::to_string(i); });
	// rng == {"2","4","6","8","10"};
}
~~~

Output:
~~~
In file included from _deps/rangev3-src/include/range/v3/view/transform.hpp(21),
                 from t.cpp(1):
_deps/rangev3-src/include/meta/meta.hpp(1349): error: type name is not allowed
              META_IS_SAME(integer_sequence<bool, Bs...>,
              ^

In file included from _deps/rangev3-src/include/range/v3/view/transform.hpp(21),
                 from t.cpp(1):
_deps/rangev3-src/include/meta/meta.hpp(1349): error: identifier "__is_same_as" is undefined
              META_IS_SAME(integer_sequence<bool, Bs...>,
              ^

In file included from _deps/rangev3-src/include/range/v3/view/transform.hpp(21),
                 from t.cpp(1):
_deps/rangev3-src/include/meta/meta.hpp(1356): error: type name is not allowed
          META_IS_SAME(integer_sequence<bool, Bs...>,
          ^

In file included from _deps/rangev3-src/include/range/v3/view/transform.hpp(21),
                 from t.cpp(1):
_deps/rangev3-src/include/meta/meta.hpp(1398): error: type name is not allowed
              !META_IS_SAME(integer_sequence<bool, Bs...>,
               ^

In file included from _deps/rangev3-src/include/range/v3/view/transform.hpp(21),
                 from t.cpp(1):
_deps/rangev3-src/include/meta/meta.hpp(1404): error: type name is not allowed
          !META_IS_SAME(integer_sequence<bool, Bs...>,
           ^

In file included from _deps/rangev3-src/include/range/v3/view/transform.hpp(21),
                 from t.cpp(1):
_deps/rangev3-src/include/meta/meta.hpp(2269): error: type name is not allowed
              static constexpr bool s_v[] = {META_IS_SAME(T, V)...};
                                             ^

In file included from _deps/rangev3-src/include/range/v3/view/transform.hpp(21),
                 from t.cpp(1):
_deps/rangev3-src/include/meta/meta.hpp(2324): error: type name is not allowed
              static constexpr bool s_v[] = {META_IS_SAME(T, V)...};
                                             ^

In file included from _deps/rangev3-src/include/range/v3/view/transform.hpp(21),
                 from t.cpp(1):
_deps/rangev3-src/include/meta/meta.hpp(2576): error: type name is not allowed
              using type = list<if_c<META_IS_SAME(T, L), U, L>...>;
                                     ^

In file included from _deps/rangev3-src/include/range/v3/view/transform.hpp(21),
                 from t.cpp(1):
_deps/rangev3-src/include/meta/meta.hpp(2681): error: type name is not allowed
              static constexpr bool s_v[] = {META_IS_SAME(T, L)...};
                                             ^

In file included from _deps/rangev3-src/include/concepts/concepts.hpp(26),
                 from _deps/rangev3-src/include/range/v3/range_fwd.hpp(22),
                 from _deps/rangev3-src/include/range/v3/view/transform.hpp(23),
                 from t.cpp(1):
_deps/rangev3-src/include/concepts/swap.hpp(184): error: type name is not allowed
              !META_IS_SAME(decltype(adl_swap_detail::try_adl_swap_<T, U>(42)), nope);
               ^

In file included from _deps/rangev3-src/include/concepts/concepts.hpp(26),
                 from _deps/rangev3-src/include/range/v3/range_fwd.hpp(22),
                 from _deps/rangev3-src/include/range/v3/view/transform.hpp(23),
                 from t.cpp(1):
_deps/rangev3-src/include/concepts/swap.hpp(184): error: identifier "__is_same_as" is undefined
              !META_IS_SAME(decltype(adl_swap_detail::try_adl_swap_<T, U>(42)), nope);
               ^

In file included from _deps/rangev3-src/include/concepts/concepts.hpp(27),
                 from _deps/rangev3-src/include/range/v3/range_fwd.hpp(22),
                 from _deps/rangev3-src/include/range/v3/view/transform.hpp(23),
                 from t.cpp(1):
_deps/rangev3-src/include/concepts/type_traits.hpp(252): error: type name is not allowed
              (META_IS_SAME(detail::decay_t<T>, T) &&
               ^

In file included from _deps/rangev3-src/include/concepts/concepts.hpp(27),
                 from _deps/rangev3-src/include/range/v3/range_fwd.hpp(22),
                 from _deps/rangev3-src/include/range/v3/view/transform.hpp(23),
                 from t.cpp(1):
_deps/rangev3-src/include/concepts/type_traits.hpp(252): error: identifier "__is_same_as" is undefined
              (META_IS_SAME(detail::decay_t<T>, T) &&
               ^

In file included from _deps/rangev3-src/include/concepts/concepts.hpp(27),
                 from _deps/rangev3-src/include/range/v3/range_fwd.hpp(22),
                 from _deps/rangev3-src/include/range/v3/view/transform.hpp(23),
                 from t.cpp(1):
_deps/rangev3-src/include/concepts/type_traits.hpp(253): error: type name is not allowed
                  META_IS_SAME(detail::decay_t<U>, U) ),
                  ^

In file included from _deps/rangev3-src/include/range/v3/range_fwd.hpp(22),
                 from _deps/rangev3-src/include/range/v3/view/transform.hpp(23),
                 from t.cpp(1):
_deps/rangev3-src/include/concepts/concepts.hpp(611): error: type name is not allowed
          META_IS_SAME(detail::bools<Bs..., true>, detail::bools<true, Bs...>);
          ^

In file included from _deps/rangev3-src/include/range/v3/range_fwd.hpp(22),
                 from _deps/rangev3-src/include/range/v3/view/transform.hpp(23),
                 from t.cpp(1):
_deps/rangev3-src/include/concepts/concepts.hpp(615): error: type name is not allowed
          !META_IS_SAME(detail::bools<Bs..., false>, detail::bools<false, Bs...>);
           ^

In file included from _deps/rangev3-src/include/range/v3/range_fwd.hpp(22),
                 from _deps/rangev3-src/include/range/v3/view/transform.hpp(23),
                 from t.cpp(1):
_deps/rangev3-src/include/concepts/concepts.hpp(932): error: type name is not allowed
              META_IS_SAME(A, B) && META_IS_SAME(B, A);
              ^

In file included from _deps/rangev3-src/include/range/v3/range_fwd.hpp(22),
                 from _deps/rangev3-src/include/range/v3/view/transform.hpp(23),
                 from t.cpp(1):
_deps/rangev3-src/include/concepts/concepts.hpp(932): error: type name is not allowed
              META_IS_SAME(A, B) && META_IS_SAME(B, A);
                                    ^

In file included from _deps/rangev3-src/include/range/v3/algorithm/max.hpp(21),
                 from _deps/rangev3-src/include/range/v3/view/transform.hpp(25),
                 from t.cpp(1):
_deps/rangev3-src/include/range/v3/functional/comparisons.hpp(93): error: identifier "ordered_less" is undefined
      using ordered_less RANGES_DEPRECATED(
            ^

In file included from _deps/rangev3-src/include/range/v3/algorithm/max.hpp(21),
                 from _deps/rangev3-src/include/range/v3/view/transform.hpp(25),
                 from t.cpp(1):
_deps/rangev3-src/include/range/v3/functional/comparisons.hpp(93): error: expected a ";"
      using ordered_less RANGES_DEPRECATED(
                         ^

In file included from _deps/rangev3-src/include/range/v3/algorithm/max.hpp(22),
                 from _deps/rangev3-src/include/range/v3/view/transform.hpp(25),
                 from t.cpp(1):
_deps/rangev3-src/include/range/v3/functional/identity.hpp(35): error: identifier "ident" is undefined
      using ident RANGES_DEPRECATED("Replace uses of ranges::ident with ranges::identity") =
            ^

In file included from _deps/rangev3-src/include/range/v3/algorithm/max.hpp(22),
                 from _deps/rangev3-src/include/range/v3/view/transform.hpp(25),
                 from t.cpp(1):
_deps/rangev3-src/include/range/v3/functional/identity.hpp(35): error: expected a ";"
      using ident RANGES_DEPRECATED("Replace uses of ranges::ident with ranges::identity") =
                  ^

In file included from _deps/rangev3-src/include/range/v3/algorithm/max.hpp(23),
                 from _deps/rangev3-src/include/range/v3/view/transform.hpp(25),
                 from t.cpp(1):
_deps/rangev3-src/include/range/v3/functional/invoke.hpp(59): error: operand of "*" must be a pointer
              CPP_requires ((T &&) t) //
              ^

In file included from _deps/rangev3-src/include/range/v3/iterator/concepts.hpp(30),
                 from _deps/rangev3-src/include/range/v3/algorithm/max.hpp(24),
                 from _deps/rangev3-src/include/range/v3/view/transform.hpp(25),
                 from t.cpp(1):
_deps/rangev3-src/include/range/v3/iterator/access.hpp(91): error: type name is not allowed
              !RANGES_IS_SAME(void, decltype(_iter_move_::try_adl_iter_move_<T>(42)));
               ^

In file included from _deps/rangev3-src/include/range/v3/iterator/concepts.hpp(30),
                 from _deps/rangev3-src/include/range/v3/algorithm/max.hpp(24),
                 from _deps/rangev3-src/include/range/v3/view/transform.hpp(25),
                 from t.cpp(1):
_deps/rangev3-src/include/range/v3/iterator/access.hpp(91): error: identifier "__is_same_as" is undefined
              !RANGES_IS_SAME(void, decltype(_iter_move_::try_adl_iter_move_<T>(42)));
               ^

In file included from _deps/rangev3-src/include/range/v3/iterator/concepts.hpp(30),
                 from _deps/rangev3-src/include/range/v3/algorithm/max.hpp(24),
                 from _deps/rangev3-src/include/range/v3/view/transform.hpp(25),
                 from t.cpp(1):
_deps/rangev3-src/include/range/v3/iterator/access.hpp(207): error: type name is not allowed
              !RANGES_IS_SAME(nope, decltype(_iter_swap_::try_adl_iter_swap_<T, U>(42)));
               ^

In file included from _deps/rangev3-src/include/range/v3/iterator/concepts.hpp(30),
                 from _deps/rangev3-src/include/range/v3/algorithm/max.hpp(24),
                 from _deps/rangev3-src/include/range/v3/view/transform.hpp(25),
                 from t.cpp(1):
_deps/rangev3-src/include/range/v3/iterator/access.hpp(207): error: identifier "__is_same_as" is undefined
              !RANGES_IS_SAME(nope, decltype(_iter_swap_::try_adl_iter_swap_<T, U>(42)));
               ^

In file included from _deps/rangev3-src/include/range/v3/iterator/concepts.hpp(31),
                 from _deps/rangev3-src/include/range/v3/algorithm/max.hpp(24),
                 from _deps/rangev3-src/include/range/v3/view/transform.hpp(25),
                 from t.cpp(1):
_deps/rangev3-src/include/range/v3/iterator/traits.hpp(37): error: identifier "input_iterator_tag" is undefined
      using input_iterator_tag RANGES_DEPRECATED(
            ^

In file included from _deps/rangev3-src/include/range/v3/iterator/concepts.hpp(31),
                 from _deps/rangev3-src/include/range/v3/algorithm/max.hpp(24),
                 from _deps/rangev3-src/include/range/v3/view/transform.hpp(25),
                 from t.cpp(1):
_deps/rangev3-src/include/range/v3/iterator/traits.hpp(37): error: expected a ";"
      using input_iterator_tag RANGES_DEPRECATED(
                               ^

In file included from _deps/rangev3-src/include/range/v3/iterator/concepts.hpp(31),
                 from _deps/rangev3-src/include/range/v3/algorithm/max.hpp(24),
                 from _deps/rangev3-src/include/range/v3/view/transform.hpp(25),
                 from t.cpp(1):
_deps/rangev3-src/include/range/v3/iterator/traits.hpp(39): error: identifier "forward_iterator_tag" is undefined
      using forward_iterator_tag RANGES_DEPRECATED(
            ^

In file included from _deps/rangev3-src/include/range/v3/iterator/concepts.hpp(31),
                 from _deps/rangev3-src/include/range/v3/algorithm/max.hpp(24),
                 from _deps/rangev3-src/include/range/v3/view/transform.hpp(25),
                 from t.cpp(1):
_deps/rangev3-src/include/range/v3/iterator/traits.hpp(39): error: expected a ";"
      using forward_iterator_tag RANGES_DEPRECATED(
                                 ^

In file included from _deps/rangev3-src/include/range/v3/iterator/concepts.hpp(31),
                 from _deps/rangev3-src/include/range/v3/algorithm/max.hpp(24),
                 from _deps/rangev3-src/include/range/v3/view/transform.hpp(25),
                 from t.cpp(1):
_deps/rangev3-src/include/range/v3/iterator/traits.hpp(41): error: identifier "bidirectional_iterator_tag" is undefined
      using bidirectional_iterator_tag RANGES_DEPRECATED(
            ^

In file included from _deps/rangev3-src/include/range/v3/iterator/concepts.hpp(31),
                 from _deps/rangev3-src/include/range/v3/algorithm/max.hpp(24),
                 from _deps/rangev3-src/include/range/v3/view/transform.hpp(25),
                 from t.cpp(1):
_deps/rangev3-src/include/range/v3/iterator/traits.hpp(41): error: expected a ";"
      using bidirectional_iterator_tag RANGES_DEPRECATED(
                                       ^

In file included from _deps/rangev3-src/include/range/v3/iterator/concepts.hpp(31),
                 from _deps/rangev3-src/include/range/v3/algorithm/max.hpp(24),
                 from _deps/rangev3-src/include/range/v3/view/transform.hpp(25),
                 from t.cpp(1):
_deps/rangev3-src/include/range/v3/iterator/traits.hpp(43): error: identifier "random_access_iterator_tag" is undefined
      using random_access_iterator_tag RANGES_DEPRECATED(
            ^

In file included from _deps/rangev3-src/include/range/v3/iterator/concepts.hpp(31),
                 from _deps/rangev3-src/include/range/v3/algorithm/max.hpp(24),
                 from _deps/rangev3-src/include/range/v3/view/transform.hpp(25),
                 from t.cpp(1):
_deps/rangev3-src/include/range/v3/iterator/traits.hpp(43): error: expected a ";"
      using random_access_iterator_tag RANGES_DEPRECATED(
                                       ^

In file included from _deps/rangev3-src/include/range/v3/algorithm/max.hpp(24),
                 from _deps/rangev3-src/include/range/v3/view/transform.hpp(25),
                 from t.cpp(1):
_deps/rangev3-src/include/range/v3/iterator/concepts.hpp(150): error: operand of "*" must be a pointer
          CPP_requires ((Out &&) o, (T &&) t) //
          ^

In file included from _deps/rangev3-src/include/range/v3/utility/get.hpp(21),
                 from _deps/rangev3-src/include/range/v3/utility/box.hpp(28),
                 from _deps/rangev3-src/include/range/v3/iterator/basic_iterator.hpp(30),
                 from _deps/rangev3-src/include/range/v3/iterator/reverse_iterator.hpp(20),
                 from _deps/rangev3-src/include/range/v3/range/access.hpp(31),
                 from _deps/rangev3-src/include/range/v3/algorithm/max.hpp(26),
                 from _deps/rangev3-src/include/range/v3/view/transform.hpp(25),
                 from t.cpp(1):
_deps/rangev3-src/include/range/v3/detail/adl_get.hpp(101): error: incomplete type is not allowed
              friend constexpr auto CPP_auto_fun(get)(
                                    ^

In file included from _deps/rangev3-src/include/range/v3/utility/get.hpp(21),
                 from _deps/rangev3-src/include/range/v3/utility/box.hpp(28),
                 from _deps/rangev3-src/include/range/v3/iterator/basic_iterator.hpp(30),
                 from _deps/rangev3-src/include/range/v3/iterator/reverse_iterator.hpp(20),
                 from _deps/rangev3-src/include/range/v3/range/access.hpp(31),
                 from _deps/rangev3-src/include/range/v3/algorithm/max.hpp(26),
                 from _deps/rangev3-src/include/range/v3/view/transform.hpp(25),
                 from t.cpp(1):
_deps/rangev3-src/include/range/v3/detail/adl_get.hpp(107): error: incomplete type is not allowed
              friend constexpr auto CPP_auto_fun(get)(
                                    ^

In file included from _deps/rangev3-src/include/range/v3/utility/get.hpp(21),
                 from _deps/rangev3-src/include/range/v3/utility/box.hpp(28),
                 from _deps/rangev3-src/include/range/v3/iterator/basic_iterator.hpp(30),
                 from _deps/rangev3-src/include/range/v3/iterator/reverse_iterator.hpp(20),
                 from _deps/rangev3-src/include/range/v3/range/access.hpp(31),
                 from _deps/rangev3-src/include/range/v3/algorithm/max.hpp(26),
                 from _deps/rangev3-src/include/range/v3/view/transform.hpp(25),
                 from t.cpp(1):
_deps/rangev3-src/include/range/v3/detail/adl_get.hpp(125): error: incomplete type is not allowed
              friend constexpr auto CPP_auto_fun(get)(
                                    ^

In file included from _deps/rangev3-src/include/range/v3/utility/get.hpp(21),
                 from _deps/rangev3-src/include/range/v3/utility/box.hpp(28),
                 from _deps/rangev3-src/include/range/v3/iterator/basic_iterator.hpp(30),
                 from _deps/rangev3-src/include/range/v3/iterator/reverse_iterator.hpp(20),
                 from _deps/rangev3-src/include/range/v3/range/access.hpp(31),
                 from _deps/rangev3-src/include/range/v3/algorithm/max.hpp(26),
                 from _deps/rangev3-src/include/range/v3/view/transform.hpp(25),
                 from t.cpp(1):
_deps/rangev3-src/include/range/v3/detail/adl_get.hpp(131): error: incomplete type is not allowed
              friend constexpr auto CPP_auto_fun(get)(
                                    ^

In file included from _deps/rangev3-src/include/range/v3/range/concepts.hpp(32),
                 from _deps/rangev3-src/include/range/v3/algorithm/max.hpp(27),
                 from _deps/rangev3-src/include/range/v3/view/transform.hpp(25),
                 from t.cpp(1):
_deps/rangev3-src/include/range/v3/range/traits.hpp(124): error: type name is not allowed
        : detail::if_then_t<RANGES_IS_SAME(Rng, uncvref_t<Rng>),
                            ^

In file included from _deps/rangev3-src/include/range/v3/range/concepts.hpp(32),
                 from _deps/rangev3-src/include/range/v3/algorithm/max.hpp(27),
                 from _deps/rangev3-src/include/range/v3/view/transform.hpp(25),
                 from t.cpp(1):
_deps/rangev3-src/include/range/v3/range/traits.hpp(124): error: identifier "__is_same_as" is undefined
        : detail::if_then_t<RANGES_IS_SAME(Rng, uncvref_t<Rng>),
                            ^

In file included from _deps/rangev3-src/include/range/v3/utility/common_tuple.hpp(26),
                 from _deps/rangev3-src/include/range/v3/iterator/common_iterator.hpp(30),
                 from _deps/rangev3-src/include/range/v3/view/interface.hpp(24),
                 from _deps/rangev3-src/include/range/v3/view/ref.hpp(25),
                 from _deps/rangev3-src/include/range/v3/view/all.hpp(26),
                 from _deps/rangev3-src/include/range/v3/view/adaptor.hpp(28),
                 from _deps/rangev3-src/include/range/v3/view/transform.hpp(37),
                 from t.cpp(1):
_deps/rangev3-src/include/range/v3/functional/bind.hpp(53): error: type name is not allowed
        : meta::if_c<RANGES_IS_SAME(detail::decay_t<T>, T), meta::id<T>,
                     ^

In file included from _deps/rangev3-src/include/range/v3/view/ref.hpp(26),
                 from _deps/rangev3-src/include/range/v3/view/all.hpp(26),
                 from _deps/rangev3-src/include/range/v3/view/adaptor.hpp(28),
                 from _deps/rangev3-src/include/range/v3/view/transform.hpp(37),
                 from t.cpp(1):
_deps/rangev3-src/include/range/v3/view/view.hpp(201): error: identifier "view_access" is undefined
          using view_access RANGES_DEPRECATED(
                ^

In file included from _deps/rangev3-src/include/range/v3/view/ref.hpp(26),
                 from _deps/rangev3-src/include/range/v3/view/all.hpp(26),
                 from _deps/rangev3-src/include/range/v3/view/adaptor.hpp(28),
                 from _deps/rangev3-src/include/range/v3/view/transform.hpp(37),
                 from t.cpp(1):
_deps/rangev3-src/include/range/v3/view/view.hpp(201): error: expected a ";"
          using view_access RANGES_DEPRECATED(
                            ^

In file included from _deps/rangev3-src/include/range/v3/view/ref.hpp(26),
                 from _deps/rangev3-src/include/range/v3/view/all.hpp(26),
                 from _deps/rangev3-src/include/range/v3/view/adaptor.hpp(28),
                 from _deps/rangev3-src/include/range/v3/view/transform.hpp(37),
                 from t.cpp(1):
_deps/rangev3-src/include/range/v3/view/view.hpp(204): warning #12: parsing restarts here after previous syntax error
              view_access_;
                          ^

In file included from _deps/rangev3-src/include/range/v3/view/ref.hpp(26),
                 from _deps/rangev3-src/include/range/v3/view/all.hpp(26),
                 from _deps/rangev3-src/include/range/v3/view/adaptor.hpp(28),
                 from _deps/rangev3-src/include/range/v3/view/transform.hpp(37),
                 from t.cpp(1):
_deps/rangev3-src/include/range/v3/view/view.hpp(217): error: identifier "make_view_fn" is undefined
          using make_view_fn RANGES_DEPRECATED(
                ^

In file included from _deps/rangev3-src/include/range/v3/view/ref.hpp(26),
                 from _deps/rangev3-src/include/range/v3/view/all.hpp(26),
                 from _deps/rangev3-src/include/range/v3/view/adaptor.hpp(28),
                 from _deps/rangev3-src/include/range/v3/view/transform.hpp(37),
                 from t.cpp(1):
_deps/rangev3-src/include/range/v3/view/view.hpp(217): error: expected a ";"
          using make_view_fn RANGES_DEPRECATED(
                             ^

In file included from _deps/rangev3-src/include/range/v3/view/subrange.hpp(30),
                 from _deps/rangev3-src/include/range/v3/view/all.hpp(27),
                 from _deps/rangev3-src/include/range/v3/view/adaptor.hpp(28),
                 from _deps/rangev3-src/include/range/v3/view/transform.hpp(37),
                 from t.cpp(1):
_deps/rangev3-src/include/range/v3/range/dangling.hpp(65): error: identifier "sanitize_fn" is undefined
      using sanitize_fn RANGES_DEPRECATED(
            ^

In file included from _deps/rangev3-src/include/range/v3/view/subrange.hpp(30),
                 from _deps/rangev3-src/include/range/v3/view/all.hpp(27),
                 from _deps/rangev3-src/include/range/v3/view/adaptor.hpp(28),
                 from _deps/rangev3-src/include/range/v3/view/transform.hpp(37),
                 from t.cpp(1):
_deps/rangev3-src/include/range/v3/range/dangling.hpp(65): error: expected a ";"
      using sanitize_fn RANGES_DEPRECATED(
                        ^

t.cpp(4): error: too few arguments for class template "std::vector"
  	std::vector<int> const vi{1, 2, 3, 4, 5, 6, 7, 8, 9, 10};
  	               ^

t.cpp(4): error: expected a declaration
  	std::vector<int> const vi{1, 2, 3, 4, 5, 6, 7, 8, 9, 10};
  	^

t.cpp(6): error: identifier "vi" is undefined
  	auto rng = vi | views::remove_if([](int i){ return i % 2 == 1; })
  	           ^

compilation aborted for t.cpp (code 2)
~~~
- Can handle initially-false predicate
- Only N-1 predicate invocations