I keep getting this issue when I try to run the compile command. I have tried uninstalling and reinstalling everything and am running out of options to try. How can this be solved? What could be causing the issue?

````
 debug  Using settings from `fontcustom.yml`.
       debug  Using options:
                {:input=>{:vectors=>"images/icons", :templates=>"images/icons"},
                :output=>
                 {:fonts=>"fonts/icon-font",
                  :css=>"fonts/icon-font",
                  :preview=>"fonts/icon-font"},
                :config=>"fontcustom.yml",
                :templates=>["css", "preview"],
                :font_name=>"fontcustom",
                :font_design_size=>16,
                :font_em=>512,
                :font_ascent=>448,
                :font_descent=>64,
                :css_selector=>".icon-{{glyph}}",
                :preprocessor_path=>nil,
                :autowidth=>false,
                :no_hash=>false,
                :css3=>false,
                :debug=>true,
                :force=>false,
                :quiet=>false,
                :copyright=>""}
      delete  fonts/icon-font/fontcustom_5f5fd34181718e63f9793a33c4fc8bc7.ttf
              fonts/icon-font/fontcustom_5f5fd34181718e63f9793a33c4fc8bc7.svg
       debug  Copyright (c) 2000-2019. See AUTHORS for Contributors.
               License GPLv3+: GNU GPL version 3 or later <http://gnu.org/licenses/gpl.html>
               with many parts BSD <http://fontforge.org/license.html>. Please read LICENSE.
               Version: 20190801
               Based on sources from 12:50 UTC 14-Nov-2019-D.
              Traceback (most recent call last):
                File "/Library/Ruby/Gems/2.6.0/gems/fontcustom-2.0.0/lib/fontcustom/scripts/generate.py", line 120, in <module>
                  subprocess.Popen([scriptPath + '/sfnt2woff', fontfile + '.ttf'], stdout=subprocess.PIPE)
                File "/usr/local/opt/python/Frameworks/Python.framework/Versions/3.7/lib/python3.7/subprocess.py", line 800, in __init__
                  restore_signals, start_new_session)
                File "/usr/local/opt/python/Frameworks/Python.framework/Versions/3.7/lib/python3.7/subprocess.py", line 1551, in _execute_child
                  raise child_exception_type(errno_num, err_msg, err_filename)
              OSError: [Errno 86] Bad CPU type in executable: '/Library/Ruby/Gems/2.6.0/gems/fontcustom-2.0.0/lib/fontcustom/scripts/sfnt2woff'
              
              During handling of the above exception, another exception occurred:
              
              Traceback (most recent call last):
                File "/Library/Ruby/Gems/2.6.0/gems/fontcustom-2.0.0/lib/fontcustom/scripts/generate.py", line 125, in <module>
                  subprocess.call(['sfnt2woff', fontfile + '.ttf'])
                File "/usr/local/opt/python/Frameworks/Python.framework/Versions/3.7/lib/python3.7/subprocess.py", line 339, in call
                  with Popen(*popenargs, **kwargs) as p:
                File "/usr/local/opt/python/Frameworks/Python.framework/Versions/3.7/lib/python3.7/subprocess.py", line 800, in __init__
                  restore_signals, start_new_session)
                File "/usr/local/opt/python/Frameworks/Python.framework/Versions/3.7/lib/python3.7/subprocess.py", line 1551, in _execute_child
                  raise child_exception_type(errno_num, err_msg, err_filename)
              FileNotFoundError: [Errno 2] No such file or directory: 'sfnt2woff': 'sfnt2woff'
       error  `fontforge` compilation failed.
/Library/Ruby/Gems/2.6.0/gems/fontcustom-2.0.0/lib/fontcustom/generator/font.rb:92:in `create_fonts'
/Library/Ruby/Gems/2.6.0/gems/fontcustom-2.0.0/lib/fontcustom/generator/font.rb:20:in `generate'
/Library/Ruby/Gems/2.6.0/gems/fontcustom-2.0.0/lib/fontcustom/base.rb:62:in `start_generators'
/Library/Ruby/Gems/2.6.0/gems/fontcustom-2.0.0/lib/fontcustom/base.rb:23:in `compile'
/Library/Ruby/Gems/2.6.0/gems/fontcustom-2.0.0/lib/fontcustom/cli.rb:83:in `compile'
/Library/Ruby/Gems/2.6.0/gems/thor-0.20.3/lib/thor/command.rb:27:in `run'
/Library/Ruby/Gems/2.6.0/gems/thor-0.20.3/lib/thor/invocation.rb:126:in `invoke_command'
/Library/Ruby/Gems/2.6.0/gems/thor-0.20.3/lib/thor.rb:387:in `dispatch'
/Library/Ruby/Gems/2.6.0/gems/thor-0.20.3/lib/thor/base.rb:466:in `start'
/Library/Ruby/Gems/2.6.0/gems/fontcustom-2.0.0/bin/fontcustom:5:in `<top (required)>'
/usr/local/bin/fontcustom:23:in `load'
/usr/local/bin/fontcustom:23:in `<main>'
`
```
When running "fontcustom compile" I get this error:

-bash: /usr/local/bin/fontcustom: /System/Library/Frameworks/Ruby.framework/Versions/2.3/usr/bin/ruby: bad interpreter: No such file or directory

How to change HHead* properties for generated font?
<img width="786" alt="Screen Shot 2019-09-12 at 11 46 25 AM" src="https://user-images.githubusercontent.com/43963633/64769362-d390e100-d553-11e9-9e0c-5af91f03c186.png">
 
In generate.py on Linux, try using the global `sfnt2woff-zopfli` before trying `sfnt2woff`. This catches cases where compilation would otherwise fail if the user only has `sfnt2woff-zopfli` installed and not `sfnt2woff`. (Also, on Ubuntu, the `sfnt2woff-zopfli` package is available in the repositories, but not `sfnt2woff`.)
Makes woff2 and paths containing spaces work on Windows.
Fixes #362
Closes #335
Triggered by #362
Just added a few commands to the linux install instructions to try to avoid permissions errors and cloning into wrong directory
I have used fontcustom before - so I know that it works great. But in my latest development VM running ubuntu 16.04 running `fontcustom compile -o /myoutputfolder/` I get the following error:
```
/var/lib/gems/2.3.0/gems/fontcustom-2.0.0/lib/fontcustom/generator/font.rb:42:in `set_glyph_info': undefined method `values' for #<Array:0x00000001f487c8> (NoMethodError)
Did you mean?  values_at
	from /var/lib/gems/2.3.0/gems/fontcustom-2.0.0/lib/fontcustom/generator/font.rb:19:in `generate'
	from /var/lib/gems/2.3.0/gems/fontcustom-2.0.0/lib/fontcustom/base.rb:62:in `start_generators'
	from /var/lib/gems/2.3.0/gems/fontcustom-2.0.0/lib/fontcustom/base.rb:23:in `compile'
	from /var/lib/gems/2.3.0/gems/fontcustom-2.0.0/lib/fontcustom/cli.rb:83:in `compile'
	from /var/lib/gems/2.3.0/gems/thor-0.20.0/lib/thor/command.rb:27:in `run'
	from /var/lib/gems/2.3.0/gems/thor-0.20.0/lib/thor/invocation.rb:126:in `invoke_command'
	from /var/lib/gems/2.3.0/gems/thor-0.20.0/lib/thor.rb:387:in `dispatch'
	from /var/lib/gems/2.3.0/gems/thor-0.20.0/lib/thor/base.rb:466:in `start'
	from /var/lib/gems/2.3.0/gems/fontcustom-2.0.0/bin/fontcustom:5:in `<top (required)>'
	from /usr/local/bin/fontcustom:23:in `load'
	from /usr/local/bin/fontcustom:23:in `<main>'
```

Anyone have a clue what I'm doing wrong?