
Getting Below Error on npm run electron:mac-win-linux

```
> ElectroCRUD@2.5.2 electron:mac-win-linux /var/www/vhosts/ElectroCRUD
> npm run build:prod && electron-builder build --mac --win --linux


> ElectroCRUD@2.5.2 build:prod /var/www/vhosts/ElectroCRUD
> npm run build -- -c production


> ElectroCRUD@2.5.2 build /var/www/vhosts/ElectroCRUD
> npm run postinstall:electron && npm run electron:serve-tsc && ng build "-c" "production"


> ElectroCRUD@2.5.2 postinstall:electron /var/www/vhosts/ElectroCRUD
> node postinstall


> ElectroCRUD@2.5.2 electron:serve-tsc /var/www/vhosts/ElectroCRUD
> tsc -p tsconfig-serve.json

node_modules/get-port/index.d.ts:5:28 - error TS2304: Cannot find name 'Omit'.

5  interface Options extends Omit<ListenOptions, 'port'> {
                             ~~~~


Found 1 error.

npm ERR! code ELIFECYCLE
npm ERR! errno 2
npm ERR! ElectroCRUD@2.5.2 electron:serve-tsc: `tsc -p tsconfig-serve.json`
npm ERR! Exit status 2
npm ERR! 
npm ERR! Failed at the ElectroCRUD@2.5.2 electron:serve-tsc script.
npm ERR! This is probably not a problem with npm. There is likely additional logging output above.

npm ERR! A complete log of this run can be found in:
npm ERR!     /root/.npm/_logs/2020-01-02T11_13_02_930Z-debug.log
npm ERR! code ELIFECYCLE
npm ERR! errno 2
npm ERR! ElectroCRUD@2.5.2 build: `npm run postinstall:electron && npm run electron:serve-tsc && ng build "-c" "production"`
npm ERR! Exit status 2
npm ERR! 
npm ERR! Failed at the ElectroCRUD@2.5.2 build script.
npm ERR! This is probably not a problem with npm. There is likely additional logging output above.

npm ERR! A complete log of this run can be found in:
npm ERR!     /root/.npm/_logs/2020-01-02T11_13_03_037Z-debug.log
npm ERR! code ELIFECYCLE
npm ERR! errno 2
npm ERR! ElectroCRUD@2.5.2 build:prod: `npm run build -- -c production`
npm ERR! Exit status 2
npm ERR! 
npm ERR! Failed at the ElectroCRUD@2.5.2 build:prod script.
npm ERR! This is probably not a problem with npm. There is likely additional logging output above.

npm ERR! A complete log of this run can be found in:
npm ERR!     /root/.npm/_logs/2020-01-02T11_13_03_108Z-debug.log
npm ERR! code ELIFECYCLE
npm ERR! errno 2
npm ERR! ElectroCRUD@2.5.2 electron:mac-win-linux: `npm run build:prod && electron-builder build --mac --win --linux`
npm ERR! Exit status 2
npm ERR! 
npm ERR! Failed at the ElectroCRUD@2.5.2 electron:mac-win-linux script.
npm ERR! This is probably not a problem with npm. There is likely additional logging output above.

npm ERR! A complete log of this run can be found in:
npm ERR!     /root/.npm/_logs/2020-01-02T11_13_03_172Z-debug.log
```

**Describe the bug**
I have configured an SSH tunnel with a PPK file. The tunnel is being built but the database connection is not working.
I have a MariaDB 10.3 running on the remote server.
Settings: 
SSH domain.de port 2212  username sshkey
mysql localhost 3306 username password databasename

**To Reproduce**
I don't know how to comprehend this. 
But in the screen you can see quite well that he wants to establish a database connection with port 5000 but I have definitely specified port 3306. 

**Screenshots**
<img width="650" alt="Bildschirmfoto 2019-10-24 um 19 51 25" src="https://user-images.githubusercontent.com/3257844/67512140-76cb2f00-f698-11e9-946e-fef574ba5f61.png">

**Desktop (please complete the following information):**
 - OS: MacOS X catalina, WIndows 10 
 - Version MacOS 10.15, Windows 10 1903

**Additional context**
It's the program I've been searching for years for my databases. 
**Is your feature request related to a problem? Please describe.**
1. In V2.5 view columns are ordered alphabetically and rearrangement does not persist.  In v1 ordering was by order in db.
2. In v 2.5 there is no horizontal scrolling in views.

**Describe the solution you'd like**
A clear and concise description of what you want to happen.
Please add scroll bars for views and return to v1 ordering or add selction of column order.

Have not run on linux and don't know if it is different there.
## Error in ElectroCRUD

**Error** in **/Applications/ElectroCRUD.app/Contents/Resources/app.asar/dist/index.html**
The requested path contains undefined segment at index 5

[View on Bugsnag](https://app.bugsnag.com/electrocrud/electrocrud/errors/5d543218328afb001eb4aa10?event_id=5d543480004cde66fc240000&i=gh&m=ci)

## Stacktrace

    webpack:/src/app/views/view/view/view.component.ts:125 - n.editRow
    webpack:/src/app/views/view/view/view.component.ts:76 - t._next

[View full stacktrace](https://app.bugsnag.com/electrocrud/electrocrud/errors/5d543218328afb001eb4aa10?event_id=5d543480004cde66fc240000&i=gh&m=ci)

*Created by Garry Lachman via Bugsnag*
## Error in ElectroCRUD

**Error** in **/Applications/ElectroCRUD.app/Contents/Resources/app.asar/dist/index.html**
Uncaught (in promise): TypeError: Cannot read property 'id' of undefined
TypeError: Cannot read property 'id' of undefined
    at n.<anonymous> (file:///Applications/ElectroCRUD.app/Contents/Resources/app.asar/dist/6.ebccde249530f6399212.js:1:63719)
    at file:///Applications/ElectroCRUD.app/Contents/Resources/app.asar/dist/6.ebccde249530f6399212.js:1:62776
    at Object.next (file:///Applications/ElectroCRUD.app/Contents/Resources/app.asar/dist/6.ebccde249530f6399212.js:1:62881)
    at file:///Applications/ElectroCRUD.app/Contents/Resources/app.asar/dist/6.ebccde249530f6399212.js:1:61817
    at new t (file:///Applications/ElectroCRUD.app/Contents/Resources/app.asar/dist/polyfills.f7f89e0c338a4bcc4985.js:1:14487)
    at wn (file:///Applications/ElectroCRUD.app/Contents/Resources/app.asar/dist/6.ebccde249530f6399212.js:1:61594)
    at n.ngOnInit (file:///Applications/ElectroCRUD.app/Contents/Resources/app.asar/dist/6.ebccde249530f6399212.js:1:63325)
    at file:///Applications/Elect...

[View on Bugsnag](https://app.bugsnag.com/electrocrud/electrocrud/errors/5d54ff84a86b5200194b6b58?event_id=5d54ff84004cdf888d5a0000&i=gh&m=ci)

## Stacktrace

    webpack:/src/app/views/configure/configure.component.ts:73 - n.<anonymous>
    webpack:/src/app/views/configure/configure.component.ts.pre-build-optimizer.js:42 - 
    webpack:/src/app/views/configure/configure.component.ts.pre-build-optimizer.js:23 - Object.next
    webpack:/src/app/views/configure/configure.component.ts.pre-build-optimizer.js:17 - 
    webpack:/src/app/views/configure/configure.component.ts.pre-build-optimizer.js:13 - __awaiter
    webpack:/src/app/views/configure/configure.component.ts.pre-build-optimizer.js:78 - n.ngOnInit
    webpack:/src/app/views/configure/configure.component.ts.pre-build-optimizer.js:13 - __awaiter
    webpack:/src/app/views/configure/configure.component.ts.pre-build-optimizer.js:78 - n.ngOnInit
    webpack:/src/app/views/configure/configure.component.ngfactory.js.pre-build-optimizer.js:194 - Object.updateDirectives

[View full stacktrace](https://app.bugsnag.com/electrocrud/electrocrud/errors/5d54ff84a86b5200194b6b58?event_id=5d54ff84004cdf888d5a0000&i=gh&m=ci)

*Created by Garry Lachman via Bugsnag*
## Error in ElectroCRUD

**TypeError** in **/Applications/ElectroCRUD.app/Contents/Resources/app.asar/dist/index.html**
Cannot read property 'get' of undefined

[View on Bugsnag](https://app.bugsnag.com/electrocrud/electrocrud/errors/5d54ff845887d500193c835a?event_id=5d54ff84004ce00e23eb0000&i=gh&m=ci)

## Stacktrace

    webpack:/src/app/views/configure/configure.component.html:19 - Object.updateRenderer

[View full stacktrace](https://app.bugsnag.com/electrocrud/electrocrud/errors/5d54ff845887d500193c835a?event_id=5d54ff84004ce00e23eb0000&i=gh&m=ci)

*Created by Garry Lachman via Bugsnag*
## Error in ElectroCRUD

**Error** in **/Applications/ElectroCRUD.app/Contents/Resources/app.asar/dist/index.html**
formGroup expects a FormGroup instance. Please pass one in.

       Example:

       
    <div [formGroup]="myGroup">
      <input formControlName="firstName">
    </div>

    In your class:

    this.myGroup = new FormGroup({
       firstName: new FormControl()
    });

[View on Bugsnag](https://app.bugsnag.com/electrocrud/electrocrud/errors/5d5433a01747b00019b2ad24?event_id=5d54ff84004cde497b260000&i=gh&m=ci)

## Stacktrace

    webpack:/src/app/views/configure/configure.component.html:15 - Object.updateDirectives

[View full stacktrace](https://app.bugsnag.com/electrocrud/electrocrud/errors/5d5433a01747b00019b2ad24?event_id=5d54ff84004cde497b260000&i=gh&m=ci)

*Created by Garry Lachman via Bugsnag*
Need field to password

![image](https://user-images.githubusercontent.com/696713/62999656-c6f76b00-be77-11e9-8154-f27f65423814.png)
