'logWriter_'  Could not be created When I printout  GHTestLog("......") In a multithreaded environment.It will causePage does not update.

ghunit run -n APPNAME -t IntegrationTests

Running: "/Users/tariq/Library/Developer/Xcode/DerivedData/APPNAME-cnyhsnwpkylwgnbwotedcxbkhugz/Build/Products/Debug-iphonesimulator/APPNAMEIntegrationTests.app/APPNAMEIntegrationTests" -RegisterForSystemEvents
2015-12-07 20:08:39.610 APPNAMEIntegrationTests[86220:8324324] **\* Assertion failure in Boolean BKSDisplayServicesStart()(), /BuildRoot/Library/Caches/com.apple.xbs/Sources/BackBoardServices_Sim/SpringBoard-3307.30/megatrond/BKSDisplayServices.m:33
2015-12-07 20:08:39.677 APPNAMEIntegrationTests[86220:8324324] **\* Terminating app due to uncaught exception 'NSInternalInconsistencyException', reason: 'backboardd isn't running, result: 268435459 isAlive: 0'
**\* First throw call stack:
(
    0   CoreFoundation                      0x05cb4a84 __exceptionPreprocess + 180
    1   libobjc.A.dylib                     0x05775e02 objc_exception_throw + 50
    2   CoreFoundation                      0x05cb491a +[NSException raise:format:arguments:] + 138
    3   Foundation                          0x03097ef4 -[NSAssertionHandler handleFailureInFunction:file:lineNumber:description:] + 102
    4   BackBoardServices                   0x095bbcdf BKSDisplayServicesStart + 335
    5   UIKit                               0x03e0e2d9 _UIApplicationMainPreparations + 181
    6   UIKit                               0x03e0e1a5 UIApplicationMain + 90
    7   APPNAMEIntegrationTests            0x0008f649 main + 89
    8   libdyld.dylib                       0x06460a21 start + 1
)
libc++abi.dylib: terminating with uncaught exception of type NSException
APPNAMEIntegrationTests/RunTests.sh: line 50: 86220 Abort trap: 6           "/Users/tariq/Library/Developer/Xcode/DerivedData/APPNAME-cnyhsnwpkylwgnbwotedcxbkhugz/Build/Products/Debug-iphonesimulator/APPNAMEIntegrationTests.app/APPNAMEIntegrationTests" -RegisterForSystemEvents
Command /bin/sh failed with exit code 134

*\* BUILD FAILED **

The following build commands failed:
    PhaseScriptExecution Run\ Tests\ (CLI) /Users/tariq/Library/Developer/Xcode/DerivedData/APPNAME-cnyhsnwpkylwgnbwotedcxbkhugz/Build/Intermediates/APPNAME.build/Debug-iphonesimulator/APPNAMEIntegrationTests.build/Script-FE5F6572E3B25E40CD43201F.sh
(1 failure)

I just write a test case for core data observer, but I found the `NSManagedObjectContextDidChangeNotification` not called with update the value, but It is called in my application with the same code.
My test code below:

```
    [MagicalRecord setupAutoMigratingCoreDataStack];
    [[NSNotificationCenter defaultCenter] addObserverForName:NSManagedObjectContextObjectsDidChangeNotification object:[NSManagedObjectContext MR_defaultContext] queue:[NSOperationQueue mainQueue] usingBlock:^(NSNotification *note) {
        NSLog(@"did change:%@", note);
    }];
    [MagicalRecord saveWithBlockAndWait:^(NSManagedObjectContext *localContext) {
        Babies *b = [Babies MR_createInContext:localContext];
        b.nickName = @"aloha";
        b.objectId = @"1";
    }];
    Babies *b = [Babies MR_findFirstByAttribute:BaseEntityAttributes.objectId withValue:@"1" inContext:[NSManagedObjectContext MR_defaultContext]];
    NSLog(@"b:%@ context:%@", b.nickName, [[b managedObjectContext] MR_parentChain]);
    [MagicalRecord saveWithBlockAndWait:^(NSManagedObjectContext *localContext) {
        Babies *e = [b MR_inContext:localContext];
        e.nickName = @"cool";
    }];
    NSLog(@"b:%@", b.nickName);
```

dependence with [MagicalReocrd](https://github.com/magicalpanda/MagicalRecord)

The first 'saveWithBlockAndWait:' will insert an entity, the `NSManagedObjectContextDidChangeNotification` is called.

The second `saveWithBlockAndWait:` will update the entity has inserted above, and `NSManagedObjectContextDidChangeNotification` is not being called, but the entity has already refresh.

Any idea to resolve this problem?

Hi,

I have trouble running the test target in my device and that wouldn't be a big problem but I need to run the tests from command line and when I follow these instructions, http://gh-unit.github.io/gh-unit/docs/appledoc_include/guide_command_line.html, and executing the command line 
// For iOS app
GHUNIT_CLI=1 xcodebuild -target Tests -configuration Debug -sdk iphonesimulator build
The build fails also while it tries to build for Debug-iphoneos too, which I don't get since the command line clearly says to run the target for the iphonesimulator.

My setup is actually a static library which I reference to the "Tests" target but this shouldn;t be the issue since I tried with packaging my library into a fat framework and link it to the frameworks which it provided the same error.

I also have another UI client application but there I reference the .xcodeproj to the project and link it where it works properly for both simulator and device.

So I end up getting this strange and suspicious error.

ld: warning: directory not found for option '-L/Users/gtaskos/Documents/Projects/Test/SDKs/Test iOS SDK/Test-iOS/Pods/build/Debug-iphoneos'
ld: warning: ignoring file /Users/gtaskos/Documents/Projects/Test/SDKs/Test iOS SDK/Test-iOS/Frameworks/GHUnitIOS.framework/GHUnitIOS, missing required architecture arm64 in file /Users/gtaskos/Documents/Projects/Test/SDKs/Test iOS SDK/Test-iOS/Frameworks/GHUnitIOS.framework/GHUnitIOS (4 slices)
Undefined symbols for architecture arm64:
  "_OBJC_CLASS_$_GHAsyncTestCase", referenced from:
      _OBJC_CLASS_$_TestMintTests in TestMintTests.o
  "_OBJC_METACLASS_$_GHAsyncTestCase", referenced from:
      _OBJC_METACLASS_$_TestMintTests in TestMintTests.o
  "_GHComposeString", referenced from:
      ___38-[TestMintTests testGetTotal]_block_invoke in TestMintTests.o
      ___38-[TestMintTests testGetTotal]_block_invoke31 in TestMintTests.o
      ___40-[TestMintTests testClearTotal]_block_invoke in TestMintTests.o
      ___40-[TestMintTests testClearTotal]_block_invoke54 in TestMintTests.o
      ___37-[TestMintTests testCheckLast]_block_invoke73 in TestMintTests.o
      -[TestMintTests testFlush] in TestMintTests.o
      -[TestMintTests testAddData] in TestMintTests.o
      ...
ld: symbol(s) not found for architecture arm64
clang: error: linker command failed with exit code 1 (use -v to see invocation)

Is there a better way to test static libraries that I miss?

Any suggestions to work around? Maybe I could avoid the command line error at the moment ?

I will also try to integrate with Jenkins.

P.S. A really nice testing framework!

Regards.

Mostly, they are related to :
- deprecated API
- type mismatch
- format string violations

![screen shot 2014-01-24 at 2 00 56 pm](https://f.cloud.github.com/assets/396451/1994485/66ea5960-84ef-11e3-9a2f-4b4db22a1da2.png)

##### Steps :
1. Set up coverage flags as described in https://github.com/farcaller/ios-tdd/tree/master/Coverage
2. Apply the flush() patch https://github.com/leroymattingly/XCode5gcovPatch
3. Set ghunit environment as shown below and run the application

```
    setenv("GHUNIT_AUTORUN" , "YES", 1);
    setenv("WRITE_JUNIT_XML", "YES", 1);
    setenv("GHUNIT_AUTOEXIT", "YES", 1);
```
##### Acutal result :

   Coverage files not generated (CoverStory.app shows nothing)
##### Expected result :

```
Coverage files generated successfully in the "build intermediates" directory
```
