as part of an assignment we were given in our college, we had to choose and refactor a project of our choosing, we choose this project and decreased part of the technical debt involved in this project.
When I run, for example, 
`gif-for-cli -c=\ + -ch=1 -cw=1 --rows=100 --cols=90 --display-mode=256 arial\ tramway`
the entire gif shows up in the terminal window, but if I add a `--export=gif.gif` to the end it cuts off the right half of the image like this: 
![arialtramway_1](https://user-images.githubusercontent.com/46385945/50711978-b733c080-1024-11e9-95e4-01ec58eee5a4.gif)
Any ideas on how to export a full image and still use multiple characters in -c?
Note: you can try it out with `docker run --rm -it fenollp/gif-for-cli/tags`
It seems to me that this should be possible:

```
$ gif-for-cli file://test.json --export test.gif
Processed 24/24 frames...
Exported to:
/home/dtantsur/test.gif
```

However, the resulting file has no relationship to `test.json` and is probably a trending gif on your website.
Some GIFs giving this below error:

```
[16:28:43 abhasker@wsl -> ~$ gif 12122337
Processed 15/15 frames...
Traceback (most recent call last):
  File "/home/abhasker/.local/bin/gif-for-cli", line 11, in <module>
    sys.exit(main())
  File "/home/abhasker/.local/lib/python3.5/site-packages/gif_for_cli/__main__.py", line 89, in main
    execute(os.environ, sys.argv[1:], sys.stdout)
  File "/home/abhasker/.local/lib/python3.5/site-packages/gif_for_cli/__main__.py", line 84, in execute
    seconds_per_frame=config['seconds'] / config['num_frames']
ZeroDivisionError: float division by zero
```

I had the same issue detailed in issue 7 and on deleting the directory specified got the following regex exception instead:

> $ gif-for-cli 10988977
> 
> Traceback (most recent call last):
>   File "/home/me/envs/terminal/bin/gif-for-cli", line 11, in <module>
>     sys.exit(main())
>   File "/home/me/envs/terminal/lib/python3.6/site-packages/gif_for_cli/__main__.py", line 105, in main
>     execute(os.environ, sys.argv[1:], sys.stdout)
>   File "/home/me/envs/terminal/lib/python3.6/site-packages/gif_for_cli/__main__.py", line 72, in execute
>     cpu_pool_size=args.cpu_pool_size,
>   File "/home/me/envs/terminal/lib/python3.6/site-packages/gif_for_cli/generate/__init__.py", line 170, in generate
>     num_frames, seconds = _run_ffmpeg(**options)
>   File "/home/me/envs/terminal/lib/python3.6/site-packages/gif_for_cli/generate/__init__.py", line 73, in _run_ffmpeg
>     num_frames = int(re.search(r'frame=\s*(\d+)', err).group(1))
> AttributeError: 'NoneType' object has no attribute 'group'

python3.6 on debian 8.0
I make PR to update the flake8 style checking, travis, and tox. 
In tox, I introduce the checking unittest. However, it has some error relating to #14 
#GW - Add Windows Symlink support...requires elevated CMD / Powershell Prompt
I got error in testing after command: `python3 -m unittest discover`

```
danghai@ubuntu:~/test/gif-for-cli$ python3 -m unittest discover

..................................EE..........
======================================================================
ERROR: tests.test_export (unittest.loader._FailedTest)
----------------------------------------------------------------------
ImportError: Failed to import test module: tests.test_export
Traceback (most recent call last):
  File "/usr/lib/python3.5/unittest/loader.py", line 428, in _find_test_path
    module = self._get_module_from_name(name)
  File "/usr/lib/python3.5/unittest/loader.py", line 369, in _get_module_from_name
    __import__(name)
  File "/home/danghai/test/gif-for-cli/tests/test_export.py", line 22, in <module>
    from gif_for_cli.export import _export_txt_frames, _get_txt_frames, _run_ffmpeg, export, export_txt_frame
  File "/home/danghai/test/gif-for-cli/gif_for_cli/export.py", line 23, in <module>
    from . import third_party
ImportError: cannot import name 'third_party'


======================================================================
ERROR: tests.test_main (unittest.loader._FailedTest)
----------------------------------------------------------------------
ImportError: Failed to import test module: tests.test_main
Traceback (most recent call last):
  File "/usr/lib/python3.5/unittest/loader.py", line 428, in _find_test_path
    module = self._get_module_from_name(name)
  File "/usr/lib/python3.5/unittest/loader.py", line 369, in _get_module_from_name
    __import__(name)
  File "/home/danghai/test/gif-for-cli/tests/test_main.py", line 21, in <module>
    from gif_for_cli.__main__ import execute
  File "/home/danghai/test/gif-for-cli/gif_for_cli/__main__.py", line 25, in <module>
    from .export import export
  File "/home/danghai/test/gif-for-cli/gif_for_cli/export.py", line 23, in <module>
    from . import third_party
ImportError: cannot import name 'third_party'


----------------------------------------------------------------------
Ran 46 tests in 0.035s

FAILED (errors=2)
```
Hi!
I'm trying this out on raspberry pi 3.
I'm encountering the following error:
![image](https://user-images.githubusercontent.com/7351683/41504205-94e9048e-721a-11e8-9412-a7ef781d5a9d.png)

Kindly advise how to set this up in raspberry pi.