Hi there, 

I migrated my project from groovy to kotlin based scripts but am unable to compile project. Please see errors below:

```
com.android.build.gradle.internal.dsl.DefaultConfig_Decorated cannot be cast to com.android.build.gradle.internal.dsl.ProductFlavor
Possible causes for this unexpected error include:
Gradle's dependency cache may be corrupt (this sometimes occurs after a network connection timeout.)
Re-download dependencies and sync project (requires network)

The state of a Gradle build process (daemon) may be corrupt. Stopping all Gradle daemons may solve this problem.
Stop Gradle build processes (requires restart)

Your project may be using a third-party plugin which is not compatible with the other plugins in the project or the version of Gradle requested by the project.

In the case of corrupt Gradle processes, you can also try closing the IDE and then killing all Java processes.
```

<!--- Provide a brief summary of the issue in the title above -->
when I add this dependencies, I can not run app because Default Activity not found.
  implementation ("androidx.ui:ui-tooling:0.1.0-dev02")
    implementation ("androidx.ui:ui-layout:0.1.0-dev02")
    implementation ("androidx.ui:ui-material:0.1.0-dev02")

I use this : distributionUrl=https\://services.gradle.org/distributions/gradle-5.6.1-all.zip

### Context

While learning how to use the Kotlin DSL for Gradle I found the samples to be immensely helpful. However I missed a sample that demonstrated how to unit-test your custom logic in buildSrc with. I think other users also could benefit from some this sample.

#1087

Note: this is a continuation of https://github.com/gradle/kotlin-dsl/pull/1302

### Contributor Checklist
- [x ] Base the PR against the `develop` branch
- [x ] Make sure that all commits are [signed off](https://git-scm.com/docs/git-commit#git-commit---signoff) to indicate that you agree to the terms of [Developer Certificate of Origin](https://developercertificate.org/).
- [ ] Provide integration tests to verify changes from a user perspective
- [x] Provide unit tests to verify logic
- [ ] Ensure that tests pass locally: `./gradlew check --parallel`

https://youtrack.jetbrains.com/issue/KT-8199
https://youtrack.jetbrains.com/issue/KT-28022

I really didn't expect this to work but I tried it anyway and the compiler doesn't fail as gracefully as I'd expected it to.
```kotlin
data class JacocoFileHolder(
    val additionalSourceDirs: FileCollection = files(),
    val sourceDirectories: FileCollection = files(),
    val classDirectories: FileCollection = files()
)
```

### Expected Behavior
The scripting compiler should throw a more meaningful exception when the user tries to use methods from the script scope as defaults for constructors.

### Current Behavior

The following exception is thrown.

<details>
  <summary>Stack Trace</summary>
<pre>
./gradlew tasks --stacktrace

FAILURE: Build failed with an exception.

* What went wrong:
A problem occurred configuring root project 'root-dependency-viewer'.
> Could not open cache directory 2ombor56g9dewgsaig8jkukyu (/Users/jonathanleitschuh/.gradle/caches/5.0-rc-1/gradle-kotlin-dsl/2ombor56g9dewgsaig8jkukyu).
   > Backend Internal error: Exception during code generation
     Cause: Error generating constructors of class JacocoFileHolder with kind IMPLEMENTATION
     File being compiled at position: file:///private/var/folders/rt/_6qdl4_n083d2ppyp0290x2c0000gn/T/gradle-kotlin-dsl-11393771023025115406.tmp/root-dependency-viewer.gradle.kts
     The root cause was thrown at: ImplementationBodyCodegen.java:460

* Try:
Run with --info or --debug option to get more log output. Run with --scan to get full insights.

* Exception is:
org.gradle.api.ProjectConfigurationException: A problem occurred configuring root project 'root-dependency-viewer'.
        at org.gradle.configuration.project.LifecycleProjectEvaluator.wrapException(LifecycleProjectEvaluator.java:80)
        at org.gradle.configuration.project.LifecycleProjectEvaluator.addConfigurationFailure(LifecycleProjectEvaluator.java:73)
        at org.gradle.configuration.project.LifecycleProjectEvaluator.access$600(LifecycleProjectEvaluator.java:54)
        at org.gradle.configuration.project.LifecycleProjectEvaluator$EvaluateProject$1.run(LifecycleProjectEvaluator.java:109)
        at org.gradle.internal.Factories$1.create(Factories.java:25)
        at org.gradle.internal.work.DefaultWorkerLeaseService.withLocks(DefaultWorkerLeaseService.java:183)
        at org.gradle.internal.work.StopShieldingWorkerLeaseService.withLocks(StopShieldingWorkerLeaseService.java:40)
        at org.gradle.api.internal.project.DefaultProjectStateRegistry$ProjectStateImpl.withProjectLock(DefaultProjectStateRegistry.java:226)
        at org.gradle.api.internal.project.DefaultProjectStateRegistry$ProjectStateImpl.withMutableState(DefaultProjectStateRegistry.java:220)
        at org.gradle.api.internal.project.DefaultProjectStateRegistry$ProjectStateImpl.withMutableState(DefaultProjectStateRegistry.java:186)
        at org.gradle.configuration.project.LifecycleProjectEvaluator$EvaluateProject.run(LifecycleProjectEvaluator.java:96)
        at org.gradle.internal.operations.DefaultBuildOperationExecutor$RunnableBuildOperationWorker.execute(DefaultBuildOperationExecutor.java:301)
        at org.gradle.internal.operations.DefaultBuildOperationExecutor$RunnableBuildOperationWorker.execute(DefaultBuildOperationExecutor.java:293)
        at org.gradle.internal.operations.DefaultBuildOperationExecutor.execute(DefaultBuildOperationExecutor.java:175)
        at org.gradle.internal.operations.DefaultBuildOperationExecutor.run(DefaultBuildOperationExecutor.java:91)
        at org.gradle.internal.operations.DelegatingBuildOperationExecutor.run(DelegatingBuildOperationExecutor.java:31)
        at org.gradle.configuration.project.LifecycleProjectEvaluator.evaluate(LifecycleProjectEvaluator.java:68)
        at org.gradle.api.internal.project.DefaultProject.evaluate(DefaultProject.java:687)
        at org.gradle.api.internal.project.DefaultProject.evaluate(DefaultProject.java:140)
        at org.gradle.execution.TaskPathProjectEvaluator.configure(TaskPathProjectEvaluator.java:35)
        at org.gradle.execution.TaskPathProjectEvaluator.configureHierarchy(TaskPathProjectEvaluator.java:60)
        at org.gradle.configuration.DefaultBuildConfigurer.configure(DefaultBuildConfigurer.java:41)
        at org.gradle.initialization.DefaultGradleLauncher$ConfigureBuild.run(DefaultGradleLauncher.java:286)
        at org.gradle.internal.operations.DefaultBuildOperationExecutor$RunnableBuildOperationWorker.execute(DefaultBuildOperationExecutor.java:301)
        at org.gradle.internal.operations.DefaultBuildOperationExecutor$RunnableBuildOperationWorker.execute(DefaultBuildOperationExecutor.java:293)
        at org.gradle.internal.operations.DefaultBuildOperationExecutor.execute(DefaultBuildOperationExecutor.java:175)
        at org.gradle.internal.operations.DefaultBuildOperationExecutor.run(DefaultBuildOperationExecutor.java:91)
        at org.gradle.internal.operations.DelegatingBuildOperationExecutor.run(DelegatingBuildOperationExecutor.java:31)
        at org.gradle.initialization.DefaultGradleLauncher.configureBuild(DefaultGradleLauncher.java:194)
        at org.gradle.initialization.DefaultGradleLauncher.doBuildStages(DefaultGradleLauncher.java:150)
        at org.gradle.initialization.DefaultGradleLauncher.executeTasks(DefaultGradleLauncher.java:133)
        at org.gradle.internal.invocation.GradleBuildController$1.execute(GradleBuildController.java:79)
        at org.gradle.internal.invocation.GradleBuildController$1.execute(GradleBuildController.java:76)
        at org.gradle.internal.invocation.GradleBuildController$3.create(GradleBuildController.java:103)
        at org.gradle.internal.invocation.GradleBuildController$3.create(GradleBuildController.java:96)
        at org.gradle.internal.work.DefaultWorkerLeaseService.withLocks(DefaultWorkerLeaseService.java:183)
        at org.gradle.internal.work.StopShieldingWorkerLeaseService.withLocks(StopShieldingWorkerLeaseService.java:40)
        at org.gradle.internal.invocation.GradleBuildController.doBuild(GradleBuildController.java:96)
        at org.gradle.internal.invocation.GradleBuildController.run(GradleBuildController.java:76)
        at org.gradle.tooling.internal.provider.ExecuteBuildActionRunner.run(ExecuteBuildActionRunner.java:28)
        at org.gradle.launcher.exec.ChainingBuildActionRunner.run(ChainingBuildActionRunner.java:35)
        at org.gradle.tooling.internal.provider.ValidatingBuildActionRunner.run(ValidatingBuildActionRunner.java:32)
        at org.gradle.launcher.exec.RunAsBuildOperationBuildActionRunner$3.run(RunAsBuildOperationBuildActionRunner.java:49)
        at org.gradle.internal.operations.DefaultBuildOperationExecutor$RunnableBuildOperationWorker.execute(DefaultBuildOperationExecutor.java:301)
        at org.gradle.internal.operations.DefaultBuildOperationExecutor$RunnableBuildOperationWorker.execute(DefaultBuildOperationExecutor.java:293)
        at org.gradle.internal.operations.DefaultBuildOperationExecutor.execute(DefaultBuildOperationExecutor.java:175)
        at org.gradle.internal.operations.DefaultBuildOperationExecutor.run(DefaultBuildOperationExecutor.java:91)
        at org.gradle.internal.operations.DelegatingBuildOperationExecutor.run(DelegatingBuildOperationExecutor.java:31)
        at org.gradle.launcher.exec.RunAsBuildOperationBuildActionRunner.run(RunAsBuildOperationBuildActionRunner.java:44)
        at org.gradle.tooling.internal.provider.SubscribableBuildActionRunner.run(SubscribableBuildActionRunner.java:51)
        at org.gradle.launcher.exec.InProcessBuildActionExecuter$1.transform(InProcessBuildActionExecuter.java:47)
        at org.gradle.launcher.exec.InProcessBuildActionExecuter$1.transform(InProcessBuildActionExecuter.java:44)
        at org.gradle.composite.internal.DefaultRootBuildState.run(DefaultRootBuildState.java:79)
        at org.gradle.launcher.exec.InProcessBuildActionExecuter.execute(InProcessBuildActionExecuter.java:44)
        at org.gradle.launcher.exec.InProcessBuildActionExecuter.execute(InProcessBuildActionExecuter.java:30)
        at org.gradle.launcher.exec.BuildTreeScopeBuildActionExecuter.execute(BuildTreeScopeBuildActionExecuter.java:39)
        at org.gradle.launcher.exec.BuildTreeScopeBuildActionExecuter.execute(BuildTreeScopeBuildActionExecuter.java:25)
        at org.gradle.tooling.internal.provider.ContinuousBuildActionExecuter.execute(ContinuousBuildActionExecuter.java:78)
        at org.gradle.tooling.internal.provider.ContinuousBuildActionExecuter.execute(ContinuousBuildActionExecuter.java:52)
        at org.gradle.tooling.internal.provider.ServicesSetupBuildActionExecuter.execute(ServicesSetupBuildActionExecuter.java:62)
        at org.gradle.tooling.internal.provider.ServicesSetupBuildActionExecuter.execute(ServicesSetupBuildActionExecuter.java:34)
        at org.gradle.tooling.internal.provider.GradleThreadBuildActionExecuter.execute(GradleThreadBuildActionExecuter.java:36)
        at org.gradle.tooling.internal.provider.GradleThreadBuildActionExecuter.execute(GradleThreadBuildActionExecuter.java:25)
        at org.gradle.tooling.internal.provider.ParallelismConfigurationBuildActionExecuter.execute(ParallelismConfigurationBuildActionExecuter.java:43)
        at org.gradle.tooling.internal.provider.ParallelismConfigurationBuildActionExecuter.execute(ParallelismConfigurationBuildActionExecuter.java:29)
        at org.gradle.tooling.internal.provider.StartParamsValidatingActionExecuter.execute(StartParamsValidatingActionExecuter.java:59)
        at org.gradle.tooling.internal.provider.StartParamsValidatingActionExecuter.execute(StartParamsValidatingActionExecuter.java:31)
        at org.gradle.tooling.internal.provider.SessionFailureReportingActionExecuter.execute(SessionFailureReportingActionExecuter.java:59)
        at org.gradle.tooling.internal.provider.SessionFailureReportingActionExecuter.execute(SessionFailureReportingActionExecuter.java:44)
        at org.gradle.tooling.internal.provider.SetupLoggingActionExecuter.execute(SetupLoggingActionExecuter.java:46)
        at org.gradle.tooling.internal.provider.SetupLoggingActionExecuter.execute(SetupLoggingActionExecuter.java:30)
        at org.gradle.launcher.daemon.server.exec.ExecuteBuild.doBuild(ExecuteBuild.java:67)
        at org.gradle.launcher.daemon.server.exec.BuildCommandOnly.execute(BuildCommandOnly.java:36)
        at org.gradle.launcher.daemon.server.api.DaemonCommandExecution.proceed(DaemonCommandExecution.java:122)
        at org.gradle.launcher.daemon.server.exec.WatchForDisconnection.execute(WatchForDisconnection.java:37)
        at org.gradle.launcher.daemon.server.api.DaemonCommandExecution.proceed(DaemonCommandExecution.java:122)
        at org.gradle.launcher.daemon.server.exec.ResetDeprecationLogger.execute(ResetDeprecationLogger.java:26)
        at org.gradle.launcher.daemon.server.api.DaemonCommandExecution.proceed(DaemonCommandExecution.java:122)
        at org.gradle.launcher.daemon.server.exec.RequestStopIfSingleUsedDaemon.execute(RequestStopIfSingleUsedDaemon.java:34)
        at org.gradle.launcher.daemon.server.api.DaemonCommandExecution.proceed(DaemonCommandExecution.java:122)
        at org.gradle.launcher.daemon.server.exec.ForwardClientInput$2.call(ForwardClientInput.java:74)
        at org.gradle.launcher.daemon.server.exec.ForwardClientInput$2.call(ForwardClientInput.java:72)
        at org.gradle.util.Swapper.swap(Swapper.java:38)
        at org.gradle.launcher.daemon.server.exec.ForwardClientInput.execute(ForwardClientInput.java:72)
        at org.gradle.launcher.daemon.server.api.DaemonCommandExecution.proceed(DaemonCommandExecution.java:122)
        at org.gradle.launcher.daemon.server.exec.LogAndCheckHealth.execute(LogAndCheckHealth.java:55)
        at org.gradle.launcher.daemon.server.api.DaemonCommandExecution.proceed(DaemonCommandExecution.java:122)
        at org.gradle.launcher.daemon.server.exec.LogToClient.doBuild(LogToClient.java:62)
        at org.gradle.launcher.daemon.server.exec.BuildCommandOnly.execute(BuildCommandOnly.java:36)
        at org.gradle.launcher.daemon.server.api.DaemonCommandExecution.proceed(DaemonCommandExecution.java:122)
        at org.gradle.launcher.daemon.server.exec.EstablishBuildEnvironment.doBuild(EstablishBuildEnvironment.java:81)
        at org.gradle.launcher.daemon.server.exec.BuildCommandOnly.execute(BuildCommandOnly.java:36)
        at org.gradle.launcher.daemon.server.api.DaemonCommandExecution.proceed(DaemonCommandExecution.java:122)
        at org.gradle.launcher.daemon.server.exec.StartBuildOrRespondWithBusy$1.run(StartBuildOrRespondWithBusy.java:50)
        at org.gradle.launcher.daemon.server.DaemonStateCoordinator$1.run(DaemonStateCoordinator.java:295)
        at org.gradle.internal.concurrent.ExecutorPolicy$CatchAndRecordFailures.onExecute(ExecutorPolicy.java:63)
        at org.gradle.internal.concurrent.ManagedExecutorImpl$1.run(ManagedExecutorImpl.java:46)
        at org.gradle.internal.concurrent.ThreadFactoryImpl$ManagedThreadRunnable.run(ThreadFactoryImpl.java:55)
Caused by: org.gradle.cache.CacheOpenException: Could not open cache directory 2ombor56g9dewgsaig8jkukyu (/Users/jonathanleitschuh/.gradle/caches/5.0-rc-1/gradle-kotlin-dsl/2ombor56g9dewgsaig8jkukyu).
        at org.gradle.cache.internal.DefaultPersistentDirectoryStore.open(DefaultPersistentDirectoryStore.java:80)
        at org.gradle.cache.internal.DefaultPersistentDirectoryStore.open(DefaultPersistentDirectoryStore.java:42)
        at org.gradle.cache.internal.DefaultCacheFactory.doOpen(DefaultCacheFactory.java:94)
        at org.gradle.cache.internal.DefaultCacheFactory.open(DefaultCacheFactory.java:68)
        at org.gradle.cache.internal.DefaultCacheRepository$PersistentCacheBuilder.open(DefaultCacheRepository.java:117)
        at org.gradle.kotlin.dsl.cache.ScriptCache.cacheDirFor(ScriptCache.kt:67)
        at org.gradle.kotlin.dsl.provider.StandardKotlinScriptEvaluator$InterpreterHost.cacheDirFor(KotlinScriptEvaluator.kt:253)
        at org.gradle.kotlin.dsl.provider.StandardKotlinScriptEvaluator$InterpreterHost.cachedDirFor(KotlinScriptEvaluator.kt:242)
        at org.gradle.kotlin.dsl.execution.Interpreter$ProgramHost.compileSecondStageScript(Interpreter.kt:452)
        at Program.loadSecondStageFor(Unknown Source)
        at org.gradle.kotlin.dsl.execution.Interpreter$ProgramHost.evaluateSecondStageOf(Interpreter.kt:409)
        at Program.execute(Unknown Source)
        at org.gradle.kotlin.dsl.execution.Interpreter$ProgramHost.eval(Interpreter.kt:504)
        at org.gradle.kotlin.dsl.execution.Interpreter.eval(Interpreter.kt:182)
        at org.gradle.kotlin.dsl.provider.StandardKotlinScriptEvaluator.evaluate(KotlinScriptEvaluator.kt:114)
        at org.gradle.kotlin.dsl.provider.KotlinScriptPluginFactory$create$1.invoke(KotlinScriptPluginFactory.kt:51)
        at org.gradle.kotlin.dsl.provider.KotlinScriptPluginFactory$create$1.invoke(KotlinScriptPluginFactory.kt:36)
        at org.gradle.kotlin.dsl.provider.KotlinScriptPlugin.apply(KotlinScriptPlugin.kt:34)
        at org.gradle.configuration.BuildOperationScriptPlugin$1$1.run(BuildOperationScriptPlugin.java:69)
        at org.gradle.internal.operations.DefaultBuildOperationExecutor$RunnableBuildOperationWorker.execute(DefaultBuildOperationExecutor.java:301)
        at org.gradle.internal.operations.DefaultBuildOperationExecutor$RunnableBuildOperationWorker.execute(DefaultBuildOperationExecutor.java:293)
        at org.gradle.internal.operations.DefaultBuildOperationExecutor.execute(DefaultBuildOperationExecutor.java:175)
        at org.gradle.internal.operations.DefaultBuildOperationExecutor.run(DefaultBuildOperationExecutor.java:91)
        at org.gradle.internal.operations.DelegatingBuildOperationExecutor.run(DelegatingBuildOperationExecutor.java:31)
        at org.gradle.configuration.BuildOperationScriptPlugin$1.execute(BuildOperationScriptPlugin.java:66)
        at org.gradle.configuration.BuildOperationScriptPlugin$1.execute(BuildOperationScriptPlugin.java:63)
        at org.gradle.configuration.internal.DefaultUserCodeApplicationContext.apply(DefaultUserCodeApplicationContext.java:48)
        at org.gradle.configuration.BuildOperationScriptPlugin.apply(BuildOperationScriptPlugin.java:63)
        at org.gradle.configuration.project.BuildScriptProcessor$1.run(BuildScriptProcessor.java:44)
        at org.gradle.internal.Factories$1.create(Factories.java:25)
        at org.gradle.api.internal.project.DefaultProjectStateRegistry$ProjectStateImpl.withMutableState(DefaultProjectStateRegistry.java:200)
        at org.gradle.api.internal.project.DefaultProjectStateRegistry$ProjectStateImpl.withMutableState(DefaultProjectStateRegistry.java:186)
        at org.gradle.configuration.project.BuildScriptProcessor.execute(BuildScriptProcessor.java:41)
        at org.gradle.configuration.project.BuildScriptProcessor.execute(BuildScriptProcessor.java:26)
        at org.gradle.configuration.project.ConfigureActionsProjectEvaluator.evaluate(ConfigureActionsProjectEvaluator.java:34)
        at org.gradle.configuration.project.LifecycleProjectEvaluator$EvaluateProject$1.run(LifecycleProjectEvaluator.java:107)
        ... 94 more
Caused by: java.lang.IllegalStateException: Backend Internal error: Exception during code generation
Cause: Error generating constructors of class JacocoFileHolder with kind IMPLEMENTATION
File being compiled at position: file:///private/var/folders/rt/_6qdl4_n083d2ppyp0290x2c0000gn/T/gradle-kotlin-dsl-11393771023025115406.tmp/root-dependency-viewer.gradle.kts
The root cause was thrown at: ImplementationBodyCodegen.java:460
        at org.jetbrains.kotlin.codegen.CompilationErrorHandler.lambda$static$0(CompilationErrorHandler.java:24)
        at org.jetbrains.kotlin.codegen.PackageCodegenImpl.generate(PackageCodegenImpl.java:74)
        at org.jetbrains.kotlin.codegen.DefaultCodegenFactory.generatePackage(CodegenFactory.kt:97)
        at org.jetbrains.kotlin.codegen.DefaultCodegenFactory.generateModule(CodegenFactory.kt:68)
        at org.jetbrains.kotlin.codegen.KotlinCodegenFacade.doGenerateFiles(KotlinCodegenFacade.java:47)
        at org.jetbrains.kotlin.codegen.KotlinCodegenFacade.compileCorrectFiles(KotlinCodegenFacade.java:39)
        at org.jetbrains.kotlin.cli.jvm.compiler.KotlinToJVMBytecodeCompiler.generate(KotlinToJVMBytecodeCompiler.kt:446)
        at org.jetbrains.kotlin.cli.jvm.compiler.KotlinToJVMBytecodeCompiler.analyzeAndGenerate(KotlinToJVMBytecodeCompiler.kt:354)
        at org.jetbrains.kotlin.cli.jvm.compiler.KotlinToJVMBytecodeCompiler.compileBunchOfSources(KotlinToJVMBytecodeCompiler.kt:246)
        at org.gradle.kotlin.dsl.support.KotlinCompilerKt.compileKotlinScriptToDirectory(KotlinCompiler.kt:96)
        at org.gradle.kotlin.dsl.execution.ResidualProgramCompiler$compileScript$1.invoke(ResidualProgramCompiler.kt:562)
        at org.gradle.kotlin.dsl.execution.ResidualProgramCompiler$compileScript$1.invoke(ResidualProgramCompiler.kt:93)
        at org.gradle.kotlin.dsl.provider.StandardKotlinScriptEvaluator$InterpreterHost$runCompileBuildOperation$1.call(KotlinScriptEvaluator.kt:162)
        at org.gradle.kotlin.dsl.provider.StandardKotlinScriptEvaluator$InterpreterHost$runCompileBuildOperation$1.call(KotlinScriptEvaluator.kt:159)
        at org.gradle.internal.operations.DefaultBuildOperationExecutor$CallableBuildOperationWorker.execute(DefaultBuildOperationExecutor.java:315)
        at org.gradle.internal.operations.DefaultBuildOperationExecutor$CallableBuildOperationWorker.execute(DefaultBuildOperationExecutor.java:305)
        at org.gradle.internal.operations.DefaultBuildOperationExecutor.execute(DefaultBuildOperationExecutor.java:175)
        at org.gradle.internal.operations.DefaultBuildOperationExecutor.call(DefaultBuildOperationExecutor.java:101)
        at org.gradle.internal.operations.DelegatingBuildOperationExecutor.call(DelegatingBuildOperationExecutor.java:36)
        at org.gradle.kotlin.dsl.provider.StandardKotlinScriptEvaluator$InterpreterHost.runCompileBuildOperation(KotlinScriptEvaluator.kt:159)
        at org.gradle.kotlin.dsl.execution.Interpreter$ProgramHost$compileSecondStageScript$cacheDir$1$1$1$1$1.invoke(Interpreter.kt:482)
        at org.gradle.kotlin.dsl.execution.Interpreter$ProgramHost$compileSecondStageScript$cacheDir$1$1$1$1$1.invoke(Interpreter.kt:355)
        at org.gradle.kotlin.dsl.execution.ResidualProgramCompiler.compileScript(ResidualProgramCompiler.kt:561)
        at org.gradle.kotlin.dsl.execution.ResidualProgramCompiler.compileScript$default(ResidualProgramCompiler.kt:559)
        at org.gradle.kotlin.dsl.execution.ResidualProgramCompiler.emitStage2ProgramFor(ResidualProgramCompiler.kt:243)
        at org.gradle.kotlin.dsl.execution.Interpreter$ProgramHost$compileSecondStageScript$cacheDir$1.invoke(Interpreter.kt:483)
        at org.gradle.kotlin.dsl.execution.Interpreter$ProgramHost$compileSecondStageScript$cacheDir$1.invoke(Interpreter.kt:355)
        at org.gradle.kotlin.dsl.cache.ScriptCache.initializeCacheDir(ScriptCache.kt:113)
        at org.gradle.kotlin.dsl.cache.ScriptCache.access$initializeCacheDir(ScriptCache.kt:37)
        at org.gradle.kotlin.dsl.cache.ScriptCache$cacheDirFor$1.execute(ScriptCache.kt:60)
        at org.gradle.kotlin.dsl.cache.ScriptCache$cacheDirFor$1.execute(ScriptCache.kt:37)
        at org.gradle.cache.internal.DefaultPersistentDirectoryCache$Initializer.initialize(DefaultPersistentDirectoryCache.java:98)
        at org.gradle.cache.internal.FixedSharedModeCrossProcessCacheAccess$1.run(FixedSharedModeCrossProcessCacheAccess.java:85)
        at org.gradle.cache.internal.DefaultFileLockManager$DefaultFileLock.doWriteAction(DefaultFileLockManager.java:207)
        at org.gradle.cache.internal.DefaultFileLockManager$DefaultFileLock.writeFile(DefaultFileLockManager.java:197)
        at org.gradle.cache.internal.FixedSharedModeCrossProcessCacheAccess.open(FixedSharedModeCrossProcessCacheAccess.java:83)
        at org.gradle.cache.internal.DefaultCacheAccess.open(DefaultCacheAccess.java:141)
        at org.gradle.cache.internal.DefaultPersistentDirectoryStore.open(DefaultPersistentDirectoryStore.java:78)
        ... 129 more
Caused by: java.lang.RuntimeException: Error generating constructors of class JacocoFileHolder with kind IMPLEMENTATION
        at org.jetbrains.kotlin.codegen.ImplementationBodyCodegen.generateConstructors(ImplementationBodyCodegen.java:460)
        at org.jetbrains.kotlin.codegen.ClassBodyCodegen.generateBody(ClassBodyCodegen.java:83)
        at org.jetbrains.kotlin.codegen.MemberCodegen.generate(MemberCodegen.java:127)
        at org.jetbrains.kotlin.codegen.MemberCodegen.genClassOrObject(MemberCodegen.java:300)
        at org.jetbrains.kotlin.codegen.MemberCodegen.genClassOrObject(MemberCodegen.java:284)
        at org.jetbrains.kotlin.codegen.MemberCodegen.genClassOrObject(MemberCodegen.java:310)
        at org.jetbrains.kotlin.codegen.ScriptCodegen.genMembers(ScriptCodegen.kt:232)
        at org.jetbrains.kotlin.codegen.ScriptCodegen.generateBody(ScriptCodegen.kt:56)
        at org.jetbrains.kotlin.codegen.MemberCodegen.generate(MemberCodegen.java:127)
        at org.jetbrains.kotlin.codegen.PackageCodegenImpl.generateFile(PackageCodegenImpl.java:115)
        at org.jetbrains.kotlin.codegen.PackageCodegenImpl.generate(PackageCodegenImpl.java:66)
        ... 165 more
Caused by: java.lang.UnsupportedOperationException: Don't know how to generate outer expression for public constructor JacocoFileHolder(additionalSourceDirs: org.gradle.api.file.FileCollection = ..., sourceDirectories: org.gradle.api.file.FileCollection = ..., classDirectories: org.gradle.api.file.FileCollection = ...) defined in Root_dependency_viewer_gradle.JacocoFileHolder[ClassConstructorDescriptorImpl@3f6f8080]
        at org.jetbrains.kotlin.codegen.context.ConstructorContext.getOuterExpression(ConstructorContext.java:45)
        at org.jetbrains.kotlin.codegen.ExpressionCodegen.generateScriptReceiver(ExpressionCodegen.java:2782)
        at org.jetbrains.kotlin.codegen.ExpressionCodegen.generateReceiverValue(ExpressionCodegen.java:2686)
        at org.jetbrains.kotlin.codegen.StackValue.genReceiver(StackValue.java:823)
        at org.jetbrains.kotlin.codegen.StackValue.receiver(StackValue.java:799)
        at org.jetbrains.kotlin.codegen.ExpressionCodegen.putReceiverAndInlineMarkerIfNeeded(ExpressionCodegen.java:2508)
        at org.jetbrains.kotlin.codegen.ExpressionCodegen.invokeMethodWithArguments(ExpressionCodegen.java:2439)
        at org.jetbrains.kotlin.codegen.ExpressionCodegen.invokeMethodWithArguments(ExpressionCodegen.java:2420)
        at org.jetbrains.kotlin.codegen.Callable$invokeMethodWithArguments$1.invoke(Callable.kt:41)
        at org.jetbrains.kotlin.codegen.Callable$invokeMethodWithArguments$1.invoke(Callable.kt:13)
        at org.jetbrains.kotlin.codegen.OperationStackValue.putSelector(StackValue.kt:79)
        at org.jetbrains.kotlin.codegen.StackValue.put(StackValue.java:112)
        at org.jetbrains.kotlin.codegen.StackValue.put(StackValue.java:101)
        at org.jetbrains.kotlin.codegen.StackValue.store(StackValue.java:144)
        at org.jetbrains.kotlin.codegen.StackValue.store(StackValue.java:133)
        at org.jetbrains.kotlin.codegen.FunctionCodegen.generateDefaultImplBody(FunctionCodegen.java:1267)
        at org.jetbrains.kotlin.codegen.FunctionCodegen.generateDefaultIfNeeded(FunctionCodegen.java:1206)
        at org.jetbrains.kotlin.codegen.ConstructorCodegen.generatePrimaryConstructor(ConstructorCodegen.java:109)
        at org.jetbrains.kotlin.codegen.ImplementationBodyCodegen.generateConstructors(ImplementationBodyCodegen.java:449)
        ... 175 more


* Get more help at https://help.gradle.org

BUILD FAILED in 1s
</pre>
</details>

### Context

A more useful exception describing what when wrong and why would be useful for new developers.

### Your Environment

```
------------------------------------------------------------
Gradle 5.0-rc-1
------------------------------------------------------------

Build time:   2018-10-30 13:59:22 UTC
Revision:     0b94d7e5908d1d96b8a353d1f28d9c443d767327

Kotlin DSL:   1.0-rc-14
Kotlin:       1.3.0
Groovy:       2.5.3
Ant:          Apache Ant(TM) version 1.9.13 compiled on July 10 2018
JVM:          10.0.1 ("Oracle Corporation" 10.0.1+10)
OS:           Mac OS X 10.14 x86_64
```

See https://youtrack.jetbrains.com/issue/KT-27747
in order to consume less resources on a developer machine.

See [KT-27742: Properly merge the gradle jvm options then passing it to the gradle kotlin build script dependencies resolver](https://youtrack.jetbrains.com/issue/KT-27742)

This example can be found here at the provided branch:
https://github.com/GradleWeaver/simple-jlink/tree/crashing-example

(The branch is called "crashing-example" because **before** I updated my IJ kotlin plugin, IJ was hanging requiring a restart because of this issue.)

This is the extension I have declared:
```kotlin
open class JLinkExtension
@Inject
internal constructor(
        project: Project
) {
    val configure: NamedDomainObjectContainer<JLinkOptions> = project.container(JLinkOptions::class.java) { name ->
        JLinkOptions(name = name)
    }
}
```
This is the usage of said extension (found at `samples/simple-jar/build.gradle.kts` in the above repo)
```kotlin
jlink {
    configure {
    }
}
```

It seems that `configure` is resolving to the wrong overload in Gradle.
It's not using the `NamedDomainObjectContainer.invoke` method but is instead calling `Project.configure`.

### Your Environment
```
------------------------------------------------------------
Gradle 4.10.2
------------------------------------------------------------

Build time:   2018-09-19 18:10:15 UTC
Revision:     b4d8d5d170bb4ba516e88d7fe5647e2323d791dd

Kotlin DSL:   1.0-rc-6
Kotlin:       1.2.61
Groovy:       2.4.15
Ant:          Apache Ant(TM) version 1.9.11 compiled on March 23 2018
JVM:          10.0.1 ("Oracle Corporation" 10.0.1+10)
OS:           Mac OS X 10.14 x86_64

```

Only Kotlin syntax highlighting is supported for now.

See https://youtrack.jetbrains.com/issue/CPP-14307
Code completion for extension methods defined in the same source set doesn't work for precompiled script plugins.

### Expected Behavior
When trying to use an extension function, Intellij completes the name of the function.

### Current Behavior
When I type in the name of the extension function, Intellij highlights it correctly and I can navigate to the source code:
![image](https://user-images.githubusercontent.com/423186/46125670-6ee95300-c22a-11e8-8670-1b9f1b4e1e7f.png)

Only typing part of the name doesn't show any completions:
![image](https://user-images.githubusercontent.com/423186/46125682-8294b980-c22a-11e8-9a09-7bffa0e02080.png)

### Context
I was converting code from `build.gradle.kts` first into an extension function and then into a precompiled script plugin, which uses the extension function.

### Steps to Reproduce (for bugs)
Here is the project I have been using: https://github.com/gradle/kotlin-dsl/blob/wolfs/jugm2018-talk/samples/hello-world/buildSrc/src/main/kotlin/my-plugin.gradle.kts

It is an adjusted version of the `hello-world` sample.

### Your Environment
I am using Gradle 4.10.2, IntelliJ IDEA 2018.3 EAP (Ultimate Edition) Build #IU-183.2635.13 and the Kotlin plugin 1.3-M2-release-IJ2018.3-1.
As a Kotlin learner I use sometimes the "Show Kotlin Bytecode" -> Decompile feature in IntelliJ to see the Java source code.
![bildschirmfoto 2018-09-17 um 14 47 39](https://user-images.githubusercontent.com/10229883/45623750-a4eb4200-ba88-11e8-8856-17342c1520ab.png)
![bildschirmfoto 2018-09-17 um 14 47 48](https://user-images.githubusercontent.com/10229883/45623758-ab79b980-ba88-11e8-901d-73f8f489844e.png)

Unfortunately IntelliJ doesn't recognize my `build.gradle.kts` file as Kotlin Source File which means the decompiled version is empty:
![bildschirmfoto 2018-09-17 um 14 48 47](https://user-images.githubusercontent.com/10229883/45623804-cd733c00-ba88-11e8-9ec6-0152d31151ce.png)
(No, my `build.gradle.kts` is not empty üòπ)

I don't know if this is an IntelliJ / Kotlin or Kotlin Plugin issue or an Kotlin DSL issue which just needs to report IntelliJ somehow that this is a Kotlin file ü§∑‚Äç‚ôÇÔ∏è 
Feel free to create a issue in the Kotlin Tracker or IntelliJ Tracker... 

### Expected Behavior
The decompiled version should show the Java Code from the decompiled Kotlin code.

### Current Behavior
The decompiled version is empty.

### Context
See the description above üëÜ 

### Steps to Reproduce (for bugs)
Create a `build.gradle.kts` and write something in it.
Open this in IntelliJ and press CMD + Shift + A (on a Mac) and search for "Show Kotlin Bytecode".
Press it.
A window appear where you can click "Decompile".
Click it.
A new file appear which is empty.

### Your Environment
IntelliJ IDEA 2018.2.3 (Community Edition)
Build #IC-182.4323.46, built on September 3, 2018
JRE: 1.8.0_152-release-1248-b8 x86_64
JVM: OpenJDK 64-Bit Server VM by JetBrains s.r.o
macOS 10.13.6
