Followed instrauction on https://github.com/xialuxi/AMSoftmax

Hi, I compiled your repository as your described, I did as follow

1.) I downloaded the repository ) https://github.com/xialuxi/AMSoftmax project
2.) ın the caffe windows directory I changed the make.config  as  described caffe installation
   2.1) cd caffe-windows
   2.2) for req in $(cat python/requirements.txt); do pip install  --trusted-host pypi.python.org  $req; done
  2.3) cp Makefile.config.example Makefile.config
  2.4)gedit Makefile.config 
	USE_CUDNN := 1
	OPENCV_VERSION := 3
	PYTHON_INCLUDE := /usr/include/python2.7 \
		/usr/local/lib/python2.7/dist-packages/numpy/core/include
	INCLUDE_DIRS := $(PYTHON_INCLUDE) /usr/local/include /usr/include/hdf5/serial  
	LIBRARY_DIRS := $(PYTHON_LIB) /usr/local/lib /usr/lib /usr/lib/x86_64-linux-gnu /usr/lib/x86_64-linux-gnu/hdf5/serial 
3 )  Copy cosin_add_m_layer.hpp to the directory: ./caffe/include/caffe/layers/
4) Copy cosin_add_m_layer.cpp and cosin_add_m_layer.cu to the directory: ./caffe/src/caffe/layers/
5) According to the proto file, modify the ./caffe/src/caffe/proto/caffe.proto file accordingly.
6) Also I copy combined_margin_layer.cpp, 
 combined_margin_layer.cu and combined_margin_layer.hpp  in  the https://github.com/gehaocool/CombinedMargin-caffe as descrbed in the step 3 and 4 places
6) make -j8
7.) make py 
8.) make test -j8
But after these step when I run the following command 
make runtest -j8
This failed for some layer testing. Therefore I did not run your repository. I miss something can you correct me in the compilation steps. 

Thank you for your time..

您好，首先感谢您的分享，让我受益匪浅。但是由于现在python已经不对2.7进行太多的更新，我想使用3.5，我用您这个编译的时候提示我没有python2.7.lib，请问改动哪里可以修改编译的python版本，是否需要重新编译某些库来支持python3.5。谢谢您~
“C:\Users\Microsoft\Desktop\caffe-linux2Windows\build\ALL_BUILD.vcxproj”(默认目标) (1) ->
“C:\Users\Microsoft\Desktop\caffe-linux2Windows\build\python\pycaffe.vcxproj”(默认目标) (23) ->
(ClCompile 目标) ->
  C:\Users\Microsoft\Desktop\caffe-linux2Windows\python\caffe\_caffe.cpp(100): error C2143: 语法错误: 缺少“)”(在“(”的前面) [C:\Us
ers\Microsoft\Desktop\caffe-linux2Windows\build\python\pycaffe.vcxproj]
  C:\Users\Microsoft\Desktop\caffe-linux2Windows\python\caffe\_caffe.cpp(100): error C2206: “InitLogLevelPipe”: typedef
 不能用于函数定义 [C:\Users\Microsoft\Desktop\caffe-linux2Windows\build\python\pycaffe.vcxproj]
  C:\Users\Microsoft\Desktop\caffe-linux2Windows\python\caffe\_caffe.cpp(100): error C2059: 语法错误:“)” [C:\Users\Microsof
t\Desktop\caffe-linux2Windows\build\python\pycaffe.vcxproj]
  C:\Users\Microsoft\Desktop\caffe-linux2Windows\python\caffe\_caffe.cpp(100): error C2448: “InitLogLevelPipe”: 函数样式初始值
设定项类似函数定义 [C:\Users\Microsoft\Desktop\caffe-linux2Windows\build\python\pycaffe.vcxproj]
  C:\Users\Microsoft\Desktop\caffe-linux2Windows\python\caffe\_caffe.cpp(428): error C2065: “InitLogLevelPipe”: 未声明的标识符
 [C:\Users\Microsoft\Desktop\caffe-linux2Windows\build\python\pycaffe.vcxproj]
请问这是什么原因导致的？
Severity	Code	Description	Project	File	Line	Suppression State
Error	MSB3721	The command ""C:\Program Files\NVIDIA GPU Computing Toolkit\CUDA\v10.0\bin\nvcc.exe" -gencode=arch=compute_64,code=\"sm_64,compute_64\" -gencode=arch=compute_75,code=\"sm_75,compute_75\" --use-local-env -ccbin "C:\Program Files (x86)\Microsoft Visual Studio 14.0\VC\bin\x86_amd64" -x cu  -I"C:\VSProjects\caffe-widows\windows\libcaffe\\..\..\src\\" -I"C:\Program Files\NVIDIA GPU Computing Toolkit\CUDA\v10.0\include" -I"C:\Program Files\NVIDIA GPU Computing Toolkit\CUDA\v10.0\include"  -G -lineinfo  --keep-dir C:\VSProjects\caffe-widows\windows\..\Build\Int\libcaffe\x64\Debug -maxrregcount=0  --machine 64 --compile -cudart static -Xcudafe "--diag_suppress=exception_spec_override_incompat --diag_suppress=useless_using_declaration --diag_suppress=field_without_dll_interface" -D_SCL_SECURE_NO_WARNINGS -DGFLAGS_DLL_DECL= -g   -D_DEBUG -D_SCL_SECURE_NO_WARNINGS -DUSE_OPENCV -DUSE_LEVELDB -DUSE_LMDB -DMATLAB_MEX_FILE -DWITH_PYTHON_LAYER -DBOOST_PYTHON_STATIC_LIB -DUSE_NCCL -DUSE_CUDNN -D_UNICODE -DUNICODE -Xcompiler "/EHsc /W1 /nologo /Od /FdC:\VSProjects\caffe-widows\windows\..\Build\Int\libcaffe\x64\Debug\libcaffe.pdb /FS /Zi /RTC1 /MDd " -o C:\VSProjects\caffe-widows\windows\..\Build\Int\libcaffe\x64\Debug\absval_layer.cu.obj "C:\VSProjects\caffe-widows\src\caffe\layers\absval_layer.cu"" exited with code 1.	libcaffe	C:\Program Files (x86)\MSBuild\Microsoft.Cpp\v4.0\V140\BuildCustomizations\CUDA 10.0.targets	712	

是这个版本不支持cuda10么？
hi !
i am trying to use this caffe to do some ssd work
i get a problem when i am tryting to create lmdb data using create_data.bat which is in the caffe-ssd-microsoft, the err is:
```
  File "E:\proj\caffe\caffe-windows-ms-ssd\caffe-windows-ms\scripts\create_annoset.py", line 103, in <module>
    label_map = caffe_pb2.LabelMap()
AttributeError: 'module' object has no attribute 'LabelMap'
```
i checked caffe_pb2.py and found no LabelMap() in it
i am sure the python path is correct and i think the problem is in my pycaffe
can someone explain how does pycaffe work or just tell me how to fix it

将blvc版本caffe关于softmax-loss layer 文件替换到caffe-windwos 可以解决问题
fatal error: caffe/proto/caffe.pb.h: No such file or directory
Can you tell me where can I find the file?
怎么修改能让3.5通过编译呢
I want to compile CPU caffe,and  as you can see I set all of parameters about CUDA as "false" like below

![image](https://user-images.githubusercontent.com/30818917/53861045-e911d500-401d-11e9-867c-d7dec24e638a.png)
![image](https://user-images.githubusercontent.com/30818917/53861056-f29b3d00-401d-11e9-8791-48af9094efb1.png)
![image](https://user-images.githubusercontent.com/30818917/53861068-fcbd3b80-401d-11e9-928e-1609f667b358.png)
![image](https://user-images.githubusercontent.com/30818917/53861083-06df3a00-401e-11e9-9fe3-8caea4aed527.png)
![image](https://user-images.githubusercontent.com/30818917/53861097-1068a200-401e-11e9-8b01-35dd3b72d026.png)
![image](https://user-images.githubusercontent.com/30818917/53861111-1b233700-401e-11e9-92ea-deb55b393285.png)
![image](https://user-images.githubusercontent.com/30818917/53861115-22e2db80-401e-11e9-893a-f487d05a1bfc.png)

BUT when I start to complie the libcaffe ,the error about CUDA is still happened .
![image](https://user-images.githubusercontent.com/30818917/53860985-b4058280-401d-11e9-9884-77aaa092b297.png)
I do not understand what is wrong ,can you give me some suggestions? thanks a lot