when i input the command: make, i got this error:
/home/zengjun/ShenLanCourse/VIO/VINS-Course/src/camera_models/chessboard/Chessboard.cc: In member function ‘void camodocal::Chessboard::labelQuadGroup(std::vector<boost::shared_ptr<camodocal::ChessboardQuad> >&, cv::Size, bool)’:
/home/zengjun/ShenLanCourse/VIO/VINS-Course/src/camera_models/chessboard/Chessboard.cc:681:45: warning: ‘quadID’ may be used uninitialized in this function [-Wmaybe-uninitialized]
                             quadGroup[quadID]->corners[cornerID]->needsNeighbor = false;
                                             ^
/home/zengjun/ShenLanCourse/VIO/VINS-Course/src/camera_models/chessboard/Chessboard.cc:681:65: warning: ‘cornerID’ may be used uninitialized in this function [-Wmaybe-uninitialized]
                             quadGroup[quadID]->corners[cornerID]->needsNeighbor = false;
                                                                 ^
[ 18%] Building CXX object CMakeFiles/camera_model.dir/src/camera_models/camera_models/CataCamera.cc.o
[ 21%] Building CXX object CMakeFiles/camera_model.dir/src/camera_models/camera_models/EquidistantCamera.cc.o
[ 24%] Building CXX object CMakeFiles/camera_model.dir/src/camera_models/camera_models/ScaramuzzaCamera.cc.o
/home/zengjun/ShenLanCourse/VIO/VINS-Course/src/camera_models/camera_models/EquidistantCamera.cc: In member function ‘virtual void camodocal::EquidistantCamera::readParameters(const std::vector<double>&)’:
/home/zengjun/ShenLanCourse/VIO/VINS-Course/src/camera_models/camera_models/EquidistantCamera.cc:637:29: warning: comparison between signed and unsigned integer expressions [-Wsign-compare]
     if (parameterVec.size() != parameterCount())
                             ^
[ 27%] Building CXX object CMakeFiles/camera_model.dir/src/camera_models/sparse_graph/Transform.cc.o
[ 29%] Building CXX object CMakeFiles/camera_model.dir/src/camera_models/gpl/gpl.cc.o
/home/zengjun/ShenLanCourse/VIO/VINS-Course/src/camera_models/gpl/gpl.cc: In function ‘void camodocal::UTMtoLL(double, double, const string&, double&, double&)’:
/home/zengjun/ShenLanCourse/VIO/VINS-Course/src/camera_models/gpl/gpl.cc:842:16: warning: variable ‘phi1’ set but not used [-Wunused-but-set-variable]
     double mu, phi1, phi1Rad;
                ^
/home/zengjun/ShenLanCourse/VIO/VINS-Course/src/camera_models/gpl/gpl.cc:846:10: warning: variable ‘NorthernHemisphere’ set but not used [-Wunused-but-set-variable]
     bool NorthernHemisphere;
          ^
[ 32%] Building CXX object CMakeFiles/camera_model.dir/src/camera_models/gpl/EigenQuaternionParameterization.cc.o
[ 35%] Linking CXX shared library ../bin/libcamera_model.so
[ 35%] Built target camera_model
[ 37%] Linking CXX shared library ../bin/libMyVio.so
[ 89%] Built target MyVio
[ 91%] Linking CXX executable ../bin/testCurveFitting
[ 94%] Linking CXX executable ../bin/run_euroc
/opt/ros/kinetic/lib/x86_64-linux-gnu/libopencv_imgcodecs3.so.3.3.1：对‘TIFFReadRGBAStrip@LIBTIFF_4.0’未定义的引用
/opt/ros/kinetic/lib/x86_64-linux-gnu/libopencv_imgcodecs3.so.3.3.1：对‘TIFFReadDirectory@LIBTIFF_4.0’未定义的引用
/opt/ros/kinetic/lib/x86_64-linux-gnu/libopencv_imgcodecs3.so.3.3.1：对‘TIFFWriteEncodedStrip@LIBTIFF_4.0’未定义的引用
/opt/ros/kinetic/lib/x86_64-linux-gnu/libopencv_imgcodecs3.so.3.3.1：对‘TIFFIsTiled@LIBTIFF_4.0’未定义的引用
/opt/ros/kinetic/lib/x86_64-linux-gnu/libopencv_imgcodecs3.so.3.3.1：对‘TIFFWriteScanline@LIBTIFF_4.0’未定义的引用
/opt/ros/kinetic/lib/x86_64-linux-gnu/libopencv_imgcodecs3.so.3.3.1：对‘TIFFGetField@LIBTIFF_4.0’未定义的引用
/opt/ros/kinetic/lib/x86_64-linux-gnu/libopencv_imgcodecs3.so.3.3.1：对‘TIFFNumberOfStrips@LIBTIFF_4.0’未定义的引用
/opt/ros/kinetic/lib/x86_64-linux-gnu/libopencv_imgcodecs3.so.3.3.1：对‘TIFFScanlineSize@LIBTIFF_4.0’未定义的引用
/opt/ros/kinetic/lib/x86_64-linux-gnu/libopencv_imgcodecs3.so.3.3.1：对‘TIFFReadEncodedTile@LIBTIFF_4.0’未定义的引用
/opt/ros/kinetic/lib/x86_64-linux-gnu/libopencv_imgcodecs3.so.3.3.1：对‘TIFFReadRGBATile@LIBTIFF_4.0’未定义的引用
/opt/ros/kinetic/lib/x86_64-linux-gnu/libopencv_imgcodecs3.so.3.3.1：对‘TIFFClose@LIBTIFF_4.0’未定义的引用
/opt/ros/kinetic/lib/x86_64-linux-gnu/libopencv_imgcodecs3.so.3.3.1：对‘TIFFClientOpen@LIBTIFF_4.0’未定义的引用
/opt/ros/kinetic/lib/x86_64-linux-gnu/libopencv_imgcodecs3.so.3.3.1：对‘TIFFRGBAImageOK@LIBTIFF_4.0’未定义的引用
/opt/ros/kinetic/lib/x86_64-linux-gnu/libopencv_imgcodecs3.so.3.3.1：对‘TIFFOpen@LIBTIFF_4.0’未定义的引用
/opt/ros/kinetic/lib/x86_64-linux-gnu/libopencv_imgcodecs3.so.3.3.1：对‘TIFFReadEncodedStrip@LIBTIFF_4.0’未定义的引用
/opt/ros/kinetic/lib/x86_64-linux-gnu/libopencv_imgcodecs3.so.3.3.1：对‘TIFFSetField@LIBTIFF_4.0’未定义的引用
/opt/ros/kinetic/lib/x86_64-linux-gnu/libopencv_imgcodecs3.so.3.3.1：对‘TIFFSetWarningHandler@LIBTIFF_4.0’未定义的引用
/opt/ros/kinetic/lib/x86_64-linux-gnu/libopencv_imgcodecs3.so.3.3.1：对‘TIFFSetErrorHandler@LIBTIFF_4.0’未定义的引用
collect2: error: ld returned 1 exit status
/opt/ros/kinetic/lib/x86_64-linux-gnu/libopencv_imgcodecs3.so.3.3.1：对‘TIFFReadRGBAStrip@LIBTIFF_4.0’未定义的引用
/opt/ros/kinetic/lib/x86_64-linux-gnu/libopencv_imgcodecs3.so.3.3.1：对‘TIFFReadDirectory@LIBTIFF_4.0’未定义的引用
/opt/ros/kinetic/lib/x86_64-linux-gnu/libopencv_imgcodecs3.so.3.3.1：对‘TIFFWriteEncodedStrip@LIBTIFF_4.0’未定义的引用
/opt/ros/kinetic/lib/x86_64-linux-gnu/libopencv_imgcodecs3.so.3.3.1：对‘TIFFIsTiled@LIBTIFF_4.0’未定义的引用
/opt/ros/kinetic/lib/x86_64-linux-gnu/libopencv_imgcodecs3.so.3.3.1：对‘TIFFWriteScanline@LIBTIFF_4.0’未定义的引用
/opt/ros/kinetic/lib/x86_64-linux-gnu/libopencv_imgcodecs3.so.3.3.1：对‘TIFFGetField@LIBTIFF_4.0’未定义的引用
/opt/ros/kinetic/lib/x86_64-linux-gnu/libopencv_imgcodecs3.so.3.3.1：对‘TIFFNumberOfStrips@LIBTIFF_4.0’未定义的引用
/opt/ros/kinetic/lib/x86_64-linux-gnu/libopencv_imgcodecs3.so.3.3.1：对‘TIFFScanlineSize@LIBTIFF_4.0’未定义的引用
/opt/ros/kinetic/lib/x86_64-linux-gnu/libopencv_imgcodecs3.so.3.3.1：对‘TIFFReadEncodedTile@LIBTIFF_4.0’未定义的引用
/opt/ros/kinetic/lib/x86_64-linux-gnu/libopencv_imgcodecs3.so.3.3.1：对‘TIFFReadRGBATile@LIBTIFF_4.0’未定义的引用
/opt/ros/kinetic/lib/x86_64-linux-gnu/libopencv_imgcodecs3.so.3.3.1：对‘TIFFClose@LIBTIFF_4.0’未定义的引用
/opt/ros/kinetic/lib/x86_64-linux-gnu/libopencv_imgcodecs3.so.3.3.1：对‘TIFFClientOpen@LIBTIFF_4.0’未定义的引用
/opt/ros/kinetic/lib/x86_64-linux-gnu/libopencv_imgcodecs3.so.3.3.1：对‘TIFFRGBAImageOK@LIBTIFF_4.0’未定义的引用
/opt/ros/kinetic/lib/x86_64-linux-gnu/libopencv_imgcodecs3.so.3.3.1：对‘TIFFOpen@LIBTIFF_4.0’未定义的引用
/opt/ros/kinetic/lib/x86_64-linux-gnu/libopencv_imgcodecs3.so.3.3.1：对‘TIFFReadEncodedStrip@LIBTIFF_4.0’未定义的引用
/opt/ros/kinetic/lib/x86_64-linux-gnu/libopencv_imgcodecs3.so.3.3.1：对‘TIFFSetField@LIBTIFF_4.0’未定义的引用
/opt/ros/kinetic/lib/x86_64-linux-gnu/libopencv_imgcodecs3.so.3.3.1：对‘TIFFSetWarningHandler@LIBTIFF_4.0’未定义的引用
/opt/ros/kinetic/lib/x86_64-linux-gnu/libopencv_imgcodecs3.so.3.3.1：对‘TIFFSetErrorHandler@LIBTIFF_4.0’未定义的引用
CMakeFiles/testCurveFitting.dir/build.make:180: recipe for target '../bin/testCurveFitting' failed
make[2]: *** [../bin/testCurveFitting] Error 1
CMakeFiles/Makefile2:143: recipe for target 'CMakeFiles/testCurveFitting.dir/all' failed
make[1]: *** [CMakeFiles/testCurveFitting.dir/all] Error 2
make[1]: *** 正在等待未完成的任务....
collect2: error: ld returned 1 exit status
CMakeFiles/run_euroc.dir/build.make:180: recipe for target '../bin/run_euroc' failed
make[2]: *** [../bin/run_euroc] Error 1
CMakeFiles/Makefile2:105: recipe for target 'CMakeFiles/run_euroc.dir/all' failed
make[1]: *** [CMakeFiles/run_euroc.dir/all] Error 2
Makefile:83: recipe for target 'all' failed
make: *** [all] Error 2
zengjun@zengjun-MS-7A15:~/ShenLanCourse/VIO/VINS-Course/build$ make -j4
[ 35%] Built target camera_model
[ 89%] Built target MyVio
[ 91%] Linking CXX executable ../bin/testCurveFitting
[ 94%] Linking CXX executable ../bin/run_euroc
/opt/ros/kinetic/lib/x86_64-linux-gnu/libopencv_imgcodecs3.so.3.3.1：对‘TIFFReadRGBAStri@LIBTIFF_4.0’未定义的引用
/opt/ros/kinetic/lib/x86_64-linux-gnu/libopencv_imgcodecs3.so.3.3.1：对‘TIFFReadDirectorLIBTIFF_4.0’未定义的引用
/opt/ros/kinetic/lib/x86_64-linux-gnu/libopencv_imgcodecs3.so.3.3.1：对‘TIFFWriteEncodedStrip@LIBTIFF_4.0’未定义的引用
/opt/ros/kinetic/lib/x86_64-linux-gnu/libopencv_imgcodecs3.so.3.3.1：对‘TIFFIsTiled@LIBTF_4.0’未定义的引用
/opt/ros/kinetic/lib/x86_64-linux-gnu/libopencv_imgcodecs3.so.3.3.1：对‘TIFFWriteScanlinLIBTIFF_4.0’未定义的引用
/opt/ros/kinetic/lib/x86_64-linux-gnu/libopencv_imgcodecs3.so.3.3.1：对‘TIFFGetField@LIBFF_4.0’未定义的引用
/opt/ros/kinetic/lib/x86_64-linux-gnu/libopencv_imgcodecs3.so.3.3.1：对‘TIFFNumberOfStri@LIBTIFF_4.0’未定义的引用
/opt/ros/kinetic/lib/x86_64-linux-gnu/libopencv_imgcodecs3.so.3.3.1：对‘TIFFScanlineSizeIBTIFF_4.0’未定义的引用
/opt/ros/kinetic/lib/x86_64-linux-gnu/libopencv_imgcodecs3.so.3.3.1：对‘TIFFReadEncodedTe@LIBTIFF_4.0’未定义的引用
/opt/ros/kinetic/lib/x86_64-linux-gnu/libopencv_imgcodecs3.so.3.3.1：对‘TIFFReadRGBATileIBTIFF_4.0’未定义的引用
/opt/ros/kinetic/lib/x86_64-linux-gnu/libopencv_imgcodecs3.so.3.3.1：对‘TIFFClose@LIBTIF4.0’未定义的引用
/opt/ros/kinetic/lib/x86_64-linux-gnu/libopencv_imgcodecs3.so.3.3.1：对‘TIFFClientOpen@LTIFF_4.0’未定义的引用
/opt/ros/kinetic/lib/x86_64-linux-gnu/libopencv_imgcodecs3.so.3.3.1：对‘TIFFRGBAImageOK@BTIFF_4.0’未定义的引用
/opt/ros/kinetic/lib/x86_64-linux-gnu/libopencv_imgcodecs3.so.3.3.1：对‘TIFFOpen@LIBTIFF.0’未定义的引用
/opt/ros/kinetic/lib/x86_64-linux-gnu/libopencv_imgcodecs3.so.3.3.1：对‘TIFFReadEncodedSip@LIBTIFF_4.0’未定义的引用
/opt/ros/kinetic/lib/x86_64-linux-gnu/libopencv_imgcodecs3.so.3.3.1：对‘TIFFSetField@LIBFF_4.0’未定义的引用
/opt/ros/kinetic/lib/x86_64-linux-gnu/libopencv_imgcodecs3.so.3.3.1：对‘TIFFSetWarningHaler@LIBTIFF_4.0’未定义的引用
/opt/ros/kinetic/lib/x86_64-linux-gnu/libopencv_imgcodecs3.so.3.3.1：对‘TIFFSetErrorHandr@LIBTIFF_4.0’未定义的引用
collect2: error: ld returned 1 exit status
CMakeFiles/testCurveFitting.dir/build.make:180: recipe for target '../bin/testCurveFitting' failed
make[2]: *** [../bin/testCurveFitting] Error 1
CMakeFiles/Makefile2:143: recipe for target 'CMakeFiles/testCurveFitting.dir/all' failed
make[1]: *** [CMakeFiles/testCurveFitting.dir/all] Error 2
make[1]: *** 正在等待未完成的任务....
/opt/ros/kinetic/lib/x86_64-linux-gnu/libopencv_imgcodecs3.so.3.3.1：对‘TIFFReadRGBAStriLIBTIFF_4.0’未定义的引用
/opt/ros/kinetic/lib/x86_64-linux-gnu/libopencv_imgcodecs3.so.3.3.1：对‘TIFFReadDirectorLIBTIFF_4.0’未定义的引用
/opt/ros/kinetic/lib/x86_64-linux-gnu/libopencv_imgcodecs3.so.3.3.1：对‘TIFFWriteEncodedrip@LIBTIFF_4.0’未定义的引用
/opt/ros/kinetic/lib/x86_64-linux-gnu/libopencv_imgcodecs3.so.3.3.1：对‘TIFFIsTiled@LIBTF_4.0’未定义的引用
/opt/ros/kinetic/lib/x86_64-linux-gnu/libopencv_imgcodecs3.so.3.3.1：对‘TIFFWriteScanlinLIBTIFF_4.0’未定义的引用
/opt/ros/kinetic/lib/x86_64-linux-gnu/libopencv_imgcodecs3.so.3.3.1：对‘TIFFGetField@LIBFF_4.0’未定义的引用
/opt/ros/kinetic/lib/x86_64-linux-gnu/libopencv_imgcodecs3.so.3.3.1：对‘TIFFNumberOfStri@LIBTIFF_4.0’未定义的引用
/opt/ros/kinetic/lib/x86_64-linux-gnu/libopencv_imgcodecs3.so.3.3.1：对‘TIFFScanlineSizeIBTIFF_4.0’未定义的引用
/opt/ros/kinetic/lib/x86_64-linux-gnu/libopencv_imgcodecs3.so.3.3.1：对‘TIFFReadEncodedTile@LIBTIFF_4.0’未定义的引用
/opt/ros/kinetic/lib/x86_64-linux-gnu/libopencv_imgcodecs3.so.3.3.1：对‘TIFFReadRGBATileIBTIFF_4.0’未定义的引用
/opt/ros/kinetic/lib/x86_64-linux-gnu/libopencv_imgcodecs3.so.3.3.1：对‘TIFFClose@LIBTIF4.0’未定义的引用
/opt/ros/kinetic/lib/x86_64-linux-gnu/libopencv_imgcodecs3.so.3.3.1：对‘TIFFClientOpen@LTIFF_4.0’未定义的引用
/opt/ros/kinetic/lib/x86_64-linux-gnu/libopencv_imgcodecs3.so.3.3.1：对‘TIFFRGBAImageOK@BTIFF_4.0’未定义的引用
/opt/ros/kinetic/lib/x86_64-linux-gnu/libopencv_imgcodecs3.so.3.3.1：对‘TIFFOpen@LIBTIFF.0’未定义的引用
/opt/ros/kinetic/lib/x86_64-linux-gnu/libopencv_imgcodecs3.so.3.3.1：对‘TIFFReadEncodedSip@LIBTIFF_4.0’未定义的引用
/opt/ros/kinetic/lib/x86_64-linux-gnu/libopencv_imgcodecs3.so.3.3.1：对‘TIFFSetField@LIBFF_4.0’未定义的引用
/opt/ros/kinetic/lib/x86_64-linux-gnu/libopencv_imgcodecs3.so.3.3.1：对‘TIFFSetWarningHaler@LIBTIFF_4.0’未定义的引用
/opt/ros/kinetic/lib/x86_64-linux-gnu/libopencv_imgcodecs3.so.3.3.1：对‘TIFFSetErrorHandr@LIBTIFF_4.0’未定义的引用
collect2: error: ld returned 1 exit status
CMakeFiles/run_euroc.dir/build.make:180: recipe for target '../bin/run_euroc' failed
make[2]: *** [../bin/run_euroc] Error 1
CMakeFiles/Makefile2:105: recipe for target 'CMakeFiles/run_euroc.dir/all' failed
make[1]: *** [CMakeFiles/run_euroc.dir/all] Error 2
Makefile:83: recipe for target 'all' failed
make: *** [all] Error 2
zengjun@zengjun-MS-7A15:~/ShenLanCourse/VIO/VINS-Course/build$ make -j4
[ 35%] Built target camera_model
[ 89%] Built target MyVio
[ 91%] Linking CXX executable ../bin/testCurveFitting
[ 94%] Linking CXX executable ../bin/run_euroc
/opt/ros/kinetic/lib/x86_64-linux-gnu/libopencv_imgcodecs3.so.3.3.1：对‘TIFFReadRGBAStri@LIBTIFF_4.0’未定义的引用
/opt/ros/kinetic/lib/x86_64-linux-gnu/libopencv_imgcodecs3.so.3.3.1：对‘TIFFReadDirectorLIBTIFF_4.0’未定义的引用
/opt/ros/kinetic/lib/x86_64-linux-gnu/libopencv_imgcodecs3.so.3.3.1：对‘TIFFWriteEncodedrip@LIBTIFF_4.0’未定义的引用
/opt/ros/kinetic/lib/x86_64-linux-gnu/libopencv_imgcodecs3.so.3.3.1：对‘TIFFIsTiled@LIBTF_4.0’未定义的引用
/opt/ros/kinetic/lib/x86_64-linux-gnu/libopencv_imgcodecs3.so.3.3.1：对‘TIFFWriteScanline@LIBTIFF_4.0’未定义的引用
/opt/ros/kinetic/lib/x86_64-linux-gnu/libopencv_imgcodecs3.so.3.3.1：对‘TIFFGetField@LIBTIFF_4.0’未定义的引用
/opt/ros/kinetic/lib/x86_64-linux-gnu/libopencv_imgcodecs3.so.3.3.1：对‘TIFFNumberOfStri@LIBTIFF_4.0’未定义的引用
/opt/ros/kinetic/lib/x86_64-linux-gnu/libopencv_imgcodecs3.so.3.3.1：对‘TIFFScanlineSize@LIBTIFF_4.0’未定义的引用
/opt/ros/kinetic/lib/x86_64-linux-gnu/libopencv_imgcodecs3.so.3.3.1：对‘TIFFReadEncodedTle@LIBTIFF_4.0’未定义的引用
/opt/ros/kinetic/lib/x86_64-linux-gnu/libopencv_imgcodecs3.so.3.3.1：对‘TIFFReadRGBATile@LIBTIFF_4.0’未定义的引用
/opt/ros/kinetic/lib/x86_64-linux-gnu/libopencv_imgcodecs3.so.3.3.1：对‘TIFFClose@LIBTIFF_4.0’未定义的引用
/opt/ros/kinetic/lib/x86_64-linux-gnu/libopencv_imgcodecs3.so.3.3.1：对‘TIFFClientOpen@LIBTIFF_4.0’未定义的引用
/opt/ros/kinetic/lib/x86_64-linux-gnu/libopencv_imgcodecs3.so.3.3.1：对‘TIFFRGBAImageOK@BTIFF_4.0’未定义的引用
/opt/ros/kinetic/lib/x86_64-linux-gnu/libopencv_imgcodecs3.so.3.3.1：对‘TIFFOpen@LIBTIFF4.0’未定义的引用
/opt/ros/kinetic/lib/x86_64-linux-gnu/libopencv_imgcodecs3.so.3.3.1：对‘TIFFReadEncodedStrip@LIBTIFF_4.0’未定义的引用
/opt/ros/kinetic/lib/x86_64-linux-gnu/libopencv_imgcodecs3.so.3.3.1：对‘TIFFSetField@LIBFF_4.0’未定义的引用
/opt/ros/kinetic/lib/x86_64-linux-gnu/libopencv_imgcodecs3.so.3.3.1：对‘TIFFSetWarningHaler@LIBTIFF_4.0’未定义的引用
/opt/ros/kinetic/lib/x86_64-linux-gnu/libopencv_imgcodecs3.so.3.3.1：对‘TIFFSetErrorHandr@LIBTIFF_4.0’未定义的引用
collect2: error: ld returned 1 exit status
CMakeFiles/testCurveFitting.dir/build.make:180: recipe for target '../bin/testCurveFitting' failed
make[2]: *** [../bin/testCurveFitting] Error 1
CMakeFiles/Makefile2:143: recipe for target 'CMakeFiles/testCurveFitting.dir/all' failed
make[1]: *** [CMakeFiles/testCurveFitting.dir/all] Error 2
make[1]: *** 正在等待未完成的任务....
/opt/ros/kinetic/lib/x86_64-linux-gnu/libopencv_imgcodecs3.so.3.3.1：对‘TIFFReadRGBAStriLIBTIFF_4.0’未定义的引用
/opt/ros/kinetic/lib/x86_64-linux-gnu/libopencv_imgcodecs3.so.3.3.1：对‘TIFFReadDirectorLIBTIFF_4.0’未定义的引用
/opt/ros/kinetic/lib/x86_64-linux-gnu/libopencv_imgcodecs3.so.3.3.1：对‘TIFFWriteEncodedrip@LIBTIFF_4.0’未定义的引用
/opt/ros/kinetic/lib/x86_64-linux-gnu/libopencv_imgcodecs3.so.3.3.1：对‘TIFFIsTiled@LIBTF_4.0’未定义的引用
/opt/ros/kinetic/lib/x86_64-linux-gnu/libopencv_imgcodecs3.so.3.3.1：对‘TIFFWriteScanlinLIBTIFF_4.0’未定义的引用
/opt/ros/kinetic/lib/x86_64-linux-gnu/libopencv_imgcodecs3.so.3.3.1：对‘TIFFGetField@LIBFF_4.0’未定义的引用
/opt/ros/kinetic/lib/x86_64-linux-gnu/libopencv_imgcodecs3.so.3.3.1：对‘TIFFNumberOfStri@LIBTIFF_4.0’未定义的引用
/opt/ros/kinetic/lib/x86_64-linux-gnu/libopencv_imgcodecs3.so.3.3.1：对‘TIFFScanlineSizeIBTIFF_4.0’未定义的引用
/opt/ros/kinetic/lib/x86_64-linux-gnu/libopencv_imgcodecs3.so.3.3.1：对‘TIFFReadEncodedTe@LIBTIFF_4.0’未定义的引用
/opt/ros/kinetic/lib/x86_64-linux-gnu/libopencv_imgcodecs3.so.3.3.1：对‘TIFFReadRGBATileIBTIFF_4.0’未定义的引用
/opt/ros/kinetic/lib/x86_64-linux-gnu/libopencv_imgcodecs3.so.3.3.1：对‘TIFFClose@LIBTIF4.0’未定义的引用
/opt/ros/kinetic/lib/x86_64-linux-gnu/libopencv_imgcodecs3.so.3.3.1：对‘TIFFClientOpen@LTIFF_4.0’未定义的引用
/opt/ros/kinetic/lib/x86_64-linux-gnu/libopencv_imgcodecs3.so.3.3.1：对‘TIFFRGBAImageOK@BTIFF_4.0’未定义的引用
/opt/ros/kinetic/lib/x86_64-linux-gnu/libopencv_imgcodecs3.so.3.3.1：对‘TIFFOpen@LIBTIFF.0’未定义的引用
/opt/ros/kinetic/lib/x86_64-linux-gnu/libopencv_imgcodecs3.so.3.3.1：对‘TIFFReadEncodedSip@LIBTIFF_4.0’未定义的引用
/opt/ros/kinetic/lib/x86_64-linux-gnu/libopencv_imgcodecs3.so.3.3.1：对‘TIFFSetField@LIBFF_4.0’未定义的引用
/opt/ros/kinetic/lib/x86_64-linux-gnu/libopencv_imgcodecs3.so.3.3.1：对‘TIFFSetWarningHadler@LIBTIFF_4.0’未定义的引用
/opt/ros/kinetic/lib/x86_64-linux-gnu/libopencv_imgcodecs3.so.3.3.1：对‘TIFFSetErrorHandr@LIBTIFF_4.0’未定义的引用
collect2: error: ld returned 1 exit status
CMakeFiles/run_euroc.dir/build.make:180: recipe for target '../bin/run_euroc' failed
make[2]: *** [../bin/run_euroc] Error 1
CMakeFiles/Makefile2:105: recipe for target 'CMakeFiles/run_euroc.dir/all' failed
make[1]: *** [CMakeFiles/run_euroc.dir/all] Error 2
Makefile:83: recipe for target 'all' failed
make: *** [all] Error 2
zengjun@zengjun-MS-7A15:~/ShenLanCourse/VIO/VINS-Course/build$ cmake -D TIFF=ON
CMake Error: The source directory "/home/zengjun/ShenLanCourse/VIO/VINS-Course/build/TIFF=ON" does not exist.
Specify --help for usage, or press the help button on the CMake GUI.
zengjun@zengjun-MS-7A15:~/ShenLanCourse/VIO/VINS-Course/build$ cmake ..
-- Found required Ceres dependency: Eigen version 3.2.92 in /usr/include/eigen3
-- Found required Ceres dependency: Glog in /usr/local/include
-- Found Ceres version: 1.12.0 installed in: /usr/local with components: [LAPACK, SuiteSparse, SparseLinearAlgebraLibrary, SchurSpecializations, OpenMP]
-- Boost version: 1.58.0
-- Found the following Boost libraries:
--   filesystem
--   program_options
--   system
CMake Warning at CMakeLists.txt:17 (message):
  OpenCV_VERSION: 3.3.1


-- Configuring done
-- Generating done
-- Build files have been written to: /home/zengjun/ShenLanCourse/VIO/VINS-Course/build
zengjun@zengjun-MS-7A15:~/ShenLanCourse/VIO/VINS-Course/build$ cmake -D TIFF=ON
CMake Error: The source directory "/home/zengjun/ShenLanCourse/VIO/VINS-Course/build/TIFF=ON" does not exist.
Specify --help for usage, or press the help button on the CMake GUI.
zengjun@zengjun-MS-7A15:~/ShenLanCourse/VIO/VINS-Course/build$ cmake -D TIFF=ON
CMake Error: The source directory "/home/zengjun/ShenLanCourse/VIO/VINS-Course/build/TIFF=ON" does not exist.
Specify --help for usage, or press the help button on the CMake GUI.
zengjun@zengjun-MS-7A15:~/ShenLanCourse/VIO/VINS-Course/build$ make -j4
[ 35%] Built target camera_model
[ 89%] Built target MyVio
[ 91%] Linking CXX executable ../bin/testCurveFitting
[ 94%] Linking CXX executable ../bin/run_euroc
/opt/ros/kinetic/lib/x86_64-linux-gnu/libopencv_imgcodecs3.so.3.3.1：对‘TIFFReadRGBAStriLIBTIFF_4.0’未定义的引用
/opt/ros/kinetic/lib/x86_64-linux-gnu/libopencv_imgcodecs3.so.3.3.1：对‘TIFFReadDirectorLIBTIFF_4.0’未定义的引用
/opt/ros/kinetic/lib/x86_64-linux-gnu/libopencv_imgcodecs3.so.3.3.1：对‘TIFFWriteEncodedrip@LIBTIFF_4.0’未定义的引用
/opt/ros/kinetic/lib/x86_64-linux-gnu/libopencv_imgcodecs3.so.3.3.1：对‘TIFFIsTiled@LIBTF_4.0’未定义的引用
/opt/ros/kinetic/lib/x86_64-linux-gnu/libopencv_imgcodecs3.so.3.3.1：对‘TIFFWriteScanlinLIBTIFF_4.0’未定义的引用
/opt/ros/kinetic/lib/x86_64-linux-gnu/libopencv_imgcodecs3.so.3.3.1：对‘TIFFGetField@LIBFF_4.0’未定义的引用
/opt/ros/kinetic/lib/x86_64-linux-gnu/libopencv_imgcodecs3.so.3.3.1：对‘TIFFNumberOfStri@LIBTIFF_4.0’未定义的引用
/opt/ros/kinetic/lib/x86_64-linux-gnu/libopencv_imgcodecs3.so.3.3.1：对‘TIFFScanlineSizeIBTIFF_4.0’未定义的引用
/opt/ros/kinetic/lib/x86_64-linux-gnu/libopencv_imgcodecs3.so.3.3.1：对‘TIFFReadEncodedTe@LIBTIFF_4.0’未定义的引用
/opt/ros/kinetic/lib/x86_64-linux-gnu/libopencv_imgcodecs3.so.3.3.1：对‘TIFFReadRGBATileIBTIFF_4.0’未定义的引用
/opt/ros/kinetic/lib/x86_64-linux-gnu/libopencv_imgcodecs3.so.3.3.1：对‘TIFFClose@LIBTIF4.0’未定义的引用
/opt/ros/kinetic/lib/x86_64-linux-gnu/libopencv_imgcodecs3.so.3.3.1：对‘TIFFClientOpen@LTIFF_4.0’未定义的引用
/opt/ros/kinetic/lib/x86_64-linux-gnu/libopencv_imgcodecs3.so.3.3.1：对‘TIFFRGBAImageOK@LIBTIFF_4.0’未定义的引用
/opt/ros/kinetic/lib/x86_64-linux-gnu/libopencv_imgcodecs3.so.3.3.1：对‘TIFFOpen@LIBTIFF.0’未定义的引用
/opt/ros/kinetic/lib/x86_64-linux-gnu/libopencv_imgcodecs3.so.3.3.1：对‘TIFFReadEncodedSip@LIBTIFF_4.0’未定义的引用
/opt/ros/kinetic/lib/x86_64-linux-gnu/libopencv_imgcodecs3.so.3.3.1：对‘TIFFSetField@LIBFF_4.0’未定义的引用
/opt/ros/kinetic/lib/x86_64-linux-gnu/libopencv_imgcodecs3.so.3.3.1：对‘TIFFSetWarningHaler@LIBTIFF_4.0’未定义的引用
/opt/ros/kinetic/lib/x86_64-linux-gnu/libopencv_imgcodecs3.so.3.3.1：对‘TIFFSetErrorHandler@LIBTIFF_4.0’未定义的引用
collect2: error: ld returned 1 exit status
CMakeFiles/testCurveFitting.dir/build.make:180: recipe for target '../bin/testCurveFitting' failed
make[2]: *** [../bin/testCurveFitting] Error 1
CMakeFiles/Makefile2:143: recipe for target 'CMakeFiles/testCurveFitting.dir/all' failed
make[1]: *** [CMakeFiles/testCurveFitting.dir/all] Error 2
make[1]: *** 正在等待未完成的任务....
/opt/ros/kinetic/lib/x86_64-linux-gnu/libopencv_imgcodecs3.so.3.3.1：对‘TIFFReadRGBAStriLIBTIFF_4.0’未定义的引用
/opt/ros/kinetic/lib/x86_64-linux-gnu/libopencv_imgcodecs3.so.3.3.1：对‘TIFFReadDirectorLIBTIFF_4.0’未定义的引用
/opt/ros/kinetic/lib/x86_64-linux-gnu/libopencv_imgcodecs3.so.3.3.1：对‘TIFFWriteEncodedrip@LIBTIFF_4.0’未定义的引用
/opt/ros/kinetic/lib/x86_64-linux-gnu/libopencv_imgcodecs3.so.3.3.1：对‘TIFFIsTiled@LIBTF_4.0’未定义的引用
/opt/ros/kinetic/lib/x86_64-linux-gnu/libopencv_imgcodecs3.so.3.3.1：对‘TIFFWriteScanlinLIBTIFF_4.0’未定义的引用
/opt/ros/kinetic/lib/x86_64-linux-gnu/libopencv_imgcodecs3.so.3.3.1：对‘TIFFGetField@LIBTIFF_4.0’未定义的引用
/opt/ros/kinetic/lib/x86_64-linux-gnu/libopencv_imgcodecs3.so.3.3.1：对‘TIFFNumberOfStri@LIBTIFF_4.0’未定义的引用
/opt/ros/kinetic/lib/x86_64-linux-gnu/libopencv_imgcodecs3.so.3.3.1：对‘TIFFScanlineSizeIBTIFF_4.0’未定义的引用
/opt/ros/kinetic/lib/x86_64-linux-gnu/libopencv_imgcodecs3.so.3.3.1：对‘TIFFReadEncodedTe@LIBTIFF_4.0’未定义的引用
/opt/ros/kinetic/lib/x86_64-linux-gnu/libopencv_imgcodecs3.so.3.3.1：对‘TIFFReadRGBATileLIBTIFF_4.0’未定义的引用
/opt/ros/kinetic/lib/x86_64-linux-gnu/libopencv_imgcodecs3.so.3.3.1：对‘TIFFClose@LIBTIF4.0’未定义的引用
/opt/ros/kinetic/lib/x86_64-linux-gnu/libopencv_imgcodecs3.so.3.3.1：对‘TIFFClientOpen@LTIFF_4.0’未定义的引用
/opt/ros/kinetic/lib/x86_64-linux-gnu/libopencv_imgcodecs3.so.3.3.1：对‘TIFFRGBAImageOK@IBTIFF_4.0’未定义的引用
/opt/ros/kinetic/lib/x86_64-linux-gnu/libopencv_imgcodecs3.so.3.3.1：对‘TIFFOpen@LIBTIFF.0’未定义的引用
/opt/ros/kinetic/lib/x86_64-linux-gnu/libopencv_imgcodecs3.so.3.3.1：对‘TIFFReadEncodedSip@LIBTIFF_4.0’未定义的引用
/opt/ros/kinetic/lib/x86_64-linux-gnu/libopencv_imgcodecs3.so.3.3.1：对‘TIFFSetField@LIBFF_4.0’未定义的引用
/opt/ros/kinetic/lib/x86_64-linux-gnu/libopencv_imgcodecs3.so.3.3.1：对‘TIFFSetWarningHaler@LIBTIFF_4.0’未定义的引用
/opt/ros/kinetic/lib/x86_64-linux-gnu/libopencv_imgcodecs3.so.3.3.1：对‘TIFFSetErrorHandr@LIBTIFF_4.0’未定义的引用
collect2: error: ld returned 1 exit status
CMakeFiles/run_euroc.dir/build.make:180: recipe for target '../bin/run_euroc' failed
make[2]: *** [../bin/run_euroc] Error 1
CMakeFiles/Makefile2:105: recipe for target 'CMakeFiles/run_euroc.dir/all' failed
make[1]: *** [CMakeFiles/run_euroc.dir/all] Error 2
Makefile:83: recipe for target 'all' failed
make: *** [all] Error 2
zengjun@zengjun-MS-7A15:~/ShenLanCourse/VIO/VINS-Course/build$ make -j4
[ 35%] Built target camera_model
[ 89%] Built target MyVio
[ 91%] Linking CXX executable ../bin/testCurveFitting
[ 94%] Linking CXX executable ../bin/run_euroc
/opt/ros/kinetic/lib/x86_64-linux-gnu/libopencv_imgcodecs3.so.3.3.1：对‘TIFFReadRGBAStriLIBTIFF_4.0’未定义的引用
/opt/ros/kinetic/lib/x86_64-linux-gnu/libopencv_imgcodecs3.so.3.3.1：对‘TIFFReadDirectorLIBTIFF_4.0’未定义的引用
/opt/ros/kinetic/lib/x86_64-linux-gnu/libopencv_imgcodecs3.so.3.3.1：对‘TIFFWriteEncodedrip@LIBTIFF_4.0’未定义的引用
/opt/ros/kinetic/lib/x86_64-linux-gnu/libopencv_imgcodecs3.so.3.3.1：对‘TIFFIsTiled@LIBTF_4.0’未定义的引用
/opt/ros/kinetic/lib/x86_64-linux-gnu/libopencv_imgcodecs3.so.3.3.1：对‘TIFFWriteScanlinLIBTIFF_4.0’未定义的引用
/opt/ros/kinetic/lib/x86_64-linux-gnu/libopencv_imgcodecs3.so.3.3.1：对‘TIFFGetField@LIBFF_4.0’未定义的引用
/opt/ros/kinetic/lib/x86_64-linux-gnu/libopencv_imgcodecs3.so.3.3.1：对‘TIFFNumberOfStri@LIBTIFF_4.0’未定义的引用
/opt/ros/kinetic/lib/x86_64-linux-gnu/libopencv_imgcodecs3.so.3.3.1：对‘TIFFScanlineSizeIBTIFF_4.0’未定义的引用
/opt/ros/kinetic/lib/x86_64-linux-gnu/libopencv_imgcodecs3.so.3.3.1：对‘TIFFReadEncodedTe@LIBTIFF_4.0’未定义的引用
/opt/ros/kinetic/lib/x86_64-linux-gnu/libopencv_imgcodecs3.so.3.3.1：对‘TIFFReadRGBATileIBTIFF_4.0’未定义的引用
/opt/ros/kinetic/lib/x86_64-linux-gnu/libopencv_imgcodecs3.so.3.3.1：对‘TIFFClose@LIBTIFF_4.0’未定义的引用
/opt/ros/kinetic/lib/x86_64-linux-gnu/libopencv_imgcodecs3.so.3.3.1：对‘TIFFClientOpen@LTIFF_4.0’未定义的引用
/opt/ros/kinetic/lib/x86_64-linux-gnu/libopencv_imgcodecs3.so.3.3.1：对‘TIFFRGBAImageOK@BTIFF_4.0’未定义的引用
/opt/ros/kinetic/lib/x86_64-linux-gnu/libopencv_imgcodecs3.so.3.3.1：对‘TIFFOpen@LIBTIFF.0’未定义的引用
/opt/ros/kinetic/lib/x86_64-linux-gnu/libopencv_imgcodecs3.so.3.3.1：对‘TIFFReadEncodedSip@LIBTIFF_4.0’未定义的引用
/opt/ros/kinetic/lib/x86_64-linux-gnu/libopencv_imgcodecs3.so.3.3.1：对‘TIFFSetField@LIBFF_4.0’未定义的引用
/opt/ros/kinetic/lib/x86_64-linux-gnu/libopencv_imgcodecs3.so.3.3.1：对‘TIFFSetWarningHaler@LIBTIFF_4.0’未定义的引用
/opt/ros/kinetic/lib/x86_64-linux-gnu/libopencv_imgcodecs3.so.3.3.1：对‘TIFFSetErrorHandr@LIBTIFF_4.0’未定义的引用
collect2: error: ld returned 1 exit status
CMakeFiles/testCurveFitting.dir/build.make:180: recipe for target '../bin/testCurveFitting' failed
make[2]: *** [../bin/testCurveFitting] Error 1
CMakeFiles/Makefile2:143: recipe for target 'CMakeFiles/testCurveFitting.dir/all' failed
make[1]: *** [CMakeFiles/testCurveFitting.dir/all] Error 2
make[1]: *** 正在等待未完成的任务....
/opt/ros/kinetic/lib/x86_64-linux-gnu/libopencv_imgcodecs3.so.3.3.1：对‘TIFFReadRGBAStriLIBTIFF_4.0’未定义的引用
/opt/ros/kinetic/lib/x86_64-linux-gnu/libopencv_imgcodecs3.so.3.3.1：对‘TIFFReadDirectorLIBTIFF_4.0’未定义的引用
/opt/ros/kinetic/lib/x86_64-linux-gnu/libopencv_imgcodecs3.so.3.3.1：对‘TIFFWriteEncodedrip@LIBTIFF_4.0’未定义的引用
/opt/ros/kinetic/lib/x86_64-linux-gnu/libopencv_imgcodecs3.so.3.3.1：对‘TIFFIsTiled@LIBTF_4.0’未定义的引用
/opt/ros/kinetic/lib/x86_64-linux-gnu/libopencv_imgcodecs3.so.3.3.1：对‘TIFFWriteScanlinLIBTIFF_4.0’未定义的引用
/opt/ros/kinetic/lib/x86_64-linux-gnu/libopencv_imgcodecs3.so.3.3.1：对‘TIFFGetField@LIBFF_4.0’未定义的引用
/opt/ros/kinetic/lib/x86_64-linux-gnu/libopencv_imgcodecs3.so.3.3.1：对‘TIFFNumberOfStri@LIBTIFF_4.0’未定义的引用
/opt/ros/kinetic/lib/x86_64-linux-gnu/libopencv_imgcodecs3.so.3.3.1：对‘TIFFScanlineSizeIBTIFF_4.0’未定义的引用
/opt/ros/kinetic/lib/x86_64-linux-gnu/libopencv_imgcodecs3.so.3.3.1：对‘TIFFReadEncodedTe@LIBTIFF_4.0’未定义的引用
/opt/ros/kinetic/lib/x86_64-linux-gnu/libopencv_imgcodecs3.so.3.3.1：对‘TIFFReadRGBATileIBTIFF_4.0’未定义的引用
/opt/ros/kinetic/lib/x86_64-linux-gnu/libopencv_imgcodecs3.so.3.3.1：对‘TIFFClose@LIBTIF_4.0’未定义的引用
/opt/ros/kinetic/lib/x86_64-linux-gnu/libopencv_imgcodecs3.so.3.3.1：对‘TIFFClientOpen@LTIFF_4.0’未定义的引用
/opt/ros/kinetic/lib/x86_64-linux-gnu/libopencv_imgcodecs3.so.3.3.1：对‘TIFFRGBAImageOK@BTIFF_4.0’未定义的引用
/opt/ros/kinetic/lib/x86_64-linux-gnu/libopencv_imgcodecs3.so.3.3.1：对‘TIFFOpen@LIBTIFF4.0’未定义的引用
/opt/ros/kinetic/lib/x86_64-linux-gnu/libopencv_imgcodecs3.so.3.3.1：对‘TIFFReadEncodedSip@LIBTIFF_4.0’未定义的引用
/opt/ros/kinetic/lib/x86_64-linux-gnu/libopencv_imgcodecs3.so.3.3.1：对‘TIFFSetField@LIBFF_4.0’未定义的引用
/opt/ros/kinetic/lib/x86_64-linux-gnu/libopencv_imgcodecs3.so.3.3.1：对‘TIFFSetWarningHaler@LIBTIFF_4.0’未定义的引用
/opt/ros/kinetic/lib/x86_64-linux-gnu/libopencv_imgcodecs3.so.3.3.1：对‘TIFFSetErrorHander@LIBTIFF_4.0’未定义的引用
collect2: error: ld returned 1 exit status
CMakeFiles/run_euroc.dir/build.make:180: recipe for target '../bin/run_euroc' failed
make[2]: *** [../bin/run_euroc] Error 1
CMakeFiles/Makefile2:105: recipe for target 'CMakeFiles/run_euroc.dir/all' failed
make[1]: *** [CMakeFiles/run_euroc.dir/all] Error 2
Makefile:83: recipe for target 'all' failed
make: *** [all] Error 2

so what should i do to solve it ? thanks!

HI, first of all, thanks for the code sharing. :)

1. I noticed that the camera parameters are different with prameters in euroc_config.yaml, like the issue #206 pointed out.

2. In Kalibr, (with link https://github.com/ethz-asl/kalibr/wiki/yaml-formats), it says the T_cam_imu represents the **transformation from IMU to camera coordinates (T_c_i)**, however, the similar data in ruroc_config.yaml represents the  **Rotation from camera frame to imu frame, imu^R_cam**. It is kind of confused.

Great thanks for any kind of information.

Thx
[pose_graph-4] process has died [pid 7433, exit code -11, cmd /home/computer_823/vins_ws/devel/lib/pose_graph/pose_graph __name:=pose_graph __log:=/home/computer_823/.ros/log/373fe0f6-1b96-11ea-beb8-34f64b2c6663/pose_graph-4.log].
log file: /home/computer_823/.ros/log/373fe0f6-1b96-11ea-beb8-34f64b2c6663/pose_graph-4*.log

anyone know what is the reason about this problem? thanks very much!
Dear Tony

Thanks for your great in VINS_mono ! However I'm a bit confused about the variables you used in ImageFrane class. According to the code in estimator.cpp:
```cpp
344    cv::Rodrigues(rvec, r);
345    MatrixXd R_pnp,tmp_R_pnp;
346    cv::cv2eigen(r, tmp_R_pnp);
347    R_pnp = tmp_R_pnp.transpose();
348    MatrixXd T_pnp;
349    cv::cv2eigen(t, T_pnp);
350    T_pnp = R_pnp * (-T_pnp);
351    frame_it->second.R = R_pnp * RIC[0].transpose();
352    frame_it->second.T = T_pnp
```
``R`` should be R_i^w and ``T`` should be t_c^w. Then these two variables have been given to ``Rs`` and ``Ps`` 
```cpp
 // change state
377    for (int i = 0; i <= frame_count; i++)
378    {
379        Matrix3d Ri = all_image_frame[Headers[i].stamp.toSec()].R;
380        Vector3d Pi = all_image_frame[Headers[i].stamp.toSec()].T;
381        Ps[i] = Pi;
382        Rs[i] = Ri;
383        all_image_frame[Headers[i].stamp.toSec()].is_key_frame = true;
384    }
```

However in the function ``FeatureManager::triangulate``, i found :
```cpp
219 Eigen::Vector3d t0 = Ps[imu_i] + Rs[imu_i] * tic[0];
220 Eigen::Matrix3d R0 = Rs[imu_i] * ric[0];
```
which means ``Ps`` is t_i^w. 

So my question is what are the exact meaning of ``Ps`` and ``T`` ?

Thank you in advance!
Hi,

I notice that in equation (14) of your paper, the first term in the optimization problem is constructed from the prior r_p and H_p. I tried removing this term and the VIO drifted quite significantly, so it seems like this is quite a significant factor.  Can you elaborate a bit more in the technical report on the terms r_p and H_p?

I am not quite sure how this factor is constructed. Is it only constructed by the marginalised state x_0 in Fig. 7, or it comprises of all marginalised states from the begin? I am not sure what the matrix H_p is in || r_p - H_p*X ||^2. Is it similar to H_{b_{k+1}}^{b_k} in (11)?
   I have been confused with "visual-inertial setup renders roll and pitch angles
fully observable" in part VIII of your paper"VINS-Mono: A Robust and Versatile Monocular
Visual-Inertial State Estimator" . someone know why roll and pitch angles is fully observable? Could you give me some explantaion about the setup to render roll and pitch angles fully observable.
Thank you very much! 
![Snipaste_2019-09-22_20-12-20](https://user-images.githubusercontent.com/6111212/65387041-6cee9d00-dd75-11e9-949d-c3109f78640b.png)

my question is why marginalize para_Pose[WINDOW_SIZE - 1](last added keyframe).
It's different from paper.
I have been looking for the motion-only optimization for camera-rate state estimation they mentioned in the paper, but I couldn't find it. Anyone knows if it is in the code and where is it?

As I understood, there is a front-end (feature tracker node) which tracks corners with KLT, and sends these features to the back-end (estimator node) which optimizes the full state vector in the sliding window. They work at 10 Hz 
How can I find the gravity refinement part in the source code that has been solved via Gram–Schmidt process? 
