This encourages best practices as well as making the code easier to read.
I want to build a workshop site like this, which may a lot simpler, I like the list style a lot, could you tell me where I can start? I tried pull the git and run locally but failed with a lot of errors like
`../../nan/nan_maybe_43_inl.h:112:15: error: no member named 'ForceSet' in 'v8::Object'
15: error: no member named 'ForceSet' in 'v8::Object'`

I think maybe because my yarn and node version, but I'm not sure.
Hello,

I'm trying the start the project locally, however `yarn install` fails with the following error:

```
yarn install v1.19.1
warning package-lock.json found. Your project contains lock files generated by tools other than Yarn. It is advised not to mix package managers in order to avoid resolution inconsistencies caused by unsynchronized lock files. To clear this warning, remove package-lock.json.
[1/4] ðŸ”  Resolving packages...
warning Resolution field "graphql@0.11.7" is incompatible with requested version "graphql@^0.10.3"
warning Resolution field "graphql@0.11.7" is incompatible with requested version "graphql@^0.10.1"
warning Resolution field "graphql@0.11.7" is incompatible with requested version "graphql@^0.8.2"
[2/4] ðŸšš  Fetching packages...
[3/4] ðŸ”—  Linking dependencies...
warning "gatsby > express-graphql@0.6.6" has incorrect peer dependency "graphql@^0.10.0".
warning "gatsby > graphql-relay@0.5.2" has incorrect peer dependency "graphql@^0.5.0 || ^0.6.0 || ^0.7.0 || ^0.8.0-b || ^0.9.0 || ^0.10.0".
warning " > postcss-cssnext@2.11.0" has unmet peer dependency "caniuse-db@^1.0.30000652".
warning " > graphcool-styles@0.1.31" has incorrect peer dependency "react@^0.15.0".
warning "graphcool-graphiql > graphiql@0.8.1" has incorrect peer dependency "graphql@^0.6.0 || ^0.7.0 || ^0.8.0-b".
warning " > react-transition-group@1.2.0" has unmet peer dependency "react-dom@^15.0.0".
warning "graphcool-graphiql > svgo-loader@1.2.1" has unmet peer dependency "svgo@>=0.4.0".
warning "graphcool-graphiql > graphcool-styles > html-webpack-plugin@2.28.0" has unmet peer dependency "webpack@1 || ^2 || ^2.1.0-beta || ^2.2.0-rc".
warning "graphcool-graphiql > graphiql > codemirror-graphql@0.5.9" has incorrect peer dependency "graphql@^0.6.0 || ^0.7.0 || ^0.8.0".
warning "graphcool-graphiql > subscriptions-transport-ws > graphql-subscriptions@0.4.3" has incorrect peer dependency "graphql@^0.7.0 || ^0.8.0 || ^0.9.0 || ^0.10.1".
warning "graphcool-graphiql > subscriptions-transport-ws > graphql-tag@2.4.2" has incorrect peer dependency "graphql@^0.9.0 || ^0.10.0".
warning " > react-confetti@1.1.5" has unmet peer dependency "prop-types@^15.5.0".
warning " > react-inlinesvg@0.6.0" has unmet peer dependency "prop-types@^15.5".
warning " > flowtype-loader@0.2.2" has unmet peer dependency "webpack@1 || ^2.1.0-beta".
[4/4] ðŸ”¨  Building fresh packages...
[1/6] â¡€ fsevents
[-/6] â¡€ waiting...
[3/6] â¢€ sharp
[4/6] â¢€ sharp
error /Users/alexander/Code/ruby/graphql/howtographql/node_modules/deasync: Command failed.
Exit code: 1
Command: node ./build.js
Arguments:
Directory: /Users/alexander/Code/ruby/graphql/howtographql/node_modules/deasync
Output:
gyp info it worked if it ends with ok
gyp info using node-gyp@5.0.5
gyp info using node@13.1.0 | darwin | x64
gyp info find Python using Python version 2.7.16 found at "/System/Library/Frameworks/Python.framework/Versions/2.7/Resources/Python.app/Contents/MacOS/Python"
gyp info spawn /System/Library/Frameworks/Python.framework/Versions/2.7/Resources/Python.app/Contents/MacOS/Python
gyp info spawn args [
gyp info spawn args   '/usr/local/Cellar/node/13.1.0/libexec/lib/node_modules/npm/node_modules/node-gyp/gyp/gyp_main.py',
gyp info spawn args   'binding.gyp',
gyp info spawn args   '-f',
gyp info spawn args   'make',
gyp info spawn args   '-I',
gyp info spawn args   '/Users/alexander/Code/ruby/graphql/howtographql/node_modules/deasync/build/config.gypi',
gyp info spawn args   '-I',
gyp info spawn args   '/usr/local/Cellar/node/13.1.0/libexec/lib/node_modules/npm/node_modules/node-gyp/addon.gypi',
gyp info spawn args   '-I',
gyp info spawn args   '/Users/alexander/Library/Caches/node-gyp/13.1.0/include/node/common.gypi',
gyp info spawn args   '-Dlibrary=shared_library',
gyp info spawn args   '-Dvisibility=default',
gyp info spawn args   '-Dnode_root_dir=/Users/alexander/Library/Caches/node-gyp/13.1.0',
gyp info spawn args   '-Dnode_gyp_dir=/usr/local/Cellar/node/13.1.0/libexec/lib/node_modules/npm/node_modules/node-gyp',
gyp info spawn args   '-Dnode_lib_file=/Users/alexander/Library/Caches/node-gyp/13.1.0/<(target_arch)/node.lib',
gyp info spawn args   '-Dmodule_root_dir=/Users/alexander/Code/ruby/graphql/howtographql/node_modules/deasync',
gyp info spawn args   '-Dnode_engine=v8',
gyp info spawn args   '--depth=.',
gyp info spawn args   '--no-parallel',
gyp info spawn args   '--generator-output',
gyp info spawn args   'build',
gyp info spawn args   '-Goutput_dir=.'
gyp info spawn args ]
gyp info spawn make
gyp info spawn args [ 'BUILDTYPE=Release', '-C', 'build' ]
  CXX(target) Release/obj.target/deasync/src/deasync.o
In file included from ../src/deasync.cc:3:
In file included from ../../nan/nan.h:192:
../../nan/nan_maybe_43_inl.h:112:15: error: no member named 'ForceSet' in 'v8::Object'
  return obj->ForceSet(isolate->GetCurrentContext(), key, value, attribs);
         ~~~  ^
In file included from ../src/deasync.cc:3:
In file included from ../../nan/nan.h:197:
In file included from ../../nan/nan_converters.h:59:
../../nan/nan_converters_43_inl.h:22:1: error: no viable conversion from 'Local<v8::Context>' to 'v8::Isolate *'
X(Boolean)
^~~~~~~~~~
../../nan/nan_converters_43_inl.h:18:23: note: expanded from macro 'X'
      val->To ## TYPE(v8::Isolate::GetCurrent()->GetCurrentContext())          \
                      ^~~~~~~~~~~~~~~~~~~~~~~~~~~~~~~~~~~~~~~~~~~~~~
/Users/alexander/Library/Caches/node-gyp/13.1.0/include/node/v8.h:2639:37: note: passing argument to parameter 'isolate' here
  Local<Boolean> ToBoolean(Isolate* isolate) const;
                                    ^
In file included from ../src/deasync.cc:3:
In file included from ../../nan/nan.h:197:
In file included from ../../nan/nan_converters.h:59:
../../nan/nan_converters_43_inl.h:40:1: error: no viable conversion from 'Local<v8::Context>' to 'v8::Isolate *'
X(bool, Boolean)
^~~~~~~~~~~~~~~~
../../nan/nan_converters_43_inl.h:37:29: note: expanded from macro 'X'
  return val->NAME ## Value(isolate->GetCurrentContext());                     \
                            ^~~~~~~~~~~~~~~~~~~~~~~~~~~~
/Users/alexander/Library/Caches/node-gyp/13.1.0/include/node/v8.h:2648:30: note: passing argument to parameter 'isolate' here
  bool BooleanValue(Isolate* isolate) const;
                             ^
In file included from ../src/deasync.cc:3:
In file included from ../../nan/nan.h:198:
In file included from ../../nan/nan_new.h:189:
../../nan/nan_implementation_12_inl.h:103:42: error: no viable conversion from 'v8::Isolate *' to 'Local<v8::Context>'
  return scope.Escape(v8::Function::New( isolate
                                         ^~~~~~~
/Users/alexander/Library/Caches/node-gyp/13.1.0/include/node/v8.h:185:7: note: candidate constructor (the implicit copy constructor) not viable: no known conversion from 'v8::Isolate *' to 'const v8::Local<v8::Context> &' for 1st argument
class Local {
      ^
/Users/alexander/Library/Caches/node-gyp/13.1.0/include/node/v8.h:185:7: note: candidate constructor (the implicit move constructor) not viable: no known conversion from 'v8::Isolate *' to 'v8::Local<v8::Context> &&' for 1st argument
/Users/alexander/Library/Caches/node-gyp/13.1.0/include/node/v8.h:189:13: note: candidate template ignored: could not match 'Local<type-parameter-0-0>' against 'v8::Isolate *'
  V8_INLINE Local(Local<S> that)
            ^
/Users/alexander/Library/Caches/node-gyp/13.1.0/include/node/v8.h:4189:22: note: passing argument to parameter 'context' here
      Local<Context> context, FunctionCallback callback,
                     ^
In file included from ../src/deasync.cc:3:
In file included from ../../nan/nan.h:198:
In file included from ../../nan/nan_new.h:189:
../../nan/nan_implementation_12_inl.h:337:37: error: too few arguments to function call, expected 2, have 1
  return v8::StringObject::New(value).As<v8::StringObject>();
         ~~~~~~~~~~~~~~~~~~~~~      ^
/Users/alexander/Library/Caches/node-gyp/13.1.0/include/node/v8.h:5409:3: note: 'New' declared here
  static Local<Value> New(Isolate* isolate, Local<String> value);
  ^
In file included from ../src/deasync.cc:3:
In file included from ../../nan/nan.h:198:
In file included from ../../nan/nan_new.h:189:
../../nan/nan_implementation_12_inl.h:337:58: error: expected '(' for function-style cast or type construction
  return v8::StringObject::New(value).As<v8::StringObject>();
                                         ~~~~~~~~~~~~~~~~^
../../nan/nan_implementation_12_inl.h:337:60: error: expected expression
  return v8::StringObject::New(value).As<v8::StringObject>();
                                                           ^
In file included from ../src/deasync.cc:3:
../../nan/nan.h:834:18: warning: 'MakeCallback' is deprecated: Use MakeCallback(..., async_context) [-Wdeprecated-declarations]
    return node::MakeCallback(
                 ^
/Users/alexander/Library/Caches/node-gyp/13.1.0/include/node/node.h:179:1: note: 'MakeCallback' has been explicitly marked deprecated here
NODE_DEPRECATED("Use MakeCallback(..., async_context)",
^
/Users/alexander/Library/Caches/node-gyp/13.1.0/include/node/node.h:99:20: note: expanded from macro 'NODE_DEPRECATED'
    __attribute__((deprecated(message))) declarator
                   ^
In file included from ../src/deasync.cc:3:
../../nan/nan.h:849:18: warning: 'MakeCallback' is deprecated: Use MakeCallback(..., async_context) [-Wdeprecated-declarations]
    return node::MakeCallback(
                 ^
/Users/alexander/Library/Caches/node-gyp/13.1.0/include/node/node.h:172:1: note: 'MakeCallback' has been explicitly marked deprecated here
NODE_DEPRECATED("Use MakeCallback(..., async_context)",
^
/Users/alexander/Library/Caches/node-gyp/13.1.0/include/node/node.h:99:20: note: expanded from macro 'NODE_DEPRECATED'
    __attribute__((deprecated(message))) declarator
                   ^
In file included from ../src/deasync.cc:3:
../../nan/nan.h:864:18: warning: 'MakeCallback' is deprecated: Use MakeCallback(..., async_context) [-Wdeprecated-declarations]
    return node::MakeCallback(
                 ^
/Users/alexander/Library/Caches/node-gyp/13.1.0/include/node/node.h:165:1: note: 'MakeCallback' has been explicitly marked deprecated here
NODE_DEPRECATED("Use MakeCallback(..., async_context)",
^
/Users/alexander/Library/Caches/node-gyp/13.1.0/include/node/node.h:99:20: note: expanded from macro 'NODE_DEPRECATED'
    __attribute__((deprecated(message))) declarator
                   ^
In file included from ../src/deasync.cc:3:
../../nan/nan.h:911:53: error: too few arguments to function call, single argument 'context' was not specified
      v8::Local<v8::String> string = from->ToString();
                                     ~~~~~~~~~~~~~~ ^
/Users/alexander/Library/Caches/node-gyp/13.1.0/include/node/v8.h:2627:3: note: 'ToString' declared here
  V8_WARN_UNUSED_RESULT MaybeLocal<String> ToString(
  ^
/Users/alexander/Library/Caches/node-gyp/13.1.0/include/node/v8config.h:368:31: note: expanded from macro 'V8_WARN_UNUSED_RESULT'
#define V8_WARN_UNUSED_RESULT __attribute__((warn_unused_result))
                              ^
In file included from ../src/deasync.cc:3:
../../nan/nan.h:921:37: error: cannot initialize a parameter of type 'v8::Isolate *' with an lvalue of type 'char *'
        length_ = string->WriteUtf8(str_, static_cast<int>(len), 0, flags);
                                    ^~~~
/Users/alexander/Library/Caches/node-gyp/13.1.0/include/node/v8.h:2824:26: note: passing argument to parameter 'isolate' here
  int WriteUtf8(Isolate* isolate, char* buffer, int length = -1,
                         ^
In file included from ../src/deasync.cc:3:
../../nan/nan.h:1473:31: warning: 'MakeCallback' is deprecated: Use MakeCallback(..., async_context) [-Wdeprecated-declarations]
    return scope.Escape(node::MakeCallback(
                              ^
/Users/alexander/Library/Caches/node-gyp/13.1.0/include/node/node.h:179:1: note: 'MakeCallback' has been explicitly marked deprecated here
NODE_DEPRECATED("Use MakeCallback(..., async_context)",
^
/Users/alexander/Library/Caches/node-gyp/13.1.0/include/node/node.h:99:20: note: expanded from macro 'NODE_DEPRECATED'
    __attribute__((deprecated(message))) declarator
                   ^
In file included from ../src/deasync.cc:3:
../../nan/nan.h:1533:28: error: no matching member function for call to 'Set'
    New(persistentHandle)->Set(New(key).ToLocalChecked(), value);
    ~~~~~~~~~~~~~~~~~~~~~~~^~~
/Users/alexander/Library/Caches/node-gyp/13.1.0/include/node/v8.h:3424:37: note: candidate function not viable: requires 3 arguments, but 2 were provided
  V8_WARN_UNUSED_RESULT Maybe<bool> Set(Local<Context> context,
                                    ^
/Users/alexander/Library/Caches/node-gyp/13.1.0/include/node/v8.h:3427:37: note: candidate function not viable: requires 3 arguments, but 2 were provided
  V8_WARN_UNUSED_RESULT Maybe<bool> Set(Local<Context> context, uint32_t index,
                                    ^
In file included from ../src/deasync.cc:3:
../../nan/nan.h:1539:28: error: no matching member function for call to 'Set'
    New(persistentHandle)->Set(key, value);
    ~~~~~~~~~~~~~~~~~~~~~~~^~~
/Users/alexander/Library/Caches/node-gyp/13.1.0/include/node/v8.h:3424:37: note: candidate function not viable: requires 3 arguments, but 2 were provided
  V8_WARN_UNUSED_RESULT Maybe<bool> Set(Local<Context> context,
                                    ^
/Users/alexander/Library/Caches/node-gyp/13.1.0/include/node/v8.h:3427:37: note: candidate function not viable: requires 3 arguments, but 2 were provided
  V8_WARN_UNUSED_RESULT Maybe<bool> Set(Local<Context> context, uint32_t index,
                                    ^
In file included from ../src/deasync.cc:3:
../../nan/nan.h:1545:28: error: no matching member function for call to 'Set'
    New(persistentHandle)->Set(index, value);
    ~~~~~~~~~~~~~~~~~~~~~~~^~~
/Users/alexander/Library/Caches/node-gyp/13.1.0/include/node/v8.h:3424:37: note: candidate function not viable: requires 3 arguments, but 2 were provided
  V8_WARN_UNUSED_RESULT Maybe<bool> Set(Local<Context> context,
                                    ^
/Users/alexander/Library/Caches/node-gyp/13.1.0/include/node/v8.h:3427:37: note: candidate function not viable: requires 3 arguments, but 2 were provided
  V8_WARN_UNUSED_RESULT Maybe<bool> Set(Local<Context> context, uint32_t index,
                                    ^
In file included from ../src/deasync.cc:3:
../../nan/nan.h:1551:32: error: no matching member function for call to 'Get'
        New(persistentHandle)->Get(New(key).ToLocalChecked()));
        ~~~~~~~~~~~~~~~~~~~~~~~^~~
/Users/alexander/Library/Caches/node-gyp/13.1.0/include/node/v8.h:3471:43: note: candidate function not viable: requires 2 arguments, but 1 was provided
  V8_WARN_UNUSED_RESULT MaybeLocal<Value> Get(Local<Context> context,
                                          ^
/Users/alexander/Library/Caches/node-gyp/13.1.0/include/node/v8.h:3474:43: note: candidate function not viable: requires 2 arguments, but 1 was provided
  V8_WARN_UNUSED_RESULT MaybeLocal<Value> Get(Local<Context> context,
                                          ^
In file included from ../src/deasync.cc:3:
../../nan/nan.h:1557:48: error: no matching member function for call to 'Get'
    return scope.Escape(New(persistentHandle)->Get(key));
                        ~~~~~~~~~~~~~~~~~~~~~~~^~~
/Users/alexander/Library/Caches/node-gyp/13.1.0/include/node/v8.h:3471:43: note: candidate function not viable: requires 2 arguments, but 1 was provided
  V8_WARN_UNUSED_RESULT MaybeLocal<Value> Get(Local<Context> context,
                                          ^
/Users/alexander/Library/Caches/node-gyp/13.1.0/include/node/v8.h:3474:43: note: candidate function not viable: requires 2 arguments, but 1 was provided
  V8_WARN_UNUSED_RESULT MaybeLocal<Value> Get(Local<Context> context,
                                          ^
In file included from ../src/deasync.cc:3:
../../nan/nan.h:1562:48: error: no matching member function for call to 'Get'
    return scope.Escape(New(persistentHandle)->Get(index));
                        ~~~~~~~~~~~~~~~~~~~~~~~^~~
/Users/alexander/Library/Caches/node-gyp/13.1.0/include/node/v8.h:3471:43: note: candidate function not viable: requires 2 arguments, but 1 was provided
  V8_WARN_UNUSED_RESULT MaybeLocal<Value> Get(Local<Context> context,
                                          ^
/Users/alexander/Library/Caches/node-gyp/13.1.0/include/node/v8.h:3474:43: note: candidate function not viable: requires 2 arguments, but 1 was provided
  V8_WARN_UNUSED_RESULT MaybeLocal<Value> Get(Local<Context> context,
                                          ^
In file included from ../src/deasync.cc:3:
In file included from ../../nan/nan.h:2222:
../../nan/nan_object_wrap.h:24:25: error: no member named 'IsNearDeath' in 'Nan::Persistent<v8::Object, v8::NonCopyablePersistentTraits<v8::Object> >'
    assert(persistent().IsNearDeath());
           ~~~~~~~~~~~~ ^
/Library/Developer/CommandLineTools/SDKs/MacOSX.sdk/usr/include/assert.h:93:25: note: expanded from macro 'assert'
    (__builtin_expect(!(e), 0) ? __assert_rtn(__func__, __FILE__, __LINE__, #e) : (void)0)
                        ^
In file included from ../src/deasync.cc:3:
In file included from ../../nan/nan.h:2222:
../../nan/nan_object_wrap.h:67:18: error: no member named 'MarkIndependent' in 'Nan::Persistent<v8::Object, v8::NonCopyablePersistentTraits<v8::Object> >'
    persistent().MarkIndependent();
    ~~~~~~~~~~~~ ^
../../nan/nan_object_wrap.h:124:26: error: no member named 'IsNearDeath' in 'Nan::Persistent<v8::Object, v8::NonCopyablePersistentTraits<v8::Object> >'
    assert(wrap->handle_.IsNearDeath());
           ~~~~~~~~~~~~~ ^
/Library/Developer/CommandLineTools/SDKs/MacOSX.sdk/usr/include/assert.h:93:25: note: expanded from macro 'assert'
    (__builtin_expect(!(e), 0) ? __assert_rtn(__func__, __FILE__, __LINE__, #e) : (void)0)
                        ^
4 warnings and 18 errors generated.
make: *** [Release/obj.target/deasync/src/deasync.o] Error 1
gyp ERR! build error
gyp ERR! stack Error: `make` failed with exit code: 2
gyp ERR! stack     at ChildProcess.onExit (/usr/local/Cellar/node/13.1.0/libexec/lib/node_modules/npm/node_modules/node-gyp/lib/build.js:194:23)
gyp ERR! stack     at ChildProcess.emit (events.js:210:5)
gyp ERR! stack     at Process.ChildProcess._handle.onexit (internal/child_process.js:272:12)
gyp ERR! System Darwin 19.2.0
gyp ERR! command "/usr/local/Cellar/node/13.1.0/bin/node" "/usr/local/Cellar/node/13.1.0/libexec/lib/node_modules/npm/node_modules/node-gyp/bin/node-gyp.js" "rebuild"
gyp ERR! cwd /Users/alexander/Code/ruby/graphql/howtographql/node_modules/deasync
gyp ERR! node -v v13.1.0




warning Error running install script for optional dependency: "/Users/alexander/Code/ruby/graphql/howtographql/node_modules/fsevents: Command failed.
Exit code: 1
Command: node install
Arguments:
Directory: /Users/alexander/Code/ruby/graphql/howtographql/node_modules/fsevents
Output:
node-pre-gyp info it worked if it ends with ok
node-pre-gyp info using node-pre-gyp@0.6.36
node-pre-gyp info using node@13.1.0 | darwin | x64
node-pre-gyp info check checked for \"/Users/alexander/Code/ruby/graphql/howtographql/node_modules/fsevents/lib/binding/Release/node-v79-darwin-x64/fse.node\" (not found)
node-pre-gyp http GET https://fsevents-binaries.s3-us-west-2.amazonaws.com/v1.1.2/fse-v1.1.2-node-v79-darwin-x64.tar.gz
node-pre-gyp http 404 https://fsevents-binaries.s3-us-west-2.amazonaws.com/v1.1.2/fse-v1.1.2-node-v79-darwin-x64.tar.gz
node-pre-gyp ERR! Tried to download(404): https://fsevents-binaries.s3-us-west-2.amazonaws.com/v1.1.2/fse-v1.1.2-node-v79-darwin-x64.tar.gz
node-pre-gyp ERR! Pre-built binaries not found for fsevents@1.1.2 and node@13.1.0 (node-v79 ABI) (falling back to source compile with node-gyp)
node-pre-gyp http 404 status code downloading tarball https://fsevents-binaries.s3-us-west-2.amazonaws.com/v1.1.2/fse-v1.1.2-node-v79-darwin-x64.tar.gz
node-pre-gyp ERR! Tried to download(undefined): https://fsevents-binaries.s3-us-west-2.amazonaws.com/v1.1.2/fse-v1.1.2-node-v79-darwin-x64.tar.gz
node-pre-gyp ERR! Pre-built binaries not found for fsevents@1.1.2 and node@13.1.0 (node-v79 ABI) (falling back to source compile with node-gyp)
node-pre-gyp http Connection closed while downloading tarball file
gyp info it worked if it ends with ok
gyp info using node-gyp@5.0.5
gyp info using node@13.1.0 | darwin | x64
gyp info it worked if it ends with ok
gyp info using node-gyp@5.0.5
gyp info using node@13.1.0 | darwin | x64
gyp info ok
gyp info ok
gyp info it worked if it ends with ok
gyp info using node-gyp@5.0.5
gyp info using node@13.1.0 | darwin | x64
gyp info it worked if it ends with ok
gyp info using node-gyp@5.0.5
gyp info using node@13.1.0 | darwin | x64
gyp info find Python using Python version 2.7.16 found at \"/System/Library/Frameworks/Python.framework/Versions/2.7/Resources/Python.app/Contents/MacOS/Python\"
gyp info find Python using Python version 2.7.16 found at \"/System/Library/Frameworks/Python.framework/Versions/2.7/Resources/Python.app/Contents/MacOS/Python\"
gyp info spawn /System/Library/Frameworks/Python.framework/Versions/2.7/Resources/Python.app/Contents/MacOS/Python
gyp info spawn args [
gyp info spawn args   '/usr/local/Cellar/node/13.1.0/libexec/lib/node_modules/npm/node_modules/node-gyp/gyp/gyp_main.py',
gyp info spawn args   'binding.gyp',
gyp info spawn args   '-f',
gyp info spawn args   'make',
gyp info spawn args   '-I',
gyp info spawn args   '/Users/alexander/Code/ruby/graphql/howtographql/node_modules/fsevents/build/config.gypi',
gyp info spawn args   '-I',
gyp info spawn args   '/usr/local/Cellar/node/13.1.0/libexec/lib/node_modules/npm/node_modules/node-gyp/addon.gypi',
gyp info spawn args   '-I',
gyp info spawn args   '/Users/alexander/Library/Caches/node-gyp/13.1.0/include/node/common.gypi',
gyp info spawn args   '-Dlibrary=shared_library',
gyp info spawn args   '-Dvisibility=default',
gyp info spawn args   '-Dnode_root_dir=/Users/alexander/Library/Caches/node-gyp/13.1.0',
gyp info spawn args   '-Dnode_gyp_dir=/usr/local/Cellar/node/13.1.0/libexec/lib/node_modules/npm/node_modules/node-gyp',
gyp info spawn args   '-Dnode_lib_file=/Users/alexander/Library/Caches/node-gyp/13.1.0/<(target_arch)/node.lib',
gyp info spawn args   '-Dmodule_root_dir=/Users/alexander/Code/ruby/graphql/howtographql/node_modules/fsevents',
gyp info spawn args   '-Dnode_engine=v8',
gyp info spawn args   '--depth=.',
gyp info spawn args   '--no-parallel',
gyp info spawn args   '--generator-output',
gyp info spawn args   'build',
gyp info spawn args   '-Goutput_dir=.'
gyp info spawn args ]
gyp info spawn /System/Library/Frameworks/Python.framework/Versions/2.7/Resources/Python.app/Contents/MacOS/Python
gyp info spawn args [
gyp info spawn args   '/usr/local/Cellar/node/13.1.0/libexec/lib/node_modules/npm/node_modules/node-gyp/gyp/gyp_main.py',
gyp info spawn args   'binding.gyp',
gyp info spawn args   '-f',
gyp info spawn args   'make',
gyp info spawn args   '-I',
gyp info spawn args   '/Users/alexander/Code/ruby/graphql/howtographql/node_modules/fsevents/build/config.gypi',
gyp info spawn args   '-I',
gyp info spawn args   '/usr/local/Cellar/node/13.1.0/libexec/lib/node_modules/npm/node_modules/node-gyp/addon.gypi',
gyp info spawn args   '-I',
gyp info spawn args   '/Users/alexander/Library/Caches/node-gyp/13.1.0/include/node/common.gypi',
gyp info spawn args   '-Dlibrary=shared_library',
gyp info spawn args   '-Dvisibility=default',
gyp info spawn args   '-Dnode_root_dir=/Users/alexander/Library/Caches/node-gyp/13.1.0',
gyp info spawn args   '-Dnode_gyp_dir=/usr/local/Cellar/node/13.1.0/libexec/lib/node_modules/npm/node_modules/node-gyp',
gyp info spawn args   '-Dnode_lib_file=/Users/alexander/Library/Caches/node-gyp/13.1.0/<(target_arch)/node.lib',
gyp info spawn args   '-Dmodule_root_dir=/Users/alexander/Code/ruby/graphql/howtographql/node_modules/fsevents',
gyp info spawn args   '-Dnode_engine=v8',
gyp info spawn args   '--depth=.',
gyp info spawn args   '--no-parallel',
gyp info spawn args   '--generator-output',
gyp info spawn args   'build',
gyp info spawn args   '-Goutput_dir=.'
gyp info spawn args ]
gyp info ok
gyp info ok
gyp info it worked if it ends with ok
gyp info using node-gyp@5.0.5
gyp info using node@13.1.0 | darwin | x64
gyp info it worked if it ends with ok
gyp info using node-gyp@5.0.5
gyp info using node@13.1.0 | darwin | x64
gyp info spawn make
gyp info spawn args [ 'BUILDTYPE=Release', '-C', 'build' ]
gyp info spawn make
gyp info spawn args [ 'BUILDTYPE=Release', '-C', 'build' ]
  SOLINK_MODULE(target) Release/.node
  SOLINK_MODULE(target) Release/.node
  CXX(target) Release/obj.target/fse/fsevents.o
  CXX(target) Release/obj.target/fse/fsevents.o
In file included from ../fsevents.cc:6:
In file included from ../../nan/nan.h:192:
../../nan/nan_maybe_43_inl.h:112:15: error: no member named 'ForceSet' in 'v8::Object'
  return obj->ForceSet(isolate->GetCurrentContext(), key, value, attribs);
         ~~~  ^
In file included from ../fsevents.cc:6:
In file included from ../../nan/nan.h:192:
../../nan/nan_maybe_43_inl.h:112:15: error: no member named 'ForceSet' in 'v8::Object'
  return obj->ForceSet(isolate->GetCurrentContext(), key, value, attribs);
         ~~~  ^
In file included from ../fsevents.cc:6:
In file included from ../../nan/nan.h:197:
In file included from ../../nan/nan_converters.h:59:
../../nan/nan_converters_43_inl.h:22:1: error: no viable conversion from 'Local<v8::Context>' to 'v8::Isolate *'
X(Boolean)
^~~~~~~~~~
../../nan/nan_converters_43_inl.h:18:23: note: expanded from macro 'X'
      val->To ## TYPE(v8::Isolate::GetCurrent()->GetCurrentContext())          \\\n                      ^~~~~~~~~~~~~~~~~~~~~~~~~~~~~~~~~~~~~~~~~~~~~~
/Users/alexander/Library/Caches/node-gyp/13.1.0/include/node/v8.h:2639:37: note: passing argument to parameter 'isolate' here
  Local<Boolean> ToBoolean(Isolate* isolate) const;
                                    ^
In file included from ../fsevents.cc:6:
In file included from ../../nan/nan.h:197:
In file included from ../../nan/nan_converters.h:59:
../../nan/nan_converters_43_inl.h:22:1: error: no viable conversion from 'Local<v8::Context>' to 'v8::Isolate *'
X(Boolean)
^~~~~~~~~~
../../nan/nan_converters_43_inl.h:18:23: note: expanded from macro 'X'
      val->To ## TYPE(v8::Isolate::GetCurrent()->GetCurrentContext())          \\\n                      ^~~~~~~~~~~~~~~~~~~~~~~~~~~~~~~~~~~~~~~~~~~~~~
/Users/alexander/Library/Caches/node-gyp/13.1.0/include/node/v8.h:2639:37: note: passing argument to parameter 'isolate' here
  Local<Boolean> ToBoolean(Isolate* isolate) const;
                                    ^
In file included from ../fsevents.cc:6:
In file included from ../../nan/nan.h:197:
In file included from ../../nan/nan_converters.h:59:
../../nan/nan_converters_43_inl.h:40:1: error: no viable conversion from 'Local<v8::Context>' to 'v8::Isolate *'
X(bool, Boolean)
^~~~~~~~~~~~~~~~
../../nan/nan_converters_43_inl.h:37:29: note: expanded from macro 'X'
  return val->NAME ## Value(isolate->GetCurrentContext());                     \\\n                            ^~~~~~~~~~~~~~~~~~~~~~~~~~~~
/Users/alexander/Library/Caches/node-gyp/13.1.0/include/node/v8.h:2648:30: note: passing argument to parameter 'isolate' here
  bool BooleanValue(Isolate* isolate) const;
                             ^
In file included from ../fsevents.cc:6:
In file included from ../../nan/nan.h:197:
In file included from ../../nan/nan_converters.h:59:
../../nan/nan_converters_43_inl.h:40:1: error: no viable conversion from 'Local<v8::Context>' to 'v8::Isolate *'
X(bool, Boolean)
^~~~~~~~~~~~~~~~
../../nan/nan_converters_43_inl.h:37:29: note: expanded from macro 'X'
  return val->NAME ## Value(isolate->GetCurrentContext());                     \\\n                            ^~~~~~~~~~~~~~~~~~~~~~~~~~~~
/Users/alexander/Library/Caches/node-gyp/13.1.0/include/node/v8.h:2648:30: note: passing argument to parameter 'isolate' here
  bool BooleanValue(Isolate* isolate) const;
                             ^
In file included from ../fsevents.cc:6:
In file included from ../../nan/nan.h:198:
In file included from ../../nan/nan_new.h:189:
../../nan/nan_implementation_12_inl.h:103:42: error: no viable conversion from 'v8::Isolate *' to 'Local<v8::Context>'
  return scope.Escape(v8::Function::New( isolate
                                         ^~~~~~~
/Users/alexander/Library/Caches/node-gyp/13.1.0/include/node/v8.h:185:7: note: candidate constructor (the implicit copy constructor) not viable: no known conversion from 'v8::Isolate *' to 'const v8::Local<v8::Context> &' for 1st argument
class Local {
      ^
/Users/alexander/Library/Caches/node-gyp/13.1.0/include/node/v8.h:185:7: note: candidate constructor (the implicit move constructor) not viable: no known conversion from 'v8::Isolate *' to 'v8::Local<v8::Context> &&' for 1st argument
/Users/alexander/Library/Caches/node-gyp/13.1.0/include/node/v8.h:189:13: note: candidate template ignored: could not match 'Local<type-parameter-0-0>' against 'v8::Isolate *'
  V8_INLINE Local(Local<S> that)
            ^
/Users/alexander/Library/Caches/node-gyp/13.1.0/include/node/v8.h:4189:22: note: passing argument to parameter 'context' here
      Local<Context> context, FunctionCallback callback,
                     ^
In file included from ../fsevents.cc:6:
In file included from ../../nan/nan.h:198:
In file included from ../../nan/nan_new.h:189:
../../nan/nan_implementation_12_inl.h:103:42: error: no viable conversion from 'v8::Isolate *' to 'Local<v8::Context>'
  return scope.Escape(v8::Function::New( isolate
                                         ^~~~~~~
/Users/alexander/Library/Caches/node-gyp/13.1.0/include/node/v8.h:185:7: note: candidate constructor (the implicit copy constructor) not viable: no known conversion from 'v8::Isolate *' to 'const v8::Local<v8::Context> &' for 1st argument
class Local {
      ^
/Users/alexander/Library/Caches/node-gyp/13.1.0/include/node/v8.h:185:7: note: candidate constructor (the implicit move constructor) not viable: no known conversion from 'v8::Isolate *' to 'v8::Local<v8::Context> &&' for 1st argument
/Users/alexander/Library/Caches/node-gyp/13.1.0/include/node/v8.h:189:13: note: candidate template ignored: could not match 'Local<type-parameter-0-0>' against 'v8::Isolate *'
  V8_INLINE Local(Local<S> that)
            ^
/Users/alexander/Library/Caches/node-gyp/13.1.0/include/node/v8.h:4189:22: note: passing argument to parameter 'context' here
      Local<Context> context, FunctionCallback callback,
                     ^
In file included from ../fsevents.cc:6:
In file included from ../../nan/nan.h:198:
In file included from ../../nan/nan_new.h:189:
../../nan/nan_implementation_12_inl.h:337:37: error: too few arguments to function call, expected 2, have 1
  return v8::StringObject::New(value).As<v8::StringObject>();
         ~~~~~~~~~~~~~~~~~~~~~      ^
/Users/alexander/Library/Caches/node-gyp/13.1.0/include/node/v8.h:5409:3: note: 'New' declared here
  static Local<Value> New(Isolate* isolate, Local<String> value);
  ^
In file included from In file included from ../fsevents.cc:6:
In file included from ../../nan/nan.h:198:
In file included from ../../nan/nan_new.h:189:
../../nan/nan_implementation_12_inl.h:337:58: error: expected '(' for function-style cast or type construction
  return v8::StringObject::New(value).As<v8::StringObject>();
                                         ~~~~~~~~~~~~~~~~^
../../nan/nan_implementation_12_inl.h:337:60: error: expected expression
  return v8::StringObject::New(value).As<v8::StringObject>();
                                                           ^
../fsevents.cc:6:
In file included from ../../nan/nan.h:198:
In file included from ../../nan/nan_new.h:189:
../../nan/nan_implementation_12_inl.h:337:37: error: too few arguments to function call, expected 2, have 1
  return v8::StringObject::New(value).As<v8::StringObject>();
         ~~~~~~~~~~~~~~~~~~~~~      ^
/Users/alexander/Library/Caches/node-gyp/13.1.0/include/node/v8.h:5409:3: note: 'New' declared here
  static Local<Value> New(Isolate* isolate, Local<String> value);
  ^
In file included from ../fsevents.cc:6:
In file included from ../../nan/nan.h:198:
In file included from ../../nan/nan_new.h:189:
../../nan/nan_implementation_12_inl.h:337:58: error: expected '(' for function-style cast or type construction
  return v8::StringObject::New(value).As<v8::StringObject>();
                                         ~~~~~~~~~~~~~~~~^
../../nan/nan_implementation_12_inl.h:337:60: error: expected expression
  return v8::StringObject::New(value).As<v8::StringObject>();
                                                           ^
In file included from ../fsevents.cc:6:
../../nan/nan.h:834:18: warning: 'MakeCallback' is deprecated: Use MakeCallback(..., async_context) [-Wdeprecated-declarations]
    return node::MakeCallback(
                 ^
/Users/alexander/Library/Caches/node-gyp/13.1.0/include/node/node.h:179:1: note: 'MakeCallback' has been explicitly marked deprecated here
NODE_DEPRECATED(\"Use MakeCallback(..., async_context)\",
^
/Users/alexander/Library/Caches/node-gyp/13.1.0/include/node/node.h:99:20: note: expanded from macro 'NODE_DEPRECATED'
    __attribute__((deprecated(message))) declarator
                   ^
In file included from ../fsevents.cc:6:
../../nan/nan.h:849:18: warning: 'MakeCallback' is deprecated: Use MakeCallback(..., async_context) [-Wdeprecated-declarations]
    return node::MakeCallback(
                 ^
/Users/alexander/Library/Caches/node-gyp/13.1.0/include/node/node.h:172:1: note: 'MakeCallback' has been explicitly marked deprecated here
NODE_DEPRECATED(\"Use MakeCallback(..., async_context)\",
^
/Users/alexander/Library/Caches/node-gyp/13.1.0/include/node/node.h:99:20: note: expanded from macro 'NODE_DEPRECATED'
    __attribute__((deprecated(message))) declarator
                   ^
In file included from ../fsevents.cc:6:
../../nan/nan.h:864:18: warning: 'MakeCallback' is deprecated: Use MakeCallback(..., async_context) [-Wdeprecated-declarations]
    return node::MakeCallback(
                 ^
/Users/alexander/Library/Caches/node-gyp/13.1.0/include/node/node.h:165:1: note: 'MakeCallback' has been explicitly marked deprecated here
NODE_DEPRECATED(\"Use MakeCallback(..., async_context)\",
^
/Users/alexander/Library/Caches/node-gyp/13.1.0/include/node/node.h:99:20: note: expanded from macro 'NODE_DEPRECATED'
    __attribute__((deprecated(message))) declarator
                   ^
In file included from ../fsevents.cc:6:
../../nan/nan.h:834:18: warning: 'MakeCallback' is deprecated: Use MakeCallback(..., async_context) [-Wdeprecated-declarations]
    return node::MakeCallback(
                 ^
/Users/alexander/Library/Caches/node-gyp/13.1.0/include/node/node.h:179:1: note: 'MakeCallback' has been explicitly marked deprecated here
NODE_DEPRECATED(\"Use MakeCallback(..., async_context)\",
^
/Users/alexander/Library/Caches/node-gyp/13.1.0/include/node/node.h:99:20: note: expanded from macro 'NODE_DEPRECATED'
    __attribute__((deprecated(message))) declarator
                   ^
In file included from ../fsevents.cc:6:
../../nan/nan.h:911:53: error: too few arguments to function call, single argument 'context' was not specified
      v8::Local<v8::String> string = from->ToString();
                                     ~~~~~~~~~~~~~~ ^
/Users/alexander/Library/Caches/node-gyp/13.1.0/include/node/v8.h:2627:3: note: 'ToString' declared here
  V8_WARN_UNUSED_RESULT MaybeLocal<String> ToString(
  ^
/Users/alexander/Library/Caches/node-gyp/13.1.0/include/node/v8config.h:368:31: note: expanded from macro 'V8_WARN_UNUSED_RESULT'
#define V8_WARN_UNUSED_RESULT __attribute__((warn_unused_result))
                              ^
In file included from ../fsevents.cc:6:
../../nan/nan.h:849:18: warning: 'MakeCallback' is deprecated: Use MakeCallback(..., async_context) [-Wdeprecated-declarations]
    return node::MakeCallback(
                 ^
/Users/alexander/Library/Caches/node-gyp/13.1.0/include/node/node.h:172:1: note: 'MakeCallback' has been explicitly marked deprecated here
NODE_DEPRECATED(\"Use MakeCallback(..., async_context)\",
^
/Users/alexander/Library/Caches/node-gyp/13.1.0/include/node/node.h:99:20: note: expanded from macro 'NODE_DEPRECATED'
    __attribute__((deprecated(message))) declarator
                   ^
In file included from ../fsevents.cc:6:
../../nan/nan.h:864:18: warning: 'MakeCallback' is deprecated: Use MakeCallback(..., async_context) [-Wdeprecated-declarations]
    return node::MakeCallback(
                 ^
/Users/alexander/Library/Caches/node-gyp/13.1.0/include/node/node.h:165:1In file included from ../fsevents.cc::6 :
note../../nan/nan.h: :921:37'MakeCallback' has been explicitly marked deprecated here:
 error: cannot initialize a parameter of type 'v8::Isolate *' with an lvalue of type 'char *'
NODE_DEPRECATED(\"Use MakeCallback(..., async_context)\",
^
/Users/alexander/Library/Caches/node-gyp/13.1.0/include/node/node.h:99:20:         length_ = string->WriteUtf8(str_, static_cast<int>(len), 0, flags);note
:                                     ^~~~expanded from macro 'NODE_DEPRECATED'

/Users/alexander/Library/Caches/node-gyp/13.1.0/include/node/v8.h:2824:26: note: passing argument to parameter 'isolate' here
    __attribute__((deprecated(message))) declarator
                   ^
  int WriteUtf8(Isolate* isolate, char* buffer, int length = -1,
                         ^
In file included from ../fsevents.cc:6:
../../nan/nan.h:1473:31: warning: 'MakeCallback' is deprecated: Use MakeCallback(..., async_context) [-Wdeprecated-declarations]
    return scope.Escape(node::MakeCallback(
                              ^
/Users/alexander/Library/Caches/node-gyp/13.1.0/include/node/node.h:179:1: note: 'MakeCallback' has been explicitly marked deprecated here
NODE_DEPRECATED(\"Use MakeCallback(..., async_context)\",
^
/Users/alexander/Library/Caches/node-gyp/13.1.0/include/node/node.h:99:20: note: expanded from macro 'NODE_DEPRECATED'
    __attribute__((deprecated(message))) declarator
                   ^
In file included from ../fsevents.cc:6:
../../nan/nan.h:1533:28: error: no matching member function for call to 'Set'
    New(persistentHandle)->Set(New(key).ToLocalChecked(), value);
    ~~~~~~~~~~~~~~~~~~~~~~~^~~
/Users/alexander/Library/Caches/node-gyp/13.1.0/include/node/v8.h:3424:37: note: candidate function not viable: requires 3 arguments, but 2 were provided
  V8_WARN_UNUSED_RESULT Maybe<bool> Set(Local<Context> context,
                                    ^
/Users/alexander/Library/Caches/node-gyp/13.1.0/include/node/v8.h:3427:37: note: candidate function not viable: requires 3 arguments, but 2 were provided
  V8_WARN_UNUSED_RESULT Maybe<bool> Set(Local<Context> context, uint32_t index,
                                    ^
In file included from ../fsevents.cc:6:
../../nan/nan.h:1539:28: error: no matching member function for call to 'Set'
    New(persistentHandle)->Set(key, value);
    ~~~~~~~~~~~~~~~~~~~~~~~^~~
/Users/alexander/Library/Caches/node-gyp/13.1.0/include/node/v8.h:3424:37: note: candidate function not viable: requires 3 arguments, but 2 were provided
  V8_WARN_UNUSED_RESULT Maybe<bool> Set(Local<Context> context,
                                    ^
/Users/alexander/Library/Caches/node-gyp/13.1.0/include/node/v8.h:3427:37: note: candidate function not viable: requires 3 arguments, but 2 were provided
  V8_WARN_UNUSED_RESULT Maybe<bool> Set(Local<Context> context, uint32_t index,
                                    ^
In file included from ../fsevents.cc:6:
../../nan/nan.h:1545:28: error: no matching member function for call to 'Set'
    New(persistentHandle)->Set(index, value);
    ~~~~~~~~~~~~~~~~~~~~~~~^~~
/Users/alexander/Library/Caches/node-gyp/13.1.0/include/node/v8.h:3424:37: note: candidate function not viable: requires 3 arguments, but 2 were provided
  V8_WARN_UNUSED_RESULT Maybe<bool> Set(Local<Context> context,
                                    ^
/Users/alexander/Library/Caches/node-gyp/13.1.0/include/node/v8.h:3427:37: note: candidate function not viable: requires 3 arguments, but 2 were provided
  V8_WARN_UNUSED_RESULT Maybe<bool> Set(Local<Context> context, uint32_t index,
                                    ^
In file included from ../fsevents.cc:6:
../../nan/nan.h:1551:32: error: no matching member function for call to 'Get'
        New(persistentHandle)->Get(New(key).ToLocalChecked()));In file included from ../fsevents.cc:
6        ~~~~~~~~~~~~~~~~~~~~~~~^~~
:
../../nan/nan.h/Users/alexander/Library/Caches/node-gyp/13.1.0/include/node/v8.h:3471::43: 911note:: 53: error: too few arguments to function call, single argument 'context' was not specified
candidate function not viable: requires 2 arguments, but 1 was provided
      v8::Local<v8::String> string = from->ToString();
                                     ~~~~~~~~~~~~~~ ^  V8_WARN_UNUSED_RESULT MaybeLocal<Value> Get(Local<Context> context,
                                          ^

/Users/alexander/Library/Caches/node-gyp/13.1.0/include/node/v8.h:/Users/alexander/Library/Caches/node-gyp/13.1.0/include/node/v8.h:2627:3: 3474note:: 43'ToString' declared here:
 note: candidate function not viable: requires 2 arguments, but 1 was provided
  V8_WARN_UNUSED_RESULT MaybeLocal<String> ToString(
  ^
  V8_WARN_UNUSED_RESULT MaybeLocal<Value> Get(Local<Context> context,
                                          ^
/Users/alexander/Library/Caches/node-gyp/13.1.0/include/node/v8config.h:368:31: note: expanded from macro 'V8_WARN_UNUSED_RESULT'
#define V8_WARN_UNUSED_RESULT __attribute__((warn_unused_result))
                              ^
In file included from ../fsevents.cc:6:
../../nan/nan.h:1557:48: error: no matching member function for call to 'Get'
    return scope.Escape(New(persistentHandle)->Get(key));
                        ~~~~~~~~~~~~~~~~~~~~~~~^~~
/Users/alexander/Library/Caches/node-gyp/13.1.0/include/node/v8.h:3471:43: note: candidate function not viable: requires 2 arguments, but 1 was provided
  V8_WARN_UNUSED_RESULT MaybeLocal<Value> Get(Local<Context> context,
                                          ^
/Users/alexander/Library/Caches/node-gyp/13.1.0/include/node/v8.h:3474:43: note: candidate function not viable: requires 2 arguments, but 1 was provided
  V8_WARN_UNUSED_RESULT MaybeLocal<Value> Get(Local<Context> context,
                                          ^
In file included from In file included from ../fsevents.cc:6../fsevents.cc:6:
:
../../nan/nan.h:1562:../../nan/nan.h48::921:37 error: no matching member function for call to 'Get':
 error: cannot initialize a parameter of type 'v8::Isolate *' with an lvalue of type 'char *'
    return scope.Escape(New(persistentHandle)->Get(index));        length_ = string->WriteUtf8(str_, static_cast<int>(len), 0, flags);
                                    ^~~~
                        ~~~~~~~~~~~~~~~~~~~~~~~^~~

/Users/alexander/Library/Caches/node-gyp/13.1.0/include/node/v8.h:3471:/Users/alexander/Library/Caches/node-gyp/13.1.0/include/node/v8.h:282443: :note: candidate function not viable: requires 2 arguments, but 1 was provided26:
note: passing argument to parameter 'isolate' here
  V8_WARN_UNUSED_RESULT MaybeLocal<Value> Get(Local<Context> context,  int WriteUtf8(Isolate* isolate, char* buffer, int length = -1,
                         ^

                                          ^
/Users/alexander/Library/Caches/node-gyp/13.1.0/include/node/v8.h:3474:43: note: candidate function not viable: requires 2 arguments, but 1 was provided
  V8_WARN_UNUSED_RESULT MaybeLocal<Value> Get(Local<Context> context,
                                          ^
In file included from ../fsevents.cc:6:
../../nan/nan.h:1473:31: warning: 'MakeCallback' is deprecated: Use MakeCallback(..., async_context) [-Wdeprecated-declarations]
    return scope.Escape(node::MakeCallback(
                              ^
/Users/alexander/Library/Caches/node-gyp/13.1.0/include/node/node.h:179:1: note: 'MakeCallback' has been explicitly marked deprecated here
NODE_DEPRECATED(\"Use MakeCallback(..., async_context)\",
^
/Users/alexander/Library/Caches/node-gyp/13.1.0/include/node/node.h:99:20: note: expanded from macro 'NODE_DEPRECATED'
    __attribute__((deprecated(message))) declarator
                   ^
In file included from ../fsevents.cc:6:
../../nan/nan.h:1533:28: error: no matching member function for call to 'Set'
    New(persistentHandle)->Set(New(key).ToLocalChecked(), value);
    ~~~~~~~~~~~~~~~~~~~~~~~^~~
/Users/alexander/Library/Caches/node-gyp/13.1.0/include/node/v8.h:3424:37: note: candidate function not viable: requires 3 arguments, but 2 were provided
  V8_WARN_UNUSED_RESULT Maybe<bool> Set(Local<Context> context,
                                    ^
/Users/alexander/Library/Caches/node-gyp/13.1.0/include/node/v8.h:3427:37: note: candidate function not viable: requires 3 arguments, but 2 were provided
  V8_WARN_UNUSED_RESULT Maybe<bool> Set(Local<Context> context, uint32_t index,
                                    ^
In file included from ../fsevents.cc:6:
../../nan/nan.h:1539:28: error: no matching member function for call to 'Set'
    New(persistentHandle)->Set(key, value);
    ~~~~~~~~~~~~~~~~~~~~~~~^~~
/Users/alexander/Library/Caches/node-gyp/13.1.0/include/node/v8.h:3424:37: note: candidate function not viable: requires 3 arguments, but 2 were provided
  V8_WARN_UNUSED_RESULT Maybe<bool> Set(Local<Context> context,
                                    ^
/Users/alexander/Library/Caches/node-gyp/13.1.0/include/node/v8.h:3427:37: note: candidate function not viable: requires 3 arguments, but 2 were provided
  V8_WARN_UNUSED_RESULT Maybe<bool> Set(Local<Context> context, uint32_t index,
                                    ^
In file included from ../fsevents.cc:6:
../../nan/nan.h:1545:28: error: no matching member function for call to 'Set'
    New(persistentHandle)->Set(index, value);
    ~~~~~~~~~~~~~~~~~~~~~~~^~~
/Users/alexander/Library/Caches/node-gyp/13.1.0/include/node/v8.h:3424:37: note: candidate function not viable: requires 3 arguments, but 2 were provided
  V8_WARN_UNUSED_RESULT Maybe<bool> Set(Local<Context> context,
                                    ^
/Users/alexander/Library/Caches/node-gyp/13.1.0/include/node/v8.h:3427:37: note: candidate function not viable: requires 3 arguments, but 2 were provided
  V8_WARN_UNUSED_RESULT Maybe<bool> Set(Local<Context> context, uint32_t index,
                                    ^
In file included from ../fsevents.cc:6:
../../nan/nan.h:1551:32: error: no matching member function for call to 'Get'
        New(persistentHandle)->Get(New(key).ToLocalChecked()));
        ~~~~~~~~~~~~~~~~~~~~~~~^~~
/Users/alexander/Library/Caches/node-gyp/13.1.0/include/node/v8.h:3471:43: note: candidate function not viable: requires 2 arguments, but 1 was provided
  V8_WARN_UNUSED_RESULT MaybeLocal<Value> Get(Local<Context> context,
                                          ^
/Users/alexander/Library/Caches/node-gyp/13.1.0/include/node/v8.h:3474:43: note: candidate function not viable: requires 2 arguments, but 1 was provided
  V8_WARN_UNUSED_RESULT MaybeLocal<Value> Get(Local<Context> context,
                                          ^
In file included from ../fsevents.cc:6:
../../nan/nan.h:1557:48: error: no matching member function for call to 'Get'
    return scope.Escape(New(persistentHandle)->Get(key));
                        ~~~~~~~~~~~~~~~~~~~~~~~^~~
/Users/alexander/Library/Caches/node-gyp/13.1.0/include/node/v8.h:3471:43: note: candidate function not viable: requires 2 arguments, but 1 was provided
  V8_WARN_UNUSED_RESULT MaybeLocal<Value> Get(Local<Context> context,
                                          ^
/Users/alexander/Library/Caches/node-gyp/13.1.0/include/node/v8.h:3474:43: note: candidate function not viable: requires 2 arguments, but 1 was provided
  V8_WARN_UNUSED_RESULT MaybeLocal<Value> Get(Local<Context> context,
                                          ^
In file included from ../fsevents.cc:6:
../../nan/nan.h:1562:48: error: no matching member function for call to 'Get'
    return scope.Escape(New(persistentHandle)->Get(index));
                        ~~~~~~~~~~~~~~~~~~~~~~~^~~
/Users/alexander/Library/Caches/node-gyp/13.1.0/include/node/v8.h:3471:43: note: candidate function not viable: requires 2 arguments, but 1 was provided
  V8_WARN_UNUSED_RESULT MaybeLocal<Value> Get(Local<Context> context,
                                          ^
/Users/alexander/Library/Caches/node-gyp/13.1.0/include/node/v8.h:3474:43: note: candidate function not viable: requires 2 arguments, but 1 was provided
  V8_WARN_UNUSED_RESULT MaybeLocal<Value> Get(Local<Context> context,
                                          ^
In file included from ../fsevents.cc:6:
In file included from ../../nan/nan.h:2222:
../../nan/nan_object_wrap.h:24:25: error: no member named 'IsNearDeath' in 'Nan::Persistent<v8::Object, v8::NonCopyablePersistentTraits<v8::Object> >'
    assert(persistent().IsNearDeath());
           ~~~~~~~~~~~~ ^
/Library/Developer/CommandLineTools/SDKs/MacOSX.sdk/usr/include/assert.h:93:25: note: expanded from macro 'assert'
    (__builtin_expect(!(e), 0) ? __assert_rtn(__func__, __FILE__, __LINE__, #e) : (void)0)
                        ^
In file included from ../fsevents.cc:6:
In file included from ../../nan/nan.h:2222:
../../nan/nan_object_wrap.h:67:18: error: no member named 'MarkIndependent' in 'Nan::Persistent<v8::Object, v8::NonCopyablePersistentTraits<v8::Object> >'
    persistent().MarkIndependent();
    ~~~~~~~~~~~~ ^
../../nan/nan_object_wrap.h:124:26: error: no member named 'IsNearDeath' in 'Nan::Persistent<v8::Object, v8::NonCopyablePersistentTraits<v8::Object> >'
    assert(wrap->handle_.IsNearDeath());
           ~~~~~~~~~~~~~ ^
/Library/Developer/CommandLineTools/SDKs/MacOSX.sdk/usr/include/assert.h:93:25: note: expanded from macro 'assert'
    (__builtin_expect(!(e), 0) ? __assert_rtn(__func__, __FILE__, __LINE__, #e) : (void)0)
                        ^
In file included from ../fsevents.cc:6:
In file included from ../../nan/nan.h:2222:
../../nan/nan_object_wrap.h:24:25: error: no member named 'IsNearDeath' in 'Nan::Persistent<v8::Object, v8::NonCopyablePersistentTraits<v8::Object> >'
    assert(persistent().IsNearDeath());
           ~~~~~~~~~~~~ ^
/Library/Developer/CommandLineTools/SDKs/MacOSX.sdk/usr/include/assert.h:93:25: note: expanded from macro 'assert'
    (__builtin_expect(!(e), 0) ? __assert_rtn(__func__, __FILE__, __LINE__, #e) : (void)0)
                        ^
In file included from ../fsevents.cc:6:
In file included from ../../nan/nan.h:2222:
../../nan/nan_object_wrap.h:67:18: error: no member named 'MarkIndependent' in 'Nan::Persistent<v8::Object, v8::NonCopyablePersistentTraits<v8::Object> >'
    persistent().MarkIndependent();
    ~~~~~~~~~~~~ ^
../../nan/nan_object_wrap.h:124:26: error: no member named 'IsNearDeath' in 'Nan::Persistent<v8::Object, v8::NonCopyablePersistentTraits<v8::Object> >'
    assert(wrap->handle_.IsNearDeath());
           ~~~~~~~~~~~~~ ^
/Library/Developer/CommandLineTools/SDKs/MacOSX.sdk/usr/include/assert.h:93:25: note: expanded from macro 'assert'
    (__builtin_expect(!(e), 0) ? __assert_rtn(__func__, __FILE__, __LINE__, #e) : (void)0)
                        ^
../fsevents.cc:50:32: error: no template named 'Handle' in namespace 'v8'
    static void Initialize(v8::Handle<v8::Object> exports);
                           ~~~~^
../fsevents.cc:50:32: error: no template named 'Handle' in namespace 'v8'
    static void Initialize(v8::Handle<v8::Object> exports);
                           ~~~~^
fatal errorfatal error: too many errors emitted, stopping now [-ferror-limit=]
: too many errors emitted, stopping now [-ferror-limit=]
4 warnings and 20 errors generated.
4 warnings and 20 errors generated.
make: make: *** [Release/obj.target/fse/fsevents.o] Error 1
*** [Release/obj.target/fse/fsevents.o] Error 1
gypgyp  ERR!ERR!  build errorbuild error

gyp ERR! stack Error: `make` failed with exit code: 2
gyp ERR! stack     at ChildProcess.onExit (/usr/local/Cellar/node/13.1.0/libexec/lib/node_modules/npm/node_modules/node-gyp/lib/build.js:194:23)
gyp ERR! stack     at ChildProcess.emit (events.js:210:5)
gyp ERR! stack     at Process.ChildProcess._handle.onexit (internal/child_process.js:272:12)
gyp ERR! stack Error: `make` failed with exit code: 2
gyp ERR! stack     at ChildProcess.onExit (/usr/local/Cellar/node/13.1.0/libexec/lib/node_modules/npm/node_modules/node-gyp/lib/build.js:194:23)
gyp ERR! System Darwin 19.2.0
gypgyp  ERR!ERR! command \"/usr/local/Cellar/node/13.1.0/bin/node\" \"/usr/local/Cellar/node/13.1.0/libexec/lib/node_modules/npm/node_modules/node-gyp/bin/node-gyp.js\" \"build\" \"--fallback-to-build\" \"--module=/Users/alexander/Code/ruby/graphql/howtographql/node_modules/fsevents/lib/binding/Release/node-v79-darwin-x64/fse.node\" \"--module_name=fse\" \"--module_path=/Users/alexander/Code/ruby/graphql/howtographql/node_modules/fsevents/lib/binding/Release/node-v79-darwin-x64\"
gyp ERR! cwd /Users/alexander/Code/ruby/graphql/howtographql/node_modules/fsevents
gyp ERR! node -v v13.1.0
gyp ERR! node-gyp -v v5.0.5
gyp ERR! not ok
 stack     at ChildProcess.emit (events.js:210:5)
gyp ERR! stack     at Process.ChildProcess._handle.onexit (internal/child_process.js:272:12)
gyp ERR! System Darwin 19.2.0
gyp ERR! command \"/usr/local/Cellar/node/13.1.0/bin/node\" \"/usr/local/Cellar/node/13.1.0/libexec/lib/node_modules/npm/node_modules/node-gyp/bin/node-gyp.js\" \"build\" \"--fallback-to-build\" \"--module=/Users/alexander/Code/ruby/graphql/howtographql/node_modules/fsevents/lib/binding/Release/node-v79-darwin-x64/fse.node\" \"--module_name=fse\" \"--module_path=/Users/alexander/Code/ruby/graphql/howtographql/node_modules/fsevents/lib/binding/Release/node-v79-darwin-x64\"
gyp ERR! cwd /Users/alexander/Code/ruby/graphql/howtographql/node_modules/fsevents
gyp ERR! node -v v13.1.0
gyp ERR! node-gyp -v v5.0.5
gyp ERR! not ok
node-pre-gyp ERR! build error
node-pre-gyp ERR! stack Error: Failed to execute 'node-gyp build --fallback-to-build --module=/Users/alexander/Code/ruby/graphql/howtographql/node_modules/fsevents/lib/binding/Release/node-v79-darwin-x64/fse.node --module_name=fse --module_path=/Users/alexander/Code/ruby/graphql/howtographql/node_modules/fsevents/lib/binding/Release/node-v79-darwin-x64' (1)
node-pre-gyp ERR! stack     at ChildProcess.<anonymous> (/Users/alexander/Code/ruby/graphql/howtographql/node_modules/node-pre-gyp/lib/util/compile.js:83:29)
node-pre-gyp ERR! stack     at ChildProcess.emit (events.js:210:5)
node-pre-gyp ERR! stack     at maybeClose (internal/child_process.js:1028:16)
node-pre-gyp ERR! stack     at Process.ChildProcess._handle.onexit (internal/child_process.js:283:5)
node-pre-gyp ERR! System Darwin 19.2.0
node-pre-gyp ERR! command \"/usr/local/Cellar/node/13.1.0/bin/node\" \"/Users/alexander/Code/ruby/graphql/howtographql/node_modules/fsevents/node_modules/.bin/node-pre-gyp\" \"install\" \"--fallback-to-build\"
node-pre-gyp ERR! cwd /Users/alexander/Code/ruby/graphql/howtographql/node_modules/fsevents
node-pre-gyp ERR! node -v v13.1.0
node-pre-gyp ERR! node-pre-gyp -v v0.6.36
node-pre-gyp ERR! not ok
Failed to execute 'node-gyp build --fallback-to-build --module=/Users/alexander/Code/ruby/graphql/howtographql/node_modules/fsevents/lib/binding/Release/node-v79-darwin-x64/fse.node --module_name=fse --module_path=/Users/alexander/Code/ruby/graphql/howtographql/node_modules/fsevents/lib/binding/Release/node-v79-darwin-x64' (1)"
info This module is OPTIONAL, you can safely ignore this error
```

OS: macOS Catalina 10.15.12
node 13.1.0
yarn 1.19.1

I would appreciate, if anybody can decipher the error and point me in the right direction. Thank you.


Is there any interest in adding a Subscriptions section to the python backend tutorial? If so, I'd love to contribute it!

I recently released https://github.com/jaydenwindle/graphene-subscriptions, which adds plug-and-play support for Subscriptions to Graphene/Django. It's based on an implementation we've been using in production for ~6 months, and is relatively stable.

Let me know if this is something that would be useful and I'll submit a PR :)

Link is not correct in https://www.howtographql.com/graphql-java/2-queries/

> To add GraphiQL, copy the example index.html from GraphiQLâ€™s GitHub repo 

Just try to open it - https://github.com/graphql/graphiql/blob/master/example/index.html
It doesn't work. 
Seems like correct one is - https://github.com/howtographql/graphql-java/blob/master/src/main/webapp/index.html

And it's not needed to change any styles
> and replace the paths to graphiql.css and graphiql.js from
Running through the tutorial 
```
https://www.howtographql.com/react-apollo/1-getting-started/
```
leads me to the error message
```
server$ npm start

> hackernews-node@1.0.0 start /home/d/d/ub/server
> node src/index.js

/home/d/d/ub/server/node_modules/graphql/language/lexer.js:270
  throw (0, _syntaxError.syntaxError)(source, pos, unexpectedCharacterMessage(code));
  ^
GraphQLError: Syntax Error: Cannot parse the unexpected character ".".
    at syntaxError (/home/d/d/ub/server/node_modules/graphql/error/syntaxError.js:15:10)
    at readToken (/home/d/d/ub/server/node_modules/graphql/language/lexer.js:270:38)
    at Object.lookahead (/home/d/d/ub/server/node_modules/graphql/language/lexer.js:54:43)
    at Object.advanceLexer [as advance] (/home/d/d/ub/server/node_modules/graphql/language/lexer.js:44:33)
    at Parser.expectToken (/home/d/d/ub/server/node_modules/graphql/language/parser.js:1399:19)
    at Parser.many (/home/d/d/ub/server/node_modules/graphql/language/parser.js:1514:10)
    at Parser.parseDocument (/home/d/d/ub/server/node_modules/graphql/language/parser.js:111:25)
    at Object.parse (/home/d/d/ub/server/node_modules/graphql/language/parser.js:36:17)
    at Object.buildSchemaFromTypeDefinitions (/home/d/d/ub/server/node_modules/graphql-tools/dist/generate/buildSchemaFromTypeDefinitions.js:19:33)
    at Object.makeExecutableSchema (/home/d/d/ub/server/node_modules/graphql-tools/dist/makeExecutableSchema.js:26:29)
npm ERR! code ELIFECYCLE
npm ERR! errno 1
npm ERR! hackernews-node@1.0.0 start: `node src/index.js`
npm ERR! Exit status 1
npm ERR! 
npm ERR! Failed at the hackernews-node@1.0.0 start script.
npm ERR! This is probably not a problem with npm. There is likely additional logging output above.

npm ERR! A complete log of this run can be found in:
npm ERR!     /home/d/.npm/_logs/2019-12-30T07_55_34_034Z-debug.log
```

If I go into the file
```
server/src/index.js
```
can let the error "disappear" by changing
```
  typeDefs: './generated/prisma-client/prisma-schema.js',
```
to
```
  typeDefs: './src/schema.graphql',
```


=> I guess, something has to be updated in the tutorial files.

The file
```
./generated/prisma-client/prisma-schema.js
```
contains this:
```
module.exports = {
        typeDefs: `type AggregateLink {
  count: Int!
}

type AggregateUser {
  count: Int!
}

type AggregateVote {
  count: Int!
}

type BatchPayload {
  count: Long!
}

scalar DateTime

type Link {
  id: ID!
  createdAt: DateTime!
  description: String!
  url: String!
  postedBy: User
  votes(where: VoteWhereInput, orderBy: VoteOrderByInput, skip: Int, after: String, before: String, first: Int, last: Int): [Vote!]
}

type LinkConnection {
  pageInfo: PageInfo!
  edges: [LinkEdge]!
  aggregate: AggregateLink!
}

input LinkCreateInput {
  id: ID
  description: String!
  url: String!
  postedBy: UserCreateOneWithoutLinksInput
  votes: VoteCreateManyWithoutLinkInput
}

input LinkCreateManyWithoutPostedByInput {
  create: [LinkCreateWithoutPostedByInput!]
  connect: [LinkWhereUniqueInput!]
}

input LinkCreateOneWithoutVotesInput {
  create: LinkCreateWithoutVotesInput
  connect: LinkWhereUniqueInput
}

input LinkCreateWithoutPostedByInput {
  id: ID
  description: String!
  url: String!
  votes: VoteCreateManyWithoutLinkInput
}

input LinkCreateWithoutVotesInput {
  id: ID
  description: String!
  url: String!
  postedBy: UserCreateOneWithoutLinksInput
}

type LinkEdge {
  node: Link!
  cursor: String!
}

enum LinkOrderByInput {
  id_ASC
  id_DESC
  createdAt_ASC
  createdAt_DESC
  description_ASC
  description_DESC
  url_ASC
  url_DESC
}

type LinkPreviousValues {
  id: ID!
  createdAt: DateTime!
  description: String!
  url: String!
}

input LinkScalarWhereInput {
  id: ID
  id_not: ID
  id_in: [ID!]
  id_not_in: [ID!]
  id_lt: ID
  id_lte: ID
  id_gt: ID
  id_gte: ID
  id_contains: ID
  id_not_contains: ID
  id_starts_with: ID
  id_not_starts_with: ID
  id_ends_with: ID
  id_not_ends_with: ID
  createdAt: DateTime
  createdAt_not: DateTime
  createdAt_in: [DateTime!]
  createdAt_not_in: [DateTime!]
  createdAt_lt: DateTime
  createdAt_lte: DateTime
  createdAt_gt: DateTime
  createdAt_gte: DateTime
  description: String
  description_not: String
  description_in: [String!]
  description_not_in: [String!]
  description_lt: String
  description_lte: String
  description_gt: String
  description_gte: String
  description_contains: String
  description_not_contains: String
  description_starts_with: String
  description_not_starts_with: String
  description_ends_with: String
  description_not_ends_with: String
  url: String
  url_not: String
  url_in: [String!]
  url_not_in: [String!]
  url_lt: String
  url_lte: String
  url_gt: String
  url_gte: String
  url_contains: String
  url_not_contains: String
  url_starts_with: String
  url_not_starts_with: String
  url_ends_with: String
  url_not_ends_with: String
  AND: [LinkScalarWhereInput!]
  OR: [LinkScalarWhereInput!]
  NOT: [LinkScalarWhereInput!]
}

type LinkSubscriptionPayload {
  mutation: MutationType!
  node: Link
  updatedFields: [String!]
  previousValues: LinkPreviousValues
}

input LinkSubscriptionWhereInput {
  mutation_in: [MutationType!]
  updatedFields_contains: String
  updatedFields_contains_every: [String!]
  updatedFields_contains_some: [String!]
  node: LinkWhereInput
  AND: [LinkSubscriptionWhereInput!]
  OR: [LinkSubscriptionWhereInput!]
  NOT: [LinkSubscriptionWhereInput!]
}

input LinkUpdateInput {
  description: String
  url: String
  postedBy: UserUpdateOneWithoutLinksInput
  votes: VoteUpdateManyWithoutLinkInput
}

input LinkUpdateManyDataInput {
  description: String
  url: String
}

input LinkUpdateManyMutationInput {
  description: String
  url: String
}

input LinkUpdateManyWithoutPostedByInput {
  create: [LinkCreateWithoutPostedByInput!]
  delete: [LinkWhereUniqueInput!]
  connect: [LinkWhereUniqueInput!]
  set: [LinkWhereUniqueInput!]
  disconnect: [LinkWhereUniqueInput!]
  update: [LinkUpdateWithWhereUniqueWithoutPostedByInput!]
  upsert: [LinkUpsertWithWhereUniqueWithoutPostedByInput!]
  deleteMany: [LinkScalarWhereInput!]
  updateMany: [LinkUpdateManyWithWhereNestedInput!]
}

input LinkUpdateManyWithWhereNestedInput {
  where: LinkScalarWhereInput!
  data: LinkUpdateManyDataInput!
}

input LinkUpdateOneRequiredWithoutVotesInput {
  create: LinkCreateWithoutVotesInput
  update: LinkUpdateWithoutVotesDataInput
  upsert: LinkUpsertWithoutVotesInput
  connect: LinkWhereUniqueInput
}

input LinkUpdateWithoutPostedByDataInput {
  description: String
  url: String
  votes: VoteUpdateManyWithoutLinkInput
}

input LinkUpdateWithoutVotesDataInput {
  description: String
  url: String
  postedBy: UserUpdateOneWithoutLinksInput
}

input LinkUpdateWithWhereUniqueWithoutPostedByInput {
  where: LinkWhereUniqueInput!
  data: LinkUpdateWithoutPostedByDataInput!
}

input LinkUpsertWithoutVotesInput {
  update: LinkUpdateWithoutVotesDataInput!
  create: LinkCreateWithoutVotesInput!
}

input LinkUpsertWithWhereUniqueWithoutPostedByInput {
  where: LinkWhereUniqueInput!
  update: LinkUpdateWithoutPostedByDataInput!
  create: LinkCreateWithoutPostedByInput!
}

input LinkWhereInput {
  id: ID
  id_not: ID
  id_in: [ID!]
  id_not_in: [ID!]
  id_lt: ID
  id_lte: ID
  id_gt: ID
  id_gte: ID
  id_contains: ID
  id_not_contains: ID
  id_starts_with: ID
  id_not_starts_with: ID
  id_ends_with: ID
  id_not_ends_with: ID
  createdAt: DateTime
  createdAt_not: DateTime
  createdAt_in: [DateTime!]
  createdAt_not_in: [DateTime!]
  createdAt_lt: DateTime
  createdAt_lte: DateTime
  createdAt_gt: DateTime
  createdAt_gte: DateTime
  description: String
  description_not: String
  description_in: [String!]
  description_not_in: [String!]
  description_lt: String
  description_lte: String
  description_gt: String
  description_gte: String
  description_contains: String
  description_not_contains: String
  description_starts_with: String
  description_not_starts_with: String
  description_ends_with: String
  description_not_ends_with: String
  url: String
  url_not: String
  url_in: [String!]
  url_not_in: [String!]
  url_lt: String
  url_lte: String
  url_gt: String
  url_gte: String
  url_contains: String
  url_not_contains: String
  url_starts_with: String
  url_not_starts_with: String
  url_ends_with: String
  url_not_ends_with: String
  postedBy: UserWhereInput
  votes_every: VoteWhereInput
  votes_some: VoteWhereInput
  votes_none: VoteWhereInput
  AND: [LinkWhereInput!]
  OR: [LinkWhereInput!]
  NOT: [LinkWhereInput!]
}

input LinkWhereUniqueInput {
  id: ID
}

scalar Long

type Mutation {
  createLink(data: LinkCreateInput!): Link!
  updateLink(data: LinkUpdateInput!, where: LinkWhereUniqueInput!): Link
  updateManyLinks(data: LinkUpdateManyMutationInput!, where: LinkWhereInput): BatchPayload!
  upsertLink(where: LinkWhereUniqueInput!, create: LinkCreateInput!, update: LinkUpdateInput!): Link!
  deleteLink(where: LinkWhereUniqueInput!): Link
  deleteManyLinks(where: LinkWhereInput): BatchPayload!
  createUser(data: UserCreateInput!): User!
  updateUser(data: UserUpdateInput!, where: UserWhereUniqueInput!): User
  updateManyUsers(data: UserUpdateManyMutationInput!, where: UserWhereInput): BatchPayload!
  upsertUser(where: UserWhereUniqueInput!, create: UserCreateInput!, update: UserUpdateInput!): User!
  deleteUser(where: UserWhereUniqueInput!): User
  deleteManyUsers(where: UserWhereInput): BatchPayload!
  createVote(data: VoteCreateInput!): Vote!
  updateVote(data: VoteUpdateInput!, where: VoteWhereUniqueInput!): Vote
  upsertVote(where: VoteWhereUniqueInput!, create: VoteCreateInput!, update: VoteUpdateInput!): Vote!
  deleteVote(where: VoteWhereUniqueInput!): Vote
  deleteManyVotes(where: VoteWhereInput): BatchPayload!
}

enum MutationType {
  CREATED
  UPDATED
  DELETED
}

interface Node {
  id: ID!
}

type PageInfo {
  hasNextPage: Boolean!
  hasPreviousPage: Boolean!
  startCursor: String
  endCursor: String
}

type Query {
  link(where: LinkWhereUniqueInput!): Link
  links(where: LinkWhereInput, orderBy: LinkOrderByInput, skip: Int, after: String, before: String, first: Int, last: Int): [Link]!
  linksConnection(where: LinkWhereInput, orderBy: LinkOrderByInput, skip: Int, after: String, before: String, first: Int, last: Int): LinkConnection!
  user(where: UserWhereUniqueInput!): User
  users(where: UserWhereInput, orderBy: UserOrderByInput, skip: Int, after: String, before: String, first: Int, last: Int): [User]!
  usersConnection(where: UserWhereInput, orderBy: UserOrderByInput, skip: Int, after: String, before: String, first: Int, last: Int): UserConnection!
  vote(where: VoteWhereUniqueInput!): Vote
  votes(where: VoteWhereInput, orderBy: VoteOrderByInput, skip: Int, after: String, before: String, first: Int, last: Int): [Vote]!
  votesConnection(where: VoteWhereInput, orderBy: VoteOrderByInput, skip: Int, after: String, before: String, first: Int, last: Int): VoteConnection!
  node(id: ID!): Node
}

type Subscription {
  link(where: LinkSubscriptionWhereInput): LinkSubscriptionPayload
  user(where: UserSubscriptionWhereInput): UserSubscriptionPayload
  vote(where: VoteSubscriptionWhereInput): VoteSubscriptionPayload
}

type User {
  id: ID!
  name: String!
  email: String!
  password: String!
  links(where: LinkWhereInput, orderBy: LinkOrderByInput, skip: Int, after: String, before: String, first: Int, last: Int): [Link!]
  votes(where: VoteWhereInput, orderBy: VoteOrderByInput, skip: Int, after: String, before: String, first: Int, last: Int): [Vote!]
}

type UserConnection {
  pageInfo: PageInfo!
  edges: [UserEdge]!
  aggregate: AggregateUser!
}

input UserCreateInput {
  id: ID
  name: String!
  email: String!
  password: String!
  links: LinkCreateManyWithoutPostedByInput
  votes: VoteCreateManyWithoutUserInput
}

input UserCreateOneWithoutLinksInput {
  create: UserCreateWithoutLinksInput
  connect: UserWhereUniqueInput
}

input UserCreateOneWithoutVotesInput {
  create: UserCreateWithoutVotesInput
  connect: UserWhereUniqueInput
}

input UserCreateWithoutLinksInput {
  id: ID
  name: String!
  email: String!
  password: String!
  votes: VoteCreateManyWithoutUserInput
}

input UserCreateWithoutVotesInput {
  id: ID
  name: String!
  email: String!
  password: String!
  links: LinkCreateManyWithoutPostedByInput
}

type UserEdge {
  node: User!
  cursor: String!
}

enum UserOrderByInput {
  id_ASC
  id_DESC
  name_ASC
  name_DESC
  email_ASC
  email_DESC
  password_ASC
  password_DESC
}

type UserPreviousValues {
  id: ID!
  name: String!
  email: String!
  password: String!
}

type UserSubscriptionPayload {
  mutation: MutationType!
  node: User
  updatedFields: [String!]
  previousValues: UserPreviousValues
}

input UserSubscriptionWhereInput {
  mutation_in: [MutationType!]
  updatedFields_contains: String
  updatedFields_contains_every: [String!]
  updatedFields_contains_some: [String!]
  node: UserWhereInput
  AND: [UserSubscriptionWhereInput!]
  OR: [UserSubscriptionWhereInput!]
  NOT: [UserSubscriptionWhereInput!]
}

input UserUpdateInput {
  name: String
  email: String
  password: String
  links: LinkUpdateManyWithoutPostedByInput
  votes: VoteUpdateManyWithoutUserInput
}

input UserUpdateManyMutationInput {
  name: String
  email: String
  password: String
}

input UserUpdateOneRequiredWithoutVotesInput {
  create: UserCreateWithoutVotesInput
  update: UserUpdateWithoutVotesDataInput
  upsert: UserUpsertWithoutVotesInput
  connect: UserWhereUniqueInput
}

input UserUpdateOneWithoutLinksInput {
  create: UserCreateWithoutLinksInput
  update: UserUpdateWithoutLinksDataInput
  upsert: UserUpsertWithoutLinksInput
  delete: Boolean
  disconnect: Boolean
  connect: UserWhereUniqueInput
}

input UserUpdateWithoutLinksDataInput {
  name: String
  email: String
  password: String
  votes: VoteUpdateManyWithoutUserInput
}

input UserUpdateWithoutVotesDataInput {
  name: String
  email: String
  password: String
  links: LinkUpdateManyWithoutPostedByInput
}

input UserUpsertWithoutLinksInput {
  update: UserUpdateWithoutLinksDataInput!
  create: UserCreateWithoutLinksInput!
}

input UserUpsertWithoutVotesInput {
  update: UserUpdateWithoutVotesDataInput!
  create: UserCreateWithoutVotesInput!
}

input UserWhereInput {
  id: ID
  id_not: ID
  id_in: [ID!]
  id_not_in: [ID!]
  id_lt: ID
  id_lte: ID
  id_gt: ID
  id_gte: ID
  id_contains: ID
  id_not_contains: ID
  id_starts_with: ID
  id_not_starts_with: ID
  id_ends_with: ID
  id_not_ends_with: ID
  name: String
  name_not: String
  name_in: [String!]
  name_not_in: [String!]
  name_lt: String
  name_lte: String
  name_gt: String
  name_gte: String
  name_contains: String
  name_not_contains: String
  name_starts_with: String
  name_not_starts_with: String
  name_ends_with: String
  name_not_ends_with: String
  email: String
  email_not: String
  email_in: [String!]
  email_not_in: [String!]
  email_lt: String
  email_lte: String
  email_gt: String
  email_gte: String
  email_contains: String
  email_not_contains: String
  email_starts_with: String
  email_not_starts_with: String
  email_ends_with: String
  email_not_ends_with: String
  password: String
  password_not: String
  password_in: [String!]
  password_not_in: [String!]
  password_lt: String
  password_lte: String
  password_gt: String
  password_gte: String
  password_contains: String
  password_not_contains: String
  password_starts_with: String
  password_not_starts_with: String
  password_ends_with: String
  password_not_ends_with: String
  links_every: LinkWhereInput
  links_some: LinkWhereInput
  links_none: LinkWhereInput
  votes_every: VoteWhereInput
  votes_some: VoteWhereInput
  votes_none: VoteWhereInput
  AND: [UserWhereInput!]
  OR: [UserWhereInput!]
  NOT: [UserWhereInput!]
}

input UserWhereUniqueInput {
  id: ID
  email: String
}

type Vote {
  id: ID!
  link: Link!
  user: User!
}

type VoteConnection {
  pageInfo: PageInfo!
  edges: [VoteEdge]!
  aggregate: AggregateVote!
}

input VoteCreateInput {
  id: ID
  link: LinkCreateOneWithoutVotesInput!
  user: UserCreateOneWithoutVotesInput!
}

input VoteCreateManyWithoutLinkInput {
  create: [VoteCreateWithoutLinkInput!]
  connect: [VoteWhereUniqueInput!]
}

input VoteCreateManyWithoutUserInput {
  create: [VoteCreateWithoutUserInput!]
  connect: [VoteWhereUniqueInput!]
}

input VoteCreateWithoutLinkInput {
  id: ID
  user: UserCreateOneWithoutVotesInput!
}

input VoteCreateWithoutUserInput {
  id: ID
  link: LinkCreateOneWithoutVotesInput!
}

type VoteEdge {
  node: Vote!
  cursor: String!
}

enum VoteOrderByInput {
  id_ASC
  id_DESC
}

type VotePreviousValues {
  id: ID!
}

input VoteScalarWhereInput {
  id: ID
  id_not: ID
  id_in: [ID!]
  id_not_in: [ID!]
  id_lt: ID
  id_lte: ID
  id_gt: ID
  id_gte: ID
  id_contains: ID
  id_not_contains: ID
  id_starts_with: ID
  id_not_starts_with: ID
  id_ends_with: ID
  id_not_ends_with: ID
  AND: [VoteScalarWhereInput!]
  OR: [VoteScalarWhereInput!]
  NOT: [VoteScalarWhereInput!]
}

type VoteSubscriptionPayload {
  mutation: MutationType!
  node: Vote
  updatedFields: [String!]
  previousValues: VotePreviousValues
}

input VoteSubscriptionWhereInput {
  mutation_in: [MutationType!]
  updatedFields_contains: String
  updatedFields_contains_every: [String!]
  updatedFields_contains_some: [String!]
  node: VoteWhereInput
  AND: [VoteSubscriptionWhereInput!]
  OR: [VoteSubscriptionWhereInput!]
  NOT: [VoteSubscriptionWhereInput!]
}

input VoteUpdateInput {
  link: LinkUpdateOneRequiredWithoutVotesInput
  user: UserUpdateOneRequiredWithoutVotesInput
}

input VoteUpdateManyWithoutLinkInput {
  create: [VoteCreateWithoutLinkInput!]
  delete: [VoteWhereUniqueInput!]
  connect: [VoteWhereUniqueInput!]
  set: [VoteWhereUniqueInput!]
  disconnect: [VoteWhereUniqueInput!]
  update: [VoteUpdateWithWhereUniqueWithoutLinkInput!]
  upsert: [VoteUpsertWithWhereUniqueWithoutLinkInput!]
  deleteMany: [VoteScalarWhereInput!]
}

input VoteUpdateManyWithoutUserInput {
  create: [VoteCreateWithoutUserInput!]
  delete: [VoteWhereUniqueInput!]
  connect: [VoteWhereUniqueInput!]
  set: [VoteWhereUniqueInput!]
  disconnect: [VoteWhereUniqueInput!]
  update: [VoteUpdateWithWhereUniqueWithoutUserInput!]
  upsert: [VoteUpsertWithWhereUniqueWithoutUserInput!]
  deleteMany: [VoteScalarWhereInput!]
}

input VoteUpdateWithoutLinkDataInput {
  user: UserUpdateOneRequiredWithoutVotesInput
}

input VoteUpdateWithoutUserDataInput {
  link: LinkUpdateOneRequiredWithoutVotesInput
}

input VoteUpdateWithWhereUniqueWithoutLinkInput {
  where: VoteWhereUniqueInput!
  data: VoteUpdateWithoutLinkDataInput!
}

input VoteUpdateWithWhereUniqueWithoutUserInput {
  where: VoteWhereUniqueInput!
  data: VoteUpdateWithoutUserDataInput!
}

input VoteUpsertWithWhereUniqueWithoutLinkInput {
  where: VoteWhereUniqueInput!
  update: VoteUpdateWithoutLinkDataInput!
  create: VoteCreateWithoutLinkInput!
}

input VoteUpsertWithWhereUniqueWithoutUserInput {
  where: VoteWhereUniqueInput!
  update: VoteUpdateWithoutUserDataInput!
  create: VoteCreateWithoutUserInput!
}

input VoteWhereInput {
  id: ID
  id_not: ID
  id_in: [ID!]
  id_not_in: [ID!]
  id_lt: ID
  id_lte: ID
  id_gt: ID
  id_gte: ID
  id_contains: ID
  id_not_contains: ID
  id_starts_with: ID
  id_not_starts_with: ID
  id_ends_with: ID
  id_not_ends_with: ID
  link: LinkWhereInput
  user: UserWhereInput
  AND: [VoteWhereInput!]
  OR: [VoteWhereInput!]
  NOT: [VoteWhereInput!]
}

input VoteWhereUniqueInput {
  id: ID
}
`
      }
```

Following the tutorial, ends in a not working state.

The problem arises when using the command "prisma deploy" for the first time.

https://www.howtographql.com/react-apollo/1-getting-started/

https://github.com/howtographql/howtographql/blob/master/content/frontend/react-apollo/1-getting-started.md

Section: Backend
Subsection: Deploying the Prisma database service

The commands 

```
cd server
npm install
prisma deploy
```
(I use npm instead of yarn)

results in

```
server$ prisma deploy
  command Failed to get the server +0ms
  Environment undefined +0ms
  environment FetchError: request to http://localhost:4466/management failed, reason: connect ECONNREFUSED 127.0.0.1:4466
  environment     at ClientRequest.<anonymous> (/usr/lib/node_modules/prisma/node_modules/node-fetch/lib/index.js:1393:11)
  environment     at emitOne (events.js:116:13)
  environment     at ClientRequest.emit (events.js:211:7)
  environment     at Socket.socketErrorListener (_http_client.js:401:9)
  environment     at emitOne (events.js:116:13)
  environment     at Socket.emit (events.js:211:7)
  environment     at emitErrorNT (internal/streams/destroy.js:73:8)
  environment     at _combinedTickCallback (internal/process/next_tick.js:139:11)
  environment     at process._tickDomainCallback (internal/process/next_tick.js:219:9) +0ms
  environment FetchError: request to http://localhost:4466/management failed, reason: connect ECONNREFUSED 127.0.0.1:4466
  environment     at ClientRequest.<anonymous> (/usr/lib/node_modules/prisma/node_modules/node-fetch/lib/index.js:1393:11)
  environment     at emitOne (events.js:116:13)
  environment     at ClientRequest.emit (events.js:211:7)
  environment     at Socket.socketErrorListener (_http_client.js:401:9)
  environment     at emitOne (events.js:116:13)
  environment     at Socket.emit (events.js:211:7)
  environment     at emitErrorNT (internal/streams/destroy.js:73:8)
  environment     at _combinedTickCallback (internal/process/next_tick.js:139:11)
  environment     at process._tickDomainCallback (internal/process/next_tick.js:219:9) +3ms
  client Sending query to cloud api +0ms
  client https://api2.cloud.prisma.sh +0ms
  client {
  client       me {
  client         id
  client         name
  client         login {
  client           email
  client         }
  client       }
  client     } +0ms
  client undefined +0ms
  client { headers: 
  client    { Authorization: 'Bearer <REMOVED BY PURPOSE> },
  client   agent: undefined } +1ms
? Set up a new Prisma server or deploy to an existing server? Create new database
? What kind of database do you want to deploy to? MySQL
  client Sending query to cluster local +42s
  client http://localhost:4466/management +0ms
  client 
  client       query($name: String! $stage: String!) {
  client         project(name: $name stage: $stage) {
  client           name
  client           stage
  client         }
  client       }
  client      +0ms
  client { name: 'default', stage: 'default' } +0ms
  client Sending query to cluster local +1ms
  client http://localhost:4466/management +0ms
  client 
  client       query($name: String! $stage: String!) {
  client         project(name: $name stage: $stage) {
  client           name
  client           stage
  client         }
  client       }
  client      +0ms
  client { name: 'default', stage: 'default' } +0ms

Written endpoint `http://localhost:4466` to prisma.yml

  environment FetchError: request to http://localhost:4466/management failed, reason: connect ECONNREFUSED 127.0.0.1:4466
  environment     at ClientRequest.<anonymous> (/usr/lib/node_modules/prisma/node_modules/node-fetch/lib/index.js:1393:11)
  environment     at emitOne (events.js:116:13)
  environment     at ClientRequest.emit (events.js:211:7)
  environment     at Socket.socketErrorListener (_http_client.js:401:9)
  environment     at emitOne (events.js:116:13)
  environment     at Socket.emit (events.js:211:7)
  environment     at emitErrorNT (internal/streams/destroy.js:73:8)
  environment     at _combinedTickCallback (internal/process/next_tick.js:139:11)
  environment     at process._tickDomainCallback (internal/process/next_tick.js:219:9) +42s
  environment FetchError: request to http://localhost:4466/management failed, reason: connect ECONNREFUSED 127.0.0.1:4466
  environment     at ClientRequest.<anonymous> (/usr/lib/node_modules/prisma/node_modules/node-fetch/lib/index.js:1393:11)
  environment     at emitOne (events.js:116:13)
  environment     at ClientRequest.emit (events.js:211:7)
  environment     at Socket.socketErrorListener (_http_client.js:401:9)
  environment     at emitOne (events.js:116:13)
  environment     at Socket.emit (events.js:211:7)
  environment     at emitErrorNT (internal/streams/destroy.js:73:8)
  environment     at _combinedTickCallback (internal/process/next_tick.js:139:11)
  environment     at process._tickDomainCallback (internal/process/next_tick.js:219:9) +2ms
Error: Could not connect to server at http://localhost:4466. Please check if your server is running.
    at Deploy.<anonymous> (/usr/lib/node_modules/prisma/node_modules/prisma-cli-core/src/commands/deploy/deploy.ts:137:13)
    at step (/usr/lib/node_modules/prisma/node_modules/prisma-cli-core/dist/commands/deploy/deploy.js:45:23)
    at Object.next (/usr/lib/node_modules/prisma/node_modules/prisma-cli-core/dist/commands/deploy/deploy.js:26:53)
    at fulfilled (/usr/lib/node_modules/prisma/node_modules/prisma-cli-core/dist/commands/deploy/deploy.js:17:58)
    at <anonymous>
    at process._tickDomainCallback (internal/process/next_tick.js:229:7)
  output Exiting with code: 1 +0ms
server$ 
```

I have checked the file

server/src/generated/prisma-client/index.js

and ensured that the endpoint was set. (I can't remember if I had to set it there).

Even with the endpoint set in that file, does prisma deploy go wrong:

```

server$ prisma deploy
  environment FetchError: request to http://localhost:4466/management failed, reason: connect ECONNREFUSED 127.0.0.1:4466
  environment     at ClientRequest.<anonymous> (/usr/lib/node_modules/prisma/node_modules/node-fetch/lib/index.js:1393:11)
  environment     at emitOne (events.js:116:13)
  environment     at ClientRequest.emit (events.js:211:7)
  environment     at Socket.socketErrorListener (_http_client.js:401:9)
  environment     at emitOne (events.js:116:13)
  environment     at Socket.emit (events.js:211:7)
  environment     at emitErrorNT (internal/streams/destroy.js:73:8)
  environment     at _combinedTickCallback (internal/process/next_tick.js:139:11)
  environment     at process._tickDomainCallback (internal/process/next_tick.js:219:9) +0ms
  environment FetchError: request to http://localhost:4466/management failed, reason: connect ECONNREFUSED 127.0.0.1:4466
  environment     at ClientRequest.<anonymous> (/usr/lib/node_modules/prisma/node_modules/node-fetch/lib/index.js:1393:11)
  environment     at emitOne (events.js:116:13)
  environment     at ClientRequest.emit (events.js:211:7)
  environment     at Socket.socketErrorListener (_http_client.js:401:9)
  environment     at emitOne (events.js:116:13)
  environment     at Socket.emit (events.js:211:7)
  environment     at emitErrorNT (internal/streams/destroy.js:73:8)
  environment     at _combinedTickCallback (internal/process/next_tick.js:139:11)
  environment     at process._tickDomainCallback (internal/process/next_tick.js:219:9) +5ms
  command Failed to fetch server version +0ms
  command TypeError: Cannot read property 'replace' of null +0ms
  environment FetchError: request to http://localhost:4466/management failed, reason: connect ECONNREFUSED 127.0.0.1:4466
  environment     at ClientRequest.<anonymous> (/usr/lib/node_modules/prisma/node_modules/node-fetch/lib/index.js:1393:11)
  environment     at emitOne (events.js:116:13)
  environment     at ClientRequest.emit (events.js:211:7)
  environment     at Socket.socketErrorListener (_http_client.js:401:9)
  environment     at emitOne (events.js:116:13)
  environment     at Socket.emit (events.js:211:7)
  environment     at emitErrorNT (internal/streams/destroy.js:73:8)
  environment     at _combinedTickCallback (internal/process/next_tick.js:139:11)
  environment     at process._tickDomainCallback (internal/process/next_tick.js:219:9) +5ms
  environment FetchError: request to http://localhost:4466/management failed, reason: connect ECONNREFUSED 127.0.0.1:4466
  environment     at ClientRequest.<anonymous> (/usr/lib/node_modules/prisma/node_modules/node-fetch/lib/index.js:1393:11)
  environment     at emitOne (events.js:116:13)
  environment     at ClientRequest.emit (events.js:211:7)
  environment     at Socket.socketErrorListener (_http_client.js:401:9)
  environment     at emitOne (events.js:116:13)
  environment     at Socket.emit (events.js:211:7)
  environment     at emitErrorNT (internal/streams/destroy.js:73:8)
  environment     at _combinedTickCallback (internal/process/next_tick.js:139:11)
  environment     at process._tickDomainCallback (internal/process/next_tick.js:219:9) +1ms
Error: Could not connect to server at http://localhost:4466. Please check if your server is running.
    at Deploy.<anonymous> (/usr/lib/node_modules/prisma/node_modules/prisma-cli-core/src/commands/deploy/deploy.ts:137:13)
    at step (/usr/lib/node_modules/prisma/node_modules/prisma-cli-core/dist/commands/deploy/deploy.js:45:23)
    at Object.next (/usr/lib/node_modules/prisma/node_modules/prisma-cli-core/dist/commands/deploy/deploy.js:26:53)
    at fulfilled (/usr/lib/node_modules/prisma/node_modules/prisma-cli-core/dist/commands/deploy/deploy.js:17:58)
    at <anonymous>
    at process._tickDomainCallback (internal/process/next_tick.js:229:7)
  output Exiting with code: 1 +0ms
server$ 
```

I can start the server with this command:
```
server$ npm start

> hackernews-node@1.0.0 start /*/*/*/*/server
> node src/index.js

  express:application set "x-powered-by" to true +0ms
  express:application set "etag" to 'weak' +3ms
  express:application set "etag fn" to [Function: generateETag] +0ms
  express:application set "env" to 'development' +0ms
  express:application set "query parser" to 'extended' +0ms
  express:application set "query parser fn" to [Function: parseExtendedQueryString] +1ms
  express:application set "subdomain offset" to 2 +0ms
  express:application set "trust proxy" to false +0ms
  express:application set "trust proxy fn" to [Function: trustNone] +0ms
  express:application booting in development mode +0ms
  express:application set "view" to [Function: View] +0ms
  express:application set "views" to '/home/d/d/ub/server/views' +1ms
  express:application set "jsonp callback name" to 'callback' +0ms
  express:router use '/' query +18ms
  express:router:layer new '/' +0ms
  express:router use '/' expressInit +1ms
  express:router:layer new '/' +0ms
  express:router use '/' corsMiddleware +0ms
  express:router:layer new '/' +0ms
  express:router:route new '/' +0ms
  express:router:layer new '/' +0ms
  express:router:route post '/' +1ms
  express:router:layer new '/' +0ms
  express:router:route new '/' +0ms
  express:router:layer new '/' +0ms
  express:router:route post '/' +0ms
  express:router:layer new '/' +0ms
  express:router:route new '/' +0ms
  express:router:layer new '/' +1ms
  express:router:route post '/' +0ms
  express:router:layer new '/' +0ms
  express:router:route new '/' +0ms
  express:router:layer new '/' +0ms
  express:router:route get '/' +0ms
  express:router:layer new '/' +0ms
Server is running on http://localhost:4000
```

But - in the Playground - running the command

```
mutation CreatePrismaLink {
  post(
    description: "Prisma turns your database into a GraphQL API ðŸ˜Ž",
    url: "https://www.prismagraphql.com"
  ) {
    id
  }
}
```

Only yields

```
{
  "data": null,
  "errors": [
    {
      "message": "request to http://localhost:4466/ failed, reason: connect ECONNREFUSED 127.0.0.1:4466",
      "locations": [
        {
          "line": 2,
          "column": 3
        }
      ],
      "path": [
        "post"
      ]
    }
  ]
}
```

The backend says:
```
(blablabla)

FetchError: request to http://localhost:4466/ failed, reason: connect ECONNREFUSED 127.0.0.1:4466
    at ClientRequest.<anonymous> (/home/d/d/ub/server/node_modules/node-fetch/lib/index.js:1393:11)
    at emitOne (events.js:116:13)
    at ClientRequest.emit (events.js:211:7)
    at Socket.socketErrorListener (_http_client.js:401:9)
    at emitOne (events.js:116:13)
    at Socket.emit (events.js:211:7)
    at emitErrorNT (internal/streams/destroy.js:73:8)
    at _combinedTickCallback (internal/process/next_tick.js:139:11)
    at process._tickCallback (internal/process/next_tick.js:181:9)

(blablabla)
```

The file

server/src/generated/prisma-client/index.js

has the following content:

```
"use strict";
Object.defineProperty(exports, "__esModule", { value: true });
var prisma_lib_1 = require("prisma-client-lib");
var typeDefs = require("./prisma-schema").typeDefs;

var models = [
  {
    name: "Link",
    embedded: false
  },
  {
    name: "User",
    embedded: false
  },
  {
    name: "Vote",
    embedded: false
  }
];
exports.Prisma = prisma_lib_1.makePrismaClientClass({
  typeDefs,
  models,
  endpoint: `http://localhost:4466`
});
exports.prisma = new exports.Prisma();
```

What to do?....
How to get the tut running again?
Is this a challenge by purpose?
In the React-Apollo [tutorial](https://www.howtographql.com/react-apollo/1-getting-started/) `yarn global create-react-app` is no longer supported. See the React [Docs](https://create-react-app.dev/docs/getting-started/). It may also be helpful to link to this [post](https://stackoverflow.com/questions/59188624/template-not-provided-using-create-react-app) if users are having issues with old installs. 