
Can not create a new project with bowser.

---
run:
$ ignite new apppp --debug
-select bowser
-say no to Detox tests

CLI output -
```
-----------------------------------------------
  (                  )   (
  )\ )   (        ( /(   )\ )    *   )
 (()/(   )\ )     )\()) (()/(  ` )  /(   (
  /(_)) (()/(    ((_)\   /(_))  ( )(_))  )\
 (_))    /(_))_   _((_) (_))   (_(_())  ((_)
 |_ _|  (_)) __| | \| | |_ _|  |_   _|  | __|
  | |     | (_ | | .` |  | |     | |    | _|
 |___|     \___| |_|\_| |___|    |_|    |___|
-----------------------------------------------

An unfair headstart for your React Native apps.
https://infinite.red/ignite

-----------------------------------------------

ðŸ”¥ igniting app apppp
âœ” Which boilerplate would you like to use? Â· ignite-bowser
16:42:17 [ignite] making directory /Users/rammmukul/apppp
16:42:17 [ignite] switched directory to /Users/rammmukul/apppp
16:42:17 [ignite] running boilerplate-install command
16:42:17 [ignite] installing plugin ignite-bowser from npm
â ¸ adding ignite-bowser16:42:19 [ignite] ignite-bowser 4.12.0 on npm.
16:42:19 [ignite] npm i ignite-bowser --save-dev
â ¼ adding ignite-bowser16:42:25 [ignite] finished npm command
â ‹ installing boilerplate16:42:25 [ignite] reading boilerplate package.json
16:42:25 [ignite] loading boilerplate install script from /Users/rammmukul/apppp/node_modules/ignite-bowser/boilerplate.js
16:42:25 [ignite] running install function from boilerplate
âœ” using the Infinite Red boilerplate v3 (code name 'Bowser')
âœ” Would you like to include Detox end-to-end tests? (y/N) Â· false
16:44:06 [ignite] initializing react native
16:44:06 [ignite] npx react-native init apppp --version 0.61.2 --npm
16:44:06 [ignite] initializing react native project
16:44:06 [ignite] command: npx react-native init apppp --version 0.61.2 --npm
This will walk you through creating a new React Native project in /Users/rammmukul/apppp/apppp
Installing react-native@0.61.2...
npm WARN deprecated core-js@2.6.11: core-js@<3 is no longer maintained and not recommended for usage due to the number of issues. Please, upgrade your dependencies to the actual version of core-js@3.
npm WARN deprecated core-js@1.2.7: core-js@<3 is no longer maintained and not recommended for usage due to the number of issues. Please, upgrade your dependencies to the actual version of core-js@3.

> fsevents@1.2.11 install /Users/rammmukul/apppp/apppp/node_modules/fsevents
> node-gyp rebuild

  SOLINK_MODULE(target) Release/.node
  CXX(target) Release/obj.target/fse/fsevents.o
  SOLINK_MODULE(target) Release/fse.node

> core-js@2.6.11 postinstall /Users/rammmukul/apppp/apppp/node_modules/core-js
> node -e "try{require('./postinstall')}catch(e){}"

Thank you for using core-js ( https://github.com/zloirock/core-js ) for polyfilling JavaScript standard library!

The project needs your help! Please consider supporting of core-js on Open Collective or Patreon:
> https://opencollective.com/core-js
> https://www.patreon.com/zloirock

Also, the author of core-js ( https://github.com/zloirock ) is looking for a good job -)

npm notice created a lockfile as package-lock.json. You should commit this file.
npm WARN react-native@0.61.2 requires a peer of react@16.9.0 but none is installed. You must install peer dependencies yourself.

+ react-native@0.61.2
added 717 packages from 431 contributors and audited 66241 packages in 127.07s

5 packages are looking for funding
  run `npm fund` for details

found 4 low severity vulnerabilities
  run `npm audit fix` to fix them, or `npm audit` for details
info Setting up new React Native app in /Users/rammmukul/apppp/apppp
info Adding required dependencies
+ react@16.9.0
added 1 package and audited 66450 packages in 6.829s

5 packages are looking for funding
  run `npm fund` for details

found 4 low severity vulnerabilities
  run `npm audit fix` to fix them, or `npm audit` for details
info Adding required dev dependencies
npm WARN deprecated left-pad@1.3.0: use String.prototype.padStart()
npm WARN eslint-plugin-react-native@3.6.0 requires a peer of eslint@^3.17.0 || ^4 || ^5 but none is installed. You must install peer dependencies yourself.
npm WARN eslint-plugin-react@7.12.4 requires a peer of eslint@^3.0.0 || ^4.0.0 || ^5.0.0 but none is installed. You must install peer dependencies yourself.

+ @babel/runtime@7.8.3
+ jest@24.9.0
+ @react-native-community/eslint-config@0.0.3
+ react-test-renderer@16.9.0
+ @babel/core@7.8.3
+ babel-jest@24.9.0
+ metro-react-native-babel-preset@0.51.1
+ eslint@6.8.0
added 286 packages from 272 contributors, updated 3 packages and audited 952708 packages in 29.935s

19 packages are looking for funding
  run `npm fund` for details

found 4 low severity vulnerabilities
  run `npm audit fix` to fix them, or `npm audit` for details
info Installing required CocoaPods dependencies

[!] Invalid `Podfile` file: No such file or directory - npx.

 #  from /Users/rammmukul/apppp/apppp/ios/Podfile:42
 #  -------------------------------------------
 #
 >    use_native_modules!
 #  end
 #  -------------------------------------------

(node:51395) UnhandledPromiseRejectionWarning: Error: Failed to install CocoaPods dependencies for iOS project, which is required by this template.
Please try again manually: "cd ./apppp/ios && pod install".
CocoaPods documentation: https://cocoapods.org/
    at installPods (/Users/rammmukul/apppp/apppp/node_modules/react-native/node_modules/@react-native-community/cli/build/tools/installPods.js:207:13)
    at processTicksAndRejections (internal/process/task_queues.js:94:5)
(node:51395) UnhandledPromiseRejectionWarning: Unhandled promise rejection. This error originated either by throwing inside of an async function without a catch block, or by rejecting a promise which was not handled with .catch(). (rejection id: 2)
(node:51395) [DEP0018] DeprecationWarning: Unhandled promise rejections are deprecated. In the future, promise rejections that are not handled will terminate the Node.js process with a non-zero exit code.
16:46:59 [ignite] done initializing react native project
âœ” added React Native 0.61.2 in 172.89s
16:46:59 [ignite] changed to directory /Users/rammmukul/apppp/apppp
16:46:59 [ignite] merging Bowser package.json with React Native package.json
16:46:59 [ignite] writing newly merged package.json
16:46:59 [ignite] adding boilerplate to project for generator commands
16:47:15 [ignite] adding react-native-gesture-handler
â ‹ â–¸ installing react-native-gesture-handler@^1.5.0 16:47:15 [ignite] npm i react-native-gesture-handler@^1.5.0 --save
16:47:28 [ignite] patching MainActivity.java to add RNGestureHandler
16:47:28 [ignite] patching package.json to add solidarity postInstall
an error occured while installing ignite-bowser boilerplate.
Error: Command failed: npm install
npm WARN deprecated @types/jest-diff@24.3.0: This is a stub types definition. jest-diff provides its own type definitions, so you do not need this installed.
npm WARN deprecated set-value@1.0.0: Critical bug fixed in v3.0.1, please upgrade to the latest version.
npm WARN deprecated set-value@0.4.3: Critical bug fixed in v3.0.1, please upgrade to the latest version.
npm WARN deprecated core-js@1.2.7: core-js@<3 is no longer maintained and not recommended for usage due to the number of issues. Please, upgrade your dependencies to the actual version of core-js@3.
No patch files found
npm ERR! code ELIFECYCLE
npm ERR! errno 1
npm ERR! apppp@0.0.1 postinstall: `node ./bin/postInstall`
npm ERR! Exit status 1
npm ERR!
npm ERR! Failed at the apppp@0.0.1 postinstall script.
npm ERR! This is probably not a problem with npm. There is likely additional logging output above.

npm ERR! A complete log of this run can be found in:
npm ERR!     /Users/rammmukul/.npm/_logs/2020-01-14T16_49_03_894Z-debug.log

    at ChildProcess.exithandler (child_process.js:295:12)
    at ChildProcess.emit (events.js:223:5)
    at maybeClose (internal/child_process.js:1021:16)
    at Process.ChildProcess._handle.onexit (internal/child_process.js:283:5) {
  killed: false,
  code: 1,
  signal: null,
  cmd: 'npm install',
  stderr: 'npm WARN deprecated @types/jest-diff@24.3.0: This is a stub types definition. jest-diff provides its own type definitions, so you do not need this installed.\n' +
    'npm WARN deprecated set-value@1.0.0: Critical bug fixed in v3.0.1, please upgrade to the latest version.\n' +
    'npm WARN deprecated set-value@0.4.3: Critical bug fixed in v3.0.1, please upgrade to the latest version.\n' +
    'npm WARN deprecated core-js@1.2.7: core-js@<3 is no longer maintained and not recommended for usage due to the number of issues. Please, upgrade your dependencies to the actual version of core-js@3.\n' +
    'No patch files found\n' +
    'npm ERR! code ELIFECYCLE\n' +
    'npm ERR! errno 1\n' +
    'npm ERR! apppp@0.0.1 postinstall: `node ./bin/postInstall`\n' +
    'npm ERR! Exit status 1\n' +
    'npm ERR! \n' +
    'npm ERR! Failed at the apppp@0.0.1 postinstall script.\n' +
    'npm ERR! This is probably not a problem with npm. There is likely additional logging output above.\n' +
    '\n' +
    'npm ERR! A complete log of this run can be found in:\n' +
    'npm ERR!     /Users/rammmukul/.npm/_logs/2020-01-14T16_49_03_894Z-debug.log\n'
}
error installing boilerplate
```

---
`ignite doctor` results:

```

System
  platform           darwin
  arch               x64
  cpu                4 cores      Intel(R) Core(TM) i5-5350U CPU @ 1.80GHz
  directory          rammmukul    /Users/rammmukul

JavaScript
  node               12.14.1      /Users/rammmukul/.nvm/versions/node/v12.14.1/bin/node
  npm                6.13.4       /Users/rammmukul/.nvm/versions/node/v12.14.1/bin/npm
  yarn               -            not installed

Ignite
  ignite-cli         3.5.0        /Users/rammmukul/.nvm/versions/node/v12.14.1/bin/ignite
  ignite src         build        /Users/rammmukul/.nvm/versions/node/v12.14.1/lib/node_modules/ignite-cli/build
  generators         {}

Android
  java               11           /usr/bin/java
  android home       -            /Users/rammmukul/Library/Android/sdk/

iOS
  xcode              11.3
  cocoapods          1.5.2        /usr/local/bin/pod
```
Hi guys, do you have any idea on how to disable persisting data definitively ?
When creating a new app with `ignite-bowser` boilerplate (RN 0.61.2), the first part of the process works fine:

```
ðŸ”¥ igniting app EcouterLaRadioApp
âœ” Which boilerplate would you like to use? Â· ignite-bowser
âœ” using the Infinite Red boilerplate v3 (code name 'Bowser')
âœ” Would you like to include Detox end-to-end tests? (y/N) Â· false
âœ” added React Native 0.61.2 in 124.75s
```

But then I'm getting an error when the process is trying to install the libraries.

```
an error occured while installing ignite-bowser boilerplate.
Error: Command failed: yarn
warning You are using Node "13.5.0" which is not supported and may encounter bugs or unexpected behavior. Yarn supports the following semver range: "^4.8.0 || ^5.7.0 || ^6.2.2 || ^8.0.0"
(node:91738) [DEP0005] DeprecationWarning: Buffer() is deprecated due to security and usability issues. Please use the Buffer.alloc(), Buffer.allocUnsafe(), or Buffer.from() methods instead.
/usr/local/Cellar/ruby/2.5.0/lib/ruby/2.5.0/rubygems/core_ext/kernel_require.rb:59:in `require': dlopen(/usr/local/Cellar/ruby/2.5.0/lib/ruby/2.5.0/x86_64-darwin17/openssl.bundle, 9): Library not loaded: /usr/local/opt/openssl/lib/libssl.1.0.0.dylib (LoadError)
  Referenced from: /usr/local/Cellar/ruby/2.5.0/lib/ruby/2.5.0/x86_64-darwin17/openssl.bundle
  Reason: image not found - /usr/local/Cellar/ruby/2.5.0/lib/ruby/2.5.0/x86_64-darwin17/openssl.bundle
	from /usr/local/Cellar/ruby/2.5.0/lib/ruby/2.5.0/rubygems/core_ext/kernel_require.rb:59:in `require'
	from /usr/local/Cellar/ruby/2.5.0/lib/ruby/2.5.0/openssl.rb:13:in `<top (required)>'
	from /usr/local/Cellar/ruby/2.5.0/lib/ruby/2.5.0/rubygems/core_ext/kernel_require.rb:59:in `require'
	from /usr/local/Cellar/ruby/2.5.0/lib/ruby/2.5.0/rubygems/core_ext/kernel_require.rb:59:in `require'
	from /usr/local/Cellar/ruby/2.5.0/lib/ruby/2.5.0/net/http.rb:970:in `connect'
	from /usr/local/Cellar/ruby/2.5.0/lib/ruby/2.5.0/net/http.rb:920:in `do_start'
	from /usr/local/Cellar/ruby/2.5.0/lib/ruby/2.5.0/net/http.rb:909:in `start'
	from /usr/local/Cellar/ruby/2.5.0/lib/ruby/2.5.0/net/http.rb:1455:in `request'
	from /usr/local/lib/ruby/gems/2.5.0/gems/gh_inspector-1.1.3/lib/gh_inspector/sidekick.rb:84:in `get_api_results'
	from /usr/local/lib/ruby/gems/2.5.0/gems/gh_inspector-1.1.3/lib/gh_inspector/sidekick.rb:28:in `search'
	from /usr/local/lib/ruby/gems/2.5.0/gems/gh_inspector-1.1.3/lib/gh_inspector/inspector.rb:68:in `search_query'
	from /usr/local/lib/ruby/gems/2.5.0/gems/gh_inspector-1.1.3/lib/gh_inspector/inspector.rb:62:in `search_exception'
	from /usr/local/lib/ruby/gems/2.5.0/gems/cocoapods-1.7.5/lib/cocoapods/user_interface/error_report.rb:119:in `search_for_exceptions'
	from /usr/local/lib/ruby/gems/2.5.0/gems/cocoapods-1.7.5/lib/cocoapods/command.rb:67:in `report_error'
	from /usr/local/lib/ruby/gems/2.5.0/gems/claide-1.0.3/lib/claide/command.rb:396:in `handle_exception'
	from /usr/local/lib/ruby/gems/2.5.0/gems/claide-1.0.3/lib/claide/command.rb:337:in `rescue in run'
	from /usr/local/lib/ruby/gems/2.5.0/gems/claide-1.0.3/lib/claide/command.rb:324:in `run'
	from /usr/local/lib/ruby/gems/2.5.0/gems/cocoapods-1.7.5/lib/cocoapods/command.rb:52:in `run'
	from /usr/local/lib/ruby/gems/2.5.0/gems/cocoapods-1.7.5/bin/pod:55:in `<top (required)>'
	from /usr/local/bin/pod:23:in `load'
	from /usr/local/bin/pod:23:in `<main>'
error Command failed with exit code 1.

    at ChildProcess.exithandler (child_process.js:302:12)
    at ChildProcess.emit (events.js:305:20)
    at maybeClose (internal/child_process.js:1028:16)
    at Socket.<anonymous> (internal/child_process.js:443:11)
    at Socket.emit (events.js:305:20)
    at Pipe.<anonymous> (net.js:667:12) {
  killed: false,
  code: 1,
  signal: null,
  cmd: 'yarn',
  stderr: 'warning You are using Node "13.5.0" which is not supported and may encounter bugs or unexpected behavior. Yarn supports the following semver range: "^4.8.0 || ^5.7.0 || ^6.2.2 || ^8.0.0"\n' +
    '(node:91738) [DEP0005] DeprecationWarning: Buffer() is deprecated due to security and usability issues. Please use the Buffer.alloc(), Buffer.allocUnsafe(), or Buffer.from() methods instead.\n' +
    "/usr/local/Cellar/ruby/2.5.0/lib/ruby/2.5.0/rubygems/core_ext/kernel_require.rb:59:in `require': dlopen(/usr/local/Cellar/ruby/2.5.0/lib/ruby/2.5.0/x86_64-darwin17/openssl.bundle, 9): Library not loaded: /usr/local/opt/openssl/lib/libssl.1.0.0.dylib (LoadError)\n" +
    '  Referenced from: /usr/local/Cellar/ruby/2.5.0/lib/ruby/2.5.0/x86_64-darwin17/openssl.bundle\n' +
    '  Reason: image not found - /usr/local/Cellar/ruby/2.5.0/lib/ruby/2.5.0/x86_64-darwin17/openssl.bundle\n' +
    "\tfrom /usr/local/Cellar/ruby/2.5.0/lib/ruby/2.5.0/rubygems/core_ext/kernel_require.rb:59:in `require'\n" +
    "\tfrom /usr/local/Cellar/ruby/2.5.0/lib/ruby/2.5.0/openssl.rb:13:in `<top (required)>'\n" +
    "\tfrom /usr/local/Cellar/ruby/2.5.0/lib/ruby/2.5.0/rubygems/core_ext/kernel_require.rb:59:in `require'\n" +
    "\tfrom /usr/local/Cellar/ruby/2.5.0/lib/ruby/2.5.0/rubygems/core_ext/kernel_require.rb:59:in `require'\n" +
    "\tfrom /usr/local/Cellar/ruby/2.5.0/lib/ruby/2.5.0/net/http.rb:970:in `connect'\n" +
    "\tfrom /usr/local/Cellar/ruby/2.5.0/lib/ruby/2.5.0/net/http.rb:920:in `do_start'\n" +
    "\tfrom /usr/local/Cellar/ruby/2.5.0/lib/ruby/2.5.0/net/http.rb:909:in `start'\n" +
    "\tfrom /usr/local/Cellar/ruby/2.5.0/lib/ruby/2.5.0/net/http.rb:1455:in `request'\n" +
    "\tfrom /usr/local/lib/ruby/gems/2.5.0/gems/gh_inspector-1.1.3/lib/gh_inspector/sidekick.rb:84:in `get_api_results'\n" +
    "\tfrom /usr/local/lib/ruby/gems/2.5.0/gems/gh_inspector-1.1.3/lib/gh_inspector/sidekick.rb:28:in `search'\n" +
    "\tfrom /usr/local/lib/ruby/gems/2.5.0/gems/gh_inspector-1.1.3/lib/gh_inspector/inspector.rb:68:in `search_query'\n" +
    "\tfrom /usr/local/lib/ruby/gems/2.5.0/gems/gh_inspector-1.1.3/lib/gh_inspector/inspector.rb:62:in `search_exception'\n" +
    "\tfrom /usr/local/lib/ruby/gems/2.5.0/gems/cocoapods-1.7.5/lib/cocoapods/user_interface/error_report.rb:119:in `search_for_exceptions'\n" +
    "\tfrom /usr/local/lib/ruby/gems/2.5.0/gems/cocoapods-1.7.5/lib/cocoapods/command.rb:67:in `report_error'\n" +
    "\tfrom /usr/local/lib/ruby/gems/2.5.0/gems/claide-1.0.3/lib/claide/command.rb:396:in `handle_exception'\n" +
    "\tfrom /usr/local/lib/ruby/gems/2.5.0/gems/claide-1.0.3/lib/claide/command.rb:337:in `rescue in run'\n" +
    "\tfrom /usr/local/lib/ruby/gems/2.5.0/gems/claide-1.0.3/lib/claide/command.rb:324:in `run'\n" +
    "\tfrom /usr/local/lib/ruby/gems/2.5.0/gems/cocoapods-1.7.5/lib/cocoapods/command.rb:52:in `run'\n" +
    "\tfrom /usr/local/lib/ruby/gems/2.5.0/gems/cocoapods-1.7.5/bin/pod:55:in `<top (required)>'\n" +
    "\tfrom /usr/local/bin/pod:23:in `load'\n" +
    "\tfrom /usr/local/bin/pod:23:in `<main>'\n" +
    'error Command failed with exit code 1.\n'
}
error installing boilerplate
```

Thanks for your help!
---
When creating a new app using the name "Test", the tests directory, tsconfig.json, and yarn.lock fail to be moved to the parent directory during initialization.

```
  Error: ENOTEMPTY: directory not empty, rename '/Users/ian/Documents/Workspace/Test/Test/test' ->   '/Users/ian/Documents/Workspace/Test/test'
  
  - fs.js:665 Object.renameSync
    fs.js:665:3
  
  - move.js:27 Object.moveSync [as sync]
    [global]/[gluegun]/[fs-jetpack]/lib/move.js:27:8
  
  - jetpack.js:179 Object.move
    [global]/[gluegun]/[fs-jetpack]/lib/jetpack.js:179:12
  
  - new.js:201 
    [global]/[ignite-cli]/build/commands/new.js:201:40
  
  - Array.forEach
  
  - new.js:199 Command.<anonymous>
    [global]/[ignite-cli]/build/commands/new.js:199:35
  
  - new.js:32 step
    [global]/[ignite-cli]/build/commands/new.js:32:23
  
  - new.js:13 Object.next
    [global]/[ignite-cli]/build/commands/new.js:13:53
  
  - new.js:4 fulfilled
    [global]/[ignite-cli]/build/commands/new.js:4:58
  

/Users/ian/.config/yarn/global/node_modules/gluegun/build/index.js:13
    throw up;
    ^

Error: ENOTEMPTY: directory not empty, rename '/Users/ian/Documents/Workspace/Test/Test/test' -> '/Users/ian/Documents/Workspace/Test/test'
    at Object.renameSync (fs.js:665:3)
    at Object.moveSync [as sync] (/Users/ian/.config/yarn/global/node_modules/gluegun/node_modules/fs-jetpack/lib/move.js:27:8)
    at Object.move (/Users/ian/.config/yarn/global/node_modules/gluegun/node_modules/fs-jetpack/lib/jetpack.js:179:12)
    at /Users/ian/.config/yarn/global/node_modules/ignite-cli/build/commands/new.js:201:40
    at Array.forEach (<anonymous>)
    at Command.<anonymous> (/Users/ian/.config/yarn/global/node_modules/ignite-cli/build/commands/new.js:199:35)
    at step (/Users/ian/.config/yarn/global/node_modules/ignite-cli/build/commands/new.js:32:23)
    at Object.next (/Users/ian/.config/yarn/global/node_modules/ignite-cli/build/commands/new.js:13:53)
    at fulfilled (/Users/ian/.config/yarn/global/node_modules/ignite-cli/build/commands/new.js:4:58) {
  errno: -66,
  syscall: 'rename',
  code: 'ENOTEMPTY',
  path: '/Users/ian/Documents/Workspace/Test/Test/test',
  dest: '/Users/ian/Documents/Workspace/Test/test'
}
```

---
Steps to reproduce:

`npx ignite new Test -b bowser`

Press `y` when prompted for detox tests.
using ubuntu 19.10 and latest node
https://stackoverflow.com/questions/56803943/manifest-merger-failed-after-import-a-module/56853863#56853863
## Please verify the following:

- [x] Everything works on iOS/Android
- [x] `yarn ci:test` **jest** tests pass with new tests, if relevant
- [x] `./docs/` has been updated with your changes, if relevant

## Describe your PR

Adding support for adding plugins with repo name or url :
```
ignite add infinitered/ignite-maps
ignite add https://github.com/infinitered/ignite-maps
```

should now work, in addition to the normal way, that check on npm:
```
ignite add maps
```
ERROR:
```
12-03 13:42:38.396 18257-18276/? E/ReactNativeJS: TypeError: undefined is not an object (evaluating 'console.tron.log')
12-03 13:42:38.436 18257-18277/? E/AndroidRuntime: FATAL EXCEPTION: mqt_native_modules
    Process: com.myapp, PID: 18257
    com.facebook.react.common.JavascriptException: TypeError: undefined is not an object (evaluating 'console.tron.log'), stack:
    <unknown>@1413:472
    <unknown>@714:290
    <unknown>@722:741
    onPress@1282:1566
    touchableHandlePress@214:2247
    touchableHandlePress@-1
    _performSideEffectsForTransition@205:9659
    _performSideEffectsForTransition@-1
    _receiveSignal@205:8341
    _receiveSignal@-1
    touchableHandleResponderRelease@205:5629
    touchableHandleResponderRelease@-1
    b@89:1197
    k@89:1340
    C@89:1394
    N@89:1692
    A@89:2482
    forEach@-1
    z@89:2282
    <unknown>@89:13914
    _e@89:88659
    Ne@89:13582
    Ue@89:13755
    receiveTouches@89:14547
    value@24:3685
    <unknown>@24:841
    value@24:2939
    value@24:813
    value@-1
    
        at com.facebook.react.modules.core.ExceptionsManagerModule.reportException(ExceptionsManagerModule.java:71)
        at java.lang.reflect.Method.invoke(Native Method)
        at java.lang.reflect.Method.invoke(Method.java:372)
        at com.facebook.react.bridge.JavaMethodWrapper.invoke(JavaMethodWrapper.java:371)
        at com.facebook.react.bridge.JavaModuleWrapper.invoke(JavaModuleWrapper.java:150)
        at com.facebook.react.bridge.queue.NativeRunnable.run(Native Method)
        at android.os.Handler.handleCallback(Handler.java:739)
        at android.os.Handler.dispatchMessage(Handler.java:95)
        at com.facebook.react.bridge.queue.MessageQueueThreadHandler.dispatchMessage(MessageQueueThreadHandler.java:26)
        at android.os.Looper.loop(Looper.java:145)
        at com.facebook.react.bridge.queue.MessageQueueThreadImpl$4.run(MessageQueueThreadImpl.java:225)
        at java.lang.Thread.run(Thread.java:818)
```

package.json
```

{
  "name": "myapp",
  "version": "0.0.1",
  "private": true,
  "scripts": {
    "android": "react-native run-android",
    "ios": "react-native run-ios",
    "start": "react-native start",
    "test": "jest",
    "clean": "rm -rf $TMPDIR/react-* && watchman watch-del-all && npm cache clean --force",
    "clean:android": "cd android/ && ./gradlew clean && cd .. && react-native run-android",
    "newclear": "rm -rf $TMPDIR/react-* && watchman watch-del-all && rm -rf ios/build && rm -rf node_modules/ && npm cache clean --force && npm i",
    "test:watch": "jest --watch",
    "updateSnapshot": "jest --updateSnapshot",
    "coverage": "jest --coverage && open coverage/lcov-report/index.html || xdg-open coverage/lcov-report/index.html",
    "android:build": "cd android && ./gradlew assembleRelease",
    "android:install": "cd android && ./gradlew assembleRelease && ./gradlew installRelease",
    "android:hockeyapp": "cd android && ./gradlew assembleRelease && puck -submit=auto app/build/outputs/apk/app-release.apk",
    "android:devices": "$ANDROID_HOME/platform-tools/adb devices",
    "android:logcat": "$ANDROID_HOME/platform-tools/adb logcat *:S ReactNative:V ReactNativeJS:V",
    "android:shake": "$ANDROID_HOME/platform-tools/adb devices | grep '\\t' | awk '{print $1}' | sed 's/\\s//g' | xargs -I {} $ANDROID_HOME/platform-tools/adb -s {} shell input keyevent 82",
    "storybook": "storybook start -p 7007",
    "lint": "standard --verbose | snazzy && eslint .",
    "lintdiff": "git diff --name-only --cached --relative | grep '\\.js$' | xargs standard | snazzy",
    "fixcode": "standard --fix",
    "git-hook": "npm run lint -s && npm run test -s",
    "eslint-check": "eslint --print-config App/Containers/TimelineScreen/index.js | eslint-config-prettier-check"
  },
  "dependencies": {
    "@react-native-community/geolocation": "^2.0.2",
    "apisauce": "^1.1.1",
    "format-json": "^1.0.3",
    "identity-obj-proxy": "^3.0.0",
    "lodash": "^4.17.11",
    "prop-types": "^15.6.1",
    "querystringify": "2.1.0",
    "ramda": "^0.26.1",
    "react": "16.8.1",
    "react-native": "0.61.3",
    "react-native-animatable": "^1.3.2",
    "react-native-config": "^0.11.7",
    "react-native-elements": "^1.1.0",
    "react-native-gesture-handler": "1.5.0",
    "react-native-i18n": "2.0.14",
    "react-native-permissions": "^2.0.4",
    "react-native-vector-icons": "^6.6.0",
    "react-native-video": "^5.0.2",
    "react-navigation": "3.11.0",
    "react-navigation-redux-helpers": "^3.0.2",
    "react-redux": "^6.0.0",
    "redux": "^4.0.0",
    "redux-saga": "^1.0.0",
    "reduxsauce": "1.0.1",
    "seamless-immutable": "^7.1.2"
  },
  "devDependencies": {
    "@babel/core": "^7.5.0",
    "@babel/runtime": "^7.5.0",
    "@react-native-community/eslint-config": "^0.0.3",
    "@storybook/addon-actions": "5.0.11",
    "@storybook/addon-links": "5.0.11",
    "@storybook/addon-storyshots": "^4.1.11",
    "@storybook/addons": "^4.1.11",
    "@storybook/channels": "^4.1.11",
    "@storybook/react-native": "^4.1.11",
    "babel-core": "6.26.3",
    "babel-eslint": "^7.2.3",
    "babel-jest": "^24.1.0",
    "babel-plugin-ignite-ignore-reactotron": "^0.3.0",
    "babel-preset-env": "^1.6.1",
    "babel-preset-react-native": "^4.0.1",
    "enzyme": "^3.2.0",
    "enzyme-adapter-react-16": "^1.1.0",
    "eslint-config-airbnb": "^18.0.1",
    "eslint-config-babel": "^9.0.0",
    "eslint-config-prettier": "^6.3.0",
    "eslint-plugin-babel": "^5.3.0",
    "eslint-plugin-flowtype": "^4.3.0",
    "eslint-plugin-import": "^2.18.2",
    "eslint-plugin-jsx-a11y": "^6.2.3",
    "eslint-plugin-prettier": "^3.1.0",
    "eslint-plugin-react": "^7.14.3",
    "eslint-plugin-standard": "^4.0.1",
    "eslint-plugin-unicorn": "^11.0.1",
    "ignite-andross": "^4.1.0",
    "ignite-animatable": "1.0.2",
    "ignite-i18n": "1.2.0",
    "ignite-standard": "1.0.0",
    "jest": "^24.1.0",
    "metro-react-native-babel-preset": "^0.51.1",
    "mockery": "^2.1.0",
    "prettier": "^1.18.2",
    "prettier-eslint": "^9.0.0",
    "react-devtools-core": "3.6.0",
    "react-dom": "16.7.0",
    "react-test-renderer": "16.8.1",
    "reactotron-react-native": "^2.1.0",
    "reactotron-redux": "^2.1.0",
    "reactotron-redux-saga": "^3.0.0",
    "snazzy": "^8.0.0",
    "standard": "10.0.2"
  },
  "jest": {
    "preset": "react-native",
    "testMatch": [
      "<rootDir>/Tests/**/*.js",
      "**/?(*.)(spec|test).js?(x)"
    ],
    "testPathIgnorePatterns": [
      "/node_modules/",
      "<rootDir>/Tests/Setup.js"
    ],
    "moduleNameMapper": {
      "^.+\\.(jpg|jpeg|png|gif|eot|otf|webp|svg|ttf|woff|woff2|mp4|webm|wav|mp3|m4a|aac|oga)$": "identity-obj-proxy"
    },
    "transform": {
      "^.+\\.(js)$": "<rootDir>/node_modules/react-native/jest/preprocessor.js"
    },
    "setupFiles": [
      "<rootDir>/Tests/Setup"
    ]
  },
  "config": {},
  "standard": {
    "parser": "babel-eslint",
    "globals": [
      "describe",
      "test",
      "jest",
      "expect",
      "fetch",
      "navigator",
      "__DEV__",
      "XMLHttpRequest",
      "FormData",
      "React$Element"
    ]
  }
}

```
I deployed app usign "npm run android:install" to my physical device and i get the error.

I think Reactotron dependencies should be in prod dependencies. What do you think?
after installing  the ignite project i launch the emulator and  i execute react-native run-android  but it generate this error
![error](https://user-images.githubusercontent.com/21304554/69883121-0d5fc100-12d3-11ea-9581-347a5dcde753.PNG)


**What's going on?**

In welcome screen run Firebase Authentication sendSignInLinkToEmail method which sends an email with a link. Go to email and click the link, it opens the app back to the welcome screen but when clicking a button that should navigate to another screen the button is receiving the tap (can see logged message in console) but navigate function doesn't do anything. 
When the email link re-opens the app, clicking on the button should navigate to requested screen.

---
**Steps to reproduce**

Create ignite project using Bowser biolerplate, setup the navigation stack and use this code (or something similar):

```
export const WelcomeScreen: React.FunctionComponent<{ NavigationScreenProps }> = observer(props => {

  const onLoginPress = () => {
    console.log("login")
    props.navigation.navigate("login")
  }

return (
    <Screen testID="WelcomeScreen" style={CONTAINER} backgroundColor={color.transparent}>
      <View style={[Styles.welcomeSection, Styles.mediumWrapper]}>
        <Button preset="linkInline" text="Log in " onPress={onLoginPress} />
        <Text text="to my Acccount" preset="p1"></Text>
      </View>
    </Screen>
  )
})
```

---
`ignite doctor` results:
```
System
  platform           darwin                                                                                                              
                                                 
  arch               x64                                                                                                                 
  cpu                4 cores        Intel(R) CPU    i5-2400  @ 3.09GHz 
  directory          /Users/omb/Documents/react-native-projects/test-app                                                   

JavaScript
  node               10.16.3      /usr/local/bin/node 
  npm                6.9.0        /usr/local/bin/npm  
  yarn               1.15.2       /usr/local/bin/yarn 

React Native
  react-native-cli   2.0.1      
  app rn version     0.61.2     

Ignite
  ignite-cli         3.2.3        /usr/local/bin/ignite 
  generators         {}                                 

Android
  java               1.8.0_172    /usr/bin/java                
  android home       -            /usr/local/share/android-sdk 

iOS
  xcode              10.1       
  cocoapods          1.8.0        /Users/omb/gems/bin/pod 
```

## Please verify the following:

- [x] Everything works on iOS/Android
- [x] `yarn ci:test` **jest** tests pass with new tests, if relevant
- [x] `./docs/` has been updated with your changes, if relevant

## Describe your PR

get uniq generator names and join them for display in `ignite doctor`

fixes #1490 
