I had made a Flask application which wrapped a scikit-learn SVC and deployed it to GCP for a hackathon project, before hearing of interpret and wanting to port my project to use interpret instead of scikit-learn. After switching to an ExplainableBoostingClassifier, I was successfully able to run the entire thing locally, from training to application, but when deploying to GCP, I found that when training the model initially, there was seemingly an issue when running "fit". It looked like the model was failing on training in parallel, causing a system exit? The line of code on my end where this fails (where clf is initialized as an Explainable Boosting Classifier from interpret.glassbox, with train_github_vecs as X and train_results as Y), is `clf.fit(train_github_vecs,train_results)`, while the error message is as below

```
File "/srv/boredboy.py", line 19, in train_model
    clf.fit(train_github_vecs,train_results)
File "/env/lib/python3.7/site-packages/interpret/glassbox/ebm/ebm.py", line 826, in fit
    estimators = provider.parallel(train_model, train_model_args_iter)
  File "/env/lib/python3.7/site-packages/interpret/provider/compute.py", line 21, in parallel
    delayed(compute_fn)(*args) for args in compute_args_iter
  File "/env/lib/python3.7/site-packages/joblib/parallel.py", line 1004, in __call__
    if self.dispatch_one_batch(iterator):
  File "/env/lib/python3.7/site-packages/joblib/parallel.py", line 835, in dispatch_one_batch
    self._dispatch(tasks)
  File "/env/lib/python3.7/site-packages/joblib/parallel.py", line 754, in _dispatch
    job = self._backend.apply_async(batch, callback=cb)
  File "/env/lib/python3.7/site-packages/joblib/_parallel_backends.py", line 209, in apply_async
    result = ImmediateResult(func)
  File "/env/lib/python3.7/site-packages/joblib/_parallel_backends.py", line 590, in __init__
    self.results = batch()
  File "/env/lib/python3.7/site-packages/joblib/parallel.py", line 256, in __call__
    for func, args, kwargs in self.items]
  File "/env/lib/python3.7/site-packages/joblib/parallel.py", line 256, in <listcomp>
    for func, args, kwargs in self.items]
  File "/env/lib/python3.7/site-packages/interpret/glassbox/ebm/ebm.py", line 820, in train_model
    return estimator.fit_parallel(X, y, n_classes)
  File "/env/lib/python3.7/site-packages/interpret/glassbox/ebm/ebm.py", line 425, in fit_parallel
    self._fit_main(main_feature_combinations, X_train, y_train, X_val, y_val)
  File "/env/lib/python3.7/site-packages/interpret/glassbox/ebm/ebm.py", line 467, in _fit_main
    name="Main",
  File "/env/lib/python3.7/site-packages/interpret/glassbox/ebm/internal.py", line 996, in cyclic_gradient_boost
    boosting_step_episodes=boosting_step_episodes,
  File "/env/lib/python3.7/site-packages/interpret/glassbox/ebm/internal.py", line 685, in boosting_step
    ct.byref(metric_output),
ctypes.ArgumentError: argument 3: <class 'SystemExit'>: 1
```
Any idea as to what's going on here?
First, thanks to everyone who is building `interpret`. It looks live a valuable package for pulling together model interpretation methods into a single package. 

The only documentation I see is the `README.md`, and from that it's hard for me to tell what methods `interpret` has that might help with deep learning models. Presumably the blackbox portion of the package is most applicable, but it's hard to tell from the `README` what all the methods for blackbox are. In particular, does `interpret` or any of its dependencies include any utilities for performing the Integrated Gradients approach to explaining neural networks? ([paper](https://arxiv.org/abs/1703.01365), [repo](https://github.com/ankurtaly/Integrated-Gradients))

ERROR: intlgntsys-mls-cdoisrael-start-notebook 0.0.6 has requirement urllib3==1.23, but you'll have urllib3 1.25.7 which is incompatible.

I'm trying to train an EBMClassifier on a large dataset (10M samples, 800 features) with no interactions, and am finding that the function crashes during fitting. I have tried training on smaller subsets, and it seems like around 500k is where things break (even a forward call on 500k samples breaks things). 

I'm running on a very large machine in the cloud (40 CPUs, 961 GB), so running out of memory shouldn't be an issue. 

Are there any potential workarounds here, or have I just hit the limits of the current implementation?
Hi,

I am using ebm for regression, and it is amazing. I am wondering if the model can add constraints as the prediction should be positive?

Thanks!
is it possible to provide a vignette for R for the jupyter notebooks written in python?
When running 
`from interpret import show`
`from interpret.perf import ROC`
`blackbox_perf = ROC(blackbox_model.predict_proba).explain_perf(X_test, y_test, name='Blackbox')`
`show(blackbox_perf)`

I have the following error

`RuntimeError: Could not find open port.`
`                Consider calling interpret.set_show_addr(("127.0.0.1", 7001)) first.`.

Even calling the set_show_addr, I can't see the results. How can I handle with that?
when I train a ebm model and use explain_global method to show ,but there just a summary graph,whatever I choose the component ,nothing to change。I don not know where has problem?
![image](https://user-images.githubusercontent.com/29559484/69527777-f73ac380-0fa7-11ea-815a-1a6216799d76.png)

I have a question: how to change the colormap's limits when showing the heatmap of interactions?

Thanks!
I'm getting the following error when trying to install interpret on Python 3.8:

> C:\Setup>pip install interpret
> Collecting interpret
>   Using cached https://files.pythonhosted.org/packages/d6/b3/e53fb0ecf09fc4a443a9c7da15a56916544b544c9f134d0496b1152be795/interpret-0.1.19-py3-none-any.whl
> Collecting interpret-core[dash,debug,decisiontree,ebm,lime,linear,notebook,plotly,required,sensitivity,shap,treeinterpreter]>=0.1.19
>   Using cached https://files.pythonhosted.org/packages/b0/c6/1414b77de333f11bc46c6033fcdb7b965513b2e0d3310cae87e5484a64f5/interpret_core-0.1.19-py3-none-any.whl
> Collecting dash>=1.0.0; extra == "dash"
>   Using cached https://files.pythonhosted.org/packages/03/f4/d27b82bc85d2e7834d478ff5598bdfcc1835ec10723c79e0239dadee6dfd/dash-1.6.1.tar.gz
> Collecting dash-cytoscape>=0.1.1; extra == "dash"
>   Downloading https://files.pythonhosted.org/packages/aa/93/d9db22331dcad4a055631372816bf4544a1a1a852fb2fa3a2905c6682198/dash_cytoscape-0.1.1.tar.gz (3.4MB)
>      |████████████████████████████████| 3.4MB 139kB/s
> Collecting dash-table>=4.1.0; extra == "dash"
>   Using cached https://files.pythonhosted.org/packages/17/3b/955732356f7078feb4fbae38a9eb971fa55278cc31310c8ae1f0186f1b10/dash_table-4.5.1.tar.gz
> Collecting gevent>=1.3.6; extra == "dash"
>   Using cached https://files.pythonhosted.org/packages/ed/27/6c49b70808f569b66ec7fac2e78f076e9b204db9cf5768740cff3d5a07ae/gevent-1.4.0.tar.gz
>     ERROR: Command errored out with exit status 1:
>      command: 'c:\users\administrator\appdata\local\programs\python\python38\python.exe' -c 'import sys, setuptools, tokenize; sys.argv[0] = '"'"'C:\\Users\\Administrator\\AppData\\Local\\Temp\\pip-install-kr5ld_to\\gevent\\setup.py'"'"'; __file__='"'"'C:\\Users\\Administrator\\AppData\\Local\\Temp\\pip-install-kr5ld_to\\gevent\\setup.py'"'"';f=getattr(tokenize, '"'"'open'"'"', open)(__file__);code=f.read().replace('"'"'\r\n'"'"', '"'"'\n'"'"');f.close();exec(compile(code, __file__, '"'"'exec'"'"'))' egg_info --egg-base 'C:\Users\Administrator\AppData\Local\Temp\pip-install-kr5ld_to\gevent\pip-egg-info'
>          cwd: C:\Users\Administrator\AppData\Local\Temp\pip-install-kr5ld_to\gevent\
>     Complete output (116 lines):
>     Compiling src/gevent/libev/corecext.pyx because it depends on c:\users\administrator\appdata\local\programs\python\python38\lib\site-packages\Cython\Includes\libc\string.pxd.
>     [1/1] Cythonizing src/gevent/libev/corecext.pyx
>     Compiling src/gevent/resolver/cares.pyx because it depends on c:\users\administrator\appdata\local\programs\python\python38\lib\site-packages\Cython\Includes\libc\string.pxd.
>     [1/1] Cythonizing src/gevent/resolver/cares.pyx
>     Traceback (most recent call last):
>       File "c:\users\administrator\appdata\local\programs\python\python38\lib\site-packages\setuptools\sandbox.py", line 154, in save_modules
>         yield saved
>       File "c:\users\administrator\appdata\local\programs\python\python38\lib\site-packages\setuptools\sandbox.py", line 195, in setup_context
>         yield
>       File "c:\users\administrator\appdata\local\programs\python\python38\lib\site-packages\setuptools\sandbox.py", line 250, in run_setup
>         _execfile(setup_script, ns)
>       File "c:\users\administrator\appdata\local\programs\python\python38\lib\site-packages\setuptools\sandbox.py", line 45, in _execfile
>         exec(code, globals, locals)
>       File "C:\Users\ADMINI~1\AppData\Local\Temp\easy_install-32wsvu0n\cffi-1.13.2\setup.py", line 127, in <module>
>         HUB_PRIMITIVES = Extension(name="gevent.__hub_primitives",
>       File "C:\Users\ADMINI~1\AppData\Local\Temp\easy_install-32wsvu0n\cffi-1.13.2\setup.py", line 105, in uses_msvc
>         include_dirs=include_dirs)
>       File "c:\users\administrator\appdata\local\programs\python\python38\lib\distutils\command\config.py", line 225, in try_compile
>         self._compile(body, headers, include_dirs, lang)
>       File "c:\users\administrator\appdata\local\programs\python\python38\lib\distutils\command\config.py", line 127, in _compile
>         src = self._gen_temp_sourcefile(body, headers, lang)
>       File "c:\users\administrator\appdata\local\programs\python\python38\lib\distutils\command\config.py", line 109, in _gen_temp_sourcefile
>         with open(filename, "w") as file:
>       File "c:\users\administrator\appdata\local\programs\python\python38\lib\site-packages\setuptools\sandbox.py", line 418, in _open
>         self._violation("open", path, mode, *args, **kw)
>       File "c:\users\administrator\appdata\local\programs\python\python38\lib\site-packages\setuptools\sandbox.py", line 407, in _violation
>         raise SandboxViolation(operation, args, kw)
>     setuptools.sandbox.SandboxViolation: SandboxViolation: open('_configtest.c', 'w') {}
> 
>     The package setup script has attempted to modify files on your system
>     that are not within the EasyInstall build area, and has been aborted.
> 
>     This package cannot be safely installed by EasyInstall, and may not
>     support alternate installation locations even if you run its setup
>     script by hand.  Please inform the package's author and the EasyInstall
>     maintainers to find out if a fix or workaround is available.
> 
> 
>     During handling of the above exception, another exception occurred:
> 
>     Traceback (most recent call last):
>       File "<string>", line 1, in <module>
>       File "C:\Users\Administrator\AppData\Local\Temp\pip-install-kr5ld_to\gevent\setup.py", line 427, in <module>
>         run_setup(EXT_MODULES, run_make=_BUILDING)
>       File "C:\Users\Administrator\AppData\Local\Temp\pip-install-kr5ld_to\gevent\setup.py", line 328, in run_setup
>         setup(
>       File "c:\users\administrator\appdata\local\programs\python\python38\lib\site-packages\setuptools\__init__.py", line 144, in setup
>         _install_setup_requires(attrs)
>       File "c:\users\administrator\appdata\local\programs\python\python38\lib\site-packages\setuptools\__init__.py", line 139, in _install_setup_requires
>         dist.fetch_build_eggs(dist.setup_requires)
>       File "c:\users\administrator\appdata\local\programs\python\python38\lib\site-packages\setuptools\dist.py", line 716, in fetch_build_eggs
>         resolved_dists = pkg_resources.working_set.resolve(
>       File "c:\users\administrator\appdata\local\programs\python\python38\lib\site-packages\pkg_resources\__init__.py", line 780, in resolve
>         dist = best[req.key] = env.best_match(
>       File "c:\users\administrator\appdata\local\programs\python\python38\lib\site-packages\pkg_resources\__init__.py", line 1065, in best_match
>         return self.obtain(req, installer)
>       File "c:\users\administrator\appdata\local\programs\python\python38\lib\site-packages\pkg_resources\__init__.py", line 1077, in obtain
>         return installer(requirement)
>       File "c:\users\administrator\appdata\local\programs\python\python38\lib\site-packages\setuptools\dist.py", line 786, in fetch_build_egg
>         return cmd.easy_install(req)
>       File "c:\users\administrator\appdata\local\programs\python\python38\lib\site-packages\setuptools\command\easy_install.py", line 679, in easy_install
>         return self.install_item(spec, dist.location, tmpdir, deps)
>       File "c:\users\administrator\appdata\local\programs\python\python38\lib\site-packages\setuptools\command\easy_install.py", line 705, in install_item
>         dists = self.install_eggs(spec, download, tmpdir)
>       File "c:\users\administrator\appdata\local\programs\python\python38\lib\site-packages\setuptools\command\easy_install.py", line 890, in install_eggs
>         return self.build_and_install(setup_script, setup_base)
>       File "c:\users\administrator\appdata\local\programs\python\python38\lib\site-packages\setuptools\command\easy_install.py", line 1158, in build_and_install
>         self.run_setup(setup_script, setup_base, args)
>       File "c:\users\administrator\appdata\local\programs\python\python38\lib\site-packages\setuptools\command\easy_install.py", line 1144, in run_setup
>         run_setup(setup_script, args)
>       File "c:\users\administrator\appdata\local\programs\python\python38\lib\site-packages\setuptools\sandbox.py", line 253, in run_setup
>         raise
>       File "c:\users\administrator\appdata\local\programs\python\python38\lib\contextlib.py", line 131, in __exit__
>         self.gen.throw(type, value, traceback)
>       File "c:\users\administrator\appdata\local\programs\python\python38\lib\site-packages\setuptools\sandbox.py", line 195, in setup_context
>         yield
>       File "c:\users\administrator\appdata\local\programs\python\python38\lib\contextlib.py", line 131, in __exit__
>         self.gen.throw(type, value, traceback)
>       File "c:\users\administrator\appdata\local\programs\python\python38\lib\site-packages\setuptools\sandbox.py", line 166, in save_modules
>         saved_exc.resume()
>       File "c:\users\administrator\appdata\local\programs\python\python38\lib\site-packages\setuptools\sandbox.py", line 141, in resume
>         six.reraise(type, exc, self._tb)
>       File "c:\users\administrator\appdata\local\programs\python\python38\lib\site-packages\setuptools\_vendor\six.py", line 685, in reraise
>         raise value.with_traceback(tb)
>       File "c:\users\administrator\appdata\local\programs\python\python38\lib\site-packages\setuptools\sandbox.py", line 154, in save_modules
>         yield saved
>       File "c:\users\administrator\appdata\local\programs\python\python38\lib\site-packages\setuptools\sandbox.py", line 195, in setup_context
>         yield
>       File "c:\users\administrator\appdata\local\programs\python\python38\lib\site-packages\setuptools\sandbox.py", line 250, in run_setup
>         _execfile(setup_script, ns)
>       File "c:\users\administrator\appdata\local\programs\python\python38\lib\site-packages\setuptools\sandbox.py", line 45, in _execfile
>         exec(code, globals, locals)
>       File "C:\Users\ADMINI~1\AppData\Local\Temp\easy_install-32wsvu0n\cffi-1.13.2\setup.py", line 127, in <module>
>         HUB_PRIMITIVES = Extension(name="gevent.__hub_primitives",
>       File "C:\Users\ADMINI~1\AppData\Local\Temp\easy_install-32wsvu0n\cffi-1.13.2\setup.py", line 105, in uses_msvc
>         include_dirs=include_dirs)
>       File "c:\users\administrator\appdata\local\programs\python\python38\lib\distutils\command\config.py", line 225, in try_compile
>         self._compile(body, headers, include_dirs, lang)
>       File "c:\users\administrator\appdata\local\programs\python\python38\lib\distutils\command\config.py", line 127, in _compile
>         src = self._gen_temp_sourcefile(body, headers, lang)
>       File "c:\users\administrator\appdata\local\programs\python\python38\lib\distutils\command\config.py", line 109, in _gen_temp_sourcefile
>         with open(filename, "w") as file:
>       File "c:\users\administrator\appdata\local\programs\python\python38\lib\site-packages\setuptools\sandbox.py", line 418, in _open
>         self._violation("open", path, mode, *args, **kw)
>       File "c:\users\administrator\appdata\local\programs\python\python38\lib\site-packages\setuptools\sandbox.py", line 407, in _violation
>         raise SandboxViolation(operation, args, kw)
>     setuptools.sandbox.SandboxViolation: SandboxViolation: open('_configtest.c', 'w') {}
> 
>     The package setup script has attempted to modify files on your system
>     that are not within the EasyInstall build area, and has been aborted.
> 
>     This package cannot be safely installed by EasyInstall, and may not
>     support alternate installation locations even if you run its setup
>     script by hand.  Please inform the package's author and the EasyInstall
>     maintainers to find out if a fix or workaround is available.
> 
>     ----------------------------------------
> ERROR: Command errored out with exit status 1: python setup.py egg_info Check the logs for full command output.