Added code to complete the I2CDEV_IMPLEMENTATION == I2CDEV_TEENSY_3X_WIRE which basically was to add the #define for I2CDEV_TEENSY_3X_WIRE and add the #if checks for each of the methods. Tested on Teensy 3.2 with MPU6050.
Hi, im new to using External libraries and im having problems adding it to the arduino  IDE. This directory for the MPU6050 is not available for the .zip download and i dont know  how to add it.

Someone please help :(
Hi,

I'm using your code for the MPU-6050 on the Pi 4.

I'm having a very hard time getting correct results and not sure who else to ask. I'de really appreciate any help.
It seems I'm getting random data. Also the programs say failed to connect.

I' ve also tried to use some other MPU-6050 python code and it always has 0's for the accelerometer data.   The gyro data always seems to count down from some value.

I've got the following
GND -> GND
SLC -> SLC
SDA -> SDA
VCC -> 3.3V
AD0 -> Gnd

i2cdetect -y 1
------------------
     0  1  2  3  4  5  6  7  8  9  a  b  c  d  e  f
00:          -- -- -- -- -- -- -- -- -- -- -- -- --
10: -- -- -- -- -- -- -- -- -- -- -- -- -- -- -- --
20: -- -- -- -- -- -- -- -- -- -- -- -- -- -- -- --
30: -- -- -- -- -- -- -- -- -- -- -- -- -- -- -- --
40: -- -- -- -- -- -- -- -- -- -- -- -- -- -- -- --
50: -- -- -- -- -- -- -- -- -- -- -- -- -- -- -- --
60: -- -- -- -- -- -- -- -- 68 -- -- -- -- -- -- --
70: -- -- -- -- -- -- -- --


demo_raw :
----------------
Initializing I2C devices...
Testing device connections...
MPU6050 connection failed
a/g:      8     32      0     2048      0      2
a/g:      8     36      0     2049      2      0
a/g:      0      0      0     2048      0      0
a/g:      0     36      0     2305      0      0
a/g:      8      0      0     2305      2      2
a/g:      0      4      0     2048      2      1
a/g:      0      4    256     2304      2      3

./demo_dmp
-----------------
Initializing I2C devices...
Testing device connections...
MPU6050 connection failed
Initializing DMP...
DMP Initialization failed (code 1)

thanks
Coby


Hello there, 

I want to set Yaw, Pitch and Roll values to 0 when I decide on a MPU6050 module. I mean, calibrating the MPU6050 whenever I want. I'm using MPU6050_DMP6.ino code for testing this.
I have already tried the following functions as said in the issue [#486](https://github.com/jrowberg/i2cdevlib/issues/486):

```
        mpu.CalibrateAccel(6);
        mpu.CalibrateGyro(6);
```

But it does not work properly as the sensor gives correct values the first milliseconds and then it gives incorrect readings. It seems like the sensor is not prepared physically to be calibrated in any position that is not horizontal. But I'm not sure about that. 
I tried also to use a rotation matrix to YPR angles, but it's not possible because YPR angles require a gravity vector to calculate it, as you can see in YPR function:

```
//Euler angles
            mpu.dmpGetQuaternion(&q, fifoBuffer);
            mpu.dmpGetEuler(euler, &q);
//YPR angles
            mpu.dmpGetQuaternion(&q, fifoBuffer);
            mpu.dmpGetGravity(&gravity, &q);
            mpu.dmpGetYawPitchRoll(ypr, &q, &gravity);
```

In Euler angles it is possible to calibrate them using a rotation matrix. But I need the YPR angles for my project.

So my question is if there is a way to set to 0 the YPR angles from a certain position in the space whenever I want. 
NOTE: I'm not an expert in programming, so I couldn't get into deep code to find a solution yet.

Thank you for your help,
I tried to get an MPU 6050 working on a Raspberry PI. Compiling and installing the BCM2035 library was no problem, but when I try to compile the example I get the output at the bottom of this message. The trouble seems to be that it uses MPU6050.cpp from the Arduino part of the library, which uses functions not available outside the Arduino framework.

`gcc -o MPU6050_example_1 ${PATH_I2CDEVLIB}RaspberryPi_bcm2835/MPU6050/examples/MPU6050_example_1.cpp -I ${PATH_I2CDEVLIB}RaspberryPi_bcm2835/I2Cdev ${PATH_I2CDEVLIB}RaspberryPi_bcm2835/I2Cdev/I2Cdev.cpp -I ${PATH_I2CDEVLIB}/Arduino/MPU6050/ ${PATH_I2CDEVLIB}/Arduino/MPU6050/MPU6050.cpp -l bcm2835 -l m 1>error.log 2>&1

/home/pi/src/i2cdevlib//Arduino/MPU6050/MPU6050.cpp: In member function ‘bool MPU6050::writeMemoryBlock(const uint8_t*, uint16_t, uint8_t, uint8_t, bool, bool)’:
/home/pi/src/i2cdevlib//Arduino/MPU6050/MPU6050.cpp:3057:87: error: ‘pgm_read_byte’ was not declared in this scope
             for (j = 0; j < chunkSize; j++) progBuffer[j] = pgm_read_byte(data + i + j);
                                                                                       ^
/home/pi/src/i2cdevlib//Arduino/MPU6050/MPU6050.cpp: In member function ‘bool MPU6050::writeDMPConfigurationSet(const uint8_t*, uint16_t, bool)’:
/home/pi/src/i2cdevlib//Arduino/MPU6050/MPU6050.cpp:3127:44: error: ‘pgm_read_byte’ was not declared in this scope
             bank = pgm_read_byte(data + i++);
                                            ^
/home/pi/src/i2cdevlib//Arduino/MPU6050/MPU6050.cpp:3147:88: error: ‘pgm_read_byte’ was not declared in this scope
                 for (j = 0; j < length; j++) progBuffer[j] = pgm_read_byte(data + i + j);
                                                                                        ^
/home/pi/src/i2cdevlib//Arduino/MPU6050/MPU6050.cpp:3160:51: error: ‘pgm_read_byte’ was not declared in this scope
                 special = pgm_read_byte(data + i++);
                                                   ^
/home/pi/src/i2cdevlib//Arduino/MPU6050/MPU6050.cpp: In member function ‘void MPU6050::CalibrateGyro(uint8_t)’:
/home/pi/src/i2cdevlib//Arduino/MPU6050/MPU6050.cpp:3225:36: error: ‘map’ was not declared in this scope
   x = (100 - map(Loops, 1, 5, 20, 0)) * .01;
                                    ^
/home/pi/src/i2cdevlib//Arduino/MPU6050/MPU6050.cpp: In member function ‘void MPU6050::CalibrateAccel(uint8_t)’:
/home/pi/src/i2cdevlib//Arduino/MPU6050/MPU6050.cpp:3240:35: error: ‘map’ was not declared in this scope
  x = (100 - map(Loops, 1, 5, 20, 0)) * .01;
                                   ^
/home/pi/src/i2cdevlib//Arduino/MPU6050/MPU6050.cpp: In member function ‘void MPU6050::PID(uint8_t, float, float, uint8_t)’:
/home/pi/src/i2cdevlib//Arduino/MPU6050/MPU6050.cpp:3256:2: error: ‘Serial’ was not declared in this scope
  Serial.write('>');
  ^~~~~~
/home/pi/src/i2cdevlib//Arduino/MPU6050/MPU6050.cpp: In member function ‘void MPU6050::PrintActiveOffsets()’:
/home/pi/src/i2cdevlib//Arduino/MPU6050/MPU6050.cpp:3314:2: error: ‘Serial’ was not declared in this scope
  Serial.print(F("\n//           X Accel  Y Accel  Z Accel   X Gyro   Y Gyro   Z Gyro\n//OFFSETS   "));
  ^~~~~~
/home/pi/src/i2cdevlib//Arduino/MPU6050/MPU6050.cpp:3314:100: error: ‘F’ was not declared in this scope
  Serial.print(F("\n//           X Accel  Y Accel  Z Accel   X Gyro   Y Gyro   Z Gyro\n//OFFSETS   "));
                                                                                                    ^
/home/pi/src/i2cdevlib//Arduino/MPU6050/MPU6050.cpp:3308:197: error: ‘dtostrf’ was not declared in this scope
 #define printfloatx(Name,Variable,Spaces,Precision,EndTxt) { Serial.print(F(Name)); {char S[(Spaces + Precision + 3)];Serial.print(F(" ")); Serial.print(dtostrf((float)Variable,Spaces,Precision ,S));}Serial.print(F(EndTxt)); }//Name,Variable,Spaces,Precision,EndTxt
                                                                                                                                                                                                     ^
/home/pi/src/i2cdevlib//Arduino/MPU6050/MPU6050.cpp:3322:2: note: in expansion of macro ‘printfloatx’
  printfloatx("", Data[0], 5, 0, ",  ");
  ^~~~~~~~~~~
/home/pi/src/i2cdevlib//Arduino/MPU6050/MPU6050.cpp:3308:197: error: ‘dtostrf’ was not declared in this scope
 #define printfloatx(Name,Variable,Spaces,Precision,EndTxt) { Serial.print(F(Name)); {char S[(Spaces + Precision + 3)];Serial.print(F(" ")); Serial.print(dtostrf((float)Variable,Spaces,Precision ,S));}Serial.print(F(EndTxt)); }//Name,Variable,Spaces,Precision,EndTxt
                                                                                                                                                                                                     ^
/home/pi/src/i2cdevlib//Arduino/MPU6050/MPU6050.cpp:3323:2: note: in expansion of macro ‘printfloatx’
  printfloatx("", Data[1], 5, 0, ",  ");
  ^~~~~~~~~~~
/home/pi/src/i2cdevlib//Arduino/MPU6050/MPU6050.cpp:3308:197: error: ‘dtostrf’ was not declared in this scope
 #define printfloatx(Name,Variable,Spaces,Precision,EndTxt) { Serial.print(F(Name)); {char S[(Spaces + Precision + 3)];Serial.print(F(" ")); Serial.print(dtostrf((float)Variable,Spaces,Precision ,S));}Serial.print(F(EndTxt)); }//Name,Variable,Spaces,Precision,EndTxt
                                                                                                                                                                                                     ^
/home/pi/src/i2cdevlib//Arduino/MPU6050/MPU6050.cpp:3324:2: note: in expansion of macro ‘printfloatx’
  printfloatx("", Data[2], 5, 0, ",  ");
  ^~~~~~~~~~~
/home/pi/src/i2cdevlib//Arduino/MPU6050/MPU6050.cpp:3308:197: error: ‘dtostrf’ was not declared in this scope
 #define printfloatx(Name,Variable,Spaces,Precision,EndTxt) { Serial.print(F(Name)); {char S[(Spaces + Precision + 3)];Serial.print(F(" ")); Serial.print(dtostrf((float)Variable,Spaces,Precision ,S));}Serial.print(F(EndTxt)); }//Name,Variable,Spaces,Precision,EndTxt
                                                                                                                                                                                                     ^
/home/pi/src/i2cdevlib//Arduino/MPU6050/MPU6050.cpp:3327:2: note: in expansion of macro ‘printfloatx’
  printfloatx("", Data[0], 5, 0, ",  ");
  ^~~~~~~~~~~
/home/pi/src/i2cdevlib//Arduino/MPU6050/MPU6050.cpp:3308:197: error: ‘dtostrf’ was not declared in this scope
 #define printfloatx(Name,Variable,Spaces,Precision,EndTxt) { Serial.print(F(Name)); {char S[(Spaces + Precision + 3)];Serial.print(F(" ")); Serial.print(dtostrf((float)Variable,Spaces,Precision ,S));}Serial.print(F(EndTxt)); }//Name,Variable,Spaces,Precision,EndTxt
                                                                                                                                                                                                     ^
/home/pi/src/i2cdevlib//Arduino/MPU6050/MPU6050.cpp:3328:2: note: in expansion of macro ‘printfloatx’
  printfloatx("", Data[1], 5, 0, ",  ");
  ^~~~~~~~~~~
/home/pi/src/i2cdevlib//Arduino/MPU6050/MPU6050.cpp:3308:197: error: ‘dtostrf’ was not declared in this scope
 #define printfloatx(Name,Variable,Spaces,Precision,EndTxt) { Serial.print(F(Name)); {char S[(Spaces + Precision + 3)];Serial.print(F(" ")); Serial.print(dtostrf((float)Variable,Spaces,Precision ,S));}Serial.print(F(EndTxt)); }//Name,Variable,Spaces,Precision,EndTxt
                                                                                                                                                                                                     ^
/home/pi/src/i2cdevlib//Arduino/MPU6050/MPU6050.cpp:3329:2: note: in expansion of macro ‘printfloatx’
  printfloatx("", Data[2], 5, 0, "\n");
  ^~~~~~~~~~~`

mpu6050_dmp6 example does not work for ESP32
Arduino IDE 1.8.9
esp32 core 1.0.4
compile errors:
```
"D:\\arduino\\portable\\packages\\esp32\\tools\\xtensa-esp32-elf-gcc\\1.22.0-80-g6c4433a-5.2.0/bin/xtensa-esp32-elf-g++" -DESP_PLATFORM "-DMBEDTLS_CONFIG_FILE=\"mbedtls/esp_config.h\"" -DHAVE_CONFIG_H -DGCC_NOT_5_2_0=0 -DWITH_POSIX "-ID:\\arduino\\portable\\packages\\esp32\\hardware\\esp32\\1.0.4/tools/sdk/include/config" "-ID:\\arduino\\portable\\packages\\esp32\\hardware\\esp32\\1.0.4/tools/sdk/include/app_trace" "-ID:\\arduino\\portable\\packages\\esp32\\hardware\\esp32\\1.0.4/tools/sdk/include/app_update" "-ID:\\arduino\\portable\\packages\\esp32\\hardware\\esp32\\1.0.4/tools/sdk/include/asio" "-ID:\\arduino\\portable\\packages\\esp32\\hardware\\esp32\\1.0.4/tools/sdk/include/bootloader_support" "-ID:\\arduino\\portable\\packages\\esp32\\hardware\\esp32\\1.0.4/tools/sdk/include/bt" "-ID:\\arduino\\portable\\packages\\esp32\\hardware\\esp32\\1.0.4/tools/sdk/include/coap" "-ID:\\arduino\\portable\\packages\\esp32\\hardware\\esp32\\1.0.4/tools/sdk/include/console" "-ID:\\arduino\\portable\\packages\\esp32\\hardware\\esp32\\1.0.4/tools/sdk/include/driver" "-ID:\\arduino\\portable\\packages\\esp32\\hardware\\esp32\\1.0.4/tools/sdk/include/esp-tls" "-ID:\\arduino\\portable\\packages\\esp32\\hardware\\esp32\\1.0.4/tools/sdk/include/esp32" "-ID:\\arduino\\portable\\packages\\esp32\\hardware\\esp32\\1.0.4/tools/sdk/include/esp_adc_cal" "-ID:\\arduino\\portable\\packages\\esp32\\hardware\\esp32\\1.0.4/tools/sdk/include/esp_event" "-ID:\\arduino\\portable\\packages\\esp32\\hardware\\esp32\\1.0.4/tools/sdk/include/esp_http_client" "-ID:\\arduino\\portable\\packages\\esp32\\hardware\\esp32\\1.0.4/tools/sdk/include/esp_http_server" "-ID:\\arduino\\portable\\packages\\esp32\\hardware\\esp32\\1.0.4/tools/sdk/include/esp_https_ota" "-ID:\\arduino\\portable\\packages\\esp32\\hardware\\esp32\\1.0.4/tools/sdk/include/esp_ringbuf" "-ID:\\arduino\\portable\\packages\\esp32\\hardware\\esp32\\1.0.4/tools/sdk/include/ethernet" "-ID:\\arduino\\portable\\packages\\esp32\\hardware\\esp32\\1.0.4/tools/sdk/include/expat" "-ID:\\arduino\\portable\\packages\\esp32\\hardware\\esp32\\1.0.4/tools/sdk/include/fatfs" "-ID:\\arduino\\portable\\packages\\esp32\\hardware\\esp32\\1.0.4/tools/sdk/include/freemodbus" "-ID:\\arduino\\portable\\packages\\esp32\\hardware\\esp32\\1.0.4/tools/sdk/include/freertos" "-ID:\\arduino\\portable\\packages\\esp32\\hardware\\esp32\\1.0.4/tools/sdk/include/heap" "-ID:\\arduino\\portable\\packages\\esp32\\hardware\\esp32\\1.0.4/tools/sdk/include/idf_test" "-ID:\\arduino\\portable\\packages\\esp32\\hardware\\esp32\\1.0.4/tools/sdk/include/jsmn" "-ID:\\arduino\\portable\\packages\\esp32\\hardware\\esp32\\1.0.4/tools/sdk/include/json" "-ID:\\arduino\\portable\\packages\\esp32\\hardware\\esp32\\1.0.4/tools/sdk/include/libsodium" "-ID:\\arduino\\portable\\packages\\esp32\\hardware\\esp32\\1.0.4/tools/sdk/include/log" "-ID:\\arduino\\portable\\packages\\esp32\\hardware\\esp32\\1.0.4/tools/sdk/include/lwip" "-ID:\\arduino\\portable\\packages\\esp32\\hardware\\esp32\\1.0.4/tools/sdk/include/mbedtls" "-ID:\\arduino\\portable\\packages\\esp32\\hardware\\esp32\\1.0.4/tools/sdk/include/mdns" "-ID:\\arduino\\portable\\packages\\esp32\\hardware\\esp32\\1.0.4/tools/sdk/include/micro-ecc" "-ID:\\arduino\\portable\\packages\\esp32\\hardware\\esp32\\1.0.4/tools/sdk/include/mqtt" "-ID:\\arduino\\portable\\packages\\esp32\\hardware\\esp32\\1.0.4/tools/sdk/include/newlib" "-ID:\\arduino\\portable\\packages\\esp32\\hardware\\esp32\\1.0.4/tools/sdk/include/nghttp" "-ID:\\arduino\\portable\\packages\\esp32\\hardware\\esp32\\1.0.4/tools/sdk/include/nvs_flash" "-ID:\\arduino\\portable\\packages\\esp32\\hardware\\esp32\\1.0.4/tools/sdk/include/openssl" "-ID:\\arduino\\portable\\packages\\esp32\\hardware\\esp32\\1.0.4/tools/sdk/include/protobuf-c" "-ID:\\arduino\\portable\\packages\\esp32\\hardware\\esp32\\1.0.4/tools/sdk/include/protocomm" "-ID:\\arduino\\portable\\packages\\esp32\\hardware\\esp32\\1.0.4/tools/sdk/include/pthread" "-ID:\\arduino\\portable\\packages\\esp32\\hardware\\esp32\\1.0.4/tools/sdk/include/sdmmc" "-ID:\\arduino\\portable\\packages\\esp32\\hardware\\esp32\\1.0.4/tools/sdk/include/smartconfig_ack" "-ID:\\arduino\\portable\\packages\\esp32\\hardware\\esp32\\1.0.4/tools/sdk/include/soc" "-ID:\\arduino\\portable\\packages\\esp32\\hardware\\esp32\\1.0.4/tools/sdk/include/spi_flash" "-ID:\\arduino\\portable\\packages\\esp32\\hardware\\esp32\\1.0.4/tools/sdk/include/spiffs" "-ID:\\arduino\\portable\\packages\\esp32\\hardware\\esp32\\1.0.4/tools/sdk/include/tcp_transport" "-ID:\\arduino\\portable\\packages\\esp32\\hardware\\esp32\\1.0.4/tools/sdk/include/tcpip_adapter" "-ID:\\arduino\\portable\\packages\\esp32\\hardware\\esp32\\1.0.4/tools/sdk/include/ulp" "-ID:\\arduino\\portable\\packages\\esp32\\hardware\\esp32\\1.0.4/tools/sdk/include/vfs" "-ID:\\arduino\\portable\\packages\\esp32\\hardware\\esp32\\1.0.4/tools/sdk/include/wear_levelling" "-ID:\\arduino\\portable\\packages\\esp32\\hardware\\esp32\\1.0.4/tools/sdk/include/wifi_provisioning" "-ID:\\arduino\\portable\\packages\\esp32\\hardware\\esp32\\1.0.4/tools/sdk/include/wpa_supplicant" "-ID:\\arduino\\portable\\packages\\esp32\\hardware\\esp32\\1.0.4/tools/sdk/include/xtensa-debug-module" "-ID:\\arduino\\portable\\packages\\esp32\\hardware\\esp32\\1.0.4/tools/sdk/include/esp-face" "-ID:\\arduino\\portable\\packages\\esp32\\hardware\\esp32\\1.0.4/tools/sdk/include/esp32-camera" "-ID:\\arduino\\portable\\packages\\esp32\\hardware\\esp32\\1.0.4/tools/sdk/include/esp-face" "-ID:\\arduino\\portable\\packages\\esp32\\hardware\\esp32\\1.0.4/tools/sdk/include/fb_gfx" -std=gnu++11 -Os -g3 -Wpointer-arith -fexceptions -fstack-protector -ffunction-sections -fdata-sections -fstrict-volatile-bitfields -mlongcalls -nostdlib -w -Wno-error=maybe-uninitialized -Wno-error=unused-function -Wno-error=unused-but-set-variable -Wno-error=unused-variable -Wno-error=deprecated-declarations -Wno-unused-parameter -Wno-unused-but-set-parameter -Wno-missing-field-initializers -Wno-sign-compare -fno-rtti -MMD -c -DF_CPU=240000000L -DARDUINO=10809 -DARDUINO_FEATHER_ESP32 -DARDUINO_ARCH_ESP32 "-DARDUINO_BOARD=\"FEATHER_ESP32\"" "-DARDUINO_VARIANT=\"feather_esp32\"" -DESP32 -DCORE_DEBUG_LEVEL=0 "-ID:\\arduino\\portable\\packages\\esp32\\hardware\\esp32\\1.0.4\\cores\\esp32" "-ID:\\arduino\\portable\\packages\\esp32\\hardware\\esp32\\1.0.4\\variants\\feather_esp32" "-ID:\\arduino\\portable\\sketchbook\\libraries\\I2Cdev" "-ID:\\arduino\\portable\\packages\\esp32\\hardware\\esp32\\1.0.4\\libraries\\Wire\\src" "-ID:\\arduino\\portable\\sketchbook\\libraries\\MPU6050" "C:\\Users\\hw\\AppData\\Local\\Temp\\arduino_build_44490\\sketch\\MPU6050_DMP6.ino.cpp" -o "C:\\Users\\hw\\AppData\\Local\\Temp\\arduino_build_44490\\sketch\\MPU6050_DMP6.ino.cpp.o"
In file included from D:\arduino\portable\sketchbook\libraries\MPU6050\examples\MPU6050_DMP6\MPU6050_DMP6.ino:51:0:

D:\arduino\portable\sketchbook\libraries\MPU6050/MPU6050_6Axis_MotionApps20.h:64:24: error: conflicting declaration 'typedef int8_t prog_int8_t'

         typedef int8_t prog_int8_t;

                        ^

In file included from D:\arduino\portable\packages\esp32\hardware\esp32\1.0.4\cores\esp32/WString.h:29:0,

                 from D:\arduino\portable\packages\esp32\hardware\esp32\1.0.4\cores\esp32/Arduino.h:146,

                 from C:\Users\hw\AppData\Local\Temp\arduino_build_44490\sketch\MPU6050_DMP6.ino.cpp:1:

D:\arduino\portable\packages\esp32\hardware\esp32\1.0.4\cores\esp32/pgmspace.h:25:14: note: previous declaration as 'typedef char prog_int8_t'

 typedef char prog_int8_t;

              ^

In file included from D:\arduino\portable\sketchbook\libraries\MPU6050\examples\MPU6050_DMP6\MPU6050_DMP6.ino:51:0:

D:\arduino\portable\sketchbook\libraries\MPU6050/MPU6050_6Axis_MotionApps20.h:68:25: error: conflicting declaration 'typedef int32_t prog_int32_t'

         typedef int32_t prog_int32_t;

                         ^

In file included from D:\arduino\portable\packages\esp32\hardware\esp32\1.0.4\cores\esp32/WString.h:29:0,

                 from D:\arduino\portable\packages\esp32\hardware\esp32\1.0.4\cores\esp32/Arduino.h:146,

                 from C:\Users\hw\AppData\Local\Temp\arduino_build_44490\sketch\MPU6050_DMP6.ino.cpp:1:

D:\arduino\portable\packages\esp32\hardware\esp32\1.0.4\cores\esp32/pgmspace.h:29:14: note: previous declaration as 'typedef long int prog_int32_t'

 typedef long prog_int32_t;

              ^

In file included from D:\arduino\portable\sketchbook\libraries\MPU6050\examples\MPU6050_DMP6\MPU6050_DMP6.ino:51:0:

D:\arduino\portable\sketchbook\libraries\MPU6050/MPU6050_6Axis_MotionApps20.h:69:26: error: conflicting declaration 'typedef uint32_t prog_uint32_t'

         typedef uint32_t prog_uint32_t;

                          ^

In file included from D:\arduino\portable\packages\esp32\hardware\esp32\1.0.4\cores\esp32/WString.h:29:0,

                 from D:\arduino\portable\packages\esp32\hardware\esp32\1.0.4\cores\esp32/Arduino.h:146,

                 from C:\Users\hw\AppData\Local\Temp\arduino_build_44490\sketch\MPU6050_DMP6.ino.cpp:1:

D:\arduino\portable\packages\esp32\hardware\esp32\1.0.4\cores\esp32/pgmspace.h:30:23: note: previous declaration as 'typedef long unsigned int prog_uint32_t'

 typedef unsigned long prog_uint32_t;

                       ^

```
Operations done on "intermediate" array in loop were in conflict with its size. Also, please delete this comment **//#error The I2CDEV_BUILTIN_FASTWIRE implementation is known to be broken right now. Patience, Iago!**
Hello,
Maybe not an issue as such, maybe just me doing it wrong?
I'm trying to compile the ESP32_ESP-IDF components with IDF V3.3 but get a few errors:

r@r-PC MINGW32 ~/esp/esp-idf/ESP32_ESP-IDF
$ make -j9 flash
Toolchain path: /opt/xtensa-esp32-elf/bin/xtensa-esp32-elf-gcc
Toolchain version: crosstool-ng-1.22.0-80-g6c4433a5
Compiler version: 5.2.0
CXX build/I2Cdev/I2Cdev.o
CXX build/MPU6050/MPU6050.o
CXX build/cxx/cxx_exception_stubs.o
C:/msys32/home/r/esp/esp-idf/ESP32_ESP-IDF/components/I2Cdev/I2Cdev.cpp: In static member function 'static int8_t I2Cdev::readBytes(uint8_t, uint8_t, uint8_t, uint8_t*, uint16_t)':
C:/msys32/home/r/esp/esp-idf/ESP32_ESP-IDF/components/I2Cdev/I2Cdev.cpp:138:57: error: invalid conversion from 'int' to 'i2c_ack_type_t' [-fpermissive]
   ESP_ERROR_CHECK(i2c_master_read(cmd, data, length-1, 0));
                                                         ^
C:/msys32/home/r/esp/esp-idf/ESP32_ESP-IDF/components/I2Cdev/I2Cdev.cpp:45:51: note: in definition of macro 'ESP_ERROR_CHECK'
 #define ESP_ERROR_CHECK(x)   do { esp_err_t rc = (x); if (rc != ESP_OK) { ESP_LOGE("err", "esp_err_t = %d", rc); /*assert(0 && #x);*/} } while(0);
                                                   ^
In file included from C:/msys32/home/r/esp/esp-idf/ESP32_ESP-IDF/components/I2Cdev/I2Cdev.h:37:0,
                 from C:/msys32/home/r/esp/esp-idf/ESP32_ESP-IDF/components/I2Cdev/I2Cdev.cpp:40:
C:/msys32/home/r/esp/esp-idf/components/driver/include/driver/i2c.h:325:11: note:   initializing argument 4 of 'esp_err_t i2c_master_read(i2c_cmd_handle_t, uint8_t*, size_t, i2c_ack_type_t)'
 esp_err_t i2c_master_read(i2c_cmd_handle_t cmd_handle, uint8_t* data, size_t data_len, i2c_ack_type_t ack);
           ^
C:/msys32/home/r/esp/esp-idf/ESP32_ESP-IDF/components/I2Cdev/I2Cdev.cpp:140:60: error: invalid conversion from 'int' to 'i2c_ack_type_t' [-fpermissive]
  ESP_ERROR_CHECK(i2c_master_read_byte(cmd, data+length-1, 1));
                                                            ^
C:/msys32/home/r/esp/esp-idf/ESP32_ESP-IDF/components/I2Cdev/I2Cdev.cpp:45:51: note: in definition of macro 'ESP_ERROR_CHECK'
 #define ESP_ERROR_CHECK(x)   do { esp_err_t rc = (x); if (rc != ESP_OK) { ESP_LOGE("err", "esp_err_t = %d", rc); /*assert(0 && #x);*/} } while(0);
                                                   ^
In file included from C:/msys32/home/r/esp/esp-idf/ESP32_ESP-IDF/components/I2Cdev/I2Cdev.h:37:0,
                 from C:/msys32/home/r/esp/esp-idf/ESP32_ESP-IDF/components/I2Cdev/I2Cdev.cpp:40:
C:/msys32/home/r/esp/esp-idf/components/driver/include/driver/i2c.h:306:11: note:   initializing argument 3 of 'esp_err_t i2c_master_read_byte(i2c_cmd_handle_t, uint8_t*, i2c_ack_type_t)'
 esp_err_t i2c_master_read_byte(i2c_cmd_handle_t cmd_handle, uint8_t* data, i2c_ack_type_t ack);
           ^
C:/msys32/home/r/esp/esp-idf/ESP32_ESP-IDF/components/I2Cdev/I2Cdev.cpp: In static member function 'static bool I2Cdev::writeWord(uint8_t, uint8_t, uint16_t)':
C:/msys32/home/r/esp/esp-idf/ESP32_ESP-IDF/components/I2Cdev/I2Cdev.cpp:152:10: warning: unused variable 'data2' [-Wunused-variable]
  uint8_t data2[] = {(uint8_t)(data & 0xff), (uint8_t)(data>>8)};
          ^
CC build/console/linenoise/linenoise.o
CC build/coap/libcoap/src/address.o
In file included from C:/msys32/home/r/esp/esp-idf/components/driver/include/driver/i2c.h:23:0,
                 from C:/msys32/home/r/esp/esp-idf/ESP32_ESP-IDF/components/I2Cdev/I2Cdev.h:37,
                 from C:/msys32/home/r/esp/esp-idf/ESP32_ESP-IDF/components/MPU6050/MPU6050.h:41,
                 from C:/msys32/home/r/esp/esp-idf/ESP32_ESP-IDF/components/MPU6050/MPU6050.cpp:37:
C:/msys32/home/r/esp/esp-idf/ESP32_ESP-IDF/components/MPU6050/MPU6050.cpp: In member function 'void MPU6050::ReadRegister(uint8_t, uint8_t*, uint8_t)':
C:/msys32/home/r/esp/esp-idf/ESP32_ESP-IDF/components/MPU6050/MPU6050.cpp:52:52: error: invalid conversion from 'int' to 'i2c_ack_type_t' [-fpermissive]
   ESP_ERROR_CHECK(i2c_master_read(cmd, data, len, 0));
                                                    ^
C:/msys32/home/r/esp/esp-idf/components/esp32/include/esp_err.h:117:31: note: in definition of macro 'ESP_ERROR_CHECK'
         esp_err_t __err_rc = (x);                                       \
                               ^
In file included from C:/msys32/home/r/esp/esp-idf/ESP32_ESP-IDF/components/I2Cdev/I2Cdev.h:37:0,
                 from C:/msys32/home/r/esp/esp-idf/ESP32_ESP-IDF/components/MPU6050/MPU6050.h:41,
                 from C:/msys32/home/r/esp/esp-idf/ESP32_ESP-IDF/components/MPU6050/MPU6050.cpp:37:
C:/msys32/home/r/esp/esp-idf/components/driver/include/driver/i2c.h:325:11: note:   initializing argument 4 of 'esp_err_t i2c_master_read(i2c_cmd_handle_t, uint8_t*, size_t, i2c_ack_type_t)'
 esp_err_t i2c_master_read(i2c_cmd_handle_t cmd_handle, uint8_t* data, size_t data_len, i2c_ack_type_t ack);
           ^
In file included from C:/msys32/home/r/esp/esp-idf/components/driver/include/driver/i2c.h:23:0,
                 from C:/msys32/home/r/esp/esp-idf/ESP32_ESP-IDF/components/I2Cdev/I2Cdev.h:37,
                 from C:/msys32/home/r/esp/esp-idf/ESP32_ESP-IDF/components/MPU6050/MPU6050.h:41,
                 from C:/msys32/home/r/esp/esp-idf/ESP32_ESP-IDF/components/MPU6050/MPU6050.cpp:37:
C:/msys32/home/r/esp/esp-idf/ESP32_ESP-IDF/components/MPU6050/MPU6050.cpp:54:57: error: invalid conversion from 'int' to 'i2c_ack_type_t' [-fpermissive]
  ESP_ERROR_CHECK(i2c_master_read_byte(cmd, data+len-1, 1));
                                                         ^
C:/msys32/home/r/esp/esp-idf/components/esp32/include/esp_err.h:117:31: note: in definition of macro 'ESP_ERROR_CHECK'
         esp_err_t __err_rc = (x);                                       \
                               ^
In file included from C:/msys32/home/r/esp/esp-idf/ESP32_ESP-IDF/components/I2Cdev/I2Cdev.h:37:0,
                 from C:/msys32/home/r/esp/esp-idf/ESP32_ESP-IDF/components/MPU6050/MPU6050.h:41,
                 from C:/msys32/home/r/esp/esp-idf/ESP32_ESP-IDF/components/MPU6050/MPU6050.cpp:37:
C:/msys32/home/r/esp/esp-idf/components/driver/include/driver/i2c.h:306:11: note:   initializing argument 3 of 'esp_err_t i2c_master_read_byte(i2c_cmd_handle_t, uint8_t*, i2c_ack_type_t)'
 esp_err_t i2c_master_read_byte(i2c_cmd_handle_t cmd_handle, uint8_t* data, i2c_ack_type_t ack);
           ^
make[1]: *** [/home/r/esp/esp-idf/make/component_wrapper.mk:290: I2Cdev.o] Error 1
make: *** [C:/msys32/home/r/esp/esp-idf/make/project.mk:552: component-I2Cdev-build] Error 2
make: *** Waiting for unfinished jobs....
CC build/coap/libcoap/src/async.o
make[1]: *** [/home/r/esp/esp-idf/make/component_wrapper.mk:290: MPU6050.o] Error 1
make: *** [C:/msys32/home/r/esp/esp-idf/make/project.mk:552: component-MPU6050-build] Error 2

Can anyone please suggest where I'm going wrong?
Thanks in advance


I have tried to fix this issue by changhing the buffer lenght and I tried both 32 and 64 but it was still unable to compile.
Arduino: 1.8.10 (Windows 10), Board: "Atmel SAMD21 Xplained Pro (via EDBG)"

C:\Users\UserName\Documents\Arduino\libraries\MPU6050\MPU6050.cpp: In member function 'void MPU6050::PrintActiveOffsets()':

C:\Users\UserName\Documents\Arduino\libraries\MPU6050\MPU6050.cpp:3308:154: error: 'dtostrf' was not declared in this scope

 #define printfloatx(Name,Variable,Spaces,Precision,EndTxt) { Serial.print(F(Name)); {char S[(Spaces + Precision + 3)];Serial.print(F(" ")); Serial.print(dtostrf((float)Variable,Spaces,Precision ,S));}Serial.print(F(EndTxt)); }//Name,Variable,Spaces,Precision,EndTxt

                                                                                                                                                          ^

C:\Users\UserName\Documents\Arduino\libraries\MPU6050\MPU6050.cpp:3322:2: note: in expansion of macro 'printfloatx'

  printfloatx("", Data[0], 5, 0, ",  ");

  ^~~~~~~~~~~

C:\Users\UserName\Documents\Arduino\libraries\MPU6050\MPU6050.cpp:3308:154: note: suggested alternative: 'strstr'

 #define printfloatx(Name,Variable,Spaces,Precision,EndTxt) { Serial.print(F(Name)); {char S[(Spaces + Precision + 3)];Serial.print(F(" ")); Serial.print(dtostrf((float)Variable,Spaces,Precision ,S));}Serial.print(F(EndTxt)); }//Name,Variable,Spaces,Precision,EndTxt

                                                                                                                                                          ^

C:\Users\UserName\Documents\Arduino\libraries\MPU6050\MPU6050.cpp:3322:2: note: in expansion of macro 'printfloatx'

  printfloatx("", Data[0], 5, 0, ",  ");

  ^~~~~~~~~~~

C:\Users\UserName\Documents\Arduino\libraries\MPU6050\MPU6050.cpp:3308:154: error: 'dtostrf' was not declared in this scope

 #define printfloatx(Name,Variable,Spaces,Precision,EndTxt) { Serial.print(F(Name)); {char S[(Spaces + Precision + 3)];Serial.print(F(" ")); Serial.print(dtostrf((float)Variable,Spaces,Precision ,S));}Serial.print(F(EndTxt)); }//Name,Variable,Spaces,Precision,EndTxt

                                                                                                                                                          ^

C:\Users\UserName\Documents\Arduino\libraries\MPU6050\MPU6050.cpp:3323:2: note: in expansion of macro 'printfloatx'

  printfloatx("", Data[1], 5, 0, ",  ");

  ^~~~~~~~~~~

C:\Users\UserName\Documents\Arduino\libraries\MPU6050\MPU6050.cpp:3308:154: note: suggested alternative: 'strstr'

 #define printfloatx(Name,Variable,Spaces,Precision,EndTxt) { Serial.print(F(Name)); {char S[(Spaces + Precision + 3)];Serial.print(F(" ")); Serial.print(dtostrf((float)Variable,Spaces,Precision ,S));}Serial.print(F(EndTxt)); }//Name,Variable,Spaces,Precision,EndTxt

                                                                                                                                                          ^

C:\Users\UserName\Documents\Arduino\libraries\MPU6050\MPU6050.cpp:3323:2: note: in expansion of macro 'printfloatx'

  printfloatx("", Data[1], 5, 0, ",  ");

  ^~~~~~~~~~~

C:\Users\UserName\Documents\Arduino\libraries\MPU6050\MPU6050.cpp:3308:154: error: 'dtostrf' was not declared in this scope

 #define printfloatx(Name,Variable,Spaces,Precision,EndTxt) { Serial.print(F(Name)); {char S[(Spaces + Precision + 3)];Serial.print(F(" ")); Serial.print(dtostrf((float)Variable,Spaces,Precision ,S));}Serial.print(F(EndTxt)); }//Name,Variable,Spaces,Precision,EndTxt

                                                                                                                                                          ^

C:\Users\UserName\Documents\Arduino\libraries\MPU6050\MPU6050.cpp:3324:2: note: in expansion of macro 'printfloatx'

  printfloatx("", Data[2], 5, 0, ",  ");

  ^~~~~~~~~~~

C:\Users\UserName\Documents\Arduino\libraries\MPU6050\MPU6050.cpp:3308:154: note: suggested alternative: 'strstr'

 #define printfloatx(Name,Variable,Spaces,Precision,EndTxt) { Serial.print(F(Name)); {char S[(Spaces + Precision + 3)];Serial.print(F(" ")); Serial.print(dtostrf((float)Variable,Spaces,Precision ,S));}Serial.print(F(EndTxt)); }//Name,Variable,Spaces,Precision,EndTxt

                                                                                                                                                          ^

C:\Users\UserName\Documents\Arduino\libraries\MPU6050\MPU6050.cpp:3324:2: note: in expansion of macro 'printfloatx'

  printfloatx("", Data[2], 5, 0, ",  ");

  ^~~~~~~~~~~

C:\Users\UserName\Documents\Arduino\libraries\MPU6050\MPU6050.cpp:3308:154: error: 'dtostrf' was not declared in this scope

 #define printfloatx(Name,Variable,Spaces,Precision,EndTxt) { Serial.print(F(Name)); {char S[(Spaces + Precision + 3)];Serial.print(F(" ")); Serial.print(dtostrf((float)Variable,Spaces,Precision ,S));}Serial.print(F(EndTxt)); }//Name,Variable,Spaces,Precision,EndTxt

                                                                                                                                                          ^

C:\Users\UserName\Documents\Arduino\libraries\MPU6050\MPU6050.cpp:3327:2: note: in expansion of macro 'printfloatx'

  printfloatx("", Data[0], 5, 0, ",  ");

  ^~~~~~~~~~~

C:\Users\UserName\Documents\Arduino\libraries\MPU6050\MPU6050.cpp:3308:154: note: suggested alternative: 'strstr'

 #define printfloatx(Name,Variable,Spaces,Precision,EndTxt) { Serial.print(F(Name)); {char S[(Spaces + Precision + 3)];Serial.print(F(" ")); Serial.print(dtostrf((float)Variable,Spaces,Precision ,S));}Serial.print(F(EndTxt)); }//Name,Variable,Spaces,Precision,EndTxt

                                                                                                                                                          ^

C:\Users\UserName\Documents\Arduino\libraries\MPU6050\MPU6050.cpp:3327:2: note: in expansion of macro 'printfloatx'

  printfloatx("", Data[0], 5, 0, ",  ");

  ^~~~~~~~~~~

C:\Users\UserName\Documents\Arduino\libraries\MPU6050\MPU6050.cpp:3308:154: error: 'dtostrf' was not declared in this scope

 #define printfloatx(Name,Variable,Spaces,Precision,EndTxt) { Serial.print(F(Name)); {char S[(Spaces + Precision + 3)];Serial.print(F(" ")); Serial.print(dtostrf((float)Variable,Spaces,Precision ,S));}Serial.print(F(EndTxt)); }//Name,Variable,Spaces,Precision,EndTxt

                                                                                                                                                          ^

C:\Users\UserName\Documents\Arduino\libraries\MPU6050\MPU6050.cpp:3328:2: note: in expansion of macro 'printfloatx'

  printfloatx("", Data[1], 5, 0, ",  ");

  ^~~~~~~~~~~

C:\Users\UserName\Documents\Arduino\libraries\MPU6050\MPU6050.cpp:3308:154: note: suggested alternative: 'strstr'

 #define printfloatx(Name,Variable,Spaces,Precision,EndTxt) { Serial.print(F(Name)); {char S[(Spaces + Precision + 3)];Serial.print(F(" ")); Serial.print(dtostrf((float)Variable,Spaces,Precision ,S));}Serial.print(F(EndTxt)); }//Name,Variable,Spaces,Precision,EndTxt

                                                                                                                                                          ^

C:\Users\UserName\Documents\Arduino\libraries\MPU6050\MPU6050.cpp:3328:2: note: in expansion of macro 'printfloatx'

  printfloatx("", Data[1], 5, 0, ",  ");

  ^~~~~~~~~~~

C:\Users\UserName\Documents\Arduino\libraries\MPU6050\MPU6050.cpp:3308:154: error: 'dtostrf' was not declared in this scope

 #define printfloatx(Name,Variable,Spaces,Precision,EndTxt) { Serial.print(F(Name)); {char S[(Spaces + Precision + 3)];Serial.print(F(" ")); Serial.print(dtostrf((float)Variable,Spaces,Precision ,S));}Serial.print(F(EndTxt)); }//Name,Variable,Spaces,Precision,EndTxt

                                                                                                                                                          ^

C:\Users\UserName\Documents\Arduino\libraries\MPU6050\MPU6050.cpp:3329:2: note: in expansion of macro 'printfloatx'

  printfloatx("", Data[2], 5, 0, "\n");

  ^~~~~~~~~~~

C:\Users\UserName\Documents\Arduino\libraries\MPU6050\MPU6050.cpp:3308:154: note: suggested alternative: 'strstr'

 #define printfloatx(Name,Variable,Spaces,Precision,EndTxt) { Serial.print(F(Name)); {char S[(Spaces + Precision + 3)];Serial.print(F(" ")); Serial.print(dtostrf((float)Variable,Spaces,Precision ,S));}Serial.print(F(EndTxt)); }//Name,Variable,Spaces,Precision,EndTxt

                                                                                                                                                          ^

C:\Users\UserName\Documents\Arduino\libraries\MPU6050\MPU6050.cpp:3329:2: note: in expansion of macro 'printfloatx'

  printfloatx("", Data[2], 5, 0, "\n");

  ^~~~~~~~~~~

Multiple libraries were found for "Wire.h"
 Used: C:\Users\UserName\AppData\Local\Arduino15\packages\atmel-samd21-xpros\hardware\samd\0.3.0\libraries\Wire
 Not used: C:\Users\UserName\AppData\Local\Arduino15\packages\arduino\hardware\samd\1.8.4\libraries\Wire
Multiple libraries were found for "MPU6050_6Axis_MotionApps20.h"
 Used: C:\Users\UserName\Documents\Arduino\libraries\MPU6050
Multiple libraries were found for "I2Cdev.h"
 Used: C:\Users\UserName\Documents\Arduino\libraries\I2Cdev
exit status 1
Error compiling for board Atmel SAMD21 Xplained Pro (via EDBG).

This report would have more information with
"Show verbose output during compilation"
option enabled in File -> Preferences.
