I tried installing jupyter-notebook plugin in atom by searching the package name in atom. When I click on install it shows me the following error

Installing “jupyter-notebook@0.0.10” failed.Hide output…

> bufferutil@1.2.1 install /tmp/apm-install-dir-120013-11030-hdnhdw.9xe0t/node_modules/jupyter-notebook/node_modules/bufferutil
> node-gyp rebuild

make: Entering directory '/tmp/apm-install-dir-120013-11030-hdnhdw.9xe0t/node_modules/jupyter-notebook/node_modules/bufferutil/build'
  CXX(target) Release/obj.target/bufferutil/src/bufferutil.o
  SOLINK_MODULE(target) Release/obj.target/bufferutil.node
  COPY Release/bufferutil.node
make: Leaving directory '/tmp/apm-install-dir-120013-11030-hdnhdw.9xe0t/node_modules/jupyter-notebook/node_modules/bufferutil/build'

> utf-8-validate@1.2.2 install /tmp/apm-install-dir-120013-11030-hdnhdw.9xe0t/node_modules/jupyter-notebook/node_modules/utf-8-validate
> node-gyp rebuild

make: Entering directory '/tmp/apm-install-dir-120013-11030-hdnhdw.9xe0t/node_modules/jupyter-notebook/node_modules/utf-8-validate/build'
  CXX(target) Release/obj.target/validation/src/validation.o
  SOLINK_MODULE(target) Release/obj.target/validation.node
  COPY Release/validation.node
make: Leaving directory '/tmp/apm-install-dir-120013-11030-hdnhdw.9xe0t/node_modules/jupyter-notebook/node_modules/utf-8-validate/build'

> pathwatcher@8.1.0 install /tmp/apm-install-dir-120013-11030-hdnhdw.9xe0t/node_modules/jupyter-notebook/node_modules/pathwatcher
> node-gyp rebuild

make: Entering directory '/tmp/apm-install-dir-120013-11030-hdnhdw.9xe0t/node_modules/jupyter-notebook/node_modules/pathwatcher/build'
  CXX(target) Release/obj.target/pathwatcher/src/main.o
  CXX(target) Release/obj.target/pathwatcher/src/common.o
pathwatcher.target.mk:100: recipe for target 'Release/obj.target/pathwatcher/src/common.o' failed
make: Leaving directory '/tmp/apm-install-dir-120013-11030-hdnhdw.9xe0t/node_modules/jupyter-notebook/node_modules/pathwatcher/build'

npm WARN deprecated jupyter-js-services@0.21.1: This package has moved to @jupyterlab/services
npm WARN deprecated core-js@1.2.7: core-js@<3 is no longer maintained and not recommended for usage due to the number of issues. Please, upgrade your dependencies to the actual version of core-js@3.
npm WARN deprecated phosphor@0.5.0: use @phosphor/ packages
gyp info it worked if it ends with ok
gyp verb cli [ '/usr/share/atom/resources/app/apm/bin/node',
gyp verb cli   '/usr/share/atom/resources/app/apm/node_modules/.bin/node-gyp',
gyp verb cli   'rebuild' ]
gyp info using node-gyp@3.4.0
gyp info using node@8.9.3 | linux | x64
gyp verb command rebuild []
gyp verb command clean []
gyp verb clean removing "build" directory
gyp verb command configure []
gyp verb check python checking for Python executable "/usr/share/atom/resources/app/apm/bin/python-interceptor.sh" in the PATH
gyp verb `which` succeeded /usr/share/atom/resources/app/apm/bin/python-interceptor.sh /usr/share/atom/resources/app/apm/bin/python-interceptor.sh
gyp verb check python version `/usr/share/atom/resources/app/apm/bin/python-interceptor.sh -c "import platform; print(platform.python_version());"` returned: "2.7.17\n"
gyp verb get node dir compiling against --target node version: 2.0.11
gyp verb command install [ '2.0.11' ]
gyp verb install input version string "2.0.11"
gyp verb install installing version: iojs-2.0.11
gyp verb install --ensure was passed, so won't reinstall if already installed
gyp verb install version is already installed, need to check "installVersion"
gyp verb got "installVersion" 9
gyp verb needs "installVersion" 9
gyp verb install version is good
gyp verb get node dir target node version installed: iojs-2.0.11
gyp verb build dir attempting to create "build" dir: /tmp/apm-install-dir-120013-11030-hdnhdw.9xe0t/node_modules/jupyter-notebook/node_modules/bufferutil/build
gyp verb build dir "build" dir needed to be created? /tmp/apm-install-dir-120013-11030-hdnhdw.9xe0t/node_modules/jupyter-notebook/node_modules/bufferutil/build
gyp verb build/config.gypi creating config file
gyp sill build/config.gypi { target_defaults: 
gyp sill build/config.gypi    { cflags: [],
gyp sill build/config.gypi      default_configuration: 'Release',
gyp sill build/config.gypi      defines: [],
gyp sill build/config.gypi      include_dirs: [],
gyp sill build/config.gypi      libraries: [] },
gyp sill build/config.gypi   variables: 
gyp sill build/config.gypi    { asan: 0,
gyp sill build/config.gypi      coverage: false,
gyp sill build/config.gypi      debug_devtools: 'node',
gyp sill build/config.gypi      debug_http2: false,
gyp sill build/config.gypi      debug_nghttp2: false,
gyp sill build/config.gypi      force_dynamic_crt: 0,
gyp sill build/config.gypi      gas_version: '2.23',
gyp sill build/config.gypi      host_arch: 'x64',
gyp sill build/config.gypi      icu_data_file: 'icudt59l.dat',
gyp sill build/config.gypi      icu_data_in: '../../deps/icu-small/source/data/in/icudt59l.dat',
gyp sill build/config.gypi      icu_endianness: 'l',
gyp sill build/config.gypi      icu_gyp_path: 'tools/icu/icu-generic.gyp',
gyp sill build/config.gypi      icu_locales: 'en,root',
gyp sill build/config.gypi      icu_path: 'deps/icu-small',
gyp sill build/config.gypi      icu_small: true,
gyp sill build/config.gypi      icu_ver_major: '59',
gyp sill build/config.gypi      node_byteorder: 'little',
gyp sill build/config.gypi      node_enable_d8: false,
gyp sill build/config.gypi      node_enable_v8_vtunejit: false,
gyp sill build/config.gypi      node_install_npm: true,
gyp sill build/config.gypi      node_module_version: 57,
gyp sill build/config.gypi      node_no_browser_globals: false,
gyp sill build/config.gypi      node_prefix: '/',
gyp sill build/config.gypi      node_release_urlbase: 'https://nodejs.org/download/release/',
gyp sill build/config.gypi      node_shared: false,
gyp sill build/config.gypi      node_shared_cares: false,
gyp sill build/config.gypi      node_shared_http_parser: false,
gyp sill build/config.gypi      node_shared_libuv: false,
gyp sill build/config.gypi      node_shared_openssl: false,
gyp sill build/config.gypi      node_shared_zlib: false,
gyp sill build/config.gypi      node_tag: '',
gyp sill build/config.gypi      node_use_bundled_v8: true,
gyp sill build/config.gypi      node_use_dtrace: false,
gyp sill build/config.gypi      node_use_etw: false,
gyp sill build/config.gypi      node_use_lttng: false,
gyp sill build/config.gypi      node_use_openssl: true,
gyp sill build/config.gypi      node_use_perfctr: false,
gyp sill build/config.gypi      node_use_v8_platform: true,
gyp sill build/config.gypi      node_without_node_options: false,
gyp sill build/config.gypi      openssl_fips: '',
gyp sill build/config.gypi      openssl_no_asm: 0,
gyp sill build/config.gypi      shlib_suffix: 'so.57',
gyp sill build/config.gypi      target_arch: 'x64',
gyp sill build/config.gypi      uv_parent_path: '/deps/uv/',
gyp sill build/config.gypi      uv_use_dtrace: false,
gyp sill build/config.gypi      v8_enable_gdbjit: 0,
gyp sill build/config.gypi      v8_enable_i18n_support: 1,
gyp sill build/config.gypi      v8_enable_inspector: 1,
gyp sill build/config.gypi      v8_no_strict_aliasing: 1,
gyp sill build/config.gypi      v8_optimized_debug: 0,
gyp sill build/config.gypi      v8_promise_internal_field_count: 1,
gyp sill build/config.gypi      v8_random_seed: 0,
gyp sill build/config.gypi      v8_trace_maps: 0,
gyp sill build/config.gypi      v8_use_snapshot: true,
gyp sill build/config.gypi      want_separate_host_toolset: 0,
gyp sill build/config.gypi      nodedir: '/home/raj/.atom/.node-gyp/.node-gyp/iojs-2.0.11',
gyp sill build/config.gypi      copy_dev_lib: true,
gyp sill build/config.gypi      standalone_static_library: 1,
gyp sill build/config.gypi      cache_lock_stale: '60000',
gyp sill build/config.gypi      ham_it_up: '',
gyp sill build/config.gypi      legacy_bundling: '',
gyp sill build/config.gypi      sign_git_tag: '',
gyp sill build/config.gypi      user_agent: 'npm/6.2.0 node/v8.9.3 linux x64',
gyp sill build/config.gypi      always_auth: '',
gyp sill build/config.gypi      bin_links: 'true',
gyp sill build/config.gypi      key: '',
gyp sill build/config.gypi      allow_same_version: '',
gyp sill build/config.gypi      description: 'true',
gyp sill build/config.gypi      fetch_retries: '2',
gyp sill build/config.gypi      heading: 'npm',
gyp sill build/config.gypi      if_present: '',
gyp sill build/config.gypi      init_version: '1.0.0',
gyp sill build/config.gypi      user: '',
gyp sill build/config.gypi      prefer_online: '',
gyp sill build/config.gypi      force: '',
gyp sill build/config.gypi      only: '',
gyp sill build/config.gypi      read_only: '',
gyp sill build/config.gypi      cache_min: '10',
gyp sill build/config.gypi      init_license: 'ISC',
gyp sill build/config.gypi      target: '2.0.11',
gyp sill build/config.gypi      editor: 'vi',
gyp sill build/config.gypi      rollback: 'true',
gyp sill build/config.gypi      tag_version_prefix: 'v',
gyp sill build/config.gypi      userconfig: '/home/raj/.atom/.apmrc',
gyp sill build/config.gypi      cache_max: 'Infinity',
gyp sill build/config.gypi      timing: '',
gyp sill build/config.gypi      engine_strict: '',
gyp sill build/config.gypi      init_author_name: '',
gyp sill build/config.gypi      init_author_url: '',
gyp sill build/config.gypi      tmp: '/tmp',
gyp sill build/config.gypi      depth: 'Infinity',
gyp sill build/config.gypi      package_lock_only: '',
gyp sill build/config.gypi      save_dev: '',
gyp sill build/config.gypi      usage: '',
gyp sill build/config.gypi      metrics_registry: 'https://registry.npmjs.org/',
gyp sill build/config.gypi      progress: '',
gyp sill build/config.gypi      otp: '',
gyp sill build/config.gypi      package_lock: 'true',
gyp sill build/config.gypi      https_proxy: '',
gyp sill build/config.gypi      save_prod: '',
gyp sill build/config.gypi      audit: 'true',
gyp sill build/config.gypi      cidr: '',
gyp sill build/config.gypi      onload_script: '',
gyp sill build/config.gypi      sso_type: 'oauth',
gyp sill build/config.gypi      rebuild_bundle: 'true',
gyp sill build/config.gypi      save_bundle: '',
gyp sill build/config.gypi      shell: '/bin/bash',
gyp sill build/config.gypi      dry_run: '',
gyp sill build/config.gypi      prefix: '/usr/share/atom/resources/app/apm',
gyp sill build/config.gypi      runtime: 'electron',
gyp sill build/config.gypi      scope: '',
gyp sill build/config.gypi      browser: '',
gyp sill build/config.gypi      cache_lock_wait: '10000',
gyp sill build/config.gypi      ignore_prepublish: '',
gyp sill build/config.gypi      registry: 'https://registry.npmjs.org/',
gyp sill build/config.gypi      save_optional: '',
gyp sill build/config.gypi      searchopts: '',
gyp sill build/config.gypi      versions: '',
gyp sill build/config.gypi      cache: '/home/raj/.atom/.apm',
gyp sill build/config.gypi      send_metrics: '',
gyp sill build/config.gypi      global_style: 'true',
gyp sill build/config.gypi      ignore_scripts: '',
gyp sill build/config.gypi      version: '',
gyp sill build/config.gypi      node_gyp: '/usr/share/atom/resources/app/apm/bin/../node_modules/.bin/node-gyp',
gyp sill build/config.gypi      local_address: '',
gyp sill build/config.gypi      viewer: 'man',
gyp sill build/config.gypi      prefer_offline: '',
gyp sill build/config.gypi      color: 'true',
gyp sill build/config.gypi      no_proxy: '',
gyp sill build/config.gypi      sign_git_commit: '',
gyp sill build/config.gypi      fetch_retry_mintimeout: '10000',
gyp sill build/config.gypi      maxsockets: '50',
gyp sill build/config.gypi      offline: '',
gyp sill build/config.gypi      sso_poll_frequency: '500',
gyp sill build/config.gypi      umask: '0002',
gyp sill build/config.gypi      fetch_retry_maxtimeout: '60000',
gyp sill build/config.gypi      logs_max: '10',
gyp sill build/config.gypi      message: '%s',
gyp sill build/config.gypi      ca: '',
gyp sill build/config.gypi      cert: '',
gyp sill build/config.gypi      global: '',
gyp sill build/config.gypi      link: '',
gyp sill build/config.gypi      access: '',
gyp sill build/config.gypi      also: '',
gyp sill build/config.gypi      save: 'true',
gyp sill build/config.gypi      unicode: '',
gyp sill build/config.gypi      long: '',
gyp sill build/config.gypi      production: 'true',
gyp sill build/config.gypi      searchlimit: '20',
gyp sill build/config.gypi      unsafe_perm: 'true',
gyp sill build/config.gypi      update_notifier: 'true',
gyp sill build/config.gypi      auth_type: 'legacy',
gyp sill build/config.gypi      node_version: '8.9.3',
gyp sill build/config.gypi      tag: 'latest',
gyp sill build/config.gypi      git_tag_version: 'true',
gyp sill build/config.gypi      commit_hooks: 'true',
gyp sill build/config.gypi      script_shell: '',
gyp sill build/config.gypi      shrinkwrap: 'true',
gyp sill build/config.gypi      fetch_retry_factor: '10',
gyp sill build/config.gypi      save_exact: '',
gyp sill build/config.gypi      strict_ssl: 'true',
gyp sill build/config.gypi      globalconfig: '/home/raj/.atom/.apm/.apmrc',
gyp sill build/config.gypi      dev: '',
gyp sill build/config.gypi      init_module: '/home/raj/.atom/.node-gyp/.npm-init.js',
gyp sill build/config.gypi      parseable: '',
gyp sill build/config.gypi      globalignorefile: '/usr/share/atom/resources/app/apm/etc/npmignore',
gyp sill build/config.gypi      cache_lock_retries: '10',
gyp sill build/config.gypi      searchstaleness: '900',
gyp sill build/config.gypi      node_options: '',
gyp sill build/config.gypi      save_prefix: '^',
gyp sill build/config.gypi      scripts_prepend_node_path: 'warn-only',
gyp sill build/config.gypi      group: '1000',
gyp sill build/config.gypi      init_author_email: '',
gyp sill build/config.gypi      searchexclude: '',
gyp sill build/config.gypi      dist_url: 'https://atom.io/download/electron',
gyp sill build/config.gypi      git: 'git',
gyp sill build/config.gypi      optional: 'true',
gyp sill build/config.gypi      json: '' } }
gyp verb build/config.gypi writing out config file: /tmp/apm-install-dir-120013-11030-hdnhdw.9xe0t/node_modules/jupyter-notebook/node_modules/bufferutil/build/config.gypi
gyp verb config.gypi checking for gypi file: /tmp/apm-install-dir-120013-11030-hdnhdw.9xe0t/node_modules/jupyter-notebook/node_modules/bufferutil/config.gypi
gyp verb common.gypi checking for gypi file: /tmp/apm-install-dir-120013-11030-hdnhdw.9xe0t/node_modules/jupyter-notebook/node_modules/bufferutil/common.gypi
gyp verb gyp gyp format was not specified; forcing "make"
gyp info spawn /usr/share/atom/resources/app/apm/bin/python-interceptor.sh
gyp info spawn args [ '/usr/share/atom/resources/app/apm/node_modules/node-gyp/gyp/gyp_main.py',
gyp info spawn args   'binding.gyp',
gyp info spawn args   '-f',
gyp info spawn args   'make',
gyp info spawn args   '-I',
gyp info spawn args   '/tmp/apm-install-dir-120013-11030-hdnhdw.9xe0t/node_modules/jupyter-notebook/node_modules/bufferutil/build/config.gypi',
gyp info spawn args   '-I',
gyp info spawn args   '/usr/share/atom/resources/app/apm/node_modules/node-gyp/addon.gypi',
gyp info spawn args   '-I',
gyp info spawn args   '/home/raj/.atom/.node-gyp/.node-gyp/iojs-2.0.11/common.gypi',
gyp info spawn args   '-Dlibrary=shared_library',
gyp info spawn args   '-Dvisibility=default',
gyp info spawn args   '-Dnode_root_dir=/home/raj/.atom/.node-gyp/.node-gyp/iojs-2.0.11',
gyp info spawn args   '-Dnode_gyp_dir=/usr/share/atom/resources/app/apm/node_modules/node-gyp',
gyp info spawn args   '-Dnode_lib_file=iojs.lib',
gyp info spawn args   '-Dmodule_root_dir=/tmp/apm-install-dir-120013-11030-hdnhdw.9xe0t/node_modules/jupyter-notebook/node_modules/bufferutil',
gyp info spawn args   '--depth=.',
gyp info spawn args   '--no-parallel',
gyp info spawn args   '--generator-output',
gyp info spawn args   'build',
gyp info spawn args   '-Goutput_dir=.' ]
gyp verb command build []
gyp verb build type Release
gyp verb architecture x64
gyp verb node dev dir /home/raj/.atom/.node-gyp/.node-gyp/iojs-2.0.11
gyp verb `which` succeeded for `make` /usr/bin/make
gyp info spawn make
gyp info spawn args [ 'BUILDTYPE=Release', '-C', 'build' ]
../src/bufferutil.cc: In static member function ‘static Nan::NAN_METHOD_RETURN_TYPE BufferUtil::Mask(Nan::NAN_METHOD_ARGS_TYPE)’:
../src/bufferutil.cc:102:39: warning: this statement may fall through [-Wimplicit-fallthrough=]
       case 3: *((unsigned char*)to+2) = *((unsigned char*)from+2) ^ *((unsigned char*)mask+2);
               ~~~~~~~~~~~~~~~~~~~~~~~~^~~~~~~~~~~~~~~~~~~~~~~~~~~~~~~~~~~~~~~~~~~~~~~~~~~~~~~
../src/bufferutil.cc:103:7: note: here
       case 2: *((unsigned char*)to+1) = *((unsigned char*)from+1) ^ *((unsigned char*)mask+1);
       ^~~~
../src/bufferutil.cc:103:39: warning: this statement may fall through [-Wimplicit-fallthrough=]
       case 2: *((unsigned char*)to+1) = *((unsigned char*)from+1) ^ *((unsigned char*)mask+1);
               ~~~~~~~~~~~~~~~~~~~~~~~~^~~~~~~~~~~~~~~~~~~~~~~~~~~~~~~~~~~~~~~~~~~~~~~~~~~~~~~
../src/bufferutil.cc:104:7: note: here
       case 1: *((unsigned char*)to  ) = *((unsigned char*)from  ) ^ *((unsigned char*)mask);
       ^~~~
../src/bufferutil.cc: In static member function ‘static Nan::NAN_METHOD_RETURN_TYPE BufferUtil::Unmask(Nan::NAN_METHOD_ARGS_TYPE)’:
../src/bufferutil.cc:77:41: warning: this statement may fall through [-Wimplicit-fallthrough=]
       case 3: *((unsigned char*)from+2) = *((unsigned char*)from+2) ^ ((unsigned char*)mask)[2];
               ~~~~~~~~~~~~~~~~~~~~~~~~~~^~~~~~~~~~~~~~~~~~~~~~~~~~~~~~~~~~~~~~~~~~~~~~~~~~~~~~~
../src/bufferutil.cc:78:7: note: here
       case 2: *((unsigned char*)from+1) = *((unsigned char*)from+1) ^ ((unsigned char*)mask)[1];
       ^~~~
../src/bufferutil.cc:78:41: warning: this statement may fall through [-Wimplicit-fallthrough=]
       case 2: *((unsigned char*)from+1) = *((unsigned char*)from+1) ^ ((unsigned char*)mask)[1];
               ~~~~~~~~~~~~~~~~~~~~~~~~~~^~~~~~~~~~~~~~~~~~~~~~~~~~~~~~~~~~~~~~~~~~~~~~~~~~~~~~~
../src/bufferutil.cc:79:7: note: here
       case 1: *((unsigned char*)from  ) = *((unsigned char*)from  ) ^ ((unsigned char*)mask)[0];
       ^~~~
gyp info ok 
gyp info it worked if it ends with ok
gyp verb cli [ '/usr/share/atom/resources/app/apm/bin/node',
gyp verb cli   '/usr/share/atom/resources/app/apm/node_modules/.bin/node-gyp',
gyp verb cli   'rebuild' ]
gyp info using node-gyp@3.4.0
gyp info using node@8.9.3 | linux | x64
gyp verb command rebuild []
gyp verb command clean []
gyp verb clean removing "build" directory
gyp verb command configure []
gyp verb check python checking for Python executable "/usr/share/atom/resources/app/apm/bin/python-interceptor.sh" in the PATH
gyp verb `which` succeeded /usr/share/atom/resources/app/apm/bin/python-interceptor.sh /usr/share/atom/resources/app/apm/bin/python-interceptor.sh
gyp verb check python version `/usr/share/atom/resources/app/apm/bin/python-interceptor.sh -c "import platform; print(platform.python_version());"` returned: "2.7.17\n"
gyp verb get node dir compiling against --target node version: 2.0.11
gyp verb command install [ '2.0.11' ]
gyp verb install input version string "2.0.11"
gyp verb install installing version: iojs-2.0.11
gyp verb install --ensure was passed, so won't reinstall if already installed
gyp verb install version is already installed, need to check "installVersion"
gyp verb got "installVersion" 9
gyp verb needs "installVersion" 9
gyp verb install version is good
gyp verb get node dir target node version installed: iojs-2.0.11
gyp verb build dir attempting to create "build" dir: /tmp/apm-install-dir-120013-11030-hdnhdw.9xe0t/node_modules/jupyter-notebook/node_modules/utf-8-validate/build
gyp verb build dir "build" dir needed to be created? /tmp/apm-install-dir-120013-11030-hdnhdw.9xe0t/node_modules/jupyter-notebook/node_modules/utf-8-validate/build
gyp verb build/config.gypi creating config file
gyp sill build/config.gypi { target_defaults: 
gyp sill build/config.gypi    { cflags: [],
gyp sill build/config.gypi      default_configuration: 'Release',
gyp sill build/config.gypi      defines: [],
gyp sill build/config.gypi      include_dirs: [],
gyp sill build/config.gypi      libraries: [] },
gyp sill build/config.gypi   variables: 
gyp sill build/config.gypi    { asan: 0,
gyp sill build/config.gypi      coverage: false,
gyp sill build/config.gypi      debug_devtools: 'node',
gyp sill build/config.gypi      debug_http2: false,
gyp sill build/config.gypi      debug_nghttp2: false,
gyp sill build/config.gypi      force_dynamic_crt: 0,
gyp sill build/config.gypi      gas_version: '2.23',
gyp sill build/config.gypi      host_arch: 'x64',
gyp sill build/config.gypi      icu_data_file: 'icudt59l.dat',
gyp sill build/config.gypi      icu_data_in: '../../deps/icu-small/source/data/in/icudt59l.dat',
gyp sill build/config.gypi      icu_endianness: 'l',
gyp sill build/config.gypi      icu_gyp_path: 'tools/icu/icu-generic.gyp',
gyp sill build/config.gypi      icu_locales: 'en,root',
gyp sill build/config.gypi      icu_path: 'deps/icu-small',
gyp sill build/config.gypi      icu_small: true,
gyp sill build/config.gypi      icu_ver_major: '59',
gyp sill build/config.gypi      node_byteorder: 'little',
gyp sill build/config.gypi      node_enable_d8: false,
gyp sill build/config.gypi      node_enable_v8_vtunejit: false,
gyp sill build/config.gypi      node_install_npm: true,
gyp sill build/config.gypi      node_module_version: 57,
gyp sill build/config.gypi      node_no_browser_globals: false,
gyp sill build/config.gypi      node_prefix: '/',
gyp sill build/config.gypi      node_release_urlbase: 'https://nodejs.org/download/release/',
gyp sill build/config.gypi      node_shared: false,
gyp sill build/config.gypi      node_shared_cares: false,
gyp sill build/config.gypi      node_shared_http_parser: false,
gyp sill build/config.gypi      node_shared_libuv: false,
gyp sill build/config.gypi      node_shared_openssl: false,
gyp sill build/config.gypi      node_shared_zlib: false,
gyp sill build/config.gypi      node_tag: '',
gyp sill build/config.gypi      node_use_bundled_v8: true,
gyp sill build/config.gypi      node_use_dtrace: false,
gyp sill build/config.gypi      node_use_etw: false,
gyp sill build/config.gypi      node_use_lttng: false,
gyp sill build/config.gypi      node_use_openssl: true,
gyp sill build/config.gypi      node_use_perfctr: false,
gyp sill build/config.gypi      node_use_v8_platform: true,
gyp sill build/config.gypi      node_without_node_options: false,
gyp sill build/config.gypi      openssl_fips: '',
gyp sill build/config.gypi      openssl_no_asm: 0,
gyp sill build/config.gypi      shlib_suffix: 'so.57',
gyp sill build/config.gypi      target_arch: 'x64',
gyp sill build/config.gypi      uv_parent_path: '/deps/uv/',
gyp sill build/config.gypi      uv_use_dtrace: false,
gyp sill build/config.gypi      v8_enable_gdbjit: 0,
gyp sill build/config.gypi      v8_enable_i18n_support: 1,
gyp sill build/config.gypi      v8_enable_inspector: 1,
gyp sill build/config.gypi      v8_no_strict_aliasing: 1,
gyp sill build/config.gypi      v8_optimized_debug: 0,
gyp sill build/config.gypi      v8_promise_internal_field_count: 1,
gyp sill build/config.gypi      v8_random_seed: 0,
gyp sill build/config.gypi      v8_trace_maps: 0,
gyp sill build/config.gypi      v8_use_snapshot: true,
gyp sill build/config.gypi      want_separate_host_toolset: 0,
gyp sill build/config.gypi      nodedir: '/home/raj/.atom/.node-gyp/.node-gyp/iojs-2.0.11',
gyp sill build/config.gypi      copy_dev_lib: true,
gyp sill build/config.gypi      standalone_static_library: 1,
gyp sill build/config.gypi      cache_lock_stale: '60000',
gyp sill build/config.gypi      ham_it_up: '',
gyp sill build/config.gypi      legacy_bundling: '',
gyp sill build/config.gypi      sign_git_tag: '',
gyp sill build/config.gypi      user_agent: 'npm/6.2.0 node/v8.9.3 linux x64',
gyp sill build/config.gypi      always_auth: '',
gyp sill build/config.gypi      bin_links: 'true',
gyp sill build/config.gypi      key: '',
gyp sill build/config.gypi      allow_same_version: '',
gyp sill build/config.gypi      description: 'true',
gyp sill build/config.gypi      fetch_retries: '2',
gyp sill build/config.gypi      heading: 'npm',
gyp sill build/config.gypi      if_present: '',
gyp sill build/config.gypi      init_version: '1.0.0',
gyp sill build/config.gypi      user: '',
gyp sill build/config.gypi      prefer_online: '',
gyp sill build/config.gypi      force: '',
gyp sill build/config.gypi      only: '',
gyp sill build/config.gypi      read_only: '',
gyp sill build/config.gypi      cache_min: '10',
gyp sill build/config.gypi      init_license: 'ISC',
gyp sill build/config.gypi      target: '2.0.11',
gyp sill build/config.gypi      editor: 'vi',
gyp sill build/config.gypi      rollback: 'true',
gyp sill build/config.gypi      tag_version_prefix: 'v',
gyp sill build/config.gypi      userconfig: '/home/raj/.atom/.apmrc',
gyp sill build/config.gypi      cache_max: 'Infinity',
gyp sill build/config.gypi      timing: '',
gyp sill build/config.gypi      engine_strict: '',
gyp sill build/config.gypi      init_author_name: '',
gyp sill build/config.gypi      init_author_url: '',
gyp sill build/config.gypi      tmp: '/tmp',
gyp sill build/config.gypi      depth: 'Infinity',
gyp sill build/config.gypi      package_lock_only: '',
gyp sill build/config.gypi      save_dev: '',
gyp sill build/config.gypi      usage: '',
gyp sill build/config.gypi      metrics_registry: 'https://registry.npmjs.org/',
gyp sill build/config.gypi      progress: '',
gyp sill build/config.gypi      otp: '',
gyp sill build/config.gypi      package_lock: 'true',
gyp sill build/config.gypi      https_proxy: '',
gyp sill build/config.gypi      save_prod: '',
gyp sill build/config.gypi      audit: 'true',
gyp sill build/config.gypi      cidr: '',
gyp sill build/config.gypi      onload_script: '',
gyp sill build/config.gypi      sso_type: 'oauth',
gyp sill build/config.gypi      rebuild_bundle: 'true',
gyp sill build/config.gypi      save_bundle: '',
gyp sill build/config.gypi      shell: '/bin/bash',
gyp sill build/config.gypi      dry_run: '',
gyp sill build/config.gypi      prefix: '/usr/share/atom/resources/app/apm',
gyp sill build/config.gypi      runtime: 'electron',
gyp sill build/config.gypi      scope: '',
gyp sill build/config.gypi      browser: '',
gyp sill build/config.gypi      cache_lock_wait: '10000',
gyp sill build/config.gypi      ignore_prepublish: '',
gyp sill build/config.gypi      registry: 'https://registry.npmjs.org/',
gyp sill build/config.gypi      save_optional: '',
gyp sill build/config.gypi      searchopts: '',
gyp sill build/config.gypi      versions: '',
gyp sill build/config.gypi      cache: '/home/raj/.atom/.apm',
gyp sill build/config.gypi      send_metrics: '',
gyp sill build/config.gypi      global_style: 'true',
gyp sill build/config.gypi      ignore_scripts: '',
gyp sill build/config.gypi      version: '',
gyp sill build/config.gypi      node_gyp: '/usr/share/atom/resources/app/apm/bin/../node_modules/.bin/node-gyp',
gyp sill build/config.gypi      local_address: '',
gyp sill build/config.gypi      viewer: 'man',
gyp sill build/config.gypi      prefer_offline: '',
gyp sill build/config.gypi      color: 'true',
gyp sill build/config.gypi      no_proxy: '',
gyp sill build/config.gypi      sign_git_commit: '',
gyp sill build/config.gypi      fetch_retry_mintimeout: '10000',
gyp sill build/config.gypi      maxsockets: '50',
gyp sill build/config.gypi      offline: '',
gyp sill build/config.gypi      sso_poll_frequency: '500',
gyp sill build/config.gypi      umask: '0002',
gyp sill build/config.gypi      fetch_retry_maxtimeout: '60000',
gyp sill build/config.gypi      logs_max: '10',
gyp sill build/config.gypi      message: '%s',
gyp sill build/config.gypi      ca: '',
gyp sill build/config.gypi      cert: '',
gyp sill build/config.gypi      global: '',
gyp sill build/config.gypi      link: '',
gyp sill build/config.gypi      access: '',
gyp sill build/config.gypi      also: '',
gyp sill build/config.gypi      save: 'true',
gyp sill build/config.gypi      unicode: '',
gyp sill build/config.gypi      long: '',
gyp sill build/config.gypi      production: 'true',
gyp sill build/config.gypi      searchlimit: '20',
gyp sill build/config.gypi      unsafe_perm: 'true',
gyp sill build/config.gypi      update_notifier: 'true',
gyp sill build/config.gypi      auth_type: 'legacy',
gyp sill build/config.gypi      node_version: '8.9.3',
gyp sill build/config.gypi      tag: 'latest',
gyp sill build/config.gypi      git_tag_version: 'true',
gyp sill build/config.gypi      commit_hooks: 'true',
gyp sill build/config.gypi      script_shell: '',
gyp sill build/config.gypi      shrinkwrap: 'true',
gyp sill build/config.gypi      fetch_retry_factor: '10',
gyp sill build/config.gypi      save_exact: '',
gyp sill build/config.gypi      strict_ssl: 'true',
gyp sill build/config.gypi      globalconfig: '/home/raj/.atom/.apm/.apmrc',
gyp sill build/config.gypi      dev: '',
gyp sill build/config.gypi      init_module: '/home/raj/.atom/.node-gyp/.npm-init.js',
gyp sill build/config.gypi      parseable: '',
gyp sill build/config.gypi      globalignorefile: '/usr/share/atom/resources/app/apm/etc/npmignore',
gyp sill build/config.gypi      cache_lock_retries: '10',
gyp sill build/config.gypi      searchstaleness: '900',
gyp sill build/config.gypi      node_options: '',
gyp sill build/config.gypi      save_prefix: '^',
gyp sill build/config.gypi      scripts_prepend_node_path: 'warn-only',
gyp sill build/config.gypi      group: '1000',
gyp sill build/config.gypi      init_author_email: '',
gyp sill build/config.gypi      searchexclude: '',
gyp sill build/config.gypi      dist_url: 'https://atom.io/download/electron',
gyp sill build/config.gypi      git: 'git',
gyp sill build/config.gypi      optional: 'true',
gyp sill build/config.gypi      json: '' } }
gyp verb build/config.gypi writing out config file: /tmp/apm-install-dir-120013-11030-hdnhdw.9xe0t/node_modules/jupyter-notebook/node_modules/utf-8-validate/build/config.gypi
gyp verb config.gypi checking for gypi file: /tmp/apm-install-dir-120013-11030-hdnhdw.9xe0t/node_modules/jupyter-notebook/node_modules/utf-8-validate/config.gypi
gyp verb common.gypi checking for gypi file: /tmp/apm-install-dir-120013-11030-hdnhdw.9xe0t/node_modules/jupyter-notebook/node_modules/utf-8-validate/common.gypi
gyp verb gyp gyp format was not specified; forcing "make"
gyp info spawn /usr/share/atom/resources/app/apm/bin/python-interceptor.sh
gyp info spawn args [ '/usr/share/atom/resources/app/apm/node_modules/node-gyp/gyp/gyp_main.py',
gyp info spawn args   'binding.gyp',
gyp info spawn args   '-f',
gyp info spawn args   'make',
gyp info spawn args   '-I',
gyp info spawn args   '/tmp/apm-install-dir-120013-11030-hdnhdw.9xe0t/node_modules/jupyter-notebook/node_modules/utf-8-validate/build/config.gypi',
gyp info spawn args   '-I',
gyp info spawn args   '/usr/share/atom/resources/app/apm/node_modules/node-gyp/addon.gypi',
gyp info spawn args   '-I',
gyp info spawn args   '/home/raj/.atom/.node-gyp/.node-gyp/iojs-2.0.11/common.gypi',
gyp info spawn args   '-Dlibrary=shared_library',
gyp info spawn args   '-Dvisibility=default',
gyp info spawn args   '-Dnode_root_dir=/home/raj/.atom/.node-gyp/.node-gyp/iojs-2.0.11',
gyp info spawn args   '-Dnode_gyp_dir=/usr/share/atom/resources/app/apm/node_modules/node-gyp',
gyp info spawn args   '-Dnode_lib_file=iojs.lib',
gyp info spawn args   '-Dmodule_root_dir=/tmp/apm-install-dir-120013-11030-hdnhdw.9xe0t/node_modules/jupyter-notebook/node_modules/utf-8-validate',
gyp info spawn args   '--depth=.',
gyp info spawn args   '--no-parallel',
gyp info spawn args   '--generator-output',
gyp info spawn args   'build',
gyp info spawn args   '-Goutput_dir=.' ]
gyp verb command build []
gyp verb build type Release
gyp verb architecture x64
gyp verb node dev dir /home/raj/.atom/.node-gyp/.node-gyp/iojs-2.0.11
gyp verb `which` succeeded for `make` /usr/bin/make
gyp info spawn make
gyp info spawn args [ 'BUILDTYPE=Release', '-C', 'build' ]
../src/validation.cc: In function ‘int is_valid_utf8(size_t, char*)’:
../src/validation.cc:81:47: warning: this statement may fall through [-Wimplicit-fallthrough=]
       case 5 : ch += (uint8_t) value[i++]; ch <<= 6;
                                            ~~~^~~~~
../src/validation.cc:82:7: note: here
       case 4 : ch += (uint8_t) value[i++]; ch <<= 6;
       ^~~~
../src/validation.cc:82:47: warning: this statement may fall through [-Wimplicit-fallthrough=]
       case 4 : ch += (uint8_t) value[i++]; ch <<= 6;
                                            ~~~^~~~~
../src/validation.cc:83:7: note: here
       case 3 : ch += (uint8_t) value[i++]; ch <<= 6;
       ^~~~
../src/validation.cc:83:47: warning: this statement may fall through [-Wimplicit-fallthrough=]
       case 3 : ch += (uint8_t) value[i++]; ch <<= 6;
                                            ~~~^~~~~
../src/validation.cc:84:7: note: here
       case 2 : ch += (uint8_t) value[i++]; ch <<= 6;
       ^~~~
../src/validation.cc:84:47: warning: this statement may fall through [-Wimplicit-fallthrough=]
       case 2 : ch += (uint8_t) value[i++]; ch <<= 6;
                                            ~~~^~~~~
../src/validation.cc:85:7: note: here
       case 1 : ch += (uint8_t) value[i++]; ch <<= 6;
       ^~~~
../src/validation.cc:85:47: warning: this statement may fall through [-Wimplicit-fallthrough=]
       case 1 : ch += (uint8_t) value[i++]; ch <<= 6;
                                            ~~~^~~~~
../src/validation.cc:86:7: note: here
       case 0 : ch += (uint8_t) value[i];
       ^~~~
../src/validation.cc: In function ‘int isLegalUTF8(const uint8_t*, int)’:
../src/validation.cc:51:13: warning: this statement may fall through [-Wimplicit-fallthrough=]
     case 4: if ((a = (*--srcptr)) < 0x80 || a > 0xBF) return 0;
             ^~
../src/validation.cc:52:5: note: here
     case 3: if ((a = (*--srcptr)) < 0x80 || a > 0xBF) return 0;
     ^~~~
../src/validation.cc:52:13: warning: this statement may fall through [-Wimplicit-fallthrough=]
     case 3: if ((a = (*--srcptr)) < 0x80 || a > 0xBF) return 0;
             ^~
../src/validation.cc:53:5: note: here
     case 2: if ((a = (*--srcptr)) < 0x80 || a > 0xBF) return 0;
     ^~~~
../src/validation.cc:59:20: warning: this statement may fall through [-Wimplicit-fallthrough=]
         case 0xF4: if (a > 0x8F) return 0;
                    ^~
../src/validation.cc:62:5: note: here
     case 1: if (*source >= 0x80 && *source < 0xC2) return 0;
     ^~~~
gyp info ok 
gyp info it worked if it ends with ok
gyp verb cli [ '/usr/share/atom/resources/app/apm/bin/node',
gyp verb cli   '/usr/share/atom/resources/app/apm/node_modules/.bin/node-gyp',
gyp verb cli   'rebuild' ]
gyp info using node-gyp@3.4.0
gyp info using node@8.9.3 | linux | x64
gyp verb command rebuild []
gyp verb command clean []
gyp verb clean removing "build" directory
gyp verb command configure []
gyp verb check python checking for Python executable "/usr/share/atom/resources/app/apm/bin/python-interceptor.sh" in the PATH
gyp verb `which` succeeded /usr/share/atom/resources/app/apm/bin/python-interceptor.sh /usr/share/atom/resources/app/apm/bin/python-interceptor.sh
gyp verb check python version `/usr/share/atom/resources/app/apm/bin/python-interceptor.sh -c "import platform; print(platform.python_version());"` returned: "2.7.17\n"
gyp verb get node dir compiling against --target node version: 2.0.11
gyp verb command install [ '2.0.11' ]
gyp verb install input version string "2.0.11"
gyp verb install installing version: iojs-2.0.11
gyp verb install --ensure was passed, so won't reinstall if already installed
gyp verb install version is already installed, need to check "installVersion"
gyp verb got "installVersion" 9
gyp verb needs "installVersion" 9
gyp verb install version is good
gyp verb get node dir target node version installed: iojs-2.0.11
gyp verb build dir attempting to create "build" dir: /tmp/apm-install-dir-120013-11030-hdnhdw.9xe0t/node_modules/jupyter-notebook/node_modules/pathwatcher/build
gyp verb build dir "build" dir needed to be created? /tmp/apm-install-dir-120013-11030-hdnhdw.9xe0t/node_modules/jupyter-notebook/node_modules/pathwatcher/build
gyp verb build/config.gypi creating config file
gyp sill build/config.gypi { target_defaults: 
gyp sill build/config.gypi    { cflags: [],
gyp sill build/config.gypi      default_configuration: 'Release',
gyp sill build/config.gypi      defines: [],
gyp sill build/config.gypi      include_dirs: [],
gyp sill build/config.gypi      libraries: [] },
gyp sill build/config.gypi   variables: 
gyp sill build/config.gypi    { asan: 0,
gyp sill build/config.gypi      coverage: false,
gyp sill build/config.gypi      debug_devtools: 'node',
gyp sill build/config.gypi      debug_http2: false,
gyp sill build/config.gypi      debug_nghttp2: false,
gyp sill build/config.gypi      force_dynamic_crt: 0,
gyp sill build/config.gypi      gas_version: '2.23',
gyp sill build/config.gypi      host_arch: 'x64',
gyp sill build/config.gypi      icu_data_file: 'icudt59l.dat',
gyp sill build/config.gypi      icu_data_in: '../../deps/icu-small/source/data/in/icudt59l.dat',
gyp sill build/config.gypi      icu_endianness: 'l',
gyp sill build/config.gypi      icu_gyp_path: 'tools/icu/icu-generic.gyp',
gyp sill build/config.gypi      icu_locales: 'en,root',
gyp sill build/config.gypi      icu_path: 'deps/icu-small',
gyp sill build/config.gypi      icu_small: true,
gyp sill build/config.gypi      icu_ver_major: '59',
gyp sill build/config.gypi      node_byteorder: 'little',
gyp sill build/config.gypi      node_enable_d8: false,
gyp sill build/config.gypi      node_enable_v8_vtunejit: false,
gyp sill build/config.gypi      node_install_npm: true,
gyp sill build/config.gypi      node_module_version: 57,
gyp sill build/config.gypi      node_no_browser_globals: false,
gyp sill build/config.gypi      node_prefix: '/',
gyp sill build/config.gypi      node_release_urlbase: 'https://nodejs.org/download/release/',
gyp sill build/config.gypi      node_shared: false,
gyp sill build/config.gypi      node_shared_cares: false,
gyp sill build/config.gypi      node_shared_http_parser: false,
gyp sill build/config.gypi      node_shared_libuv: false,
gyp sill build/config.gypi      node_shared_openssl: false,
gyp sill build/config.gypi      node_shared_zlib: false,
gyp sill build/config.gypi      node_tag: '',
gyp sill build/config.gypi      node_use_bundled_v8: true,
gyp sill build/config.gypi      node_use_dtrace: false,
gyp sill build/config.gypi      node_use_etw: false,
gyp sill build/config.gypi      node_use_lttng: false,
gyp sill build/config.gypi      node_use_openssl: true,
gyp sill build/config.gypi      node_use_perfctr: false,
gyp sill build/config.gypi      node_use_v8_platform: true,
gyp sill build/config.gypi      node_without_node_options: false,
gyp sill build/config.gypi      openssl_fips: '',
gyp sill build/config.gypi      openssl_no_asm: 0,
gyp sill build/config.gypi      shlib_suffix: 'so.57',
gyp sill build/config.gypi      target_arch: 'x64',
gyp sill build/config.gypi      uv_parent_path: '/deps/uv/',
gyp sill build/config.gypi      uv_use_dtrace: false,
gyp sill build/config.gypi      v8_enable_gdbjit: 0,
gyp sill build/config.gypi      v8_enable_i18n_support: 1,
gyp sill build/config.gypi      v8_enable_inspector: 1,
gyp sill build/config.gypi      v8_no_strict_aliasing: 1,
gyp sill build/config.gypi      v8_optimized_debug: 0,
gyp sill build/config.gypi      v8_promise_internal_field_count: 1,
gyp sill build/config.gypi      v8_random_seed: 0,
gyp sill build/config.gypi      v8_trace_maps: 0,
gyp sill build/config.gypi      v8_use_snapshot: true,
gyp sill build/config.gypi      want_separate_host_toolset: 0,
gyp sill build/config.gypi      nodedir: '/home/raj/.atom/.node-gyp/.node-gyp/iojs-2.0.11',
gyp sill build/config.gypi      copy_dev_lib: true,
gyp sill build/config.gypi      standalone_static_library: 1,
gyp sill build/config.gypi      cache_lock_stale: '60000',
gyp sill build/config.gypi      ham_it_up: '',
gyp sill build/config.gypi      legacy_bundling: '',
gyp sill build/config.gypi      sign_git_tag: '',
gyp sill build/config.gypi      user_agent: 'npm/6.2.0 node/v8.9.3 linux x64',
gyp sill build/config.gypi      always_auth: '',
gyp sill build/config.gypi      bin_links: 'true',
gyp sill build/config.gypi      key: '',
gyp sill build/config.gypi      allow_same_version: '',
gyp sill build/config.gypi      description: 'true',
gyp sill build/config.gypi      fetch_retries: '2',
gyp sill build/config.gypi      heading: 'npm',
gyp sill build/config.gypi      if_present: '',
gyp sill build/config.gypi      init_version: '1.0.0',
gyp sill build/config.gypi      user: '',
gyp sill build/config.gypi      prefer_online: '',
gyp sill build/config.gypi      force: '',
gyp sill build/config.gypi      only: '',
gyp sill build/config.gypi      read_only: '',
gyp sill build/config.gypi      cache_min: '10',
gyp sill build/config.gypi      init_license: 'ISC',
gyp sill build/config.gypi      target: '2.0.11',
gyp sill build/config.gypi      editor: 'vi',
gyp sill build/config.gypi      rollback: 'true',
gyp sill build/config.gypi      tag_version_prefix: 'v',
gyp sill build/config.gypi      userconfig: '/home/raj/.atom/.apmrc',
gyp sill build/config.gypi      cache_max: 'Infinity',
gyp sill build/config.gypi      timing: '',
gyp sill build/config.gypi      engine_strict: '',
gyp sill build/config.gypi      init_author_name: '',
gyp sill build/config.gypi      init_author_url: '',
gyp sill build/config.gypi      tmp: '/tmp',
gyp sill build/config.gypi      depth: 'Infinity',
gyp sill build/config.gypi      package_lock_only: '',
gyp sill build/config.gypi      save_dev: '',
gyp sill build/config.gypi      usage: '',
gyp sill build/config.gypi      metrics_registry: 'https://registry.npmjs.org/',
gyp sill build/config.gypi      progress: '',
gyp sill build/config.gypi      otp: '',
gyp sill build/config.gypi      package_lock: 'true',
gyp sill build/config.gypi      https_proxy: '',
gyp sill build/config.gypi      save_prod: '',
gyp sill build/config.gypi      audit: 'true',
gyp sill build/config.gypi      cidr: '',
gyp sill build/config.gypi      onload_script: '',
gyp sill build/config.gypi      sso_type: 'oauth',
gyp sill build/config.gypi      rebuild_bundle: 'true',
gyp sill build/config.gypi      save_bundle: '',
gyp sill build/config.gypi      shell: '/bin/bash',
gyp sill build/config.gypi      dry_run: '',
gyp sill build/config.gypi      prefix: '/usr/share/atom/resources/app/apm',
gyp sill build/config.gypi      runtime: 'electron',
gyp sill build/config.gypi      scope: '',
gyp sill build/config.gypi      browser: '',
gyp sill build/config.gypi      cache_lock_wait: '10000',
gyp sill build/config.gypi      ignore_prepublish: '',
gyp sill build/config.gypi      registry: 'https://registry.npmjs.org/',
gyp sill build/config.gypi      save_optional: '',
gyp sill build/config.gypi      searchopts: '',
gyp sill build/config.gypi      versions: '',
gyp sill build/config.gypi      cache: '/home/raj/.atom/.apm',
gyp sill build/config.gypi      send_metrics: '',
gyp sill build/config.gypi      global_style: 'true',
gyp sill build/config.gypi      ignore_scripts: '',
gyp sill build/config.gypi      version: '',
gyp sill build/config.gypi      node_gyp: '/usr/share/atom/resources/app/apm/bin/../node_modules/.bin/node-gyp',
gyp sill build/config.gypi      local_address: '',
gyp sill build/config.gypi      viewer: 'man',
gyp sill build/config.gypi      prefer_offline: '',
gyp sill build/config.gypi      color: 'true',
gyp sill build/config.gypi      no_proxy: '',
gyp sill build/config.gypi      sign_git_commit: '',
gyp sill build/config.gypi      fetch_retry_mintimeout: '10000',
gyp sill build/config.gypi      maxsockets: '50',
gyp sill build/config.gypi      offline: '',
gyp sill build/config.gypi      sso_poll_frequency: '500',
gyp sill build/config.gypi      umask: '0002',
gyp sill build/config.gypi      fetch_retry_maxtimeout: '60000',
gyp sill build/config.gypi      logs_max: '10',
gyp sill build/config.gypi      message: '%s',
gyp sill build/config.gypi      ca: '',
gyp sill build/config.gypi      cert: '',
gyp sill build/config.gypi      global: '',
gyp sill build/config.gypi      link: '',
gyp sill build/config.gypi      access: '',
gyp sill build/config.gypi      also: '',
gyp sill build/config.gypi      save: 'true',
gyp sill build/config.gypi      unicode: '',
gyp sill build/config.gypi      long: '',
gyp sill build/config.gypi      production: 'true',
gyp sill build/config.gypi      searchlimit: '20',
gyp sill build/config.gypi      unsafe_perm: 'true',
gyp sill build/config.gypi      update_notifier: 'true',
gyp sill build/config.gypi      auth_type: 'legacy',
gyp sill build/config.gypi      node_version: '8.9.3',
gyp sill build/config.gypi      tag: 'latest',
gyp sill build/config.gypi      git_tag_version: 'true',
gyp sill build/config.gypi      commit_hooks: 'true',
gyp sill build/config.gypi      script_shell: '',
gyp sill build/config.gypi      shrinkwrap: 'true',
gyp sill build/config.gypi      fetch_retry_factor: '10',
gyp sill build/config.gypi      save_exact: '',
gyp sill build/config.gypi      strict_ssl: 'true',
gyp sill build/config.gypi      globalconfig: '/home/raj/.atom/.apm/.apmrc',
gyp sill build/config.gypi      dev: '',
gyp sill build/config.gypi      init_module: '/home/raj/.atom/.node-gyp/.npm-init.js',
gyp sill build/config.gypi      parseable: '',
gyp sill build/config.gypi      globalignorefile: '/usr/share/atom/resources/app/apm/etc/npmignore',
gyp sill build/config.gypi      cache_lock_retries: '10',
gyp sill build/config.gypi      searchstaleness: '900',
gyp sill build/config.gypi      node_options: '',
gyp sill build/config.gypi      save_prefix: '^',
gyp sill build/config.gypi      scripts_prepend_node_path: 'warn-only',
gyp sill build/config.gypi      group: '1000',
gyp sill build/config.gypi      init_author_email: '',
gyp sill build/config.gypi      searchexclude: '',
gyp sill build/config.gypi      dist_url: 'https://atom.io/download/electron',
gyp sill build/config.gypi      git: 'git',
gyp sill build/config.gypi      optional: 'true',
gyp sill build/config.gypi      json: '' } }
gyp verb build/config.gypi writing out config file: /tmp/apm-install-dir-120013-11030-hdnhdw.9xe0t/node_modules/jupyter-notebook/node_modules/pathwatcher/build/config.gypi
gyp verb config.gypi checking for gypi file: /tmp/apm-install-dir-120013-11030-hdnhdw.9xe0t/node_modules/jupyter-notebook/node_modules/pathwatcher/config.gypi
gyp verb common.gypi checking for gypi file: /tmp/apm-install-dir-120013-11030-hdnhdw.9xe0t/node_modules/jupyter-notebook/node_modules/pathwatcher/common.gypi
gyp verb gyp gyp format was not specified; forcing "make"
gyp info spawn /usr/share/atom/resources/app/apm/bin/python-interceptor.sh
gyp info spawn args [ '/usr/share/atom/resources/app/apm/node_modules/node-gyp/gyp/gyp_main.py',
gyp info spawn args   'binding.gyp',
gyp info spawn args   '-f',
gyp info spawn args   'make',
gyp info spawn args   '-I',
gyp info spawn args   '/tmp/apm-install-dir-120013-11030-hdnhdw.9xe0t/node_modules/jupyter-notebook/node_modules/pathwatcher/build/config.gypi',
gyp info spawn args   '-I',
gyp info spawn args   '/usr/share/atom/resources/app/apm/node_modules/node-gyp/addon.gypi',
gyp info spawn args   '-I',
gyp info spawn args   '/home/raj/.atom/.node-gyp/.node-gyp/iojs-2.0.11/common.gypi',
gyp info spawn args   '-Dlibrary=shared_library',
gyp info spawn args   '-Dvisibility=default',
gyp info spawn args   '-Dnode_root_dir=/home/raj/.atom/.node-gyp/.node-gyp/iojs-2.0.11',
gyp info spawn args   '-Dnode_gyp_dir=/usr/share/atom/resources/app/apm/node_modules/node-gyp',
gyp info spawn args   '-Dnode_lib_file=iojs.lib',
gyp info spawn args   '-Dmodule_root_dir=/tmp/apm-install-dir-120013-11030-hdnhdw.9xe0t/node_modules/jupyter-notebook/node_modules/pathwatcher',
gyp info spawn args   '--depth=.',
gyp info spawn args   '--no-parallel',
gyp info spawn args   '--generator-output',
gyp info spawn args   'build',
gyp info spawn args   '-Goutput_dir=.' ]
gyp verb command build []
gyp verb build type Release
gyp verb architecture x64
gyp verb node dev dir /home/raj/.atom/.node-gyp/.node-gyp/iojs-2.0.11
gyp verb `which` succeeded for `make` /usr/bin/make
gyp info spawn make
gyp info spawn args [ 'BUILDTYPE=Release', '-C', 'build' ]
../src/common.cc: In function ‘Nan::NAN_METHOD_RETURN_TYPE Watch(Nan::NAN_METHOD_ARGS_TYPE)’:
../src/common.cc:127:90: error: no matching function for call to ‘v8::String::Utf8Value::Utf8Value(v8::Isolate*, v8::Local<v8::String>&)’
   WatcherHandle handle = PlatformWatch(*String::Utf8Value(v8::Isolate::GetCurrent(), path));
                                                                                          ^
In file included from /home/raj/.atom/.node-gyp/.node-gyp/iojs-2.0.11/src/node.h:63:0,
                 from ../../nan/nan.h:54,
                 from ../src/common.h:6,
                 from ../src/common.cc:1:
/home/raj/.atom/.node-gyp/.node-gyp/iojs-2.0.11/deps/v8/include/v8.h:2764:14: note: candidate: v8::String::Utf8Value::Utf8Value(v8::Local<v8::Value>)
     explicit Utf8Value(Local<v8::Value> obj);
              ^~~~~~~~~
/home/raj/.atom/.node-gyp/.node-gyp/iojs-2.0.11/deps/v8/include/v8.h:2764:14: note:   candidate expects 1 argument, 2 provided
make: *** [Release/obj.target/pathwatcher/src/common.o] Error 1
gyp ERR! build error 
gyp ERR! stack Error: `make` failed with exit code: 2
gyp ERR! stack     at ChildProcess.onExit (/usr/share/atom/resources/app/apm/node_modules/node-gyp/lib/build.js:276:23)
gyp ERR! stack     at emitTwo (events.js:126:13)
gyp ERR! stack     at ChildProcess.emit (events.js:214:7)
gyp ERR! stack     at Process.ChildProcess._handle.onexit (internal/child_process.js:198:12)
gyp ERR! System Linux 4.15.0-74-generic
gyp ERR! command "/usr/share/atom/resources/app/apm/bin/node" "/usr/share/atom/resources/app/apm/node_modules/.bin/node-gyp" "rebuild"
gyp ERR! cwd /tmp/apm-install-dir-120013-11030-hdnhdw.9xe0t/node_modules/jupyter-notebook/node_modules/pathwatcher
gyp ERR! node -v v8.9.3
gyp ERR! node-gyp -v v3.4.0
gyp ERR! not ok 
npm WARN enoent ENOENT: no such file or directory, open '/tmp/apm-install-dir-120013-11030-hdnhdw.9xe0t/package.json'
npm WARN apm-install-dir-120013-11030-hdnhdw.9xe0t No description
npm WARN apm-install-dir-120013-11030-hdnhdw.9xe0t No repository field.
npm WARN apm-install-dir-120013-11030-hdnhdw.9xe0t No README data
npm WARN apm-install-dir-120013-11030-hdnhdw.9xe0t No license field.

npm ERR! code ELIFECYCLE
npm ERR! errno 1
npm ERR! pathwatcher@8.1.0 install: `node-gyp rebuild`
npm ERR! Exit status 1
npm ERR! 
npm ERR! Failed at the pathwatcher@8.1.0 install script.
npm ERR! This is probably not a problem with npm. There is likely additional logging output above.

npm ERR! A complete log of this run can be found in:
npm ERR!     /home/raj/.atom/.apm/_logs/2020-01-13T07_14_04_337Z-debug.log

Bumps [ws](https://github.com/websockets/ws) from 0.8.1 to 7.2.0.
<details>
<summary>Release notes</summary>

*Sourced from [ws's releases](https://github.com/websockets/ws/releases).*

> ## 7.2.0
> # Features
> 
> - Added ability to specify the `readableObjectMode` option when using
>   `WebSocket.createWebSocketStream()` ([#1647](https://github-redirect.dependabot.com/websockets/ws/issues/1647)).
> 
> ## 7.1.2
> # Bug fixes
> 
> - Fixed a bug that caused compress jobs to never be marked as complete
>   ([#1618](https://github-redirect.dependabot.com/websockets/ws/issues/1618)).
> 
> ## 7.1.1
> # Bug fixes
> 
> - An error is now thrown if the `WebSocket` server constructor is used
>   incorrectly (36412662).
> 
> ## 7.1.0
> # Features
> 
> - Added utility to wrap a `WebSocket` in a `Duplex` stream ([#1589](https://github-redirect.dependabot.com/websockets/ws/issues/1589)).
> 
> # Bug fixes
> 
> - Reverted "[minor] Remove unneeded `if` statement" (dbacf582, [#1591](https://github-redirect.dependabot.com/websockets/ws/issues/1591)).
> 
> ## 7.0.1
> # Bug fixes
> 
> - Added ability to disable sending the SNI extension ([#1587](https://github-redirect.dependabot.com/websockets/ws/issues/1587)).
> 
> ## 7.0.0
> # Breaking changes
> 
> - Dropped support for Node.js 6 (1e6999bb).
> - Dropped support for `url.Url` instances in the `WebSocket` constructor
>   (692d7b47).
> - The behavior of `WebSocket#{p{i,o}ng,send}()` has changed when the
>   `readyState` attribute is not `OPEN` ([#1532](https://github-redirect.dependabot.com/websockets/ws/issues/1532))
>   - If the readyState attribute is `CONNECTING`, an exception is thrown.
>   - If the readyState attribute is `CLOSING` or `CLOSED`
>     - The `bufferedAmount` attribute is increased by the length of the `data`
>       argument in bytes.
>     - If provided, the `callback` function is called with an error.
>     - No exception is thrown even if the `callback` function is not provided.
> 
> ## 6.2.1
> # Bug fixes
> 
></tr></table> ... (truncated)
</details>
<details>
<summary>Commits</summary>

- [`65f7800`](https://github.com/websockets/ws/commit/65f7800d4ed5d6f2076b5bd00b3c4cabfa4d22ef) [dist] 7.2.0
- [`54e3011`](https://github.com/websockets/ws/commit/54e301199386e328d56dcfe7358417b7f6d4de91) [doc] Fix Travis CI URL
- [`a6c4238`](https://github.com/websockets/ws/commit/a6c42383d6506f0348036aedc4de311b03160445) [example] Close the WebSocket connection on logout
- [`2b7d84d`](https://github.com/websockets/ws/commit/2b7d84d002623d3b4b2bd0c2e9483db1a36c0ad1) [minor] Add ability to specify the `readableObjectMode` option ([#1647](https://github-redirect.dependabot.com/websockets/ws/issues/1647))
- [`96d8c8f`](https://github.com/websockets/ws/commit/96d8c8fde3b9d533038a4283fdd72c47e4a8d499) [test] Increase timeout for failing tests on Windows
- [`08c6c8b`](https://github.com/websockets/ws/commit/08c6c8ba70404818f7f4bc23eb5fd0bf9c94c039) [fix] Ensure that `concat()` never returns uninitialized data ([#1600](https://github-redirect.dependabot.com/websockets/ws/issues/1600))
- [`5b7315f`](https://github.com/websockets/ws/commit/5b7315fa15385efa909224258ec4165bb3e842bd) [perf] Use `TypedArray#set()` instead of `Buffer#copy()`
- [`74bac8e`](https://github.com/websockets/ws/commit/74bac8e592ff5dbbdda1190d1d4b209c504979d4) [dist] 7.1.2
- [`3a695e8`](https://github.com/websockets/ws/commit/3a695e8144e6ebc86087cac559c54098d205c9f5) [fix] Ensure `_compress()` callback is always called ([#1618](https://github-redirect.dependabot.com/websockets/ws/issues/1618))
- [`fa99173`](https://github.com/websockets/ws/commit/fa991731cca990f40ecedb120918d14d08129673) [doc] Fix nits
- Additional commits viewable in [compare view](https://github.com/websockets/ws/compare/0.8.1...7.2.0)
</details>
<details>
<summary>Maintainer changes</summary>

This version was pushed to npm by [lpinca](https://www.npmjs.com/~lpinca), a new releaser for ws since your current version.
</details>
<br />

[![Dependabot compatibility score](https://dependabot-badges.githubapp.com/badges/compatibility_score?dependency-name=ws&package-manager=npm_and_yarn&previous-version=0.8.1&new-version=7.2.0)](https://help.github.com/articles/configuring-automated-security-fixes)

Dependabot will resolve any conflicts with this PR as long as you don't alter it yourself. You can also trigger a rebase manually by commenting `@dependabot rebase`.

[//]: # (dependabot-automerge-start)
[//]: # (dependabot-automerge-end)

---

<details>
<summary>Dependabot commands and options</summary>
<br />

You can trigger Dependabot actions by commenting on this PR:
- `@dependabot rebase` will rebase this PR
- `@dependabot recreate` will recreate this PR, overwriting any edits that have been made to it
- `@dependabot merge` will merge this PR after your CI passes on it
- `@dependabot squash and merge` will squash and merge this PR after your CI passes on it
- `@dependabot cancel merge` will cancel a previously requested merge and block automerging
- `@dependabot reopen` will reopen this PR if it is closed
- `@dependabot ignore this [patch|minor|major] version` will close this PR and stop Dependabot creating any more for this minor/major version (unless you reopen the PR or upgrade to it yourself)
- `@dependabot ignore this dependency` will close this PR and stop Dependabot creating any more for this dependency (unless you reopen the PR or upgrade to it yourself)
- `@dependabot use these labels` will set the current labels as the default for future PRs for this repo and language
- `@dependabot use these reviewers` will set the current reviewers as the default for future PRs for this repo and language
- `@dependabot use these assignees` will set the current assignees as the default for future PRs for this repo and language
- `@dependabot use this milestone` will set the current milestone as the default for future PRs for this repo and language

You can disable automated security fix PRs for this repo from the [Security Alerts page](https://github.com/jupyter/atom-notebook/network/alerts).

</details>
I press the install button, as with other packages, and nothing happens at the end. The button goes from the install view (with the columns) to the full colour again. 
I tried the solution here https://github.com/jupyter/atom-notebook/issues/67
(remove the curly bracket)
and it turned out like this ⬇️



**Atom**: 1.40.1 x64
**Electron**: 3.1.10
**OS**: Mac OS X 10.14.6
**Thrown From**: [jupyter-notebook](https://github.com/jupyter/atom-notebook) package 0.0.10


### Stack Trace

Uncaught TypeError: msg.text.join is not a function

```
At /Users/euniceng/.atom/packages/jupyter-notebook/lib/display-area.js:68

TypeError: msg.text.join is not a function
    at DisplayArea.makeMimeBundle (/packages/jupyter-notebook/lib/display-area.js:68:39)
    at /packages/jupyter-notebook/lib/display-area.js:49:31
    at Array.map (<anonymous>)
    at DisplayArea.transformMimeBundle (/packages/jupyter-notebook/lib/display-area.js:48:55)
    at DisplayArea.componentWillMount (/packages/jupyter-notebook/lib/display-area.js:29:10)
    at ReactCompositeComponentWrapper.mountComponent (/packages/jupyter-notebook/node_modules/react/lib/ReactCompositeComponent.js:210:12)
    at Object.mountComponent (/packages/jupyter-notebook/node_modules/react/lib/ReactReconciler.js:37:35)
    at ReactDOMComponent.mountChildren (/packages/jupyter-notebook/node_modules/react/lib/ReactMultiChild.js:241:44)
    at ReactDOMComponent._createContentMarkup (/packages/jupyter-notebook/node_modules/react/lib/ReactDOMComponent.js:591:32)
    at ReactDOMComponent.mountComponent (/packages/jupyter-notebook/node_modules/react/lib/ReactDOMComponent.js:479:29)
    at Object.mountComponent (/packages/jupyter-notebook/node_modules/react/lib/ReactReconciler.js:37:35)
    at ReactDOMComponent.mountChildren (/packages/jupyter-notebook/node_modules/react/lib/ReactMultiChild.js:241:44)
    at ReactDOMComponent._createContentMarkup (/packages/jupyter-notebook/node_modules/react/lib/ReactDOMComponent.js:591:32)
    at ReactDOMComponent.mountComponent (/packages/jupyter-notebook/node_modules/react/lib/ReactDOMComponent.js:479:29)
    at Object.mountComponent (/packages/jupyter-notebook/node_modules/react/lib/ReactReconciler.js:37:35)
    at ReactCompositeComponentWrapper.mountComponent (/packages/jupyter-notebook/node_modules/react/lib/ReactCompositeComponent.js:225:34)
    at Object.mountComponent (/packages/jupyter-notebook/node_modules/react/lib/ReactReconciler.js:37:35)
    at ReactDOMComponent.mountChildren (/packages/jupyter-notebook/node_modules/react/lib/ReactMultiChild.js:241:44)
    at ReactDOMComponent._createContentMarkup (/packages/jupyter-notebook/node_modules/react/lib/ReactDOMComponent.js:591:32)
    at ReactDOMComponent.mountComponent (/packages/jupyter-notebook/node_modules/react/lib/ReactDOMComponent.js:479:29)
    at Object.mountComponent (/packages/jupyter-notebook/node_modules/react/lib/ReactReconciler.js:37:35)
    at ReactDOMComponent.mountChildren (/packages/jupyter-notebook/node_modules/react/lib/ReactMultiChild.js:241:44)
    at ReactDOMComponent._createContentMarkup (/packages/jupyter-notebook/node_modules/react/lib/ReactDOMComponent.js:591:32)
    at ReactDOMComponent.mountComponent (/packages/jupyter-notebook/node_modules/react/lib/ReactDOMComponent.js:479:29)
    at Object.mountComponent (/packages/jupyter-notebook/node_modules/react/lib/ReactReconciler.js:37:35)
    at ReactDOMComponent.mountChildren (/packages/jupyter-notebook/node_modules/react/lib/ReactMultiChild.js:241:44)
    at ReactDOMComponent._createContentMarkup (/packages/jupyter-notebook/node_modules/react/lib/ReactDOMComponent.js:591:32)
    at ReactDOMComponent.mountComponent (/packages/jupyter-notebook/node_modules/react/lib/ReactDOMComponent.js:479:29)
    at Object.mountComponent (/packages/jupyter-notebook/node_modules/react/lib/ReactReconciler.js:37:35)
    at ReactCompositeComponentWrapper.mountComponent (/packages/jupyter-notebook/node_modules/react/lib/ReactCompositeComponent.js:225:34)
```

### Commands

```
```

### Non-Core Packages

```
atom-runner 2.7.1 
Hydrogen 2.13.1 
ide-json 0.2.1 
jupyter-notebook 0.0.10 
script 3.18.1 
```


Installing “jupyter-notebook@0.0.10” failed.Hide output…

> bufferutil@1.2.1 install C:\Users\DEVILL~1\AppData\Local\Temp\apm-install-dir-119910-14456-h2lp95.tdbn4\node_modules\jupyter-notebook\node_modules\bufferutil
> node-gyp rebuild


C:\Users\DEVILL~1\AppData\Local\Temp\apm-install-dir-119910-14456-h2lp95.tdbn4\node_modules\jupyter-notebook\node_modules\bufferutil>if not defined npm_config_node_gyp (node "C:\Users\DEVIL LORD\AppData\Local\atom\app-1.40.1\resources\app\apm\node_modules\npm\node_modules\npm-lifecycle\node-gyp-bin\\..\..\node_modules\node-gyp\bin\node-gyp.js" rebuild )  else (node "C:\Users\DEVIL LORD\AppData\Local\atom\app-1.40.1\resources\app\apm\node_modules\npm\node_modules\node-gyp\bin\node-gyp.js" rebuild ) 

> utf-8-validate@1.2.2 install C:\Users\DEVILL~1\AppData\Local\Temp\apm-install-dir-119910-14456-h2lp95.tdbn4\node_modules\jupyter-notebook\node_modules\utf-8-validate
> node-gyp rebuild


C:\Users\DEVILL~1\AppData\Local\Temp\apm-install-dir-119910-14456-h2lp95.tdbn4\node_modules\jupyter-notebook\node_modules\utf-8-validate>if not defined npm_config_node_gyp (node "C:\Users\DEVIL LORD\AppData\Local\atom\app-1.40.1\resources\app\apm\node_modules\npm\node_modules\npm-lifecycle\node-gyp-bin\\..\..\node_modules\node-gyp\bin\node-gyp.js" rebuild )  else (node "C:\Users\DEVIL LORD\AppData\Local\atom\app-1.40.1\resources\app\apm\node_modules\npm\node_modules\node-gyp\bin\node-gyp.js" rebuild ) 

> pathwatcher@8.1.0 install C:\Users\DEVILL~1\AppData\Local\Temp\apm-install-dir-119910-14456-h2lp95.tdbn4\node_modules\jupyter-notebook\node_modules\pathwatcher
> node-gyp rebuild


C:\Users\DEVILL~1\AppData\Local\Temp\apm-install-dir-119910-14456-h2lp95.tdbn4\node_modules\jupyter-notebook\node_modules\pathwatcher>if not defined npm_config_node_gyp (node "C:\Users\DEVIL LORD\AppData\Local\atom\app-1.40.1\resources\app\apm\node_modules\npm\node_modules\npm-lifecycle\node-gyp-bin\\..\..\node_modules\node-gyp\bin\node-gyp.js" rebuild )  else (node "C:\Users\DEVIL LORD\AppData\Local\atom\app-1.40.1\resources\app\apm\node_modules\npm\node_modules\node-gyp\bin\node-gyp.js" rebuild ) 

npm WARN deprecated jupyter-js-services@0.21.1: This package has moved to @jupyterlab/services
npm WARN deprecated core-js@1.2.7: core-js@<2.6.8 is no longer maintained. Please, upgrade to core-js@3 or at least to actual version of core-js@2.
npm WARN deprecated phosphor@0.5.0: use @phosphor/ packages
gyp ERR! configure error 
gyp ERR! stack Error: Can't find Python executable "C:\ProgramData\Anaconda3\python.EXE", you can set the PYTHON env variable.
gyp ERR! stack     at PythonFinder.failNoPython (C:\Users\DEVIL LORD\AppData\Local\atom\app-1.40.1\resources\app\apm\node_modules\npm\node_modules\node-gyp\lib\configure.js:492:19)
gyp ERR! stack     at PythonFinder.<anonymous> (C:\Users\DEVIL LORD\AppData\Local\atom\app-1.40.1\resources\app\apm\node_modules\npm\node_modules\node-gyp\lib\configure.js:517:16)
gyp ERR! stack     at C:\Users\DEVIL LORD\AppData\Local\atom\app-1.40.1\resources\app\apm\node_modules\npm\node_modules\graceful-fs\polyfills.js:284:29
gyp ERR! stack     at FSReqWrap.oncomplete (fs.js:182:21)
gyp ERR! System Windows_NT 10.0.18362
gyp ERR! command "C:\\Users\\DEVIL LORD\\AppData\\Local\\atom\\app-1.40.1\\resources\\app\\apm\\bin\\node.exe" "C:\\Users\\DEVIL LORD\\AppData\\Local\\atom\\app-1.40.1\\resources\\app\\apm\\node_modules\\npm\\node_modules\\node-gyp\\bin\\node-gyp.js" "rebuild"
gyp ERR! cwd C:\Users\DEVILL~1\AppData\Local\Temp\apm-install-dir-119910-14456-h2lp95.tdbn4\node_modules\jupyter-notebook\node_modules\bufferutil
gyp ERR! node -v v10.2.1
gyp ERR! node-gyp -v v3.7.0
gyp ERR! not ok 
gyp ERR! configure error 
gyp ERR! stack Error: Can't find Python executable "C:\ProgramData\Anaconda3\python.EXE", you can set the PYTHON env variable.
gyp ERR! stack     at PythonFinder.failNoPython (C:\Users\DEVIL LORD\AppData\Local\atom\app-1.40.1\resources\app\apm\node_modules\npm\node_modules\node-gyp\lib\configure.js:492:19)
gyp ERR! stack     at PythonFinder.<anonymous> (C:\Users\DEVIL LORD\AppData\Local\atom\app-1.40.1\resources\app\apm\node_modules\npm\node_modules\node-gyp\lib\configure.js:517:16)
gyp ERR! stack     at C:\Users\DEVIL LORD\AppData\Local\atom\app-1.40.1\resources\app\apm\node_modules\npm\node_modules\graceful-fs\polyfills.js:284:29
gyp ERR! stack     at FSReqWrap.oncomplete (fs.js:182:21)
gyp ERR! System Windows_NT 10.0.18362
gyp ERR! command "C:\\Users\\DEVIL LORD\\AppData\\Local\\atom\\app-1.40.1\\resources\\app\\apm\\bin\\node.exe" "C:\\Users\\DEVIL LORD\\AppData\\Local\\atom\\app-1.40.1\\resources\\app\\apm\\node_modules\\npm\\node_modules\\node-gyp\\bin\\node-gyp.js" "rebuild"
gyp ERR! cwd C:\Users\DEVILL~1\AppData\Local\Temp\apm-install-dir-119910-14456-h2lp95.tdbn4\node_modules\jupyter-notebook\node_modules\utf-8-validate
gyp ERR! node -v v10.2.1
gyp ERR! node-gyp -v v3.7.0
gyp ERR! not ok 
gyp ERR! configure error 
gyp ERR! stack Error: Can't find Python executable "C:\ProgramData\Anaconda3\python.EXE", you can set the PYTHON env variable.
gyp ERR! stack     at PythonFinder.failNoPython (C:\Users\DEVIL LORD\AppData\Local\atom\app-1.40.1\resources\app\apm\node_modules\npm\node_modules\node-gyp\lib\configure.js:492:19)
gyp ERR! stack     at PythonFinder.<anonymous> (C:\Users\DEVIL LORD\AppData\Local\atom\app-1.40.1\resources\app\apm\node_modules\npm\node_modules\node-gyp\lib\configure.js:517:16)
gyp ERR! stack     at C:\Users\DEVIL LORD\AppData\Local\atom\app-1.40.1\resources\app\apm\node_modules\npm\node_modules\graceful-fs\polyfills.js:284:29
gyp ERR! stack     at FSReqWrap.oncomplete (fs.js:182:21)
gyp ERR! System Windows_NT 10.0.18362
gyp ERR! command "C:\\Users\\DEVIL LORD\\AppData\\Local\\atom\\app-1.40.1\\resources\\app\\apm\\bin\\node.exe" "C:\\Users\\DEVIL LORD\\AppData\\Local\\atom\\app-1.40.1\\resources\\app\\apm\\node_modules\\npm\\node_modules\\node-gyp\\bin\\node-gyp.js" "rebuild"
gyp ERR! cwd C:\Users\DEVILL~1\AppData\Local\Temp\apm-install-dir-119910-14456-h2lp95.tdbn4\node_modules\jupyter-notebook\node_modules\pathwatcher
gyp ERR! node -v v10.2.1
gyp ERR! node-gyp -v v3.7.0
gyp ERR! not ok 
npm WARN enoent ENOENT: no such file or directory, open 'C:\Users\DEVILL~1\AppData\Local\Temp\apm-install-dir-119910-14456-h2lp95.tdbn4\package.json'
npm WARN apm-install-dir-119910-14456-h2lp95.tdbn4 No description
npm WARN apm-install-dir-119910-14456-h2lp95.tdbn4 No repository field.
npm WARN apm-install-dir-119910-14456-h2lp95.tdbn4 No README data
npm WARN apm-install-dir-119910-14456-h2lp95.tdbn4 No license field.
npm WARN optional SKIPPING OPTIONAL DEPENDENCY: bufferutil@1.2.1 (node_modules\jupyter-notebook\node_modules\bufferutil):
npm WARN optional SKIPPING OPTIONAL DEPENDENCY: bufferutil@1.2.1 install: `node-gyp rebuild`
npm WARN optional SKIPPING OPTIONAL DEPENDENCY: Exit status 1
npm WARN optional SKIPPING OPTIONAL DEPENDENCY: utf-8-validate@1.2.2 (node_modules\jupyter-notebook\node_modules\utf-8-validate):
npm WARN optional SKIPPING OPTIONAL DEPENDENCY: utf-8-validate@1.2.2 install: `node-gyp rebuild`
npm WARN optional SKIPPING OPTIONAL DEPENDENCY: Exit status 1

npm ERR! code ELIFECYCLE
npm ERR! errno 1
npm ERR! pathwatcher@8.1.0 install: `node-gyp rebuild`
npm ERR! Exit status 1
npm ERR! 
npm ERR! Failed at the pathwatcher@8.1.0 install script.
npm ERR! This is probably not a problem with npm. There is likely additional logging output above.

npm ERR! A complete log of this run can be found in:
npm ERR!     C:\Users\DEVIL LORD\.atom\.apm\_logs\2019-10-10T08_20_52_807Z-debug.log
Installing “jupyter-notebook@0.0.10” failed.Hide output…

> bufferutil@1.2.1 install /private/var/folders/_v/kvyt0_092q7_d8k2zvyl7f900000gn/T/apm-install-dir-11973-954-1cmsoui.yd7j/node_modules/jupyter-notebook/node_modules/bufferutil
> node-gyp rebuild


> utf-8-validate@1.2.2 install /private/var/folders/_v/kvyt0_092q7_d8k2zvyl7f900000gn/T/apm-install-dir-11973-954-1cmsoui.yd7j/node_modules/jupyter-notebook/node_modules/utf-8-validate
> node-gyp rebuild


> pathwatcher@8.1.0 install /private/var/folders/_v/kvyt0_092q7_d8k2zvyl7f900000gn/T/apm-install-dir-11973-954-1cmsoui.yd7j/node_modules/jupyter-notebook/node_modules/pathwatcher
> node-gyp rebuild


npm WARN deprecated jupyter-js-services@0.21.1: This package has moved to @jupyterlab/services
npm WARN deprecated core-js@1.2.7: core-js@<2.6.8 is no longer maintained. Please, upgrade to core-js@3 or at least to actual version of core-js@2.
npm WARN deprecated phosphor@0.5.0: use @phosphor/ packages
gyp ERR! configure error 
gyp ERR! stack Error: Python executable "/Users/omar/Desktop/apps/Atom.app/Contents/Resources/app/apm/bin/python-interceptor.sh" is v3.6.6, which is not supported by gyp.
gyp ERR! stack You can pass the --python switch to point to Python >= v2.5.0 & < 3.0.0.
gyp ERR! stack     at PythonFinder.failPythonVersion (/Users/omar/Desktop/apps/Atom.app/Contents/Resources/app/apm/node_modules/npm/node_modules/node-gyp/lib/configure.js:501:19)
gyp ERR! stack     at PythonFinder.<anonymous> (/Users/omar/Desktop/apps/Atom.app/Contents/Resources/app/apm/node_modules/npm/node_modules/node-gyp/lib/configure.js:483:14)
gyp ERR! stack     at ChildProcess.exithandler (child_process.js:267:7)
gyp ERR! stack     at emitTwo (events.js:126:13)
gyp ERR! stack     at ChildProcess.emit (events.js:214:7)
gyp ERR! stack     at maybeClose (internal/child_process.js:925:16)
gyp ERR! stack     at Socket.stream.socket.on (internal/child_process.js:346:11)
gyp ERR! stack     at emitOne (events.js:116:13)
gyp ERR! stack     at Socket.emit (events.js:211:7)
gyp ERR! stack     at Pipe._handle.close [as _onclose] (net.js:554:12)
gyp ERR! System Darwin 18.2.0
gyp ERR! command "/Users/omar/Desktop/apps/Atom.app/Contents/Resources/app/apm/bin/node" "/Users/omar/Desktop/apps/Atom.app/Contents/Resources/app/apm/node_modules/npm/node_modules/node-gyp/bin/node-gyp.js" "rebuild"
gyp ERR! cwd /private/var/folders/_v/kvyt0_092q7_d8k2zvyl7f900000gn/T/apm-install-dir-11973-954-1cmsoui.yd7j/node_modules/jupyter-notebook/node_modules/bufferutil
gyp ERR! node -v v8.9.3
gyp ERR! node-gyp -v v3.7.0
gyp ERR! not ok 
gyp ERR! configure error 
gyp ERR! stack Error: Python executable "/Users/omar/Desktop/apps/Atom.app/Contents/Resources/app/apm/bin/python-interceptor.sh" is v3.6.6, which is not supported by gyp.
gyp ERR! stack You can pass the --python switch to point to Python >= v2.5.0 & < 3.0.0.
gyp ERR! stack     at PythonFinder.failPythonVersion (/Users/omar/Desktop/apps/Atom.app/Contents/Resources/app/apm/node_modules/npm/node_modules/node-gyp/lib/configure.js:501:19)
gyp ERR! stack     at PythonFinder.<anonymous> (/Users/omar/Desktop/apps/Atom.app/Contents/Resources/app/apm/node_modules/npm/node_modules/node-gyp/lib/configure.js:483:14)
gyp ERR! stack     at ChildProcess.exithandler (child_process.js:267:7)
gyp ERR! stack     at emitTwo (events.js:126:13)
gyp ERR! stack     at ChildProcess.emit (events.js:214:7)
gyp ERR! stack     at maybeClose (internal/child_process.js:925:16)
gyp ERR! stack     at Socket.stream.socket.on (internal/child_process.js:346:11)
gyp ERR! stack     at emitOne (events.js:116:13)
gyp ERR! stack     at Socket.emit (events.js:211:7)
gyp ERR! stack     at Pipe._handle.close [as _onclose] (net.js:554:12)
gyp ERR! System Darwin 18.2.0
gyp ERR! command "/Users/omar/Desktop/apps/Atom.app/Contents/Resources/app/apm/bin/node" "/Users/omar/Desktop/apps/Atom.app/Contents/Resources/app/apm/node_modules/npm/node_modules/node-gyp/bin/node-gyp.js" "rebuild"
gyp ERR! cwd /private/var/folders/_v/kvyt0_092q7_d8k2zvyl7f900000gn/T/apm-install-dir-11973-954-1cmsoui.yd7j/node_modules/jupyter-notebook/node_modules/utf-8-validate
gyp ERR! node -v v8.9.3
gyp ERR! node-gyp -v v3.7.0
gyp ERR! not ok 
gyp ERR! configure error 
gyp ERR! stack Error: Python executable "/Users/omar/Desktop/apps/Atom.app/Contents/Resources/app/apm/bin/python-interceptor.sh" is v3.6.6, which is not supported by gyp.
gyp ERR! stack You can pass the --python switch to point to Python >= v2.5.0 & < 3.0.0.
gyp ERR! stack     at PythonFinder.failPythonVersion (/Users/omar/Desktop/apps/Atom.app/Contents/Resources/app/apm/node_modules/npm/node_modules/node-gyp/lib/configure.js:501:19)
gyp ERR! stack     at PythonFinder.<anonymous> (/Users/omar/Desktop/apps/Atom.app/Contents/Resources/app/apm/node_modules/npm/node_modules/node-gyp/lib/configure.js:483:14)
gyp ERR! stack     at ChildProcess.exithandler (child_process.js:267:7)
gyp ERR! stack     at emitTwo (events.js:126:13)
gyp ERR! stack     at ChildProcess.emit (events.js:214:7)
gyp ERR! stack     at maybeClose (internal/child_process.js:925:16)
gyp ERR! stack     at Socket.stream.socket.on (internal/child_process.js:346:11)
gyp ERR! stack     at emitOne (events.js:116:13)
gyp ERR! stack     at Socket.emit (events.js:211:7)
gyp ERR! stack     at Pipe._handle.close [as _onclose] (net.js:554:12)
gyp ERR! System Darwin 18.2.0
gyp ERR! command "/Users/omar/Desktop/apps/Atom.app/Contents/Resources/app/apm/bin/node" "/Users/omar/Desktop/apps/Atom.app/Contents/Resources/app/apm/node_modules/npm/node_modules/node-gyp/bin/node-gyp.js" "rebuild"
gyp ERR! cwd /private/var/folders/_v/kvyt0_092q7_d8k2zvyl7f900000gn/T/apm-install-dir-11973-954-1cmsoui.yd7j/node_modules/jupyter-notebook/node_modules/pathwatcher
gyp ERR! node -v v8.9.3
gyp ERR! node-gyp -v v3.7.0
gyp ERR! not ok 
npm WARN enoent ENOENT: no such file or directory, open '/private/var/folders/_v/kvyt0_092q7_d8k2zvyl7f900000gn/T/apm-install-dir-11973-954-1cmsoui.yd7j/package.json'
npm WARN apm-install-dir-11973-954-1cmsoui.yd7j No description
npm WARN apm-install-dir-11973-954-1cmsoui.yd7j No repository field.
npm WARN apm-install-dir-11973-954-1cmsoui.yd7j No README data
npm WARN apm-install-dir-11973-954-1cmsoui.yd7j No license field.
npm WARN optional SKIPPING OPTIONAL DEPENDENCY: bufferutil@1.2.1 (node_modules/jupyter-notebook/node_modules/bufferutil):
npm WARN optional SKIPPING OPTIONAL DEPENDENCY: bufferutil@1.2.1 install: `node-gyp rebuild`
npm WARN optional SKIPPING OPTIONAL DEPENDENCY: Exit status 1
npm WARN optional SKIPPING OPTIONAL DEPENDENCY: utf-8-validate@1.2.2 (node_modules/jupyter-notebook/node_modules/utf-8-validate):
npm WARN optional SKIPPING OPTIONAL DEPENDENCY: utf-8-validate@1.2.2 install: `node-gyp rebuild`
npm WARN optional SKIPPING OPTIONAL DEPENDENCY: Exit status 1

npm ERR! code ELIFECYCLE
npm ERR! errno 1
npm ERR! pathwatcher@8.1.0 install: `node-gyp rebuild`
npm ERR! Exit status 1
npm ERR! 
npm ERR! Failed at the pathwatcher@8.1.0 install script.
npm ERR! This is probably not a problem with npm. There is likely additional logging output above.

npm ERR! A complete log of this run can be found in:
npm ERR!     /Users/omar/.atom/.apm/_logs/2019-08-03T21_08_01_643Z-debug.log

I can not install Jupyter notebook on my windows 10
The package for atom is not installing. 

Hi there =)

Below is the error that was produced when trying to install Juypter package on Atom - below that are my computer specs. Any help would be greatly appreciated. 

Atom version: 1.32.2 

#####################

> bufferutil@1.2.1 install C:\Users\chris\AppData\Local\Temp\apm-install-dir-1181130-2104-wo1nub.wbcpb\node_modules\jupyter-notebook\node_modules\bufferutil
> node-gyp rebuild


(py37) C:\Users\chris\AppData\Local\Temp\apm-install-dir-1181130-2104-wo1nub.wbcpb\node_modules\jupyter-notebook\node_modules\bufferutil>if not defined npm_config_node_gyp (node "C:\Users\chris\AppData\Local\atom\app-1.32.2\resources\app\apm\node_modules\npm\node_modules\npm-lifecycle\node-gyp-bin\\..\..\node_modules\node-gyp\bin\node-gyp.js" rebuild )  else (node "C:\Users\chris\AppData\Local\atom\app-1.32.2\resources\app\apm\bin\\..\node_modules\node-gyp\bin\node-gyp.js" rebuild ) 

> utf-8-validate@1.2.2 install C:\Users\chris\AppData\Local\Temp\apm-install-dir-1181130-2104-wo1nub.wbcpb\node_modules\jupyter-notebook\node_modules\utf-8-validate
> node-gyp rebuild


(py37) C:\Users\chris\AppData\Local\Temp\apm-install-dir-1181130-2104-wo1nub.wbcpb\node_modules\jupyter-notebook\node_modules\utf-8-validate>if not defined npm_config_node_gyp (node "C:\Users\chris\AppData\Local\atom\app-1.32.2\resources\app\apm\node_modules\npm\node_modules\npm-lifecycle\node-gyp-bin\\..\..\node_modules\node-gyp\bin\node-gyp.js" rebuild )  else (node "C:\Users\chris\AppData\Local\atom\app-1.32.2\resources\app\apm\bin\\..\node_modules\node-gyp\bin\node-gyp.js" rebuild ) 

> pathwatcher@8.0.2 install C:\Users\chris\AppData\Local\Temp\apm-install-dir-1181130-2104-wo1nub.wbcpb\node_modules\jupyter-notebook\node_modules\pathwatcher
> node-gyp rebuild


(py37) C:\Users\chris\AppData\Local\Temp\apm-install-dir-1181130-2104-wo1nub.wbcpb\node_modules\jupyter-notebook\node_modules\pathwatcher>if not defined npm_config_node_gyp (node "C:\Users\chris\AppData\Local\atom\app-1.32.2\resources\app\apm\node_modules\npm\node_modules\npm-lifecycle\node-gyp-bin\\..\..\node_modules\node-gyp\bin\node-gyp.js" rebuild )  else (node "C:\Users\chris\AppData\Local\atom\app-1.32.2\resources\app\apm\bin\\..\node_modules\node-gyp\bin\node-gyp.js" rebuild ) 

npm WARN deprecated jupyter-js-services@0.21.1: This package has moved to @jupyterlab/services
npm WARN deprecated phosphor@0.5.0: use @phosphor/ packages
gyp info it worked if it ends with ok
gyp verb cli [ 'C:\\Users\\chris\\AppData\\Local\\atom\\app-1.32.2\\resources\\app\\apm\\bin\\node.exe',
gyp verb cli   'C:\\Users\\chris\\AppData\\Local\\atom\\app-1.32.2\\resources\\app\\apm\\node_modules\\node-gyp\\bin\\node-gyp.js',
gyp verb cli   'rebuild' ]
gyp info using node-gyp@3.4.0
gyp info using node@8.9.3 | win32 | x64
gyp verb command rebuild []
gyp verb command clean []
gyp verb clean removing "build" directory
gyp verb command configure []
gyp verb check python checking for Python executable "python2" in the PATH
gyp verb `which` failed Error: not found: python2
gyp verb `which` failed     at getNotFoundError (C:\Users\chris\AppData\Local\atom\app-1.32.2\resources\app\apm\node_modules\which\which.js:13:12)
gyp verb `which` failed     at F (C:\Users\chris\AppData\Local\atom\app-1.32.2\resources\app\apm\node_modules\which\which.js:68:19)
gyp verb `which` failed     at E (C:\Users\chris\AppData\Local\atom\app-1.32.2\resources\app\apm\node_modules\which\which.js:80:29)
gyp verb `which` failed     at C:\Users\chris\AppData\Local\atom\app-1.32.2\resources\app\apm\node_modules\which\which.js:89:16
gyp verb `which` failed     at C:\Users\chris\AppData\Local\atom\app-1.32.2\resources\app\apm\node_modules\isexe\index.js:42:5
gyp verb `which` failed     at C:\Users\chris\AppData\Local\atom\app-1.32.2\resources\app\apm\node_modules\isexe\windows.js:36:5
gyp verb `which` failed     at FSReqWrap.oncomplete (fs.js:152:21)
gyp verb `which` failed  python2 { Error: not found: python2
gyp verb `which` failed     at getNotFoundError (C:\Users\chris\AppData\Local\atom\app-1.32.2\resources\app\apm\node_modules\which\which.js:13:12)
gyp verb `which` failed     at F (C:\Users\chris\AppData\Local\atom\app-1.32.2\resources\app\apm\node_modules\which\which.js:68:19)
gyp verb `which` failed     at E (C:\Users\chris\AppData\Local\atom\app-1.32.2\resources\app\apm\node_modules\which\which.js:80:29)
gyp verb `which` failed     at C:\Users\chris\AppData\Local\atom\app-1.32.2\resources\app\apm\node_modules\which\which.js:89:16
gyp verb `which` failed     at C:\Users\chris\AppData\Local\atom\app-1.32.2\resources\app\apm\node_modules\isexe\index.js:42:5
gyp verb `which` failed     at C:\Users\chris\AppData\Local\atom\app-1.32.2\resources\app\apm\node_modules\isexe\windows.js:36:5
gyp verb `which` failed     at FSReqWrap.oncomplete (fs.js:152:21) code: 'ENOENT' }
gyp verb check python checking for Python executable "python" in the PATH
gyp verb `which` succeeded python C:\Users\chris\Anaconda3\envs\py37\python.EXE
gyp verb check python version `C:\Users\chris\Anaconda3\envs\py37\python.EXE -c "import platform; print(platform.python_version());"` returned: "3.7.1\r\n"
gyp ERR! configure error 
gyp ERR! stack Error: Python executable "C:\Users\chris\Anaconda3\envs\py37\python.EXE" is v3.7.1, which is not supported by gyp.
gyp ERR! stack You can pass the --python switch to point to Python >= v2.5.0 & < 3.0.0.
gyp ERR! stack     at failPythonVersion (C:\Users\chris\AppData\Local\atom\app-1.32.2\resources\app\apm\node_modules\node-gyp\lib\configure.js:454:14)
gyp ERR! stack     at C:\Users\chris\AppData\Local\atom\app-1.32.2\resources\app\apm\node_modules\node-gyp\lib\configure.js:443:9
gyp ERR! stack     at ChildProcess.exithandler (child_process.js:267:7)
gyp ERR! stack     at emitTwo (events.js:126:13)
gyp ERR! stack     at ChildProcess.emit (events.js:214:7)
gyp ERR! stack     at maybeClose (internal/child_process.js:925:16)
gyp ERR! stack     at Process.ChildProcess._handle.onexit (internal/child_process.js:209:5)
gyp ERR! System Windows_NT 10.0.17134
gyp ERR! command "C:\\Users\\chris\\AppData\\Local\\atom\\app-1.32.2\\resources\\app\\apm\\bin\\node.exe" "C:\\Users\\chris\\AppData\\Local\\atom\\app-1.32.2\\resources\\app\\apm\\node_modules\\node-gyp\\bin\\node-gyp.js" "rebuild"
gyp ERR! cwd C:\Users\chris\AppData\Local\Temp\apm-install-dir-1181130-2104-wo1nub.wbcpb\node_modules\jupyter-notebook\node_modules\bufferutil
gyp ERR! node -v v8.9.3
gyp ERR! node-gyp -v v3.4.0
gyp ERR! not ok 
gyp info it worked if it ends with ok
gyp verb cli [ 'C:\\Users\\chris\\AppData\\Local\\atom\\app-1.32.2\\resources\\app\\apm\\bin\\node.exe',
gyp verb cli   'C:\\Users\\chris\\AppData\\Local\\atom\\app-1.32.2\\resources\\app\\apm\\node_modules\\node-gyp\\bin\\node-gyp.js',
gyp verb cli   'rebuild' ]
gyp info using node-gyp@3.4.0
gyp info using node@8.9.3 | win32 | x64
gyp verb command rebuild []
gyp verb command clean []
gyp verb clean removing "build" directory
gyp verb command configure []
gyp verb check python checking for Python executable "python2" in the PATH
gyp verb `which` failed Error: not found: python2
gyp verb `which` failed     at getNotFoundError (C:\Users\chris\AppData\Local\atom\app-1.32.2\resources\app\apm\node_modules\which\which.js:13:12)
gyp verb `which` failed     at F (C:\Users\chris\AppData\Local\atom\app-1.32.2\resources\app\apm\node_modules\which\which.js:68:19)
gyp verb `which` failed     at E (C:\Users\chris\AppData\Local\atom\app-1.32.2\resources\app\apm\node_modules\which\which.js:80:29)
gyp verb `which` failed     at C:\Users\chris\AppData\Local\atom\app-1.32.2\resources\app\apm\node_modules\which\which.js:89:16
gyp verb `which` failed     at C:\Users\chris\AppData\Local\atom\app-1.32.2\resources\app\apm\node_modules\isexe\index.js:42:5
gyp verb `which` failed     at C:\Users\chris\AppData\Local\atom\app-1.32.2\resources\app\apm\node_modules\isexe\windows.js:36:5
gyp verb `which` failed     at FSReqWrap.oncomplete (fs.js:152:21)
gyp verb `which` failed  python2 { Error: not found: python2
gyp verb `which` failed     at getNotFoundError (C:\Users\chris\AppData\Local\atom\app-1.32.2\resources\app\apm\node_modules\which\which.js:13:12)
gyp verb `which` failed     at F (C:\Users\chris\AppData\Local\atom\app-1.32.2\resources\app\apm\node_modules\which\which.js:68:19)
gyp verb `which` failed     at E (C:\Users\chris\AppData\Local\atom\app-1.32.2\resources\app\apm\node_modules\which\which.js:80:29)
gyp verb `which` failed     at C:\Users\chris\AppData\Local\atom\app-1.32.2\resources\app\apm\node_modules\which\which.js:89:16
gyp verb `which` failed     at C:\Users\chris\AppData\Local\atom\app-1.32.2\resources\app\apm\node_modules\isexe\index.js:42:5
gyp verb `which` failed     at C:\Users\chris\AppData\Local\atom\app-1.32.2\resources\app\apm\node_modules\isexe\windows.js:36:5
gyp verb `which` failed     at FSReqWrap.oncomplete (fs.js:152:21) code: 'ENOENT' }
gyp verb check python checking for Python executable "python" in the PATH
gyp verb `which` succeeded python C:\Users\chris\Anaconda3\envs\py37\python.EXE
gyp verb check python version `C:\Users\chris\Anaconda3\envs\py37\python.EXE -c "import platform; print(platform.python_version());"` returned: "3.7.1\r\n"
gyp ERR! configure error 
gyp ERR! stack Error: Python executable "C:\Users\chris\Anaconda3\envs\py37\python.EXE" is v3.7.1, which is not supported by gyp.
gyp ERR! stack You can pass the --python switch to point to Python >= v2.5.0 & < 3.0.0.
gyp ERR! stack     at failPythonVersion (C:\Users\chris\AppData\Local\atom\app-1.32.2\resources\app\apm\node_modules\node-gyp\lib\configure.js:454:14)
gyp ERR! stack     at C:\Users\chris\AppData\Local\atom\app-1.32.2\resources\app\apm\node_modules\node-gyp\lib\configure.js:443:9
gyp ERR! stack     at ChildProcess.exithandler (child_process.js:267:7)
gyp ERR! stack     at emitTwo (events.js:126:13)
gyp ERR! stack     at ChildProcess.emit (events.js:214:7)
gyp ERR! stack     at maybeClose (internal/child_process.js:925:16)
gyp ERR! stack     at Process.ChildProcess._handle.onexit (internal/child_process.js:209:5)
gyp ERR! System Windows_NT 10.0.17134
gyp ERR! command "C:\\Users\\chris\\AppData\\Local\\atom\\app-1.32.2\\resources\\app\\apm\\bin\\node.exe" "C:\\Users\\chris\\AppData\\Local\\atom\\app-1.32.2\\resources\\app\\apm\\node_modules\\node-gyp\\bin\\node-gyp.js" "rebuild"
gyp ERR! cwd C:\Users\chris\AppData\Local\Temp\apm-install-dir-1181130-2104-wo1nub.wbcpb\node_modules\jupyter-notebook\node_modules\utf-8-validate
gyp ERR! node -v v8.9.3
gyp ERR! node-gyp -v v3.4.0
gyp ERR! not ok 
gyp info it worked if it ends with ok
gyp verb cli [ 'C:\\Users\\chris\\AppData\\Local\\atom\\app-1.32.2\\resources\\app\\apm\\bin\\node.exe',
gyp verb cli   'C:\\Users\\chris\\AppData\\Local\\atom\\app-1.32.2\\resources\\app\\apm\\node_modules\\node-gyp\\bin\\node-gyp.js',
gyp verb cli   'rebuild' ]
gyp info using node-gyp@3.4.0
gyp info using node@8.9.3 | win32 | x64
gyp verb command rebuild []
gyp verb command clean []
gyp verb clean removing "build" directory
gyp verb command configure []
gyp verb check python checking for Python executable "python2" in the PATH
gyp verb `which` failed Error: not found: python2
gyp verb `which` failed     at getNotFoundError (C:\Users\chris\AppData\Local\atom\app-1.32.2\resources\app\apm\node_modules\which\which.js:13:12)
gyp verb `which` failed     at F (C:\Users\chris\AppData\Local\atom\app-1.32.2\resources\app\apm\node_modules\which\which.js:68:19)
gyp verb `which` failed     at E (C:\Users\chris\AppData\Local\atom\app-1.32.2\resources\app\apm\node_modules\which\which.js:80:29)
gyp verb `which` failed     at C:\Users\chris\AppData\Local\atom\app-1.32.2\resources\app\apm\node_modules\which\which.js:89:16
gyp verb `which` failed     at C:\Users\chris\AppData\Local\atom\app-1.32.2\resources\app\apm\node_modules\isexe\index.js:42:5
gyp verb `which` failed     at C:\Users\chris\AppData\Local\atom\app-1.32.2\resources\app\apm\node_modules\isexe\windows.js:36:5
gyp verb `which` failed     at FSReqWrap.oncomplete (fs.js:152:21)
gyp verb `which` failed  python2 { Error: not found: python2
gyp verb `which` failed     at getNotFoundError (C:\Users\chris\AppData\Local\atom\app-1.32.2\resources\app\apm\node_modules\which\which.js:13:12)
gyp verb `which` failed     at F (C:\Users\chris\AppData\Local\atom\app-1.32.2\resources\app\apm\node_modules\which\which.js:68:19)
gyp verb `which` failed     at E (C:\Users\chris\AppData\Local\atom\app-1.32.2\resources\app\apm\node_modules\which\which.js:80:29)
gyp verb `which` failed     at C:\Users\chris\AppData\Local\atom\app-1.32.2\resources\app\apm\node_modules\which\which.js:89:16
gyp verb `which` failed     at C:\Users\chris\AppData\Local\atom\app-1.32.2\resources\app\apm\node_modules\isexe\index.js:42:5
gyp verb `which` failed     at C:\Users\chris\AppData\Local\atom\app-1.32.2\resources\app\apm\node_modules\isexe\windows.js:36:5
gyp verb `which` failed     at FSReqWrap.oncomplete (fs.js:152:21) code: 'ENOENT' }
gyp verb check python checking for Python executable "python" in the PATH
gyp verb `which` succeeded python C:\Users\chris\Anaconda3\envs\py37\python.EXE
gyp verb check python version `C:\Users\chris\Anaconda3\envs\py37\python.EXE -c "import platform; print(platform.python_version());"` returned: "3.7.1\r\n"
gyp ERR! configure error 
gyp ERR! stack Error: Python executable "C:\Users\chris\Anaconda3\envs\py37\python.EXE" is v3.7.1, which is not supported by gyp.
gyp ERR! stack You can pass the --python switch to point to Python >= v2.5.0 & < 3.0.0.
gyp ERR! stack     at failPythonVersion (C:\Users\chris\AppData\Local\atom\app-1.32.2\resources\app\apm\node_modules\node-gyp\lib\configure.js:454:14)
gyp ERR! stack     at C:\Users\chris\AppData\Local\atom\app-1.32.2\resources\app\apm\node_modules\node-gyp\lib\configure.js:443:9
gyp ERR! stack     at ChildProcess.exithandler (child_process.js:267:7)
gyp ERR! stack     at emitTwo (events.js:126:13)
gyp ERR! stack     at ChildProcess.emit (events.js:214:7)
gyp ERR! stack     at maybeClose (internal/child_process.js:925:16)
gyp ERR! stack     at Process.ChildProcess._handle.onexit (internal/child_process.js:209:5)
gyp ERR! System Windows_NT 10.0.17134
gyp ERR! command "C:\\Users\\chris\\AppData\\Local\\atom\\app-1.32.2\\resources\\app\\apm\\bin\\node.exe" "C:\\Users\\chris\\AppData\\Local\\atom\\app-1.32.2\\resources\\app\\apm\\node_modules\\node-gyp\\bin\\node-gyp.js" "rebuild"
gyp ERR! cwd C:\Users\chris\AppData\Local\Temp\apm-install-dir-1181130-2104-wo1nub.wbcpb\node_modules\jupyter-notebook\node_modules\pathwatcher
gyp ERR! node -v v8.9.3
gyp ERR! node-gyp -v v3.4.0
gyp ERR! not ok 
npm WARN enoent ENOENT: no such file or directory, open 'C:\Users\chris\AppData\Local\Temp\apm-install-dir-1181130-2104-wo1nub.wbcpb\package.json'
npm WARN apm-install-dir-1181130-2104-wo1nub.wbcpb No description
npm WARN apm-install-dir-1181130-2104-wo1nub.wbcpb No repository field.
npm WARN apm-install-dir-1181130-2104-wo1nub.wbcpb No README data
npm WARN apm-install-dir-1181130-2104-wo1nub.wbcpb No license field.
npm WARN optional SKIPPING OPTIONAL DEPENDENCY: bufferutil@1.2.1 (node_modules\jupyter-notebook\node_modules\bufferutil):
npm WARN optional SKIPPING OPTIONAL DEPENDENCY: bufferutil@1.2.1 install: `node-gyp rebuild`
npm WARN optional SKIPPING OPTIONAL DEPENDENCY: Exit status 1
npm WARN optional SKIPPING OPTIONAL DEPENDENCY: utf-8-validate@1.2.2 (node_modules\jupyter-notebook\node_modules\utf-8-validate):
npm WARN optional SKIPPING OPTIONAL DEPENDENCY: utf-8-validate@1.2.2 install: `node-gyp rebuild`
npm WARN optional SKIPPING OPTIONAL DEPENDENCY: Exit status 1

npm ERR! code ELIFECYCLE
npm ERR! errno 1
npm ERR! pathwatcher@8.0.2 install: `node-gyp rebuild`
npm ERR! Exit status 1
npm ERR! 
npm ERR! Failed at the pathwatcher@8.0.2 install script.
npm ERR! This is probably not a problem with npm. There is likely additional logging output above.

npm ERR! A complete log of this run can be found in:
npm ERR!     C:\Users\chris\.atom\.apm\_logs\2018-12-30T09_29_14_722Z-debug.log

#######################

 Operating System: Windows 10 Pro 64-bit (10.0, Build 17134) (17134.rs4_release.180410-1804)
                 Language: English (Regional Setting: English)
      System Manufacturer: Microsoft Corporation
             System Model: Surface Pro 4
                     BIOS: 108.2318.769 (type: UEFI)
                Processor: Intel(R) Core(TM) i7-6650U CPU @ 2.20GHz (4 CPUs), ~2.2GHz
                   Memory: 8192MB RAM
      Available OS Memory: 8118MB RAM
                Page File: 12769MB used, 3028MB available
              Windows Dir: C:\Windows
          DirectX Version: DirectX 12
      DX Setup Parameters: Not found
         User DPI Setting: 192 DPI (200 percent)
       System DPI Setting: 192 DPI (200 percent)
          DWM DPI Scaling: UnKnown
                 Miracast: Available, with HDCP
Microsoft Graphics Hybrid: Not Supported
           DxDiag Version: 10.00.17134.0001 64bit Unicode

----------------------------------------------------------------------------------------------------------------------
Installing “jupyter-notebook@0.0.10” failed.Hide output…

> bufferutil@1.2.1 install C:\Users\HIMADR~1\AppData\Local\Temp\apm-install-dir-1181125-10548-1t4istn.3lfc\node_modules\jupyter-notebook\node_modules\bufferutil
> node-gyp rebuild


C:\Users\HIMADR~1\AppData\Local\Temp\apm-install-dir-1181125-10548-1t4istn.3lfc\node_modules\jupyter-notebook\node_modules\bufferutil>if not defined npm_config_node_gyp (node "C:\Users\Himadri S Chatterjee\AppData\Local\atom\app-1.33.1\resources\app\apm\node_modules\npm\node_modules\npm-lifecycle\node-gyp-bin\\..\..\node_modules\node-gyp\bin\node-gyp.js" rebuild )  else (node "C:\Users\Himadri S Chatterjee\AppData\Local\atom\app-1.33.1\resources\app\apm\bin\\..\node_modules\node-gyp\bin\node-gyp.js" rebuild ) 

> utf-8-validate@1.2.2 install C:\Users\HIMADR~1\AppData\Local\Temp\apm-install-dir-1181125-10548-1t4istn.3lfc\node_modules\jupyter-notebook\node_modules\utf-8-validate
> node-gyp rebuild


C:\Users\HIMADR~1\AppData\Local\Temp\apm-install-dir-1181125-10548-1t4istn.3lfc\node_modules\jupyter-notebook\node_modules\utf-8-validate>if not defined npm_config_node_gyp (node "C:\Users\Himadri S Chatterjee\AppData\Local\atom\app-1.33.1\resources\app\apm\node_modules\npm\node_modules\npm-lifecycle\node-gyp-bin\\..\..\node_modules\node-gyp\bin\node-gyp.js" rebuild )  else (node "C:\Users\Himadri S Chatterjee\AppData\Local\atom\app-1.33.1\resources\app\apm\bin\\..\node_modules\node-gyp\bin\node-gyp.js" rebuild ) 

> pathwatcher@8.0.2 install C:\Users\HIMADR~1\AppData\Local\Temp\apm-install-dir-1181125-10548-1t4istn.3lfc\node_modules\jupyter-notebook\node_modules\pathwatcher
> node-gyp rebuild


C:\Users\HIMADR~1\AppData\Local\Temp\apm-install-dir-1181125-10548-1t4istn.3lfc\node_modules\jupyter-notebook\node_modules\pathwatcher>if not defined npm_config_node_gyp (node "C:\Users\Himadri S Chatterjee\AppData\Local\atom\app-1.33.1\resources\app\apm\node_modules\npm\node_modules\npm-lifecycle\node-gyp-bin\\..\..\node_modules\node-gyp\bin\node-gyp.js" rebuild )  else (node "C:\Users\Himadri S Chatterjee\AppData\Local\atom\app-1.33.1\resources\app\apm\bin\\..\node_modules\node-gyp\bin\node-gyp.js" rebuild ) 

npm WARN deprecated jupyter-js-services@0.21.1: This package has moved to @jupyterlab/services
npm WARN deprecated phosphor@0.5.0: use @phosphor/ packages
gyp info it worked if it ends with ok
gyp verb cli [ 'C:\\Users\\Himadri S Chatterjee\\AppData\\Local\\atom\\app-1.33.1\\resources\\app\\apm\\bin\\node.exe',
gyp verb cli   'C:\\Users\\Himadri S Chatterjee\\AppData\\Local\\atom\\app-1.33.1\\resources\\app\\apm\\node_modules\\node-gyp\\bin\\node-gyp.js',
gyp verb cli   'rebuild' ]
gyp info using node-gyp@3.4.0
gyp info using node@8.9.3 | win32 | x64
gyp verb command rebuild []
gyp verb command clean []
gyp verb clean removing "build" directory
gyp verb command configure []
gyp verb check python checking for Python executable "python2" in the PATH
gyp verb `which` failed Error: not found: python2
gyp verb `which` failed     at getNotFoundError (C:\Users\Himadri S Chatterjee\AppData\Local\atom\app-1.33.1\resources\app\apm\node_modules\which\which.js:13:12)
gyp verb `which` failed     at F (C:\Users\Himadri S Chatterjee\AppData\Local\atom\app-1.33.1\resources\app\apm\node_modules\which\which.js:68:19)
gyp verb `which` failed     at E (C:\Users\Himadri S Chatterjee\AppData\Local\atom\app-1.33.1\resources\app\apm\node_modules\which\which.js:80:29)
gyp verb `which` failed     at C:\Users\Himadri S Chatterjee\AppData\Local\atom\app-1.33.1\resources\app\apm\node_modules\which\which.js:89:16
gyp verb `which` failed     at C:\Users\Himadri S Chatterjee\AppData\Local\atom\app-1.33.1\resources\app\apm\node_modules\isexe\index.js:42:5
gyp verb `which` failed     at C:\Users\Himadri S Chatterjee\AppData\Local\atom\app-1.33.1\resources\app\apm\node_modules\isexe\windows.js:36:5
gyp verb `which` failed     at FSReqWrap.oncomplete (fs.js:152:21)
gyp verb `which` failed  python2 { Error: not found: python2
gyp verb `which` failed     at getNotFoundError (C:\Users\Himadri S Chatterjee\AppData\Local\atom\app-1.33.1\resources\app\apm\node_modules\which\which.js:13:12)
gyp verb `which` failed     at F (C:\Users\Himadri S Chatterjee\AppData\Local\atom\app-1.33.1\resources\app\apm\node_modules\which\which.js:68:19)
gyp verb `which` failed     at E (C:\Users\Himadri S Chatterjee\AppData\Local\atom\app-1.33.1\resources\app\apm\node_modules\which\which.js:80:29)
gyp verb `which` failed     at C:\Users\Himadri S Chatterjee\AppData\Local\atom\app-1.33.1\resources\app\apm\node_modules\which\which.js:89:16
gyp verb `which` failed     at C:\Users\Himadri S Chatterjee\AppData\Local\atom\app-1.33.1\resources\app\apm\node_modules\isexe\index.js:42:5
gyp verb `which` failed     at C:\Users\Himadri S Chatterjee\AppData\Local\atom\app-1.33.1\resources\app\apm\node_modules\isexe\windows.js:36:5
gyp verb `which` failed     at FSReqWrap.oncomplete (fs.js:152:21) code: 'ENOENT' }
gyp verb check python checking for Python executable "python" in the PATH
gyp verb `which` succeeded python C:\ProgramData\Miniconda3\python.EXE
gyp verb check python version `C:\ProgramData\Miniconda3\python.EXE -c "import platform; print(platform.python_version());"` returned: "3.7.0\r\n"
gyp ERR! configure error 
gyp ERR! stack Error: Python executable "C:\ProgramData\Miniconda3\python.EXE" is v3.7.0, which is not supported by gyp.
gyp ERR! stack You can pass the --python switch to point to Python >= v2.5.0 & < 3.0.0.
gyp ERR! stack     at failPythonVersion (C:\Users\Himadri S Chatterjee\AppData\Local\atom\app-1.33.1\resources\app\apm\node_modules\node-gyp\lib\configure.js:454:14)
gyp ERR! stack     at C:\Users\Himadri S Chatterjee\AppData\Local\atom\app-1.33.1\resources\app\apm\node_modules\node-gyp\lib\configure.js:443:9
gyp ERR! stack     at ChildProcess.exithandler (child_process.js:267:7)
gyp ERR! stack     at emitTwo (events.js:126:13)
gyp ERR! stack     at ChildProcess.emit (events.js:214:7)
gyp ERR! stack     at maybeClose (internal/child_process.js:925:16)
gyp ERR! stack     at Process.ChildProcess._handle.onexit (internal/child_process.js:209:5)
gyp ERR! System Windows_NT 10.0.17134
gyp ERR! command "C:\\Users\\Himadri S Chatterjee\\AppData\\Local\\atom\\app-1.33.1\\resources\\app\\apm\\bin\\node.exe" "C:\\Users\\Himadri S Chatterjee\\AppData\\Local\\atom\\app-1.33.1\\resources\\app\\apm\\node_modules\\node-gyp\\bin\\node-gyp.js" "rebuild"
gyp ERR! cwd C:\Users\HIMADR~1\AppData\Local\Temp\apm-install-dir-1181125-10548-1t4istn.3lfc\node_modules\jupyter-notebook\node_modules\bufferutil
gyp ERR! node -v v8.9.3
gyp ERR! node-gyp -v v3.4.0
gyp ERR! not ok 
gyp info it worked if it ends with ok
gyp verb cli [ 'C:\\Users\\Himadri S Chatterjee\\AppData\\Local\\atom\\app-1.33.1\\resources\\app\\apm\\bin\\node.exe',
gyp verb cli   'C:\\Users\\Himadri S Chatterjee\\AppData\\Local\\atom\\app-1.33.1\\resources\\app\\apm\\node_modules\\node-gyp\\bin\\node-gyp.js',
gyp verb cli   'rebuild' ]
gyp info using node-gyp@3.4.0
gyp info using node@8.9.3 | win32 | x64
gyp verb command rebuild []
gyp verb command clean []
gyp verb clean removing "build" directory
gyp verb command configure []
gyp verb check python checking for Python executable "python2" in the PATH
gyp verb `which` failed Error: not found: python2
gyp verb `which` failed     at getNotFoundError (C:\Users\Himadri S Chatterjee\AppData\Local\atom\app-1.33.1\resources\app\apm\node_modules\which\which.js:13:12)
gyp verb `which` failed     at F (C:\Users\Himadri S Chatterjee\AppData\Local\atom\app-1.33.1\resources\app\apm\node_modules\which\which.js:68:19)
gyp verb `which` failed     at E (C:\Users\Himadri S Chatterjee\AppData\Local\atom\app-1.33.1\resources\app\apm\node_modules\which\which.js:80:29)
gyp verb `which` failed     at C:\Users\Himadri S Chatterjee\AppData\Local\atom\app-1.33.1\resources\app\apm\node_modules\which\which.js:89:16
gyp verb `which` failed     at C:\Users\Himadri S Chatterjee\AppData\Local\atom\app-1.33.1\resources\app\apm\node_modules\isexe\index.js:42:5
gyp verb `which` failed     at C:\Users\Himadri S Chatterjee\AppData\Local\atom\app-1.33.1\resources\app\apm\node_modules\isexe\windows.js:36:5
gyp verb `which` failed     at FSReqWrap.oncomplete (fs.js:152:21)
gyp verb `which` failed  python2 { Error: not found: python2
gyp verb `which` failed     at getNotFoundError (C:\Users\Himadri S Chatterjee\AppData\Local\atom\app-1.33.1\resources\app\apm\node_modules\which\which.js:13:12)
gyp verb `which` failed     at F (C:\Users\Himadri S Chatterjee\AppData\Local\atom\app-1.33.1\resources\app\apm\node_modules\which\which.js:68:19)
gyp verb `which` failed     at E (C:\Users\Himadri S Chatterjee\AppData\Local\atom\app-1.33.1\resources\app\apm\node_modules\which\which.js:80:29)
gyp verb `which` failed     at C:\Users\Himadri S Chatterjee\AppData\Local\atom\app-1.33.1\resources\app\apm\node_modules\which\which.js:89:16
gyp verb `which` failed     at C:\Users\Himadri S Chatterjee\AppData\Local\atom\app-1.33.1\resources\app\apm\node_modules\isexe\index.js:42:5
gyp verb `which` failed     at C:\Users\Himadri S Chatterjee\AppData\Local\atom\app-1.33.1\resources\app\apm\node_modules\isexe\windows.js:36:5
gyp verb `which` failed     at FSReqWrap.oncomplete (fs.js:152:21) code: 'ENOENT' }
gyp verb check python checking for Python executable "python" in the PATH
gyp verb `which` succeeded python C:\ProgramData\Miniconda3\python.EXE
gyp verb check python version `C:\ProgramData\Miniconda3\python.EXE -c "import platform; print(platform.python_version());"` returned: "3.7.0\r\n"
gyp ERR! configure error 
gyp ERR! stack Error: Python executable "C:\ProgramData\Miniconda3\python.EXE" is v3.7.0, which is not supported by gyp.
gyp ERR! stack You can pass the --python switch to point to Python >= v2.5.0 & < 3.0.0.
gyp ERR! stack     at failPythonVersion (C:\Users\Himadri S Chatterjee\AppData\Local\atom\app-1.33.1\resources\app\apm\node_modules\node-gyp\lib\configure.js:454:14)
gyp ERR! stack     at C:\Users\Himadri S Chatterjee\AppData\Local\atom\app-1.33.1\resources\app\apm\node_modules\node-gyp\lib\configure.js:443:9
gyp ERR! stack     at ChildProcess.exithandler (child_process.js:267:7)
gyp ERR! stack     at emitTwo (events.js:126:13)
gyp ERR! stack     at ChildProcess.emit (events.js:214:7)
gyp ERR! stack     at maybeClose (internal/child_process.js:925:16)
gyp ERR! stack     at Process.ChildProcess._handle.onexit (internal/child_process.js:209:5)
gyp ERR! System Windows_NT 10.0.17134
gyp ERR! command "C:\\Users\\Himadri S Chatterjee\\AppData\\Local\\atom\\app-1.33.1\\resources\\app\\apm\\bin\\node.exe" "C:\\Users\\Himadri S Chatterjee\\AppData\\Local\\atom\\app-1.33.1\\resources\\app\\apm\\node_modules\\node-gyp\\bin\\node-gyp.js" "rebuild"
gyp ERR! cwd C:\Users\HIMADR~1\AppData\Local\Temp\apm-install-dir-1181125-10548-1t4istn.3lfc\node_modules\jupyter-notebook\node_modules\utf-8-validate
gyp ERR! node -v v8.9.3
gyp ERR! node-gyp -v v3.4.0
gyp ERR! not ok 
gyp info it worked if it ends with ok
gyp verb cli [ 'C:\\Users\\Himadri S Chatterjee\\AppData\\Local\\atom\\app-1.33.1\\resources\\app\\apm\\bin\\node.exe',
gyp verb cli   'C:\\Users\\Himadri S Chatterjee\\AppData\\Local\\atom\\app-1.33.1\\resources\\app\\apm\\node_modules\\node-gyp\\bin\\node-gyp.js',
gyp verb cli   'rebuild' ]
gyp info using node-gyp@3.4.0
gyp info using node@8.9.3 | win32 | x64
gyp verb command rebuild []
gyp verb command clean []
gyp verb clean removing "build" directory
gyp verb command configure []
gyp verb check python checking for Python executable "python2" in the PATH
gyp verb `which` failed Error: not found: python2
gyp verb `which` failed     at getNotFoundError (C:\Users\Himadri S Chatterjee\AppData\Local\atom\app-1.33.1\resources\app\apm\node_modules\which\which.js:13:12)
gyp verb `which` failed     at F (C:\Users\Himadri S Chatterjee\AppData\Local\atom\app-1.33.1\resources\app\apm\node_modules\which\which.js:68:19)
gyp verb `which` failed     at E (C:\Users\Himadri S Chatterjee\AppData\Local\atom\app-1.33.1\resources\app\apm\node_modules\which\which.js:80:29)
gyp verb `which` failed     at C:\Users\Himadri S Chatterjee\AppData\Local\atom\app-1.33.1\resources\app\apm\node_modules\which\which.js:89:16
gyp verb `which` failed     at C:\Users\Himadri S Chatterjee\AppData\Local\atom\app-1.33.1\resources\app\apm\node_modules\isexe\index.js:42:5
gyp verb `which` failed     at C:\Users\Himadri S Chatterjee\AppData\Local\atom\app-1.33.1\resources\app\apm\node_modules\isexe\windows.js:36:5
gyp verb `which` failed     at FSReqWrap.oncomplete (fs.js:152:21)
gyp verb `which` failed  python2 { Error: not found: python2
gyp verb `which` failed     at getNotFoundError (C:\Users\Himadri S Chatterjee\AppData\Local\atom\app-1.33.1\resources\app\apm\node_modules\which\which.js:13:12)
gyp verb `which` failed     at F (C:\Users\Himadri S Chatterjee\AppData\Local\atom\app-1.33.1\resources\app\apm\node_modules\which\which.js:68:19)
gyp verb `which` failed     at E (C:\Users\Himadri S Chatterjee\AppData\Local\atom\app-1.33.1\resources\app\apm\node_modules\which\which.js:80:29)
gyp verb `which` failed     at C:\Users\Himadri S Chatterjee\AppData\Local\atom\app-1.33.1\resources\app\apm\node_modules\which\which.js:89:16
gyp verb `which` failed     at C:\Users\Himadri S Chatterjee\AppData\Local\atom\app-1.33.1\resources\app\apm\node_modules\isexe\index.js:42:5
gyp verb `which` failed     at C:\Users\Himadri S Chatterjee\AppData\Local\atom\app-1.33.1\resources\app\apm\node_modules\isexe\windows.js:36:5
gyp verb `which` failed     at FSReqWrap.oncomplete (fs.js:152:21) code: 'ENOENT' }
gyp verb check python checking for Python executable "python" in the PATH
gyp verb `which` succeeded python C:\ProgramData\Miniconda3\python.EXE
gyp verb check python version `C:\ProgramData\Miniconda3\python.EXE -c "import platform; print(platform.python_version());"` returned: "3.7.0\r\n"
gyp ERR! configure error 
gyp ERR! stack Error: Python executable "C:\ProgramData\Miniconda3\python.EXE" is v3.7.0, which is not supported by gyp.
gyp ERR! stack You can pass the --python switch to point to Python >= v2.5.0 & < 3.0.0.
gyp ERR! stack     at failPythonVersion (C:\Users\Himadri S Chatterjee\AppData\Local\atom\app-1.33.1\resources\app\apm\node_modules\node-gyp\lib\configure.js:454:14)
gyp ERR! stack     at C:\Users\Himadri S Chatterjee\AppData\Local\atom\app-1.33.1\resources\app\apm\node_modules\node-gyp\lib\configure.js:443:9
gyp ERR! stack     at ChildProcess.exithandler (child_process.js:267:7)
gyp ERR! stack     at emitTwo (events.js:126:13)
gyp ERR! stack     at ChildProcess.emit (events.js:214:7)
gyp ERR! stack     at maybeClose (internal/child_process.js:925:16)
gyp ERR! stack     at Process.ChildProcess._handle.onexit (internal/child_process.js:209:5)
gyp ERR! System Windows_NT 10.0.17134
gyp ERR! command "C:\\Users\\Himadri S Chatterjee\\AppData\\Local\\atom\\app-1.33.1\\resources\\app\\apm\\bin\\node.exe" "C:\\Users\\Himadri S Chatterjee\\AppData\\Local\\atom\\app-1.33.1\\resources\\app\\apm\\node_modules\\node-gyp\\bin\\node-gyp.js" "rebuild"
gyp ERR! cwd C:\Users\HIMADR~1\AppData\Local\Temp\apm-install-dir-1181125-10548-1t4istn.3lfc\node_modules\jupyter-notebook\node_modules\pathwatcher
gyp ERR! node -v v8.9.3
gyp ERR! node-gyp -v v3.4.0
gyp ERR! not ok 
npm WARN enoent ENOENT: no such file or directory, open 'C:\Users\HIMADR~1\AppData\Local\Temp\apm-install-dir-1181125-10548-1t4istn.3lfc\package.json'
npm WARN apm-install-dir-1181125-10548-1t4istn.3lfc No description
npm WARN apm-install-dir-1181125-10548-1t4istn.3lfc No repository field.
npm WARN apm-install-dir-1181125-10548-1t4istn.3lfc No README data
npm WARN apm-install-dir-1181125-10548-1t4istn.3lfc No license field.
npm WARN optional SKIPPING OPTIONAL DEPENDENCY: bufferutil@1.2.1 (node_modules\jupyter-notebook\node_modules\bufferutil):
npm WARN optional SKIPPING OPTIONAL DEPENDENCY: bufferutil@1.2.1 install: `node-gyp rebuild`
npm WARN optional SKIPPING OPTIONAL DEPENDENCY: Exit status 1
npm WARN optional SKIPPING OPTIONAL DEPENDENCY: utf-8-validate@1.2.2 (node_modules\jupyter-notebook\node_modules\utf-8-validate):
npm WARN optional SKIPPING OPTIONAL DEPENDENCY: utf-8-validate@1.2.2 install: `node-gyp rebuild`
npm WARN optional SKIPPING OPTIONAL DEPENDENCY: Exit status 1

npm ERR! code ELIFECYCLE
npm ERR! errno 1
npm ERR! pathwatcher@8.0.2 install: `node-gyp rebuild`
npm ERR! Exit status 1
npm ERR! 
npm ERR! Failed at the pathwatcher@8.0.2 install script.
npm ERR! This is probably not a problem with npm. There is likely additional logging output above.

npm ERR! A complete log of this run can be found in:
npm ERR!     C:\Users\Himadri S Chatterjee\.atom\.apm\_logs\2018-12-25T14_02_18_104Z-debug.log
-------------------------------------------------------------------------------------------------------------------This was the error I got. Can you please help me out with this.