# JRE version: OpenJDK Runtime Environment (10.0.2+13) (build 10.0.2+13-Debian-2)
# Java VM: OpenJDK 64-Bit Server VM (10.0.2+13-Debian-2, mixed mode, tiered, compressed oops, g1 gc, linux-amd64)
Heap:
 garbage-first heap   total 196608K, used 121554K [0x00000000d1000000, 0x0000000100000000)
  region size 1024K, 60 young (61440K), 7 survivors (7168K)
 Metaspace       used 48603K, capacity 49471K, committed 49920K, reserved 1093632K
  class space    used 5712K, capacity 6069K, committed 6144K, reserved 1048576K
GC Heap History (10 events):
Event: 6.168 GC heap before
{Heap before GC invocations=19 (full 0):
 garbage-first heap   total 113664K, used 79520K [0x00000000d1000000, 0x0000000100000000)
  region size 1024K, 40 young (40960K), 5 survivors (5120K)
 Metaspace       used 39523K, capacity 40151K, committed 40704K, reserved 1085440K
  class space    used 4599K, capacity 4850K, committed 4864K, reserved 1048576K
}
Event: 6.179 GC heap after
{Heap after GC invocations=20 (full 0):
 garbage-first heap   total 165888K, used 47716K [0x00000000d1000000, 0x0000000100000000)
  region size 1024K, 4 young (4096K), 4 survivors (4096K)
 Metaspace       used 39523K, capacity 40151K, committed 40704K, reserved 1085440K
  class space    used 4599K, capacity 4850K, committed 4864K, reserved 1048576K
}
Event: 6.424 GC heap before
{Heap before GC invocations=20 (full 0):
 garbage-first heap   total 165888K, used 97892K [0x00000000d1000000, 0x0000000100000000)
  region size 1024K, 53 young (54272K), 4 survivors (4096K)
 Metaspace       used 40632K, capacity 41222K, committed 41728K, reserved 1085440K
  class space    used 4741K, capacity 5015K, committed 5120K, reserved 1048576K
}
Event: 6.433 GC heap after
{Heap after GC invocations=21 (full 0):
 garbage-first heap   total 165888K, used 50794K [0x00000000d1000000, 0x0000000100000000)
  region size 1024K, 7 young (7168K), 7 survivors (7168K)
 Metaspace       used 40632K, capacity 41222K, committed 41728K, reserved 1085440K
  class space    used 4741K, capacity 5015K, committed 5120K, reserved 1048576K
}
Event: 6.939 GC heap before
{Heap before GC invocations=21 (full 0):
 garbage-first heap   total 165888K, used 108138K [0x00000000d1000000, 0x0000000100000000)
  region size 1024K, 63 young (64512K), 7 survivors (7168K)
 Metaspace       used 43106K, capacity 43832K, committed 44288K, reserved 1087488K
  class space    used 5017K, capacity 5312K, committed 5376K, reserved 1048576K
}
Event: 6.953 GC heap after
{Heap after GC invocations=22 (full 0):
 garbage-first heap   total 165888K, used 55407K [0x00000000d1000000, 0x0000000100000000)
  region size 1024K, 8 young (8192K), 8 survivors (8192K)
 Metaspace       used 43106K, capacity 43832K, committed 44288K, reserved 1087488K
  class space    used 5017K, capacity 5312K, committed 5376K, reserved 1048576K
}
Event: 7.261 GC heap before
{Heap before GC invocations=22 (full 0):
 garbage-first heap   total 165888K, used 115823K [0x00000000d1000000, 0x0000000100000000)
  region size 1024K, 67 young (68608K), 8 survivors (8192K)
 Metaspace       used 45011K, capacity 45839K, committed 46336K, reserved 1089536K
  class space    used 5276K, capacity 5613K, committed 5632K, reserved 1048576K
}
Event: 7.286 GC heap after
{Heap after GC invocations=23 (full 0):
 garbage-first heap   total 165888K, used 62464K [0x00000000d1000000, 0x0000000100000000)
  region size 1024K, 7 young (7168K), 7 survivors (7168K)
 Metaspace       used 45011K, capacity 45839K, committed 46336K, reserved 1089536K
  class space    used 5276K, capacity 5613K, committed 5632K, reserved 1048576K
}
Event: 8.099 GC heap before
{Heap before GC invocations=23 (full 0):
 garbage-first heap   total 165888K, used 122880K [0x00000000d1000000, 0x0000000100000000)
  region size 1024K, 66 young (67584K), 7 survivors (7168K)
 Metaspace       used 47010K, capacity 47910K, committed 48512K, reserved 1091584K
  class space    used 5556K, capacity 5916K, committed 6016K, reserved 1048576K
}
Event: 8.121 GC heap after
{Heap after GC invocations=24 (full 0):
 garbage-first heap   total 196608K, used 68306K [0x00000000d1000000, 0x0000000100000000)
  region size 1024K, 7 young (7168K), 7 survivors (7168K)
 Metaspace       used 47010K, capacity 47910K, committed 48512K, reserved 1091584K
  class space    used 5556K, capacity 5916K, committed 6016K, reserved 1048576K
}

