From version 3.0.7 windows prebuild releases are not  not avaiable. Are there are planned to be add in latest versions?
## What went wrong?
When hashing a password containing an ASCII NUL character, that character acts as the string terminator. Any following characters are ignored.

## What did you expect to happen?
Strings should be handled exactly like in JavaScript, where NUL characters can occur at any position without affecting their length. I realize this is kind of an odd case, but since this is a security-relevant module, it should always behave exactly the way it is supposed to.

## Which version of nodejs and OS?
node v12.13.1 on Fedora 31 x86_64

## If you find a bug, please write a failing test.
```js
const bcrypt = require('bcrypt');
const assert = require('assert');

const actualPasswd = 'Passw\0rd123';
const badPasswd = 'Passw\0 you can literally write anything after the NUL character';

async function test() {
    const hash = await bcrypt.hash(actualPasswd, 12);

    const resultWithActualPasswd = await bcrypt.compare(actualPasswd, hash);
    const resultWithBadPasswd = await bcrypt.compare(badPasswd, hash);

    assert.strictEqual(resultWithActualPasswd, true, 'Should return true with the actual password');
    assert.strictEqual(resultWithBadPasswd, false, 'Should return false with a bad password');
}

test()
    .then(() => console.log('Test passed'))
    .catch(console.error);
```

In Windows 10 OS, node version v12.14.0

npm i bcrypt

> bcrypt@3.0.7 install C:\Users\pc\Desktop\Node.js Projects\Secrets-Starting-Code\node_modules\bcrypt
> node-pre-gyp install --fallback-to-build

node-pre-gyp WARN Using needle for node-pre-gyp https download
node-pre-gyp WARN Tried to download(404): https://github.com/kelektiv/node.bcrypt.js/releases/download/v3.0.7/bcrypt_lib-v3.0.7-node-v72-win32-x64-unknown.tar.gz
node-pre-gyp WARN Pre-built binaries not found for bcrypt@3.0.7 and node@12.14.0 (node-v72 ABI, unknown) (falling back to source compile with node-gyp)
gyp ERR! find Python
gyp ERR! find Python Python is not set from command line or npm configuration
gyp ERR! find Python Python is not set from environment variable PYTHON
gyp ERR! find Python checking if "python" can be used
gyp ERR! find Python - executable path is "C:\Users\pc\AppData\Local\Programs\Python\Python37-32\python.exe"
gyp ERR! find Python - version is "3.7.4"
gyp ERR! find Python - version is 3.7.4 - should be >=2.6.0 <3.0.0
gyp ERR! find Python - THIS VERSION OF PYTHON IS NOT SUPPORTED
gyp ERR! find Python checking if "python2" can be used
gyp ERR! find Python - "python2" is not in PATH or produced an error
gyp ERR! find Python checking if the py launcher can be used to find Python 2
gyp ERR! find Python - "py.exe" is not in PATH or produced an error
gyp ERR! find Python checking if Python is C:\Python27\python.exe
gyp ERR! find Python - "C:\Python27\python.exe" could not be run
gyp ERR! find Python checking if Python is C:\Python37\python.exe
gyp ERR! find Python - "C:\Python37\python.exe" could not be run
gyp ERR! find Python
gyp ERR! find Python **********************************************************
gyp ERR! find Python You need to install the latest version of Python 2.7.
gyp ERR! find Python Node-gyp should be able to find and use Python. If not,
gyp ERR! find Python you can try one of the following options:
gyp ERR! find Python - Use the switch --python="C:\Path\To\python.exe"
gyp ERR! find Python   (accepted by both node-gyp and npm)
gyp ERR! find Python - Set the environment variable PYTHON
gyp ERR! find Python - Set the npm configuration variable python:
gyp ERR! find Python   npm config set python "C:\Path\To\python.exe"
gyp ERR! find Python For more information consult the documentation at:
gyp ERR! find Python https://github.com/nodejs/node-gyp#installation
gyp ERR! find Python **********************************************************
gyp ERR! find Python
gyp ERR! configure error
gyp ERR! stack Error: Could not find any Python installation to use
gyp ERR! stack     at PythonFinder.fail (C:\Users\pc\AppData\Roaming\npm\node_modules\npm\node_modules\node-gyp\lib\find-python.js:303:47)
gyp ERR! stack     at PythonFinder.runChecks (C:\Users\pc\AppData\Roaming\npm\node_modules\npm\node_modules\node-gyp\lib\find-python.js:132:21)
gyp ERR! stack     at PythonFinder.<anonymous> (C:\Users\pc\AppData\Roaming\npm\node_modules\npm\node_modules\node-gyp\lib\find-python.js:221:16)
gyp ERR! stack     at PythonFinder.execFileCallback (C:\Users\pc\AppData\Roaming\npm\node_modules\npm\node_modules\node-gyp\lib\find-python.js:267:16)
gyp ERR! stack     at exithandler (child_process.js:302:5)
gyp ERR! stack     at ChildProcess.errorhandler (child_process.js:314:5)
gyp ERR! stack     at ChildProcess.emit (events.js:210:5)
gyp ERR! stack     at Process.ChildProcess._handle.onexit (internal/child_process.js:270:12)
gyp ERR! stack     at onErrorNT (internal/child_process.js:456:16)
gyp ERR! stack     at processTicksAndRejections (internal/process/task_queues.js:80:21)
gyp ERR! System Windows_NT 10.0.18363
gyp ERR! command "C:\\Program Files\\nodejs\\node.exe" "C:\\Users\\pc\\AppData\\Roaming\\npm\\node_modules\\npm\\node_modules\\node-gyp\\bin\\node-gyp.js" "configure" "--fallback-to-build" "--module=C:\\Users\\pc\\Desktop\\Node.js Projects\\Secrets-Starting-Code\\node_modules\\bcrypt\\lib\\binding\\bcrypt_lib.node" "--module_name=bcrypt_lib" "--module_path=C:\\Users\\pc\\Desktop\\Node.js Projects\\Secrets-Starting-Code\\node_modules\\bcrypt\\lib\\binding" "--napi_version=5" "--node_abi_napi=napi" "--napi_build_version=0" "--node_napi_label=node-v72"
gyp ERR! cwd C:\Users\pc\Desktop\Node.js Projects\Secrets-Starting-Code\node_modules\bcrypt
gyp ERR! node -v v12.14.0
gyp ERR! node-gyp -v v5.0.3
gyp ERR! not ok
node-pre-gyp ERR! build error
node-pre-gyp ERR! stack Error: Failed to execute 'C:\Program Files\nodejs\node.exe C:\Users\pc\AppData\Roaming\npm\node_modules\npm\node_modules\node-gyp\bin\node-gyp.js configure --fallback-to-build --module=C:\Users\pc\Desktop\Node.js Projects\Secrets-Starting-Code\node_modules\bcrypt\lib\binding\bcrypt_lib.node --module_name=bcrypt_lib --module_path=C:\Users\pc\Desktop\Node.js Projects\Secrets-Starting-Code\node_modules\bcrypt\lib\binding --napi_version=5 --node_abi_napi=napi --napi_build_version=0 --node_napi_label=node-v72' (1)
node-pre-gyp ERR! stack     at ChildProcess.<anonymous> (C:\Users\pc\Desktop\Node.js Projects\Secrets-Starting-Code\node_modules\node-pre-gyp\lib\util\compile.js:83:29)
node-pre-gyp ERR! stack     at ChildProcess.emit (events.js:210:5)
node-pre-gyp ERR! stack     at maybeClose (internal/child_process.js:1021:16)
node-pre-gyp ERR! stack     at Process.ChildProcess._handle.onexit (internal/child_process.js:283:5)
node-pre-gyp ERR! System Windows_NT 10.0.18363
node-pre-gyp ERR! command "C:\\Program Files\\nodejs\\node.exe" "C:\\Users\\pc\\Desktop\\Node.js Projects\\Secrets-Starting-Code\\node_modules\\node-pre-gyp\\bin\\node-pre-gyp" "install" "--fallback-to-build"
node-pre-gyp ERR! cwd C:\Users\pc\Desktop\Node.js Projects\Secrets-Starting-Code\node_modules\bcrypt
node-pre-gyp ERR! node -v v12.14.0
node-pre-gyp ERR! node-pre-gyp -v v0.13.0
node-pre-gyp ERR! not ok
Failed to execute 'C:\Program Files\nodejs\node.exe C:\Users\pc\AppData\Roaming\npm\node_modules\npm\node_modules\node-gyp\bin\node-gyp.js configure --fallback-to-build --module=C:\Users\pc\Desktop\Node.js Projects\Secrets-Starting-Code\node_modules\bcrypt\lib\binding\bcrypt_lib.node --module_name=bcrypt_lib --module_path=C:\Users\pc\Desktop\Node.js Projects\Secrets-Starting-Code\node_modules\bcrypt\lib\binding --napi_version=5 --node_abi_napi=napi --napi_build_version=0 --node_napi_label=node-v72' (1)
npm WARN Secrets-Starting-Code@1.0.0 No description
npm WARN Secrets-Starting-Code@1.0.0 No repository field.

npm ERR! code ELIFECYCLE
npm ERR! errno 1
npm ERR! bcrypt@3.0.7 install: `node-pre-gyp install --fallback-to-build`
npm ERR! Exit status 1
npm ERR!
npm ERR! Failed at the bcrypt@3.0.7 install script.
npm ERR! This is probably not a problem with npm. There is likely additional logging output above.

npm ERR! A complete log of this run can be found in:
npm ERR!     C:\Users\pc\AppData\Roaming\npm-cache\_logs\2020-01-08T06_31_17_623Z-debug.log
Hi,
everytime that i'm running the aplication i'm getting this error: 
bcrypt_lib.node is not a valid Win32 application.

how can i solve this?
**What went wrong?**
There's no precompiled binaries and manual compilation though node-pre-gyp fails when attempting to install `bcrypt@3.0.0` _(this is a optional dependency of parse-server@2.8.4)_.

**Stacktrace**
<details>
  <summary>yarn install bcrypt@3.0.0 - click to expand</summary>

```
[4/4] Building fresh packages...
error /home/node/node_modules/bcrypt: Command failed.
Exit code: 1
Command: node-pre-gyp install --fallback-to-build
Arguments: 
Directory: /home/node/node_modules/bcrypt
Output:
make: Entering directory '/home/node/node_modules/bcrypt/build'
  CXX(target) Release/obj.target/bcrypt_lib/src/blowfish.o
  CXX(target) Release/obj.target/bcrypt_lib/src/bcrypt.o
../src/bcrypt.cc: In function ‘void encode_salt(char*, u_int8_t*, char, u_int16_t, u_int8_t)’:
../src/bcrypt.cc:121:31: warning: ‘__builtin___snprintf_chk’ output may be truncated before the last format character [-Wformat-truncation=]
  121 |  snprintf(salt + 4, 4, "%2.2u$", logr);
      |                               ^
In file included from /usr/include/stdio.h:867,
                 from ../src/bcrypt.cc:34:
/usr/include/x86_64-linux-gnu/bits/stdio2.h:67:35: note: ‘__builtin___snprintf_chk’ output between 4 and 5 bytes into a destination of size 4
   67 |   return __builtin___snprintf_chk (__s, __n, __USE_FORTIFY_LEVEL - 1,
      |          ~~~~~~~~~~~~~~~~~~~~~~~~~^~~~~~~~~~~~~~~~~~~~~~~~~~~~~~~~~~~
   68 |        __bos (__s), __fmt, __va_arg_pack ());
      |        ~~~~~~~~~~~~~~~~~~~~~~~~~~~~~~~~~~~~~
../src/bcrypt.cc: In function ‘void bcrypt(const char*, const char*, char*)’:
../src/bcrypt.cc:264:36: warning: ‘__builtin___snprintf_chk’ output may be truncated before the last format character [-Wformat-truncation=]
  264 |  snprintf(encrypted + i, 4, "%2.2u$", logr);
      |                                    ^
In file included from /usr/include/stdio.h:867,
                 from ../src/bcrypt.cc:34:
/usr/include/x86_64-linux-gnu/bits/stdio2.h:67:35: note: ‘__builtin___snprintf_chk’ output between 4 and 5 bytes into a destination of size 4
   67 |   return __builtin___snprintf_chk (__s, __n, __USE_FORTIFY_LEVEL - 1,
      |          ~~~~~~~~~~~~~~~~~~~~~~~~~^~~~~~~~~~~~~~~~~~~~~~~~~~~~~~~~~~~
   68 |        __bos (__s), __fmt, __va_arg_pack ());
      |        ~~~~~~~~~~~~~~~~~~~~~~~~~~~~~~~~~~~~~
  CXX(target) Release/obj.target/bcrypt_lib/src/bcrypt_node.o
In file included from ../node_modules/nan/nan_converters.h:67,
                 from ../node_modules/nan/nan.h:202,
                 from ../src/bcrypt_node.cc:1:
../node_modules/nan/nan_converters_43_inl.h: In static member function ‘static Nan::imp::ToFactoryBase<v8::Boolean>::return_t Nan::imp::ToFactory<v8::Boolean>::convert(v8::Local<v8::Value>)’:
../node_modules/nan/nan_converters_43_inl.h:18:49: error: cannot convert ‘v8::Local<v8::Context>’ to ‘v8::Isolate*’
   18 |       val->To ## TYPE(isolate->GetCurrentContext())                            \
      |                       ~~~~~~~~~~~~~~~~~~~~~~~~~~^~
      |                                                 |
      |                                                 v8::Local<v8::Context>
../node_modules/nan/nan_converters_43_inl.h:22:1: note: in expansion of macro ‘X’
   22 | X(Boolean)
      | ^
In file included from /home/thefit/.cache/node-gyp/13.0.1/include/node/node.h:63,
                 from ../node_modules/nan/nan.h:51,
                 from ../src/bcrypt_node.cc:1:
/home/thefit/.cache/node-gyp/13.0.1/include/node/v8.h:2631:37: note:   initializing argument 1 of ‘v8::Local<v8::Boolean> v8::Value::ToBoolean(v8::Isolate*) const’
 2631 |   Local<Boolean> ToBoolean(Isolate* isolate) const;
      |                            ~~~~~~~~~^~~~~~~
In file included from ../node_modules/nan/nan_converters.h:67,
                 from ../node_modules/nan/nan.h:202,
                 from ../src/bcrypt_node.cc:1:
../node_modules/nan/nan_converters_43_inl.h: In static member function ‘static Nan::imp::ValueFactoryBase<bool>::return_t Nan::imp::ToFactory<bool>::convert(v8::Local<v8::Value>)’:
../node_modules/nan/nan_converters_43_inl.h:37:55: error: cannot convert ‘v8::Local<v8::Context>’ to ‘v8::Isolate*’
   37 |   return val->NAME ## Value(isolate->GetCurrentContext());                     \
      |                             ~~~~~~~~~~~~~~~~~~~~~~~~~~^~
      |                                                       |
      |                                                       v8::Local<v8::Context>
../node_modules/nan/nan_converters_43_inl.h:40:1: note: in expansion of macro ‘X’
   40 | X(bool, Boolean)
      | ^
In file included from /home/thefit/.cache/node-gyp/13.0.1/include/node/node.h:63,
                 from ../node_modules/nan/nan.h:51,
                 from ../src/bcrypt_node.cc:1:
/home/thefit/.cache/node-gyp/13.0.1/include/node/v8.h:2640:30: note:   initializing argument 1 of ‘bool v8::Value::BooleanValue(v8::Isolate*) const’
 2640 |   bool BooleanValue(Isolate* isolate) const;
      |                     ~~~~~~~~~^~~~~~~
In file included from ../node_modules/nan/nan_new.h:189,
                 from ../node_modules/nan/nan.h:203,
                 from ../src/bcrypt_node.cc:1:
../node_modules/nan/nan_implementation_12_inl.h: In static member function ‘static Nan::imp::FactoryBase<v8::Function>::return_t Nan::imp::Factory<v8::Function>::New(Nan::FunctionCallback, v8::Local<v8::Value>)’:
../node_modules/nan/nan_implementation_12_inl.h:103:42: error: cannot convert ‘v8::Isolate*’ to ‘v8::Local<v8::Context>’
  103 |   return scope.Escape(v8::Function::New( isolate
      |                                          ^~~~~~~
      |                                          |
      |                                          v8::Isolate*
In file included from /home/thefit/.cache/node-gyp/13.0.1/include/node/node.h:63,
                 from ../node_modules/nan/nan.h:51,
                 from ../src/bcrypt_node.cc:1:
/home/thefit/.cache/node-gyp/13.0.1/include/node/v8.h:4181:22: note:   initializing argument 1 of ‘static v8::MaybeLocal<v8::Function> v8::Function::New(v8::Local<v8::Context>, v8::FunctionCallback, v8::Local<v8::Value>, int, v8::ConstructorBehavior, v8::SideEffectType)’
 4181 |       Local<Context> context, FunctionCallback callback,
      |       ~~~~~~~~~~~~~~~^~~~~~~
In file included from ../node_modules/nan/nan_new.h:189,
                 from ../node_modules/nan/nan.h:203,
                 from ../src/bcrypt_node.cc:1:
../node_modules/nan/nan_implementation_12_inl.h: In static member function ‘static Nan::imp::FactoryBase<v8::StringObject>::return_t Nan::imp::Factory<v8::StringObject>::New(v8::Local<v8::String>)’:
../node_modules/nan/nan_implementation_12_inl.h:337:37: error: no matching function for call to ‘v8::StringObject::New(v8::Local<v8::String>&)’
  337 |   return v8::StringObject::New(value).As<v8::StringObject>();
      |                                     ^
In file included from /home/thefit/.cache/node-gyp/13.0.1/include/node/node.h:63,
                 from ../node_modules/nan/nan.h:51,
                 from ../src/bcrypt_node.cc:1:
/home/thefit/.cache/node-gyp/13.0.1/include/node/v8.h:5401:23: note: candidate: ‘static v8::Local<v8::Value> v8::StringObject::New(v8::Isolate*, v8::Local<v8::String>)’
 5401 |   static Local<Value> New(Isolate* isolate, Local<String> value);
      |                       ^~~
/home/thefit/.cache/node-gyp/13.0.1/include/node/v8.h:5401:23: note:   candidate expects 2 arguments, 1 provided
In file included from ../node_modules/nan/nan_new.h:189,
                 from ../node_modules/nan/nan.h:203,
                 from ../src/bcrypt_node.cc:1:
../node_modules/nan/nan_implementation_12_inl.h:337:58: error: expected primary-expression before ‘>’ token
  337 |   return v8::StringObject::New(value).As<v8::StringObject>();
      |                                                          ^
../node_modules/nan/nan_implementation_12_inl.h:337:60: error: expected primary-expression before ‘)’ token
  337 |   return v8::StringObject::New(value).As<v8::StringObject>();
      |                                                            ^
In file included from ../src/bcrypt_node.cc:1:
../node_modules/nan/nan.h: In constructor ‘Nan::Utf8String::Utf8String(v8::Local<v8::Value>)’:
../node_modules/nan/nan.h:1034:53: error: no matching function for call to ‘v8::Value::ToString()’
 1034 |       v8::Local<v8::String> string = from->ToString();
      |                                                     ^
In file included from /home/thefit/.cache/node-gyp/13.0.1/include/node/node.h:63,
                 from ../node_modules/nan/nan.h:51,
                 from ../src/bcrypt_node.cc:1:
/home/thefit/.cache/node-gyp/13.0.1/include/node/v8.h:2619:44: note: candidate: ‘v8::MaybeLocal<v8::String> v8::Value::ToString(v8::Local<v8::Context>) const’
 2619 |   V8_WARN_UNUSED_RESULT MaybeLocal<String> ToString(
      |                                            ^~~~~~~~
/home/thefit/.cache/node-gyp/13.0.1/include/node/v8.h:2619:44: note:   candidate expects 1 argument, 0 provided
In file included from ../src/bcrypt_node.cc:1:
../node_modules/nan/nan.h:1044:37: error: cannot convert ‘char*’ to ‘v8::Isolate*’
 1044 |         length_ = string->WriteUtf8(str_, static_cast<int>(len), 0, flags);
      |                                     ^~~~
      |                                     |
      |                                     char*
In file included from /home/thefit/.cache/node-gyp/13.0.1/include/node/node.h:63,
                 from ../node_modules/nan/nan.h:51,
                 from ../src/bcrypt_node.cc:1:
/home/thefit/.cache/node-gyp/13.0.1/include/node/v8.h:2816:26: note:   initializing argument 1 of ‘int v8::String::WriteUtf8(v8::Isolate*, char*, int, int*, int) const’
 2816 |   int WriteUtf8(Isolate* isolate, char* buffer, int length = -1,
      |                 ~~~~~~~~~^~~~~~~
In file included from ../src/bcrypt_node.cc:1:
../node_modules/nan/nan.h: In member function ‘void Nan::AsyncWorker::SaveToPersistent(const char*, const v8::Local<v8::Value>&)’:
../node_modules/nan/nan.h:1818:64: error: no matching function for call to ‘v8::Object::Set(v8::Local<v8::String>, const v8::Local<v8::Value>&)’
 1818 |     New(persistentHandle)->Set(New(key).ToLocalChecked(), value);
      |                                                                ^
In file included from /home/thefit/.cache/node-gyp/13.0.1/include/node/node.h:63,
                 from ../node_modules/nan/nan.h:51,
                 from ../src/bcrypt_node.cc:1:
/home/thefit/.cache/node-gyp/13.0.1/include/node/v8.h:3416:37: note: candidate: ‘v8::Maybe<bool> v8::Object::Set(v8::Local<v8::Context>, v8::Local<v8::Value>, v8::Local<v8::Value>)’
 3416 |   V8_WARN_UNUSED_RESULT Maybe<bool> Set(Local<Context> context,
      |                                     ^~~
/home/thefit/.cache/node-gyp/13.0.1/include/node/v8.h:3416:37: note:   candidate expects 3 arguments, 2 provided
/home/thefit/.cache/node-gyp/13.0.1/include/node/v8.h:3419:37: note: candidate: ‘v8::Maybe<bool> v8::Object::Set(v8::Local<v8::Context>, uint32_t, v8::Local<v8::Value>)’
 3419 |   V8_WARN_UNUSED_RESULT Maybe<bool> Set(Local<Context> context, uint32_t index,
      |                                     ^~~
/home/thefit/.cache/node-gyp/13.0.1/include/node/v8.h:3419:37: note:   candidate expects 3 arguments, 2 provided
In file included from ../src/bcrypt_node.cc:1:
../node_modules/nan/nan.h: In member function ‘void Nan::AsyncWorker::SaveToPersistent(const v8::Local<v8::String>&, const v8::Local<v8::Value>&)’:
../node_modules/nan/nan.h:1824:42: error: no matching function for call to ‘v8::Object::Set(const v8::Local<v8::String>&, const v8::Local<v8::Value>&)’
 1824 |     New(persistentHandle)->Set(key, value);
      |                                          ^
In file included from /home/thefit/.cache/node-gyp/13.0.1/include/node/node.h:63,
                 from ../node_modules/nan/nan.h:51,
                 from ../src/bcrypt_node.cc:1:
/home/thefit/.cache/node-gyp/13.0.1/include/node/v8.h:3416:37: note: candidate: ‘v8::Maybe<bool> v8::Object::Set(v8::Local<v8::Context>, v8::Local<v8::Value>, v8::Local<v8::Value>)’
 3416 |   V8_WARN_UNUSED_RESULT Maybe<bool> Set(Local<Context> context,
      |                                     ^~~
/home/thefit/.cache/node-gyp/13.0.1/include/node/v8.h:3416:37: note:   candidate expects 3 arguments, 2 provided
/home/thefit/.cache/node-gyp/13.0.1/include/node/v8.h:3419:37: note: candidate: ‘v8::Maybe<bool> v8::Object::Set(v8::Local<v8::Context>, uint32_t, v8::Local<v8::Value>)’
 3419 |   V8_WARN_UNUSED_RESULT Maybe<bool> Set(Local<Context> context, uint32_t index,
      |                                     ^~~
/home/thefit/.cache/node-gyp/13.0.1/include/node/v8.h:3419:37: note:   candidate expects 3 arguments, 2 provided
In file included from ../src/bcrypt_node.cc:1:
../node_modules/nan/nan.h: In member function ‘void Nan::AsyncWorker::SaveToPersistent(uint32_t, const v8::Local<v8::Value>&)’:
../node_modules/nan/nan.h:1830:44: error: no matching function for call to ‘v8::Object::Set(uint32_t&, const v8::Local<v8::Value>&)’
 1830 |     New(persistentHandle)->Set(index, value);
      |                                            ^
In file included from /home/thefit/.cache/node-gyp/13.0.1/include/node/node.h:63,
                 from ../node_modules/nan/nan.h:51,
                 from ../src/bcrypt_node.cc:1:
/home/thefit/.cache/node-gyp/13.0.1/include/node/v8.h:3416:37: note: candidate: ‘v8::Maybe<bool> v8::Object::Set(v8::Local<v8::Context>, v8::Local<v8::Value>, v8::Local<v8::Value>)’
 3416 |   V8_WARN_UNUSED_RESULT Maybe<bool> Set(Local<Context> context,
      |                                     ^~~
/home/thefit/.cache/node-gyp/13.0.1/include/node/v8.h:3416:37: note:   candidate expects 3 arguments, 2 provided
/home/thefit/.cache/node-gyp/13.0.1/include/node/v8.h:3419:37: note: candidate: ‘v8::Maybe<bool> v8::Object::Set(v8::Local<v8::Context>, uint32_t, v8::Local<v8::Value>)’
 3419 |   V8_WARN_UNUSED_RESULT Maybe<bool> Set(Local<Context> context, uint32_t index,
      |                                     ^~~
/home/thefit/.cache/node-gyp/13.0.1/include/node/v8.h:3419:37: note:   candidate expects 3 arguments, 2 provided
In file included from ../src/bcrypt_node.cc:1:
../node_modules/nan/nan.h: In member function ‘v8::Local<v8::Value> Nan::AsyncWorker::GetFromPersistent(const char*) const’:
../node_modules/nan/nan.h:1836:61: error: no matching function for call to ‘v8::Object::Get(v8::Local<v8::String>)’
 1836 |         New(persistentHandle)->Get(New(key).ToLocalChecked()));
      |                                                             ^
In file included from /home/thefit/.cache/node-gyp/13.0.1/include/node/node.h:63,
                 from ../node_modules/nan/nan.h:51,
                 from ../src/bcrypt_node.cc:1:
/home/thefit/.cache/node-gyp/13.0.1/include/node/v8.h:3463:43: note: candidate: ‘v8::MaybeLocal<v8::Value> v8::Object::Get(v8::Local<v8::Context>, v8::Local<v8::Value>)’
 3463 |   V8_WARN_UNUSED_RESULT MaybeLocal<Value> Get(Local<Context> context,
      |                                           ^~~
/home/thefit/.cache/node-gyp/13.0.1/include/node/v8.h:3463:43: note:   candidate expects 2 arguments, 1 provided
/home/thefit/.cache/node-gyp/13.0.1/include/node/v8.h:3466:43: note: candidate: ‘v8::MaybeLocal<v8::Value> v8::Object::Get(v8::Local<v8::Context>, uint32_t)’
 3466 |   V8_WARN_UNUSED_RESULT MaybeLocal<Value> Get(Local<Context> context,
      |                                           ^~~
/home/thefit/.cache/node-gyp/13.0.1/include/node/v8.h:3466:43: note:   candidate expects 2 arguments, 1 provided
In file included from ../src/bcrypt_node.cc:1:
../node_modules/nan/nan.h: In member function ‘v8::Local<v8::Value> Nan::AsyncWorker::GetFromPersistent(const v8::Local<v8::String>&) const’:
../node_modules/nan/nan.h:1842:55: error: no matching function for call to ‘v8::Object::Get(const v8::Local<v8::String>&)’
 1842 |     return scope.Escape(New(persistentHandle)->Get(key));
      |                                                       ^
In file included from /home/thefit/.cache/node-gyp/13.0.1/include/node/node.h:63,
                 from ../node_modules/nan/nan.h:51,
                 from ../src/bcrypt_node.cc:1:
/home/thefit/.cache/node-gyp/13.0.1/include/node/v8.h:3463:43: note: candidate: ‘v8::MaybeLocal<v8::Value> v8::Object::Get(v8::Local<v8::Context>, v8::Local<v8::Value>)’
 3463 |   V8_WARN_UNUSED_RESULT MaybeLocal<Value> Get(Local<Context> context,
      |                                           ^~~
/home/thefit/.cache/node-gyp/13.0.1/include/node/v8.h:3463:43: note:   candidate expects 2 arguments, 1 provided
/home/thefit/.cache/node-gyp/13.0.1/include/node/v8.h:3466:43: note: candidate: ‘v8::MaybeLocal<v8::Value> v8::Object::Get(v8::Local<v8::Context>, uint32_t)’
 3466 |   V8_WARN_UNUSED_RESULT MaybeLocal<Value> Get(Local<Context> context,
      |                                           ^~~
/home/thefit/.cache/node-gyp/13.0.1/include/node/v8.h:3466:43: note:   candidate expects 2 arguments, 1 provided
In file included from ../src/bcrypt_node.cc:1:
../node_modules/nan/nan.h: In member function ‘v8::Local<v8::Value> Nan::AsyncWorker::GetFromPersistent(uint32_t) const’:
../node_modules/nan/nan.h:1847:57: error: no matching function for call to ‘v8::Object::Get(uint32_t&)’
 1847 |     return scope.Escape(New(persistentHandle)->Get(index));
      |                                                         ^
In file included from /home/thefit/.cache/node-gyp/13.0.1/include/node/node.h:63,
                 from ../node_modules/nan/nan.h:51,
                 from ../src/bcrypt_node.cc:1:
/home/thefit/.cache/node-gyp/13.0.1/include/node/v8.h:3463:43: note: candidate: ‘v8::MaybeLocal<v8::Value> v8::Object::Get(v8::Local<v8::Context>, v8::Local<v8::Value>)’
 3463 |   V8_WARN_UNUSED_RESULT MaybeLocal<Value> Get(Local<Context> context,
      |                                           ^~~
/home/thefit/.cache/node-gyp/13.0.1/include/node/v8.h:3463:43: note:   candidate expects 2 arguments, 1 provided
/home/thefit/.cache/node-gyp/13.0.1/include/node/v8.h:3466:43: note: candidate: ‘v8::MaybeLocal<v8::Value> v8::Object::Get(v8::Local<v8::Context>, uint32_t)’
 3466 |   V8_WARN_UNUSED_RESULT MaybeLocal<Value> Get(Local<Context> context,
      |                                           ^~~
/home/thefit/.cache/node-gyp/13.0.1/include/node/v8.h:3466:43: note:   candidate expects 2 arguments, 1 provided
In file included from ../src/bcrypt_node.cc:1:
../node_modules/nan/nan.h: In function ‘void Nan::AsyncQueueWorker(Nan::AsyncWorker*)’:
../node_modules/nan/nan.h:2167:62: warning: cast between incompatible function types from ‘void (*)(uv_work_t*)’ {aka ‘void (*)(uv_work_s*)’} to ‘uv_after_work_cb’ {aka ‘void (*)(uv_work_s*, int)’} [-Wcast-function-type]
 2167 |     , reinterpret_cast<uv_after_work_cb>(AsyncExecuteComplete)
      |                                                              ^
In file included from /usr/include/c++/9/cassert:44,
                 from /home/thefit/.cache/node-gyp/13.0.1/include/node/node_object_wrap.h:26,
                 from ../node_modules/nan/nan.h:53,
                 from ../src/bcrypt_node.cc:1:
../node_modules/nan/nan_object_wrap.h: In destructor ‘virtual Nan::ObjectWrap::~ObjectWrap()’:
../node_modules/nan/nan_object_wrap.h:24:25: error: ‘class Nan::Persistent<v8::Object>’ has no member named ‘IsNearDeath’
   24 |     assert(persistent().IsNearDeath());
      |                         ^~~~~~~~~~~
In file included from ../node_modules/nan/nan.h:2657,
                 from ../src/bcrypt_node.cc:1:
../node_modules/nan/nan_object_wrap.h: In member function ‘void Nan::ObjectWrap::MakeWeak()’:
../node_modules/nan/nan_object_wrap.h:67:18: error: ‘class Nan::Persistent<v8::Object>’ has no member named ‘MarkIndependent’
   67 |     persistent().MarkIndependent();
      |                  ^~~~~~~~~~~~~~~
In file included from /usr/include/c++/9/cassert:44,
                 from /home/thefit/.cache/node-gyp/13.0.1/include/node/node_object_wrap.h:26,
                 from ../node_modules/nan/nan.h:53,
                 from ../src/bcrypt_node.cc:1:
../node_modules/nan/nan_object_wrap.h: In static member function ‘static void Nan::ObjectWrap::WeakCallback(const v8::WeakCallbackInfo<Nan::ObjectWrap>&)’:
../node_modules/nan/nan_object_wrap.h:124:26: error: ‘class Nan::Persistent<v8::Object>’ has no member named ‘IsNearDeath’
  124 |     assert(wrap->handle_.IsNearDeath());
      |                          ^~~~~~~~~~~
../src/bcrypt_node.cc: In function ‘char {anonymous}::ToCharVersion(v8::Local<v8::String>)’:
../src/bcrypt_node.cc:66:30: error: no matching function for call to ‘v8::String::Utf8Value::Utf8Value(v8::Local<v8::String>&)’
   66 |   String::Utf8Value value(str);
      |                              ^
In file included from /home/thefit/.cache/node-gyp/13.0.1/include/node/node.h:63,
                 from ../node_modules/nan/nan.h:51,
                 from ../src/bcrypt_node.cc:1:
/home/thefit/.cache/node-gyp/13.0.1/include/node/v8.h:3049:5: note: candidate: ‘v8::String::Utf8Value::Utf8Value(v8::Isolate*, v8::Local<v8::Value>)’
 3049 |     Utf8Value(Isolate* isolate, Local<v8::Value> obj);
      |     ^~~~~~~~~
/home/thefit/.cache/node-gyp/13.0.1/include/node/v8.h:3049:5: note:   candidate expects 2 arguments, 1 provided
../src/bcrypt_node.cc: In function ‘Nan::NAN_METHOD_RETURN_TYPE {anonymous}::GenerateSalt(Nan::NAN_METHOD_ARGS_TYPE)’:
../src/bcrypt_node.cc:121:60: error: no matching function for call to ‘v8::Value::ToString()’
  121 |     const char minor_ver = ToCharVersion(info[0]->ToString());
      |                                                            ^
In file included from /home/thefit/.cache/node-gyp/13.0.1/include/node/node.h:63,
                 from ../node_modules/nan/nan.h:51,
                 from ../src/bcrypt_node.cc:1:
/home/thefit/.cache/node-gyp/13.0.1/include/node/v8.h:2619:44: note: candidate: ‘v8::MaybeLocal<v8::String> v8::Value::ToString(v8::Local<v8::Context>) const’
 2619 |   V8_WARN_UNUSED_RESULT MaybeLocal<String> ToString(
      |                                            ^~~~~~~~
/home/thefit/.cache/node-gyp/13.0.1/include/node/v8.h:2619:44: note:   candidate expects 1 argument, 0 provided
../src/bcrypt_node.cc: In function ‘Nan::NAN_METHOD_RETURN_TYPE {anonymous}::GenerateSaltSync(Nan::NAN_METHOD_ARGS_TYPE)’:
../src/bcrypt_node.cc:150:60: error: no matching function for call to ‘v8::Value::ToString()’
  150 |     const char minor_ver = ToCharVersion(info[0]->ToString());
      |                                                            ^
In file included from /home/thefit/.cache/node-gyp/13.0.1/include/node/node.h:63,
                 from ../node_modules/nan/nan.h:51,
                 from ../src/bcrypt_node.cc:1:
/home/thefit/.cache/node-gyp/13.0.1/include/node/v8.h:2619:44: note: candidate: ‘v8::MaybeLocal<v8::String> v8::Value::ToString(v8::Local<v8::Context>) const’
 2619 |   V8_WARN_UNUSED_RESULT MaybeLocal<String> ToString(
      |                                            ^~~~~~~~
/home/thefit/.cache/node-gyp/13.0.1/include/node/v8.h:2619:44: note:   candidate expects 1 argument, 0 provided
../src/bcrypt_node.cc: In function ‘Nan::NAN_METHOD_RETURN_TYPE {anonymous}::Encrypt(Nan::NAN_METHOD_ARGS_TYPE)’:
../src/bcrypt_node.cc:212:44: error: no matching function for call to ‘v8::Value::ToString()’
  212 |     Nan::Utf8String data(info[0]->ToString());
      |                                            ^
In file included from /home/thefit/.cache/node-gyp/13.0.1/include/node/node.h:63,
                 from ../node_modules/nan/nan.h:51,
                 from ../src/bcrypt_node.cc:1:
/home/thefit/.cache/node-gyp/13.0.1/include/node/v8.h:2619:44: note: candidate: ‘v8::MaybeLocal<v8::String> v8::Value::ToString(v8::Local<v8::Context>) const’
 2619 |   V8_WARN_UNUSED_RESULT MaybeLocal<String> ToString(
      |                                            ^~~~~~~~
/home/thefit/.cache/node-gyp/13.0.1/include/node/v8.h:2619:44: note:   candidate expects 1 argument, 0 provided
../src/bcrypt_node.cc:213:44: error: no matching function for call to ‘v8::Value::ToString()’
  213 |     Nan::Utf8String salt(info[1]->ToString());
      |                                            ^
In file included from /home/thefit/.cache/node-gyp/13.0.1/include/node/node.h:63,
                 from ../node_modules/nan/nan.h:51,
                 from ../src/bcrypt_node.cc:1:
/home/thefit/.cache/node-gyp/13.0.1/include/node/v8.h:2619:44: note: candidate: ‘v8::MaybeLocal<v8::String> v8::Value::ToString(v8::Local<v8::Context>) const’
 2619 |   V8_WARN_UNUSED_RESULT MaybeLocal<String> ToString(
      |                                            ^~~~~~~~
/home/thefit/.cache/node-gyp/13.0.1/include/node/v8.h:2619:44: note:   candidate expects 1 argument, 0 provided
../src/bcrypt_node.cc: In function ‘Nan::NAN_METHOD_RETURN_TYPE {anonymous}::EncryptSync(Nan::NAN_METHOD_ARGS_TYPE)’:
../src/bcrypt_node.cc:231:44: error: no matching function for call to ‘v8::Value::ToString()’
  231 |     Nan::Utf8String data(info[0]->ToString());
      |                                            ^
In file included from /home/thefit/.cache/node-gyp/13.0.1/include/node/node.h:63,
                 from ../node_modules/nan/nan.h:51,
                 from ../src/bcrypt_node.cc:1:
/home/thefit/.cache/node-gyp/13.0.1/include/node/v8.h:2619:44: note: candidate: ‘v8::MaybeLocal<v8::String> v8::Value::ToString(v8::Local<v8::Context>) const’
 2619 |   V8_WARN_UNUSED_RESULT MaybeLocal<String> ToString(
      |                                            ^~~~~~~~
/home/thefit/.cache/node-gyp/13.0.1/include/node/v8.h:2619:44: note:   candidate expects 1 argument, 0 provided
../src/bcrypt_node.cc:232:44: error: no matching function for call to ‘v8::Value::ToString()’
  232 |     Nan::Utf8String salt(info[1]->ToString());
      |                                            ^
In file included from /home/thefit/.cache/node-gyp/13.0.1/include/node/node.h:63,
                 from ../node_modules/nan/nan.h:51,
                 from ../src/bcrypt_node.cc:1:
/home/thefit/.cache/node-gyp/13.0.1/include/node/v8.h:2619:44: note: candidate: ‘v8::MaybeLocal<v8::String> v8::Value::ToString(v8::Local<v8::Context>) const’
 2619 |   V8_WARN_UNUSED_RESULT MaybeLocal<String> ToString(
      |                                            ^~~~~~~~
/home/thefit/.cache/node-gyp/13.0.1/include/node/v8.h:2619:44: note:   candidate expects 1 argument, 0 provided
../src/bcrypt_node.cc: In function ‘Nan::NAN_METHOD_RETURN_TYPE {anonymous}::Compare(Nan::NAN_METHOD_ARGS_TYPE)’:
../src/bcrypt_node.cc:312:45: error: no matching function for call to ‘v8::Value::ToString()’
  312 |     Nan::Utf8String input(info[0]->ToString());
      |                                             ^
In file included from /home/thefit/.cache/node-gyp/13.0.1/include/node/node.h:63,
                 from ../node_modules/nan/nan.h:51,
                 from ../src/bcrypt_node.cc:1:
/home/thefit/.cache/node-gyp/13.0.1/include/node/v8.h:2619:44: note: candidate: ‘v8::MaybeLocal<v8::String> v8::Value::ToString(v8::Local<v8::Context>) const’
 2619 |   V8_WARN_UNUSED_RESULT MaybeLocal<String> ToString(
      |                                            ^~~~~~~~
/home/thefit/.cache/node-gyp/13.0.1/include/node/v8.h:2619:44: note:   candidate expects 1 argument, 0 provided
../src/bcrypt_node.cc:313:49: error: no matching function for call to ‘v8::Value::ToString()’
  313 |     Nan::Utf8String encrypted(info[1]->ToString());
      |                                                 ^
In file included from /home/thefit/.cache/node-gyp/13.0.1/include/node/node.h:63,
                 from ../node_modules/nan/nan.h:51,
                 from ../src/bcrypt_node.cc:1:
/home/thefit/.cache/node-gyp/13.0.1/include/node/v8.h:2619:44: note: candidate: ‘v8::MaybeLocal<v8::String> v8::Value::ToString(v8::Local<v8::Context>) const’
 2619 |   V8_WARN_UNUSED_RESULT MaybeLocal<String> ToString(
      |                                            ^~~~~~~~
/home/thefit/.cache/node-gyp/13.0.1/include/node/v8.h:2619:44: note:   candidate expects 1 argument, 0 provided
../src/bcrypt_node.cc: In function ‘Nan::NAN_METHOD_RETURN_TYPE {anonymous}::CompareSync(Nan::NAN_METHOD_ARGS_TYPE)’:
../src/bcrypt_node.cc:331:42: error: no matching function for call to ‘v8::Value::ToString()’
  331 |     Nan::Utf8String pw(info[0]->ToString());
      |                                          ^
In file included from /home/thefit/.cache/node-gyp/13.0.1/include/node/node.h:63,
                 from ../node_modules/nan/nan.h:51,
                 from ../src/bcrypt_node.cc:1:
/home/thefit/.cache/node-gyp/13.0.1/include/node/v8.h:2619:44: note: candidate: ‘v8::MaybeLocal<v8::String> v8::Value::ToString(v8::Local<v8::Context>) const’
 2619 |   V8_WARN_UNUSED_RESULT MaybeLocal<String> ToString(
      |                                            ^~~~~~~~
/home/thefit/.cache/node-gyp/13.0.1/include/node/v8.h:2619:44: note:   candidate expects 1 argument, 0 provided
../src/bcrypt_node.cc:332:44: error: no matching function for call to ‘v8::Value::ToString()’
  332 |     Nan::Utf8String hash(info[1]->ToString());
      |                                            ^
In file included from /home/thefit/.cache/node-gyp/13.0.1/include/node/node.h:63,
                 from ../node_modules/nan/nan.h:51,
                 from ../src/bcrypt_node.cc:1:
/home/thefit/.cache/node-gyp/13.0.1/include/node/v8.h:2619:44: note: candidate: ‘v8::MaybeLocal<v8::String> v8::Value::ToString(v8::Local<v8::Context>) const’
 2619 |   V8_WARN_UNUSED_RESULT MaybeLocal<String> ToString(
      |                                            ^~~~~~~~
/home/thefit/.cache/node-gyp/13.0.1/include/node/v8.h:2619:44: note:   candidate expects 1 argument, 0 provided
../src/bcrypt_node.cc: In function ‘Nan::NAN_METHOD_RETURN_TYPE {anonymous}::GetRounds(Nan::NAN_METHOD_ARGS_TYPE)’:
../src/bcrypt_node.cc:352:44: error: no matching function for call to ‘v8::Value::ToString()’
  352 |     Nan::Utf8String hash(info[0]->ToString());
      |                                            ^
In file included from /home/thefit/.cache/node-gyp/13.0.1/include/node/node.h:63,
                 from ../node_modules/nan/nan.h:51,
                 from ../src/bcrypt_node.cc:1:
/home/thefit/.cache/node-gyp/13.0.1/include/node/v8.h:2619:44: note: candidate: ‘v8::MaybeLocal<v8::String> v8::Value::ToString(v8::Local<v8::Context>) const’
 2619 |   V8_WARN_UNUSED_RESULT MaybeLocal<String> ToString(
      |                                            ^~~~~~~~
/home/thefit/.cache/node-gyp/13.0.1/include/node/v8.h:2619:44: note:   candidate expects 1 argument, 0 provided
In file included from ../node_modules/nan/nan.h:51,
                 from ../src/bcrypt_node.cc:1:
../src/bcrypt_node.cc: At global scope:
/home/thefit/.cache/node-gyp/13.0.1/include/node/node.h:571:43: warning: cast between incompatible function types from ‘void (*)(Nan::ADDON_REGISTER_FUNCTION_ARGS_TYPE)’ {aka ‘void (*)(v8::Local<v8::Object>)’} to ‘node::addon_register_func’ {aka ‘void (*)(v8::Local<v8::Object>, v8::Local<v8::Value>, void*)’} [-Wcast-function-type]
  571 |       (node::addon_register_func) (regfunc),                          \
      |                                           ^
/home/thefit/.cache/node-gyp/13.0.1/include/node/node.h:605:3: note: in expansion of macro ‘NODE_MODULE_X’
  605 |   NODE_MODULE_X(modname, regfunc, NULL, 0)  // NOLINT (readability/null_usage)
      |   ^~~~~~~~~~~~~
../src/bcrypt_node.cc:375:1: note: in expansion of macro ‘NODE_MODULE’
  375 | NODE_MODULE(bcrypt_lib, init);
      | ^~~~~~~~~~~
In file included from /home/thefit/.cache/node-gyp/13.0.1/include/node/node.h:63,
                 from ../node_modules/nan/nan.h:51,
                 from ../src/bcrypt_node.cc:1:
/home/thefit/.cache/node-gyp/13.0.1/include/node/v8.h: In instantiation of ‘void v8::PersistentBase<T>::SetWeak(P*, typename v8::WeakCallbackInfo<P>::Callback, v8::WeakCallbackType) [with P = node::ObjectWrap; T = v8::Object; typename v8::WeakCallbackInfo<P>::Callback = void (*)(const v8::WeakCallbackInfo<node::ObjectWrap>&)]’:
/home/thefit/.cache/node-gyp/13.0.1/include/node/node_object_wrap.h:84:78:   required from here
/home/thefit/.cache/node-gyp/13.0.1/include/node/v8.h:10092:16: warning: cast between incompatible function types from ‘v8::WeakCallbackInfo<node::ObjectWrap>::Callback’ {aka ‘void (*)(const v8::WeakCallbackInfo<node::ObjectWrap>&)’} to ‘Callback’ {aka ‘void (*)(const v8::WeakCallbackInfo<void>&)’} [-Wcast-function-type]
10092 |                reinterpret_cast<Callback>(callback), type);
      |                ^~~~~~~~~~~~~~~~~~~~~~~~~~~~~~~~~~~~
/home/thefit/.cache/node-gyp/13.0.1/include/node/v8.h: In instantiation of ‘void v8::PersistentBase<T>::SetWeak(P*, typename v8::WeakCallbackInfo<P>::Callback, v8::WeakCallbackType) [with P = Nan::ObjectWrap; T = v8::Object; typename v8::WeakCallbackInfo<P>::Callback = void (*)(const v8::WeakCallbackInfo<Nan::ObjectWrap>&)]’:
../node_modules/nan/nan_object_wrap.h:66:61:   required from here
/home/thefit/.cache/node-gyp/13.0.1/include/node/v8.h:10092:16: warning: cast between incompatible function types from ‘v8::WeakCallbackInfo<Nan::ObjectWrap>::Callback’ {aka ‘void (*)(const v8::WeakCallbackInfo<Nan::ObjectWrap>&)’} to ‘Callback’ {aka ‘void (*)(const v8::WeakCallbackInfo<void>&)’} [-Wcast-function-type]
../src/bcrypt_node.cc:65:6: warning: ‘char {anonymous}::ToCharVersion(v8::Local<v8::String>)’ defined but not used [-Wunused-function]
   65 | char ToCharVersion(Local<String> str) {
      |      ^~~~~~~~~~~~~
make: *** [bcrypt_lib.target.mk:111: Release/obj.target/bcrypt_lib/src/bcrypt_node.o] Error 1
make: Leaving directory '/home/node/node_modules/bcrypt/build'
Failed to execute '/usr/bin/node /home/node/node_modules/node-gyp/bin/node-gyp.js build --fallback-to-build --module=/home/node/node_modules/bcrypt/lib/binding/bcrypt_lib.node --module_name=bcrypt_lib --module_path=/home/node/node_modules/bcrypt/lib/binding --napi_version=5 --node_abi_napi=napi' (1)
info Visit https://yarnpkg.com/en/docs/cli/add for documentation about this command.
```

</details>

**Which version of nodejs and OS?**
```
Distro: Ubuntu 18.04.3 LTS
Node: v13.0.1
```



why i can install 3.0.6,bug i can't install 3.0.7
Hello
Although I reinstalled the packages and used the npm rebuild command, it still doesn't work.

 ```
Waiting for the debugger to disconnect...Error: The module '\\?\d:\yota-projects\backend\node_modules\bcrypt\lib\binding\bcrypt_lib.node'
was compiled against a different Node.js version using
NODE_MODULE_VERSION 64. This version of Node.js requires
NODE_MODULE_VERSION 72. Please try re-compiling or re-installing
the module (for instance, using `npm rebuild` or `npm install`).
    at Object.Module._extensions..node (internal/modules/cjs/loader.js:1003:18)
    at Module.load (internal/modules/cjs/loader.js:812:32)
    at Function.Module._load (internal/modules/cjs/loader.js:724:14)
    at Module.require (internal/modules/cjs/loader.js:849:19)
    at require (internal/modules/cjs/helpers.js:74:18)
    at Object.<anonymous> (d:\yota-projects\backend\node_modules\bcrypt\bcrypt.js:6:16)
    at Module._compile (internal/modules/cjs/loader.js:956:30)
    at Object.Module._extensions..js (internal/modules/cjs/loader.js:973:10)
    at Module.load (internal/modules/cjs/loader.js:812:32)
    at Function.Module._load (internal/modules/cjs/loader.js:724:14)
```
<!--
## Before you hit that Submit button....

This issue tracker is for problems with the Node-RED runtime, the editor or the core nodes.

If your issue is:
  - a general 'how-to' type question,
  - a feature request or suggestion for a change,
  - or problems with 3rd party (`node-red-contrib-`) nodes

please use the [Node-RED Forum](https://discourse.nodered.org) or [slack team](https://nodered.org/slack).


You could also consider asking a question on [Stack Overflow](https://stackoverflow.com/questions/tagged/node-red) and tag it `node-red`.

That way the whole Node-RED user community can help, rather than rely on the core development team.

## So you have a real issue to raise...

To help us understand the issue, please fill-in as much of the following information as you can:
-->

### What are the steps to reproduce?
Using docker-custom, I have cloned the repo and altered the installDevTools.sh script to add in the advanced config: adafruit neopixel and motorhat libraries.
I have also changed the ```docker-make.sh``` to use the build argument ```ARCH=arm32v7```.


### What happens?
It appears the bcrypt 3.06 won't install using pre-built binaries along with version 12 of node:

```
> bcrypt@3.0.6 install /usr/src/node-red/node_modules/bcrypt
> node-pre-gyp install --fallback-to-build

node-pre-gyp WARN Using request for node-pre-gyp https download
node-pre-gyp WARN Tried to download(404): https://github.com/kelektiv/node.bcrypt.js/releases/download/v3.0.6/bcrypt_lib-v3.0.6-node-v72-linux-arm-musl.tar.gz
node-pre-gyp WARN Pre-built binaries not found for bcrypt@3.0.6 and node@12.11.1 (node-v72 ABI, musl) (falling back to source compile with node-gyp)
make: Entering directory '/usr/src/node-red/node_modules/bcrypt/build'
  CXX(target) Release/obj.target/bcrypt_lib/src/blowfish.o
  CXX(target) Release/obj.target/bcrypt_lib/src/bcrypt.o
  CXX(target) Release/obj.target/bcrypt_lib/src/bcrypt_node.o
In file included from ../src/bcrypt_node.cc:1:
../../nan/nan.h: In function 'void Nan::AsyncQueueWorker(Nan::AsyncWorker*)':
../../nan/nan.h:2232:62: warning: cast between incompatible function types from 'void (*)(uv_work_t*)' {aka 'void (*)(uv_work_s*)'} to 'uv_after_work_cb' {aka 'void (*)(uv_work_s*, int)'} [-Wcast-function-type]
     , reinterpret_cast<uv_after_work_cb>(AsyncExecuteComplete)
                                                              ^
In file included from ../../nan/nan.h:53,
                 from ../src/bcrypt_node.cc:1:
../src/bcrypt_node.cc: At global scope:
/root/.cache/node-gyp/12.11.1/include/node/node.h:560:43: warning: cast between incompatible function types from 'void (*)(Nan::ADDON_REGISTER_FUNCTION_ARGS_TYPE)' {aka 'void (*)(v8::Local<v8::Object>)'} to 'node::addon_register_func' {aka 'void (*)(v8::Local<v8::Object>, v8::Local<v8::Value>, void*)'} [-Wcast-function-type]
       (node::addon_register_func) (regfunc),                          \
                                           ^
/root/.cache/node-gyp/12.11.1/include/node/node.h:594:3: note: in expansion of macro 'NODE_MODULE_X'
   NODE_MODULE_X(modname, regfunc, NULL, 0)  // NOLINT (readability/null_usage)
   ^~~~~~~~~~~~~
../src/bcrypt_node.cc:378:1: note: in expansion of macro 'NODE_MODULE'
 NODE_MODULE(bcrypt_lib, init);
 ^~~~~~~~~~~
In file included from /root/.cache/node-gyp/12.11.1/include/node/node.h:63,
                 from ../../nan/nan.h:53,
                 from ../src/bcrypt_node.cc:1:
/root/.cache/node-gyp/12.11.1/include/node/v8.h: In instantiation of 'void v8::PersistentBase<T>::SetWeak(P*, typename v8::WeakCallbackInfo<P>::Callback, v8::WeakCallbackType) [with P = node::ObjectWrap; T = v8::Object; typename v8::WeakCallbackInfo<P>::Callback = void (*)(const v8::WeakCallbackInfo<node::ObjectWrap>&)]':
/root/.cache/node-gyp/12.11.1/include/node/node_object_wrap.h:84:78:   required from here
/root/.cache/node-gyp/12.11.1/include/node/v8.h:10004:16: warning: cast between incompatible function types from 'v8::WeakCallbackInfo<node::ObjectWrap>::Callback' {aka 'void (*)(const v8::WeakCallbackInfo<node::ObjectWrap>&)'} to 'Callback' {aka 'void (*)(const v8::WeakCallbackInfo<void>&)'} [-Wcast-function-type]
                reinterpret_cast<Callback>(callback), type);
                ^~~~~~~~~~~~~~~~~~~~~~~~~~~~~~~~~~~~
/root/.cache/node-gyp/12.11.1/include/node/v8.h: In instantiation of 'void v8::PersistentBase<T>::SetWeak(P*, typename v8::WeakCallbackInfo<P>::Callback, v8::WeakCallbackType) [with P = Nan::ObjectWrap; T = v8::Object; typename v8::WeakCallbackInfo<P>::Callback = void (*)(const v8::WeakCallbackInfo<Nan::ObjectWrap>&)]':
../../nan/nan_object_wrap.h:65:61:   required from here
/root/.cache/node-gyp/12.11.1/include/node/v8.h:10004:16: warning: cast between incompatible function types from 'v8::WeakCallbackInfo<Nan::ObjectWrap>::Callback' {aka 'void (*)(const v8::WeakCallbackInfo<Nan::ObjectWrap>&)'} to 'Callback' {aka 'void (*)(const v8::WeakCallbackInfo<void>&)'} [-Wcast-function-type]
  SOLINK_MODULE(target) Release/obj.target/bcrypt_lib.node
  COPY Release/bcrypt_lib.node
  COPY /usr/src/node-red/node_modules/bcrypt/lib/binding/bcrypt_lib.node
  TOUCH Release/obj.target/action_after_build.stamp
make: Leaving directory '/usr/src/node-red/node_modules/bcrypt/build'
npm notice created a lockfile as package-lock.json. You should commit this file.
added 331 packages from 341 contributors and audited 1296 packages in 55.072s
found 0 vulnerabilities
```



### What do you expect to happen?
Dockerfile build without warnings. 
It appears node 12 may not work natively with prebuilt binaries for node.bcrypt.js 3.0.6. This doesn't appear to be a node-red-docker issue, so hoping that raising the issue to mitigate it and possibly reduce the docker build size.

### Please tell us about your environment:

_Platform/OS:_ 
RaspberryPi 4 - Raspbian Buster Lite

_Note:_
Moved from node-red-docker issue tracking.

 

* What went wrong?
bcrypt uses node-pre-gyp which wants to use aws-sdk which is not installed which then webpack cannot resolve.

I am not excluding the node_modules from the packed build so as to ensure easier and pain free CI/D.

* What did you expect to happen?
webpack build the packed file without complaint

* Which version of nodejs and OS?
LinuxMint 18lts
Node 10 lts

```
ERROR in ./node_modules/node-pre-gyp/lib/unpublish.js
Module not found: Error: Can't resolve 'aws-sdk' in '/home/xyz/backend/ms_authentication/node_modules/node-pre-gyp/lib'
 @ ./node_modules/node-pre-gyp/lib/unpublish.js 16:14-32
 @ ./node_modules/node-pre-gyp/lib sync ^\.\/.*$
 @ ./node_modules/node-pre-gyp/lib/node-pre-gyp.js
 @ ./node_modules/bcrypt/bcrypt.js
 @ ./build/src/services/PasswordSaltedHash.js
```
this link https://github.com/kelektiv/node.bcrypt.js/releases/download/v3.0.6/bcrypt_lib-v3.0.6-node-v72-linux-x64-glibc.tar.gz

not found, how setup ?