Hi, 

First of all, I'd like to thank the contributors of Hide code. It is an excellent extension for hiding codes when exporting notebook as html files.

But recently, I met a problem about the format in the exported html files. In fact, all the letters with accent marks like é,è,à, etc. were exported with a bad format. Here is an exemple to show the issue that I had : 

The output that I wish :  Fériés
The one I had in my html file : FÃ©riÃ©s

Could some one tell me how to solve this problem please ?

Thanks a lot.

Best wish,

ouy
## Steps to reproduce
- create a notebook
- rename a notebook

## Observed result
500 error: `FileNotFoundError: [Errno 2] No such file or directory: <old name>`

## Observed result
No error

Win7, Firefox 69.0 (64-bit), Python 3.7, hide-code==0.5.2
## Steps to reproduce
 - create a notebook with spaces in the title: `test space`
 - choose `export to HTML`
 - check the name of the downloadable file (download is not required)

## Observed result
The file named after first part before space, an extension is missed: `test`

## Expected result
The full title is used, or at least HTML extension is present.   `test space.html`


Win7, Firefox 69.0 (64-bit), Python 3.7, hide-code==0.5.2

I installed hide code and also all pre-requisites as mentioned. I am able to export the notebook to HTML format but not PDF. It shows **500: Internal Server Error**. I have been following similar issues that had been raised before in the platform but unfortunately, I could no get my issue resolved. 

I ran in the normal scenario where it was throwing the error mentioned above. Then, following various other issues raised, I ran `jupyter notebook --NotebookApp.server_extensions="['hide_code.hide_code']"`, but still, I could not understand the root cause of it. However, ran the above code for once and clicked on the button to export it as PDF, and the output of it (generated on the prompt) is shown below.

(base) C:\Users\Sachin Nandakumar>jupyter notebook --NotebookApp.server_extensions="['hide_code.hide_code']"
[W 23:59:22.073 NotebookApp] server_extensions is deprecated, use nbserver_extensions
[I 23:59:22.397 NotebookApp] hide_code: Attempting to load hid_code export handler extensions.
[I 23:59:22.398 NotebookApp] hide_code: Hide_code export handler extensions loaded.
[I 23:59:22.398 NotebookApp] hide_code: Attempting to load hid_code export handler extensions.
[I 23:59:22.399 NotebookApp] hide_code: Hide_code export handler extensions loaded.
[I 23:59:22.427 NotebookApp] JupyterLab extension loaded from C:\Users\Sachin Nandakumar\Anaconda3\lib\site-packages\jupyterlab
[I 23:59:22.427 NotebookApp] JupyterLab application directory is C:\Users\Sachin Nandakumar\Anaconda3\share\jupyter\lab
[I 23:59:22.429 NotebookApp] Serving notebooks from local directory: C:\Users\Sachin Nandakumar
[I 23:59:22.429 NotebookApp] The Jupyter Notebook is running at:
[I 23:59:22.429 NotebookApp] http://localhost:8888/?token=bdcecb027ef2fdad17f2c58a2a033ae395422ec1a6e002dc
[I 23:59:22.429 NotebookApp]  or http://127.0.0.1:8888/?token=bdcecb027ef2fdad17f2c58a2a033ae395422ec1a6e002dc
[I 23:59:22.430 NotebookApp] Use Control-C to stop this server and shut down all kernels (twice to skip confirmation).
[C 23:59:22.487 NotebookApp]

    To access the notebook, open this file in a browser:
        file:///C:/Users/Sachin%20Nandakumar/AppData/Roaming/jupyter/runtime/nbserver-13816-open.html
    Or copy and paste one of these URLs:
        http://localhost:8888/?token=bdcecb027ef2fdad17f2c58a2a033ae395422ec1a6e002dc
     or http://127.0.0.1:8888/?token=bdcecb027ef2fdad17f2c58a2a033ae395422ec1a6e002dc
[E 23:59:23.773 NotebookApp] Could not open static file ''
[W 23:59:23.809 NotebookApp] 404 GET /static/components/react/react-dom.production.min.js (::1) 8.61ms referer=http://localhost:8888/tree?token=bdcecb027ef2fdad17f2c58a2a033ae395422ec1a6e002dc
[W 23:59:23.929 NotebookApp] 404 GET /static/components/react/react-dom.production.min.js (::1) 1.24ms referer=http://localhost:8888/tree?token=bdcecb027ef2fdad17f2c58a2a033ae395422ec1a6e002dc
[W 00:02:21.858 NotebookApp] 404 GET /static/components/react/react-dom.production.min.js (::1) 2.48ms referer=http://localhost:8888/notebooks/try/try.ipynb
[W 00:02:21.921 NotebookApp] 404 GET /static/components/react/react-dom.production.min.js (::1) 1.56ms referer=http://localhost:8888/notebooks/try/try.ipynb
[W 00:02:22.099 NotebookApp] Notebook try/try.ipynb is not trusted
[I 00:02:22.392 NotebookApp] Kernel started: b2164087-46c3-4a75-909d-b34795350eb0
[I 00:02:23.032 NotebookApp] Adapting from protocol version 5.1 (kernel b2164087-46c3-4a75-909d-b34795350eb0) to 5.3 (client).
[I 00:02:26.815 NotebookApp] Starting buffering for b2164087-46c3-4a75-909d-b34795350eb0:d805e33af0e54de4895b61c0a7cabe64
[I 00:02:26.825 NotebookApp] Adapting from protocol version 5.1 (kernel b2164087-46c3-4a75-909d-b34795350eb0) to 5.3 (client).
[I 00:02:26.826 NotebookApp] hide_code: Starting PDF export for None
INFO: Could not find files for the given pattern(s).
[E 00:02:27.064 NotebookApp] Uncaught exception GET /notebooks/try/try.ipynb/export/pdf (::1)
    HTTPServerRequest(protocol='http', host='localhost:8888', method='GET', uri='/notebooks/try/try.ipynb/export/pdf', version='HTTP/1.1', remote_ip='::1')
    Traceback (most recent call last):
      File "C:\Users\Sachin Nandakumar\Anaconda3\lib\site-packages\pdfkit\configuration.py", line 21, in __init__
        with open(self.wkhtmltopdf) as f:
    FileNotFoundError: [Errno 2] No such file or directory: b''

    During handling of the above exception, another exception occurred:

    Traceback (most recent call last):
      File "C:\Users\Sachin Nandakumar\Anaconda3\lib\site-packages\tornado\web.py", line 1697, in _execute
        result = method(*self.path_args, **self.path_kwargs)
      File "C:\Users\Sachin Nandakumar\Anaconda3\lib\site-packages\hide_code\hide_code.py", line 44, in get
        output = pdfkit.from_string(output_html, False)
      File "C:\Users\Sachin Nandakumar\Anaconda3\lib\site-packages\pdfkit\api.py", line 70, in from_string
        configuration=configuration, cover_first=cover_first)
      File "C:\Users\Sachin Nandakumar\Anaconda3\lib\site-packages\pdfkit\pdfkit.py", line 42, in __init__
        self.configuration = (Configuration() if configuration is None
      File "C:\Users\Sachin Nandakumar\Anaconda3\lib\site-packages\pdfkit\configuration.py", line 27, in __init__
        'https://github.com/JazzCore/python-pdfkit/wiki/Installing-wkhtmltopdf' % self.wkhtmltopdf)
    OSError: No wkhtmltopdf executable found: "b''"
    If this file exists please check that this process can read it. Otherwise please install wkhtmltopdf - https://github.com/JazzCore/python-pdfkit/wiki/Installing-wkhtmltopdf
[E 00:02:27.067 NotebookApp] {
      "Host": "localhost:8888",
      "Connection": "keep-alive",
      "Upgrade-Insecure-Requests": "1",
      "Dnt": "1",
      "User-Agent": "Mozilla/5.0 (Windows NT 10.0; Win64; x64) AppleWebKit/537.36 (KHTML, like Gecko) Chrome/76.0.3809.100 Safari/537.36",
      "Sec-Fetch-Mode": "navigate",
      "Sec-Fetch-User": "?1",
      "Accept": "text/html,application/xhtml+xml,application/xml;q=0.9,image/webp,image/apng,*/*;q=0.8,application/signed-exchange;v=b3",
      "Sec-Fetch-Site": "same-origin",
      "Referer": "http://localhost:8888/notebooks/try/try.ipynb",
      "Accept-Encoding": "gzip, deflate, br",
      "Accept-Language": "en-US,en;q=0.9",
      "Cookie": "_xsrf=2|2b448b09|cb762ea3deb8a38805f934fabc1a2b79|1564302829; username-localhost-8890=\"2|1:0|10:1564310153|23:username-localhost-8890|44:OWJjNzczODBkNjY4NGU1ZmI5MjczZGNlODdlZjczZDM=|f4fb8d43c797667dbee1f205747d9cb936cc90b703583b30c5003ad1dd523437\"; username-localhost-8891=\"2|1:0|10:1564312641|23:username-localhost-8891|44:YThkMmNkNzU2NDYzNDk1ZmEwNmM1ZjM4ZDI5ZDRlZTA=|7affbee61f73160f16cc561c9c7712d80366a23fa5b7c99e6d380b14f927f9cc\"; username-localhost-8889=\"2|1:0|10:1565733301|23:username-localhost-8889|44:MmY1NDZjZWYyMTc3NDgzZDg4ZmRmY2ZjMjQyMjkxNjA=|bc2eaf1fe147d0285d64e9838b4b3360e56272c0ae7ec2c10fef506e419b16b3\"; username-localhost-8888=\"2|1:0|10:1565733563|23:username-localhost-8888|44:OGFkMGI2MWNjY2IxNGNkNTg1MDdiY2QwNjQ1ODE5ZTk=|879462b25eb9c13cd2da279a5d8f6443b067608ec2137f807e9b24a19e1333bb\""
    }
[E 00:02:27.067 NotebookApp] 500 GET /notebooks/try/try.ipynb/export/pdf (::1) 241.02ms referer=http://localhost:8888/notebooks/try/try.ipynb
[I 00:02:27.069 NotebookApp] Restoring connection for b2164087-46c3-4a75-909d-b34795350eb0:d805e33af0e54de4895b61c0a7cabe64
[I 00:02:27.073 NotebookApp] Starting buffering for b2164087-46c3-4a75-909d-b34795350eb0:d805e33af0e54de4895b61c0a7cabe64
[W 00:02:27.083 NotebookApp] 404 GET /static/components/react/react-dom.production.min.js (::1) 1.55ms referer=http://localhost:8888/notebooks/try/try.ipynb/export/pdf
[W 00:02:27.136 NotebookApp] 404 GET /static/components/react/react-dom.production.min.js (::1) 1.99ms referer=http://localhost:8888/notebooks/try/try.ipynb/export/pdf
It installs but I can't figure out how to use it's functionalities there
I try to export in html, but in markdown cells I have text that contains "ó"  or "á", so when I export to html this characters don't display well. 
How can export to html with utf-8 ? 

Greetings.
```
jupyter nbconvert --to hide_code_latexpdf MyNotebook.ipynb
Traceback (most recent call last):
  File "D:\ProgramData\Anaconda3\Scripts\jupyter-nbconvert-script.py", line 10, in <module>
    sys.exit(main())
  File "D:\ProgramData\Anaconda3\lib\site-packages\jupyter_core\application.py", line 266, in launch_instance
    return super(JupyterApp, cls).launch_instance(argv=argv, **kwargs)
  File "D:\ProgramData\Anaconda3\lib\site-packages\traitlets\config\application.py", line 658, in launch_instance
    app.start()
  File "D:\ProgramData\Anaconda3\lib\site-packages\nbconvert\nbconvertapp.py", line 325, in start
    self.convert_notebooks()
  File "D:\ProgramData\Anaconda3\lib\site-packages\nbconvert\nbconvertapp.py", line 482, in convert_notebooks
    cls = get_exporter(self.export_format)
  File "D:\ProgramData\Anaconda3\lib\site-packages\nbconvert\exporters\base.py", line 110, in get_exporter
    % (name, ', '.join(get_export_names())))
ValueError: Unknown exporter "hide_code_latexpdf", did you mean one of: asciidoc, custom, hide_code_html, hide_code_latex, hide_code_pdf, hide_code_slides, html, html_ch, html_embed, html_toc, html_with_lenvs, html_with_toclenvs, latex, latex_with_lenvs, markdown, notebook, pdf, python, rst, script, selectLanguage, slides, slides_with_lenvs?
```

Hi there!
This is a really great package. I'm having some export issues. Here is what i tried
-  when i click on the export buttons for pdf, html  etc i get a page not found error
<img width="757" alt="screen shot 2018-12-12 at 5 37 12 pm" src="https://user-images.githubusercontent.com/7649194/49907715-a84a5b80-fe34-11e8-81e9-bc77d9d09777.png">
NOTE: this error is fixed if i launch jupyter from the directory where my files live. But often i'm not working in that directory. It's a nice fix for now however! -- [noting this issue](https://github.com/kirbs-/hide_code/issues/70)

- If i try to use the CLI to run this `jupyter nbconvert --to html create_legend_test-Copy1.ipynb` the output html file still has the code, plots etc that i have hidden so it ignores the metadata to hide things. note that i did save the file and confirmed the tags were in the cell metadata. 

Any ideas why this might be happening? i'd be pretty excited to use this in my classes - the students create reports! Many thanks!
Hi,

When running `pip install hide_code`, I run into the following error:

    Collecting hide_code
      Using cached https://files.pythonhosted.org/packages/04/5b/e0512cf6e62c80c305add427bae8808001163909419e158e92d8c7e4012f/hide_code-0.5.2.tar.gz
    Requirement already satisfied: jupyter in ./venv/lib/python3.5/site-packages (from hide_code) (1.0.0)
    Requirement already satisfied: pdfkit in ./venv/lib/python3.5/site-packages (from hide_code) (0.6.1)
    Requirement already satisfied: nbconvert>=5.0 in ./venv/lib/python3.5/site-packages (from hide_code) (5.4.0)
    Requirement already satisfied: notebook>=5.1 in ./venv/lib/python3.5/site-packages (from hide_code) (5.7.2)
    Requirement already satisfied: ipykernel in ./venv/lib/python3.5/site-packages (from jupyter->hide_code) (5.1.0)
    Requirement already satisfied: jupyter-console in ./venv/lib/python3.5/site-packages (from jupyter->hide_code) (6.0.0)
    Requirement already satisfied: qtconsole in ./venv/lib/python3.5/site-packages (from jupyter->hide_code) (4.4.3)
    Requirement already satisfied: ipywidgets in ./venv/lib/python3.5/site-packages (from jupyter->hide_code) (7.4.2)
    Requirement already satisfied: entrypoints>=0.2.2 in ./venv/lib/python3.5/site-packages (from nbconvert>=5.0->hide_code) (0.2.3)
    Requirement already satisfied: defusedxml in ./venv/lib/python3.5/site-packages (from nbconvert>=5.0->hide_code) (0.5.0)
    Requirement already satisfied: jinja2 in ./venv/lib/python3.5/site-packages (from nbconvert>=5.0->hide_code) (2.10)
    Requirement already satisfied: jupyter-core in ./venv/lib/python3.5/site-packages (from nbconvert>=5.0->hide_code) (4.4.0)
    Requirement already satisfied: nbformat>=4.4 in ./venv/lib/python3.5/site-packages (from nbconvert>=5.0->hide_code) (4.4.0)
    Requirement already satisfied: traitlets>=4.2 in ./venv/lib/python3.5/site-packages (from nbconvert>=5.0->hide_code) (4.3.2)
    Requirement already satisfied: bleach in ./venv/lib/python3.5/site-packages (from nbconvert>=5.0->hide_code) (3.0.2)
    Requirement already satisfied: mistune>=0.8.1 in ./venv/lib/python3.5/site-packages (from nbconvert>=5.0->hide_code) (0.8.4)
    Requirement already satisfied: pandocfilters>=1.4.1 in ./venv/lib/python3.5/site-packages (from nbconvert>=5.0->hide_code) (1.4.2)
    Requirement already satisfied: testpath in ./venv/lib/python3.5/site-packages (from nbconvert>=5.0->hide_code) (0.4.2)
    Requirement already satisfied: pygments in ./venv/lib/python3.5/site-packages (from nbconvert>=5.0->hide_code) (2.3.0)
    Requirement already satisfied: Send2Trash in ./venv/lib/python3.5/site-packages (from notebook>=5.1->hide_code) (1.5.0)
    Requirement already satisfied: ipython-genutils in ./venv/lib/python3.5/site-packages (from notebook>=5.1->hide_code) (0.2.0)
    Requirement already satisfied: tornado>=4 in ./venv/lib/python3.5/site-packages (from notebook>=5.1->hide_code) (5.1.1)
    Requirement already satisfied: jupyter-client>=5.2.0 in ./venv/lib/python3.5/site-packages (from notebook>=5.1->hide_code) (5.2.3)
    Requirement already satisfied: prometheus-client in ./venv/lib/python3.5/site-packages (from notebook>=5.1->hide_code) (0.4.2)
    Requirement already satisfied: terminado>=0.8.1 in ./venv/lib/python3.5/site-packages (from notebook>=5.1->hide_code) (0.8.1)
    Requirement already satisfied: pyzmq>=17 in ./venv/lib/python3.5/site-packages (from notebook>=5.1->hide_code) (17.1.2)
    Requirement already satisfied: ipython>=5.0.0 in ./venv/lib/python3.5/site-packages (from ipykernel->jupyter->hide_code) (7.2.0)
    Requirement already satisfied: prompt-toolkit<2.1.0,>=2.0.0 in ./venv/lib/python3.5/site-packages (from jupyter-console->jupyter->hide_code) (2.0.7)
    Requirement already satisfied: widgetsnbextension~=3.4.0 in ./venv/lib/python3.5/site-packages (from ipywidgets->jupyter->hide_code) (3.4.2)
    Requirement already satisfied: MarkupSafe>=0.23 in ./venv/lib/python3.5/site-packages (from jinja2->nbconvert>=5.0->hide_code) (1.1.0)
    Requirement already satisfied: jsonschema!=2.5.0,>=2.4 in ./venv/lib/python3.5/site-packages (from nbformat>=4.4->nbconvert>=5.0->hide_code) (2.6.0)
    Requirement already satisfied: six in ./venv/lib/python3.5/site-packages (from traitlets>=4.2->nbconvert>=5.0->hide_code) (1.11.0)
    Requirement already satisfied: decorator in ./venv/lib/python3.5/site-packages (from traitlets>=4.2->nbconvert>=5.0->hide_code) (4.3.0)
    Requirement already satisfied: webencodings in ./venv/lib/python3.5/site-packages (from bleach->nbconvert>=5.0->hide_code) (0.5.1)
    Requirement already satisfied: python-dateutil>=2.1 in ./venv/lib/python3.5/site-packages (from jupyter-client>=5.2.0->notebook>=5.1->hide_code) (2.7.5)
    Requirement already satisfied: ptyprocess; os_name != "nt" in ./venv/lib/python3.5/site-packages (from terminado>=0.8.1->notebook>=5.1->hide_code) (0.6.0)
    Requirement already satisfied: setuptools>=18.5 in ./venv/lib/python3.5/site-packages (from ipython>=5.0.0->ipykernel->jupyter->hide_code) (40.6.2)
    Requirement already satisfied: backcall in ./venv/lib/python3.5/site-packages (from ipython>=5.0.0->ipykernel->jupyter->hide_code) (0.1.0)
    Requirement already satisfied: jedi>=0.10 in ./venv/lib/python3.5/site-packages (from ipython>=5.0.0->ipykernel->jupyter->hide_code) (0.13.1)
    Requirement already satisfied: pexpect; sys_platform != "win32" in ./venv/lib/python3.5/site-packages (from ipython>=5.0.0->ipykernel->jupyter->hide_code) (4.6.0)
    Requirement already satisfied: pickleshare in ./venv/lib/python3.5/site-packages (from ipython>=5.0.0->ipykernel->jupyter->hide_code) (0.7.5)
    Requirement already satisfied: wcwidth in ./venv/lib/python3.5/site-packages (from prompt-toolkit<2.1.0,>=2.0.0->jupyter-console->jupyter->hide_code) (0.1.7)
    Requirement already satisfied: parso>=0.3.0 in ./venv/lib/python3.5/site-packages (from jedi>=0.10->ipython>=5.0.0->ipykernel->jupyter->hide_code) (0.3.1)
    Building wheels for collected packages: hide-code
      Running setup.py bdist_wheel for hide-code ... error
      Complete output from command /home/cduquesne/code/perso/data-science-exercises/venv/bin/python3 -u -c "import setuptools, tokenize;__file__='/tmp/pip-install-1r79eijb/hide-code/setup.py';f=getattr(tokenize, 'open', open)(__file__);code=f.read().replace('\r\n', '\n');f.close();exec(compile(code, __file__, 'exec'))" bdist_wheel -d /tmp/pip-wheel-0uxkuyk2 --python-tag cp35:
      running bdist_wheel
      running build
      running build_py
      creating build
      creating build/lib
      creating build/lib/hide_code
      copying hide_code/hide_code_config.py -> build/lib/hide_code
      copying hide_code/hide_code_preprocessor.py -> build/lib/hide_code
      copying hide_code/hide_code_html_exporter.py -> build/lib/hide_code
      copying hide_code/hide_code_slides_exporter.py -> build/lib/hide_code
      copying hide_code/utils.py -> build/lib/hide_code
      copying hide_code/hide_code_latex_exporter.py -> build/lib/hide_code
      copying hide_code/__init__.py -> build/lib/hide_code
      copying hide_code/hide_code_pdf_exporter.py -> build/lib/hide_code
      copying hide_code/hide_code.py -> build/lib/hide_code
      copying hide_code/hide_code.js -> build/lib/hide_code
      copying hide_code/auto-load.txt -> build/lib/hide_code
      copying hide_code/LICENSE.txt -> build/lib/hide_code
      copying hide_code/auto-load-server-extension.txt -> build/lib/hide_code
      creating build/lib/hide_code/Templates
      copying hide_code/Templates/hide_code_basic.tpl -> build/lib/hide_code/Templates
      copying hide_code/Templates/hide_code_full.tpl -> build/lib/hide_code/Templates
      copying hide_code/Templates/hide_code_slides.tpl -> build/lib/hide_code/Templates
      copying hide_code/Templates/hide_code_article.tplx -> build/lib/hide_code/Templates
      copying hide_code/Templates/hide_code_base_style.tplx -> build/lib/hide_code/Templates
      copying hide_code/hide_code_config.json -> build/lib/hide_code
      installing to build/bdist.linux-x86_64/wheel
      running install
      running install_lib
      creating build/bdist.linux-x86_64
      creating build/bdist.linux-x86_64/wheel
      creating build/bdist.linux-x86_64/wheel/hide_code
      copying build/lib/hide_code/auto-load.txt -> build/bdist.linux-x86_64/wheel/hide_code
      copying build/lib/hide_code/LICENSE.txt -> build/bdist.linux-x86_64/wheel/hide_code
      copying build/lib/hide_code/hide_code_config.py -> build/bdist.linux-x86_64/wheel/hide_code
      copying build/lib/hide_code/hide_code_preprocessor.py -> build/bdist.linux-x86_64/wheel/hide_code
      copying build/lib/hide_code/hide_code_html_exporter.py -> build/bdist.linux-x86_64/wheel/hide_code
      copying build/lib/hide_code/hide_code_slides_exporter.py -> build/bdist.linux-x86_64/wheel/hide_code
      copying build/lib/hide_code/utils.py -> build/bdist.linux-x86_64/wheel/hide_code
      copying build/lib/hide_code/auto-load-server-extension.txt -> build/bdist.linux-x86_64/wheel/hide_code
      creating build/bdist.linux-x86_64/wheel/hide_code/Templates
      copying build/lib/hide_code/Templates/hide_code_basic.tpl -> build/bdist.linux-x86_64/wheel/hide_code/Templates
      copying build/lib/hide_code/Templates/hide_code_full.tpl -> build/bdist.linux-x86_64/wheel/hide_code/Templates
      copying build/lib/hide_code/Templates/hide_code_slides.tpl -> build/bdist.linux-x86_64/wheel/hide_code/Templates
      copying build/lib/hide_code/Templates/hide_code_article.tplx -> build/bdist.linux-x86_64/wheel/hide_code/Templates
      copying build/lib/hide_code/Templates/hide_code_base_style.tplx -> build/bdist.linux-x86_64/wheel/hide_code/Templates
      copying build/lib/hide_code/hide_code_latex_exporter.py -> build/bdist.linux-x86_64/wheel/hide_code
      copying build/lib/hide_code/__init__.py -> build/bdist.linux-x86_64/wheel/hide_code
      copying build/lib/hide_code/hide_code_pdf_exporter.py -> build/bdist.linux-x86_64/wheel/hide_code
      copying build/lib/hide_code/hide_code.py -> build/bdist.linux-x86_64/wheel/hide_code
      copying build/lib/hide_code/hide_code.js -> build/bdist.linux-x86_64/wheel/hide_code
      copying build/lib/hide_code/hide_code_config.json -> build/bdist.linux-x86_64/wheel/hide_code
      running install_egg_info
      running egg_info
      writing requirements to hide_code.egg-info/requires.txt
      writing dependency_links to hide_code.egg-info/dependency_links.txt
      writing hide_code.egg-info/PKG-INFO
      writing entry points to hide_code.egg-info/entry_points.txt
      writing top-level names to hide_code.egg-info/top_level.txt
      reading manifest file 'hide_code.egg-info/SOURCES.txt'
      writing manifest file 'hide_code.egg-info/SOURCES.txt'
      Copying hide_code.egg-info to build/bdist.linux-x86_64/wheel/hide_code-0.5.2-py3.5.egg-info
      running install_scripts
      error: [Errno 2] No such file or directory: 'LICENSE'
      
      ----------------------------------------
      Failed building wheel for hide-code
      Running setup.py clean for hide-code
    Failed to build hide-code
    Installing collected packages: hide-code
      Running setup.py install for hide-code ... done
    Successfully installed hide-code-0.5.2
    
Now the extension works nonetheless, but I figured I would still file an issue for the error.

Have a good day!
HideCodeLatexPDFExporter doesn't actually exist. Need to create the class as an extension of HideCodeLatexExporter. 
https://github.com/kirbs-/hide_code/blob/a5a76d43d25ce84603052bc2fb871b987aab95f4/setup.py#L97

```
[E 16:23:51.341 NotebookApp] Uncaught exception GET /notebooks/Daily_Report.ipynb (127.0.0.1)
    HTTPServerRequest(protocol='http', host='localhost:8888', method='GET', uri='/notebooks/Daily_Report.ipynb', version='HTTP/1.1', remote_ip='127.0.0.1')
    Traceback (most recent call last):
      File "/home/dans/projects/Daily_Instrument_Review/DIR/lib/python3.6/site-packages/tornado/web.py", line 1541, in _execute
        result = method(*self.path_args, **self.path_kwargs)
      File "/home/dans/projects/Daily_Instrument_Review/DIR/lib/python3.6/site-packages/tornado/web.py", line 2949, in wrapper
        return method(self, *args, **kwargs)
      File "/home/dans/projects/Daily_Instrument_Review/DIR/lib/python3.6/site-packages/notebook/notebook/handlers.py", line 59, in get
        get_custom_frontend_exporters=get_custom_frontend_exporters
      File "/home/dans/projects/Daily_Instrument_Review/DIR/lib/python3.6/site-packages/notebook/base/handlers.py", line 424, in render_template
        return template.render(**ns)
      File "/home/dans/projects/Daily_Instrument_Review/DIR/lib/python3.6/site-packages/jinja2/asyncsupport.py", line 76, in render
        return original_render(self, *args, **kwargs)
      File "/home/dans/projects/Daily_Instrument_Review/DIR/lib/python3.6/site-packages/jinja2/environment.py", line 1008, in render
        return self.environment.handle_exception(exc_info, True)
      File "/home/dans/projects/Daily_Instrument_Review/DIR/lib/python3.6/site-packages/jinja2/environment.py", line 780, in handle_exception
        reraise(exc_type, exc_value, tb)
      File "/home/dans/projects/Daily_Instrument_Review/DIR/lib/python3.6/site-packages/jinja2/_compat.py", line 37, in reraise
        raise value.with_traceback(tb)
      File "/home/dans/projects/Daily_Instrument_Review/DIR/lib/python3.6/site-packages/notebook/templates/notebook.html", line 1, in top-level template code
        {% extends "page.html" %}
      File "/home/dans/projects/Daily_Instrument_Review/DIR/lib/python3.6/site-packages/notebook/templates/page.html", line 154, in top-level template code
        {% block header %}
      File "/home/dans/projects/Daily_Instrument_Review/DIR/lib/python3.6/site-packages/notebook/templates/notebook.html", line 117, in block "header"
        {% for exporter in get_custom_frontend_exporters() %}
      File "/home/dans/projects/Daily_Instrument_Review/DIR/lib/python3.6/site-packages/notebook/notebook/handlers.py", line 24, in get_custom_frontend_exporters
        exporter = get_exporter(name)()
      File "/home/dans/projects/Daily_Instrument_Review/DIR/lib/python3.6/site-packages/nbconvert/exporters/base.py", line 95, in get_exporter
        return entrypoints.get_single('nbconvert.exporters', name).load()
      File "/home/dans/projects/Daily_Instrument_Review/DIR/lib/python3.6/site-packages/entrypoints.py", line 81, in load
        obj = getattr(obj, attr)
    AttributeError: module 'hide_code' has no attribute 'HideCodeLatexPDFExporter'
```