WARNING: The following rc files are no longer being read, please transfer their contents or import their path into one of the standard rc files:
/home/cly/github/kcws/tools/bazel.rc
INFO: Writing tracer profile to '/home/cly/.cache/bazel/_bazel_cly/271de499a4ab5fb7350261a41335ecd2/command.profile.gz'
ERROR: /home/cly/github/kcws/WORKSPACE:5:1: name 'new_http_archive' is not defined
ERROR: /home/cly/github/kcws/WORKSPACE:18:1: name 'new_http_archive' is not defined
ERROR: /home/cly/github/kcws/WORKSPACE:34:1: name 'http_archive' is not defined
ERROR: error loading package '': Encountered error while reading extension file 'tools/build_defs/repo/http.bzl': no such package '@bazel_tools//tools/build_defs/repo': error loading package 'external': Could not load //external package
ERROR: error loading package '': Encountered error while reading extension file 'tools/build_defs/repo/http.bzl': no such package '@bazel_tools//tools/build_defs/repo': error loading package 'external': Could not load //external package
INFO: Elapsed time: 0.032s
INFO: 0 processes.
FAILED: Build did NOT complete successfully (0 packages loaded)


你好，请问demo接口是关闭了么？
词性标注模型下载 (临时方案，后续文档给出词性标注模型训练，导出等）
我想问一下词性标注的后续文档能不能分享一下，谢谢啦
您好，我有一些文本 ，但是没有做分词及词性标注，那这个需要人工去处理吗？因为行业内的一些词其他的分词器并不一定都能分正确，希望得到您的回复多谢
ERROR: C:/users/thomas/appdata/local/temp/_bazel_thomas/infhcau0/external/protob
uf/BUILD:113:1: C++ compilation of rule '@protobuf//:protobuf' failed (Exit 2):
cl.exe failed: error executing command
  cd C:/users/thomas/appdata/local/temp/_bazel_thomas/infhcau0/execroot/__main__

  SET INCLUDE=F:\Tools\Microsoft Visual Studio 14.0\VC\INCLUDE;F:\Tools\Microsof
t Visual Studio 14.0\VC\ATLMFC\INCLUDE;C:\Program Files (x86)\Windows Kits\10\in
clude\10.0.14393.0\ucrt;C:\Program Files (x86)\Windows Kits\NETFXSDK\4.6.1\inclu
de\um;C:\Program Files (x86)\Windows Kits\10\include\10.0.14393.0\shared;C:\Prog
ram Files (x86)\Windows Kits\10\include\10.0.14393.0\um;C:\Program Files (x86)\W
indows Kits\10\include\10.0.14393.0\winrt;
    SET LIB=F:\Tools\Microsoft Visual Studio 14.0\VC\LIB\amd64;F:\Tools\Microsof
t Visual Studio 14.0\VC\ATLMFC\LIB\amd64;C:\Program Files (x86)\Windows Kits\10\
lib\10.0.14393.0\ucrt\x64;C:\Program Files (x86)\Windows Kits\NETFXSDK\4.6.1\lib
\um\x64;C:\Program Files (x86)\Windows Kits\10\lib\10.0.14393.0\um\x64;
    SET PATH=F:\Tools\Microsoft Visual Studio 14.0\Common7\IDE\CommonExtensions\
Microsoft\TestWindow;F:\Tools\Microsoft Visual Studio 14.0\VC\BIN\amd64;C:\WINDO
WS\Microsoft.NET\Framework64\v4.0.30319;F:\Tools\Microsoft Visual Studio 14.0\VC
\VCPackages;F:\Tools\Microsoft Visual Studio 14.0\Common7\IDE;F:\Tools\Microsoft
 Visual Studio 14.0\Common7\Tools;F:\Tools\Microsoft Visual Studio 14.0\Team Too
ls\Performance Tools\x64;F:\Tools\Microsoft Visual Studio 14.0\Team Tools\Perfor
mance Tools;C:\Program Files (x86)\Windows Kits\10\bin\x64;C:\Program Files (x86
)\Windows Kits\10\bin\x86;C:\Program Files (x86)\Microsoft SDKs\Windows\v10.0A\b
in\NETFX 4.6.1 Tools\x64\;;C:\WINDOWS\system32
    SET PWD=/proc/self/cwd
    SET TEMP=C:\Users\Thomas\AppData\Local\Temp
    SET TMP=C:\Users\Thomas\AppData\Local\Temp
  F:/Tools/Microsoft Visual Studio 14.0/VC/bin/amd64/cl.exe /c external/protobuf
/src/google/protobuf/struct.pb.cc /Fobazel-out/msvc_x64-fastbuild/bin/external/p
rotobuf/_objs/protobuf/external/protobuf/src/google/protobuf/struct.pb.o /nologo
 /DCOMPILER_MSVC /DNOMINMAX /D_WIN32_WINNT=0x0600 /D_CRT_SECURE_NO_DEPRECATE /D_
CRT_SECURE_NO_WARNINGS /D_SILENCE_STDEXT_HASH_DEPRECATION_WARNINGS /bigobj /Zm50
0 /J /Gy /GF /EHsc /wd4351 /wd4291 /wd4250 /wd4996 /Iexternal/protobuf /Ibazel-o
ut/msvc_x64-fastbuild/genfiles/external/protobuf /Iexternal/bazel_tools /Ibazel-
out/msvc_x64-fastbuild/genfiles/external/bazel_tools /Iexternal/protobuf/src /Ib
azel-out/msvc_x64-fastbuild/genfiles/external/protobuf/src /Iexternal/bazel_tool
s/tools/cpp/gcc3 /showIncludes /MT /Od /Z7 -DHAVE_PTHREAD -Wall -Wwrite-strings
-Woverloaded-virtual -Wno-sign-compare -Wno-unused-function.
cl: 命令行 error D8021 :无效的数值参数“/Wwrite-strings”
Target //kcws/cc:seg_backend_api failed to build
____Elapsed time: 2.704s, Critical Path: 0.13s
大神，您好，我想问一下这个文件是什么？我没有这个文件，该如何创建
模型导出时指定 output node 在解码的时候作为模型的输出；
训练的时候不是应该指定这两个名字吗？
我在bilstm.py 文件找到了 Reshape_7 这个output的定义
但没找到pos训练 Reshape_9 这个output的定义 以及transitions的定义，
这两个是tensorflow 默认的output node还是什么？
麻烦解释下，谢谢
大神，好，训练模型后如何使用模型呢？意思是如何输入一个句子进行测试呢？
train_cws.py 训练 输入特征：字的 word2vec向量表示
train_pos.py 训练 输入特征是：词的 word2vec向量表示，文档写的最大50个词，向量的1-50是词的word2vec表示，不够的用0填充；字的word2vec向量表示，每个词最大5个词，超过5个字的用最后一个字代替第五个字，就是一个50X5的向量；词性标注结果个词的向量长度一致50，所以训练语料是长度为350的向量，1-50是词，51-300是字，301-350是预测结果。
想写一个train NE 的代码模仿train_pos.py: 1-50词，51-300字，301-350词性，NE表示和字序列类似每个最大长度15，就是15X50，351-1100是预测结果，但是改代码失败了
能不能一个train.py, 准备好训练语料之后，自定义特征以及对应的特征长度，还有定义输出
对Python不熟悉，想用这个训练model之后C++直接调用，求大神指教。