fix #173 
configs/faster/default_configs.py 181 shows warning
https://github.com/yaml/pyyaml/wiki/PyYAML-yaml.load(input)-Deprecation

probably need to modify like below

```py
exp_config = edict(yaml.load(f, Loader=yaml.FullLoader))
```
I have built a docker container based on the Dockerfile supplied in [here.](https://github.com/mahyarnajibi/SNIPER/blob/master/Dockerfile) After confirmation of the output of demo.py, I tried to test the training processes.
```bash
docker exec serene_joliot python main_train.py
```
This is the log file of this process.
```
append flipped images to roidb
loading annotations into memory...
Done (t=13.01s)
creating index...
index created!
num_images 40504
COCO_val2014 gt roidb loaded from ./data/cache/COCO_val2014_gt_roidb.pkl
appending ground truth annotations
Reading cached proposals after ***NMS**** from data/proposals/COCO_val2014_rpn_after_nms.pkl
Done!
append flipped images to roidb
filtered 2138 roidb entries: 246574 -> 244436
add bounding box regression targets
bbox target means:
[[0. 0. 0. 0.]
 [0. 0. 0. 0.]]
[0. 0. 0. 0.]
bbox target stdevs:
[[0.1 0.1 0.2 0.2]
 [0.1 0.1 0.2 0.2]]
[0.1 0.1 0.2 0.2]
Creating Iterator with 244436 Images
```
I spent almost two days running this command. However, the output of this process was stopped at final line of the massage.

Does anyone have any idea to understand this state?

---
Machine spec
CPU: i7-8700K
GPU: GeForce GTX 1080 
![image](https://user-images.githubusercontent.com/20785298/71410941-40069a80-2682-11ea-9a82-05c8289c1008.png)

 detection_list = pool.map(detect_scale_worker, parallel_args)
![image](https://user-images.githubusercontent.com/20785298/71302039-9b662d80-23e1-11ea-9789-c234b86f6b3a.png)

![image](https://user-images.githubusercontent.com/20785298/71252829-058abe00-2361-11ea-8f8f-a77ceb6d8178.png)
what can i do?
Hello,

I can't finish the compilation. Please, advice, what to check.

**Getting an error.**
##########################################################################
1 error detected in the compilation of "/tmp/tmpxft_0000aa11_00000000-12_dropout.compute_70.cpp1.ii".
1 error detected in the compilation of "/tmp/tmpxft_0000a9a4_00000000-12_deconvolution.compute_70.cpp1.ii".
Makefile:396: recipe for target 'build/src/operator/nn/dropout_gpu.o' failed
make: *** [build/src/operator/nn/dropout_gpu.o] Error 1
Makefile:396: recipe for target 'build/src/operator/nn/deconvolution_gpu.o' failed
make: *** [build/src/operator/nn/deconvolution_gpu.o] Error 1
/usr/lib/gcc/x86_64-linux-gnu/6/include/avx512fintrin.h(12943): error: identifier "__builtin_ia32_kmov16" is undefined

1 error detected in the compilation of "/tmp/tmpxft_0000aa79_00000000-12_sample_op.compute_70.cpp1.ii".
Makefile:396: recipe for target 'build/src/operator/random/sample_op_gpu.o' failed
make: *** [build/src/operator/random/sample_op_gpu.o] Error 1
1 error detected in the compilation of "/tmp/tmpxft_0000aa07_00000000-12_shuffle_op.compute_70.cpp1.ii".
1 error detected in the compilation of "/tmp/tmpxft_0000aaab_00000000-12_elemwise_sum.compute_70.cpp1.ii".
1 error detected in the compilation of "/tmp/tmpxft_0000aabd_00000000-12_init_op.compute_70.cpp1.ii".
1 error detected in the compilation of "/tmp/tmpxft_0000aa91_00000000-12_concat.compute_70.cpp1.ii".
Makefile:396: recipe for target 'build/src/operator/random/shuffle_op_gpu.o' failed
make: *** [build/src/operator/random/shuffle_op_gpu.o] Error 1
Makefile:396: recipe for target 'build/src/operator/nn/concat_gpu.o' failed
make: *** [build/src/operator/nn/concat_gpu.o] Error 1
Makefile:396: recipe for target 'build/src/operator/tensor/init_op_gpu.o' failed
make: *** [build/src/operator/tensor/init_op_gpu.o] Error 1
Makefile:396: recipe for target 'build/src/operator/tensor/elemwise_sum_gpu.o' failed
make: *** [build/src/operator/tensor/elemwise_sum_gpu.o] Error 1
1 error detected in the compilation of "/tmp/tmpxft_0000aac4_00000000-12_elemwise_binary_scalar_op_extended.compute_70.cpp1.ii".
1 error detected in the compilation of "/tmp/tmpxft_0000aa9c_00000000-12_requantize.compute_70.cpp1.ii".
Makefile:396: recipe for target 'build/src/operator/tensor/elemwise_binary_scalar_op_extended_gpu.o' failed
make: *** [build/src/operator/tensor/elemwise_binary_scalar_op_extended_gpu.o] Error 1
1 error detected in the compilation of "/tmp/tmpxft_0000aa66_00000000-12_softmax.compute_70.cpp1.ii".
Makefile:396: recipe for target 'build/src/operator/quantization/requantize_gpu.o' failed
make: *** [build/src/operator/quantization/requantize_gpu.o] Error 1
1 error detected in the compilation of "/tmp/tmpxft_0000aa1b_00000000-12_convolution.compute_70.cpp1.ii".
Makefile:396: recipe for target 'build/src/operator/nn/softmax_gpu.o' failed
make: *** [build/src/operator/nn/softmax_gpu.o] Error 1
1 error detected in the compilation of "/tmp/tmpxft_0000aae8_00000000-12_elemwise_unary_op_trig.compute_70.cpp1.ii".
Makefile:396: recipe for target 'build/src/operator/nn/convolution_gpu.o' failed
make: *** [build/src/operator/nn/convolution_gpu.o] Error 1
Makefile:396: recipe for target 'build/src/operator/tensor/elemwise_unary_op_trig_gpu.o' failed
make: *** [build/src/operator/tensor/elemwise_unary_op_trig_gpu.o] Error 1
1 error detected in the compilation of "/tmp/tmpxft_0000aada_00000000-12_elemwise_binary_op_basic.compute_70.cpp1.ii".
Makefile:396: recipe for target 'build/src/operator/tensor/elemwise_binary_op_basic_gpu.o' failed
make: *** [build/src/operator/tensor/elemwise_binary_op_basic_gpu.o] Error 1
1 error detected in the compilation of "/tmp/tmpxft_0000aae6_00000000-12_elemwise_binary_scalar_op_basic.compute_70.cpp1.ii".
Makefile:396: recipe for target 'build/src/operator/tensor/elemwise_binary_scalar_op_basic_gpu.o' failed
make: *** [build/src/operator/tensor/elemwise_binary_scalar_op_basic_gpu.o] Error 1
1 error detected in the compilation of "/tmp/tmpxft_0000ab15_00000000-12_elemwise_binary_op_extended.compute_70.cpp1.ii".
1 error detected in the compilation of "/tmp/tmpxft_0000aad3_00000000-12_cast_storage.compute_70.cpp1.ii".
Makefile:396: recipe for target 'build/src/operator/tensor/elemwise_binary_op_extended_gpu.o' failed
make: *** [build/src/operator/tensor/elemwise_binary_op_extended_gpu.o] Error 1
Makefile:396: recipe for target 'build/src/operator/tensor/cast_storage_gpu.o' failed
make: *** [build/src/operator/tensor/cast_storage_gpu.o] Error 1
1 error detected in the compilation of "/tmp/tmpxft_0000ab01_00000000-12_square_sum.compute_70.cpp1.ii".
Makefile:396: recipe for target 'build/src/operator/tensor/square_sum_gpu.o' failed
make: *** [build/src/operator/tensor/square_sum_gpu.o] Error 1
1 error detected in the compilation of "/tmp/tmpxft_0000aaf7_00000000-12_quantized_conv.compute_70.cpp1.ii".
Makefile:396: recipe for target 'build/src/operator/quantization/quantized_conv_gpu.o' failed
make: *** [build/src/operator/quantization/quantized_conv_gpu.o] Error 1
1 error detected in the compilation of "/tmp/tmpxft_0000ab38_00000000-12_dot.compute_70.cpp1.ii".
Makefile:396: recipe for target 'build/src/operator/tensor/dot_gpu.o' failed
make: *** [build/src/operator/tensor/dot_gpu.o] Error 1
1 error detected in the compilation of "/tmp/tmpxft_0000ab49_00000000-12_elemwise_unary_op_basic.compute_70.cpp1.ii".
Makefile:396: recipe for target 'build/src/operator/tensor/elemwise_unary_op_basic_gpu.o' failed
make: *** [build/src/operator/tensor/elemwise_unary_op_basic_gpu.o] Error 1
1 error detected in the compilation of "/tmp/tmpxft_0000ab07_00000000-12_elemwise_binary_broadcast_op_extended.compute_70.cpp1.ii".
Makefile:396: recipe for target 'build/src/operator/tensor/elemwise_binary_broadcast_op_extended_gpu.o' failed
make: *** [build/src/operator/tensor/elemwise_binary_broadcast_op_extended_gpu.o] Error 1
1 error detected in the compilation of "/tmp/tmpxft_0000ab65_00000000-12_elemwise_binary_scalar_op_logic.compute_70.cpp1.ii".
Makefile:396: recipe for target 'build/src/operator/tensor/elemwise_binary_scalar_op_logic_gpu.o' failed
make: *** [build/src/operator/tensor/elemwise_binary_scalar_op_logic_gpu.o] Error 1
1 error detected in the compilation of "/tmp/tmpxft_0000ab34_00000000-12_ordering_op.compute_70.cpp1.ii".
Makefile:396: recipe for target 'build/src/operator/tensor/ordering_op_gpu.o' failed
make: *** [build/src/operator/tensor/ordering_op_gpu.o] Error 1
1 error detected in the compilation of "/tmp/tmpxft_0000ab5e_00000000-12_broadcast_reduce_op_value.compute_70.cpp1.ii".
Makefile:396: recipe for target 'build/src/operator/tensor/broadcast_reduce_op_value_gpu.o' failed
make: *** [build/src/operator/tensor/broadcast_reduce_op_value_gpu.o] Error 1
1 error detected in the compilation of "/tmp/tmpxft_0000ab79_00000000-12_matrix_op.compute_70.cpp1.ii".
Makefile:396: recipe for target 'build/src/operator/tensor/matrix_op_gpu.o' failed
make: *** [build/src/operator/tensor/matrix_op_gpu.o] Error 1
1 error detected in the compilation of "/tmp/tmpxft_0000ab2d_00000000-12_indexing_op.compute_70.cpp1.ii".
Makefile:396: recipe for target 'build/src/operator/tensor/indexing_op_gpu.o' failed
make: *** [build/src/operator/tensor/indexing_op_gpu.o] Error 1
######################################################################

**Our config is:**

export CC = gcc
export CXX = g++
export NVCC = nvcc
DEV = 0
DEBUG = 1
USE_SIGNAL_HANDLER =
ADD_LDFLAGS =
ADD_CFLAGS =
USE_CUDA = 1
USE_CUDA_PATH = /usr/local/cuda
ENABLE_CUDA_RTC = 1
USE_CUDNN = 1
USE_NCCL = 1
USE_NCCL_PATH = /usr/local/cuda-10.0/targets/x86_64-linux
USE_OPENCV = 1
USE_LIBJPEG_TURBO = 0
USE_LIBJPEG_TURBO_PATH = NONE
USE_OPENMP = 1
USE_MKLDNN = 0
USE_NNPACK = 0
UNAME_S := $(shell uname -s)
USE_BLAS = openblas
USE_LAPACK = 0
USE_LAPACK_PATH =
USE_INTEL_PATH = NONE
ifeq ($(USE_BLAS), mkl)
USE_STATIC_MKL = 1
else
USE_STATIC_MKL = NONE
endif

ARCH := $(shell uname -a)
ifneq (,$(filter $(ARCH), armv6l armv7l powerpc64le ppc64le aarch64))
  USE_SSE=0
else
  USE_SSE=1
endif

USE_DIST_KVSTORE = 0

USE_HDFS = 0
LIBJVM=$(JAVA_HOME)/jre/lib/amd64/server

USE_S3 = 0

USE_OPERATOR_TUNING = 1

USE_GPERFTOOLS = 1

USE_JEMALLOC = 1

EXTRA_OPERATORS =

USE_CPP_PACKAGE = 0
Hi all,

if all my images have the same resolution (768x1024). How should I set the training scale?
rt, I trained it about 12 epochs. And got COCO score main_test.py from 7 to 12(epochs).
But when I try to have a sight of predictions like 'python demo.py --cfg configs/faster/sniper_res50_e2e.yml', the result image in ./data/demo/ contains no bbox.
loading annotations into memory...
Done (t=16.02s)
creating index...
index created!
('num_images', 82783)
<open file './data/cache/COCO_train2014_gt_roidb.pkl', mode 'rb' at 0x7f9ace4c1e40>
COCO_train2014 gt roidb loaded from ./data/cache/COCO_train2014_gt_roidb.pkl
append flipped images to roidb
loading annotations into memory...
Done (t=9.06s)
creating index...
index created!
('num_images', 40504)
<open file './data/cache/COCO_val2014_gt_roidb.pkl', mode 'rb' at 0x7f995ab03f60>
COCO_val2014 gt roidb loaded from ./data/cache/COCO_val2014_gt_roidb.pkl
append flipped images to roidb
filtered 2138 roidb entries: 246574 -> 244436
add bounding box regression targets
bbox target means:
[[0. 0. 0. 0.]
 [0. 0. 0. 0.]]
[0. 0. 0. 0.]
bbox target stdevs:
[[0.1 0.1 0.2 0.2]
 [0.1 0.1 0.2 0.2]]
[0.1 0.1 0.2 0.2]
Creating Iterator with 244436 Images
Total number of extracted chips: 955689
Done!
The Iterator has 955776 samples!
Initializing the model...
Traceback (most recent call last):
  File "main_train.py", line 91, in <module>
    sym = sym_inst.get_symbol_rpn(config) if config.TRAIN.ONLY_PROPOSAL else sym_inst.get_symbol_rcnn(config)
  File "/home/yuanyq/Detect_DL/SNIPER/symbols/faster/resnet_mx_101_e2e.py", line 270, in get_symbol_rcnn
    rois, label, bbox_target, bbox_weight = mx.sym.MultiProposalTarget(cls_prob=rpn_cls_prob, bbox_pred=rpn_bbox_pred, im_info=im_info,
AttributeError: 'module' object has no attribute 'MultiProposalTarget'