when I'm going to import I get this error: `Cannot find module './../images/img.png'`
`create-react-app my-app --scripts-version=react-scripts-ts` suggets to use `create-react-app my-app --typescript` as that is also supported.
I got many errors when run `npm run start`：

Environment：

![image](https://user-images.githubusercontent.com/14943597/57187682-69bd5680-6f25-11e9-966d-cb6eca1c3d3e.png)

```bash
Starting the development server...

ts-loader: Using typescript@2.2.0 and /Users/jq/project/TypeScript-React-Starter/tsconfig.json
Failed to compile.

Error in /Users/jq/project/TypeScript-React-Starter/node_modules/@types/react/index.d.ts
(77,26): error TS1005: ',' expected.

Error in /Users/jq/project/TypeScript-React-Starter/node_modules/@types/react/index.d.ts
(77,28): error TS1005: '>' expected.

Error in /Users/jq/project/TypeScript-React-Starter/node_modules/@types/react/index.d.ts
(77,30): error TS1005: ';' expected.

Error in /Users/jq/project/TypeScript-React-Starter/node_modules/@types/react/index.d.ts
(77,32): error TS1109: Expression expected.

Error in /Users/jq/project/TypeScript-React-Starter/node_modules/@types/react/index.d.ts
(77,52): error TS1005: '(' expected.

Error in /Users/jq/project/TypeScript-React-Starter/node_modules/@types/react/index.d.ts
(77,75): error TS1005: '(' expected.

Error in /Users/jq/project/TypeScript-React-Starter/node_modules/@types/react/index.d.ts
(92,30): error TS1005: ',' expected.

Error in /Users/jq/project/TypeScript-React-Starter/node_modules/@types/react/index.d.ts
(300,27): error TS1005: ',' expected.

Error in /Users/jq/project/TypeScript-React-Starter/node_modules/@types/react/index.d.ts
(300,29): error TS1005: '>' expected.

Error in /Users/jq/project/TypeScript-React-Starter/node_modules/@types/react/index.d.ts
(300,31): error TS1128: Declaration or statement expected.

Error in /Users/jq/project/TypeScript-React-Starter/node_modules/@types/react/index.d.ts
(300,41): error TS1109: Expression expected.

Error in /Users/jq/project/TypeScript-React-Starter/node_modules/@types/react/index.d.ts
(328,27): error TS1005: ',' expected.

Error in /Users/jq/project/TypeScript-React-Starter/node_modules/@types/react/index.d.ts
(328,29): error TS1005: '>' expected.

Error in /Users/jq/project/TypeScript-React-Starter/node_modules/@types/react/index.d.ts
(328,31): error TS1128: Declaration or statement expected.

Error in /Users/jq/project/TypeScript-React-Starter/node_modules/@types/react/index.d.ts
(328,41): error TS1109: Expression expected.

Error in /Users/jq/project/TypeScript-React-Starter/node_modules/@types/react/index.d.ts
(330,34): error TS1005: ',' expected.

Error in /Users/jq/project/TypeScript-React-Starter/node_modules/@types/react/index.d.ts
(330,36): error TS1005: '>' expected.

Error in /Users/jq/project/TypeScript-React-Starter/node_modules/@types/react/index.d.ts
(330,38): error TS1128: Declaration or statement expected.

Error in /Users/jq/project/TypeScript-React-Starter/node_modules/@types/react/index.d.ts
(330,48): error TS1109: Expression expected.

Error in /Users/jq/project/TypeScript-React-Starter/node_modules/@types/react/index.d.ts
(332,9): error TS1005: ',' expected.

Error in /Users/jq/project/TypeScript-React-Starter/node_modules/@types/react/index.d.ts
(333,9): error TS1005: ',' expected.

Error in /Users/jq/project/TypeScript-React-Starter/node_modules/@types/react/index.d.ts
(344,16): error TS1005: ',' expected.

Error in /Users/jq/project/TypeScript-React-Starter/node_modules/@types/react/index.d.ts
(344,18): error TS1005: '>' expected.

Error in /Users/jq/project/TypeScript-React-Starter/node_modules/@types/react/index.d.ts
(344,20): error TS1005: ';' expected.

Error in /Users/jq/project/TypeScript-React-Starter/node_modules/@types/react/index.d.ts
(344,22): error TS1109: Expression expected.

Error in /Users/jq/project/TypeScript-React-Starter/node_modules/@types/react/index.d.ts
(344,45): error TS1005: '(' expected.

Error in /Users/jq/project/TypeScript-React-Starter/node_modules/@types/react/index.d.ts
(345,36): error TS1005: ',' expected.

Error in /Users/jq/project/TypeScript-React-Starter/node_modules/@types/react/index.d.ts
(345,38): error TS1005: '>' expected.

Error in /Users/jq/project/TypeScript-React-Starter/node_modules/@types/react/index.d.ts
(345,40): error TS1109: Expression expected.

Error in /Users/jq/project/TypeScript-React-Starter/node_modules/@types/react/index.d.ts
(346,9): error TS1136: Property assignment expected.

Error in /Users/jq/project/TypeScript-React-Starter/node_modules/@types/react/index.d.ts
(346,15): error TS1005: ',' expected.

Error in /Users/jq/project/TypeScript-React-Starter/node_modules/@types/react/index.d.ts
(346,55): error TS1109: Expression expected.

Error in /Users/jq/project/TypeScript-React-Starter/node_modules/@types/react/index.d.ts
(346,61): error TS1005: ';' expected.

Error in /Users/jq/project/TypeScript-React-Starter/node_modules/@types/react/index.d.ts
(347,19): error TS1109: Expression expected.

Error in /Users/jq/project/TypeScript-React-Starter/node_modules/@types/react/index.d.ts
(347,37): error TS1005: '(' expected.

Error in /Users/jq/project/TypeScript-React-Starter/node_modules/@types/react/index.d.ts
(348,22): error TS1109: Expression expected.

Error in /Users/jq/project/TypeScript-React-Starter/node_modules/@types/react/index.d.ts
(348,42): error TS1005: '(' expected.

Error in /Users/jq/project/TypeScript-React-Starter/node_modules/@types/react/index.d.ts
(349,22): error TS1109: Expression expected.

Error in /Users/jq/project/TypeScript-React-Starter/node_modules/@types/react/index.d.ts
(349,34): error TS1005: '(' expected.

Error in /Users/jq/project/TypeScript-React-Starter/node_modules/@types/react/index.d.ts
(350,21): error TS1109: Expression expected.

Error in /Users/jq/project/TypeScript-React-Starter/node_modules/@types/react/index.d.ts
(353,32): error TS1005: ',' expected.

Error in /Users/jq/project/TypeScript-React-Starter/node_modules/@types/react/index.d.ts
(353,34): error TS1005: '>' expected.

Error in /Users/jq/project/TypeScript-React-Starter/node_modules/@types/react/index.d.ts
(353,36): error TS1109: Expression expected.

Error in /Users/jq/project/TypeScript-React-Starter/node_modules/@types/react/index.d.ts
(355,9): error TS1005: ',' expected.

Error in /Users/jq/project/TypeScript-React-Starter/node_modules/@types/react/index.d.ts
(355,37): error TS1005: '(' expected.

Error in /Users/jq/project/TypeScript-React-Starter/node_modules/@types/react/index.d.ts
(356,42): error TS1005: '(' expected.

Error in /Users/jq/project/TypeScript-React-Starter/node_modules/@types/react/index.d.ts
(357,47): error TS1005: '(' expected.

Error in /Users/jq/project/TypeScript-React-Starter/node_modules/@types/react/index.d.ts
(358,34): error TS1005: '(' expected.

Error in /Users/jq/project/TypeScript-React-Starter/node_modules/@types/react/index.d.ts
(359,29): error TS1005: ',' expected.

Error in /Users/jq/project/TypeScript-React-Starter/node_modules/@types/react/index.d.ts
(362,39): error TS1005: ',' expected.

Error in /Users/jq/project/TypeScript-React-Starter/node_modules/@types/react/index.d.ts
(362,41): error TS1005: '>' expected.

Error in /Users/jq/project/TypeScript-React-Starter/node_modules/@types/react/index.d.ts
(362,43): error TS1109: Expression expected.

Error in /Users/jq/project/TypeScript-React-Starter/node_modules/@types/react/index.d.ts
(362,45): error TS1109: Expression expected.

Error in /Users/jq/project/TypeScript-React-Starter/node_modules/@types/react/index.d.ts
(364,9): error TS1005: ',' expected.

Error in /Users/jq/project/TypeScript-React-Starter/node_modules/@types/react/index.d.ts
(3619,1): error TS1128: Declaration or statement expected.

Error in /Users/jq/project/TypeScript-React-Starter/node_modules/@types/react/index.d.ts
(55,29): error TS2314: Generic type 'AnimationEvent<T>' requires 1 type argument(s).

Error in /Users/jq/project/TypeScript-React-Starter/node_modules/@types/react/index.d.ts
(56,29): error TS2314: Generic type 'ClipboardEvent<T>' requires 1 type argument(s).

Error in /Users/jq/project/TypeScript-React-Starter/node_modules/@types/react/index.d.ts
(57,31): error TS2314: Generic type 'CompositionEvent<T>' requires 1 type argument(s).

Error in /Users/jq/project/TypeScript-React-Starter/node_modules/@types/react/index.d.ts
(58,24): error TS2314: Generic type 'DragEvent<T>' requires 1 type argument(s).

Error in /Users/jq/project/TypeScript-React-Starter/node_modules/@types/react/index.d.ts
(59,25): error TS2314: Generic type 'FocusEvent<T>' requires 1 type argument(s).

Error in /Users/jq/project/TypeScript-React-Starter/node_modules/@types/react/index.d.ts
(60,28): error TS2314: Generic type 'KeyboardEvent<T>' requires 1 type argument(s).

Error in /Users/jq/project/TypeScript-React-Starter/node_modules/@types/react/index.d.ts
(61,25): error TS2314: Generic type 'MouseEvent<T>' requires 1 type argument(s).

Error in /Users/jq/project/TypeScript-React-Starter/node_modules/@types/react/index.d.ts
(62,25): error TS2314: Generic type 'TouchEvent<T>' requires 1 type argument(s).

Error in /Users/jq/project/TypeScript-React-Starter/node_modules/@types/react/index.d.ts
(63,30): error TS2314: Generic type 'TransitionEvent<T>' requires 1 type argument(s).

Error in /Users/jq/project/TypeScript-React-Starter/node_modules/@types/react/index.d.ts
(64,22): error TS2314: Generic type 'UIEvent<T>' requires 1 type argument(s).

Error in /Users/jq/project/TypeScript-React-Starter/node_modules/@types/react/index.d.ts
(65,25): error TS2314: Generic type 'WheelEvent<T>' requires 1 type argument(s).

Error in /Users/jq/project/TypeScript-React-Starter/node_modules/@types/react/index.d.ts
(77,34): error TS2693: 'ComponentClass' only refers to a type, but is being used as a value here.

Error in /Users/jq/project/TypeScript-React-Starter/node_modules/@types/react/index.d.ts
(77,54): error TS2693: 'StatelessComponent' only refers to a type, but is being used as a value here.

Error in /Users/jq/project/TypeScript-React-Starter/node_modules/@types/react/index.d.ts
(92,32): error TS2368: Type parameter name cannot be 'any'

Error in /Users/jq/project/TypeScript-React-Starter/node_modules/@types/react/index.d.ts
(98,37): error TS2314: Generic type 'ReactElement<P, any>' requires 2 type argument(s).

Error in /Users/jq/project/TypeScript-React-Starter/node_modules/@types/react/index.d.ts
(103,83): error TS2314: Generic type 'ReactElement<P, any>' requires 2 type argument(s).

Error in /Users/jq/project/TypeScript-React-Starter/node_modules/@types/react/index.d.ts
(108,42): error TS2314: Generic type 'ClassicComponent<P>' requires 1 type argument(s).

Error in /Users/jq/project/TypeScript-React-Starter/node_modules/@types/react/index.d.ts
(111,101): error TS2314: Generic type 'ReactElement<P, any>' requires 2 type argument(s).

Error in /Users/jq/project/TypeScript-React-Starter/node_modules/@types/react/index.d.ts
(153,77): error TS2314: Generic type 'ReactElement<P, any>' requires 2 type argument(s).

Error in /Users/jq/project/TypeScript-React-Starter/node_modules/@types/react/index.d.ts
(161,42): error TS2314: Generic type 'ClassicComponent<P>' requires 1 type argument(s).

Error in /Users/jq/project/TypeScript-React-Starter/node_modules/@types/react/index.d.ts
(183,23): error TS2314: Generic type 'ReactElement<P, any>' requires 2 type argument(s).

Error in /Users/jq/project/TypeScript-React-Starter/node_modules/@types/react/index.d.ts
(206,28): error TS2314: Generic type 'ClassicComponent<P>' requires 1 type argument(s).

Error in /Users/jq/project/TypeScript-React-Starter/node_modules/@types/react/index.d.ts
(206,105): error TS2314: Generic type 'ClassicComponent<P>' requires 1 type argument(s).

Error in /Users/jq/project/TypeScript-React-Starter/node_modules/@types/react/index.d.ts
(237,28): error TS2314: Generic type 'ClassicComponent<P>' requires 1 type argument(s).

Error in /Users/jq/project/TypeScript-React-Starter/node_modules/@types/react/index.d.ts
(238,33): error TS2314: Generic type 'ClassicComponent<P>' requires 1 type argument(s).

Error in /Users/jq/project/TypeScript-React-Starter/node_modules/@types/react/index.d.ts
(239,48): error TS2314: Generic type 'ClassicComponent<P>' requires 1 type argument(s).

Error in /Users/jq/project/TypeScript-React-Starter/node_modules/@types/react/index.d.ts
(247,36): error TS2314: Generic type 'ReactElement<P, any>' requires 2 type argument(s).

Error in /Users/jq/project/TypeScript-React-Starter/node_modules/@types/react/index.d.ts
(281,18): error TS2314: Generic type 'ReactElement<P, any>' requires 2 type argument(s).

Error in /Users/jq/project/TypeScript-React-Starter/node_modules/@types/react/index.d.ts
(283,36): error TS2314: Generic type 'ReactElement<P, any>' requires 2 type argument(s).

Error in /Users/jq/project/TypeScript-React-Starter/node_modules/@types/react/index.d.ts
(285,55): error TS2314: Generic type 'ReactElement<P, any>' requires 2 type argument(s).

Error in /Users/jq/project/TypeScript-React-Starter/node_modules/@types/react/index.d.ts
(296,26): error TS2314: Generic type 'Component<P, S>' requires 2 type argument(s).

Error in /Users/jq/project/TypeScript-React-Starter/node_modules/@types/react/index.d.ts
(300,33): error TS2304: Cannot find name 'S'.

Error in /Users/jq/project/TypeScript-React-Starter/node_modules/@types/react/index.d.ts
(300,49): error TS2693: 'ComponentLifecycle' only refers to a type, but is being used as a value here.

Error in /Users/jq/project/TypeScript-React-Starter/node_modules/@types/react/index.d.ts
(300,49): error TS2695: Left side of comma operator is unused and has no side effects.

Error in /Users/jq/project/TypeScript-React-Starter/node_modules/@types/react/index.d.ts
(300,68): error TS2304: Cannot find name 'P'.

Error in /Users/jq/project/TypeScript-React-Starter/node_modules/@types/react/index.d.ts
(300,71): error TS2304: Cannot find name 'S'.

Error in /Users/jq/project/TypeScript-React-Starter/node_modules/@types/react/index.d.ts
(301,11): error TS2428: All declarations of 'Component' must have identical type parameters.

Error in /Users/jq/project/TypeScript-React-Starter/node_modules/@types/react/index.d.ts
(328,33): error TS2304: Cannot find name 'S'.

Error in /Users/jq/project/TypeScript-React-Starter/node_modules/@types/react/index.d.ts
(328,49): error TS2695: Left side of comma operator is unused and has no side effects.

Error in /Users/jq/project/TypeScript-React-Starter/node_modules/@types/react/index.d.ts
(328,59): error TS2304: Cannot find name 'P'.

Error in /Users/jq/project/TypeScript-React-Starter/node_modules/@types/react/index.d.ts
(328,62): error TS2304: Cannot find name 'S'.

Error in /Users/jq/project/TypeScript-React-Starter/node_modules/@types/react/index.d.ts
(330,40): error TS2304: Cannot find name 'S'.

Error in /Users/jq/project/TypeScript-React-Starter/node_modules/@types/react/index.d.ts
(330,56): error TS2695: Left side of comma operator is unused and has no side effects.

Error in /Users/jq/project/TypeScript-React-Starter/node_modules/@types/react/index.d.ts
(330,66): error TS2304: Cannot find name 'P'.

Error in /Users/jq/project/TypeScript-React-Starter/node_modules/@types/react/index.d.ts
(330,69): error TS2304: Cannot find name 'S'.

Error in /Users/jq/project/TypeScript-React-Starter/node_modules/@types/react/index.d.ts
(331,33): error TS2304: Cannot find name 'S'.

Error in /Users/jq/project/TypeScript-React-Starter/node_modules/@types/react/index.d.ts
(333,29): error TS2304: Cannot find name 'S'.

Error in /Users/jq/project/TypeScript-React-Starter/node_modules/@types/react/index.d.ts
(344,24): error TS2693: 'StatelessComponent' only refers to a type, but is being used as a value here.

Error in /Users/jq/project/TypeScript-React-Starter/node_modules/@types/react/index.d.ts
(345,42): error TS2349: Cannot invoke an expression whose type lacks a call signature. Type '{}' has no compatible call signatures.

Error in /Users/jq/project/TypeScript-React-Starter/node_modules/@types/react/index.d.ts
(346,10): error TS2304: Cannot find name 'props'.

Error in /Users/jq/project/TypeScript-React-Starter/node_modules/@types/react/index.d.ts
(346,17): error TS2304: Cannot find name 'P'.

Error in /Users/jq/project/TypeScript-React-Starter/node_modules/@types/react/index.d.ts
(346,21): error TS2363: The right-hand side of an arithmetic operation must be of type 'any', 'number' or an enum type.

Error in /Users/jq/project/TypeScript-React-Starter/node_modules/@types/react/index.d.ts
(346,34): error TS2693: 'ReactNode' only refers to a type, but is being used as a value here.

Error in /Users/jq/project/TypeScript-React-Starter/node_modules/@types/react/index.d.ts
(346,47): error TS2304: Cannot find name 'context'.

Error in /Users/jq/project/TypeScript-React-Starter/node_modules/@types/react/index.d.ts
(346,57): error TS2304: Cannot find name 'any'.

Error in /Users/jq/project/TypeScript-React-Starter/node_modules/@types/react/index.d.ts
(346,63): error TS2693: 'ReactElement' only refers to a type, but is being used as a value here.

Error in /Users/jq/project/TypeScript-React-Starter/node_modules/@types/react/index.d.ts
(346,78): error TS2531: Object is possibly 'null'.

Error in /Users/jq/project/TypeScript-React-Starter/node_modules/@types/react/index.d.ts
(347,9): error TS2304: Cannot find name 'propTypes'.

Error in /Users/jq/project/TypeScript-React-Starter/node_modules/@types/react/index.d.ts
(347,21): error TS2693: 'ValidationMap' only refers to a type, but is being used as a value here.

Error in /Users/jq/project/TypeScript-React-Starter/node_modules/@types/react/index.d.ts
(348,9): error TS2304: Cannot find name 'contextTypes'.

Error in /Users/jq/project/TypeScript-React-Starter/node_modules/@types/react/index.d.ts
(348,24): error TS2693: 'ValidationMap' only refers to a type, but is being used as a value here.

Error in /Users/jq/project/TypeScript-React-Starter/node_modules/@types/react/index.d.ts
(349,9): error TS2304: Cannot find name 'defaultProps'.

Error in /Users/jq/project/TypeScript-React-Starter/node_modules/@types/react/index.d.ts
(349,24): error TS2693: 'Partial' only refers to a type, but is being used as a value here.

Error in /Users/jq/project/TypeScript-React-Starter/node_modules/@types/react/index.d.ts
(350,9): error TS2304: Cannot find name 'displayName'.

Error in /Users/jq/project/TypeScript-React-Starter/node_modules/@types/react/index.d.ts
(350,23): error TS2304: Cannot find name 'string'.

Error in /Users/jq/project/TypeScript-React-Starter/node_modules/@types/react/index.d.ts
(354,22): error TS2304: Cannot find name 'P'.

Error in /Users/jq/project/TypeScript-React-Starter/node_modules/@types/react/index.d.ts
(354,41): error TS2304: Cannot find name 'Component'.

Error in /Users/jq/project/TypeScript-React-Starter/node_modules/@types/react/index.d.ts
(355,21): error TS2693: 'ValidationMap' only refers to a type, but is being used as a value here.

Error in /Users/jq/project/TypeScript-React-Starter/node_modules/@types/react/index.d.ts
(356,24): error TS2693: 'ValidationMap' only refers to a type, but is being used as a value here.

Error in /Users/jq/project/TypeScript-React-Starter/node_modules/@types/react/index.d.ts
(357,29): error TS2693: 'ValidationMap' only refers to a type, but is being used as a value here.

Error in /Users/jq/project/TypeScript-React-Starter/node_modules/@types/react/index.d.ts
(358,24): error TS2693: 'Partial' only refers to a type, but is being used as a value here.

Error in /Users/jq/project/TypeScript-React-Starter/node_modules/@types/react/index.d.ts
(359,23): error TS2304: Cannot find name 'string'.

Error in /Users/jq/project/TypeScript-React-Starter/node_modules/@types/react/index.d.ts
(362,53): error TS2693: 'ComponentClass' only refers to a type, but is being used as a value here.

Error in /Users/jq/project/TypeScript-React-Starter/node_modules/@types/react/index.d.ts
(362,53): error TS2365: Operator '>' cannot be applied to types 'boolean' and '{ new(props?: any, context?: any): any; }'.

Error in /Users/jq/project/TypeScript-React-Starter/node_modules/@types/react/index.d.ts
(362,68): error TS2304: Cannot find name 'P'.

Error in /Users/jq/project/TypeScript-React-Starter/node_modules/@types/react/index.d.ts
(363,22): error TS2304: Cannot find name 'P'.

Error in /Users/jq/project/TypeScript-React-Starter/node_modules/@types/react/index.d.ts
(363,41): error TS2304: Cannot find name 'ClassicComponent'.

Error in /Users/jq/project/TypeScript-React-Starter/node_modules/@types/react/index.d.ts
(364,29): error TS2304: Cannot find name 'P'.

Error in /Users/jq/project/TypeScript-React-Starter/node_modules/@types/react/index.d.ts
(372,33): error TS2304: Cannot find name 'Component'.

Error in /Users/jq/project/TypeScript-React-Starter/node_modules/@types/react/index.d.ts
(407,19): error TS2304: Cannot find name 'ReactElement'.

Error in /Users/jq/project/TypeScript-React-Starter/node_modules/@types/react/index.d.ts
(582,20): error TS2304: Cannot find name 'ReactNode'.

Error in /Users/jq/project/TypeScript-React-Starter/node_modules/@types/react/index.d.ts
(583,15): error TS2304: Cannot find name 'Key'.

Error in /Users/jq/project/TypeScript-React-Starter/node_modules/@types/react/index.d.ts
(584,15): error TS2304: Cannot find name 'Ref'.

Error in /Users/jq/project/TypeScript-React-Starter/node_modules/@types/react/index.d.ts
(587,58): error TS2304: Cannot find name 'ClassAttributes'.

Error in /Users/jq/project/TypeScript-React-Starter/node_modules/@types/react/index.d.ts
(590,62): error TS2304: Cannot find name 'ClassAttributes'.

Error in /Users/jq/project/TypeScript-React-Starter/node_modules/@types/react/index.d.ts
(592,53): error TS2304: Cannot find name 'ClassAttributes'.

Error in /Users/jq/project/TypeScript-React-Starter/node_modules/@types/react/index.d.ts
(596,20): error TS2304: Cannot find name 'ReactNode'.

Error in /Users/jq/project/TypeScript-React-Starter/node_modules/@types/react/index.d.ts
(3407,12): error TS2304: Cannot find name 'DetailedHTMLFactory'.

Error in /Users/jq/project/TypeScript-React-Starter/node_modules/@types/react/index.d.ts
(3408,15): error TS2304: Cannot find name 'DetailedHTMLFactory'.

Error in /Users/jq/project/TypeScript-React-Starter/node_modules/@types/react/index.d.ts
(3409,18): error TS2304: Cannot find name 'DetailedHTMLFactory'.

Error in /Users/jq/project/TypeScript-React-Starter/node_modules/@types/react/index.d.ts
(3410,15): error TS2304: Cannot find name 'DetailedHTMLFactory'.

Error in /Users/jq/project/TypeScript-React-Starter/node_modules/@types/react/index.d.ts
(3411,18): error TS2304: Cannot find name 'DetailedHTMLFactory'.

Error in /Users/jq/project/TypeScript-React-Starter/node_modules/@types/react/index.d.ts
(3412,16): error TS2304: Cannot find name 'DetailedHTMLFactory'.

Error in /Users/jq/project/TypeScript-React-Starter/node_modules/@types/react/index.d.ts
(3413,16): error TS2304: Cannot find name 'DetailedHTMLFactory'.

Error in /Users/jq/project/TypeScript-React-Starter/node_modules/@types/react/index.d.ts
(3414,12): error TS2304: Cannot find name 'DetailedHTMLFactory'.

Error in /Users/jq/project/TypeScript-React-Starter/node_modules/@types/react/index.d.ts
(3415,15): error TS2304: Cannot find name 'DetailedHTMLFactory'.

Error in /Users/jq/project/TypeScript-React-Starter/node_modules/@types/react/index.d.ts
(3416,14): error TS2304: Cannot find name 'DetailedHTMLFactory'.

Error in /Users/jq/project/TypeScript-React-Starter/node_modules/@types/react/index.d.ts
(3417,14): error TS2304: Cannot find name 'DetailedHTMLFactory'.

Error in /Users/jq/project/TypeScript-React-Starter/node_modules/@types/react/index.d.ts
(3418,14): error TS2304: Cannot find name 'DetailedHTMLFactory'.

Error in /Users/jq/project/TypeScript-React-Starter/node_modules/@types/react/index.d.ts
(3419,21): error TS2304: Cannot find name 'DetailedHTMLFactory'.

Error in /Users/jq/project/TypeScript-React-Starter/node_modules/@types/react/index.d.ts
(3420,15): error TS2304: Cannot find name 'DetailedHTMLFactory'.

Error in /Users/jq/project/TypeScript-React-Starter/node_modules/@types/react/index.d.ts
(3421,13): error TS2304: Cannot find name 'DetailedHTMLFactory'.

Error in /Users/jq/project/TypeScript-React-Starter/node_modules/@types/react/index.d.ts
(3422,17): error TS2304: Cannot find name 'DetailedHTMLFactory'.

Error in /Users/jq/project/TypeScript-React-Starter/node_modules/@types/react/index.d.ts
(3423,17): error TS2304: Cannot find name 'DetailedHTMLFactory'.

Error in /Users/jq/project/TypeScript-React-Starter/node_modules/@types/react/index.d.ts
(3424,18): error TS2304: Cannot find name 'DetailedHTMLFactory'.

Error in /Users/jq/project/TypeScript-React-Starter/node_modules/@types/react/index.d.ts
(3425,15): error TS2304: Cannot find name 'DetailedHTMLFactory'.

Error in /Users/jq/project/TypeScript-React-Starter/node_modules/@types/react/index.d.ts
(3426,15): error TS2304: Cannot find name 'DetailedHTMLFactory'.

Error in /Users/jq/project/TypeScript-React-Starter/node_modules/@types/react/index.d.ts
(3427,14): error TS2304: Cannot find name 'DetailedHTMLFactory'.

Error in /Users/jq/project/TypeScript-React-Starter/node_modules/@types/react/index.d.ts
(3428,19): error TS2304: Cannot find name 'DetailedHTMLFactory'.

Error in /Users/jq/project/TypeScript-React-Starter/node_modules/@types/react/index.d.ts
(3429,15): error TS2304: Cannot find name 'DetailedHTMLFactory'.

Error in /Users/jq/project/TypeScript-React-Starter/node_modules/@types/react/index.d.ts
(3430,19): error TS2304: Cannot find name 'DetailedHTMLFactory'.

Error in /Users/jq/project/TypeScript-React-Starter/node_modules/@types/react/index.d.ts
(3431,13): error TS2304: Cannot find name 'DetailedHTMLFactory'.

Error in /Users/jq/project/TypeScript-React-Starter/node_modules/@types/react/index.d.ts
(3432,14): error TS2304: Cannot find name 'DetailedHTMLFactory'.

Error in /Users/jq/project/TypeScript-React-Starter/node_modules/@types/react/index.d.ts
(3433,18): error TS2304: Cannot find name 'DetailedHTMLFactory'.

Error in /Users/jq/project/TypeScript-React-Starter/node_modules/@types/react/index.d.ts
(3434,14): error TS2304: Cannot find name 'DetailedHTMLFactory'.

Error in /Users/jq/project/TypeScript-React-Starter/node_modules/@types/react/index.d.ts
(3435,17): error TS2304: Cannot find name 'DetailedHTMLFactory'.

Error in /Users/jq/project/TypeScript-React-Starter/node_modules/@types/react/index.d.ts
(3436,14): error TS2304: Cannot find name 'DetailedHTMLFactory'.

Error in /Users/jq/project/TypeScript-React-Starter/node_modules/@types/react/index.d.ts
(3437,13): error TS2304: Cannot find name 'DetailedHTMLFactory'.

Error in /Users/jq/project/TypeScript-React-Starter/node_modules/@types/react/index.d.ts
(3438,13): error TS2304: Cannot find name 'DetailedHTMLFactory'.

Error in /Users/jq/project/TypeScript-React-Starter/node_modules/@types/react/index.d.ts
(3439,13): error TS2304: Cannot find name 'DetailedHTMLFactory'.

Error in /Users/jq/project/TypeScript-React-Starter/node_modules/@types/react/index.d.ts
(3440,16): error TS2304: Cannot find name 'DetailedHTMLFactory'.

Error in /Users/jq/project/TypeScript-React-Starter/node_modules/@types/react/index.d.ts
(3441,19): error TS2304: Cannot find name 'DetailedHTMLFactory'.

Error in /Users/jq/project/TypeScript-React-Starter/node_modules/@types/react/index.d.ts
(3442,21): error TS2304: Cannot find name 'DetailedHTMLFactory'.

Error in /Users/jq/project/TypeScript-React-Starter/node_modules/@types/react/index.d.ts
(3443,17): error TS2304: Cannot find name 'DetailedHTMLFactory'.

Error in /Users/jq/project/TypeScript-React-Starter/node_modules/@types/react/index.d.ts
(3444,17): error TS2304: Cannot find name 'DetailedHTMLFactory'.

Error in /Users/jq/project/TypeScript-React-Starter/node_modules/@types/react/index.d.ts
(3445,15): error TS2304: Cannot find name 'DetailedHTMLFactory'.

Error in /Users/jq/project/TypeScript-React-Starter/node_modules/@types/react/index.d.ts
(3446,13): error TS2304: Cannot find name 'DetailedHTMLFactory'.

Error in /Users/jq/project/TypeScript-React-Starter/node_modules/@types/react/index.d.ts
(3447,13): error TS2304: Cannot find name 'DetailedHTMLFactory'.

Error in /Users/jq/project/TypeScript-React-Starter/node_modules/@types/react/index.d.ts
(3448,13): error TS2304: Cannot find name 'DetailedHTMLFactory'.

Error in /Users/jq/project/TypeScript-React-Starter/node_modules/@types/react/index.d.ts
(3449,13): error TS2304: Cannot find name 'DetailedHTMLFactory'.

Error in /Users/jq/project/TypeScript-React-Starter/node_modules/@types/react/index.d.ts
(3450,13): error TS2304: Cannot find name 'DetailedHTMLFactory'.

Error in /Users/jq/project/TypeScript-React-Starter/node_modules/@types/react/index.d.ts
(3451,13): error TS2304: Cannot find name 'DetailedHTMLFactory'.

Error in /Users/jq/project/TypeScript-React-Starter/node_modules/@types/react/index.d.ts
(3452,15): error TS2304: Cannot find name 'DetailedHTMLFactory'.

Error in /Users/jq/project/TypeScript-React-Starter/node_modules/@types/react/index.d.ts
(3453,17): error TS2304: Cannot find name 'DetailedHTMLFactory'.

Error in /Users/jq/project/TypeScript-React-Starter/node_modules/@types/react/index.d.ts
(3454,17): error TS2304: Cannot find name 'DetailedHTMLFactory'.

Error in /Users/jq/project/TypeScript-React-Starter/node_modules/@types/react/index.d.ts
(3455,13): error TS2304: Cannot find name 'DetailedHTMLFactory'.

Error in /Users/jq/project/TypeScript-React-Starter/node_modules/@types/react/index.d.ts
(3456,15): error TS2304: Cannot find name 'DetailedHTMLFactory'.

Error in /Users/jq/project/TypeScript-React-Starter/node_modules/@types/react/index.d.ts
(3457,12): error TS2304: Cannot find name 'DetailedHTMLFactory'.

Error in /Users/jq/project/TypeScript-React-Starter/node_modules/@types/react/index.d.ts
(3458,17): error TS2304: Cannot find name 'DetailedHTMLFactory'.

Error in /Users/jq/project/TypeScript-React-Starter/node_modules/@types/react/index.d.ts
(3459,14): error TS2304: Cannot find name 'DetailedHTMLFactory'.

Error in /Users/jq/project/TypeScript-React-Starter/node_modules/@types/react/index.d.ts
(3460,16): error TS2304: Cannot find name 'DetailedHTMLFactory'.

Error in /Users/jq/project/TypeScript-React-Starter/node_modules/@types/react/index.d.ts
(3461,14): error TS2304: Cannot find name 'DetailedHTMLFactory'.

Error in /Users/jq/project/TypeScript-React-Starter/node_modules/@types/react/index.d.ts
(3462,14): error TS2304: Cannot find name 'DetailedHTMLFactory'.

Error in /Users/jq/project/TypeScript-React-Starter/node_modules/@types/react/index.d.ts
(3463,17): error TS2304: Cannot find name 'DetailedHTMLFactory'.

Error in /Users/jq/project/TypeScript-React-Starter/node_modules/@types/react/index.d.ts
(3464,16): error TS2304: Cannot find name 'DetailedHTMLFactory'.

Error in /Users/jq/project/TypeScript-React-Starter/node_modules/@types/react/index.d.ts
(3465,17): error TS2304: Cannot find name 'DetailedHTMLFactory'.

Error in /Users/jq/project/TypeScript-React-Starter/node_modules/@types/react/index.d.ts
(3466,13): error TS2304: Cannot find name 'DetailedHTMLFactory'.

Error in /Users/jq/project/TypeScript-React-Starter/node_modules/@types/react/index.d.ts
(3467,15): error TS2304: Cannot find name 'DetailedHTMLFactory'.

Error in /Users/jq/project/TypeScript-React-Starter/node_modules/@types/react/index.d.ts
(3468,15): error TS2304: Cannot find name 'DetailedHTMLFactory'.

Error in /Users/jq/project/TypeScript-React-Starter/node_modules/@types/react/index.d.ts
(3469,14): error TS2304: Cannot find name 'DetailedHTMLFactory'.

Error in /Users/jq/project/TypeScript-React-Starter/node_modules/@types/react/index.d.ts
(3470,15): error TS2304: Cannot find name 'DetailedHTMLFactory'.

Error in /Users/jq/project/TypeScript-React-Starter/node_modules/@types/react/index.d.ts
(3471,15): error TS2304: Cannot find name 'DetailedHTMLFactory'.

Error in /Users/jq/project/TypeScript-React-Starter/node_modules/@types/react/index.d.ts
(3472,19): error TS2304: Cannot find name 'DetailedHTMLFactory'.

Error in /Users/jq/project/TypeScript-React-Starter/node_modules/@types/react/index.d.ts
(3473,15): error TS2304: Cannot find name 'DetailedHTMLFactory'.

Error in /Users/jq/project/TypeScript-React-Starter/node_modules/@types/react/index.d.ts
(3474,16): error TS2304: Cannot find name 'DetailedHTMLFactory'.

Error in /Users/jq/project/TypeScript-React-Starter/node_modules/@types/react/index.d.ts
(3475,14): error TS2304: Cannot find name 'DetailedHTMLFactory'.

Error in /Users/jq/project/TypeScript-React-Starter/node_modules/@types/react/index.d.ts
(3476,19): error TS2304: Cannot find name 'DetailedHTMLFactory'.

Error in /Users/jq/project/TypeScript-React-Starter/node_modules/@types/react/index.d.ts
(3477,17): error TS2304: Cannot find name 'DetailedHTMLFactory'.

Error in /Users/jq/project/TypeScript-React-Starter/node_modules/@types/react/index.d.ts
(3478,13): error TS2304: Cannot find name 'DetailedHTMLFactory'.

Error in /Users/jq/project/TypeScript-React-Starter/node_modules/@types/react/index.d.ts
(3479,19): error TS2304: Cannot find name 'DetailedHTMLFactory'.

Error in /Users/jq/project/TypeScript-React-Starter/node_modules/@types/react/index.d.ts
(3480,17): error TS2304: Cannot find name 'DetailedHTMLFactory'.

Error in /Users/jq/project/TypeScript-React-Starter/node_modules/@types/react/index.d.ts
(3481,17): error TS2304: Cannot find name 'DetailedHTMLFactory'.

Error in /Users/jq/project/TypeScript-React-Starter/node_modules/@types/react/index.d.ts
(3482,12): error TS2304: Cannot find name 'DetailedHTMLFactory'.

Error in /Users/jq/project/TypeScript-React-Starter/node_modules/@types/react/index.d.ts
(3483,16): error TS2304: Cannot find name 'DetailedHTMLFactory'.

Error in /Users/jq/project/TypeScript-React-Starter/node_modules/@types/react/index.d.ts
(3484,18): error TS2304: Cannot find name 'DetailedHTMLFactory'.

Error in /Users/jq/project/TypeScript-React-Starter/node_modules/@types/react/index.d.ts
(3485,14): error TS2304: Cannot find name 'DetailedHTMLFactory'.

Error in /Users/jq/project/TypeScript-React-Starter/node_modules/@types/react/index.d.ts
(3486,19): error TS2304: Cannot find name 'DetailedHTMLFactory'.

Error in /Users/jq/project/TypeScript-React-Starter/node_modules/@types/react/index.d.ts
(3487,12): error TS2304: Cannot find name 'DetailedHTMLFactory'.

Error in /Users/jq/project/TypeScript-React-Starter/node_modules/@types/react/index.d.ts
(3488,13): error TS2304: Cannot find name 'DetailedHTMLFactory'.

Error in /Users/jq/project/TypeScript-React-Starter/node_modules/@types/react/index.d.ts
(3489,13): error TS2304: Cannot find name 'DetailedHTMLFactory'.

Error in /Users/jq/project/TypeScript-React-Starter/node_modules/@types/react/index.d.ts
(3490,15): error TS2304: Cannot find name 'DetailedHTMLFactory'.

Error in /Users/jq/project/TypeScript-React-Starter/node_modules/@types/react/index.d.ts
(3491,12): error TS2304: Cannot find name 'DetailedHTMLFactory'.

Error in /Users/jq/project/TypeScript-React-Starter/node_modules/@types/react/index.d.ts
(3492,15): error TS2304: Cannot find name 'DetailedHTMLFactory'.

Error in /Users/jq/project/TypeScript-React-Starter/node_modules/@types/react/index.d.ts
(3493,17): error TS2304: Cannot find name 'DetailedHTMLFactory'.

Error in /Users/jq/project/TypeScript-React-Starter/node_modules/@types/react/index.d.ts
(3494,18): error TS2304: Cannot find name 'DetailedHTMLFactory'.

Error in /Users/jq/project/TypeScript-React-Starter/node_modules/@types/react/index.d.ts
(3495,17): error TS2304: Cannot find name 'DetailedHTMLFactory'.

Error in /Users/jq/project/TypeScript-React-Starter/node_modules/@types/react/index.d.ts
(3496,16): error TS2304: Cannot find name 'DetailedHTMLFactory'.

Error in /Users/jq/project/TypeScript-React-Starter/node_modules/@types/react/index.d.ts
(3497,17): error TS2304: Cannot find name 'DetailedHTMLFactory'.

Error in /Users/jq/project/TypeScript-React-Starter/node_modules/@types/react/index.d.ts
(3498,15): error TS2304: Cannot find name 'DetailedHTMLFactory'.

Error in /Users/jq/project/TypeScript-React-Starter/node_modules/@types/react/index.d.ts
(3499,17): error TS2304: Cannot find name 'DetailedHTMLFactory'.

Error in /Users/jq/project/TypeScript-React-Starter/node_modules/@types/react/index.d.ts
(3500,16): error TS2304: Cannot find name 'DetailedHTMLFactory'.

Error in /Users/jq/project/TypeScript-React-Starter/node_modules/@types/react/index.d.ts
(3501,14): error TS2304: Cannot find name 'DetailedHTMLFactory'.

Error in /Users/jq/project/TypeScript-React-Starter/node_modules/@types/react/index.d.ts
(3502,18): error TS2304: Cannot find name 'DetailedHTMLFactory'.

Error in /Users/jq/project/TypeScript-React-Starter/node_modules/@types/react/index.d.ts
(3503,14): error TS2304: Cannot find name 'DetailedHTMLFactory'.

Error in /Users/jq/project/TypeScript-React-Starter/node_modules/@types/react/index.d.ts
(3504,16): error TS2304: Cannot find name 'DetailedHTMLFactory'.

Error in /Users/jq/project/TypeScript-React-Starter/node_modules/@types/react/index.d.ts
(3505,16): error TS2304: Cannot find name 'DetailedHTMLFactory'.

Error in /Users/jq/project/TypeScript-React-Starter/node_modules/@types/react/index.d.ts
(3506,13): error TS2304: Cannot find name 'DetailedHTMLFactory'.

Error in /Users/jq/project/TypeScript-React-Starter/node_modules/@types/react/index.d.ts
(3507,19): error TS2304: Cannot find name 'DetailedHTMLFactory'.

Error in /Users/jq/project/TypeScript-React-Starter/node_modules/@types/react/index.d.ts
(3508,16): error TS2304: Cannot find name 'DetailedHTMLFactory'.

Error in /Users/jq/project/TypeScript-React-Starter/node_modules/@types/react/index.d.ts
(3509,13): error TS2304: Cannot find name 'DetailedHTMLFactory'.

Error in /Users/jq/project/TypeScript-React-Starter/node_modules/@types/react/index.d.ts
(3510,16): error TS2304: Cannot find name 'DetailedHTMLFactory'.

Error in /Users/jq/project/TypeScript-React-Starter/node_modules/@types/react/index.d.ts
(3511,15): error TS2304: Cannot find name 'DetailedHTMLFactory'.

Error in /Users/jq/project/TypeScript-React-Starter/node_modules/@types/react/index.d.ts
(3512,16): error TS2304: Cannot find name 'DetailedHTMLFactory'.

Error in /Users/jq/project/TypeScript-React-Starter/node_modules/@types/react/index.d.ts
(3513,13): error TS2304: Cannot find name 'DetailedHTMLFactory'.

Error in /Users/jq/project/TypeScript-React-Starter/node_modules/@types/react/index.d.ts
(3514,16): error TS2304: Cannot find name 'DetailedHTMLFactory'.

Error in /Users/jq/project/TypeScript-React-Starter/node_modules/@types/react/index.d.ts
(3515,12): error TS2304: Cannot find name 'DetailedHTMLFactory'.

Error in /Users/jq/project/TypeScript-React-Starter/node_modules/@types/react/index.d.ts
(3516,13): error TS2304: Cannot find name 'DetailedHTMLFactory'.

Error in /Users/jq/project/TypeScript-React-Starter/node_modules/@types/react/index.d.ts
(3517,16): error TS2304: Cannot find name 'DetailedHTMLFactory'.

Error in /Users/jq/project/TypeScript-React-Starter/node_modules/@types/react/index.d.ts
(3518,16): error TS2304: Cannot find name 'DetailedHTMLFactory'.

Error in /Users/jq/project/TypeScript-React-Starter/node_modules/@types/react/index.d.ts
(3519,14): error TS2304: Cannot find name 'DetailedHTMLFactory'.

Error in /Users/jq/project/TypeScript-React-Starter/node_modules/@types/react/index.d.ts
(3520,18): error TS2304: Cannot find name 'DetailedHTMLFactory'.

Error in /Users/jq/project/TypeScript-React-Starter/node_modules/@types/react/index.d.ts
(3524,14): error TS2304: Cannot find name 'SVGFactory'.

Error in /Users/jq/project/TypeScript-React-Starter/node_modules/@types/react/index.d.ts
(3525,18): error TS2304: Cannot find name 'SVGFactory'.

Error in /Users/jq/project/TypeScript-React-Starter/node_modules/@types/react/index.d.ts
(3526,17): error TS2304: Cannot find name 'SVGFactory'.

Error in /Users/jq/project/TypeScript-React-Starter/node_modules/@types/react/index.d.ts
(3527,15): error TS2304: Cannot find name 'SVGFactory'.

Error in /Users/jq/project/TypeScript-React-Starter/node_modules/@types/react/index.d.ts
(3528,18): error TS2304: Cannot find name 'SVGFactory'.

Error in /Users/jq/project/TypeScript-React-Starter/node_modules/@types/react/index.d.ts
(3529,12): error TS2304: Cannot find name 'SVGFactory'.

Error in /Users/jq/project/TypeScript-React-Starter/node_modules/@types/react/index.d.ts
(3530,16): error TS2304: Cannot find name 'SVGFactory'.

Error in /Users/jq/project/TypeScript-React-Starter/node_modules/@types/react/index.d.ts
(3531,15): error TS2304: Cannot find name 'SVGFactory'.

Error in /Users/jq/project/TypeScript-React-Starter/node_modules/@types/react/index.d.ts
(3532,25): error TS2304: Cannot find name 'SVGFactory'.

Error in /Users/jq/project/TypeScript-React-Starter/node_modules/@types/react/index.d.ts
(3533,15): error TS2304: Cannot find name 'SVGFactory'.

Error in /Users/jq/project/TypeScript-React-Starter/node_modules/@types/react/index.d.ts
(3534,15): error TS2304: Cannot find name 'SVGFactory'.

Error in /Users/jq/project/TypeScript-React-Starter/node_modules/@types/react/index.d.ts
(3535,18): error TS2304: Cannot find name 'SVGFactory'.

Error in /Users/jq/project/TypeScript-React-Starter/node_modules/@types/react/index.d.ts
(3536,18): error TS2304: Cannot find name 'SVGFactory'.

Error in /Users/jq/project/TypeScript-React-Starter/node_modules/@types/react/index.d.ts
(3537,19): error TS2304: Cannot find name 'SVGFactory'.

Error in /Users/jq/project/TypeScript-React-Starter/node_modules/@types/react/index.d.ts
(3538,25): error TS2304: Cannot find name 'SVGFactory'.

Error in /Users/jq/project/TypeScript-React-Starter/node_modules/@types/react/index.d.ts
(3539,15): error TS2304: Cannot find name 'SVGFactory'.

Error in /Users/jq/project/TypeScript-React-Starter/node_modules/@types/react/index.d.ts
(3540,15): error TS2304: Cannot find name 'SVGFactory'.

Error in /Users/jq/project/TypeScript-React-Starter/node_modules/@types/react/index.d.ts
(3541,17): error TS2304: Cannot find name 'SVGFactory'.

Error in /Users/jq/project/TypeScript-React-Starter/node_modules/@types/react/index.d.ts
(3542,15): error TS2304: Cannot find name 'SVGFactory'.

Error in /Users/jq/project/TypeScript-React-Starter/node_modules/@types/react/index.d.ts
(3543,16): error TS2304: Cannot find name 'SVGFactory'.

Error in /Users/jq/project/TypeScript-React-Starter/node_modules/@types/react/index.d.ts
(3544,14): error TS2304: Cannot find name 'SVGFactory'.

Error in /Users/jq/project/TypeScript-React-Starter/node_modules/@types/react/index.d.ts
(3584,26): error TS2304: Cannot find name 'ReactElement'.

Error in /Users/jq/project/TypeScript-React-Starter/node_modules/@types/react/index.d.ts
(3585,26): error TS2304: Cannot find name 'ReactNode'.

Error in /Users/jq/project/TypeScript-React-Starter/node_modules/@types/react/index.d.ts
(3585,49): error TS2304: Cannot find name 'ReactChild'.

Error in /Users/jq/project/TypeScript-React-Starter/node_modules/@types/react/index.d.ts
(3586,27): error TS2304: Cannot find name 'ReactNode'.

Error in /Users/jq/project/TypeScript-React-Starter/node_modules/@types/react/index.d.ts
(3586,50): error TS2304: Cannot find name 'ReactChild'.

Error in /Users/jq/project/TypeScript-React-Starter/node_modules/@types/react/index.d.ts
(3587,25): error TS2304: Cannot find name 'ReactNode'.

Error in /Users/jq/project/TypeScript-React-Starter/node_modules/@types/react/index.d.ts
(3588,24): error TS2304: Cannot find name 'ReactNode'.

Error in /Users/jq/project/TypeScript-React-Starter/node_modules/@types/react/index.d.ts
(3588,36): error TS2304: Cannot find name 'ReactElement'.

Error in /Users/jq/project/TypeScript-React-Starter/node_modules/@types/react/index.d.ts
(3589,27): error TS2304: Cannot find name 'ReactNode'.

Error in /Users/jq/project/TypeScript-React-Starter/node_modules/@types/react/index.d.ts
(3589,39): error TS2304: Cannot find name 'ReactChild'.

Error in /Users/jq/project/TypeScript-React-Starter/node_modules/@types/react/index.d.ts
(3624,35): error TS2314: Generic type 'ReactElement<P, any>' requires 2 type argument(s).

Error in /Users/jq/project/TypeScript-React-Starter/node_modules/@types/react/index.d.ts
(3625,40): error TS2314: Generic type 'Component<P, S>' requires 2 type argument(s).

Error in /Users/jq/project/TypeScript-React-Starter/node_modules/@types/react/index.d.ts
(3634,19): error TS2320: Interface 'IntrinsicClassAttributes<T>' cannot simultaneously extend types 'ClassAttributes<T>' and 'ClassAttributes<T>'.
  Named property 'ref' of types 'ClassAttributes<T>' and 'ClassAttributes<T>' are not identical.

Error in /Users/jq/project/TypeScript-React-Starter/node_modules/@types/react/index.d.ts
(3638,22): error TS2694: Namespace 'React' has no exported member 'DetailedHTMLProps'.

Error in /Users/jq/project/TypeScript-React-Starter/node_modules/@types/react/index.d.ts
(3639,25): error TS2694: Namespace 'React' has no exported member 'DetailedHTMLProps'.

Error in /Users/jq/project/TypeScript-React-Starter/node_modules/@types/react/index.d.ts
(3640,28): error TS2694: Namespace 'React' has no exported member 'DetailedHTMLProps'.

Error in /Users/jq/project/TypeScript-React-Starter/node_modules/@types/react/index.d.ts
(3641,25): error TS2694: Namespace 'React' has no exported member 'DetailedHTMLProps'.

Error in /Users/jq/project/TypeScript-React-Starter/node_modules/@types/react/index.d.ts
(3642,28): error TS2694: Namespace 'React' has no exported member 'DetailedHTMLProps'.

Error in /Users/jq/project/TypeScript-React-Starter/node_modules/@types/react/index.d.ts
(3643,26): error TS2694: Namespace 'React' has no exported member 'DetailedHTMLProps'.

Error in /Users/jq/project/TypeScript-React-Starter/node_modules/@types/react/index.d.ts
(3644,26): error TS2694: Namespace 'React' has no exported member 'DetailedHTMLProps'.

Error in /Users/jq/project/TypeScript-React-Starter/node_modules/@types/react/index.d.ts
(3645,22): error TS2694: Namespace 'React' has no exported member 'DetailedHTMLProps'.

Error in /Users/jq/project/TypeScript-React-Starter/node_modules/@types/react/index.d.ts
(3646,25): error TS2694: Namespace 'React' has no exported member 'DetailedHTMLProps'.

Error in /Users/jq/project/TypeScript-React-Starter/node_modules/@types/react/index.d.ts
(3647,24): error TS2694: Namespace 'React' has no exported member 'DetailedHTMLProps'.

Error in /Users/jq/project/TypeScript-React-Starter/node_modules/@types/react/index.d.ts
(3648,24): error TS2694: Namespace 'React' has no exported member 'DetailedHTMLProps'.

Error in /Users/jq/project/TypeScript-React-Starter/node_modules/@types/react/index.d.ts
(3649,24): error TS2694: Namespace 'React' has no exported member 'DetailedHTMLProps'.

Error in /Users/jq/project/TypeScript-React-Starter/node_modules/@types/react/index.d.ts
(3650,31): error TS2694: Namespace 'React' has no exported member 'DetailedHTMLProps'.

Error in /Users/jq/project/TypeScript-React-Starter/node_modules/@types/react/index.d.ts
(3651,25): error TS2694: Namespace 'React' has no exported member 'DetailedHTMLProps'.

Error in /Users/jq/project/TypeScript-React-Starter/node_modules/@types/react/index.d.ts
(3652,23): error TS2694: Namespace 'React' has no exported member 'DetailedHTMLProps'.

Error in /Users/jq/project/TypeScript-React-Starter/node_modules/@types/react/index.d.ts
(3653,27): error TS2694: Namespace 'React' has no exported member 'DetailedHTMLProps'.

Error in /Users/jq/project/TypeScript-React-Starter/node_modules/@types/react/index.d.ts
(3654,27): error TS2694: Namespace 'React' has no exported member 'DetailedHTMLProps'.

Error in /Users/jq/project/TypeScript-React-Starter/node_modules/@types/react/index.d.ts
(3655,28): error TS2694: Namespace 'React' has no exported member 'DetailedHTMLProps'.

Error in /Users/jq/project/TypeScript-React-Starter/node_modules/@types/react/index.d.ts
(3656,25): error TS2694: Namespace 'React' has no exported member 'DetailedHTMLProps'.

Error in /Users/jq/project/TypeScript-React-Starter/node_modules/@types/react/index.d.ts
(3657,25): error TS2694: Namespace 'React' has no exported member 'DetailedHTMLProps'.

Error in /Users/jq/project/TypeScript-React-Starter/node_modules/@types/react/index.d.ts
(3658,24): error TS2694: Namespace 'React' has no exported member 'DetailedHTMLProps'.

Error in /Users/jq/project/TypeScript-React-Starter/node_modules/@types/react/index.d.ts
(3659,29): error TS2694: Namespace 'React' has no exported member 'DetailedHTMLProps'.

Error in /Users/jq/project/TypeScript-React-Starter/node_modules/@types/react/index.d.ts
(3660,25): error TS2694: Namespace 'React' has no exported member 'DetailedHTMLProps'.

Error in /Users/jq/project/TypeScript-React-Starter/node_modules/@types/react/index.d.ts
(3661,29): error TS2694: Namespace 'React' has no exported member 'DetailedHTMLProps'.

Error in /Users/jq/project/TypeScript-React-Starter/node_modules/@types/react/index.d.ts
(3662,23): error TS2694: Namespace 'React' has no exported member 'DetailedHTMLProps'.

Error in /Users/jq/project/TypeScript-React-Starter/node_modules/@types/react/index.d.ts
(3663,24): error TS2694: Namespace 'React' has no exported member 'DetailedHTMLProps'.

Error in /Users/jq/project/TypeScript-React-Starter/node_modules/@types/react/index.d.ts
(3664,28): error TS2694: Namespace 'React' has no exported member 'DetailedHTMLProps'.

Error in /Users/jq/project/TypeScript-React-Starter/node_modules/@types/react/index.d.ts
(3665,24): error TS2694: Namespace 'React' has no exported member 'DetailedHTMLProps'.

Error in /Users/jq/project/TypeScript-React-Starter/node_modules/@types/react/index.d.ts
(3666,27): error TS2694: Namespace 'React' has no exported member 'DetailedHTMLProps'.

Error in /Users/jq/project/TypeScript-React-Starter/node_modules/@types/react/index.d.ts
(3667,24): error TS2694: Namespace 'React' has no exported member 'DetailedHTMLProps'.

Error in /Users/jq/project/TypeScript-React-Starter/node_modules/@types/react/index.d.ts
(3668,23): error TS2694: Namespace 'React' has no exported member 'DetailedHTMLProps'.

Error in /Users/jq/project/TypeScript-React-Starter/node_modules/@types/react/index.d.ts
(3669,23): error TS2694: Namespace 'React' has no exported member 'DetailedHTMLProps'.

Error in /Users/jq/project/TypeScript-React-Starter/node_modules/@types/react/index.d.ts
(3670,23): error TS2694: Namespace 'React' has no exported member 'DetailedHTMLProps'.

Error in /Users/jq/project/TypeScript-React-Starter/node_modules/@types/react/index.d.ts
(3671,26): error TS2694: Namespace 'React' has no exported member 'DetailedHTMLProps'.

Error in /Users/jq/project/TypeScript-React-Starter/node_modules/@types/react/index.d.ts
(3672,29): error TS2694: Namespace 'React' has no exported member 'DetailedHTMLProps'.

Error in /Users/jq/project/TypeScript-React-Starter/node_modules/@types/react/index.d.ts
(3673,31): error TS2694: Namespace 'React' has no exported member 'DetailedHTMLProps'.

Error in /Users/jq/project/TypeScript-React-Starter/node_modules/@types/react/index.d.ts
(3674,27): error TS2694: Namespace 'React' has no exported member 'DetailedHTMLProps'.

Error in /Users/jq/project/TypeScript-React-Starter/node_modules/@types/react/index.d.ts
(3675,27): error TS2694: Namespace 'React' has no exported member 'DetailedHTMLProps'.

Error in /Users/jq/project/TypeScript-React-Starter/node_modules/@types/react/index.d.ts
(3676,25): error TS2694: Namespace 'React' has no exported member 'DetailedHTMLProps'.

Error in /Users/jq/project/TypeScript-React-Starter/node_modules/@types/react/index.d.ts
(3677,23): error TS2694: Namespace 'React' has no exported member 'DetailedHTMLProps'.

Error in /Users/jq/project/TypeScript-React-Starter/node_modules/@types/react/index.d.ts
(3678,23): error TS2694: Namespace 'React' has no exported member 'DetailedHTMLProps'.

Error in /Users/jq/project/TypeScript-React-Starter/node_modules/@types/react/index.d.ts
(3679,23): error TS2694: Namespace 'React' has no exported member 'DetailedHTMLProps'.

Error in /Users/jq/project/TypeScript-React-Starter/node_modules/@types/react/index.d.ts
(3680,23): error TS2694: Namespace 'React' has no exported member 'DetailedHTMLProps'.

Error in /Users/jq/project/TypeScript-React-Starter/node_modules/@types/react/index.d.ts
(3681,23): error TS2694: Namespace 'React' has no exported member 'DetailedHTMLProps'.

Error in /Users/jq/project/TypeScript-React-Starter/node_modules/@types/react/index.d.ts
(3682,23): error TS2694: Namespace 'React' has no exported member 'DetailedHTMLProps'.

Error in /Users/jq/project/TypeScript-React-Starter/node_modules/@types/react/index.d.ts
(3683,25): error TS2694: Namespace 'React' has no exported member 'DetailedHTMLProps'.

Error in /Users/jq/project/TypeScript-React-Starter/node_modules/@types/react/index.d.ts
(3684,27): error TS2694: Namespace 'React' has no exported member 'DetailedHTMLProps'.

Error in /Users/jq/project/TypeScript-React-Starter/node_modules/@types/react/index.d.ts
(3685,27): error TS2694: Namespace 'React' has no exported member 'DetailedHTMLProps'.

Error in /Users/jq/project/TypeScript-React-Starter/node_modules/@types/react/index.d.ts
(3686,23): error TS2694: Namespace 'React' has no exported member 'DetailedHTMLProps'.

Error in /Users/jq/project/TypeScript-React-Starter/node_modules/@types/react/index.d.ts
(3687,25): error TS2694: Namespace 'React' has no exported member 'DetailedHTMLProps'.

Error in /Users/jq/project/TypeScript-React-Starter/node_modules/@types/react/index.d.ts
(3688,22): error TS2694: Namespace 'React' has no exported member 'DetailedHTMLProps'.

Error in /Users/jq/project/TypeScript-React-Starter/node_modules/@types/react/index.d.ts
(3689,27): error TS2694: Namespace 'React' has no exported member 'DetailedHTMLProps'.

Error in /Users/jq/project/TypeScript-React-Starter/node_modules/@types/react/index.d.ts
(3690,24): error TS2694: Namespace 'React' has no exported member 'DetailedHTMLProps'.

Error in /Users/jq/project/TypeScript-React-Starter/node_modules/@types/react/index.d.ts
(3691,26): error TS2694: Namespace 'React' has no exported member 'DetailedHTMLProps'.

Error in /Users/jq/project/TypeScript-React-Starter/node_modules/@types/react/index.d.ts
(3692,24): error TS2694: Namespace 'React' has no exported member 'DetailedHTMLProps'.

Error in /Users/jq/project/TypeScript-React-Starter/node_modules/@types/react/index.d.ts
(3693,24): error TS2694: Namespace 'React' has no exported member 'DetailedHTMLProps'.

Error in /Users/jq/project/TypeScript-React-Starter/node_modules/@types/react/index.d.ts
(3694,27): error TS2694: Namespace 'React' has no exported member 'DetailedHTMLProps'.

Error in /Users/jq/project/TypeScript-React-Starter/node_modules/@types/react/index.d.ts
(3695,26): error TS2694: Namespace 'React' has no exported member 'DetailedHTMLProps'.

Error in /Users/jq/project/TypeScript-React-Starter/node_modules/@types/react/index.d.ts
(3696,27): error TS2694: Namespace 'React' has no exported member 'DetailedHTMLProps'.

Error in /Users/jq/project/TypeScript-React-Starter/node_modules/@types/react/index.d.ts
(3697,23): error TS2694: Namespace 'React' has no exported member 'DetailedHTMLProps'.

Error in /Users/jq/project/TypeScript-React-Starter/node_modules/@types/react/index.d.ts
(3698,25): error TS2694: Namespace 'React' has no exported member 'DetailedHTMLProps'.

Error in /Users/jq/project/TypeScript-React-Starter/node_modules/@types/react/index.d.ts
(3699,25): error TS2694: Namespace 'React' has no exported member 'DetailedHTMLProps'.

Error in /Users/jq/project/TypeScript-React-Starter/node_modules/@types/react/index.d.ts
(3700,24): error TS2694: Namespace 'React' has no exported member 'DetailedHTMLProps'.

Error in /Users/jq/project/TypeScript-React-Starter/node_modules/@types/react/index.d.ts
(3701,25): error TS2694: Namespace 'React' has no exported member 'DetailedHTMLProps'.

Error in /Users/jq/project/TypeScript-React-Starter/node_modules/@types/react/index.d.ts
(3702,25): error TS2694: Namespace 'React' has no exported member 'DetailedHTMLProps'.

Error in /Users/jq/project/TypeScript-React-Starter/node_modules/@types/react/index.d.ts
(3703,29): error TS2694: Namespace 'React' has no exported member 'DetailedHTMLProps'.

Error in /Users/jq/project/TypeScript-React-Starter/node_modules/@types/react/index.d.ts
(3704,25): error TS2694: Namespace 'React' has no exported member 'DetailedHTMLProps'.

Error in /Users/jq/project/TypeScript-React-Starter/node_modules/@types/react/index.d.ts
(3705,26): error TS2694: Namespace 'React' has no exported member 'DetailedHTMLProps'.

Error in /Users/jq/project/TypeScript-React-Starter/node_modules/@types/react/index.d.ts
(3706,24): error TS2694: Namespace 'React' has no exported member 'DetailedHTMLProps'.

Error in /Users/jq/project/TypeScript-React-Starter/node_modules/@types/react/index.d.ts
(3707,28): error TS2694: Namespace 'React' has no exported member 'DetailedHTMLProps'.

Error in /Users/jq/project/TypeScript-React-Starter/node_modules/@types/react/index.d.ts
(3708,29): error TS2694: Namespace 'React' has no exported member 'DetailedHTMLProps'.

Error in /Users/jq/project/TypeScript-React-Starter/node_modules/@types/react/index.d.ts
(3709,27): error TS2694: Namespace 'React' has no exported member 'DetailedHTMLProps'.

Error in /Users/jq/project/TypeScript-React-Starter/node_modules/@types/react/index.d.ts
(3710,23): error TS2694: Namespace 'React' has no exported member 'DetailedHTMLProps'.

Error in /Users/jq/project/TypeScript-React-Starter/node_modules/@types/react/index.d.ts
(3711,29): error TS2694: Namespace 'React' has no exported member 'DetailedHTMLProps'.

Error in /Users/jq/project/TypeScript-React-Starter/node_modules/@types/react/index.d.ts
(3712,27): error TS2694: Namespace 'React' has no exported member 'DetailedHTMLProps'.

Error in /Users/jq/project/TypeScript-React-Starter/node_modules/@types/react/index.d.ts
(3713,27): error TS2694: Namespace 'React' has no exported member 'DetailedHTMLProps'.

Error in /Users/jq/project/TypeScript-React-Starter/node_modules/@types/react/index.d.ts
(3714,22): error TS2694: Namespace 'React' has no exported member 'DetailedHTMLProps'.

Error in /Users/jq/project/TypeScript-React-Starter/node_modules/@types/react/index.d.ts
(3715,26): error TS2694: Namespace 'React' has no exported member 'DetailedHTMLProps'.

Error in /Users/jq/project/TypeScript-React-Starter/node_modules/@types/react/index.d.ts
(3716,28): error TS2694: Namespace 'React' has no exported member 'DetailedHTMLProps'.

Error in /Users/jq/project/TypeScript-React-Starter/node_modules/@types/react/index.d.ts
(3717,24): error TS2694: Namespace 'React' has no exported member 'DetailedHTMLProps'.

Error in /Users/jq/project/TypeScript-React-Starter/node_modules/@types/react/index.d.ts
(3718,29): error TS2694: Namespace 'React' has no exported member 'DetailedHTMLProps'.

Error in /Users/jq/project/TypeScript-React-Starter/node_modules/@types/react/index.d.ts
(3719,22): error TS2694: Namespace 'React' has no exported member 'DetailedHTMLProps'.

Error in /Users/jq/project/TypeScript-React-Starter/node_modules/@types/react/index.d.ts
(3720,23): error TS2694: Namespace 'React' has no exported member 'DetailedHTMLProps'.

Error in /Users/jq/project/TypeScript-React-Starter/node_modules/@types/react/index.d.ts
(3721,23): error TS2694: Namespace 'React' has no exported member 'DetailedHTMLProps'.

Error in /Users/jq/project/TypeScript-React-Starter/node_modules/@types/react/index.d.ts
(3722,25): error TS2694: Namespace 'React' has no exported member 'DetailedHTMLProps'.

Error in /Users/jq/project/TypeScript-React-Starter/node_modules/@types/react/index.d.ts
(3723,22): error TS2694: Namespace 'React' has no exported member 'DetailedHTMLProps'.

Error in /Users/jq/project/TypeScript-React-Starter/node_modules/@types/react/index.d.ts
(3724,25): error TS2694: Namespace 'React' has no exported member 'DetailedHTMLProps'.

Error in /Users/jq/project/TypeScript-React-Starter/node_modules/@types/react/index.d.ts
(3725,27): error TS2694: Namespace 'React' has no exported member 'DetailedHTMLProps'.

Error in /Users/jq/project/TypeScript-React-Starter/node_modules/@types/react/index.d.ts
(3726,28): error TS2694: Namespace 'React' has no exported member 'DetailedHTMLProps'.

Error in /Users/jq/project/TypeScript-React-Starter/node_modules/@types/react/index.d.ts
(3727,27): error TS2694: Namespace 'React' has no exported member 'DetailedHTMLProps'.

Error in /Users/jq/project/TypeScript-React-Starter/node_modules/@types/react/index.d.ts
(3728,26): error TS2694: Namespace 'React' has no exported member 'DetailedHTMLProps'.

Error in /Users/jq/project/TypeScript-React-Starter/node_modules/@types/react/index.d.ts
(3729,27): error TS2694: Namespace 'React' has no exported member 'DetailedHTMLProps'.

Error in /Users/jq/project/TypeScript-React-Starter/node_modules/@types/react/index.d.ts
(3730,25): error TS2694: Namespace 'React' has no exported member 'DetailedHTMLProps'.

Error in /Users/jq/project/TypeScript-React-Starter/node_modules/@types/react/index.d.ts
(3731,27): error TS2694: Namespace 'React' has no exported member 'DetailedHTMLProps'.

Error in /Users/jq/project/TypeScript-React-Starter/node_modules/@types/react/index.d.ts
(3732,26): error TS2694: Namespace 'React' has no exported member 'DetailedHTMLProps'.

Error in /Users/jq/project/TypeScript-React-Starter/node_modules/@types/react/index.d.ts
(3733,24): error TS2694: Namespace 'React' has no exported member 'DetailedHTMLProps'.

Error in /Users/jq/project/TypeScript-React-Starter/node_modules/@types/react/index.d.ts
(3734,28): error TS2694: Namespace 'React' has no exported member 'DetailedHTMLProps'.

Error in /Users/jq/project/TypeScript-React-Starter/node_modules/@types/react/index.d.ts
(3735,24): error TS2694: Namespace 'React' has no exported member 'DetailedHTMLProps'.

Error in /Users/jq/project/TypeScript-React-Starter/node_modules/@types/react/index.d.ts
(3736,26): error TS2694: Namespace 'React' has no exported member 'DetailedHTMLProps'.

Error in /Users/jq/project/TypeScript-React-Starter/node_modules/@types/react/index.d.ts
(3737,26): error TS2694: Namespace 'React' has no exported member 'DetailedHTMLProps'.

Error in /Users/jq/project/TypeScript-React-Starter/node_modules/@types/react/index.d.ts
(3738,23): error TS2694: Namespace 'React' has no exported member 'DetailedHTMLProps'.

Error in /Users/jq/project/TypeScript-React-Starter/node_modules/@types/react/index.d.ts
(3739,29): error TS2694: Namespace 'React' has no exported member 'DetailedHTMLProps'.

Error in /Users/jq/project/TypeScript-React-Starter/node_modules/@types/react/index.d.ts
(3740,26): error TS2694: Namespace 'React' has no exported member 'DetailedHTMLProps'.

Error in /Users/jq/project/TypeScript-React-Starter/node_modules/@types/react/index.d.ts
(3741,23): error TS2694: Namespace 'React' has no exported member 'DetailedHTMLProps'.

Error in /Users/jq/project/TypeScript-React-Starter/node_modules/@types/react/index.d.ts
(3742,26): error TS2694: Namespace 'React' has no exported member 'DetailedHTMLProps'.

Error in /Users/jq/project/TypeScript-React-Starter/node_modules/@types/react/index.d.ts
(3743,25): error TS2694: Namespace 'React' has no exported member 'DetailedHTMLProps'.

Error in /Users/jq/project/TypeScript-React-Starter/node_modules/@types/react/index.d.ts
(3744,26): error TS2694: Namespace 'React' has no exported member 'DetailedHTMLProps'.

Error in /Users/jq/project/TypeScript-React-Starter/node_modules/@types/react/index.d.ts
(3745,23): error TS2694: Namespace 'React' has no exported member 'DetailedHTMLProps'.

Error in /Users/jq/project/TypeScript-React-Starter/node_modules/@types/react/index.d.ts
(3746,26): error TS2694: Namespace 'React' has no exported member 'DetailedHTMLProps'.

Error in /Users/jq/project/TypeScript-React-Starter/node_modules/@types/react/index.d.ts
(3747,22): error TS2694: Namespace 'React' has no exported member 'DetailedHTMLProps'.

Error in /Users/jq/project/TypeScript-React-Starter/node_modules/@types/react/index.d.ts
(3748,23): error TS2694: Namespace 'React' has no exported member 'DetailedHTMLProps'.

Error in /Users/jq/project/TypeScript-React-Starter/node_modules/@types/react/index.d.ts
(3749,26): error TS2694: Namespace 'React' has no exported member 'DetailedHTMLProps'.

Error in /Users/jq/project/TypeScript-React-Starter/node_modules/@types/react/index.d.ts
(3750,26): error TS2694: Namespace 'React' has no exported member 'DetailedHTMLProps'.

Error in /Users/jq/project/TypeScript-React-Starter/node_modules/@types/react/index.d.ts
(3751,24): error TS2694: Namespace 'React' has no exported member 'DetailedHTMLProps'.

Error in /Users/jq/project/TypeScript-React-Starter/node_modules/@types/react/index.d.ts
(3752,28): error TS2694: Namespace 'React' has no exported member 'DetailedHTMLProps'.

Error in /Users/jq/project/TypeScript-React-Starter/node_modules/@types/react/index.d.ts
(3755,24): error TS2694: Namespace 'React' has no exported member 'SVGProps'.

Error in /Users/jq/project/TypeScript-React-Starter/node_modules/@types/react/index.d.ts
(3757,28): error TS2694: Namespace 'React' has no exported member 'SVGProps'.

Error in /Users/jq/project/TypeScript-React-Starter/node_modules/@types/react/index.d.ts
(3758,37): error TS2694: Namespace 'React' has no exported member 'SVGProps'.

Error in /Users/jq/project/TypeScript-React-Starter/node_modules/@types/react/index.d.ts
(3759,27): error TS2694: Namespace 'React' has no exported member 'SVGProps'.

Error in /Users/jq/project/TypeScript-React-Starter/node_modules/@types/react/index.d.ts
(3760,29): error TS2694: Namespace 'React' has no exported member 'SVGProps'.

Error in /Users/jq/project/TypeScript-React-Starter/node_modules/@types/react/index.d.ts
(3761,25): error TS2694: Namespace 'React' has no exported member 'SVGProps'.

Error in /Users/jq/project/TypeScript-React-Starter/node_modules/@types/react/index.d.ts
(3762,25): error TS2694: Namespace 'React' has no exported member 'SVGProps'.

Error in /Users/jq/project/TypeScript-React-Starter/node_modules/@types/react/index.d.ts
(3763,28): error TS2694: Namespace 'React' has no exported member 'SVGProps'.

Error in /Users/jq/project/TypeScript-React-Starter/node_modules/@types/react/index.d.ts
(3764,28): error TS2694: Namespace 'React' has no exported member 'SVGProps'.

Error in /Users/jq/project/TypeScript-React-Starter/node_modules/@types/react/index.d.ts
(3765,34): error TS2694: Namespace 'React' has no exported member 'SVGProps'.

Error in /Users/jq/project/TypeScript-React-Starter/node_modules/@types/react/index.d.ts
(3766,40): error TS2694: Namespace 'React' has no exported member 'SVGProps'.

Error in /Users/jq/project/TypeScript-React-Starter/node_modules/@types/react/index.d.ts
(3767,32): error TS2694: Namespace 'React' has no exported member 'SVGProps'.

Error in /Users/jq/project/TypeScript-React-Starter/node_modules/@types/react/index.d.ts
(3768,37): error TS2694: Namespace 'React' has no exported member 'SVGProps'.

Error in /Users/jq/project/TypeScript-React-Starter/node_modules/@types/react/index.d.ts
(3769,38): error TS2694: Namespace 'React' has no exported member 'SVGProps'.

Error in /Users/jq/project/TypeScript-React-Starter/node_modules/@types/react/index.d.ts
(3770,38): error TS2694: Namespace 'React' has no exported member 'SVGProps'.

Error in /Users/jq/project/TypeScript-React-Starter/node_modules/@types/react/index.d.ts
(3771,35): error TS2694: Namespace 'React' has no exported member 'SVGProps'.

Error in /Users/jq/project/TypeScript-React-Starter/node_modules/@types/react/index.d.ts
(3772,28): error TS2694: Namespace 'React' has no exported member 'SVGProps'.

Error in /Users/jq/project/TypeScript-React-Starter/node_modules/@types/react/index.d.ts
(3773,28): error TS2694: Namespace 'React' has no exported member 'SVGProps'.

Error in /Users/jq/project/TypeScript-React-Starter/node_modules/@types/react/index.d.ts
(3774,28): error TS2694: Namespace 'React' has no exported member 'SVGProps'.

Error in /Users/jq/project/TypeScript-React-Starter/node_modules/@types/react/index.d.ts
(3775,28): error TS2694: Namespace 'React' has no exported member 'SVGProps'.

Error in /Users/jq/project/TypeScript-React-Starter/node_modules/@types/react/index.d.ts
(3776,28): error TS2694: Namespace 'React' has no exported member 'SVGProps'.

Error in /Users/jq/project/TypeScript-React-Starter/node_modules/@types/react/index.d.ts
(3777,35): error TS2694: Namespace 'React' has no exported member 'SVGProps'.

Error in /Users/jq/project/TypeScript-React-Starter/node_modules/@types/react/index.d.ts
(3778,28): error TS2694: Namespace 'React' has no exported member 'SVGProps'.

Error in /Users/jq/project/TypeScript-React-Starter/node_modules/@types/react/index.d.ts
(3779,28): error TS2694: Namespace 'React' has no exported member 'SVGProps'.

Error in /Users/jq/project/TypeScript-React-Starter/node_modules/@types/react/index.d.ts
(3780,32): error TS2694: Namespace 'React' has no exported member 'SVGProps'.

Error in /Users/jq/project/TypeScript-React-Starter/node_modules/@types/react/index.d.ts
(3781,33): error TS2694: Namespace 'React' has no exported member 'SVGProps'.

Error in /Users/jq/project/TypeScript-React-Starter/node_modules/@types/react/index.d.ts
(3782,29): error TS2694: Namespace 'React' has no exported member 'SVGProps'.

Error in /Users/jq/project/TypeScript-React-Starter/node_modules/@types/react/index.d.ts
(3783,33): error TS2694: Namespace 'React' has no exported member 'SVGProps'.

Error in /Users/jq/project/TypeScript-React-Starter/node_modules/@types/react/index.d.ts
(3784,39): error TS2694: Namespace 'React' has no exported member 'SVGProps'.

Error in /Users/jq/project/TypeScript-React-Starter/node_modules/@types/react/index.d.ts
(3785,32): error TS2694: Namespace 'React' has no exported member 'SVGProps'.

Error in /Users/jq/project/TypeScript-React-Starter/node_modules/@types/react/index.d.ts
(3786,27): error TS2694: Namespace 'React' has no exported member 'SVGProps'.

Error in /Users/jq/project/TypeScript-React-Starter/node_modules/@types/react/index.d.ts
(3787,33): error TS2694: Namespace 'React' has no exported member 'SVGProps'.

Error in /Users/jq/project/TypeScript-React-Starter/node_modules/@types/react/index.d.ts
(3788,27): error TS2694: Namespace 'React' has no exported member 'SVGProps'.

Error in /Users/jq/project/TypeScript-React-Starter/node_modules/@types/react/index.d.ts
(3789,34): error TS2694: Namespace 'React' has no exported member 'SVGProps'.

Error in /Users/jq/project/TypeScript-React-Starter/node_modules/@types/react/index.d.ts
(3790,22): error TS2694: Namespace 'React' has no exported member 'SVGProps'.

Error in /Users/jq/project/TypeScript-React-Starter/node_modules/@types/react/index.d.ts
(3791,26): error TS2694: Namespace 'React' has no exported member 'SVGProps'.

Error in /Users/jq/project/TypeScript-React-Starter/node_modules/@types/react/index.d.ts
(3792,25): error TS2694: Namespace 'React' has no exported member 'SVGProps'.

Error in /Users/jq/project/TypeScript-React-Starter/node_modules/@types/react/index.d.ts
(3793,35): error TS2694: Namespace 'React' has no exported member 'SVGProps'.

Error in /Users/jq/project/TypeScript-React-Starter/node_modules/@types/react/index.d.ts
(3794,27): error TS2694: Namespace 'React' has no exported member 'SVGProps'.

Error in /Users/jq/project/TypeScript-React-Starter/node_modules/@types/react/index.d.ts
(3795,25): error TS2694: Namespace 'React' has no exported member 'SVGProps'.

Error in /Users/jq/project/TypeScript-React-Starter/node_modules/@types/react/index.d.ts
(3796,29): error TS2694: Namespace 'React' has no exported member 'SVGProps'.

Error in /Users/jq/project/TypeScript-React-Starter/node_modules/@types/react/index.d.ts
(3797,25): error TS2694: Namespace 'React' has no exported member 'SVGProps'.

Error in /Users/jq/project/TypeScript-React-Starter/node_modules/@types/react/index.d.ts
(3798,28): error TS2694: Namespace 'React' has no exported member 'SVGProps'.

Error in /Users/jq/project/TypeScript-React-Starter/node_modules/@types/react/index.d.ts
(3799,28): error TS2694: Namespace 'React' has no exported member 'SVGProps'.

Error in /Users/jq/project/TypeScript-React-Starter/node_modules/@types/react/index.d.ts
(3800,29): error TS2694: Namespace 'React' has no exported member 'SVGProps'.

Error in /Users/jq/project/TypeScript-React-Starter/node_modules/@types/react/index.d.ts
(3801,35): error TS2694: Namespace 'React' has no exported member 'SVGProps'.

Error in /Users/jq/project/TypeScript-React-Starter/node_modules/@types/react/index.d.ts
(3802,25): error TS2694: Namespace 'React' has no exported member 'SVGProps'.

Error in /Users/jq/project/TypeScript-React-Starter/node_modules/@types/react/index.d.ts
(3803,25): error TS2694: Namespace 'React' has no exported member 'SVGProps'.

Error in /Users/jq/project/TypeScript-React-Starter/node_modules/@types/react/index.d.ts
(3804,27): error TS2694: Namespace 'React' has no exported member 'SVGProps'.

Error in /Users/jq/project/TypeScript-React-Starter/node_modules/@types/react/index.d.ts
(3805,27): error TS2694: Namespace 'React' has no exported member 'SVGProps'.

Error in /Users/jq/project/TypeScript-React-Starter/node_modules/@types/react/index.d.ts
(3806,25): error TS2694: Namespace 'React' has no exported member 'SVGProps'.

Error in /Users/jq/project/TypeScript-React-Starter/node_modules/@types/react/index.d.ts
(3807,29): error TS2694: Namespace 'React' has no exported member 'SVGProps'.

Error in /Users/jq/project/TypeScript-React-Starter/node_modules/@types/react/index.d.ts
(3808,26): error TS2694: Namespace 'React' has no exported member 'SVGProps'.

Error in /Users/jq/project/TypeScript-React-Starter/node_modules/@types/react/index.d.ts
(3809,24): error TS2694: Namespace 'React' has no exported member 'SVGProps'.

Error in /Users/jq/project/TypeScript-React-Starter/node_modules/@types/react/index.d.ts
(3810,25): error TS2694: Namespace 'React' has no exported member 'SVGProps'.
```
TSLint will be deprecated. Can this be updated to the typescript-eslint configuration ?
Then how to handle all the react's hooks' type ?
![20190423160955](https://user-images.githubusercontent.com/1409603/56565153-4a97fe00-65e2-11e9-8f25-79c6166743aa.jpg)

This export changed recently. See https://github.com/DefinitelyTyped/DefinitelyTyped/issues/26840

The tslint.json itself didn't meet the lint rules 😂
![Screenshot from 2019-03-24 17-11-14](https://user-images.githubusercontent.com/30416891/54878845-2799f300-4e58-11e9-959d-5ded136ff298.png)

Can someone please help me with this?