I can't say for sure this is a bug, but surely it seems odd.

In the below example I would expect capture() to engage only when the full list of parameters to verify() matches, however the opposite seems to be true.


```kotlin
interface ExternalService {
    fun doIt(doCapture: Boolean, captureCandidate: String)
}

class VerifyCaptureDemo {

    val externalService: ExternalService = mockk(relaxed = true)

    @Test
    fun demo() {
        externalService.doIt(false, "noCaptureExpected")
        externalService.doIt(true, "captureThis")

        val capturedValues = mutableListOf<String>()
        verify(exactly=1) { externalService.doIt(false, any()) }
        verify(exactly=1) { externalService.doIt(true, capture(capturedValues)) }
        assertEquals(1, capturedValues.size) //java.lang.AssertionError:: Expected: 1, Actual: 2
    }

}
```
* MockK version: 1.9.3
* Kotlin version: 1.3.50
* JDK version: openjdk 11.0.5


I'm unable to InjectMocks to singleton (object)
```
object RealObject {
    const val TIMESTAMP = "timestamp"
    private val rect = android.graphics.Rect()
    const val KEYBOARD_ROTATION_THRESHOLD = 1000L

    fun getWidth() = rect.width()
}

class RealObjectTest {
    @RelaxedMockK("MockedRect")
    lateinit var rect: Rect

    @OverrideMockKs
    var realObject = RealObject

    @Before
    fun setUp() = MockKAnnotations.init(this, relaxUnitFun = true)

    @Test
    fun testMockedWidth() {
        spyk(realObject){
            every { rect.width() } returns 500
            val width = getWidth()
            Assert.assertEquals(500, width)
        }
    }
}


```

I'm getting:
```
java.lang.IllegalAccessException: Can not set static final android.graphics.Rect field com.example.sampleproject.RealObject.rect to android.graphics.Rect

	at sun.reflect.UnsafeFieldAccessorImpl.throwFinalFieldIllegalAccessException(UnsafeFieldAccessorImpl.java:76)
	at sun.reflect.UnsafeFieldAccessorImpl.throwFinalFieldIllegalAccessException(UnsafeFieldAccessorImpl.java:80)
	at sun.reflect.UnsafeQualifiedStaticObjectFieldAccessorImpl.set(UnsafeQualifiedStaticObjectFieldAccessorImpl.java:77)
	at java.lang.reflect.Field.set(Field.java:764)
	at io.mockk.impl.annotations.InjectionHelpers.setImmutableAny(InjectionHelpers.kt:54)
	at io.mockk.impl.annotations.MockInjector.propertiesInjection(MockInjector.kt:39)
	at io.mockk.impl.annotations.JvmMockInitializer.doInjection(JvmMockInitializer.kt:88)
	at io.mockk.impl.annotations.JvmMockInitializer.initMock(JvmMockInitializer.kt:74)
	at io.mockk.impl.annotations.JvmMockInitializer.initAnnotatedMocks(JvmMockInitializer.kt:22)
	at com.example.sampleproject.RealObjectTest.setUp(GithubTest.kt:57)
```
What am I doing wrong?
When trying to mock a function named `fun get(string: String): String` the `get` function referred to inside the `every` block is actually the extension function  `operator fun Any.get(name: String) = DynamicCall(this, name, { any() })` defined in MockKMatcherScope.

Test case:
 
```kotlin
import io.mockk.every
import io.mockk.mockk
import org.junit.Test

class UnderTest {
    fun get(string: String) = "xyz"
}

class Test {
    @Test
    fun test() {
        mockk<UnderTest> { every { get("def") } returns "abc" }
    }
}
```
Produces  compiler error on the "abc" string:
> Type mismatch: inferred type is String but MockKMatcherScope.DynamicCall was expected

### Expected Behavior

Mockk should match calls to my method when an enum argument is passed.

### Current Behavior

When the Enum is a Enum Class with methods a `java.lang.InstantiationError` is thrown.

### Failure Information (for bugs)

#### Context

* MockK version: 1.9.3
* OS: Windows 10
* Kotlin version: 1.3.61
* JDK version: 11
* JUnit version: 5
* Type of test: unit test

#### Stack trace

```
// -----------------------[ YOUR STACK STARTS HERE ] -----------------------
com.my.package.Storage$FileType
java.lang.InstantiationError: com.my.package.Storage$FileType
	at jdk.internal.reflect.GeneratedSerializationConstructorAccessor15.newInstance(Unknown Source)
	at java.base/java.lang.reflect.Constructor.newInstance(Constructor.java:490)
	at org.objenesis.instantiator.sun.SunReflectionFactoryInstantiator.newInstance(SunReflectionFactoryInstantiator.java:48)
	at io.mockk.proxy.jvm.ObjenesisInstantiator.instanceViaObjenesis(ObjenesisInstantiator.kt:75)
	at io.mockk.proxy.jvm.ObjenesisInstantiator.instance(ObjenesisInstantiator.kt:42)
	at io.mockk.impl.instantiation.JvmInstantiator$instantiate$2.invoke(JvmInstantiator.kt:16)
	at io.mockk.impl.instantiation.AbstractInstantiator.instantiateViaInstanceFactoryRegistry(AbstractInstantiator.kt:17)
	at io.mockk.impl.instantiation.JvmInstantiator.instantiate(JvmInstantiator.kt:15)
	at io.mockk.impl.recording.states.RecordingState$matcher$signatureValue$1$1.invoke(RecordingState.kt:49)
	at io.mockk.impl.instantiation.JvmAnyValueGenerator$anyValue$1.invoke(JvmAnyValueGenerator.kt:27)
	at io.mockk.impl.instantiation.AnyValueGenerator.anyValue(AnyValueGenerator.kt:27)
	at io.mockk.impl.instantiation.JvmAnyValueGenerator.anyValue(JvmAnyValueGenerator.kt:23)
	at io.mockk.impl.recording.states.RecordingState$matcher$signatureValue$1.invoke(RecordingState.kt:48)
	at io.mockk.impl.recording.JvmSignatureValueGenerator.signatureValue(JvmSignatureValueGenerator.kt:20)
	at io.mockk.impl.recording.states.RecordingState.matcher(RecordingState.kt:47)
	at io.mockk.impl.recording.CommonCallRecorder.matcher(CommonCallRecorder.kt:52)
	at com.my.package.svc.RenderNodeTest$setup$3.invoke(RenderNodeTest.kt:100)
	at com.my.package.svc.RenderNodeTest$setup$3.invoke(RenderNodeTest.kt:29)
	at io.mockk.impl.eval.RecordedBlockEvaluator$record$block$1.invoke(RecordedBlockEvaluator.kt:24)
	at io.mockk.impl.eval.RecordedBlockEvaluator$enhanceWithNPERethrow$1.invoke(RecordedBlockEvaluator.kt:74)
	at io.mockk.impl.recording.JvmAutoHinter.autoHint(JvmAutoHinter.kt:23)
	at io.mockk.impl.eval.RecordedBlockEvaluator.record(RecordedBlockEvaluator.kt:36)
	at io.mockk.impl.eval.EveryBlockEvaluator.every(EveryBlockEvaluator.kt:30)
	at io.mockk.MockKDsl.internalEvery(API.kt:92)
	at io.mockk.MockKKt.every(MockK.kt:104)
	at com.my.package.svc.RenderNodeTest.setup(RenderNodeTest.kt:51)
	at java.base/jdk.internal.reflect.NativeMethodAccessorImpl.invoke0(Native Method)
	at java.base/jdk.internal.reflect.NativeMethodAccessorImpl.invoke(NativeMethodAccessorImpl.java:62)
	at java.base/jdk.internal.reflect.DelegatingMethodAccessorImpl.invoke(DelegatingMethodAccessorImpl.java:43)
	at java.base/java.lang.reflect.Method.invoke(Method.java:566)
	at org.junit.platform.commons.util.ReflectionUtils.invokeMethod(ReflectionUtils.java:436)
	at org.junit.jupiter.engine.execution.ExecutableInvoker.invoke(ExecutableInvoker.java:115)
	at org.junit.jupiter.engine.descriptor.ClassTestDescriptor.invokeMethodInExtensionContext(ClassTestDescriptor.java:302)
	at org.junit.jupiter.engine.descriptor.ClassTestDescriptor.lambda$synthesizeBeforeEachMethodAdapter$12(ClassTestDescriptor.java:290)
	at org.junit.jupiter.engine.descriptor.TestMethodTestDescriptor.lambda$invokeBeforeEachMethods$2(TestMethodTestDescriptor.java:135)
	at org.junit.jupiter.engine.execution.ThrowableCollector.execute(ThrowableCollector.java:40)
	at org.junit.jupiter.engine.descriptor.TestMethodTestDescriptor.invokeBeforeMethodsOrCallbacksUntilExceptionOccurs(TestMethodTestDescriptor.java:155)
	at org.junit.jupiter.engine.descriptor.TestMethodTestDescriptor.invokeBeforeEachMethods(TestMethodTestDescriptor.java:134)
	at org.junit.jupiter.engine.descriptor.TestMethodTestDescriptor.execute(TestMethodTestDescriptor.java:109)
	at org.junit.jupiter.engine.descriptor.TestMethodTestDescriptor.execute(TestMethodTestDescriptor.java:58)
	at org.junit.platform.engine.support.hierarchical.HierarchicalTestExecutor$NodeExecutor.lambda$executeRecursively$3(HierarchicalTestExecutor.java:112)
	at org.junit.platform.engine.support.hierarchical.SingleTestExecutor.executeSafely(SingleTestExecutor.java:66)
	at org.junit.platform.engine.support.hierarchical.HierarchicalTestExecutor$NodeExecutor.executeRecursively(HierarchicalTestExecutor.java:108)
	at org.junit.platform.engine.support.hierarchical.HierarchicalTestExecutor$NodeExecutor.execute(HierarchicalTestExecutor.java:79)
	at org.junit.platform.engine.support.hierarchical.HierarchicalTestExecutor$NodeExecutor.lambda$executeRecursively$2(HierarchicalTestExecutor.java:120)
	at java.base/java.util.stream.ForEachOps$ForEachOp$OfRef.accept(ForEachOps.java:183)
	at java.base/java.util.stream.ReferencePipeline$2$1.accept(ReferencePipeline.java:177)
	at java.base/java.util.Iterator.forEachRemaining(Iterator.java:133)
	at java.base/java.util.Spliterators$IteratorSpliterator.forEachRemaining(Spliterators.java:1801)
	at java.base/java.util.stream.AbstractPipeline.copyInto(AbstractPipeline.java:484)
	at java.base/java.util.stream.AbstractPipeline.wrapAndCopyInto(AbstractPipeline.java:474)
	at java.base/java.util.stream.ForEachOps$ForEachOp.evaluateSequential(ForEachOps.java:150)
	at java.base/java.util.stream.ForEachOps$ForEachOp$OfRef.evaluateSequential(ForEachOps.java:173)
	at java.base/java.util.stream.AbstractPipeline.evaluate(AbstractPipeline.java:234)
	at java.base/java.util.stream.ReferencePipeline.forEach(ReferencePipeline.java:497)
	at org.junit.platform.engine.support.hierarchical.HierarchicalTestExecutor$NodeExecutor.lambda$executeRecursively$3(HierarchicalTestExecutor.java:120)
	at org.junit.platform.engine.support.hierarchical.SingleTestExecutor.executeSafely(SingleTestExecutor.java:66)
	at org.junit.platform.engine.support.hierarchical.HierarchicalTestExecutor$NodeExecutor.executeRecursively(HierarchicalTestExecutor.java:108)
	at org.junit.platform.engine.support.hierarchical.HierarchicalTestExecutor$NodeExecutor.execute(HierarchicalTestExecutor.java:79)
	at org.junit.platform.engine.support.hierarchical.HierarchicalTestExecutor$NodeExecutor.lambda$executeRecursively$2(HierarchicalTestExecutor.java:120)
	at java.base/java.util.stream.ForEachOps$ForEachOp$OfRef.accept(ForEachOps.java:183)
	at java.base/java.util.stream.ReferencePipeline$2$1.accept(ReferencePipeline.java:177)
	at java.base/java.util.Iterator.forEachRemaining(Iterator.java:133)
	at java.base/java.util.Spliterators$IteratorSpliterator.forEachRemaining(Spliterators.java:1801)
	at java.base/java.util.stream.AbstractPipeline.copyInto(AbstractPipeline.java:484)
	at java.base/java.util.stream.AbstractPipeline.wrapAndCopyInto(AbstractPipeline.java:474)
	at java.base/java.util.stream.ForEachOps$ForEachOp.evaluateSequential(ForEachOps.java:150)
	at java.base/java.util.stream.ForEachOps$ForEachOp$OfRef.evaluateSequential(ForEachOps.java:173)
	at java.base/java.util.stream.AbstractPipeline.evaluate(AbstractPipeline.java:234)
	at java.base/java.util.stream.ReferencePipeline.forEach(ReferencePipeline.java:497)
	at org.junit.platform.engine.support.hierarchical.HierarchicalTestExecutor$NodeExecutor.lambda$executeRecursively$3(HierarchicalTestExecutor.java:120)
	at org.junit.platform.engine.support.hierarchical.SingleTestExecutor.executeSafely(SingleTestExecutor.java:66)
	at org.junit.platform.engine.support.hierarchical.HierarchicalTestExecutor$NodeExecutor.executeRecursively(HierarchicalTestExecutor.java:108)
	at org.junit.platform.engine.support.hierarchical.HierarchicalTestExecutor$NodeExecutor.execute(HierarchicalTestExecutor.java:79)
	at org.junit.platform.engine.support.hierarchical.HierarchicalTestExecutor.execute(HierarchicalTestExecutor.java:55)
	at org.junit.platform.engine.support.hierarchical.HierarchicalTestEngine.execute(HierarchicalTestEngine.java:43)
	at org.junit.platform.launcher.core.DefaultLauncher.execute(DefaultLauncher.java:220)
	at org.junit.platform.launcher.core.DefaultLauncher.lambda$execute$6(DefaultLauncher.java:188)
	at org.junit.platform.launcher.core.DefaultLauncher.withInterceptedStreams(DefaultLauncher.java:202)
	at org.junit.platform.launcher.core.DefaultLauncher.execute(DefaultLauncher.java:181)
	at org.junit.platform.launcher.core.DefaultLauncher.execute(DefaultLauncher.java:128)
	at org.gradle.api.internal.tasks.testing.junitplatform.JUnitPlatformTestClassProcessor$CollectAllTestClassesExecutor.processAllTestClasses(JUnitPlatformTestClassProcessor.java:102)
	at org.gradle.api.internal.tasks.testing.junitplatform.JUnitPlatformTestClassProcessor$CollectAllTestClassesExecutor.access$000(JUnitPlatformTestClassProcessor.java:82)
	at org.gradle.api.internal.tasks.testing.junitplatform.JUnitPlatformTestClassProcessor.stop(JUnitPlatformTestClassProcessor.java:78)
	at org.gradle.api.internal.tasks.testing.SuiteTestClassProcessor.stop(SuiteTestClassProcessor.java:61)
	at java.base/jdk.internal.reflect.NativeMethodAccessorImpl.invoke0(Native Method)
	at java.base/jdk.internal.reflect.NativeMethodAccessorImpl.invoke(NativeMethodAccessorImpl.java:62)
	at java.base/jdk.internal.reflect.DelegatingMethodAccessorImpl.invoke(DelegatingMethodAccessorImpl.java:43)
	at java.base/java.lang.reflect.Method.invoke(Method.java:566)
	at org.gradle.internal.dispatch.ReflectionDispatch.dispatch(ReflectionDispatch.java:36)
	at org.gradle.internal.dispatch.ReflectionDispatch.dispatch(ReflectionDispatch.java:24)
	at org.gradle.internal.dispatch.ContextClassLoaderDispatch.dispatch(ContextClassLoaderDispatch.java:33)
	at org.gradle.internal.dispatch.ProxyDispatchAdapter$DispatchingInvocationHandler.invoke(ProxyDispatchAdapter.java:94)
	at com.sun.proxy.$Proxy2.stop(Unknown Source)
	at org.gradle.api.internal.tasks.testing.worker.TestWorker.stop(TestWorker.java:132)
	at java.base/jdk.internal.reflect.NativeMethodAccessorImpl.invoke0(Native Method)
	at java.base/jdk.internal.reflect.NativeMethodAccessorImpl.invoke(NativeMethodAccessorImpl.java:62)
	at java.base/jdk.internal.reflect.DelegatingMethodAccessorImpl.invoke(DelegatingMethodAccessorImpl.java:43)
	at java.base/java.lang.reflect.Method.invoke(Method.java:566)
	at org.gradle.internal.dispatch.ReflectionDispatch.dispatch(ReflectionDispatch.java:36)
	at org.gradle.internal.dispatch.ReflectionDispatch.dispatch(ReflectionDispatch.java:24)
	at org.gradle.internal.remote.internal.hub.MessageHubBackedObjectConnection$DispatchWrapper.dispatch(MessageHubBackedObjectConnection.java:182)
	at org.gradle.internal.remote.internal.hub.MessageHubBackedObjectConnection$DispatchWrapper.dispatch(MessageHubBackedObjectConnection.java:164)
	at org.gradle.internal.remote.internal.hub.MessageHub$Handler.run(MessageHub.java:412)
	at org.gradle.internal.concurrent.ExecutorPolicy$CatchAndRecordFailures.onExecute(ExecutorPolicy.java:64)
	at org.gradle.internal.concurrent.ManagedExecutorImpl$1.run(ManagedExecutorImpl.java:48)
	at java.base/java.util.concurrent.ThreadPoolExecutor.runWorker(ThreadPoolExecutor.java:1128)
	at java.base/java.util.concurrent.ThreadPoolExecutor$Worker.run(ThreadPoolExecutor.java:628)
	at org.gradle.internal.concurrent.ThreadFactoryImpl$ManagedThreadRunnable.run(ThreadFactoryImpl.java:56)
	at java.base/java.lang.Thread.run(Thread.java:834)
// -----------------------[ YOUR STACK TRACE ENDS HERE ] -----------------------
```

#### Minimal reproducible code (the gist of this issue)

```kotlin
// -----------------------[ GRADLE DEFINITIONS ] -----------------------
plugins {
    id 'org.jetbrains.kotlin.jvm' version '1.3.61'
}

group 'com.test'
version '1.0-SNAPSHOT'

repositories {
    mavenCentral()
}

dependencies {
    implementation "org.jetbrains.kotlin:kotlin-stdlib-jdk8"
    testImplementation 'org.junit.jupiter:junit-jupiter-api:5.1.0'
    testImplementation 'io.mockk:mockk:1.9.3'
    testRuntimeOnly 'org.junit.jupiter:junit-jupiter-engine:5.1.0'
}

compileKotlin {
    kotlinOptions.jvmTarget = "1.8"
}
compileTestKotlin {
    kotlinOptions.jvmTarget = "1.8"
}

test {
    useJUnitPlatform()
}

// -----------------------[ YOUR CODE STARTS HERE ] -----------------------
import io.mockk.every
import io.mockk.impl.annotations.MockK
import io.mockk.junit5.MockKExtension
import org.junit.jupiter.api.Test
import org.junit.jupiter.api.extension.ExtendWith


class MyClassToMock {
    fun myFunction(string: String, enum: MyEnum): String{
        return string + enum.name
    }

    enum class MyEnum {
        A {
            override fun stringValue(): String {
                return "AAA"
            }
        },

        B {
            override fun stringValue(): String {
                return "BBB"
            }
        };

        abstract fun stringValue(): String
        
    }
}

@ExtendWith(MockKExtension::class)
class Test {

    @MockK lateinit var classToMock: MyClassToMock

    @Test
    fun testFunction(){
        every { classToMock.myFunction(any(), any()) } returns "my string"
    }

}

// -----------------------[ YOUR CODE ENDS HERE ] -----------------------
```

### Prerequisites

- [x] I am running the latest version
- [x] I checked the documentation and found no answer
- [x] I checked to make sure that this issue has not already been filed

### Expected Behavior

I expect recordPrivateCalls to work with inheritance, i.e. when the private method is in a parent class.

### Current Behavior

It doesn't: the private method call is not found when verifying.

### Failure Information (for bugs)

Here is a complete minimal test case showing the issue. The first test passes, but the second doesn't, which I find surprising:

```
import io.mockk.spyk
import io.mockk.verify
import org.junit.jupiter.api.Test

class RecordPrivateCallTest {
    @Test
    fun `recordPrivateCalls should work on Parent`() {
        val spy = spyk(Parent(), recordPrivateCalls = true)

        spy.foo()

        verify {
            spy["bar"]()
        }
    }

    @Test
    fun `recordPrivateCalls should work on Child`() {
        val spy = spyk(Child(), recordPrivateCalls = true)

        spy.foo()

        verify {
            spy["bar"]()
        }
    }
}

open class Parent {
    fun foo() {
        bar()
    }

    private fun bar() {
    }
}

class Child: Parent()
```

#### Context

Please provide any relevant information about your setup. This is important in case the issue is not reproducible except for under certain conditions.

* MockK version: 1.9.3
* OS: macOS Catalina
* Kotlin version: 1.3.61
* JDK version: 1.8.0_212
* JUnit version: 5.5.2
* Type of test: unit test

#### Stack trace

```

can't find function bar() for dynamic call
io.mockk.MockKException: can't find function bar() for dynamic call
	at io.mockk.InternalPlatformDsl.dynamicCall(InternalPlatformDsl.kt:122)
	at io.mockk.MockKMatcherScope$DynamicCall.invoke(API.kt:1969)
	at com.ninjasquad.springmockk.RecordPrivateCallTest$recordPrivateCalls should work on Child$1.invoke(RecordPrivateCallTest.kt:26)
	at com.ninjasquad.springmockk.RecordPrivateCallTest$recordPrivateCalls should work on Child$1.invoke(RecordPrivateCallTest.kt:7)
	at io.mockk.impl.eval.RecordedBlockEvaluator$record$block$1.invoke(RecordedBlockEvaluator.kt:24)
	at io.mockk.impl.eval.RecordedBlockEvaluator$enhanceWithNPERethrow$1.invoke(RecordedBlockEvaluator.kt:74)
	at io.mockk.impl.recording.JvmAutoHinter.autoHint(JvmAutoHinter.kt:23)
	at io.mockk.impl.eval.RecordedBlockEvaluator.record(RecordedBlockEvaluator.kt:36)
	at io.mockk.impl.eval.VerifyBlockEvaluator.verify(VerifyBlockEvaluator.kt:30)
	at io.mockk.MockKDsl.internalVerify(API.kt:118)
	at io.mockk.MockKKt.verify(MockK.kt:139)
	at io.mockk.MockKKt.verify$default(MockK.kt:136)
	at com.ninjasquad.springmockk.RecordPrivateCallTest.recordPrivateCalls should work on Child(RecordPrivateCallTest.kt:25)
	at sun.reflect.NativeMethodAccessorImpl.invoke0(Native Method)
	at sun.reflect.NativeMethodAccessorImpl.invoke(NativeMethodAccessorImpl.java:62)
	at sun.reflect.DelegatingMethodAccessorImpl.invoke(DelegatingMethodAccessorImpl.java:43)
	at java.lang.reflect.Method.invoke(Method.java:498)
	at org.junit.platform.commons.util.ReflectionUtils.invokeMethod(ReflectionUtils.java:675)
	at org.junit.jupiter.engine.execution.MethodInvocation.proceed(MethodInvocation.java:60)
	at org.junit.jupiter.engine.execution.InvocationInterceptorChain$ValidatingInvocation.proceed(InvocationInterceptorChain.java:125)
	at org.junit.jupiter.engine.extension.TimeoutExtension.intercept(TimeoutExtension.java:132)
	at org.junit.jupiter.engine.extension.TimeoutExtension.interceptTestableMethod(TimeoutExtension.java:124)
	at org.junit.jupiter.engine.extension.TimeoutExtension.interceptTestMethod(TimeoutExtension.java:74)
	at org.junit.jupiter.engine.execution.ExecutableInvoker$ReflectiveInterceptorCall.lambda$ofVoidMethod$0(ExecutableInvoker.java:115)
	at org.junit.jupiter.engine.execution.ExecutableInvoker.lambda$invoke$0(ExecutableInvoker.java:105)
	at org.junit.jupiter.engine.execution.InvocationInterceptorChain$InterceptedInvocation.proceed(InvocationInterceptorChain.java:104)
	at org.junit.jupiter.engine.execution.InvocationInterceptorChain.proceed(InvocationInterceptorChain.java:62)
	at org.junit.jupiter.engine.execution.InvocationInterceptorChain.chainAndInvoke(InvocationInterceptorChain.java:43)
	at org.junit.jupiter.engine.execution.InvocationInterceptorChain.invoke(InvocationInterceptorChain.java:35)
	at org.junit.jupiter.engine.execution.ExecutableInvoker.invoke(ExecutableInvoker.java:104)
	at org.junit.jupiter.engine.execution.ExecutableInvoker.invoke(ExecutableInvoker.java:98)
	at org.junit.jupiter.engine.descriptor.TestMethodTestDescriptor.lambda$invokeTestMethod$6(TestMethodTestDescriptor.java:202)
	at org.junit.platform.engine.support.hierarchical.ThrowableCollector.execute(ThrowableCollector.java:73)
	at org.junit.jupiter.engine.descriptor.TestMethodTestDescriptor.invokeTestMethod(TestMethodTestDescriptor.java:198)
	at org.junit.jupiter.engine.descriptor.TestMethodTestDescriptor.execute(TestMethodTestDescriptor.java:135)
	at org.junit.jupiter.engine.descriptor.TestMethodTestDescriptor.execute(TestMethodTestDescriptor.java:69)
	at org.junit.platform.engine.support.hierarchical.NodeTestTask.lambda$executeRecursively$5(NodeTestTask.java:135)
	at org.junit.platform.engine.support.hierarchical.ThrowableCollector.execute(ThrowableCollector.java:73)
	at org.junit.platform.engine.support.hierarchical.NodeTestTask.lambda$executeRecursively$7(NodeTestTask.java:125)
	at org.junit.platform.engine.support.hierarchical.Node.around(Node.java:135)
	at org.junit.platform.engine.support.hierarchical.NodeTestTask.lambda$executeRecursively$8(NodeTestTask.java:123)
	at org.junit.platform.engine.support.hierarchical.ThrowableCollector.execute(ThrowableCollector.java:73)
	at org.junit.platform.engine.support.hierarchical.NodeTestTask.executeRecursively(NodeTestTask.java:122)
	at org.junit.platform.engine.support.hierarchical.NodeTestTask.execute(NodeTestTask.java:80)
	at java.util.ArrayList.forEach(ArrayList.java:1257)
	at org.junit.platform.engine.support.hierarchical.SameThreadHierarchicalTestExecutorService.invokeAll(SameThreadHierarchicalTestExecutorService.java:38)
	at org.junit.platform.engine.support.hierarchical.NodeTestTask.lambda$executeRecursively$5(NodeTestTask.java:139)
	at org.junit.platform.engine.support.hierarchical.ThrowableCollector.execute(ThrowableCollector.java:73)
	at org.junit.platform.engine.support.hierarchical.NodeTestTask.lambda$executeRecursively$7(NodeTestTask.java:125)
	at org.junit.platform.engine.support.hierarchical.Node.around(Node.java:135)
	at org.junit.platform.engine.support.hierarchical.NodeTestTask.lambda$executeRecursively$8(NodeTestTask.java:123)
	at org.junit.platform.engine.support.hierarchical.ThrowableCollector.execute(ThrowableCollector.java:73)
	at org.junit.platform.engine.support.hierarchical.NodeTestTask.executeRecursively(NodeTestTask.java:122)
	at org.junit.platform.engine.support.hierarchical.NodeTestTask.execute(NodeTestTask.java:80)
	at java.util.ArrayList.forEach(ArrayList.java:1257)
	at org.junit.platform.engine.support.hierarchical.SameThreadHierarchicalTestExecutorService.invokeAll(SameThreadHierarchicalTestExecutorService.java:38)
	at org.junit.platform.engine.support.hierarchical.NodeTestTask.lambda$executeRecursively$5(NodeTestTask.java:139)
	at org.junit.platform.engine.support.hierarchical.ThrowableCollector.execute(ThrowableCollector.java:73)
	at org.junit.platform.engine.support.hierarchical.NodeTestTask.lambda$executeRecursively$7(NodeTestTask.java:125)
	at org.junit.platform.engine.support.hierarchical.Node.around(Node.java:135)
	at org.junit.platform.engine.support.hierarchical.NodeTestTask.lambda$executeRecursively$8(NodeTestTask.java:123)
	at org.junit.platform.engine.support.hierarchical.ThrowableCollector.execute(ThrowableCollector.java:73)
	at org.junit.platform.engine.support.hierarchical.NodeTestTask.executeRecursively(NodeTestTask.java:122)
	at org.junit.platform.engine.support.hierarchical.NodeTestTask.execute(NodeTestTask.java:80)
	at org.junit.platform.engine.support.hierarchical.SameThreadHierarchicalTestExecutorService.submit(SameThreadHierarchicalTestExecutorService.java:32)
	at org.junit.platform.engine.support.hierarchical.HierarchicalTestExecutor.execute(HierarchicalTestExecutor.java:57)
	at org.junit.platform.engine.support.hierarchical.HierarchicalTestEngine.execute(HierarchicalTestEngine.java:51)
	at org.junit.platform.launcher.core.DefaultLauncher.execute(DefaultLauncher.java:220)
	at org.junit.platform.launcher.core.DefaultLauncher.lambda$execute$6(DefaultLauncher.java:188)
	at org.junit.platform.launcher.core.DefaultLauncher.withInterceptedStreams(DefaultLauncher.java:202)
	at org.junit.platform.launcher.core.DefaultLauncher.execute(DefaultLauncher.java:181)
	at org.junit.platform.launcher.core.DefaultLauncher.execute(DefaultLauncher.java:128)
	at org.gradle.api.internal.tasks.testing.junitplatform.JUnitPlatformTestClassProcessor$CollectAllTestClassesExecutor.processAllTestClasses(JUnitPlatformTestClassProcessor.java:99)
	at org.gradle.api.internal.tasks.testing.junitplatform.JUnitPlatformTestClassProcessor$CollectAllTestClassesExecutor.access$000(JUnitPlatformTestClassProcessor.java:79)
	at org.gradle.api.internal.tasks.testing.junitplatform.JUnitPlatformTestClassProcessor.stop(JUnitPlatformTestClassProcessor.java:75)
	at org.gradle.api.internal.tasks.testing.SuiteTestClassProcessor.stop(SuiteTestClassProcessor.java:61)
	at sun.reflect.NativeMethodAccessorImpl.invoke0(Native Method)
	at sun.reflect.NativeMethodAccessorImpl.invoke(NativeMethodAccessorImpl.java:62)
	at sun.reflect.DelegatingMethodAccessorImpl.invoke(DelegatingMethodAccessorImpl.java:43)
	at java.lang.reflect.Method.invoke(Method.java:498)
	at org.gradle.internal.dispatch.ReflectionDispatch.dispatch(ReflectionDispatch.java:36)
	at org.gradle.internal.dispatch.ReflectionDispatch.dispatch(ReflectionDispatch.java:24)
	at org.gradle.internal.dispatch.ContextClassLoaderDispatch.dispatch(ContextClassLoaderDispatch.java:33)
	at org.gradle.internal.dispatch.ProxyDispatchAdapter$DispatchingInvocationHandler.invoke(ProxyDispatchAdapter.java:94)
	at com.sun.proxy.$Proxy2.stop(Unknown Source)
	at org.gradle.api.internal.tasks.testing.worker.TestWorker.stop(TestWorker.java:132)
	at sun.reflect.NativeMethodAccessorImpl.invoke0(Native Method)
	at sun.reflect.NativeMethodAccessorImpl.invoke(NativeMethodAccessorImpl.java:62)
	at sun.reflect.DelegatingMethodAccessorImpl.invoke(DelegatingMethodAccessorImpl.java:43)
	at java.lang.reflect.Method.invoke(Method.java:498)
	at org.gradle.internal.dispatch.ReflectionDispatch.dispatch(ReflectionDispatch.java:36)
	at org.gradle.internal.dispatch.ReflectionDispatch.dispatch(ReflectionDispatch.java:24)
	at org.gradle.internal.remote.internal.hub.MessageHubBackedObjectConnection$DispatchWrapper.dispatch(MessageHubBackedObjectConnection.java:182)
	at org.gradle.internal.remote.internal.hub.MessageHubBackedObjectConnection$DispatchWrapper.dispatch(MessageHubBackedObjectConnection.java:164)
	at org.gradle.internal.remote.internal.hub.MessageHub$Handler.run(MessageHub.java:412)
	at org.gradle.internal.concurrent.ExecutorPolicy$CatchAndRecordFailures.onExecute(ExecutorPolicy.java:64)
	at org.gradle.internal.concurrent.ManagedExecutorImpl$1.run(ManagedExecutorImpl.java:48)
	at java.util.concurrent.ThreadPoolExecutor.runWorker(ThreadPoolExecutor.java:1149)
	at java.util.concurrent.ThreadPoolExecutor$Worker.run(ThreadPoolExecutor.java:624)
	at org.gradle.internal.concurrent.ThreadFactoryImpl$ManagedThreadRunnable.run(ThreadFactoryImpl.java:56)
	at java.lang.Thread.run(Thread.java:748)

```

### Expected Behavior

For full support of annotation frameworks like HK2, I would expect that mockk injects all properties that are annotated with `@Inject`, calls all methods that are annotated with `@PostConstruct` after injecting all properties, and calls all methods that are annotated with `@PreDestroy` after a test.

Example class under test:

```kotlin
import javax.annotation.PostConstruct
import javax.annotation.PreDestroy
import javax.inject.Inject

class MyBean {
    @Inject
    private lateinit var resource: Resource

    private lateinit var configuration: Configuration

    @PostConstruct
    private fun load() {
        configuration = resource.load()
    }

    fun run() {
        println(configuration)
    }

    @PreDestroy
    private fun free() {
        configuration.close()
    }
}
```

Example test class:

```kotlin
import io.mockk.impl.annotations.InjectMockKs
import io.mockk.impl.annotations.MockK
import org.junit.jupiter.api.Test

@ExtendWith(MockKExtension::class)
class MyBeanTest {
    @MockK
    private lateinit var resource: Resource

    @InjectMockKs
    private var bean = MyBean()

    @Test
    fun test() {
        bean.run()
    }
}
```

### Current Behavior

Currently, mockk injects all properties that are annotated with `@Inject`, but calls neither `@PostConstruct` methods nor `@PreDestroy` methods. Therefor the `run()` method will throw an UninitializedPropertyAccessException in the test above.
Please update `byte-buddy` to 1.10.5 because this fixes a problem with JVMs that have spaces in their name (e.g. the JVM that comes with  IntelliJ 2019.3 on macOS).

For detailed information pls see the solved [`byte-buddy` issue #732](https://github.com/raphw/byte-buddy/issues/732).
Most of the comments in this issue refer to `mockito` but I have the exact same problem with `mockk` and was able to track it down to the same root-cause in `byte-buddy`.

> Just be aware about usual MockK support pattern. 
> Tickets are checked from time to time, replied, discussed, labeled, e.t.c.
> But real fixes are applied in a month-two month period in a bunch.
> If you think this is unacceptable, go on, join the project, change the world.

## Please remove sections wisely

Below information is actually needed to make all the process of fixing faster.
Choose main points. Don't blindly follow this as a set of rules. 
Don't waste much time. Usually, the main thing is to have a good reproducible minimal code.

### Prerequisites

Please answer the following questions for yourself before submitting an issue.

- [YES ] I am running the latest version
- [ YES] I checked the documentation and found no answer
- [ YES] I checked to make sure that this issue has not already been filed

### Expected Behavior
Test should not fail with `io.mockk.MockKException: Missing calls inside every { ... } block.` exception.
Extension method should be mocked.

### Current Behavior
When trying to mock one of the extensions defined in `kotlin.io.IOSteams.kt` - test fails with `io.mockk.MockKException: Missing calls inside every { ... } block.` exception.

### Failure Information (for bugs)
Kotlin version: 1.3.41
mockk version: 1.9.3
junit version: 4.12


#### Steps to Reproduce
```kotlin
@RunWith(MockitoJUnitRunner::class)
class ExampleTest {
    val mockInputStream = mockk<InputStream>()
    val mockReader = mockk<BufferedReader>()
    
    @Test
    fun `this is just example test`() {
        mockkStatic("kotlin.io.ByteStreamsKt")
        every { mockInputStream.bufferedReader() } returns mockReader
    }
}
```

#### Context

Please provide any relevant information about your setup. This is important in case the issue is not reproducible except for under certain conditions.

* MockK version:  1.9.3
* OS: MacOS Catalina
* Kotlin version: 1.3.41
* JDK version: 1.8
* JUnit version: 4.12
* Type of test: unit test 

#### Failure Logs

Please include any relevant log snippets or files here.

#### Stack trace

```
io.mockk.MockKException: Missing calls inside every { ... } block.

	at io.mockk.impl.recording.states.StubbingState.checkMissingCalls(StubbingState.kt:14)
	at io.mockk.impl.recording.states.StubbingState.recordingDone(StubbingState.kt:8)
	at io.mockk.impl.recording.CommonCallRecorder.done(CommonCallRecorder.kt:47)
	at io.mockk.impl.eval.RecordedBlockEvaluator.record(RecordedBlockEvaluator.kt:60)
	at io.mockk.impl.eval.EveryBlockEvaluator.every(EveryBlockEvaluator.kt:30)
	at io.mockk.MockKDsl.internalEvery(API.kt:92)
	at io.mockk.MockKKt.every(MockK.kt:104)
	at com.example.ExampleTest.this is just example test(ExampleTest.kt:26)
	at sun.reflect.NativeMethodAccessorImpl.invoke0(Native Method)
	at sun.reflect.NativeMethodAccessorImpl.invoke(NativeMethodAccessorImpl.java:62)
	at sun.reflect.DelegatingMethodAccessorImpl.invoke(DelegatingMethodAccessorImpl.java:43)
	at java.lang.reflect.Method.invoke(Method.java:498)
	at org.junit.runners.model.FrameworkMethod$1.runReflectiveCall(FrameworkMethod.java:50)
	at org.junit.internal.runners.model.ReflectiveCallable.run(ReflectiveCallable.java:12)
	at org.junit.runners.model.FrameworkMethod.invokeExplosively(FrameworkMethod.java:47)
	at org.junit.internal.runners.statements.InvokeMethod.evaluate(InvokeMethod.java:17)
	at org.junit.runners.ParentRunner.runLeaf(ParentRunner.java:325)
	at org.junit.runners.BlockJUnit4ClassRunner.runChild(BlockJUnit4ClassRunner.java:78)
	at org.junit.runners.BlockJUnit4ClassRunner.runChild(BlockJUnit4ClassRunner.java:57)
	at org.junit.runners.ParentRunner$3.run(ParentRunner.java:290)
	at org.junit.runners.ParentRunner$1.schedule(ParentRunner.java:71)
	at org.junit.runners.ParentRunner.runChildren(ParentRunner.java:288)
	at org.junit.runners.ParentRunner.access$000(ParentRunner.java:58)
	at org.junit.runners.ParentRunner$2.evaluate(ParentRunner.java:268)
	at org.junit.runners.ParentRunner.run(ParentRunner.java:363)
	at org.mockito.internal.runners.DefaultInternalRunner$1.run(DefaultInternalRunner.java:79)
	at org.mockito.internal.runners.DefaultInternalRunner.run(DefaultInternalRunner.java:85)
	at org.mockito.internal.runners.StrictRunner.run(StrictRunner.java:39)
	at org.mockito.junit.MockitoJUnitRunner.run(MockitoJUnitRunner.java:163)
	at org.junit.runner.JUnitCore.run(JUnitCore.java:137)
	at com.intellij.junit4.JUnit4IdeaTestRunner.startRunnerWithArgs(JUnit4IdeaTestRunner.java:68)
	at com.intellij.rt.execution.junit.IdeaTestRunner$Repeater.startRunnerWithArgs(IdeaTestRunner.java:47)
	at com.intellij.rt.execution.junit.JUnitStarter.prepareStreamsAndStart(JUnitStarter.java:242)
	at com.intellij.rt.execution.junit.JUnitStarter.main(JUnitStarter.java:70)

```

Mockk produces a warning when running on Java 13. ~It still seems to work in my small test, but I'm not sure if there are any other implications.~ edit: I've discovered it fails on Static mocks. Added details below.

### Prerequisites

Please answer the following questions for yourself before submitting an issue.

- [x] I am running the latest version
- [x] I checked the documentation and found no answer
- [x] I checked to make sure that this issue has not already been filed

### Expected Behavior

Mockk works with JDK 13 without warnings.

### Current Behavior

```
WARNING: Failed to transform class java/lang/Object
java.lang.IllegalArgumentException: Unsupported class file major version 57
```

### Failure Information (for bugs)

I created a simple test file (below), which runs fine on JDK 11, but produces the above warning on JDK 13.

#### Context

* MockK version: 1.9.3
* OS: OSX 10.14.6
* Kotlin version: 1.3.61
* JDK version: 11.0.5 (no warning) / 13.0.1 (warning)
* JUnit version: N/A
* Type of test: Simple test file

#### Stack trace

```
Not mockk OK: true
Java HotSpot(TM) 64-Bit Server VM warning: Sharing is only supported for boot loader classes because bootstrap classpath has been appended
Dec 03, 2019 6:52:51 PM io.mockk.impl.log.JULLogger warn
WARNING: Failed to transform class java/lang/Object
java.lang.IllegalArgumentException: Unsupported class file major version 57
	at net.bytebuddy.jar.asm.ClassReader.<init>(ClassReader.java:184)
	at net.bytebuddy.jar.asm.ClassReader.<init>(ClassReader.java:166)
	at net.bytebuddy.jar.asm.ClassReader.<init>(ClassReader.java:152)
	at net.bytebuddy.utility.OpenedClassReader.of(OpenedClassReader.java:82)
	at net.bytebuddy.dynamic.scaffold.TypeWriter$Default$ForInlining.create(TypeWriter.java:3390)
	at net.bytebuddy.dynamic.scaffold.TypeWriter$Default.make(TypeWriter.java:1930)
	at net.bytebuddy.dynamic.scaffold.inline.RedefinitionDynamicTypeBuilder.make(RedefinitionDynamicTypeBuilder.java:217)
	at net.bytebuddy.dynamic.scaffold.inline.AbstractInliningDynamicTypeBuilder.make(AbstractInliningDynamicTypeBuilder.java:120)
	at net.bytebuddy.dynamic.DynamicType$Builder$AbstractBase.make(DynamicType.java:3396)
	at io.mockk.proxy.jvm.transformation.InliningClassTransformer.transform(InliningClassTransformer.kt:77)
	at java.instrument/java.lang.instrument.ClassFileTransformer.transform(ClassFileTransformer.java:246)
	at java.instrument/sun.instrument.TransformerManager.transform(TransformerManager.java:188)
	at java.instrument/sun.instrument.InstrumentationImpl.transform(InstrumentationImpl.java:563)
	at java.instrument/sun.instrument.InstrumentationImpl.retransformClasses0(Native Method)
	at java.instrument/sun.instrument.InstrumentationImpl.retransformClasses(InstrumentationImpl.java:167)
	at io.mockk.proxy.jvm.transformation.JvmInlineInstrumentation.retransform(JvmInlineInstrumentation.kt:28)
	at io.mockk.proxy.common.transformation.RetransformInlineInstrumnetation$execute$1.invoke(RetransformInlineInstrumnetation.kt:19)
	at io.mockk.proxy.common.transformation.RetransformInlineInstrumnetation$execute$1.invoke(RetransformInlineInstrumnetation.kt:6)
	at io.mockk.proxy.common.transformation.ClassTransformationSpecMap.applyTransformation(ClassTransformationSpecMap.kt:41)
	at io.mockk.proxy.common.transformation.RetransformInlineInstrumnetation.execute(RetransformInlineInstrumnetation.kt:16)
	at io.mockk.proxy.jvm.ProxyMaker.inline(ProxyMaker.kt:88)
	at io.mockk.proxy.jvm.ProxyMaker.proxy(ProxyMaker.kt:30)
	at io.mockk.impl.instantiation.JvmMockFactory.newProxy(JvmMockFactory.kt:34)
	at io.mockk.impl.instantiation.AbstractMockFactory.newProxy$default(AbstractMockFactory.kt:29)
	at io.mockk.impl.instantiation.AbstractMockFactory.mockk(AbstractMockFactory.kt:59)
	at MockkTestKt.main(MockkTest.kt:29)
	at MockkTestKt.main(MockkTest.kt)

Mockk OK: true
Done.

Process finished with exit code 0
```

#### Minimal reproducible code (the gist of this issue)

```
// -----------------------[ GRADLE DEFINITIONS ] -----------------------
dependencies {
    implementation "org.jetbrains.kotlin:kotlin-stdlib:1.3.61"
    implementation "io.mockk:mockk:1.9.3"
}
```

```kotlin
class MockkMe(val foo: String)

fun main() {
    val notMock = MockkMe("foo")
    println("Not mockk OK: " + (notMock.foo == "foo"))

    val mockk: MockkMe = io.mockk.mockk()
    io.mockk.every { mockk.foo } returns "bar"
    println("Mockk OK: " + (mockk.foo == "bar"))

    println("Done.")
}
```

## Version with static mock and output:

```kotlin
import io.mockk.every
import io.mockk.mockkStatic
import java.time.Instant

fun main() {
    val epoch = Instant.EPOCH
    mockkStatic(Instant::class)
    every { Instant.now() } returns epoch
    println("Static Mockk OK: " + (Instant.now() == epoch))
}
```

```
Java HotSpot(TM) 64-Bit Server VM warning: Sharing is only supported for boot loader classes because bootstrap classpath has been appended
Dec 03, 2019 7:08:47 PM io.mockk.impl.log.JULLogger warn
WARNING: Failed to transform class java/time/Instant
java.lang.IllegalArgumentException: Unsupported class file major version 57
	at net.bytebuddy.jar.asm.ClassReader.<init>(ClassReader.java:184)
	at net.bytebuddy.jar.asm.ClassReader.<init>(ClassReader.java:166)
	at net.bytebuddy.jar.asm.ClassReader.<init>(ClassReader.java:152)
	at net.bytebuddy.utility.OpenedClassReader.of(OpenedClassReader.java:82)
	at net.bytebuddy.dynamic.scaffold.TypeWriter$Default$ForInlining.create(TypeWriter.java:3390)
	at net.bytebuddy.dynamic.scaffold.TypeWriter$Default.make(TypeWriter.java:1930)
	at net.bytebuddy.dynamic.scaffold.inline.RedefinitionDynamicTypeBuilder.make(RedefinitionDynamicTypeBuilder.java:217)
	at net.bytebuddy.dynamic.scaffold.inline.AbstractInliningDynamicTypeBuilder.make(AbstractInliningDynamicTypeBuilder.java:120)
	at net.bytebuddy.dynamic.DynamicType$Builder$AbstractBase.make(DynamicType.java:3396)
	at io.mockk.proxy.jvm.transformation.InliningClassTransformer.transform(InliningClassTransformer.kt:77)
	at java.instrument/java.lang.instrument.ClassFileTransformer.transform(ClassFileTransformer.java:246)
	at java.instrument/sun.instrument.TransformerManager.transform(TransformerManager.java:188)
	at java.instrument/sun.instrument.InstrumentationImpl.transform(InstrumentationImpl.java:563)
	at java.instrument/sun.instrument.InstrumentationImpl.retransformClasses0(Native Method)
	at java.instrument/sun.instrument.InstrumentationImpl.retransformClasses(InstrumentationImpl.java:167)
	at io.mockk.proxy.jvm.transformation.JvmInlineInstrumentation.retransform(JvmInlineInstrumentation.kt:28)
	at io.mockk.proxy.common.transformation.RetransformInlineInstrumnetation$execute$1.invoke(RetransformInlineInstrumnetation.kt:19)
	at io.mockk.proxy.common.transformation.RetransformInlineInstrumnetation$execute$1.invoke(RetransformInlineInstrumnetation.kt:6)
	at io.mockk.proxy.common.transformation.ClassTransformationSpecMap.applyTransformation(ClassTransformationSpecMap.kt:41)
	at io.mockk.proxy.common.transformation.RetransformInlineInstrumnetation.execute(RetransformInlineInstrumnetation.kt:16)
	at io.mockk.proxy.jvm.StaticProxyMaker.staticProxy(StaticProxyMaker.kt:33)
	at io.mockk.impl.instantiation.JvmStaticMockFactory.staticMockk(JvmStaticMockFactory.kt:39)
	at MockkTestKt.main(MockkTest.kt:20)
	at MockkTestKt.main(MockkTest.kt)

Exception in thread "main" io.mockk.MockKException: Missing calls inside every { ... } block.
	at io.mockk.impl.recording.states.StubbingState.checkMissingCalls(StubbingState.kt:14)
	at io.mockk.impl.recording.states.StubbingState.recordingDone(StubbingState.kt:8)
	at io.mockk.impl.recording.CommonCallRecorder.done(CommonCallRecorder.kt:47)
	at io.mockk.impl.eval.RecordedBlockEvaluator.record(RecordedBlockEvaluator.kt:60)
	at io.mockk.impl.eval.EveryBlockEvaluator.every(EveryBlockEvaluator.kt:30)
	at io.mockk.MockKDsl.internalEvery(API.kt:92)
	at io.mockk.MockKKt.every(MockK.kt:104)
	at MockkTestKt.main(MockkTest.kt:8)
	at MockkTestKt.main(MockkTest.kt)

Process finished with exit code 1
```

Above test also works fine on Java 11.
### Prerequisites

Please answer the following questions for yourself before submitting an issue.

- [x] I am running the latest version
- [x] I checked the documentation and found no answer
- [x] I checked to make sure that this issue has not already been filed

### Expected Behavior

The test should pass. 

### Current Behavior

Obtain mutableLiveData value throws a `java.lang.ClassCastException: java.lang.Object cannot be cast to java.lang.String`

#### Context

If you try to InjectMockKs with `MutableLiveData` dependency is impossible to obtain the mock value in your `ClassTest`. This behaviour is used especially when you use `DataSource.Factory` you can check the class [here](https://github.com/VMadalin/kotlin-sample-app/blob/master/features/characters_list/src/main/kotlin/com/vmadalin/dynamicfeatures/characterslist/ui/list/paging/CharactersPageDataSourceFactory.kt). Moreover the same sample with `Mockito` works correctly. 

* MockK version: 1.9.3
* OS: OS X
* Kotlin version: 1.3.50
* JDK version: 11
* JUnit version: 4.12
* Type of test: unit test 

#### Stack trace

```
java.lang.ClassCastException: java.lang.Object cannot be cast to java.lang.String

	at com.vmadalin.dynamicfeatures.characterslist.ui.list.paging.SampleTest$ClassTest.doSomething(FunTest.kt:35)
	at com.vmadalin.dynamicfeatures.characterslist.ui.list.paging.SampleTest.test(FunTest.kt:28)
```

#### Minimal reproducible code (the gist of this issue)

```kotlin
@RelaxedMockK
    private lateinit var dependency: MutableLiveData<String>

    @InjectMockKs
    var classTest: ClassTest = ClassTest()

    @Before
    fun setup() {
        MockKAnnotations.init(this)
    }

    @Test
    fun test() {
        classTest.doSomething()
        verify { dependency.value }
    }

    class ClassTest {
        lateinit var dependency: MutableLiveData<String>
        fun doSomething() : String? {
            return dependency.value
        }
    }
```
