I have been trying to calculate Stocastic RSI on multi-index dataframe by using "groupby" symbol, and then calling inline function. Following is the code:
`df['fastk'],df['fastd'] = df.groupby('Symbol')['Close'].apply(lambda y: talib.STOCHRSI(y, timeperiod=14, fastk_period=5, fastd_period=3, fastd_matype=0))
`
The error is:

`Traceback (most recent call last):
  File "<stdin>", line 1, in <module>
  File "C:\Users\jafre\AppData\Local\Programs\Python\Python36\lib\site-packages\pandas\core\frame.py", line 2519, in __setitem__
    self._set_item(key, value)
  File "C:\Users\jafre\AppData\Local\Programs\Python\Python36\lib\site-packages\pandas\core\frame.py", line 2585, in _set_item
    value = self._sanitize_column(key, value)
  File "C:\Users\jafre\AppData\Local\Programs\Python\Python36\lib\site-packages\pandas\core\frame.py", line 2760, in _sanitize_column
    value = _sanitize_index(value, self.index, copy=False)
  File "C:\Users\jafre\AppData\Local\Programs\Python\Python36\lib\site-packages\pandas\core\series.py", line 3121, in _sanitize_index
    raise ValueError('Length of values does not match length of ' 'index')
ValueError: Length of values does not match length of index
`
Can someone help with the changes in the code so that multiple output columns can be created in this multi-index dataframe?


Hello, 

I'm trying to install the TA-Lib library but when I launch the:

>  pip install TA-Lib

on the terminal I'm getting this error. I already installed Cython and the C library of TA-Lib with:

> brew install ta-lib

I'm getting this error:


xcrun: error: invalid active developer path (/Library/Developer/CommandLineTools), missing xcrun at: /Library/Developer/CommandLineTools/usr/bin/xcrun
error: command 'gcc' failed with exit status 1




Hope someone can help,
Maximo
I tried to install ta-lib in bitbucket pipeline, but the following errors are occurred.

```
ERROR: Failed building wheel for TA-Lib
  Running setup.py clean for TA-Lib
  Building wheel for pycparser (setup.py): started
  Building wheel for pycparser (setup.py): finished with status 'done'
  Created wheel for pycparser: filename=pycparser-2.19-py2.py3-none-any.whl size=111029 sha256=e8358861ebd347bb7aca69d5774ea7b8f9adf1138a4459644c646477c3f80588
  Stored in directory: /root/.cache/pip/wheels/f2/9a/90/de94f8556265ddc9d9c8b271b0f63e57b26fb1d67a45564511
Successfully built pprint pycparser
Failed to build TA-Lib
Installing collected packages: configparser, six, pycparser, cffi, cryptography, jwt, python-dateutil, pytz, pandas, pprint, certifi, idna, chardet, urllib3, requests, coverage, codecov, wcwidth, attrs, more-itertools, zipp, importlib-metadata, py, pyparsing, packaging, pluggy, pytest, pytest-cov, TA-Lib
    Running setup.py install for TA-Lib: started
    Running setup.py install for TA-Lib: finished with status 'error'
    ERROR: Command errored out with exit status 1:
     command: /usr/local/bin/python -u -c 'import sys, setuptools, tokenize; sys.argv[0] = '"'"'/tmp/pip-install-3bv3hfir/TA-Lib/setup.py'"'"'; __file__='"'"'/tmp/pip-install-3bv3hfir/TA-Lib/setup.py'"'"';f=getattr(tokenize, '"'"'open'"'"', open)(__file__);code=f.read().replace('"'"'\r\n'"'"', '"'"'\n'"'"');f.close();exec(compile(code, __file__, '"'"'exec'"'"'))' install --record /tmp/pip-record-zhw08r9w/install-record.txt --single-version-externally-managed --compile
         cwd: /tmp/pip-install-3bv3hfir/TA-Lib/
    Complete output (27 lines):
    /tmp/pip-install-3bv3hfir/TA-Lib/setup.py:79: UserWarning: Cannot find ta-lib library, installation may fail.
      warnings.warn('Cannot find ta-lib library, installation may fail.')
    running install
    running build
    running build_py
    creating build
    creating build/lib.linux-x86_64-3.7
    creating build/lib.linux-x86_64-3.7/talib
    copying talib/abstract.py -> build/lib.linux-x86_64-3.7/talib
    copying talib/test_data.py -> build/lib.linux-x86_64-3.7/talib
    copying talib/test_stream.py -> build/lib.linux-x86_64-3.7/talib
    copying talib/test_func.py -> build/lib.linux-x86_64-3.7/talib
    copying talib/stream.py -> build/lib.linux-x86_64-3.7/talib
    copying talib/test_pandas.py -> build/lib.linux-x86_64-3.7/talib
    copying talib/__init__.py -> build/lib.linux-x86_64-3.7/talib
    copying talib/deprecated.py -> build/lib.linux-x86_64-3.7/talib
    copying talib/test_abstract.py -> build/lib.linux-x86_64-3.7/talib
    running build_ext
    building 'talib._ta_lib' extension
    creating build/temp.linux-x86_64-3.7
    creating build/temp.linux-x86_64-3.7/talib
    gcc -pthread -Wno-unused-result -Wsign-compare -DNDEBUG -g -fwrapv -O3 -Wall -fPIC -I/usr/local/lib/python3.7/site-packages/numpy/core/include -I/usr/include -I/usr/local/include -I/opt/include -I/opt/local/include -I/usr/local/include/python3.7m -c talib/_ta_lib.c -o build/temp.linux-x86_64-3.7/talib/_ta_lib.o
    talib/_ta_lib.c:526:10: fatal error: ta-lib/ta_defs.h: No such file or directory
     #include "ta-lib/ta_defs.h"
              ^~~~~~~~~~~~~~~~~~
    compilation terminated.
    error: command 'gcc' failed with exit status 1
    ----------------------------------------
ERROR: Command errored out with exit status 1: /usr/local/bin/python -u -c 'import sys, setuptools, tokenize; sys.argv[0] = '"'"'/tmp/pip-install-3bv3hfir/TA-Lib/setup.py'"'"'; __file__='"'"'/tmp/pip-install-3bv3hfir/TA-Lib/setup.py'"'"';f=getattr(tokenize, '"'"'open'"'"', open)(__file__);code=f.read().replace('"'"'\r\n'"'"', '"'"'\n'"'"');f.close();exec(compile(code, __file__, '"'"'exec'"'"'))' install --record /tmp/pip-record-zhw08r9w/install-record.txt --single-version-externally-managed --compile Check the logs for full command output
```

This is my pipeline configuration file, and `TA-Lib` is in requiremets.txt file.
```
# This is a sample build configuration for Python.
# Check our guides at https://confluence.atlassian.com/x/x4UWN for more examples.
# Only use spaces to indent your .yml configuration.
# -----
# You can specify a custom docker image from Docker Hub as your build environment.
image: python:3.7.5

pipelines:
  default:
    - step:
        deployment: test
        script: # Modify the commands below to build your repository.
          - pip install --upgrade pip
          - pip install numpy
          - pip install -r requirements.txt
          - pytest --cov=./ ./tests/
```

Is there anyone who tried to set this library to bitbucket? I already read the guide in README in this repo, and tried serveral ways to solve this problem such as adding `apt-get install python3-dev` statement, but still cannot solve this error.
The following code shows that the Closing MARUBOZU does not work properly. It suggests that there is a closing MARUBOZU on the last candle, which does not conform to the specification, since high is not equal to close. 
It works if only the last four values are present. 

from plotly.offline import plot
import plotly.graph_objs as go
import pandas as pd
import talib as ta
import re 
import numpy as np

#import locale
#from locale import atof, setlocale
#locale.setlocale(locale.LC_NUMERIC, "nb_NO.UTF-8")

o = np.array([49.09,53.0,49.54,48.84,51.79,49.95,49.59,51.4, 49.0,49.0,47.84])
h = np.array([52.09,55.2,51.2,51.79,52.59,50.5,52.0,51.7,50.59,49.95,52.09])
l = np.array([47.4,52.09,48.2,48.84,49.9,48.65,49.04,48.04,48.29,47.09,47.59])
c = np.array([52.0,52.7,48.65,51.7,49.95,49.04,51.5, 49.2,48.9,47.9,51.9])

print('CDLCLOSINGMARUBOZU ', ta.CDLCLOSINGMARUBOZU(o, h, l, c))

trace = go.Candlestick( #x= pd.to_datetime(dfohlc.index.values),
            open=o,
            high=h,
            low=l,
            close=c)
data = [trace]

plot(data, filename='go_candle1.html')

as title. 

is there a function to calculate all indicators?
When installing TA-Lib on Linux mint i get a lot of errors

` pip3 install TA-Lib`

> talib/_ta_lib.c:66764:15: warning: assignment from incompatible pointer type [-Wincompatible-pointer-types]
>          __pyx_t_2 = PyArray_GETCONTIGUOUS(__pyx_v_low); if (unlikely(!__pyx_t_2)) __PYX_ERR(2, 5409, __pyx_L1_error)
>                    ^
>     talib/_ta_lib.c:66869:15: warning: assignment from incompatible pointer type [-Wincompatible-pointer-types]
>          __pyx_t_2 = PyArray_GETCONTIGUOUS(__pyx_v_close); if (unlikely(!__pyx_t_2)) __PYX_ERR(2, 5416, __pyx_L1_error)
>                    ^
>     talib/_ta_lib.c: In function ‘__pyx_pf_5talib_7_ta_lib_144CDLSEPARATINGLINES’:
>     talib/_ta_lib.c:67535:15: warning: assignment from incompatible pointer type [-Wincompatible-pointer-types]
>          __pyx_t_2 = PyArray_GETCONTIGUOUS(__pyx_v_open); if (unlikely(!__pyx_t_2)) __PYX_ERR(2, 5483, __pyx_L1_error)
> ...
>     x86_64-linux-gnu-gcc -pthread -shared -Wl,-O1 -Wl,-Bsymbolic-functions -Wl,-Bsymbolic-functions -Wl,-z,relro -Wl,-Bsymbolic-functions -Wl,-z,relro -g -fstack-protector-strong -Wformat -Werror=format-security -Wdate-time -D_FORTIFY_SOURCE=2 build/temp.linux-x86_64-3.6/talib/_ta_lib.o -L/usr/local/lib -L/usr/local/lib64 -L/opt/lib -L/opt/local/lib -lta_lib -o build/lib.linux-x86_64-3.6/talib/_ta_lib.cpython-36m-x86_64-linux-gnu.so
>     /usr/bin/ld: inkompatibles /usr/lib/gcc/x86_64-linux-gnu/7/../../../../lib/libta_lib.so wird bei der Suche nach -lta_lib übersprungen
>     /usr/bin/ld: inkompatibles /usr/lib/gcc/x86_64-linux-gnu/7/../../../../lib/libta_lib.a wird bei der Suche nach -lta_lib übersprungen
>     /usr/bin/ld: inkompatibles /usr/lib/../lib/libta_lib.so wird bei der Suche nach -lta_lib übersprungen
>     /usr/bin/ld: inkompatibles /usr/lib/../lib/libta_lib.a wird bei der Suche nach -lta_lib übersprungen
>     /usr/bin/ld: inkompatibles /usr/lib/gcc/x86_64-linux-gnu/7/../../../libta_lib.so wird bei der Suche nach -lta_lib übersprungen
>     /usr/bin/ld: inkompatibles /usr/lib/gcc/x86_64-linux-gnu/7/../../../libta_lib.a wird bei der Suche nach -lta_lib übersprungen
>     /usr/bin/ld: inkompatibles //usr/lib/libta_lib.so wird bei der Suche nach -lta_lib übersprungen
>     /usr/bin/ld: inkompatibles //usr/lib/libta_lib.a wird bei der Suche nach -lta_lib übersprungen
>     /usr/bin/ld: -lta_lib kann nicht gefunden werden
>     collect2: error: ld returned 1 exit status
>     error: command 'x86_64-linux-gnu-gcc' failed with exit status 1
>     ----------------------------------------
> ERROR: Command errored out with exit status 1: /home/tw/tbot/env/bin/python3 -u -c 'import sys, setuptools, tokenize; sys.argv[0] = '"'"'/tmp/pip-install-mtmitgoy/TA-Lib/setup.py'"'"'; __file__='"'"'/tmp/pip-install-mtmitgoy/TA-Lib/setup.py'"'"';f=getattr(tokenize, '"'"'open'"'"', open)(__file__);code=f.read().replace('"'"'\r\n'"'"', '"'"'\n'"'"');f.close();exec(compile(code, __file__, '"'"'exec'"'"'))' install --record /tmp/pip-record-w92big2f/install-record.txt --single-version-externally-managed --compile --install-headers /home/tw/tbot/env/include/site/python3.6/TA-Lib Check the logs for full command output.
> 

Linux Version:
Linux Mint 19.2 Tina \n \l
4GB RAM
gcc-Version: gcc (Ubuntu 7.4.0-1ubuntu1~18.04.1) 7.4.0

> !pip install  TA-Lib

```
Collecting TA-Lib
  Downloading https://files.pythonhosted.org/packages/90/05/d4c6a778d7a7de0be366bc4a850b4ffaeac2abad927f95fa8ba6f355a082/TA-Lib-0.4.17.tar.gz (717kB)
    100% |████████████████████████████████| 727kB 21.7MB/s ta 0:00:01
Requirement already satisfied: numpy in /opt/conda/lib/python3.7/site-packages (from TA-Lib) (1.17.0)
Building wheels for collected packages: TA-Lib
  Building wheel for TA-Lib (setup.py) ... error
  Complete output from command /opt/conda/bin/python -u -c "import setuptools, tokenize;__file__='/tmp/pip-install-5e04v0vq/TA-Lib/setup.py';f=getattr(tokenize, 'open', open)(__file__);code=f.read().replace('\r\n', '\n');f.close();exec(compile(code, __file__, 'exec'))" bdist_wheel -d /tmp/pip-wheel-24xys8ee --python-tag cp37:
  /tmp/pip-install-5e04v0vq/TA-Lib/setup.py:79: UserWarning: Cannot find ta-lib library, installation may fail.
    warnings.warn('Cannot find ta-lib library, installation may fail.')
  running bdist_wheel
  running build
  running build_py
  creating build
  creating build/lib.linux-x86_64-3.7
  creating build/lib.linux-x86_64-3.7/talib
  copying talib/test_data.py -> build/lib.linux-x86_64-3.7/talib
  copying talib/test_abstract.py -> build/lib.linux-x86_64-3.7/talib
  copying talib/deprecated.py -> build/lib.linux-x86_64-3.7/talib
  copying talib/__init__.py -> build/lib.linux-x86_64-3.7/talib
  copying talib/stream.py -> build/lib.linux-x86_64-3.7/talib
  copying talib/abstract.py -> build/lib.linux-x86_64-3.7/talib
  copying talib/test_func.py -> build/lib.linux-x86_64-3.7/talib
  copying talib/test_pandas.py -> build/lib.linux-x86_64-3.7/talib
  copying talib/test_stream.py -> build/lib.linux-x86_64-3.7/talib
  running build_ext
  skipping 'talib/_ta_lib.c' Cython extension (up-to-date)
  building 'talib._ta_lib' extension
  creating build/temp.linux-x86_64-3.7
  creating build/temp.linux-x86_64-3.7/talib
  gcc -pthread -B /opt/conda/compiler_compat -Wl,--sysroot=/ -Wsign-compare -DNDEBUG -g -fwrapv -O3 -Wall -Wstrict-prototypes -fPIC -I/opt/conda/lib/python3.7/site-packages/numpy/core/include -I/usr/include -I/usr/local/include -I/opt/include -I/opt/local/include -I/opt/conda/include/python3.7m -c talib/_ta_lib.c -o build/temp.linux-x86_64-3.7/talib/_ta_lib.o
  talib/_ta_lib.c:526:28: fatal error: ta-lib/ta_defs.h: No such file or directory
   #include "ta-lib/ta_defs.h"
                              ^
  compilation terminated.
  error: command 'gcc' failed with exit status 1
  
  ----------------------------------------
  Failed building wheel for TA-Lib
  Running setup.py clean for TA-Lib
Failed to build TA-Lib
Installing collected packages: TA-Lib
  Running setup.py install for TA-Lib ... error
    Complete output from command /opt/conda/bin/python -u -c "import setuptools, tokenize;__file__='/tmp/pip-install-5e04v0vq/TA-Lib/setup.py';f=getattr(tokenize, 'open', open)(__file__);code=f.read().replace('\r\n', '\n');f.close();exec(compile(code, __file__, 'exec'))" install --record /tmp/pip-record-lujeiyf1/install-record.txt --single-version-externally-managed --compile:
    /tmp/pip-install-5e04v0vq/TA-Lib/setup.py:79: UserWarning: Cannot find ta-lib library, installation may fail.
      warnings.warn('Cannot find ta-lib library, installation may fail.')
    running install
    running build
    running build_py
    creating build
    creating build/lib.linux-x86_64-3.7
    creating build/lib.linux-x86_64-3.7/talib
    copying talib/test_data.py -> build/lib.linux-x86_64-3.7/talib
    copying talib/test_abstract.py -> build/lib.linux-x86_64-3.7/talib
    copying talib/deprecated.py -> build/lib.linux-x86_64-3.7/talib
    copying talib/__init__.py -> build/lib.linux-x86_64-3.7/talib
    copying talib/stream.py -> build/lib.linux-x86_64-3.7/talib
    copying talib/abstract.py -> build/lib.linux-x86_64-3.7/talib
    copying talib/test_func.py -> build/lib.linux-x86_64-3.7/talib
    copying talib/test_pandas.py -> build/lib.linux-x86_64-3.7/talib
    copying talib/test_stream.py -> build/lib.linux-x86_64-3.7/talib
    running build_ext
    skipping 'talib/_ta_lib.c' Cython extension (up-to-date)
    building 'talib._ta_lib' extension
    creating build/temp.linux-x86_64-3.7
    creating build/temp.linux-x86_64-3.7/talib
    gcc -pthread -B /opt/conda/compiler_compat -Wl,--sysroot=/ -Wsign-compare -DNDEBUG -g -fwrapv -O3 -Wall -Wstrict-prototypes -fPIC -I/opt/conda/lib/python3.7/site-packages/numpy/core/include -I/usr/include -I/usr/local/include -I/opt/include -I/opt/local/include -I/opt/conda/include/python3.7m -c talib/_ta_lib.c -o build/temp.linux-x86_64-3.7/talib/_ta_lib.o
    talib/_ta_lib.c:526:28: fatal error: ta-lib/ta_defs.h: No such file or directory
     #include "ta-lib/ta_defs.h"
                                ^
    compilation terminated.
    error: command 'gcc' failed with exit status 1
    
    ----------------------------------------
Command "/opt/conda/bin/python -u -c "import setuptools, tokenize;__file__='/tmp/pip-install-5e04v0vq/TA-Lib/setup.py';f=getattr(tokenize, 'open', open)(__file__);code=f.read().replace('\r\n', '\n');f.close();exec(compile(code, __file__, 'exec'))" install --record /tmp/pip-record-lujeiyf1/install-record.txt --single-version-externally-managed --compile" failed with error code 1 in /tmp/pip-install-5e04v0vq/TA-Lib/
```
To avoid link opening to the error page
Fixed the documentation broken links,
changed the extension from html to Md