- [X] documentation is changed or added
- [X] commit message follows [commit guidelines](https://github.com/nodejs/node/blob/master/doc/guides/contributing/pull-requests.md#commit-message-guidelines)

##### Description of change
It was hard to find specific package needed to run node-gyp on MacOS that's why I added specific link. 

<!--
Thank you for reporting an issue. The more information you can give us, the
better the chance we can fix your problem.

This issue tracker is for issues with node-gyp,
if you have an issue installing a specific module, please file an issue on
that module's issue tracker (`npm issues modulename`).
-->

* **Node Version**: Node: v12.9.0 npm: 6.10.2
* **Platform**: Linux <hostname> 5.2.17-1rodete3-amd64 #1 SMP Debian 5.2.17-1rodete3 (2019-10-21 > 2018) x86_64 GNU/Linux
* **Compiler**: gcc version 8.3.0 (Debian 8.3.0-6) 
* **Module**: a version not on npm

<details><summary>Verbose output (from npm or node-gyp):</summary>

```
gyp info it worked if it ends with ok
gyp verb cli [
gyp verb cli   '/usr/local/google/home/mlumish/.nvm/versions/node/v12.9.0/bin/node',
gyp verb cli   '/usr/local/google/home/mlumish/.nvm/versions/node/v12.9.0/lib/node_modules/npm/node_modules/node-gyp/bin/node-gyp.js',
gyp verb cli   'clean'
gyp verb cli ]
gyp info using node-gyp@5.0.3
gyp info using node@12.9.0 | linux | x64
gyp verb command clean []
gyp verb clean removing "build" directory
gyp info ok 
gyp info it worked if it ends with ok
gyp verb cli [
gyp verb cli   '/usr/local/google/home/mlumish/.nvm/versions/node/v12.9.0/bin/node',
gyp verb cli   '/usr/local/google/home/mlumish/.nvm/versions/node/v12.9.0/lib/node_modules/npm/node_modules/node-gyp/bin/node-gyp.js',
gyp verb cli   'configure',
gyp verb cli   '--fallback-to-build',
gyp verb cli   '--library=static_library',
gyp verb cli   '--no-duplicate-basename-check',
gyp verb cli   '--module=/usr/local/google/home/mlumish/grpc-node/packages/grpc-native-core/src/node/extension_binary/node-v72-linux-x64-glibc/grpc_node.node',
gyp verb cli   '--module_name=grpc_node',
gyp verb cli   '--module_path=/usr/local/google/home/mlumish/grpc-node/packages/grpc-native-core/src/node/extension_binary/node-v72-linux-x64-glibc',
gyp verb cli   '--napi_version=4',
gyp verb cli   '--node_abi_napi=napi',
gyp verb cli   '--napi_build_version=0',
gyp verb cli   '--node_napi_label=node-v72'
gyp verb cli ]
gyp info using node-gyp@5.0.3
gyp info using node@12.9.0 | linux | x64
gyp verb command configure []
gyp verb find Python Python is not set from command line or npm configuration
gyp verb find Python Python is not set from environment variable PYTHON
gyp verb find Python checking if "python" can be used
gyp verb find Python - executing "python" to get executable path
gyp verb find Python - executable path is "/usr/bin/python"
gyp verb find Python - executing "/usr/bin/python" to get version
gyp verb find Python - version is "2.7.17"
gyp info find Python using Python version 2.7.17 found at "/usr/bin/python"
gyp verb get node dir no --target version specified, falling back to host node version: 12.9.0
gyp verb command install [ '12.9.0' ]
gyp verb install input version string "12.9.0"
gyp verb install installing version: 12.9.0
gyp verb install --ensure was passed, so won't reinstall if already installed
gyp verb install version is already installed, need to check "installVersion"
gyp verb got "installVersion" 9
gyp verb needs "installVersion" 9
gyp verb install version is good
gyp verb get node dir target node version installed: 12.9.0
gyp verb build dir attempting to create "build" dir: /usr/local/google/home/mlumish/grpc-node/packages/grpc-native-core/build
gyp verb build dir "build" dir needed to be created? /usr/local/google/home/mlumish/grpc-node/packages/grpc-native-core/build
gyp verb build/config.gypi creating config file
gyp verb build/config.gypi writing out config file: /usr/local/google/home/mlumish/grpc-node/packages/grpc-native-core/build/config.gypi
gyp verb config.gypi checking for gypi file: /usr/local/google/home/mlumish/grpc-node/packages/grpc-native-core/config.gypi
gyp verb common.gypi checking for gypi file: /usr/local/google/home/mlumish/grpc-node/packages/grpc-native-core/common.gypi
gyp verb gyp gyp format was not specified; forcing "make"
gyp info spawn /usr/bin/python
gyp info spawn args [
gyp info spawn args   '/usr/local/google/home/mlumish/.nvm/versions/node/v12.9.0/lib/node_modules/npm/node_modules/node-gyp/gyp/gyp_main.py',
gyp info spawn args   'binding.gyp',
gyp info spawn args   '-f',
gyp info spawn args   'make',
gyp info spawn args   '-I',
gyp info spawn args   '/usr/local/google/home/mlumish/grpc-node/packages/grpc-native-core/build/config.gypi',
gyp info spawn args   '-I',
gyp info spawn args   '/usr/local/google/home/mlumish/.nvm/versions/node/v12.9.0/lib/node_modules/npm/node_modules/node-gyp/addon.gypi',
gyp info spawn args   '-I',
gyp info spawn args   '/usr/local/google/home/mlumish/.cache/node-gyp/12.9.0/include/node/common.gypi',
gyp info spawn args   '-Dlibrary=shared_library',
gyp info spawn args   '-Dvisibility=default',
gyp info spawn args   '-Dnode_root_dir=/usr/local/google/home/mlumish/.cache/node-gyp/12.9.0',
gyp info spawn args   '-Dnode_gyp_dir=/usr/local/google/home/mlumish/.nvm/versions/node/v12.9.0/lib/node_modules/npm/node_modules/node-gyp',
gyp info spawn args   '-Dnode_lib_file=/usr/local/google/home/mlumish/.cache/node-gyp/12.9.0/<(target_arch)/node.lib',
gyp info spawn args   '-Dmodule_root_dir=/usr/local/google/home/mlumish/grpc-node/packages/grpc-native-core',
gyp info spawn args   '-Dnode_engine=v8',
gyp info spawn args   '--depth=.',
gyp info spawn args   '--no-parallel',
gyp info spawn args   '--generator-output',
gyp info spawn args   'build',
gyp info spawn args   '-Goutput_dir=.'
gyp info spawn args ]
static library binding.gyp:absl/strings_strings#target has several files with the same basename:
  escaping: deps/grpc/third_party/abseil-cpp/absl/strings/escaping.cc deps/grpc/third_party/abseil-cpp/absl/strings/internal/escaping.cc
libtool on Mac cannot handle that. Use --no-duplicate-basename-check to disable this validation.
gyp: Duplicate basenames in sources section, see list above
gyp ERR! configure error 
gyp ERR! stack Error: `gyp` failed with exit code: 1
gyp ERR! stack     at ChildProcess.onCpExit (/usr/local/google/home/mlumish/.nvm/versions/node/v12.9.0/lib/node_modules/npm/node_modules/node-gyp/lib/configure.js:344:16)
gyp ERR! stack     at ChildProcess.emit (events.js:209:13)
gyp ERR! stack     at Process.ChildProcess._handle.onexit (internal/child_process.js:272:12)
gyp ERR! System Linux 5.2.17-1rodete3-amd64
gyp ERR! command "/usr/local/google/home/mlumish/.nvm/versions/node/v12.9.0/bin/node" "/usr/local/google/home/mlumish/.nvm/versions/node/v12.9.0/lib/node_modules/npm/node_modules/node-gyp/bin/node-gyp.js" "configure" "--fallback-to-build" "--library=static_library" "--no-duplicate-basename-check" "--module=/usr/local/google/home/mlumish/grpc-node/packages/grpc-native-core/src/node/extension_binary/node-v72-linux-x64-glibc/grpc_node.node" "--module_name=grpc_node" "--module_path=/usr/local/google/home/mlumish/grpc-node/packages/grpc-native-core/src/node/extension_binary/node-v72-linux-x64-glibc" "--napi_version=4" "--node_abi_napi=napi" "--napi_build_version=0" "--node_napi_label=node-v72"
gyp ERR! cwd /usr/local/google/home/mlumish/grpc-node/packages/grpc-native-core
gyp ERR! node -v v12.9.0
gyp ERR! node-gyp -v v5.0.3
gyp ERR! not ok
```

</details>

The lines from the log I want to emphasize are these:

```
static library binding.gyp:absl/strings_strings#target has several files with the same basename:
  escaping: deps/grpc/third_party/abseil-cpp/absl/strings/escaping.cc deps/grpc/third_party/abseil-cpp/absl/strings/internal/escaping.cc
libtool on Mac cannot handle that. Use --no-duplicate-basename-check to disable this validation.
...
gyp ERR! command "/usr/local/google/home/mlumish/.nvm/versions/node/v12.9.0/bin/node" "/usr/local/google/home/mlumish/.nvm/versions/node/v12.9.0/lib/node_modules/npm/node_modules/node-gyp/bin/node-gyp.js" "configure" "--fallback-to-build" "--library=static_library" "--no-duplicate-basename-check" "--module=/usr/local/google/home/mlumish/grpc-node/packages/grpc-native-core/src/node/extension_binary/node-v72-linux-x64-glibc/grpc_node.node" "--module_name=grpc_node" "--module_path=/usr/local/google/home/mlumish/grpc-node/packages/grpc-native-core/src/node/extension_binary/node-v72-linux-x64-glibc" "--napi_version=4" "--node_abi_napi=napi" "--napi_build_version=0" "--node_napi_label=node-v72"
```

The logged gyp command includes the argument "--no-duplicate-basename-check" but the build is still failing as a result of the duplicate basename check.
* **Node Version**: 
$ node -v
v8.11.3
$ npm -v
6.5.0
* **Platform**: Windows 10 Pro
* **Compiler**: msbuild 
* **Module**: weak

<details><summary>Verbose output (from npm or node-gyp):</summary>

```
$ npm i --verbose
npm info it worked if it ends with ok
npm verb cli [ 'C:\\Program Files\\nodejs\\node.exe',
npm verb cli   'C:\\Users\\christian.fornara\\AppData\\Roaming\\npm\\node_modules\\npm\\bin\\npm-cli.js',
npm verb cli   'i',
npm verb cli   '--verbose' ]
npm info using npm@6.5.0
npm info using node@v8.11.3
npm verb npm-session 72619d7d01e6525a
npm info lifecycle AutoAuthWifiClearpass@0.0.1~preinstall: AutoAuthWifiClearpass@0.0.1
npm timing stage:loadCurrentTree Completed in 612ms
npm timing stage:loadIdealTree:cloneCurrentTree Completed in 6ms
npm timing stage:loadIdealTree:loadShrinkwrap Completed in 244ms
npm timing stage:loadIdealTree:loadAllDepsIntoIdealTree Completed in 241ms
npm timing stage:loadIdealTree Completed in 572ms
npm timing stage:generateActionsToTake Completed in 59ms
npm verb correctMkdir C:\Users\christian.fornara\AppData\Roaming\npm-cache\_locks correctMkdir not in flight; initializing
npm timing audit compress Completed in 8ms
npm info audit Submitting payload of 12000bytes
npm verb lock using C:\Users\christian.fornara\AppData\Roaming\npm-cache\_locks\staging-7568c44e56040492.lock for E:\Progetti\AutoAuthWifiClearpass\node_modules\.staging
npm timing action:extract Completed in 77ms
npm timing action:finalize Completed in 12ms
npm timing action:refresh-package-json Completed in 137ms
npm info lifecycle file-uri-to-path@1.0.0~preinstall: file-uri-to-path@1.0.0
npm info lifecycle bindings@1.5.0~preinstall: bindings@1.5.0
npm info lifecycle weak@1.0.1~preinstall: weak@1.0.1
npm timing action:preinstall Completed in 3ms
npm info linkStuff file-uri-to-path@1.0.0
npm info linkStuff bindings@1.5.0
npm info linkStuff weak@1.0.1
npm timing action:build Completed in 5ms
npm info lifecycle file-uri-to-path@1.0.0~install: file-uri-to-path@1.0.0
npm info lifecycle bindings@1.5.0~install: bindings@1.5.0
npm info lifecycle weak@1.0.1~install: weak@1.0.1

> weak@1.0.1 install E:\Progetti\AutoAuthWifiClearpass\node_modules\weak
> node-gyp rebuild


E:\Progetti\AutoAuthWifiClearpass\node_modules\weak>if not defined npm_config_node_gyp (node "C:\Users\christian.fornara\AppData\Roaming\npm\node_modules\npm\node_modules\npm-lifecycle\node-gyp-bin\\..\..\node_modules\node-gyp\bin\node-gyp.js" rebuild )  else (node "C:\Users\christian.fornara\AppData\Roaming\npm\node_modules\npm\node_modules\node-gyp\bin\node-gyp.js" rebuild )
gyp info it worked if it ends with ok
gyp verb cli [ 'C:\\Program Files\\nodejs\\node.exe',
gyp verb cli   'C:\\Users\\christian.fornara\\AppData\\Roaming\\npm\\node_modules\\npm\\node_modules\\node-gyp\\bin\\node-gyp.js',
gyp verb cli   'rebuild' ]
gyp info using node-gyp@3.8.0
gyp info using node@8.11.3 | win32 | x64
gyp verb command rebuild []
gyp verb command clean []
gyp verb clean removing "build" directory
gyp verb command configure []
gyp verb check python checking for Python executable "C:Userschristian.fornara.windows-build-toolspython27" in the PATH
gyp verb `which` failed Error: not found: C:Userschristian.fornara.windows-build-toolspython27
gyp verb `which` failed     at getNotFoundError (C:\Users\christian.fornara\AppData\Roaming\npm\node_modules\npm\node_modules\which\which.js:13:12)
gyp verb `which` failed     at F (C:\Users\christian.fornara\AppData\Roaming\npm\node_modules\npm\node_modules\which\which.js:68:19)
gyp verb `which` failed     at E (C:\Users\christian.fornara\AppData\Roaming\npm\node_modules\npm\node_modules\which\which.js:80:29)
gyp verb `which` failed     at C:\Users\christian.fornara\AppData\Roaming\npm\node_modules\npm\node_modules\which\which.js:89:16
gyp verb `which` failed     at C:\Users\christian.fornara\AppData\Roaming\npm\node_modules\npm\node_modules\isexe\index.js:42:5
gyp verb `which` failed     at C:\Users\christian.fornara\AppData\Roaming\npm\node_modules\npm\node_modules\isexe\windows.js:36:5
gyp verb `which` failed     at FSReqWrap.oncomplete (fs.js:152:21)
gyp verb `which` failed  C:Userschristian.fornara.windows-build-toolspython27 { Error: not found: C:Userschristian.fornara.windows-build-toolspython27
gyp verb `which` failed     at getNotFoundError (C:\Users\christian.fornara\AppData\Roaming\npm\node_modules\npm\node_modules\which\which.js:13:12)
gyp verb `which` failed     at F (C:\Users\christian.fornara\AppData\Roaming\npm\node_modules\npm\node_modules\which\which.js:68:19)
gyp verb `which` failed     at E (C:\Users\christian.fornara\AppData\Roaming\npm\node_modules\npm\node_modules\which\which.js:80:29)
gyp verb `which` failed     at C:\Users\christian.fornara\AppData\Roaming\npm\node_modules\npm\node_modules\which\which.js:89:16
gyp verb `which` failed     at C:\Users\christian.fornara\AppData\Roaming\npm\node_modules\npm\node_modules\isexe\index.js:42:5
gyp verb `which` failed     at C:\Users\christian.fornara\AppData\Roaming\npm\node_modules\npm\node_modules\isexe\windows.js:36:5
gyp verb `which` failed     at FSReqWrap.oncomplete (fs.js:152:21)
gyp verb `which` failed   stack: 'Error: not found: C:Userschristian.fornara.windows-build-toolspython27\n    at getNotFoundError (C:\\Users\\christian.fornara\\AppData\\Roaming\\npm\\node_modules\\npm\\node_modules\\which\\which.js:13:12)\n    at F (C:\\Users\\christian.fornara\\AppData\\Roaming\\npm\\node_modules\\npm\\node_modules\\which\\which.js:68:19)\n    at E (C:\\Users\\christian.fornara\\AppData\\Roaming\\npm\\node_modules\\npm\\node_modules\\which\\which.js:80:29)\n    at C:\\Users\\christian.fornara\\AppData\\Roaming\\npm\\node_modules\\npm\\node_modules\\which\\which.js:89:16\n    at C:\\Users\\christian.fornara\\AppData\\Roaming\\npm\\node_modules\\npm\\node_modules\\isexe\\index.js:42:5\n    at C:\\Users\\christian.fornara\\AppData\\Roaming\\npm\\node_modules\\npm\\node_modules\\isexe\\windows.js:36:5\n    at FSReqWrap.oncomplete (fs.js:152:21)',
gyp verb `which` failed   code: 'ENOENT' }
gyp verb could not find "C:Userschristian.fornara.windows-build-toolspython27". checking python launcher
gyp verb check python launcher python executable found: "C:\\Users\\christian.fornara\\.windows-build-tools\\python27\\python.exe"
gyp verb check python version `C:\Users\christian.fornara\.windows-build-tools\python27\python.exe -c "import sys; print "2.7.15
gyp verb check python version .%s.%s" % sys.version_info[:3];"` returned: %j
gyp verb get node dir no --target version specified, falling back to host node version: 8.11.3
gyp verb command install [ '8.11.3' ]
gyp verb install input version string "8.11.3"
gyp verb install installing version: 8.11.3
gyp verb install --ensure was passed, so won't reinstall if already installed
gyp verb install version is already installed, need to check "installVersion"
gyp verb got "installVersion" 9
gyp verb needs "installVersion" 9
gyp verb install version is good
gyp verb get node dir target node version installed: 8.11.3
gyp verb build dir attempting to create "build" dir: E:\Progetti\AutoAuthWifiClearpass\node_modules\weak\build
gyp verb build dir "build" dir needed to be created? E:\Progetti\AutoAuthWifiClearpass\node_modules\weak\build
gyp verb build/config.gypi creating config file
gyp verb build/config.gypi writing out config file: E:\Progetti\AutoAuthWifiClearpass\node_modules\weak\build\config.gypi
gyp verb config.gypi checking for gypi file: E:\Progetti\AutoAuthWifiClearpass\node_modules\weak\config.gypi
gyp verb common.gypi checking for gypi file: E:\Progetti\AutoAuthWifiClearpass\node_modules\weak\common.gypi
gyp verb gyp gyp format was not specified; forcing "msvs"
gyp info spawn C:\Users\christian.fornara\.windows-build-tools\python27\python.exe
gyp info spawn args [ 'C:\\Users\\christian.fornara\\AppData\\Roaming\\npm\\node_modules\\npm\\node_modules\\node-gyp\\gyp\\gyp_main.py',
gyp info spawn args   'binding.gyp',
gyp info spawn args   '-f',
gyp info spawn args   'msvs',
gyp info spawn args   '-G',
gyp info spawn args   'msvs_version=2019',
gyp info spawn args   '-I',
gyp info spawn args   'E:\\Progetti\\AutoAuthWifiClearpass\\node_modules\\weak\\build\\config.gypi',
gyp info spawn args   '-I',
gyp info spawn args   'C:\\Users\\christian.fornara\\AppData\\Roaming\\npm\\node_modules\\npm\\node_modules\\node-gyp\\addon.gypi',
gyp info spawn args   '-I',
gyp info spawn args   'C:\\Users\\christian.fornara\\.node-gyp\\8.11.3\\include\\node\\common.gypi',
gyp info spawn args   '-Dlibrary=shared_library',
gyp info spawn args   '-Dvisibility=default',
gyp info spawn args   '-Dnode_root_dir=C:\\Users\\christian.fornara\\.node-gyp\\8.11.3',
gyp info spawn args   '-Dnode_gyp_dir=C:\\Users\\christian.fornara\\AppData\\Roaming\\npm\\node_modules\\npm\\node_modules\\node-gyp',
gyp info spawn args   '-Dnode_lib_file=C:\\Users\\christian.fornara\\.node-gyp\\8.11.3\\<(target_arch)\\node.lib',
gyp info spawn args   '-Dmodule_root_dir=E:\\Progetti\\AutoAuthWifiClearpass\\node_modules\\weak',
gyp info spawn args   '-Dnode_engine=v8',
gyp info spawn args   '--depth=.',
gyp info spawn args   '--no-parallel',
gyp info spawn args   '--generator-output',
gyp info spawn args   'E:\\Progetti\\AutoAuthWifiClearpass\\node_modules\\weak\\build',
gyp info spawn args   '-Goutput_dir=.' ]
Traceback (most recent call last):
  File "C:\Users\christian.fornara\AppData\Roaming\npm\node_modules\npm\node_modules\node-gyp\gyp\gyp_main.py", line 16, in <module>
    sys.exit(gyp.script_main())
  File "C:\Users\christian.fornara\AppData\Roaming\npm\node_modules\npm\node_modules\node-gyp\gyp\pylib\gyp\__init__.py", line 545, in script_main
    return main(sys.argv[1:])
  File "C:\Users\christian.fornara\AppData\Roaming\npm\node_modules\npm\node_modules\node-gyp\gyp\pylib\gyp\__init__.py", line 538, in main
    return gyp_main(args)
  File "C:\Users\christian.fornara\AppData\Roaming\npm\node_modules\npm\node_modules\node-gyp\gyp\pylib\gyp\__init__.py", line 514, in gyp_main
    options.duplicate_basename_check)
  File "C:\Users\christian.fornara\AppData\Roaming\npm\node_modules\npm\node_modules\node-gyp\gyp\pylib\gyp\__init__.py", line 98, in Load
    generator.CalculateVariables(default_variables, params)
  File "C:\Users\christian.fornara\AppData\Roaming\npm\node_modules\npm\node_modules\node-gyp\gyp\pylib\gyp\generator\msvs.py", line 1916, in CalculateVariables
    generator_flags.get('msvs_version', 'auto'))
  File "C:\Users\christian.fornara\AppData\Roaming\npm\node_modules\npm\node_modules\node-gyp\gyp\pylib\gyp\MSVSVersion.py", line 434, in SelectVisualStudioVersion
    versions = _DetectVisualStudioVersions(version_map[version], 'e' in version)
KeyError: '2019'
gyp ERR! configure error
gyp ERR! stack Error: `gyp` failed with exit code: 1
gyp ERR! stack     at ChildProcess.onCpExit (C:\Users\christian.fornara\AppData\Roaming\npm\node_modules\npm\node_modules\node-gyp\lib\configure.js:345:16)
gyp ERR! stack     at emitTwo (events.js:126:13)
gyp ERR! stack     at ChildProcess.emit (events.js:214:7)
gyp ERR! stack     at Process.ChildProcess._handle.onexit (internal/child_process.js:198:12)
gyp ERR! System Windows_NT 10.0.17763
gyp ERR! command "C:\\Program Files\\nodejs\\node.exe" "C:\\Users\\christian.fornara\\AppData\\Roaming\\npm\\node_modules\\npm\\node_modules\\node-gyp\\bin\\node-gyp.js" "rebuild"
gyp ERR! cwd E:\Progetti\AutoAuthWifiClearpass\node_modules\weak
gyp ERR! node -v v8.11.3
gyp ERR! node-gyp -v v3.8.0
gyp ERR! not ok
npm verb lifecycle weak@1.0.1~install: unsafe-perm in lifecycle true
npm verb lifecycle weak@1.0.1~install: PATH: C:\Users\christian.fornara\AppData\Roaming\npm\node_modules\npm\node_modules\npm-lifecycle\node-gyp-bin;E:\Progetti\AutoAuthWifiClearpass\node_modules\weak\node_modules\.bin;E:\Progetti\AutoAuthWifiClearpass\node_modules\.bin;C:\Program Files\Git\mingw64\bin;C:\Program Files\Git\usr\bin;C:\Users\christian.fornara\bin;C:\WINDOWS\system32;C:\WINDOWS;C:\WINDOWS\System32\Wbem;C:\WINDOWS\System32\WindowsPowerShell\v1.0;C:\WINDOWS\System32\OpenSSH;C:\Program Files\nodejs;C:\Program Files (x86)\Windows Live\Shared;C:\Program Files (x86)\Sennheiser\SoftphoneSDK;C:\Program Files\MySQL\MySQL Utilities 1.6;C:\Program Files\Microsoft\Web Platform Installer;C:\Program Files (x86)\Microsoft ASP.NET\ASP.NET Web Pages\v1.0;C:\Program Files\Microsoft SQL Server\110\Tools\Binn;C:\Program Files\dotnet;C:\Program Files\Microsoft SQL Server\130\Tools\Binn;C:\Program Files\Microsoft SQL Server\Client SDK\ODBC\170\Tools\Binn;C:\Users\christian.fornara\AppData\Local\Microsoft\WindowsApps;C:\Users\christian.fornara\AppData\Local\Programs\Microsoft VS Code\bin
npm verb lifecycle weak@1.0.1~install: CWD: E:\Progetti\AutoAuthWifiClearpass\node_modules\weak
npm timing audit submit Completed in 805ms
npm http fetch POST 200 https://registry.npmjs.org/-/npm/v1/security/audits/quick 483ms
npm timing audit body Completed in 1ms
npm info lifecycle weak@1.0.1~install: Failed to exec install script
npm timing action:install Completed in 1519ms
npm timing action:postinstall Completed in 0ms
npm verb unlock done using C:\Users\christian.fornara\AppData\Roaming\npm-cache\_locks\staging-7568c44e56040492.lock for E:\Progetti\AutoAuthWifiClearpass\node_modules\.staging
npm timing stage:executeActions Completed in 2236ms
npm timing stage:rollbackFailedOptional Completed in 33ms
npm info linkStuff AutoAuthWifiClearpass@0.0.1
npm info lifecycle AutoAuthWifiClearpass@0.0.1~install: AutoAuthWifiClearpass@0.0.1
npm info lifecycle AutoAuthWifiClearpass@0.0.1~postinstall: AutoAuthWifiClearpass@0.0.1
npm info lifecycle AutoAuthWifiClearpass@0.0.1~prepublish: AutoAuthWifiClearpass@0.0.1
npm info lifecycle AutoAuthWifiClearpass@0.0.1~prepare: AutoAuthWifiClearpass@0.0.1
npm timing stage:runTopLevelLifecycles Completed in 3640ms
npm verb saving []
npm verb shrinkwrap skipping write for package.json because there were no changes.
npm info lifecycle undefined~preshrinkwrap: undefined
npm info lifecycle undefined~shrinkwrap: undefined
npm verb shrinkwrap skipping write for package-lock.json because there were no changes.
npm info lifecycle undefined~postshrinkwrap: undefined
npm WARN optional SKIPPING OPTIONAL DEPENDENCY: weak@1.0.1 (node_modules\weak):
npm WARN optional SKIPPING OPTIONAL DEPENDENCY: weak@1.0.1 install: `node-gyp rebuild`
npm WARN optional SKIPPING OPTIONAL DEPENDENCY: Exit status 1
npm verb optional SKIPPING OPTIONAL DEPENDENCY:
npm verb optional Failed at the weak@1.0.1 install script.
npm verb optional SKIPPING OPTIONAL DEPENDENCY: This is probably not a problem with npm. There is likely additional logging output above.

audited 546 packages in 3.839s
found 18 vulnerabilities (7 low, 5 moderate, 6 high)
  run `npm audit fix` to fix them, or `npm audit` for details
npm verb exit [ 0, true ]
npm timing npm Completed in 4573ms
npm info ok
```

</details>




Uncaught exception while I'm trying to `npm install`

* **Node Version**: v12.14.1
* **Platform**: windows 10 - 64 bit -->

* **Module**: npm install

<details><summary>Verbose output (from npm or node-gyp):</summary>

```
C:\Users\imiljanic\Documents\now-ui-kit>npm install --verbose
npm info it worked if it ends with ok
npm verb cli [
npm verb cli   'C:\\Program Files\\nodejs\\node.exe',
npm verb cli   'C:\\Program Files\\nodejs\\node_modules\\npm\\bin\\npm-cli.js',
npm verb cli   'install',
npm verb cli   '--verbose'
npm verb cli ]
npm info using npm@6.13.4
npm info using node@v12.14.1
npm verb npm-session cb040dd843e7c63d
npm info lifecycle now-ui-kit@1.3.0~preinstall: now-ui-kit@1.3.0
npm timing stage:loadCurrentTree Completed in 1521ms
npm timing stage:loadIdealTree:cloneCurrentTree Completed in 15ms
npm timing stage:loadIdealTree:loadShrinkwrap Completed in 190ms
npm http fetch GET 304 https://registry.npmjs.org/gulp-sass 902ms (from cache)
npm http fetch GET 304 https://registry.npmjs.org/replace-ext 186ms (from cache)
npm http fetch GET 304 https://registry.npmjs.org/chalk 200ms (from cache)
npm http fetch GET 304 https://registry.npmjs.org/node-sass 204ms (from cache)
npm http fetch GET 304 https://registry.npmjs.org/strip-ansi 334ms (from cache)
npm http fetch GET 304 https://registry.npmjs.org/gaze 351ms (from cache)
npm http fetch GET 304 https://registry.npmjs.org/ansi-styles 370ms (from cache)
npm http fetch GET 304 https://registry.npmjs.org/cross-spawn 376ms (from cache)
npm http fetch GET 304 https://registry.npmjs.org/supports-color 401ms (from cache)
npm http fetch GET 304 https://registry.npmjs.org/in-publish 389ms (from cache)
npm http fetch GET 304 https://registry.npmjs.org/async-foreach 414ms (from cache)
npm http fetch GET 304 https://registry.npmjs.org/lodash 423ms (from cache)
npm http fetch GET 304 https://registry.npmjs.org/nan 427ms (from cache)
npm http fetch GET 304 https://registry.npmjs.org/glob 438ms (from cache)
npm http fetch GET 304 https://registry.npmjs.org/node-gyp 370ms (from cache)
npm http fetch GET 200 https://registry.npmjs.org/fstream 18ms (from cache)
npm http fetch GET 304 https://registry.npmjs.org/request 279ms (from cache)
npm http fetch GET 304 https://registry.npmjs.org/npmlog 342ms (from cache)
npm http fetch GET 304 https://registry.npmjs.org/globule 303ms (from cache)
npm http fetch GET 304 https://registry.npmjs.org/true-case-path 333ms (from cache)
npm http fetch GET 304 https://registry.npmjs.org/sass-graph 349ms (from cache)
npm http fetch GET 304 https://registry.npmjs.org/lru-cache 324ms (from cache)
npm http fetch GET 304 https://registry.npmjs.org/stdout-stream 365ms (from cache)
npm http fetch GET 304 https://registry.npmjs.org/minimatch 354ms (from cache)
npm http fetch GET 304 https://registry.npmjs.org/ansi-regex 392ms (from cache)
npm http fetch GET 304 https://registry.npmjs.org/graceful-fs 363ms (from cache)
npm http fetch GET 304 https://registry.npmjs.org/nopt 227ms (from cache)
npm http fetch GET 304 https://registry.npmjs.org/aws4 321ms (from cache)
npm http fetch GET 304 https://registry.npmjs.org/tar 332ms (from cache)
npm http fetch GET 304 https://registry.npmjs.org/caseless 338ms (from cache)
npm http fetch GET 304 https://registry.npmjs.org/semver 366ms (from cache)
npm http fetch GET 304 https://registry.npmjs.org/combined-stream 364ms (from cache)
npm http fetch GET 304 https://registry.npmjs.org/aws-sign2 394ms (from cache)
npm http fetch GET 304 https://registry.npmjs.org/osenv 443ms (from cache)
npm http fetch GET 304 https://registry.npmjs.org/forever-agent 394ms (from cache)
npm http fetch GET 304 https://registry.npmjs.org/form-data 387ms (from cache)
npm http fetch GET 304 https://registry.npmjs.org/har-validator 401ms (from cache)
npm http fetch GET 304 https://registry.npmjs.org/is-typedarray 358ms (from cache)
npm http fetch GET 304 https://registry.npmjs.org/mime-types 299ms (from cache)
npm http fetch GET 304 https://registry.npmjs.org/http-signature 370ms (from cache)
npm http fetch GET 304 https://registry.npmjs.org/isstream 336ms (from cache)
npm http fetch GET 304 https://registry.npmjs.org/qs 298ms (from cache)
npm http fetch GET 304 https://registry.npmjs.org/oauth-sign 323ms (from cache)
npm http fetch GET 304 https://registry.npmjs.org/json-stringify-safe 363ms (from cache)
npm http fetch GET 304 https://registry.npmjs.org/performance-now 345ms (from cache)
npm http fetch GET 304 https://registry.npmjs.org/tunnel-agent 330ms (from cache)
npm http fetch GET 304 https://registry.npmjs.org/tough-cookie 374ms (from cache)
npm http fetch GET 200 https://registry.npmjs.org/scss-tokenizer 40ms (from cache)
npm http fetch GET 200 https://registry.npmjs.org/yargs 46ms (from cache)
npm http fetch GET 200 https://registry.npmjs.org/block-stream 53ms (from cache)
npm http fetch GET 304 https://registry.npmjs.org/console-control-strings 304ms (from cache)
npm http fetch GET 304 https://registry.npmjs.org/gauge 305ms (from cache)
npm http fetch GET 304 https://registry.npmjs.org/uuid 347ms (from cache)
npm http fetch GET 304 https://registry.npmjs.org/are-we-there-yet 317ms (from cache)
npm http fetch GET 304 https://registry.npmjs.org/set-blocking 351ms (from cache)
npm http fetch GET 304 https://registry.npmjs.org/pseudomap 311ms (from cache)
npm http fetch GET 304 https://registry.npmjs.org/yallist 336ms (from cache)
npm http fetch GET 304 https://registry.npmjs.org/readable-stream 355ms (from cache)
npm http fetch GET 304 https://registry.npmjs.org/abbrev 336ms (from cache)
npm http fetch GET 304 https://registry.npmjs.org/delayed-stream 242ms (from cache)
npm http fetch GET 304 https://registry.npmjs.org/asynckit 249ms (from cache)
npm http fetch GET 304 https://registry.npmjs.org/os-tmpdir 277ms (from cache)
npm http fetch GET 304 https://registry.npmjs.org/har-schema 343ms (from cache)
npm http fetch GET 304 https://registry.npmjs.org/assert-plus 332ms (from cache)
npm http fetch GET 304 https://registry.npmjs.org/sshpk 327ms (from cache)
npm http fetch GET 304 https://registry.npmjs.org/jsprim 345ms (from cache)
npm http fetch GET 304 https://registry.npmjs.org/ajv 391ms (from cache)
npm http fetch GET 304 https://registry.npmjs.org/psl 307ms (from cache)
npm http fetch GET 304 https://registry.npmjs.org/mime-db 332ms (from cache)
npm http fetch GET 304 https://registry.npmjs.org/punycode 335ms (from cache)
npm http fetch GET 304 https://registry.npmjs.org/js-base64 254ms (from cache)
npm http fetch GET 304 https://registry.npmjs.org/source-map 252ms (from cache)
npm http fetch GET 304 https://registry.npmjs.org/camelcase 333ms (from cache)
npm http fetch GET 304 https://registry.npmjs.org/os-locale 318ms (from cache)
npm http fetch GET 304 https://registry.npmjs.org/require-directory 323ms (from cache)
npm http fetch GET 304 https://registry.npmjs.org/cliui 367ms (from cache)
npm http fetch GET 304 https://registry.npmjs.org/get-caller-file 396ms (from cache)
npm http fetch GET 304 https://registry.npmjs.org/string-width 392ms (from cache)
npm http fetch GET 304 https://registry.npmjs.org/require-main-filename 413ms (from cache)
npm http fetch GET 304 https://registry.npmjs.org/which-module 380ms (from cache)
npm http fetch GET 304 https://registry.npmjs.org/y18n 401ms (from cache)
npm http fetch GET 304 https://registry.npmjs.org/yargs-parser 382ms (from cache)
npm http fetch GET 304 https://registry.npmjs.org/aproba 268ms (from cache)
npm http fetch GET 304 https://registry.npmjs.org/string-width 271ms (from cache)
npm http fetch GET 304 https://registry.npmjs.org/delegates 226ms (from cache)
npm http fetch GET 304 https://registry.npmjs.org/has-unicode 306ms (from cache)
npm http fetch GET 304 https://registry.npmjs.org/wide-align 305ms (from cache)
npm http fetch GET 304 https://registry.npmjs.org/object-assign 335ms (from cache)
npm http fetch GET 304 https://registry.npmjs.org/string_decoder 291ms (from cache)
npm http fetch GET 304 https://registry.npmjs.org/isarray 326ms (from cache)
npm http fetch GET 304 https://registry.npmjs.org/asn1 315ms (from cache)
npm http fetch GET 304 https://registry.npmjs.org/dashdash 346ms (from cache)
npm http fetch GET 304 https://registry.npmjs.org/safer-buffer 233ms (from cache)
npm http fetch GET 304 https://registry.npmjs.org/ecc-jsbn 236ms (from cache)
npm http fetch GET 304 https://registry.npmjs.org/getpass 370ms (from cache)
npm http fetch GET 304 https://registry.npmjs.org/jsbn 309ms (from cache)
npm http fetch GET 304 https://registry.npmjs.org/tweetnacl 303ms (from cache)
npm http fetch GET 304 https://registry.npmjs.org/bcrypt-pbkdf 322ms (from cache)
npm http fetch GET 304 https://registry.npmjs.org/extsprintf 316ms (from cache)
npm http fetch GET 304 https://registry.npmjs.org/json-schema 332ms (from cache)
npm http fetch GET 304 https://registry.npmjs.org/verror 417ms (from cache)
npm http fetch GET 304 https://registry.npmjs.org/fast-deep-equal 412ms (from cache)
npm http fetch GET 304 https://registry.npmjs.org/fast-json-stable-stringify 373ms (from cache)
npm http fetch GET 304 https://registry.npmjs.org/json-schema-traverse 363ms (from cache)
npm http fetch GET 304 https://registry.npmjs.org/uri-js 352ms (from cache)
npm http fetch GET 304 https://registry.npmjs.org/lcid 338ms (from cache)
npm http fetch GET 304 https://registry.npmjs.org/amdefine 346ms (from cache)
npm http fetch GET 304 https://registry.npmjs.org/wrap-ansi 320ms (from cache)
npm http fetch GET 304 https://registry.npmjs.org/is-fullwidth-code-point 261ms (from cache)
npm http fetch GET 304 https://registry.npmjs.org/code-point-at 277ms (from cache)
npm http fetch GET 304 https://registry.npmjs.org/is-fullwidth-code-point 156ms (from cache)
npm http fetch GET 304 https://registry.npmjs.org/invert-kv 147ms (from cache)
npm timing stage:loadIdealTree:loadAllDepsIntoIdealTree Completed in 6404ms
npm timing stage:loadIdealTree Completed in 6817ms
npm timing stage:generateActionsToTake Completed in 96ms
npm verb correctMkdir C:\Users\apc.imiljanic\AppData\Roaming\npm-cache\_locks correctMkdir not in flight; initializing
npm verb makeCacheDir UID & GID are irrelevant on win32
npm verb lock using C:\Users\apc.imiljanic\AppData\Roaming\npm-cache\_locks\staging-87fc1d4c25a3e326.lock for C:\Users\imiljanic\Documents\now-ui-kit\node_modules\.staging
npm timing audit submit Completed in 1822ms
npm http fetch POST 200 https://registry.npmjs.org/-/npm/v1/security/audits/quick 1897ms
npm timing audit body Completed in 38ms
npm timing action:extract Completed in 14707ms
npm timing action:finalize Completed in 921ms
npm timing action:refresh-package-json Completed in 2289ms
npm info lifecycle abbrev@1.1.1~preinstall: abbrev@1.1.1
npm info lifecycle amdefine@1.0.1~preinstall: amdefine@1.0.1
npm info lifecycle aproba@1.2.0~preinstall: aproba@1.2.0
npm info lifecycle isarray@1.0.0~preinstall: isarray@1.0.0
npm info lifecycle string_decoder@1.1.1~preinstall: string_decoder@1.1.1
npm info lifecycle readable-stream@2.3.7~preinstall: readable-stream@2.3.7
npm info lifecycle assert-plus@1.0.0~preinstall: assert-plus@1.0.0
npm info lifecycle async-foreach@0.1.3~preinstall: async-foreach@0.1.3
npm info lifecycle asynckit@0.4.0~preinstall: asynckit@0.4.0
npm info lifecycle aws-sign2@0.7.0~preinstall: aws-sign2@0.7.0
npm info lifecycle aws4@1.9.1~preinstall: aws4@1.9.1
npm info lifecycle block-stream@0.0.9~preinstall: block-stream@0.0.9
npm info lifecycle caseless@0.12.0~preinstall: caseless@0.12.0
npm info lifecycle code-point-at@1.1.0~preinstall: code-point-at@1.1.0
npm info lifecycle console-control-strings@1.1.0~preinstall: console-control-strings@1.1.0
npm info lifecycle dashdash@1.14.1~preinstall: dashdash@1.14.1
npm info lifecycle delayed-stream@1.0.0~preinstall: delayed-stream@1.0.0
npm info lifecycle combined-stream@1.0.8~preinstall: combined-stream@1.0.8
npm info lifecycle delegates@1.0.0~preinstall: delegates@1.0.0
npm info lifecycle are-we-there-yet@1.1.5~preinstall: are-we-there-yet@1.1.5
npm info lifecycle extsprintf@1.3.0~preinstall: extsprintf@1.3.0
npm info lifecycle fast-deep-equal@2.0.1~preinstall: fast-deep-equal@2.0.1
npm info lifecycle fast-json-stable-stringify@2.1.0~preinstall: fast-json-stable-stringify@2.1.0
npm info lifecycle forever-agent@0.6.1~preinstall: forever-agent@0.6.1
npm info lifecycle graceful-fs@4.2.3~preinstall: graceful-fs@4.2.3
npm info lifecycle fstream@1.0.12~preinstall: fstream@1.0.12
npm info lifecycle object-assign@4.1.1~preinstall: object-assign@4.1.1
npm info lifecycle get-caller-file@1.0.3~preinstall: get-caller-file@1.0.3
npm info lifecycle getpass@0.1.7~preinstall: getpass@0.1.7
npm info lifecycle ansi-regex@3.0.0~preinstall: ansi-regex@3.0.0
npm info lifecycle ansi-styles@3.2.1~preinstall: ansi-styles@3.2.1
npm info lifecycle replace-ext@1.0.0~preinstall: replace-ext@1.0.0
npm info lifecycle strip-ansi@4.0.0~preinstall: strip-ansi@4.0.0
npm info lifecycle supports-color@5.5.0~preinstall: supports-color@5.5.0
npm info lifecycle chalk@2.4.2~preinstall: chalk@2.4.2
npm info lifecycle har-schema@2.0.0~preinstall: har-schema@2.0.0
npm info lifecycle has-unicode@2.0.1~preinstall: has-unicode@2.0.1
npm info lifecycle in-publish@2.0.0~preinstall: in-publish@2.0.0
npm info lifecycle invert-kv@1.0.0~preinstall: invert-kv@1.0.0
npm info lifecycle is-fullwidth-code-point@1.0.0~preinstall: is-fullwidth-code-point@1.0.0
npm info lifecycle is-typedarray@1.0.0~preinstall: is-typedarray@1.0.0
npm info lifecycle isstream@0.1.2~preinstall: isstream@0.1.2
npm info lifecycle js-base64@2.5.1~preinstall: js-base64@2.5.1
npm info lifecycle jsbn@0.1.1~preinstall: jsbn@0.1.1
npm info lifecycle json-schema@0.2.3~preinstall: json-schema@0.2.3
npm info lifecycle json-schema-traverse@0.4.1~preinstall: json-schema-traverse@0.4.1
npm info lifecycle json-stringify-safe@5.0.1~preinstall: json-stringify-safe@5.0.1
npm info lifecycle lcid@1.0.0~preinstall: lcid@1.0.0
npm info lifecycle mime-db@1.43.0~preinstall: mime-db@1.43.0
npm info lifecycle mime-types@2.1.26~preinstall: mime-types@2.1.26
npm info lifecycle gulp-sass@4.0.2~preinstall: gulp-sass@4.0.2
npm info lifecycle node-sass@4.13.1~preinstall: node-sass@4.13.1
npm info lifecycle sass-graph@2.2.4~preinstall: sass-graph@2.2.4
npm info lifecycle yargs@7.1.0~preinstall: yargs@7.1.0
npm info lifecycle camelcase@3.0.0~preinstall: camelcase@3.0.0
npm info lifecycle yargs-parser@5.0.0~preinstall: yargs-parser@5.0.0
npm info lifecycle camelcase@3.0.0~preinstall: camelcase@3.0.0
npm info lifecycle cross-spawn@3.0.1~preinstall: cross-spawn@3.0.1
npm info lifecycle lru-cache@4.1.5~preinstall: lru-cache@4.1.5
npm info lifecycle yallist@2.1.2~preinstall: yallist@2.1.2
npm info lifecycle y18n@3.2.1~preinstall: y18n@3.2.1
npm info lifecycle cliui@3.2.0~preinstall: cliui@3.2.0
npm info lifecycle wrap-ansi@2.1.0~preinstall: wrap-ansi@2.1.0
npm info lifecycle node-gyp@3.8.0~preinstall: node-gyp@3.8.0
npm info lifecycle npmlog@4.1.2~preinstall: npmlog@4.1.2
npm info lifecycle gauge@2.7.4~preinstall: gauge@2.7.4
npm info lifecycle wide-align@1.1.3~preinstall: wide-align@1.1.3
npm info lifecycle which-module@1.0.0~preinstall: which-module@1.0.0
npm info lifecycle request@2.88.0~preinstall: request@2.88.0
npm info lifecycle http-signature@1.2.0~preinstall: http-signature@1.2.0
npm info lifecycle jsprim@1.4.1~preinstall: jsprim@1.4.1
npm info lifecycle verror@1.10.0~preinstall: verror@1.10.0
npm info lifecycle uuid@3.3.3~preinstall: uuid@3.3.3
npm info lifecycle har-validator@5.1.3~preinstall: har-validator@5.1.3
npm info lifecycle ajv@6.10.2~preinstall: ajv@6.10.2
npm info lifecycle uri-js@4.2.2~preinstall: uri-js@4.2.2
npm info lifecycle sshpk@1.16.1~preinstall: sshpk@1.16.1
npm info lifecycle bcrypt-pbkdf@1.0.2~preinstall: bcrypt-pbkdf@1.0.2
npm info lifecycle tweetnacl@0.14.5~preinstall: tweetnacl@0.14.5
npm info lifecycle tunnel-agent@0.6.0~preinstall: tunnel-agent@0.6.0
npm info lifecycle true-case-path@1.0.3~preinstall: true-case-path@1.0.3
npm info lifecycle glob@7.1.6~preinstall: glob@7.1.6
npm info lifecycle minimatch@3.0.4~preinstall: minimatch@3.0.4
npm info lifecycle tough-cookie@2.4.3~preinstall: tough-cookie@2.4.3
npm info lifecycle punycode@1.4.1~preinstall: punycode@1.4.1
npm info lifecycle tar@2.2.2~preinstall: tar@2.2.2
npm info lifecycle string-width@1.0.2~preinstall: string-width@1.0.2
npm info lifecycle stdout-stream@1.4.1~preinstall: stdout-stream@1.4.1
npm info lifecycle readable-stream@2.3.7~preinstall: readable-stream@2.3.7
npm info lifecycle string_decoder@1.1.1~preinstall: string_decoder@1.1.1
npm info lifecycle isarray@1.0.0~preinstall: isarray@1.0.0
npm info lifecycle set-blocking@2.0.0~preinstall: set-blocking@2.0.0
npm info lifecycle scss-tokenizer@0.2.3~preinstall: scss-tokenizer@0.2.3
npm info lifecycle source-map@0.4.4~preinstall: source-map@0.4.4
npm info lifecycle glob@7.1.6~preinstall: glob@7.1.6
npm info lifecycle minimatch@3.0.4~preinstall: minimatch@3.0.4
npm info lifecycle lodash@4.17.15~preinstall: lodash@4.17.15
npm info lifecycle ecc-jsbn@0.1.2~preinstall: ecc-jsbn@0.1.2
npm info lifecycle asn1@0.2.4~preinstall: asn1@0.2.4
npm info lifecycle safer-buffer@2.1.2~preinstall: safer-buffer@2.1.2
npm info lifecycle require-main-filename@1.0.1~preinstall: require-main-filename@1.0.1
npm info lifecycle require-directory@2.1.1~preinstall: require-directory@2.1.1
npm info lifecycle qs@6.5.2~preinstall: qs@6.5.2
npm info lifecycle punycode@2.1.1~preinstall: punycode@2.1.1
npm info lifecycle psl@1.7.0~preinstall: psl@1.7.0
npm info lifecycle pseudomap@1.0.2~preinstall: pseudomap@1.0.2
npm info lifecycle performance-now@2.1.0~preinstall: performance-now@2.1.0
npm info lifecycle osenv@0.1.5~preinstall: osenv@0.1.5
npm info lifecycle os-tmpdir@1.0.2~preinstall: os-tmpdir@1.0.2
npm info lifecycle os-locale@1.4.0~preinstall: os-locale@1.4.0
npm info lifecycle oauth-sign@0.9.0~preinstall: oauth-sign@0.9.0
npm info lifecycle nopt@3.0.6~preinstall: nopt@3.0.6
npm info lifecycle gaze@1.1.3~preinstall: gaze@1.1.3
npm info lifecycle globule@1.3.0~preinstall: globule@1.3.0
npm info lifecycle glob@7.1.6~preinstall: glob@7.1.6
npm info lifecycle minimatch@3.0.4~preinstall: minimatch@3.0.4
npm info lifecycle lodash@4.17.15~preinstall: lodash@4.17.15
npm info lifecycle semver@5.3.0~preinstall: semver@5.3.0
npm info lifecycle glob@7.1.6~preinstall: glob@7.1.6
npm info lifecycle minimatch@3.0.4~preinstall: minimatch@3.0.4
npm info lifecycle graceful-fs@4.2.3~preinstall: graceful-fs@4.2.3
npm info lifecycle nan@2.14.0~preinstall: nan@2.14.0
npm info lifecycle form-data@2.3.3~preinstall: form-data@2.3.3
npm timing action:preinstall Completed in 1143ms
npm info linkStuff abbrev@1.1.1
npm info linkStuff amdefine@1.0.1
npm info linkStuff aproba@1.2.0
npm info linkStuff isarray@1.0.0
npm info linkStuff string_decoder@1.1.1
npm info linkStuff readable-stream@2.3.7
npm info linkStuff assert-plus@1.0.0
npm info linkStuff async-foreach@0.1.3
npm info linkStuff asynckit@0.4.0
npm info linkStuff aws-sign2@0.7.0
npm info linkStuff aws4@1.9.1
npm info linkStuff block-stream@0.0.9
npm info linkStuff caseless@0.12.0
npm info linkStuff code-point-at@1.1.0
npm info linkStuff console-control-strings@1.1.0
npm info linkStuff dashdash@1.14.1
npm info linkStuff delayed-stream@1.0.0
npm info linkStuff combined-stream@1.0.8
npm info linkStuff delegates@1.0.0
npm info linkStuff are-we-there-yet@1.1.5
npm info linkStuff extsprintf@1.3.0
npm info linkStuff fast-deep-equal@2.0.1
npm info linkStuff fast-json-stable-stringify@2.1.0
npm info linkStuff forever-agent@0.6.1
npm info linkStuff graceful-fs@4.2.3
npm info linkStuff fstream@1.0.12
npm info linkStuff object-assign@4.1.1
npm info linkStuff get-caller-file@1.0.3
npm info linkStuff getpass@0.1.7
npm info linkStuff ansi-regex@3.0.0
npm info linkStuff ansi-styles@3.2.1
npm info linkStuff replace-ext@1.0.0
npm info linkStuff strip-ansi@4.0.0
npm info linkStuff supports-color@5.5.0
npm info linkStuff chalk@2.4.2
npm info linkStuff har-schema@2.0.0
npm info linkStuff has-unicode@2.0.1
npm info linkStuff in-publish@2.0.0
npm verb linkBins [
npm verb linkBins   {
npm verb linkBins     'in-publish': 'in-publish.js',
npm verb linkBins     'in-install': 'in-install.js',
npm verb linkBins     'not-in-publish': 'not-in-publish.js',
npm verb linkBins     'not-in-install': 'not-in-install.js'
npm verb linkBins   },
npm verb linkBins   'C:\\Users\\imiljanic\\Documents\\now-ui-kit\\node_modules\\.bin',
npm verb linkBins   false
npm verb linkBins ]
npm info linkStuff invert-kv@1.0.0
npm info linkStuff is-fullwidth-code-point@1.0.0
npm info linkStuff is-typedarray@1.0.0
npm info linkStuff isstream@0.1.2
npm info linkStuff js-base64@2.5.1
npm info linkStuff jsbn@0.1.1
npm info linkStuff json-schema@0.2.3
npm info linkStuff json-schema-traverse@0.4.1
npm info linkStuff json-stringify-safe@5.0.1
npm info linkStuff lcid@1.0.0
npm info linkStuff mime-db@1.43.0
npm info linkStuff mime-types@2.1.26
npm info linkStuff form-data@2.3.3
npm info linkStuff nan@2.14.0
npm info linkStuff graceful-fs@4.2.3
npm info linkStuff minimatch@3.0.4
npm info linkStuff glob@7.1.6
npm info linkStuff semver@5.3.0
npm verb linkBins [
npm verb linkBins   { semver: 'bin/semver' },
npm verb linkBins   'C:\\Users\\imiljanic\\Documents\\now-ui-kit\\node_modules\\node-gyp\\node_modules\\.bin',
npm verb linkBins   false
npm verb linkBins ]
npm info linkStuff lodash@4.17.15
npm info linkStuff minimatch@3.0.4
npm info linkStuff glob@7.1.6
npm info linkStuff globule@1.3.0
npm info linkStuff gaze@1.1.3
npm info linkStuff nopt@3.0.6
npm verb linkBins [
npm verb linkBins   { nopt: 'bin/nopt.js' },
npm verb linkBins   'C:\\Users\\imiljanic\\Documents\\now-ui-kit\\node_modules\\.bin',
npm verb linkBins   false
npm verb linkBins ]
npm info linkStuff oauth-sign@0.9.0
npm info linkStuff os-locale@1.4.0
npm info linkStuff os-tmpdir@1.0.2
npm info linkStuff osenv@0.1.5
npm info linkStuff performance-now@2.1.0
npm info linkStuff pseudomap@1.0.2
npm info linkStuff psl@1.7.0
npm info linkStuff punycode@2.1.1
npm info linkStuff qs@6.5.2
npm info linkStuff require-directory@2.1.1
npm info linkStuff require-main-filename@1.0.1
npm info linkStuff safer-buffer@2.1.2
npm info linkStuff asn1@0.2.4
npm info linkStuff ecc-jsbn@0.1.2
npm info linkStuff lodash@4.17.15
npm info linkStuff minimatch@3.0.4
npm info linkStuff glob@7.1.6
npm info linkStuff source-map@0.4.4
npm info linkStuff scss-tokenizer@0.2.3
npm info linkStuff set-blocking@2.0.0
npm info linkStuff isarray@1.0.0
npm info linkStuff string_decoder@1.1.1
npm info linkStuff readable-stream@2.3.7
npm info linkStuff stdout-stream@1.4.1
npm info linkStuff string-width@1.0.2
npm info linkStuff tar@2.2.2
npm info linkStuff punycode@1.4.1
npm info linkStuff tough-cookie@2.4.3
npm info linkStuff minimatch@3.0.4
npm info linkStuff glob@7.1.6
npm info linkStuff true-case-path@1.0.3
npm info linkStuff tunnel-agent@0.6.0
npm info linkStuff tweetnacl@0.14.5
npm info linkStuff bcrypt-pbkdf@1.0.2
npm info linkStuff sshpk@1.16.1
npm verb linkBins [
npm verb linkBins   {
npm verb linkBins     'sshpk-conv': 'bin/sshpk-conv',
npm verb linkBins     'sshpk-sign': 'bin/sshpk-sign',
npm verb linkBins     'sshpk-verify': 'bin/sshpk-verify'
npm verb linkBins   },
npm verb linkBins   'C:\\Users\\imiljanic\\Documents\\now-ui-kit\\node_modules\\.bin',
npm verb linkBins   false
npm verb linkBins ]
npm info linkStuff uri-js@4.2.2
npm info linkStuff ajv@6.10.2
npm info linkStuff har-validator@5.1.3
npm info linkStuff uuid@3.3.3
npm verb linkBins [
npm verb linkBins   { uuid: 'bin/uuid' },
npm verb linkBins   'C:\\Users\\imiljanic\\Documents\\now-ui-kit\\node_modules\\.bin',
npm verb linkBins   false
npm verb linkBins ]
npm info linkStuff verror@1.10.0
npm info linkStuff jsprim@1.4.1
npm info linkStuff http-signature@1.2.0
npm info linkStuff request@2.88.0
npm info linkStuff which-module@1.0.0
npm info linkStuff wide-align@1.1.3
npm info linkStuff gauge@2.7.4
npm info linkStuff npmlog@4.1.2
npm info linkStuff node-gyp@3.8.0
npm verb linkBins [
npm verb linkBins   { 'node-gyp': 'bin/node-gyp.js' },
npm verb linkBins   'C:\\Users\\imiljanic\\Documents\\now-ui-kit\\node_modules\\.bin',
npm verb linkBins   false
npm verb linkBins ]
npm info linkStuff wrap-ansi@2.1.0
npm info linkStuff cliui@3.2.0
npm info linkStuff y18n@3.2.1
npm info linkStuff yallist@2.1.2
npm info linkStuff lru-cache@4.1.5
npm info linkStuff cross-spawn@3.0.1
npm info linkStuff camelcase@3.0.0
npm info linkStuff yargs-parser@5.0.0
npm info linkStuff camelcase@3.0.0
npm info linkStuff yargs@7.1.0
npm info linkStuff sass-graph@2.2.4
npm verb linkBins [
npm verb linkBins   { sassgraph: 'bin/sassgraph' },
npm verb linkBins   'C:\\Users\\imiljanic\\Documents\\now-ui-kit\\node_modules\\.bin',
npm verb linkBins   false
npm verb linkBins ]
npm info linkStuff node-sass@4.13.1
npm verb linkBins [
npm verb linkBins   { 'node-sass': 'bin/node-sass' },
npm verb linkBins   'C:\\Users\\imiljanic\\Documents\\now-ui-kit\\node_modules\\.bin',
npm verb linkBins   false
npm verb linkBins ]
npm info linkStuff gulp-sass@4.0.2
npm timing action:build Completed in 1285ms
npm info lifecycle abbrev@1.1.1~install: abbrev@1.1.1
npm info lifecycle amdefine@1.0.1~install: amdefine@1.0.1
npm info lifecycle aproba@1.2.0~install: aproba@1.2.0
npm info lifecycle isarray@1.0.0~install: isarray@1.0.0
npm info lifecycle string_decoder@1.1.1~install: string_decoder@1.1.1
npm info lifecycle readable-stream@2.3.7~install: readable-stream@2.3.7
npm info lifecycle assert-plus@1.0.0~install: assert-plus@1.0.0
npm info lifecycle async-foreach@0.1.3~install: async-foreach@0.1.3
npm info lifecycle asynckit@0.4.0~install: asynckit@0.4.0
npm info lifecycle aws-sign2@0.7.0~install: aws-sign2@0.7.0
npm info lifecycle aws4@1.9.1~install: aws4@1.9.1
npm info lifecycle block-stream@0.0.9~install: block-stream@0.0.9
npm info lifecycle caseless@0.12.0~install: caseless@0.12.0
npm info lifecycle code-point-at@1.1.0~install: code-point-at@1.1.0
npm info lifecycle console-control-strings@1.1.0~install: console-control-strings@1.1.0
npm info lifecycle dashdash@1.14.1~install: dashdash@1.14.1
npm info lifecycle delayed-stream@1.0.0~install: delayed-stream@1.0.0
npm info lifecycle combined-stream@1.0.8~install: combined-stream@1.0.8
npm info lifecycle delegates@1.0.0~install: delegates@1.0.0
npm info lifecycle are-we-there-yet@1.1.5~install: are-we-there-yet@1.1.5
npm info lifecycle extsprintf@1.3.0~install: extsprintf@1.3.0
npm info lifecycle fast-deep-equal@2.0.1~install: fast-deep-equal@2.0.1
npm info lifecycle fast-json-stable-stringify@2.1.0~install: fast-json-stable-stringify@2.1.0
npm info lifecycle forever-agent@0.6.1~install: forever-agent@0.6.1
npm info lifecycle graceful-fs@4.2.3~install: graceful-fs@4.2.3
npm info lifecycle fstream@1.0.12~install: fstream@1.0.12
npm info lifecycle object-assign@4.1.1~install: object-assign@4.1.1
npm info lifecycle get-caller-file@1.0.3~install: get-caller-file@1.0.3
npm info lifecycle getpass@0.1.7~install: getpass@0.1.7
npm info lifecycle ansi-regex@3.0.0~install: ansi-regex@3.0.0
npm info lifecycle ansi-styles@3.2.1~install: ansi-styles@3.2.1
npm info lifecycle replace-ext@1.0.0~install: replace-ext@1.0.0
npm info lifecycle strip-ansi@4.0.0~install: strip-ansi@4.0.0
npm info lifecycle supports-color@5.5.0~install: supports-color@5.5.0
npm info lifecycle chalk@2.4.2~install: chalk@2.4.2
npm info lifecycle har-schema@2.0.0~install: har-schema@2.0.0
npm info lifecycle has-unicode@2.0.1~install: has-unicode@2.0.1
npm info lifecycle in-publish@2.0.0~install: in-publish@2.0.0
npm info lifecycle invert-kv@1.0.0~install: invert-kv@1.0.0
npm info lifecycle is-fullwidth-code-point@1.0.0~install: is-fullwidth-code-point@1.0.0
npm info lifecycle is-typedarray@1.0.0~install: is-typedarray@1.0.0
npm info lifecycle isstream@0.1.2~install: isstream@0.1.2
npm info lifecycle js-base64@2.5.1~install: js-base64@2.5.1
npm info lifecycle jsbn@0.1.1~install: jsbn@0.1.1
npm info lifecycle json-schema@0.2.3~install: json-schema@0.2.3
npm info lifecycle json-schema-traverse@0.4.1~install: json-schema-traverse@0.4.1
npm info lifecycle json-stringify-safe@5.0.1~install: json-stringify-safe@5.0.1
npm info lifecycle lcid@1.0.0~install: lcid@1.0.0
npm info lifecycle mime-db@1.43.0~install: mime-db@1.43.0
npm info lifecycle mime-types@2.1.26~install: mime-types@2.1.26
npm info lifecycle form-data@2.3.3~install: form-data@2.3.3
npm info lifecycle nan@2.14.0~install: nan@2.14.0
npm info lifecycle graceful-fs@4.2.3~install: graceful-fs@4.2.3
npm info lifecycle minimatch@3.0.4~install: minimatch@3.0.4
npm info lifecycle glob@7.1.6~install: glob@7.1.6
npm info lifecycle semver@5.3.0~install: semver@5.3.0
npm info lifecycle lodash@4.17.15~install: lodash@4.17.15
npm info lifecycle minimatch@3.0.4~install: minimatch@3.0.4
npm info lifecycle glob@7.1.6~install: glob@7.1.6
npm info lifecycle globule@1.3.0~install: globule@1.3.0
npm info lifecycle gaze@1.1.3~install: gaze@1.1.3
npm info lifecycle nopt@3.0.6~install: nopt@3.0.6
npm info lifecycle oauth-sign@0.9.0~install: oauth-sign@0.9.0
npm info lifecycle os-locale@1.4.0~install: os-locale@1.4.0
npm info lifecycle os-tmpdir@1.0.2~install: os-tmpdir@1.0.2
npm info lifecycle osenv@0.1.5~install: osenv@0.1.5
npm info lifecycle performance-now@2.1.0~install: performance-now@2.1.0
npm info lifecycle pseudomap@1.0.2~install: pseudomap@1.0.2
npm info lifecycle psl@1.7.0~install: psl@1.7.0
npm info lifecycle punycode@2.1.1~install: punycode@2.1.1
npm info lifecycle qs@6.5.2~install: qs@6.5.2
npm info lifecycle require-directory@2.1.1~install: require-directory@2.1.1
npm info lifecycle require-main-filename@1.0.1~install: require-main-filename@1.0.1
npm info lifecycle safer-buffer@2.1.2~install: safer-buffer@2.1.2
npm info lifecycle asn1@0.2.4~install: asn1@0.2.4
npm info lifecycle ecc-jsbn@0.1.2~install: ecc-jsbn@0.1.2
npm info lifecycle lodash@4.17.15~install: lodash@4.17.15
npm info lifecycle minimatch@3.0.4~install: minimatch@3.0.4
npm info lifecycle glob@7.1.6~install: glob@7.1.6
npm info lifecycle source-map@0.4.4~install: source-map@0.4.4
npm info lifecycle scss-tokenizer@0.2.3~install: scss-tokenizer@0.2.3
npm info lifecycle set-blocking@2.0.0~install: set-blocking@2.0.0
npm info lifecycle isarray@1.0.0~install: isarray@1.0.0
npm info lifecycle string_decoder@1.1.1~install: string_decoder@1.1.1
npm info lifecycle readable-stream@2.3.7~install: readable-stream@2.3.7
npm info lifecycle stdout-stream@1.4.1~install: stdout-stream@1.4.1
npm info lifecycle string-width@1.0.2~install: string-width@1.0.2
npm info lifecycle tar@2.2.2~install: tar@2.2.2
npm info lifecycle punycode@1.4.1~install: punycode@1.4.1
npm info lifecycle tough-cookie@2.4.3~install: tough-cookie@2.4.3
npm info lifecycle minimatch@3.0.4~install: minimatch@3.0.4
npm info lifecycle glob@7.1.6~install: glob@7.1.6
npm info lifecycle true-case-path@1.0.3~install: true-case-path@1.0.3
npm info lifecycle tunnel-agent@0.6.0~install: tunnel-agent@0.6.0
npm info lifecycle tweetnacl@0.14.5~install: tweetnacl@0.14.5
npm info lifecycle bcrypt-pbkdf@1.0.2~install: bcrypt-pbkdf@1.0.2
npm info lifecycle sshpk@1.16.1~install: sshpk@1.16.1
npm info lifecycle uri-js@4.2.2~install: uri-js@4.2.2
npm info lifecycle ajv@6.10.2~install: ajv@6.10.2
npm info lifecycle har-validator@5.1.3~install: har-validator@5.1.3
npm info lifecycle uuid@3.3.3~install: uuid@3.3.3
npm info lifecycle verror@1.10.0~install: verror@1.10.0
npm info lifecycle jsprim@1.4.1~install: jsprim@1.4.1
npm info lifecycle http-signature@1.2.0~install: http-signature@1.2.0
npm info lifecycle request@2.88.0~install: request@2.88.0
npm info lifecycle which-module@1.0.0~install: which-module@1.0.0
npm info lifecycle wide-align@1.1.3~install: wide-align@1.1.3
npm info lifecycle gauge@2.7.4~install: gauge@2.7.4
npm info lifecycle npmlog@4.1.2~install: npmlog@4.1.2
npm info lifecycle node-gyp@3.8.0~install: node-gyp@3.8.0
npm info lifecycle wrap-ansi@2.1.0~install: wrap-ansi@2.1.0
npm info lifecycle cliui@3.2.0~install: cliui@3.2.0
npm info lifecycle y18n@3.2.1~install: y18n@3.2.1
npm info lifecycle yallist@2.1.2~install: yallist@2.1.2
npm info lifecycle lru-cache@4.1.5~install: lru-cache@4.1.5
npm info lifecycle cross-spawn@3.0.1~install: cross-spawn@3.0.1
npm info lifecycle camelcase@3.0.0~install: camelcase@3.0.0
npm info lifecycle yargs-parser@5.0.0~install: yargs-parser@5.0.0
npm info lifecycle camelcase@3.0.0~install: camelcase@3.0.0
npm info lifecycle yargs@7.1.0~install: yargs@7.1.0
npm info lifecycle sass-graph@2.2.4~install: sass-graph@2.2.4
npm info lifecycle node-sass@4.13.1~install: node-sass@4.13.1

> node-sass@4.13.1 install C:\Users\imiljanic\Documents\now-ui-kit\node_modules\node-sass
> node scripts/install.js

Downloading binary from https://github.com/sass/node-sass/releases/download/v4.13.1/win32-x64-72_binding.node
Cannot download "https://github.com/sass/node-sass/releases/download/v4.13.1/win32-x64-72_binding.node":

tunneling socket could not be established, statusCode=407

Hint: If github.com is not accessible in your location
      try setting a proxy via HTTP_PROXY, e.g.

      export HTTP_PROXY=http://example.com:1234

or configure npm proxy via

      npm config set proxy http://example.com:8080
npm verb lifecycle node-sass@4.13.1~install: unsafe-perm in lifecycle true
npm verb lifecycle node-sass@4.13.1~install: PATH: C:\Program Files\nodejs\node_modules\npm\node_modules\npm-lifecycle\node-gyp-bin;C:\Users\imiljanic\Documents\now-ui-kit\node_modules\node-sass\node_modules\.bin;C:\Users\imiljanic\Documents\now-ui-kit\node_modules\.bin;C:\WINDOWS\system32;C:\WINDOWS;C:\WINDOWS\System32\Wbem;C:\WINDOWS\System32\WindowsPowerShell\v1.0\;C:\WINDOWS\System32\OpenSSH\;C:\Program Files\PuTTY\;C:\Program Files (x86)\Yarn\bin\;C:\Program Files\nodejs\;C:\Users\apc.imiljanic\.windows-build-tools\python27\;C:\Users\apc.imiljanic\AppData\Local\Microsoft\WindowsApps;C:\Python27
npm verb lifecycle node-sass@4.13.1~install: CWD: C:\Users\imiljanic\Documents\now-ui-kit\node_modules\node-sass
npm info lifecycle gulp-sass@4.0.2~install: gulp-sass@4.0.2
npm timing action:install Completed in 4441ms
npm info lifecycle abbrev@1.1.1~postinstall: abbrev@1.1.1
npm info lifecycle amdefine@1.0.1~postinstall: amdefine@1.0.1
npm info lifecycle aproba@1.2.0~postinstall: aproba@1.2.0
npm info lifecycle isarray@1.0.0~postinstall: isarray@1.0.0
npm info lifecycle string_decoder@1.1.1~postinstall: string_decoder@1.1.1
npm info lifecycle readable-stream@2.3.7~postinstall: readable-stream@2.3.7
npm info lifecycle assert-plus@1.0.0~postinstall: assert-plus@1.0.0
npm info lifecycle async-foreach@0.1.3~postinstall: async-foreach@0.1.3
npm info lifecycle asynckit@0.4.0~postinstall: asynckit@0.4.0
npm info lifecycle aws-sign2@0.7.0~postinstall: aws-sign2@0.7.0
npm info lifecycle aws4@1.9.1~postinstall: aws4@1.9.1
npm info lifecycle block-stream@0.0.9~postinstall: block-stream@0.0.9
npm info lifecycle caseless@0.12.0~postinstall: caseless@0.12.0
npm info lifecycle code-point-at@1.1.0~postinstall: code-point-at@1.1.0
npm info lifecycle console-control-strings@1.1.0~postinstall: console-control-strings@1.1.0
npm info lifecycle dashdash@1.14.1~postinstall: dashdash@1.14.1
npm info lifecycle delayed-stream@1.0.0~postinstall: delayed-stream@1.0.0
npm info lifecycle combined-stream@1.0.8~postinstall: combined-stream@1.0.8
npm info lifecycle delegates@1.0.0~postinstall: delegates@1.0.0
npm info lifecycle are-we-there-yet@1.1.5~postinstall: are-we-there-yet@1.1.5
npm info lifecycle extsprintf@1.3.0~postinstall: extsprintf@1.3.0
npm info lifecycle fast-deep-equal@2.0.1~postinstall: fast-deep-equal@2.0.1
npm info lifecycle fast-json-stable-stringify@2.1.0~postinstall: fast-json-stable-stringify@2.1.0
npm info lifecycle forever-agent@0.6.1~postinstall: forever-agent@0.6.1
npm info lifecycle graceful-fs@4.2.3~postinstall: graceful-fs@4.2.3
npm info lifecycle fstream@1.0.12~postinstall: fstream@1.0.12
npm info lifecycle object-assign@4.1.1~postinstall: object-assign@4.1.1
npm info lifecycle get-caller-file@1.0.3~postinstall: get-caller-file@1.0.3
npm info lifecycle getpass@0.1.7~postinstall: getpass@0.1.7
npm info lifecycle ansi-regex@3.0.0~postinstall: ansi-regex@3.0.0
npm info lifecycle ansi-styles@3.2.1~postinstall: ansi-styles@3.2.1
npm info lifecycle replace-ext@1.0.0~postinstall: replace-ext@1.0.0
npm info lifecycle strip-ansi@4.0.0~postinstall: strip-ansi@4.0.0
npm info lifecycle supports-color@5.5.0~postinstall: supports-color@5.5.0
npm info lifecycle chalk@2.4.2~postinstall: chalk@2.4.2
npm info lifecycle har-schema@2.0.0~postinstall: har-schema@2.0.0
npm info lifecycle has-unicode@2.0.1~postinstall: has-unicode@2.0.1
npm info lifecycle in-publish@2.0.0~postinstall: in-publish@2.0.0
npm info lifecycle invert-kv@1.0.0~postinstall: invert-kv@1.0.0
npm info lifecycle is-fullwidth-code-point@1.0.0~postinstall: is-fullwidth-code-point@1.0.0
npm info lifecycle is-typedarray@1.0.0~postinstall: is-typedarray@1.0.0
npm info lifecycle isstream@0.1.2~postinstall: isstream@0.1.2
npm info lifecycle js-base64@2.5.1~postinstall: js-base64@2.5.1
npm info lifecycle jsbn@0.1.1~postinstall: jsbn@0.1.1
npm info lifecycle json-schema@0.2.3~postinstall: json-schema@0.2.3
npm info lifecycle json-schema-traverse@0.4.1~postinstall: json-schema-traverse@0.4.1
npm info lifecycle json-stringify-safe@5.0.1~postinstall: json-stringify-safe@5.0.1
npm info lifecycle lcid@1.0.0~postinstall: lcid@1.0.0
npm info lifecycle mime-db@1.43.0~postinstall: mime-db@1.43.0
npm info lifecycle mime-types@2.1.26~postinstall: mime-types@2.1.26
npm info lifecycle form-data@2.3.3~postinstall: form-data@2.3.3
npm info lifecycle nan@2.14.0~postinstall: nan@2.14.0
npm info lifecycle graceful-fs@4.2.3~postinstall: graceful-fs@4.2.3
npm info lifecycle minimatch@3.0.4~postinstall: minimatch@3.0.4
npm info lifecycle glob@7.1.6~postinstall: glob@7.1.6
npm info lifecycle semver@5.3.0~postinstall: semver@5.3.0
npm info lifecycle lodash@4.17.15~postinstall: lodash@4.17.15
npm info lifecycle minimatch@3.0.4~postinstall: minimatch@3.0.4
npm info lifecycle glob@7.1.6~postinstall: glob@7.1.6
npm info lifecycle globule@1.3.0~postinstall: globule@1.3.0
npm info lifecycle gaze@1.1.3~postinstall: gaze@1.1.3
npm info lifecycle nopt@3.0.6~postinstall: nopt@3.0.6
npm info lifecycle oauth-sign@0.9.0~postinstall: oauth-sign@0.9.0
npm info lifecycle os-locale@1.4.0~postinstall: os-locale@1.4.0
npm info lifecycle os-tmpdir@1.0.2~postinstall: os-tmpdir@1.0.2
npm info lifecycle osenv@0.1.5~postinstall: osenv@0.1.5
npm info lifecycle performance-now@2.1.0~postinstall: performance-now@2.1.0
npm info lifecycle pseudomap@1.0.2~postinstall: pseudomap@1.0.2
npm info lifecycle psl@1.7.0~postinstall: psl@1.7.0
npm info lifecycle punycode@2.1.1~postinstall: punycode@2.1.1
npm info lifecycle qs@6.5.2~postinstall: qs@6.5.2
npm info lifecycle require-directory@2.1.1~postinstall: require-directory@2.1.1
npm info lifecycle require-main-filename@1.0.1~postinstall: require-main-filename@1.0.1
npm info lifecycle safer-buffer@2.1.2~postinstall: safer-buffer@2.1.2
npm info lifecycle asn1@0.2.4~postinstall: asn1@0.2.4
npm info lifecycle ecc-jsbn@0.1.2~postinstall: ecc-jsbn@0.1.2
npm info lifecycle lodash@4.17.15~postinstall: lodash@4.17.15
npm info lifecycle minimatch@3.0.4~postinstall: minimatch@3.0.4
npm info lifecycle glob@7.1.6~postinstall: glob@7.1.6
npm info lifecycle source-map@0.4.4~postinstall: source-map@0.4.4
npm info lifecycle scss-tokenizer@0.2.3~postinstall: scss-tokenizer@0.2.3
npm info lifecycle set-blocking@2.0.0~postinstall: set-blocking@2.0.0
npm info lifecycle isarray@1.0.0~postinstall: isarray@1.0.0
npm info lifecycle string_decoder@1.1.1~postinstall: string_decoder@1.1.1
npm info lifecycle readable-stream@2.3.7~postinstall: readable-stream@2.3.7
npm info lifecycle stdout-stream@1.4.1~postinstall: stdout-stream@1.4.1
npm info lifecycle string-width@1.0.2~postinstall: string-width@1.0.2
npm info lifecycle tar@2.2.2~postinstall: tar@2.2.2
npm info lifecycle punycode@1.4.1~postinstall: punycode@1.4.1
npm info lifecycle tough-cookie@2.4.3~postinstall: tough-cookie@2.4.3
npm info lifecycle minimatch@3.0.4~postinstall: minimatch@3.0.4
npm info lifecycle glob@7.1.6~postinstall: glob@7.1.6
npm info lifecycle true-case-path@1.0.3~postinstall: true-case-path@1.0.3
npm info lifecycle tunnel-agent@0.6.0~postinstall: tunnel-agent@0.6.0
npm info lifecycle tweetnacl@0.14.5~postinstall: tweetnacl@0.14.5
npm info lifecycle bcrypt-pbkdf@1.0.2~postinstall: bcrypt-pbkdf@1.0.2
npm info lifecycle sshpk@1.16.1~postinstall: sshpk@1.16.1
npm info lifecycle uri-js@4.2.2~postinstall: uri-js@4.2.2
npm info lifecycle ajv@6.10.2~postinstall: ajv@6.10.2
npm info lifecycle har-validator@5.1.3~postinstall: har-validator@5.1.3
npm info lifecycle uuid@3.3.3~postinstall: uuid@3.3.3
npm info lifecycle verror@1.10.0~postinstall: verror@1.10.0
npm info lifecycle jsprim@1.4.1~postinstall: jsprim@1.4.1
npm info lifecycle http-signature@1.2.0~postinstall: http-signature@1.2.0
npm info lifecycle request@2.88.0~postinstall: request@2.88.0
npm info lifecycle which-module@1.0.0~postinstall: which-module@1.0.0
npm info lifecycle wide-align@1.1.3~postinstall: wide-align@1.1.3
npm info lifecycle gauge@2.7.4~postinstall: gauge@2.7.4
npm info lifecycle npmlog@4.1.2~postinstall: npmlog@4.1.2
npm info lifecycle node-gyp@3.8.0~postinstall: node-gyp@3.8.0
npm info lifecycle wrap-ansi@2.1.0~postinstall: wrap-ansi@2.1.0
npm info lifecycle cliui@3.2.0~postinstall: cliui@3.2.0
npm info lifecycle y18n@3.2.1~postinstall: y18n@3.2.1
npm info lifecycle yallist@2.1.2~postinstall: yallist@2.1.2
npm info lifecycle lru-cache@4.1.5~postinstall: lru-cache@4.1.5
npm info lifecycle cross-spawn@3.0.1~postinstall: cross-spawn@3.0.1
npm info lifecycle camelcase@3.0.0~postinstall: camelcase@3.0.0
npm info lifecycle yargs-parser@5.0.0~postinstall: yargs-parser@5.0.0
npm info lifecycle camelcase@3.0.0~postinstall: camelcase@3.0.0
npm info lifecycle yargs@7.1.0~postinstall: yargs@7.1.0
npm info lifecycle sass-graph@2.2.4~postinstall: sass-graph@2.2.4
npm info lifecycle node-sass@4.13.1~postinstall: node-sass@4.13.1

> node-sass@4.13.1 postinstall C:\Users\imiljanic\Documents\now-ui-kit\node_modules\node-sass
> node scripts/build.js

Building: C:\Program Files\nodejs\node.exe C:\Users\imiljanic\Documents\now-ui-kit\node_modules\node-gyp\bin\node-gyp.js rebuild --verbose --libsass_ext= --libsass_cflags= --libsass_ldflags= --libsass_library=
gyp info it worked if it ends with ok
gyp verb cli [
gyp verb cli   'C:\\Program Files\\nodejs\\node.exe',
gyp verb cli   'C:\\Users\\imiljanic\\Documents\\now-ui-kit\\node_modules\\node-gyp\\bin\\node-gyp.js',
gyp verb cli   'rebuild',
gyp verb cli   '--verbose',
gyp verb cli   '--libsass_ext=',
gyp verb cli   '--libsass_cflags=',
gyp verb cli   '--libsass_ldflags=',
gyp verb cli   '--libsass_library='
gyp verb cli ]
gyp info using node-gyp@3.8.0
gyp info using node@12.14.1 | win32 | x64
gyp verb command rebuild []
gyp verb command clean []
gyp verb clean removing "build" directory
gyp verb command configure []
gyp verb check python checking for Python executable "C:\Users\apc.imiljanic\.windows-build-tools\python27\python.exe" in the PATH
gyp verb `which` succeeded C:\Users\apc.imiljanic\.windows-build-tools\python27\python.exe C:\Users\apc.imiljanic\.windows-build-tools\python27\python.exe
gyp verb check python version `C:\Users\apc.imiljanic\.windows-build-tools\python27\python.exe -c "import sys; print "2.7.17
gyp verb check python version .%s.%s" % sys.version_info[:3];"` returned: %j
gyp verb get node dir no --target version specified, falling back to host node version: 12.14.1
gyp verb command install [ '12.14.1' ]
gyp verb install input version string "12.14.1"
gyp verb install installing version: 12.14.1
gyp verb install --ensure was passed, so won't reinstall if already installed
gyp verb install version is already installed, need to check "installVersion"
gyp verb got "installVersion" 9
gyp verb needs "installVersion" 9
gyp verb install version is good
gyp verb get node dir target node version installed: 12.14.1
gyp verb build dir attempting to create "build" dir: C:\Users\imiljanic\Documents\now-ui-kit\node_modules\node-sass\build
gyp verb build dir "build" dir needed to be created? C:\Users\imiljanic\Documents\now-ui-kit\node_modules\node-sass\build
gyp verb find vs2017 Found installation at: C:\Program Files (x86)\Microsoft Visual Studio\2019\Community
gyp verb find vs2017   - Found Microsoft.VisualStudio.Component.Windows10SDK.18362
gyp verb find vs2017   - Found Microsoft.VisualStudio.Component.VC.Tools.x86.x64
gyp verb find vs2017   - Found Microsoft.VisualStudio.VC.MSBuild.Base
gyp verb find vs2017   - Using this installation with Windows 10 SDK
gyp verb find vs2017 using installation: C:\Program Files (x86)\Microsoft Visual Studio\2019\Community
gyp verb build/config.gypi creating config file
gyp verb build/config.gypi writing out config file: C:\Users\imiljanic\Documents\now-ui-kit\node_modules\node-sass\build\config.gypi
gyp verb config.gypi checking for gypi file: C:\Users\imiljanic\Documents\now-ui-kit\node_modules\node-sass\config.gypi
gyp verb common.gypi checking for gypi file: C:\Users\imiljanic\Documents\now-ui-kit\node_modules\node-sass\common.gypi
gyp verb gyp gyp format was not specified; forcing "msvs"
gyp info spawn C:\Users\apc.imiljanic\.windows-build-tools\python27\python.exe
gyp info spawn args [
gyp info spawn args   'C:\\Users\\imiljanic\\Documents\\now-ui-kit\\node_modules\\node-gyp\\gyp\\gyp_main.py',
gyp info spawn args   'binding.gyp',
gyp info spawn args   '-f',
gyp info spawn args   'msvs',
gyp info spawn args   '-G',
gyp info spawn args   'msvs_version=2015',
gyp info spawn args   '-I',
gyp info spawn args   'C:\\Users\\imiljanic\\Documents\\now-ui-kit\\node_modules\\node-sass\\build\\config.gypi',
gyp info spawn args   '-I',
gyp info spawn args   'C:\\Users\\imiljanic\\Documents\\now-ui-kit\\node_modules\\node-gyp\\addon.gypi',
gyp info spawn args   '-I',
gyp info spawn args   'C:\\Users\\apc.imiljanic\\.node-gyp\\12.14.1\\include\\node\\common.gypi',
gyp info spawn args   '-Dlibrary=shared_library',
gyp info spawn args   '-Dvisibility=default',
gyp info spawn args   '-Dnode_root_dir=C:\\Users\\apc.imiljanic\\.node-gyp\\12.14.1',
gyp info spawn args   '-Dnode_gyp_dir=C:\\Users\\imiljanic\\Documents\\now-ui-kit\\node_modules\\node-gyp',
gyp info spawn args   '-Dnode_lib_file=C:\\Users\\apc.imiljanic\\.node-gyp\\12.14.1\\<(target_arch)\\node.lib',
gyp info spawn args   '-Dmodule_root_dir=C:\\Users\\imiljanic\\Documents\\now-ui-kit\\node_modules\\node-sass',
gyp info spawn args   '-Dnode_engine=v8',
gyp info spawn args   '--depth=.',
gyp info spawn args   '--no-parallel',
gyp info spawn args   '--generator-output',
gyp info spawn args   'C:\\Users\\imiljanic\\Documents\\now-ui-kit\\node_modules\\node-sass\\build',
gyp info spawn args   '-Goutput_dir=.'
gyp info spawn args ]
gyp verb command build []
gyp verb build type Release
gyp verb architecture x64
gyp verb node dev dir C:\Users\apc.imiljanic\.node-gyp\12.14.1
gyp verb found first Solution file build/binding.sln
gyp verb using MSBuild: C:\Program Files (x86)\Microsoft Visual Studio\2019\Community\MSBuild\15.0\Bin\MSBuild.exe
gyp info spawn C:\Program Files (x86)\Microsoft Visual Studio\2019\Community\MSBuild\15.0\Bin\MSBuild.exe
gyp info spawn args [
gyp info spawn args   'build/binding.sln',
gyp info spawn args   '/nologo',
gyp info spawn args   '/p:Configuration=Release;Platform=x64'
gyp info spawn args ]
gyp ERR! UNCAUGHT EXCEPTION
gyp ERR! stack Error: spawn C:\Program Files (x86)\Microsoft Visual Studio\2019\Community\MSBuild\15.0\Bin\MSBuild.exe ENOENT
gyp ERR! stack     at Process.ChildProcess._handle.onexit (internal/child_process.js:264:19)
gyp ERR! stack     at onErrorNT (internal/child_process.js:456:16)
gyp ERR! stack     at processTicksAndRejections (internal/process/task_queues.js:81:21)
gyp ERR! System Windows_NT 10.0.17763
gyp ERR! command "C:\\Program Files\\nodejs\\node.exe" "C:\\Users\\imiljanic\\Documents\\now-ui-kit\\node_modules\\node-gyp\\bin\\node-gyp.js" "rebuild" "--verbose" "--libsass_ext=" "--libsass_cflags=" "--libsass_ldflags=" "--libsass_library="
gyp ERR! cwd C:\Users\imiljanic\Documents\now-ui-kit\node_modules\node-sass
gyp ERR! node -v v12.14.1
gyp ERR! node-gyp -v v3.8.0
gyp ERR! This is a bug in `node-gyp`.
gyp ERR! Try to update node-gyp and file an Issue if it does not help:
gyp ERR!     <https://github.com/nodejs/node-gyp/issues>
Build failed with error code: 7
npm verb lifecycle node-sass@4.13.1~postinstall: unsafe-perm in lifecycle true
npm verb lifecycle node-sass@4.13.1~postinstall: PATH: C:\Program Files\nodejs\node_modules\npm\node_modules\npm-lifecycle\node-gyp-bin;C:\Users\imiljanic\Documents\now-ui-kit\node_modules\node-sass\node_modules\.bin;C:\Users\imiljanic\Documents\now-ui-kit\node_modules\.bin;C:\WINDOWS\system32;C:\WINDOWS;C:\WINDOWS\System32\Wbem;C:\WINDOWS\System32\WindowsPowerShell\v1.0\;C:\WINDOWS\System32\OpenSSH\;C:\Program Files\PuTTY\;C:\Program Files (x86)\Yarn\bin\;C:\Program Files\nodejs\;C:\Users\apc.imiljanic\.windows-build-tools\python27\;C:\Users\apc.imiljanic\AppData\Local\Microsoft\WindowsApps;C:\Python27
npm verb lifecycle node-sass@4.13.1~postinstall: CWD: C:\Users\imiljanic\Documents\now-ui-kit\node_modules\node-sass
npm info lifecycle node-sass@4.13.1~postinstall: Failed to exec postinstall script
npm timing action:postinstall Completed in 9274ms
npm verb unlock done using C:\Users\apc.imiljanic\AppData\Roaming\npm-cache\_locks\staging-87fc1d4c25a3e326.lock for C:\Users\imiljanic\Documents\now-ui-kit\node_modules\.staging
npm timing stage:rollbackFailedOptional Completed in 8445ms
npm timing stage:runTopLevelLifecycles Completed in 51311ms
npm WARN now-ui-kit@1.3.0 No repository field.
npm WARN now-ui-kit@1.3.0 license should be a valid SPDX license expression

npm verb stack Error: node-sass@4.13.1 postinstall: `node scripts/build.js`
npm verb stack Exit status 1
npm verb stack     at EventEmitter.<anonymous> (C:\Program Files\nodejs\node_modules\npm\node_modules\npm-lifecycle\index.js:332:16)
npm verb stack     at EventEmitter.emit (events.js:223:5)
npm verb stack     at ChildProcess.<anonymous> (C:\Program Files\nodejs\node_modules\npm\node_modules\npm-lifecycle\lib\spawn.js:55:14)
npm verb stack     at ChildProcess.emit (events.js:223:5)
npm verb stack     at maybeClose (internal/child_process.js:1021:16)
npm verb stack     at Process.ChildProcess._handle.onexit (internal/child_process.js:283:5)
npm verb pkgid node-sass@4.13.1
npm verb cwd C:\Users\imiljanic\Documents\now-ui-kit
npm verb Windows_NT 10.0.17763
npm verb argv "C:\\Program Files\\nodejs\\node.exe" "C:\\Program Files\\nodejs\\node_modules\\npm\\bin\\npm-cli.js" "install" "--verbose"
npm verb node v12.14.1
npm verb npm  v6.13.4
npm ERR! code ELIFECYCLE
npm ERR! errno 1
npm ERR! node-sass@4.13.1 postinstall: `node scripts/build.js`
npm ERR! Exit status 1
npm ERR!
npm ERR! Failed at the node-sass@4.13.1 postinstall script.
npm ERR! This is probably not a problem with npm. There is likely additional logging output above.
npm verb exit [ 1, true ]
npm timing npm Completed in 55916ms

npm ERR! A complete log of this run can be found in:
npm ERR!     C:\Users\apc.imiljanic\AppData\Roaming\npm-cache\_logs\2020-01-16T15_20_55_338Z-debug.log
```

</details>

Also I tried to update node.js, installed python2, python3 ( added to env variables on pc ), installed windows-build-tools, visual studio compilers, tried to run as admin... but nothing works as expected. 

Also I have tried to set npm config proxy, npm config force ssl and my other. 
Any help about this? 

Thanks, Ivan


<!--
Thank you for your pull request. Please review the below requirements.

Contributor guide: https://github.com/nodejs/node/blob/master/CONTRIBUTING.md
-->

##### Checklist
<!-- Remove items that do not apply. For completed items, change [ ] to [x]. -->

- [ ] `npm install && npm test` passes
- [ ] tests are included <!-- Bug fixes and new features should include tests -->
- [ ] documentation is changed or added
- [ ] commit message follows [commit guidelines](https://github.com/nodejs/node/blob/master/doc/guides/contributing/pull-requests.md#commit-message-guidelines)

##### Description of change
<!-- Provide a description of the change -->


Fixes https://github.com/nodejs/node-gyp/issues/1977#issuecomment-570833317 

<!--
Thank you for your pull request. Please review the below requirements.

Contributor guide: https://github.com/nodejs/node/blob/master/CONTRIBUTING.md
-->

##### Checklist
<!-- Remove items that do not apply. For completed items, change [ ] to [x]. -->

- [ ] `npm install && npm test` passes
- [ ] tests are included <!-- Bug fixes and new features should include tests -->
- [ ] documentation is changed or added
- [ ] commit message follows [commit guidelines](https://github.com/nodejs/node/blob/master/doc/guides/contributing/pull-requests.md#commit-message-guidelines)

##### Description of change
<!-- Provide a description of the change -->


* [[`f37a8b40d0`](https://github.com/nodejs/node-gyp/commit/f37a8b40d0)] - **doc**: add GitHub Actions badge (#1994) (Rod Vagg) [#1994](https://github.com/nodejs/node-gyp/pull/1994)
* [[`cb3f6aae5e`](https://github.com/nodejs/node-gyp/commit/cb3f6aae5e)] - **doc**: update macOS\_Catalina.md (#1992) (James Home) [#1992](https://github.com/nodejs/node-gyp/pull/1992)
* [[`0607596a4c`](https://github.com/nodejs/node-gyp/commit/0607596a4c)] - **doc**: fix typo in README.md (#1985) (Suraneti Rodsuwan) [#1985](https://github.com/nodejs/node-gyp/pull/1985)
* [[`0d5a415a14`](https://github.com/nodejs/node-gyp/commit/0d5a415a14)] - **doc**: add travis badge (Rod Vagg) [#1971](https://github.com/nodejs/node-gyp/pull/1971)
* [[`a3f1143514`](https://github.com/nodejs/node-gyp/commit/a3f1143514)] - **(SEMVER-MINOR)** **lib**: noproxy support, match proxy detection to `request` (Matias Lopez) [#1978](https://github.com/nodejs/node-gyp/pull/1978)
* [[`52365819c7`](https://github.com/nodejs/node-gyp/commit/52365819c7)] - **test**: remove old docker test harness (#1993) (Rod Vagg) [#1993](https://github.com/nodejs/node-gyp/pull/1993)
* [[`bc509c511d`](https://github.com/nodejs/node-gyp/commit/bc509c511d)] - **test**: add Windows to GitHub Actions testing (#1996) (Christian Clauss) [#1996](https://github.com/nodejs/node-gyp/pull/1996)
* [[`91ee26dd48`](https://github.com/nodejs/node-gyp/commit/91ee26dd48)] - **test**: fix typo in header download test (#2001) (Richard Lau) [#2001](https://github.com/nodejs/node-gyp/pull/2001)
* [[`0923f344c9`](https://github.com/nodejs/node-gyp/commit/0923f344c9)] - **test**: direct python invocation & simpler pyenv (Matias Lopez) [#1979](https://github.com/nodejs/node-gyp/pull/1979)
* [[`32c8744b34`](https://github.com/nodejs/node-gyp/commit/32c8744b34)] - **test**: fix macOS Travis on Python 2.7 & 3.7 (Christian Clauss) [#1979](https://github.com/nodejs/node-gyp/pull/1979)
* [[`fd4b1351e4`](https://github.com/nodejs/node-gyp/commit/fd4b1351e4)] - **test**: initial Github Actions with Ubuntu & macOS (Christian Clauss) [#1985](https://github.com/nodejs/node-gyp/pull/1985)

-----

This is mainly a backlog flushing exercise, as you can see, almost everything is docs or test, but there is also #1978 which hasn't yet been released on `master` so the choice is:

1) let this simmer until it's out on a v6.x release and has had time in the wild
2) remove it from this release and just flush out a doc update release
3) yolo, just release it

Will opt for 1 at the moment, it's mainly just interesting to see what the diff is. Feel free to weigh in.
Hi Richardlau!
I've some problems in my project, something like below.
Can you help me with this problem?
![image](https://user-images.githubusercontent.com/55408281/71447796-d8ad2100-273b-11ea-8274-6f5682cc65b5.png)

I hope you help me with this problem.
If it is not comfortable to have chat, you can contact me on skype with id: live:csillag.szabolcs.andras

Best regards.
Hi,
node-gyp fails to find Visual Studio Build Tools 2017

> msvs_version does not match this version
> could not find a version of Visual Studio 2017 or newer to use


* **node-gyp version**: node-gyp v5.0.7
* **Node Version**: node v13.1.0  npm 6.12.1
* **Platform**: Windows 10
* **Compiler**: 15.9.21.664 (Microsoft (R) Build Engine version 15.9.21+g9802d43bc3 for .NET Framework)
* **Module**: ffs

<details><summary>Verbose output (from npm or node-gyp):</summary>

```
V:\Programming\JavaScript\Programming\Projects\_node\node-tablet-monitor>node-gyp rebuild --verbose
gyp info it worked if it ends with ok
gyp verb cli [
gyp verb cli   'X:\\Program Files\\Node\\node.exe',
gyp verb cli   'C:\\Users\\OSO\\AppData\\Roaming\\npm\\node_modules\\node-gyp\\bin\\node-gyp.js',
gyp verb cli   'rebuild',
gyp verb cli   '--verbose'
gyp verb cli ]
gyp info using node-gyp@5.0.7
gyp info using node@13.1.0 | win32 | x64
gyp verb command rebuild []
gyp verb command clean []
gyp verb clean removing "build" directory
gyp verb command configure []
gyp verb find Python Python is not set from command line or npm configuration
gyp verb find Python Python is not set from environment variable PYTHON
gyp verb find Python checking if "python" can be used
gyp verb find Python - executing "python" to get executable path
gyp verb find Python - executable path is "X:\Program Files\Python\Python3\python.exe"
gyp verb find Python - executing "X:\Program Files\Python\Python3\python.exe" to get version
gyp verb find Python - version is "3.8.0"
gyp info find Python using Python version 3.8.0 found at "X:\Program Files\Python\Python3\python.exe"
gyp verb get node dir no --target version specified, falling back to host node version: 13.1.0
gyp verb command install [ '13.1.0' ]
gyp verb install input version string "13.1.0"
gyp verb install installing version: 13.1.0
gyp verb install --ensure was passed, so won't reinstall if already installed
gyp verb install version is already installed, need to check "installVersion"
gyp verb got "installVersion" 9
gyp verb needs "installVersion" 9
gyp verb install version is good
gyp verb get node dir target node version installed: 13.1.0
gyp verb build dir attempting to create "build" dir: V:\Programming\JavaScript\Programming\Projects\_node\node-tablet-monitor\build
gyp verb build dir "build" dir needed to be created? V:\Programming\JavaScript\Programming\Projects\_node\node-tablet-monitor\build
gyp verb find VS msvs_version not set from command line or npm config
gyp verb find VS VCINSTALLDIR not set, not running in VS Command Prompt
gyp verb find VS checking VS2017 (15.9.28307.960) found at:
gyp verb find VS "X:\Program Files\Visual Studio\Build Tools 2017"
gyp verb find VS - found "Visual Studio C++ core features"
gyp verb find VS - found VC++ toolset: v141
gyp verb find VS - found Windows SDK: 10.0.17763.0
gyp info find VS using VS2017 (15.9.28307.960) found at:
gyp info find VS "X:\Program Files\Visual Studio\Build Tools 2017"
gyp info find VS run with --verbose for detailed information
gyp verb build/config.gypi creating config file
gyp verb build/config.gypi writing out config file: V:\Programming\JavaScript\Programming\Projects\_node\node-tablet-monitor\build\config.gypi
gyp verb config.gypi checking for gypi file: V:\Programming\JavaScript\Programming\Projects\_node\node-tablet-monitor\config.gypi
gyp verb common.gypi checking for gypi file: V:\Programming\JavaScript\Programming\Projects\_node\node-tablet-monitor\common.gypi
gyp verb gyp gyp format was not specified; forcing "msvs"
gyp info spawn X:\Program Files\Python\Python3\python.exe
gyp info spawn args [
gyp info spawn args   'C:\\Users\\OSO\\AppData\\Roaming\\npm\\node_modules\\node-gyp\\gyp\\gyp_main.py',
gyp info spawn args   'binding.gyp',
gyp info spawn args   '-f',
gyp info spawn args   'msvs',
gyp info spawn args   '-I',
gyp info spawn args   'V:\\Programming\\JavaScript\\Programming\\Projects\\_node\\node-tablet-monitor\\build\\config.gypi',
gyp info spawn args   '-I',
gyp info spawn args   'C:\\Users\\OSO\\AppData\\Roaming\\npm\\node_modules\\node-gyp\\addon.gypi',
gyp info spawn args   '-I',
gyp info spawn args   'C:\\Users\\OSO\\AppData\\Local\\node-gyp\\Cache\\13.1.0\\include\\node\\common.gypi',
gyp info spawn args   '-Dlibrary=shared_library',
gyp info spawn args   '-Dvisibility=default',
gyp info spawn args   '-Dnode_root_dir=C:\\Users\\OSO\\AppData\\Local\\node-gyp\\Cache\\13.1.0',
gyp info spawn args   '-Dnode_gyp_dir=C:\\Users\\OSO\\AppData\\Roaming\\npm\\node_modules\\node-gyp',
gyp info spawn args   '-Dnode_lib_file=C:\\\\Users\\\\OSO\\\\AppData\\\\Local\\\\node-gyp\\\\Cache\\\\13.1.0\\\\<(target_arch)\\\\node.lib',
gyp info spawn args   '-Dmodule_root_dir=V:\\Programming\\JavaScript\\Programming\\Projects\\_node\\node-tablet-monitor',
gyp info spawn args   '-Dnode_engine=v8',
gyp info spawn args   '--depth=.',
gyp info spawn args   '--no-parallel',
gyp info spawn args   '--generator-output',
gyp info spawn args   'V:\\Programming\\JavaScript\\Programming\\Projects\\_node\\node-tablet-monitor\\build',
gyp info spawn args   '-Goutput_dir=.'
gyp info spawn args ]
gyp: binding.gyp not found (cwd: V:\Programming\JavaScript\Programming\Projects\_node\node-tablet-monitor) while trying to load binding.gyp
gyp ERR! configure error
gyp ERR! stack Error: `gyp` failed with exit code: 1
gyp ERR! stack     at ChildProcess.onCpExit (C:\Users\OSO\AppData\Roaming\npm\node_modules\node-gyp\lib\configure.js:351:16)
gyp ERR! stack     at ChildProcess.emit (events.js:210:5)
gyp ERR! stack     at Process.ChildProcess._handle.onexit (internal/child_process.js:272:12)
gyp ERR! System Windows_NT 10.0.16299
gyp ERR! command "X:\\Program Files\\Node\\node.exe" "C:\\Users\\OSO\\AppData\\Roaming\\npm\\node_modules\\node-gyp\\bin\\node-gyp.js" "rebuild" "--verbose"
gyp ERR! cwd V:\Programming\JavaScript\Programming\Projects\_node\node-tablet-monitor
gyp ERR! node -v v13.1.0
gyp ERR! node-gyp -v v5.0.7
gyp ERR! not ok
```


```
V:\Programming\JavaScript\Programming\Projects\_node\node-tablet-monitor>npm install -g node-gyp
C:\Users\OSO\AppData\Roaming\npm\node-gyp -> C:\Users\OSO\AppData\Roaming\npm\node_modules\node-gyp\bin\node-gyp.js
+ node-gyp@5.0.7
updated 1 package in 2.258s

V:\Programming\JavaScript\Programming\Projects\_node\node-tablet-monitor>npm install ffi

> ref@1.3.5 install V:\Programming\JavaScript\Programming\Projects\_node\node-tablet-monitor\node_modules\ref
> node-gyp rebuild


V:\Programming\JavaScript\Programming\Projects\_node\node-tablet-monitor\node_modules\ref>if not defined npm_config_node_gyp (node "X:\Program Files\Node\node_modules\npm\node_modules\npm-lifecycle\node-gyp-bin\\..\..\node_modules\node-gyp\bin\node-gyp.js" rebuild )  else (node "X:\Program Files\Node\node_modules\npm\node_modules\node-gyp\bin\node-gyp.js" rebuild )
gyp ERR! find VS
gyp ERR! find VS msvs_version was set from command line or npm config
gyp ERR! find VS - looking for Visual Studio version 2015
gyp ERR! find VS VCINSTALLDIR not set, not running in VS Command Prompt
gyp ERR! find VS checking VS2017 (15.9.28307.960) found at:
gyp ERR! find VS "X:\Program Files\Visual Studio\Build Tools 2017"
gyp ERR! find VS - found "Visual Studio C++ core features"
gyp ERR! find VS - found VC++ toolset: v141
gyp ERR! find VS - found Windows SDK: 10.0.17763.0
gyp ERR! find VS - msvs_version does not match this version
gyp ERR! find VS could not find a version of Visual Studio 2017 or newer to use
gyp ERR! find VS looking for Visual Studio 2015
gyp ERR! find VS - not found
gyp ERR! find VS not looking for VS2013 as it is only supported up to Node.js 8
gyp ERR! find VS
gyp ERR! find VS valid versions for msvs_version:
gyp ERR! find VS - "2017"
gyp ERR! find VS - "X:\Program Files\Visual Studio\Build Tools 2017"
gyp ERR! find VS
gyp ERR! find VS **************************************************************
gyp ERR! find VS You need to install the latest version of Visual Studio
gyp ERR! find VS including the "Desktop development with C++" workload.
gyp ERR! find VS For more information consult the documentation at:
gyp ERR! find VS https://github.com/nodejs/node-gyp#on-windows
gyp ERR! find VS **************************************************************
gyp ERR! find VS
gyp ERR! configure error
gyp ERR! stack Error: Could not find any Visual Studio installation to use
gyp ERR! stack     at VisualStudioFinder.fail (X:\Program Files\Node\node_modules\npm\node_modules\node-gyp\lib\find-visualstudio.js:121:47)
gyp ERR! stack     at X:\Program Files\Node\node_modules\npm\node_modules\node-gyp\lib\find-visualstudio.js:74:16
gyp ERR! stack     at VisualStudioFinder.findVisualStudio2013 (X:\Program Files\Node\node_modules\npm\node_modules\node-gyp\lib\find-visualstudio.js:351:14)
gyp ERR! stack     at X:\Program Files\Node\node_modules\npm\node_modules\node-gyp\lib\find-visualstudio.js:70:14
gyp ERR! stack     at X:\Program Files\Node\node_modules\npm\node_modules\node-gyp\lib\find-visualstudio.js:372:16
gyp ERR! stack     at X:\Program Files\Node\node_modules\npm\node_modules\node-gyp\lib\util.js:54:7
gyp ERR! stack     at X:\Program Files\Node\node_modules\npm\node_modules\node-gyp\lib\util.js:33:16
gyp ERR! stack     at ChildProcess.exithandler (child_process.js:302:5)
gyp ERR! stack     at ChildProcess.emit (events.js:210:5)
gyp ERR! stack     at maybeClose (internal/child_process.js:1028:16)
gyp ERR! System Windows_NT 10.0.16299
gyp ERR! command "X:\\Program Files\\Node\\node.exe" "X:\\Program Files\\Node\\node_modules\\npm\\node_modules\\node-gyp\\bin\\node-gyp.js" "rebuild"
gyp ERR! cwd V:\Programming\JavaScript\Programming\Projects\_node\node-tablet-monitor\node_modules\ref
gyp ERR! node -v v13.1.0
gyp ERR! node-gyp -v v5.0.5
gyp ERR! not ok
npm ERR! code ELIFECYCLE
npm ERR! errno 1
npm ERR! ref@1.3.5 install: `node-gyp rebuild`
npm ERR! Exit status 1
npm ERR!
npm ERR! Failed at the ref@1.3.5 install script.
npm ERR! This is probably not a problem with npm. There is likely additional logging output above.

npm ERR! A complete log of this run can be found in:
npm ERR!     C:\Users\OSO\AppData\Roaming\npm-cache\_logs\2019-12-22T13_55_29_502Z-debug.log
```




</details>

<!-- Any further details -->


<!--
Thank you for your pull request. Please review the below requirements.

Contributor guide: https://github.com/nodejs/node/blob/master/CONTRIBUTING.md
-->

##### Checklist
<!-- Remove items that do not apply. For completed items, change [ ] to [x]. -->

- [ ] `npm install && npm test` passes
- [x] tests are included <!-- Bug fixes and new features should include tests -->
- [ ] documentation is changed or added
- [x] commit message follows [commit guidelines](https://github.com/nodejs/node/blob/master/doc/guides/contributing/pull-requests.md#commit-message-guidelines)

##### Description of change
<!-- Provide a description of the change -->

