at Module._compile (C:\xampp\htdocs\react practice\react\blog\node_modules\v8-compile-cache\v8-compile-cache.js:192:30)
    at Object.Module._extensions..js (internal/modules/cjs/loader.js:712:10)
    at Module.load (internal/modules/cjs/loader.js:600:32)
npm ERR! code ELIFECYCLE
npm ERR! errno 1
npm ERR! @ development: `cross-env NODE_ENV=development node_modules/webpack/bin/webpack.js --progress --hide-modules --config=node_modules/laravel-mix/setup/webpack.config.js`
npm ERR! Exit status 1
npm ERR!
npm ERR! Failed at the @ development script.
npm ERR! This is probably not a problem with npm. There is likely additional logging output above.

npm ERR! A complete log of this run can be found in:
npm ERR!     C:\Users\Hamza\AppData\Roaming\npm-cache\_logs\2019-09-10T18_59_18_255Z-debug.log
npm ERR! code ELIFECYCLE
npm ERR! errno 1
npm ERR! @ dev: `npm run development`
npm ERR! Exit status 1
npm ERR!
npm ERR! Failed at the @ dev script.
npm ERR! This is probably not a problem with npm. There is likely additional logging output above.

npm ERR! A complete log of this run can be found in:
npm ERR!     C:\Users\Hamza\AppData\Roaming\npm-cache\_logs\2019-09-10T18_59_18_344Z-debug.log
internal/modules/cjs/loader.js:628
    throw err;
    ^

Error: Cannot find module 'babel-loader'
Require stack:
- C:\Users\Rayaa\Desktop\react-burger-app\config\webpack.config.dev.js
- C:\Users\Rayaa\Desktop\react-burger-app\scripts\start.js
←[90m    at Function.Module._resolveFilename (internal/modules/cjs/loader.js:625:15)←[39m
←[90m    at Function.resolve (internal/modules/cjs/helpers.js:21:19)←[39m
    at Object.<anonymous> (C:\Users\Rayaa\Desktop\react-burger-app\config\webpack.config.dev.js:145:29)
←[90m    at Module._compile (internal/modules/cjs/loader.js:777:30)←[39m
←[90m    at Object.Module._extensions..js (internal/modules/cjs/loader.js:788:10)←[39m
←[90m    at Module.load (internal/modules/cjs/loader.js:643:32)←[39m
←[90m    at Function.Module._load (internal/modules/cjs/loader.js:556:12)←[39m
←[90m    at Module.require (internal/modules/cjs/loader.js:683:19)←[39m
←[90m    at require (internal/modules/cjs/helpers.js:16:16)←[39m
    at Object.<anonymous> (C:\Users\Rayaa\Desktop\react-burger-app\scripts\start.js:31:16)
←[90m    at Module._compile (internal/modules/cjs/loader.js:777:30)←[39m
←[90m    at Object.Module._extensions..js (internal/modules/cjs/loader.js:788:10)←[39m
←[90m    at Module.load (internal/modules/cjs/loader.js:643:32)←[39m
←[90m    at Function.Module._load (internal/modules/cjs/loader.js:556:12)←[39m
←[90m    at Function.Module.runMain (internal/modules/cjs/loader.js:840:10)←[39m
←[90m    at internal/main/run_main_module.js:17:11←[39m {
  code: ←[32m'MODULE_NOT_FOUND'←[39m,
  requireStack: [
    ←[32m'C:\\Users\\Rayaa\\Desktop\\react-burger-app\\config\\webpack.config.dev.js'←[39m,
    ←[32m'C:\\Users\\Rayaa\\Desktop\\react-burger-app\\scripts\\start.js'←[39m
  ]
}
npm ERR! code ELIFECYCLE
npm ERR! errno 1
npm ERR! react-burger-app@0.1.0 start: `node scripts/start.js`
npm ERR! Exit status 1
npm ERR!
npm ERR! Failed at the react-burger-app@0.1.0 start script.
npm ERR! This is probably not a problem with npm. There is likely additional logging output above.

npm ERR! A complete log of this run can be found in:
npm ERR!     C:\Users\Rayaa\AppData\Roaming\npm-cache\_logs\2019-08-05T06_14_42_042Z-debug.log
```bash
npm i -g node-inspector
npm WARN deprecated hawk@3.1.3: This module moved to @hapi/hawk. Please make sure to switch over as this distribution is no longer supported and may contain bugs and critical security issues.
npm WARN deprecated hoek@2.16.3: This version has been deprecated in accordance with the hapi support policy (hapi.im/support). Please upgrade to the latest version to get the best features, bug fixes, and security patches. If you are unable to upgrade at this time, paid support is available for older versions (hapi.im/commercial).
npm WARN deprecated sntp@1.0.9: This module moved to @hapi/sntp. Please make sure to switch over as this distribution is no longer supported and may contain bugs and critical security issues.
npm WARN deprecated cryptiles@2.0.5: This version has been deprecated in accordance with the hapi support policy (hapi.im/support). Please upgrade to the latest version to get the best features, bug fixes, and security patches. If you are unable to upgrade at this time, paid support is available for older versions (hapi.im/commercial).
npm WARN deprecated boom@2.10.1: This version has been deprecated in accordance with the hapi support policy (hapi.im/support). Please upgrade to the latest version to get the best features, bug fixes, and security patches. If you are unable to upgrade at this time, paid support is available for older versions (hapi.im/commercial).

> v8-profiler@5.7.0 preinstall C:\Program Files\nodejs\node_modules\node-inspector\node_modules\v8-profiler
> node -e 'process.exit(0)'


> v8-debug@1.0.1 preinstall C:\Program Files\nodejs\node_modules\node-inspector\node_modules\v8-debug
> node -e 'process.exit(0)'

C:\Program Files\nodejs\node-inspector -> C:\Program Files\nodejs\node_modules\node-inspector\bin\inspector.js
C:\Program Files\nodejs\node-debug -> C:\Program Files\nodejs\node_modules\node-inspector\bin\node-debug.js

> v8-debug@1.0.1 install C:\Program Files\nodejs\node_modules\node-inspector\node_modules\v8-debug
> node-pre-gyp install --fallback-to-build

node-pre-gyp ERR! Tried to download(404): https://node-inspector.s3.amazonaws.com/debug/v1.0.1/node-v64-win32-x64.tar.gz
node-pre-gyp ERR! Pre-built binaries not found for v8-debug@1.0.1 and node@10.16.0 (node-v64 ABI, unknown) (falling back to source compile with node-gyp)
node-pre-gyp ERR! Tried to download(undefined): https://node-inspector.s3.amazonaws.com/debug/v1.0.1/node-v64-win32-x64.tar.gz
node-pre-gyp ERR! Pre-built binaries not found for v8-debug@1.0.1 and node@10.16.0 (node-v64 ABI, unknown) (falling back to source compile with node-gyp)
gyp ERR! gypconfigure error
 ERR! gypconfigure error
ERR! stack Error: Command failed: C:\Users\Mattaio\AppData\Local\Programs\Python\Python37-32\python.EXE -c import sys; print "%s.%s.%s" % sys.version_info[:3];
gypgyp  ERR!ERR!  stackstack Error: Command failed: C:\Users\Mattaio\AppData\Local\Programs\Python\Python37-32\python.EXE -c import sys; print "%s.%s.%s" % sys.version_info[:3];
   File "<string>", line 1
gypgyp  ERR! ERR!stack    File "<string>", line 1
stackgyp     import sys; print "%s.%s.%s" % sys.version_info[:3];
 gyp ERR!ERR!  stackstack     import sys; print "%s.%s.%s" % sys.version_info[:3];
                                ^
gypgyp  ERR! ERR!stack stack                                ^
gyp SyntaxError: invalid syntax
 gypERR!  ERR!stack  SyntaxError: invalid syntax
stackgyp
ERR!gyp  stackERR!
 gypstack ERR!     at ChildProcess.exithandler (child_process.js:294:12)
 gypstack     at ChildProcess.exithandler (child_process.js:294:12)
 gypERR!  ERR!stack      at ChildProcess.emit (events.js:198:13)
stackgyp     at ChildProcess.emit (events.js:198:13)
 gypERR!  ERR!stack      at maybeClose (internal/child_process.js:982:16)
stack     at maybeClose (internal/child_process.js:982:16)
gypgyp  ERR!ERR!  stackstack     at Process.ChildProcess._handle.onexit (internal/child_process.js:259:5)
     at Process.ChildProcess._handle.onexit (internal/child_process.js:259:5)
gyp gypERR!  ERR!System  Windows_NT 10.0.17763
Systemgyp Windows_NT 10.0.17763
 ERR!gyp  commandERR! "C:\\Program Files\\nodejs\\node.exe" "C:\\Users\\Mattaio\\AppData\\Roaming\\nvm\\v10.16.0\\node_modules\\npm\\node_modules\\node-gyp\\bin\\node-gyp.js" "configure" "--fallback-to-build" "--module=C:\\Program Files\\nodejs\\node_modules\\node-inspector\\node_modules\\v8-debug\\build\\debug\\v1.0.1\\node-v64-win32-x64\\debug.node" "--module_name=debug" "--module_path=C:\\Program Files\\nodejs\\node_modules\\node-inspector\\node_modules\\v8-debug\\build\\debug\\v1.0.1\\node-v64-win32-x64"
 gyp command "C:\\Program Files\\nodejs\\node.exe" "C:\\Users\\Mattaio\\AppData\\Roaming\\nvm\\v10.16.0\\node_modules\\npm\\node_modules\\node-gyp\\bin\\node-gyp.js" "configure" "--fallback-to-build" "--module=C:\\Program Files\\nodejs\\node_modules\\node-inspector\\node_modules\\v8-debug\\build\\debug\\v1.0.1\\node-v64-win32-x64\\debug.node" "--module_name=debug" "--module_path=C:\\Program Files\\nodejs\\node_modules\\node-inspector\\node_modules\\v8-debug\\build\\debug\\v1.0.1\\node-v64-win32-x64"
ERR!gyp  cwd C:\Program Files\nodejs\node_modules\node-inspector\node_modules\v8-debug
ERR!gyp  cwdERR! C:\Program Files\nodejs\node_modules\node-inspector\node_modules\v8-debug
 gypnode -v  v10.16.0
ERR!gyp  node -vERR! v10.16.0
gyp node-gyp -v  v3.8.0
ERR!gyp  node-gyp -vERR! v3.8.0
 gyp not okERR!
 not ok
node-pre-gyp ERR! build error
node-pre-gyp ERR! stack Error: Failed to execute 'C:\Program Files\nodejs\node.exe C:\Users\Mattaio\AppData\Roaming\nvm\v10.16.0\node_modules\npm\node_modules\node-gyp\bin\node-gyp.js configure --fallback-to-build --module=C:\Program Files\nodejs\node_modules\node-inspector\node_modules\v8-debug\build\debug\v1.0.1\node-v64-win32-x64\debug.node --module_name=debug --module_path=C:\Program Files\nodejs\node_modules\node-inspector\node_modules\v8-debug\build\debug\v1.0.1\node-v64-win32-x64' (1)
node-pre-gyp ERR! stack     at ChildProcess.<anonymous> (C:\Users\Mattaio\AppData\Roaming\nvm\v10.16.0\node_modules\node-inspector\node_modules\node-pre-gyp\lib\util\compile.js:83:29)
node-pre-gyp ERR! stack     at ChildProcess.emit (events.js:198:13)
node-pre-gyp ERR! stack     at maybeClose (internal/child_process.js:982:16)
node-pre-gyp ERR! stack     at Process.ChildProcess._handle.onexit (internal/child_process.js:259:5)
node-pre-gyp ERR! System Windows_NT 10.0.17763
node-pre-gyp ERR! command "C:\\Program Files\\nodejs\\node.exe" "C:\\Program Files\\nodejs\\node_modules\\node-inspector\\node_modules\\node-pre-gyp\\bin\\node-pre-gyp" "install" "--fallback-to-build"
node-pre-gyp ERR! cwd C:\Program Files\nodejs\node_modules\node-inspector\node_modules\v8-debug
node-pre-gyp ERR! node -v v10.16.0
node-pre-gyp ERR! node-pre-gyp -v v0.6.39
node-pre-gyp ERR! not ok
Failed to execute 'C:\Program Files\nodejs\node.exe C:\Users\Mattaio\AppData\Roaming\nvm\v10.16.0\node_modules\npm\node_modules\node-gyp\bin\node-gyp.js configure --fallback-to-build --module=C:\Program Files\nodejs\node_modules\node-inspector\node_modules\v8-debug\build\debug\v1.0.1\node-v64-win32-x64\debug.node --module_name=debug --module_path=C:\Program Files\nodejs\node_modules\node-inspector\node_modules\v8-debug\build\debug\v1.0.1\node-v64-win32-x64' (1)
npm ERR! code ELIFECYCLE
npm ERR! errno 1
npm ERR! v8-debug@1.0.1 install: `node-pre-gyp install --fallback-to-build`
npm ERR! Exit status 1
npm ERR!
npm ERR! Failed at the v8-debug@1.0.1 install script.
npm ERR! This is probably not a problem with npm. There is likely additional logging output above.

npm ERR! A complete log of this run can be found in:
npm ERR!     C:\Users\Mattaio\AppData\Roaming\npm-cache\_logs\2019-07-20T13_17_15_013Z-debug.log
```
➜  ~ npm
internal/modules/cjs/loader.js:670
    throw err;
    ^

Error: Cannot find module 'semver'
    at Function.Module._resolveFilename (internal/modules/cjs/loader.js:668:15)
    at Function.Module._load (internal/modules/cjs/loader.js:591:27)
    at Module.require (internal/modules/cjs/loader.js:723:19)
    at require (internal/modules/cjs/helpers.js:14:16)
    at Object.<anonymous> (/usr/lib/node_modules/npm/lib/utils/unsupported.js:2:14)
    at Module._compile (internal/modules/cjs/loader.js:816:30)
    at Object.Module._extensions..js (internal/modules/cjs/loader.js:827:10)
    at Module.load (internal/modules/cjs/loader.js:685:32)
    at Function.Module._load (internal/modules/cjs/loader.js:620:12)
    at Module.require (internal/modules/cjs/loader.js:723:19)

internal/modules/cjs/loader.js:584
    throw err;
    ^

Error: Cannot find module 'json-parse-better-errors'
    at Function.Module._resolveFilename (internal/modules/cjs/loader.js:582:15)
    at Function.Module._load (internal/modules/cjs/loader.js:508:25)
    at Module.require (internal/modules/cjs/loader.js:637:17)
    at require (internal/modules/cjs/helpers.js:22:18)
    at Object.<anonymous> (C:\Users\thedi.MLG\AppData\Roaming\npm\node_modules\npm\lib\utils\parse-json.js:2:27)
    at Module._compile (internal/modules/cjs/loader.js:701:30)
    at Object.Module._extensions..js (internal/modules/cjs/loader.js:712:10)
    at Module.load (internal/modules/cjs/loader.js:600:32)
    at tryModuleLoad (internal/modules/cjs/loader.js:539:12)
    at Function.Module._load (internal/modules/cjs/loader.js:531:3)
fs.js:128
  throw new ERR_INVALID_CALLBACK();
  ^

TypeError [ERR_INVALID_CALLBACK]: Callback must be a function
    at maybeCallback (fs.js:128:9)
    at Object.write (fs.js:535:14)
    at F:\H5Project\paoUH5\paou\webpack.dev.config.js:10:8
    at FSReqWrap.args [as oncomplete] (fs.js:140:20)
npm ERR! code ELIFECYCLE
npm ERR! errno 1
npm ERR! paoU@1.0.0 dev: `webpack-dev-server --content-base ./ --open --inline --hot --compress --history-api-fallback --config webpack.dev.config.js`
npm ERR! Exit status 1
npm ERR!
npm ERR! Failed at the paoU@1.0.0 dev script.
npm ERR! This is probably not a problem with npm. There is likely additional logging output above.

npm ERR! A complete log of this run can be found in:
npm ERR!     C:\Users\Administrator\AppData\Roaming\npm-cache\_logs\2019-05-08T02_50_41_575Z-debug.log
internal/modules/cjs/loader.js:583
    throw err;
    ^

Error: Cannot find module '../models/user'
    at Function.Module._resolveFilename (internal/modules/cjs/loader.js:581:15)
    at Function.Module._load (internal/modules/cjs/loader.js:507:25)
    at Module.require (internal/modules/cjs/loader.js:637:17)
    at require (internal/modules/cjs/helpers.js:22:18)
    at Object.<anonymous> (/root/Documents/log/login/routes/users.js:8:12)
    at Module._compile (internal/modules/cjs/loader.js:689:30)
    at Object.Module._extensions..js (internal/modules/cjs/loader.js:700:10)
    at Module.load (internal/modules/cjs/loader.js:599:32)
    at tryModuleLoad (internal/modules/cjs/loader.js:538:12)
    at Function.Module._load (internal/modules/cjs/loader.js:530:3)
    at Module.require (internal/modules/cjs/loader.js:637:17)
    at require (internal/modules/cjs/helpers.js:22:18)
    at Object.<anonymous> (/root/Documents/log/login/app.js:22:13)
    at Module._compile (internal/modules/cjs/loader.js:689:30)
    at Object.Module._extensions..js (internal/modules/cjs/loader.js:700:10)
    at Module.load (internal/modules/cjs/loader.js:599:32)

[root@sobdds metron-config]# npm install

> node-zopfli@2.0.2 install /root/metron/metron-interface/metron-config/node_modules/node-zopfli
> node-pre-gyp install --fallback-to-build

node-pre-gyp ERR! Tried to download(403): https://node-zopfli.s3.amazonaws.com/Release/zopfli-v2.0.2-node-v48-linux-x64.tar.gz
node-pre-gyp ERR! Pre-built binaries not found for node-zopfli@2.0.2 and node@6.16.0 (node-v48 ABI, glibc) (falling back to source compile with node-gyp)
make: Entering directory `/root/metron/metron-interface/metron-config/node_modules/node-zopfli/build'
  CXX(target) Release/obj.target/zopfli/src/zopfli-binding.o
In file included from ../src/zopfli-binding.h:5,
                 from ../src/zopfli-binding.cc:3:
../../nan/nan.h:49:3: error: #error This version of node/NAN/v8 requires a C++11 compiler
In file included from /root/.node-gyp/6.16.0/include/node/node.h:42,
                 from ../src/zopfli-binding.cc:1:

gyp ERR! build error
gyp ERR! stack Error: `make` failed with exit code: 2
gyp ERR! stack     at ChildProcess.onExit (/root/metron/metron-interface/metron-config/node_modules/node-gyp/lib/build.js:262:23)
gyp ERR! stack     at emitTwo (events.js:106:13)
gyp ERR! stack     at ChildProcess.emit (events.js:191:7)
gyp ERR! stack     at Process.ChildProcess._handle.onexit (internal/child_process.js:219:12)
gyp ERR! System Linux 2.6.32-754.11.1.el6.x86_64
gyp ERR! command "/usr/local/bin/node" "/root/metron/metron-interface/metron-config/node_modules/node-gyp/bin/node-gyp.js" "build" "--fallback-to-build" "--module=/root/metron/metron-interface/metron-config/node_modules/node-zopfli/lib/binding/node-v48-linux-x64/zopfli.node" "--module_name=zopfli" "--module_path=/root/metron/metron-interface/metron-config/node_modules/node-zopfli/lib/binding/node-v48-linux-x64"
gyp ERR! cwd /root/metron/metron-interface/metron-config/node_modules/node-zopfli
gyp ERR! node -v v6.16.0
gyp ERR! node-gyp -v v3.8.0
gyp ERR! not ok
node-pre-gyp ERR! build error
node-pre-gyp ERR! stack Error: Failed to execute '/usr/local/bin/node /root/metron/metron-interface/metron-config/node_modules/node-gyp/bin/node-gyp.js build --fallback-to-build --module=/root/metron/metron-interface/metron-config/node_modules/node-zopfli/lib/binding/node-v48-linux-x64/zopfli.node --module_name=zopfli --module_path=/root/metron/metron-interface/metron-config/node_modules/node-zopfli/lib/binding/node-v48-linux-x64' (1)
node-pre-gyp ERR! stack     at ChildProcess.<anonymous> (/root/metron/metron-interface/metron-config/node_modules/node-pre-gyp/lib/util/compile.js:83:29)
node-pre-gyp ERR! stack     at emitTwo (events.js:106:13)
node-pre-gyp ERR! stack     at ChildProcess.emit (events.js:191:7)
node-pre-gyp ERR! stack     at maybeClose (internal/child_process.js:920:16)
node-pre-gyp ERR! stack     at Process.ChildProcess._handle.onexit (internal/child_process.js:230:5)
node-pre-gyp ERR! System Linux 2.6.32-754.11.1.el6.x86_64
node-pre-gyp ERR! command "/usr/local/bin/node" "/root/metron/metron-interface/metron-config/node_modules/.bin/node-pre-gyp" "install" "--fallback-to-build"
node-pre-gyp ERR! cwd /root/metron/metron-interface/metron-config/node_modules/node-zopfli
node-pre-gyp ERR! node -v v6.16.0
node-pre-gyp ERR! node-pre-gyp -v v0.6.39
node-pre-gyp ERR! not ok
Failed to execute '/usr/local/bin/node /root/metron/metron-interface/metron-config/node_modules/node-gyp/bin/node-gyp.js build --fallback-to-build --module=/root/metron/metron-interface/metron-config/node_modules/node-zopfli/lib/binding/node-v48-linux-x64/zopfli.node --module_name=zopfli --module_path=/root/metron/metron-interface/metron-config/node_modules/node-zopfli/lib/binding/node-v48-linux-x64' (1)

any idea for fix this problem guys ? please help me. thnks

ionic cordova build android
internal/modules/cjs/loader.js:583
    throw err;
    ^

Error: Cannot find module 'C:\Users\Sidhant Gupta\AppData\Roaming\npm\node_modules\ionic\bin\ionic'
    at Function.Module._resolveFilename (internal/modules/cjs/loader.js:581:15)
    at Function.Module._load (internal/modules/cjs/loader.js:507:25)
    at Function.Module.runMain (internal/modules/cjs/loader.js:742:12)
    at startup (internal/bootstrap/node.js:283:19)
    at bootstrapNodeJSCore (internal/bootstrap/node.js:743:3)