Is anyone working on support for windows cmd? If not, I'd like to try and start working on it. Similar to #626.


The output of `thefuck --version` (something like `The Fuck 3.1 using Python
3.5.0 and Bash 4.4.12(1)-release`):

    The Fuck 3.29 using Python 3.6.9 and Bash 4.4.20(1)-release

Your system (Debian 7, ArchLinux, Windows, etc.):

    Ubuntu 18.04.3 LTS

How to reproduce the bug:

    npm i -g <some package>

The output of The Fuck with `THEFUCK_DEBUG=true` exported (typically execute `export THEFUCK_DEBUG=true` in your shell before The Fuck):

```
 DEBUG: Run with settings: {'alter_history': True,
 'debug': True,
 'env': {'GIT_TRACE': '1', 'LANG': 'C', 'LC_ALL': 'C'},
 'exclude_rules': [],
 'history_limit': None,
 'instant_mode': False,
 'no_colors': False,
 'num_close_matches': 3,
 'priority': {},
 'repeat': False,
 'require_confirmation': True,
 'rules': [<const: All rules enabled>],
 'slow_commands': ['lein', 'react-native', 'gradle', './gradlew', 'vagrant'],
 'user_dir': PosixPath('/home/hayes/.config/thefuck'),
 'wait_command': 3,
 'wait_slow_command': 15}
DEBUG: Execution timed out!
DEBUG: Call: npm install -g eslint; with env: {'THEFUCK_DEBUG': 'true', 'CLUTTER_IM_MODULE': 'xim', 'LS_COLORS': 'rs=0:di=01;34:ln=01;36:mh=00:pi=40;33:so=01;35:do=01;35:bd=40;33;01:cd=40;33;01:or=40;31;01:mi=00:su=37;41:sg=30;43:ca=30;41:tw=30;42:ow=34;42:st=37;44:ex=01;32:*.tar=01;31:*.tgz=01;31:*.arc=01;31:*.arj=01;31:*.taz=01;31:*.lha=01;31:*.lz4=01;31:*.lzh=01;31:*.lzma=01;31:*.tlz=01;31:*.txz=01;31:*.tzo=01;31:*.t7z=01;31:*.zip=01;31:*.z=01;31:*.Z=01;31:*.dz=01;31:*.gz=01;31:*.lrz=01;31:*.lz=01;31:*.lzo=01;31:*.xz=01;31:*.zst=01;31:*.tzst=01;31:*.bz2=01;31:*.bz=01;31:*.tbz=01;31:*.tbz2=01;31:*.tz=01;31:*.deb=01;31:*.rpm=01;31:*.jar=01;31:*.war=01;31:*.ear=01;31:*.sar=01;31:*.rar=01;31:*.alz=01;31:*.ace=01;31:*.zoo=01;31:*.cpio=01;31:*.7z=01;31:*.rz=01;31:*.cab=01;31:*.wim=01;31:*.swm=01;31:*.dwm=01;31:*.esd=01;31:*.jpg=01;35:*.jpeg=01;35:*.mjpg=01;35:*.mjpeg=01;35:*.gif=01;35:*.bmp=01;35:*.pbm=01;35:*.pgm=01;35:*.ppm=01;35:*.tga=01;35:*.xbm=01;35:*.xpm=01;35:*.tif=01;35:*.tiff=01;35:*.png=01;35:*.svg=01;35:*.svgz=01;35:*.mng=01;35:*.pcx=01;35:*.mov=01;35:*.mpg=01;35:*.mpeg=01;35:*.m2v=01;35:*.mkv=01;35:*.webm=01;35:*.ogm=01;35:*.mp4=01;35:*.m4v=01;35:*.mp4v=01;35:*.vob=01;35:*.qt=01;35:*.nuv=01;35:*.wmv=01;35:*.asf=01;35:*.rm=01;35:*.rmvb=01;35:*.flc=01;35:*.avi=01;35:*.fli=01;35:*.flv=01;35:*.gl=01;35:*.dl=01;35:*.xcf=01;35:*.xwd=01;35:*.yuv=01;35:*.cgm=01;35:*.emf=01;35:*.ogv=01;35:*.ogx=01;35:*.aac=00;36:*.au=00;36:*.flac=00;36:*.m4a=00;36:*.mid=00;36:*.midi=00;36:*.mka=00;36:*.mp3=00;36:*.mpc=00;36:*.ogg=00;36:*.ra=00;36:*.wav=00;36:*.oga=00;36:*.opus=00;36:*.spx=00;36:*.xspf=00;36:', 'LESSCLOSE': '/usr/bin/lesspipe %s %s', 'XDG_MENU_PREFIX': 'gnome-', 'LANG': 'C', 'DISPLAY': ':0', 'OLDPWD': '/home/hayes/rust-projects/hello', 'GNOME_SHELL_SESSION_MODE': 'ubuntu', 'COLORTERM': 'truecolor', 'TF_SHELL_ALIASES': 'alias ..=\'cd ..\'\nalias add=\'git add\'\nalias alert=\'notify-send --urgency=low -i "$([ $? = 0 ] && echo terminal || echo error)" "$(history|tail -n1|sed -e \'\\\'\'s/^\\s*[0-9]\\+\\s*//;s/[;&|]\\s*alert$//\'\\\'\')"\'\nalias axel=\'axel -a \'\nalias calc=\'python3 -ic "from math import *; import cmath"\'\nalias checkout=\'git checkout\'\nalias duf=\'du -sk * | sort -n | while read size fname; do for unit in k M G T P E Z Y; do if [ $size -lt 1024 ]; then echo -e "${size}${unit}\\t${fname}"; break; fi; size=$((size/1024)); done; done\'\nalias egrep=\'egrep --color=auto\'\nalias fa=\'findInAll\'\nalias fgrep=\'fgrep --color=auto\'\nalias gdb=\'gdb -q\'\nalias grep=\'grep --color=auto\'\nalias hist=\'history | grep -i \'\nalias ins=\'sudo apt install\'\nalias l=\'ls -CF\'\nalias la=\'ls -A\'\nalias lc=\'ls -c\'\nalias lcr=\'ls -cr\'\nalias ll=\'ls -alF\'\nalias ls=\'ls --color=auto\'\nalias passwordgen=\'pwgen --no-capitalize 20 1\'\nalias pull=\'git pull\'\nalias push=\'git push\'\nalias st=\'git status\'\nalias sudo=\'sudo \'\nalias upgrade=\'sudo apt upgrade\'\nalias watchfile=\'tail -fs 0.2 -n 24\'', 'USERNAME': 'hayes', 'JAVA_HOME': '/usr/lib/jvm/java-8-openjdk-amd64/', 'XDG_VTNR': '2', 'PYTHONIOENCODING': 'utf-8', 'SSH_AUTH_SOCK': '/run/user/1000/keyring/ssh', 'MANDATORY_PATH': '/usr/share/gconf/ubuntu.mandatory.path', 'XDG_SESSION_ID': '3', 'MALMO_XSD_PATH': '/home/hayes/lib/MalmoPlatform/Schemas', 'USER': 'hayes', 'DESKTOP_SESSION': 'ubuntu', 'QT4_IM_MODULE': 'xim', 'TEXTDOMAINDIR': '/usr/share/locale/', 'GNOME_TERMINAL_SCREEN': '/org/gnome/Terminal/screen/06437746_1637_44b4_b4da_2bca390ac66b', 'TF_SHELL': 'bash', 'DEFAULTS_PATH': '/usr/share/gconf/ubuntu.default.path', 'PWD': '/home/hayes/emscripten/wander-web', 'HOME': '/home/hayes', 'TEXTDOMAIN': 'im-config', 'SSH_AGENT_PID': '9601', 'QT_ACCESSIBILITY': '1', 'XDG_SESSION_TYPE': 'x11', 'XDG_DATA_DIRS': '/usr/share/ubuntu:/usr/local/share/:/usr/share/:/var/lib/snapd/desktop', 'XDG_SESSION_DESKTOP': 'ubuntu', 'GJS_DEBUG_OUTPUT': 'stderr', 'GTK_MODULES': 'gail:atk-bridge', 'WINDOWPATH': '2', 'TERM': 'xterm-256color', 'SHELL': '/bin/bash', 'VTE_VERSION': '5202', 'QT_IM_MODULE': 'ibus', 'XMODIFIERS': '@im=ibus', 'IM_CONFIG_PHASE': '2', 'XDG_CURRENT_DESKTOP': 'ubuntu:GNOME', 'GPG_AGENT_INFO': '/run/user/1000/gnupg/S.gpg-agent:0:1', 'TF_ALIAS': 'fuck', 'GNOME_TERMINAL_SERVICE': ':1.255', 'XDG_SEAT': 'seat0', 'SHLVL': '1', 'PROMPT_COMMAND': 'prompt_command', 'GDMSESSION': 'ubuntu', 'GNOME_DESKTOP_SESSION_ID': 'this-is-deprecated', 'LOGNAME': 'hayes', 'DBUS_SESSION_BUS_ADDRESS': 'unix:path=/run/user/1000/bus', 'XDG_RUNTIME_DIR': '/run/user/1000', 'XAUTHORITY': '/run/user/1000/gdm/Xauthority', 'TF_HISTORY': '\t thefuck --version\n\t npm i -g eslint\n\t fuck\n\t rm ~/.config/thefuck/rules/npm_global_install.py \n\t sudo npm i -g eslint\n\t npm i -g eslint\n\t fuck\n\t npm install -g eslint\n\t fuck\n\t npm install -g eslint', 'XDG_CONFIG_DIRS': '/etc/xdg/xdg-ubuntu:/etc/xdg', 'PATH': '/home/hayes/.cargo/bin:/home/hayes/.local/bin:/home/hayes/bin:/usr/local/sbin:/usr/local/bin:/usr/sbin:/usr/bin:/sbin:/bin:/usr/games:/usr/local/games:/snap/bin:/home/hayes/bin:/home/hayes/.local/bin', 'PS1': '\\[\\033[0;31m\\]$errortest\\[\\033[1;33m\\]\\! \\[\\033[1;32m\\]$\\[\\033[0m\\] ', 'GJS_DEBUG_TOPICS': 'JS ERROR;JS LOG', 'SESSION_MANAGER': 'local/hayes-laptop:@/tmp/.ICE-unix/9500,unix/hayes-laptop:/tmp/.ICE-unix/9500', 'LESSOPEN': '| /usr/bin/lesspipe %s', 'GTK_IM_MODULE': 'ibus', '_': '/home/hayes/.local/bin/thefuck', 'LC_ALL': 'C', 'GIT_TRACE': '1'}; is slow:  took: 0:00:03.041837
DEBUG: Importing rule: adb_unknown_command; took: 0:00:00.029309
DEBUG: Importing rule: ag_literal; took: 0:00:00.020991
DEBUG: Importing rule: apt_get; took: 0:00:03.365662
DEBUG: Importing rule: apt_get_search; took: 0:00:00.022418
DEBUG: Importing rule: apt_invalid_operation; took: 0:00:00.013918
DEBUG: Importing rule: apt_list_upgradable; took: 0:00:00.002073
DEBUG: Importing rule: apt_upgrade; took: 0:00:00.001851
DEBUG: Importing rule: aws_cli; took: 0:00:00.003290
DEBUG: Importing rule: az_cli; took: 0:00:00.001453
DEBUG: Importing rule: brew_cask_dependency; took: 0:00:00.006816
DEBUG: Importing rule: brew_install; took: 0:00:00.000919
DEBUG: Importing rule: brew_link; took: 0:00:00.001456
DEBUG: Importing rule: brew_reinstall; took: 0:00:00.002446
DEBUG: Importing rule: brew_uninstall; took: 0:00:00.001481
DEBUG: Importing rule: brew_unknown_command; took: 0:00:00.000788
DEBUG: Importing rule: brew_update_formula; took: 0:00:00.007443
DEBUG: Importing rule: brew_upgrade; took: 0:00:00.000856
DEBUG: Importing rule: cargo; took: 0:00:00.000702
DEBUG: Importing rule: cargo_no_command; took: 0:00:00.001456
DEBUG: Importing rule: cat_dir; took: 0:00:00.001458
DEBUG: Importing rule: cd_correction; took: 0:00:00.009756
DEBUG: Importing rule: cd_mkdir; took: 0:00:00.001262
DEBUG: Importing rule: cd_parent; took: 0:00:00.000539
DEBUG: Importing rule: chmod_x; took: 0:00:00.000503
DEBUG: Importing rule: composer_not_command; took: 0:00:00.000879
DEBUG: Importing rule: cp_omitting_directory; took: 0:00:00.000940
DEBUG: Importing rule: cpp11; took: 0:00:00.000704
DEBUG: Importing rule: dirty_untar; took: 0:00:00.047109
DEBUG: Importing rule: dirty_unzip; took: 0:00:00.002389
DEBUG: Importing rule: django_south_ghost; took: 0:00:00.000363
DEBUG: Importing rule: django_south_merge; took: 0:00:00.000280
DEBUG: Importing rule: dnf_no_such_command; took: 0:00:00.001875
DEBUG: Importing rule: docker_login; took: 0:00:00.000679
DEBUG: Importing rule: docker_not_command; took: 0:00:00.001139
DEBUG: Importing rule: dry; took: 0:00:00.000341
DEBUG: Importing rule: fab_command_not_found; took: 0:00:00.000800
DEBUG: Importing rule: fix_alt_space; took: 0:00:00.000695
DEBUG: Importing rule: fix_file; took: 0:00:00.004459
DEBUG: Importing rule: gem_unknown_command; took: 0:00:00.000702
DEBUG: Importing rule: git_add; took: 0:00:00.000779
DEBUG: Importing rule: git_add_force; took: 0:00:00.000481
DEBUG: Importing rule: git_bisect_usage; took: 0:00:00.000434
DEBUG: Importing rule: git_branch_delete; took: 0:00:00.000472
DEBUG: Importing rule: git_branch_exists; took: 0:00:00.000498
DEBUG: Importing rule: git_branch_list; took: 0:00:00.000364
DEBUG: Importing rule: git_checkout; took: 0:00:00.000363
DEBUG: Importing rule: git_commit_amend; took: 0:00:00.000334
DEBUG: Importing rule: git_commit_reset; took: 0:00:00.000364
DEBUG: Importing rule: git_diff_no_index; took: 0:00:00.000504
DEBUG: Importing rule: git_diff_staged; took: 0:00:00.000404
DEBUG: Importing rule: git_fix_stash; took: 0:00:00.000393
DEBUG: Importing rule: git_flag_after_filename; took: 0:00:00.000506
DEBUG: Importing rule: git_help_aliased; took: 0:00:00.000473
DEBUG: Importing rule: git_merge; took: 0:00:00.000372
DEBUG: Importing rule: git_merge_unrelated; took: 0:00:00.000393
DEBUG: Importing rule: git_not_command; took: 0:00:00.000428
DEBUG: Importing rule: git_pull; took: 0:00:00.000437
DEBUG: Importing rule: git_pull_clone; took: 0:00:00.000379
DEBUG: Importing rule: git_pull_uncommitted_changes; took: 0:00:00.001049
DEBUG: Importing rule: git_push; took: 0:00:00.000370
DEBUG: Importing rule: git_push_different_branch_names; took: 0:00:00.000360
DEBUG: Importing rule: git_push_force; took: 0:00:00.000397
DEBUG: Importing rule: git_push_pull; took: 0:00:00.000391
DEBUG: Importing rule: git_push_without_commits; took: 0:00:00.000785
DEBUG: Importing rule: git_rebase_merge_dir; took: 0:00:00.001378
DEBUG: Importing rule: git_rebase_no_changes; took: 0:00:00.000358
DEBUG: Importing rule: git_remote_delete; took: 0:00:00.000408
DEBUG: Importing rule: git_remote_seturl_add; took: 0:00:00.000293
DEBUG: Importing rule: git_rm_local_modifications; took: 0:00:00.000448
DEBUG: Importing rule: git_rm_recursive; took: 0:00:00.000588
DEBUG: Importing rule: git_rm_staged; took: 0:00:00.000638
DEBUG: Importing rule: git_stash; took: 0:00:00.000643
DEBUG: Importing rule: git_stash_pop; took: 0:00:00.000784
DEBUG: Importing rule: git_tag_force; took: 0:00:00.000671
DEBUG: Importing rule: git_two_dashes; took: 0:00:00.000736
DEBUG: Importing rule: go_run; took: 0:00:00.000634
DEBUG: Importing rule: gradle_no_task; took: 0:00:00.001055
DEBUG: Importing rule: gradle_wrapper; took: 0:00:00.000672
DEBUG: Importing rule: grep_arguments_order; took: 0:00:00.000536
DEBUG: Importing rule: grep_recursive; took: 0:00:00.000494
DEBUG: Importing rule: grunt_task_not_found; took: 0:00:00.004296
DEBUG: Importing rule: gulp_not_task; took: 0:00:00.013532
DEBUG: Importing rule: has_exists_script; took: 0:00:00.025666
DEBUG: Importing rule: heroku_multiple_apps; took: 0:00:00.001411
DEBUG: Importing rule: heroku_not_command; took: 0:00:00.022840
DEBUG: Importing rule: history; took: 0:00:00.000295
DEBUG: Importing rule: hostscli; took: 0:00:00.000652
DEBUG: Importing rule: ifconfig_device_not_found; took: 0:00:00.000659
DEBUG: Importing rule: java; took: 0:00:00.000575
DEBUG: Importing rule: javac; took: 0:00:00.000813
DEBUG: Importing rule: lein_not_task; took: 0:00:00.000932
DEBUG: Importing rule: ln_no_hard_link; took: 0:00:00.000607
DEBUG: Importing rule: ln_s_order; took: 0:00:00.000909
DEBUG: Importing rule: long_form_help; took: 0:00:00.000312
DEBUG: Importing rule: ls_all; took: 0:00:00.000556
DEBUG: Importing rule: ls_lah; took: 0:00:00.000511
DEBUG: Importing rule: man; took: 0:00:00.000697
DEBUG: Importing rule: man_no_space; took: 0:00:00.000683
DEBUG: Importing rule: mercurial; took: 0:00:00.000978
DEBUG: Importing rule: missing_space_before_subcommand; took: 0:00:00.052535
DEBUG: Importing rule: mkdir_p; took: 0:00:00.020617
DEBUG: Importing rule: mvn_no_command; took: 0:00:00.003093
DEBUG: Importing rule: mvn_unknown_lifecycle_phase; took: 0:00:00.020287
DEBUG: Importing rule: no_command; took: 0:00:00.001685
DEBUG: Importing rule: no_such_file; took: 0:00:00.000874
DEBUG: Importing rule: npm_missing_script; took: 0:00:00.003337
DEBUG: Importing rule: npm_run_script; took: 0:00:00.002299
DEBUG: Importing rule: npm_wrong_command; took: 0:00:00.003669
DEBUG: Importing rule: open; took: 0:00:00.023581
DEBUG: Importing rule: pacman; took: 0:00:00.074440
DEBUG: Importing rule: pacman_not_found; took: 0:00:00.020730
DEBUG: Importing rule: path_from_history; took: 0:00:00.027260
DEBUG: Importing rule: php_s; took: 0:00:00.023180
DEBUG: Importing rule: pip_install; took: 0:00:00.035668
DEBUG: Importing rule: pip_unknown_command; took: 0:00:00.014281
DEBUG: Importing rule: port_already_in_use; took: 0:00:00.025293
DEBUG: Importing rule: prove_recursively; took: 0:00:00.039640
DEBUG: Importing rule: pyenv_no_such_command; took: 0:00:00.015673
DEBUG: Importing rule: python_command; took: 0:00:00.034374
DEBUG: Importing rule: python_execute; took: 0:00:00.000864
DEBUG: Importing rule: quotation_marks; took: 0:00:00.000373
DEBUG: Importing rule: react_native_command_unrecognized; took: 0:00:00.000810
DEBUG: Importing rule: remove_trailing_cedilla; took: 0:00:00.000370
DEBUG: Importing rule: rm_dir; took: 0:00:00.000711
DEBUG: Importing rule: rm_root; took: 0:00:00.000680
DEBUG: Importing rule: scm_correction; took: 0:00:00.000701
DEBUG: Importing rule: sed_unterminated_s; took: 0:00:00.001781
DEBUG: Importing rule: sl_ls; took: 0:00:00.005851
DEBUG: Importing rule: ssh_known_hosts; took: 0:00:00.000756
DEBUG: Importing rule: sudo; took: 0:00:00.000361
DEBUG: Importing rule: sudo_command_from_user_path; took: 0:00:00.000719
DEBUG: Importing rule: switch_lang; took: 0:00:00.000491
DEBUG: Importing rule: systemctl; took: 0:00:00.001527
DEBUG: Importing rule: test.py; took: 0:00:00.000373
DEBUG: Importing rule: tmux; took: 0:00:00.000626
DEBUG: Importing rule: touch; took: 0:00:00.000622
DEBUG: Importing rule: tsuru_login; took: 0:00:00.009934
DEBUG: Importing rule: tsuru_not_command; took: 0:00:00.000784
DEBUG: Importing rule: unknown_command; took: 0:00:00.001442
DEBUG: Importing rule: unsudo; took: 0:00:00.001021
DEBUG: Importing rule: vagrant_up; took: 0:00:00.000713
DEBUG: Importing rule: whois; took: 0:00:00.001063
DEBUG: Importing rule: workon_doesnt_exists; took: 0:00:00.000827
DEBUG: Importing rule: yarn_alias; took: 0:00:00.000704
DEBUG: Importing rule: yarn_command_not_found; took: 0:00:00.001234
DEBUG: Importing rule: yarn_command_replaced; took: 0:00:00.000771
DEBUG: Importing rule: yarn_help; took: 0:00:00.000533
DEBUG: Trying rule: dirty_unzip; took: 0:00:00.000162
No fucks given
DEBUG: Total took: 0:00:09.126269
```
Add support for correcting commands like `git lfs checkuot` to `git lfs checkout`.

From their man pages, it has these commands:

- env
- checkout
- clone
- fetch
- fsck
- install
- lock
- locks
- logs
- ls-files
- migrate
- prune
- pull
- push
- status
- track
- uninstall
- unlock
- untrack
- update
- version
- clean
- pointer
- pre-push
- filter-process
- smudge

Link: https://github.com/git-lfs/git-lfs/blob/master/docs/man/git-lfs.1.ronn
(Note: git lfs clone was recently removed.)
This should fix #1027 
Fish shell successfully corrects the previous command, but the history is not re-written to include the correction.

I have a solution which I will post a PR for, so it can be discussed.
The output of `thefuck --version` (something like `The Fuck 3.1 using Python
3.5.0 and Bash 4.4.12(1)-release`):

    The Fuck 3.29 using Python 3.6.9 and Bash 4.4.20(1)-release

Your system (Debian 7, ArchLinux, Windows, etc.):

    Ubuntu 18.04

How to reproduce the bug:

    I used "sudo su" in the last command, then "Ctrl + D" and then "fuck"

The output of The Fuck with `THEFUCK_DEBUG=true` exported (typically execute `export THEFUCK_DEBUG=true` in your shell before The Fuck):

```
DEBUG: Run with settings: {'alter_history': True,
 'debug': True,
 'env': {'GIT_TRACE': '1', 'LANG': 'C', 'LC_ALL': 'C'},
 'exclude_rules': [],
 'history_limit': None,
 'instant_mode': False,
 'no_colors': False,
 'num_close_matches': 3,
 'priority': {},
 'repeat': False,
 'require_confirmation': True,
 'rules': [<const: All rules enabled>],
 'slow_commands': ['lein', 'react-native', 'gradle', './gradlew', 'vagrant'],
 'user_dir': PosixPath('/home/vbacoup/.config/thefuck'),
 'wait_command': 3,
 'wait_slow_command': 15}
DEBUG: Call: sudo su; with env: {'CLUTTER_IM_MODULE': 'xim', 'LS_COLORS': 'rs=0:di=01;34:ln=01;36:mh=00:pi=40;33:so=01;35:do=01;35:bd=40;33;01:cd=40;33;01:or=40;31;01:mi=00:su=37;41:sg=30;43:ca=30;41:tw=30;42:ow=34;42:st=37;44:ex=01;32:*.tar=01;31:*.tgz=01;31:*.arc=01;31:*.arj=01;31:*.taz=01;31:*.lha=01;31:*.lz4=01;31:*.lzh=01;31:*.lzma=01;31:*.tlz=01;31:*.txz=01;31:*.tzo=01;31:*.t7z=01;31:*.zip=01;31:*.z=01;31:*.Z=01;31:*.dz=01;31:*.gz=01;31:*.lrz=01;31:*.lz=01;31:*.lzo=01;31:*.xz=01;31:*.zst=01;31:*.tzst=01;31:*.bz2=01;31:*.bz=01;31:*.tbz=01;31:*.tbz2=01;31:*.tz=01;31:*.deb=01;31:*.rpm=01;31:*.jar=01;31:*.war=01;31:*.ear=01;31:*.sar=01;31:*.rar=01;31:*.alz=01;31:*.ace=01;31:*.zoo=01;31:*.cpio=01;31:*.7z=01;31:*.rz=01;31:*.cab=01;31:*.wim=01;31:*.swm=01;31:*.dwm=01;31:*.esd=01;31:*.jpg=01;35:*.jpeg=01;35:*.mjpg=01;35:*.mjpeg=01;35:*.gif=01;35:*.bmp=01;35:*.pbm=01;35:*.pgm=01;35:*.ppm=01;35:*.tga=01;35:*.xbm=01;35:*.xpm=01;35:*.tif=01;35:*.tiff=01;35:*.png=01;35:*.svg=01;35:*.svgz=01;35:*.mng=01;35:*.pcx=01;35:*.mov=01;35:*.mpg=01;35:*.mpeg=01;35:*.m2v=01;35:*.mkv=01;35:*.webm=01;35:*.ogm=01;35:*.mp4=01;35:*.m4v=01;35:*.mp4v=01;35:*.vob=01;35:*.qt=01;35:*.nuv=01;35:*.wmv=01;35:*.asf=01;35:*.rm=01;35:*.rmvb=01;35:*.flc=01;35:*.avi=01;35:*.fli=01;35:*.flv=01;35:*.gl=01;35:*.dl=01;35:*.xcf=01;35:*.xwd=01;35:*.yuv=01;35:*.cgm=01;35:*.emf=01;35:*.ogv=01;35:*.ogx=01;35:*.aac=00;36:*.au=00;36:*.flac=00;36:*.m4a=00;36:*.mid=00;36:*.midi=00;36:*.mka=00;36:*.mp3=00;36:*.mpc=00;36:*.ogg=00;36:*.ra=00;36:*.wav=00;36:*.oga=00;36:*.opus=00;36:*.spx=00;36:*.xspf=00;36:', 'LC_MEASUREMENT': 'fr_FR.UTF-8', 'GIT_PS1_SHOWUNTRACKEDFILES': '1', 'LESSCLOSE': '/usr/bin/lesspipe %s %s', 'LC_PAPER': 'fr_FR.UTF-8', 'LC_MONETARY': 'fr_FR.UTF-8', 'TERMINATOR_UUID': 'urn:uuid:a2cfca28-9fae-4be5-bdc1-b04e55b674ea', 'XDG_MENU_PREFIX': 'gnome-', 'LANG': 'C', 'DISPLAY': ':0', 'GNOME_SHELL_SESSION_MODE': 'ubuntu', 'COLORTERM': 'truecolor', 'TF_SHELL_ALIASES': 'alias addDesktop=\'gnome-desktop-item-edit ~/.local/share/applications/ --create-new\'\nalias alert=\'notify-send --urgency=low -i "$([ $? = 0 ] && echo terminal || echo error)" "$(history|tail -n1|sed -e \'\\\'\'s/^\\s*[0-9]\\+\\s*//;s/[;&|]\\s*alert$//\'\\\'\')"\'\nalias aptin=\'apt install\'\nalias cdFC60X0=\'cd /home/vbacoup/work/FC60X0 && ls\'\nalias cdSHR=\'cd /home/vbacoup/work/SHR\'\nalias cdbug=\'cd /home/vbacoup/work/bug\'\nalias cdfsAnalyser=\'cd /home/vbacoup/work/FsAnalyser/out/final_gcc_x64_release\'\nalias cdperso=\'cd /home/vbacoup/Perso\'\nalias cdunit_tests=\'cd /home/vbacoup/work/unit_tests\'\nalias cdwork=\'cd /home/vbacoup/work\'\nalias devTTY=\'ll /dev/ttyUSB* && ll /dev/ttyCKCM && ll /dev/ttyHIPHOP\'\nalias egrep=\'egrep --color=auto\'\nalias fgrep=\'fgrep --color=auto\'\nalias grep=\'grep --color=auto\'\nalias l=\'ls -CF\'\nalias la=\'ls -A\'\nalias libpath=\'echo -e ${LD_LIBRARY_PATH//:/\\\\n}\'\nalias ll=\'ls -lv --group-directories-first\'\nalias ls=\'ls -h --color\'\nalias mvecosconfig=\'mv Libraries/SoftParrot5/ecos/ecos-current/tools/bin-linux/ecosconfig-new Libraries/SoftParrot5/ecos/ecos-current/tools/bin-linux/ecosconfig && echo "done"\'\nalias path=\'echo -e ${PATH//:/\\\\n}\'', 'USERNAME': 'vbacoup', 'XDG_VTNR': '2', 'GIO_LAUNCHED_DESKTOP_FILE_PID': '3348', 'PYTHONIOENCODING': 'utf-8', 'SSH_AUTH_SOCK': '/run/user/1000/keyring/ssh', 'MANDATORY_PATH': '/usr/share/gconf/ubuntu.mandatory.path', 'S_COLORS': 'auto', 'LC_NAME': 'fr_FR.UTF-8', 'XDG_SESSION_ID': '2', 'USER': 'vbacoup', 'DESKTOP_SESSION': 'ubuntu', 'QT4_IM_MODULE': 'xim', 'TEXTDOMAINDIR': '/usr/share/locale/', 'TF_SHELL': 'bash', 'DEFAULTS_PATH': '/usr/share/gconf/ubuntu.default.path', 'PWD': '/home/vbacoup/hdd', 'HOME': '/home/vbacoup', 'TEXTDOMAIN': 'im-config', 'GIT_PS1_SHOWDIRTYSTATE': '1', 'SSH_AGENT_PID': '2852', 'QT_ACCESSIBILITY': '1', 'XDG_SESSION_TYPE': 'x11', 'XDG_DATA_DIRS': '/usr/share/ubuntu:/home/vbacoup/.local/share/flatpak/exports/share/:/var/lib/flatpak/exports/share/:/usr/local/share/:/usr/share/:/var/lib/snapd/desktop', 'TERMINATOR_DBUS_NAME': 'net.tenshu.Terminator20x1a6021154d881c', 'XDG_SESSION_DESKTOP': 'ubuntu', 'LC_ADDRESS': 'fr_FR.UTF-8', 'GJS_DEBUG_OUTPUT': 'stderr', 'LC_NUMERIC': 'fr_FR.UTF-8', 'GTK_MODULES': 'gail:atk-bridge', 'TERMINATOR_DBUS_PATH': '/net/tenshu/Terminator2', 'WINDOWPATH': '2', 'TERM': 'xterm-256color', 'VTE_VERSION': '5202', 'SHELL': '/bin/bash', 'QT_IM_MODULE': 'ibus', 'XMODIFIERS': '@im=ibus', 'IM_CONFIG_PHASE': '2', 'GIT_PS1_SHOWSTASHSTATE': '1', 'XDG_CURRENT_DESKTOP': 'ubuntu:GNOME', 'GPG_AGENT_INFO': '/run/user/1000/gnupg/S.gpg-agent:0:1', 'TF_ALIAS': 'fuck', 'GIO_LAUNCHED_DESKTOP_FILE': '/usr/share/applications/terminator.desktop', 'SHLVL': '1', 'XDG_SEAT': 'seat0', 'LC_TELEPHONE': 'fr_FR.UTF-8', 'GDMSESSION': 'ubuntu', 'GNOME_DESKTOP_SESSION_ID': 'this-is-deprecated', 'LOGNAME': 'vbacoup', 'DBUS_SESSION_BUS_ADDRESS': 'unix:path=/run/user/1000/bus', 'XDG_RUNTIME_DIR': '/run/user/1000', 'XAUTHORITY': '/run/user/1000/gdm/Xauthority', 'TF_HISTORY': '\t fuck\n\t ecoh test\n\t echo test\n\t thefuck --version\n\t ssh fc60x0@10.52.152.216\n\t fuck\n\t export THEFUCK_DEBUG=true\n\t sudo su\n\t fuck\n\t sudo su', 'XDG_CONFIG_DIRS': '/etc/xdg/xdg-ubuntu:/etc/xdg', 'PATH': '/usr/local/gnutools-20080328/bin:/home/vbacoup/bin:/usr/local/sbin:/usr/local/bin:/usr/sbin:/usr/bin:/sbin:/bin:/usr/games:/usr/local/games:/snap/bin', 'LC_IDENTIFICATION': 'fr_FR.UTF-8', 'THEFUCK_DEBUG': 'true', 'GJS_DEBUG_TOPICS': 'JS ERROR;JS LOG', 'SESSION_MANAGER': 'local/vbacoup-HP:@/tmp/.ICE-unix/2755,unix/vbacoup-HP:/tmp/.ICE-unix/2755', 'LESSOPEN': '| /usr/bin/lesspipe %s', 'GTK_IM_MODULE': 'ibus', 'LC_TIME': 'fr_FR.UTF-8', '_': '/usr/local/bin/thefuck', 'LC_ALL': 'C', 'GIT_TRACE': '1'}; is slow:  took: 0:00:03.044327
DEBUG: Total took: 0:00:03.079379
Traceback (most recent call last):
  File "/usr/local/lib/python3.6/dist-packages/thefuck/output_readers/rerun.py", line 36, in _wait_output
    else settings.wait_command)
  File "/usr/local/lib/python3.6/dist-packages/psutil/__init__.py", line 1383, in wait
    return self._proc.wait(timeout)
  File "/usr/local/lib/python3.6/dist-packages/psutil/_pslinux.py", line 1517, in wrapper
    return fun(self, *args, **kwargs)
  File "/usr/local/lib/python3.6/dist-packages/psutil/_pslinux.py", line 1725, in wait
    return _psposix.wait_pid(self.pid, timeout, self._name)
  File "/usr/local/lib/python3.6/dist-packages/psutil/_psposix.py", line 102, in wait_pid
    delay = check_timeout(delay)
  File "/usr/local/lib/python3.6/dist-packages/psutil/_psposix.py", line 68, in check_timeout
    raise TimeoutExpired(timeout, pid=pid, name=proc_name)
psutil.TimeoutExpired: psutil.TimeoutExpired timeout after 3 seconds (pid=1892)

During handling of the above exception, another exception occurred:

Traceback (most recent call last):
  File "/usr/local/lib/python3.6/dist-packages/psutil/__init__.py", line 1293, in _send_signal
    os.kill(self.pid, sig)
PermissionError: [Errno 1] Operation not permitted

During handling of the above exception, another exception occurred:

Traceback (most recent call last):
  File "/usr/local/lib/python3.6/dist-packages/thefuck/output_readers/rerun.py", line 17, in _kill_process
    proc.kill()
  File "/usr/local/lib/python3.6/dist-packages/psutil/__init__.py", line 393, in wrapper
    return fun(self, *args, **kwargs)
  File "/usr/local/lib/python3.6/dist-packages/psutil/__init__.py", line 1365, in kill
    self._send_signal(signal.SIGKILL)
  File "/usr/local/lib/python3.6/dist-packages/psutil/__init__.py", line 1303, in _send_signal
    raise AccessDenied(self.pid, self._name)
psutil.AccessDenied: psutil.AccessDenied (pid=1893)

During handling of the above exception, another exception occurred:

Traceback (most recent call last):
  File "/usr/local/lib/python3.6/dist-packages/psutil/_pslinux.py", line 1620, in exe
    return readlink("%s/%s/exe" % (self._procfs_path, self.pid))
  File "/usr/local/lib/python3.6/dist-packages/psutil/_pslinux.py", line 221, in readlink
    path = os.readlink(path)
PermissionError: [Errno 13] Permission denied: '/proc/1893/exe'

During handling of the above exception, another exception occurred:

Traceback (most recent call last):
  File "/usr/local/bin/thefuck", line 11, in <module>
    sys.exit(main())
  File "/usr/local/lib/python3.6/dist-packages/thefuck/entrypoints/main.py", line 26, in main
    fix_command(known_args)
  File "/usr/local/lib/python3.6/dist-packages/thefuck/entrypoints/fix_command.py", line 36, in fix_command
    command = types.Command.from_raw_script(raw_command)
  File "/usr/local/lib/python3.6/dist-packages/thefuck/types.py", line 82, in from_raw_script
    output = get_output(script, expanded)
  File "/usr/local/lib/python3.6/dist-packages/thefuck/output_readers/__init__.py", line 20, in get_output
    return rerun.get_output(script, expanded)
  File "/usr/local/lib/python3.6/dist-packages/thefuck/output_readers/rerun.py", line 61, in get_output
    if _wait_output(result, is_slow):
  File "/usr/local/lib/python3.6/dist-packages/thefuck/output_readers/rerun.py", line 40, in _wait_output
    _kill_process(child)
  File "/usr/local/lib/python3.6/dist-packages/thefuck/output_readers/rerun.py", line 20, in _kill_process
    proc.pid, proc.exe()))
  File "/usr/local/lib/python3.6/dist-packages/psutil/__init__.py", line 776, in exe
    return guess_it(fallback=err)
  File "/usr/local/lib/python3.6/dist-packages/psutil/__init__.py", line 769, in guess_it
    raise fallback
  File "/usr/local/lib/python3.6/dist-packages/psutil/__init__.py", line 774, in exe
    exe = self._proc.exe()
  File "/usr/local/lib/python3.6/dist-packages/psutil/_pslinux.py", line 1633, in exe
    raise AccessDenied(self.pid, self._name)
psutil.AccessDenied: psutil.AccessDenied (pid=1893)
```
This is a new rule that will confirm if a user wants to uninstall thefuck if they misspelled the package installer. For example, if someone entered "breww uninstall thefuck," the message of "What thefuck are you doing? Are you sure you want to uninstall? [Arrow down to uninstall]" will output. The user can press the down arrow key to see the corrected command line and uninstall. Screenshots are proved below.

<img width="832" alt="Screen Shot 2019-12-09 at 1 53 27 AM" src="https://user-images.githubusercontent.com/31658599/70414013-d9993f80-1a26-11ea-8dd0-7360db952992.png">

After pressing down arrow:
<img width="830" alt="Screen Shot 2019-12-09 at 1 53 40 AM" src="https://user-images.githubusercontent.com/31658599/70414026-e28a1100-1a26-11ea-9cc3-653546d9915a.png">


Hello,

I'm cleaning up my zshrc/aliasrc & with the help of https://github.com/ohmyzsh/ohmyzsh/issues/5327#issuecomment-455763912 I've noticed that `eval $(thefuck --alias)` slows down my shell by a lot!

The startup time changed from ~140ms to ~50ms once I disabled the evaluation of the alias.

Wouldn't it be faster to just paste the output of `thefuck --alias` into my `aliasrc` to avoid the slowdown?
Or wouldn't it later be compatible etc?

Thanks!

```sh
$ thefuck --version
The Fuck 3.29 using Python 3.8.0 and ZSH 5.7.1
```

```sh
$ uname -a
Linux arch-usb 5.4.1-arch1-1 #1 SMP PREEMPT Fri, 29 Nov 2019 13:37:24 +0000 x86_64 GNU/Linux
```

Reproducing:

Enable / disable the alias evaluation & measure startup times.

```sh
echo "eval $(thefuck --alias)" >> ~/.zshrc
```

I measure my startup time with this:

```sh
# start of ~/.zshrc

# measure boot time (see also the last line)
bootTimeStart=$(date +%s%N)

# end of ~/.zshrc
bootTimeDuration=$((($(date +%s%N) - $bootTimeStart)/1000000))
printf "$bootTimeDuration ms\n"
```

I have done some of the work, but I have no idea how to actually run thefuck from the cloned repo. I tried `python thefuck/entrypoints/__init__.py` but that didn't work. I would like to run it so I can test it locally, besides having the tests.
Prior to my changes, the missing_space_before_subcommands rule looped through the available commands, checked to see if the first portion of the command started with a valid executable, and then returned that executable immediately if it did. Because of this, it always converted **apt-get** commands into **apt     -get** commands, and other rules of the like. I changed it under recommendation of @scorphus that it return all possible matching missing space commands, not just the first one.

Here is a screen shot of this **buggy behavior prior to my changes:**

command: execsnoopcats [incorrect behavior- only returns the first instance: ex ecsnoopcats]
<img width="450" alt="Screen Shot 2019-12-02 at 10 09 19 AM" src="https://user-images.githubusercontent.com/31658599/69970745-c5b48180-14ec-11ea-8b3b-924192cf167b.png">

Here is a screenshot of the **correct behavior after my changes:**

command: execsnoopcats [correct behavior - returning both ex ecsnoopcats and execsnoop cats]
<img width="381" alt="Screen Shot 2019-12-02 at 10 08 04 AM" src="https://user-images.githubusercontent.com/31658599/69970802-debd3280-14ec-11ea-94a4-4434624ae8ff.png">
<img width="466" alt="Screen Shot 2019-12-02 at 10 07 56 AM" src="https://user-images.githubusercontent.com/31658599/69970815-e250b980-14ec-11ea-814d-55df7b1221e7.png">







