Ruby objects are supposed to implement [`object_id`](https://ruby-doc.org/core-2.7.0/Object.html#method-i-object_id) (as well as `__id__`), but this does not seem to be the case with foreign objects. Consequently, a `NoMethodError` is thrown when the user tries to print a foreign object. I suggest to implement both using `Object#hashCode` for now.

#### Repro session
```
$ polyglot --jvm --shell
GraalVM MultiLanguage Shell 19.3.0
Copyright (c) 2013-2019, Oracle and/or its affiliates
  JavaScript version 19.3.0
  Ruby version 2.6.2
ruby> Polyglot.eval('js', '[]').object_id
Unknown identifier: object_id (NoMethodError)
        at <ruby> <top (required)>(resource:/truffleruby/core/truffle/boot.rb:16:15-49)
        at <ruby> parsing-request(Unknown)
ruby> Polyglot.eval('js', '[]').__id__
Unknown identifier: __id__ (NoMethodError)
        at <ruby> <top (required)>(resource:/truffleruby/core/truffle/boot.rb:16:15-46)
        at <ruby> parsing-request(Unknown)
ruby> puts Polyglot.eval('js', '[]')
Unknown identifier: object_id (NoMethodError)
        at <ruby> <top (required)>(resource:/truffleruby/core/truffle/boot.rb:16:15-44)
        at <ruby> parsing-request(Unknown)
```

/cc @chumer, @janehmueller, and @querenker.
This is another change that I'm not totally sure about yet. It enables compilation of the `protobuf` gem, which otherwise fails in linking because somehow there are multiple copies of these inlined methods not inlined?

I think we probably shouldn't have `inline` without `static`. Does that make sense to other people? Can you try it in your CI as well?

(Formatting slightly unusual due to our build system.)

```
linking shared-object google/protobuf_c.so
--
  | ld.lld: error: duplicate symbol: rb_tr_gc_guard
  | >>> defined in protobuf.o
  | >>> defined in defs.o
  |  
  | ld.lld: error: duplicate symbol: rb_nativethread_lock_initialize
  | >>> defined in protobuf.o
  | >>> defined in defs.o
  |  
  | ld.lld: error: duplicate symbol: rb_nativethread_lock_destroy
  | >>> defined in protobuf.o
  | >>> defined in defs.o
````

https://github.com/Shopify/truffleruby/issues/1
In `RubyContext#patch` and then in `RubyContext#<init>`.

The reason this is an issue is that warnings about the home get printed twice.

```
[ruby] WARNING: Truffle-reported home foo does not look like TruffleRuby's home
[ruby] WARNING: home foo guessed from executable foo/bin/ruby does not look like TruffleRuby's home
[ruby] WARNING: could not determine TruffleRuby's home - the standard library will not be available - set --home= or use --log.level=CONFIG to see details
[ruby] WARNING: Truffle-reported home foo does not look like TruffleRuby's home
[ruby] WARNING: home foo guessed from executable foo/bin/ruby does not look like TruffleRuby's home
[ruby] WARNING: could not determine TruffleRuby's home - the standard library will not be available - set --home= or use --log.level=CONFIG to see details
```
This is a rough PR.

https://github.com/Shopify/truffleruby/issues/1
https://github.com/Shopify/truffleruby/issues/1
https://github.com/Shopify/truffleruby/issues/1
@aardvark179 

https://github.com/Shopify/truffleruby/issues/1
`invokeMember` should throw an [`ArityException`](https://github.com/oracle/graal/blob/da471b0bb5616db29a99d64c94731d768bae14f3/truffle/src/com.oracle.truffle.api.interop/src/com/oracle/truffle/api/interop/ArityException.java#L51) in case the number of arguments is incorrect. At the moment, it throws a TruffleRuby-internal `ArgumentError` instead.

```ruby
$ polyglot --jvm --shell
rGraalVM MultiLanguage Shell 19.3.0
Copyright (c) 2013-2019, Oracle and/or its affiliates
  Ruby version 2.6.2
ruby> Truffle::Interop.invoke([], :+)
wrong number of arguments (given 0, expected 1) (ArgumentError)
        at <ruby> <top (required)>(resource:/truffleruby/core/truffle/boot.rb:16:15-45)
        at <ruby> parsing-request(Unknown)

js> Polyglot.eval('python', '[]').append()
TypeError: append() missing 1 required positional argument: a
js> Polyglot.eval('ruby', '[]').delete()
wrong number of arguments (given 0, expected 1) (ArgumentError)
```
Gem '[debase](https://github.com/denofevil/debase)'  fails to compile with:

```
have_header: checking for vm_core.h... -------------------- no

"/Users/simonmd/.rbenv/versions/truffleruby-19.3.0/lib/sulong/native/bin/graalvm-native-clang -o conftest -I/Users/simonmd/.rbenv/versions/truffleruby-19.3.0/lib/cext/include -I/Users/simonmd/.rbenv/versions/truffleruby-19.3.0/lib/cext/include/ruby/backward -I/Users/simonmd/.rbenv/versions/truffleruby-19.3.0/lib/cext/include -I. -I/Users/simonmd/.rbenv/sources/truffleruby-19.3.0/ruby-truffleruby-19.3.0    -I/usr/local/opt/openssl@1.1/include   -Wimplicit-function-declaration -Wno-int-conversion -Wno-int-to-pointer-cast -Wno-incompatible-pointer-types -Wno-format-invalid-specifier -Wno-format-extra-args -ferror-limit=500 conftest.c  -L. -L/Users/simonmd/.rbenv/versions/truffleruby-19.3.0/lib  -L/usr/local/opt/openssl@1.1/lib -rpath /Users/simonmd/.rbenv/versions/truffleruby-19.3.0/lib/sulong/native/lib     -L/Users/simonmd/.rbenv/versions/truffleruby-19.3.0/lib/cext -rpath /Users/simonmd/.rbenv/versions/truffleruby-19.3.0/lib/cext -ltruffleruby -lpolyglot-mock   "
checked program was:
/* begin */
1: #include "ruby.h"
2: 
3: int main(int argc, char **argv)
4: {
5:   return 0;
6: }
/* end */

conftest.c:3:10: fatal error: 'vm_core.h' file not found
#include <vm_core.h>
         ^~~~~~~~~~~
1 error generated.
"/Users/simonmd/.rbenv/versions/truffleruby-19.3.0/lib/sulong/native/bin/graalvm-native-clang -E -I/Users/simonmd/.rbenv/versions/truffleruby-19.3.0/lib/cext/include -I/Users/simonmd/.rbenv/versions/truffleruby-19.3.0/lib/cext/include/ruby/backward -I/Users/simonmd/.rbenv/versions/truffleruby-19.3.0/lib/cext/include -I. -I/Users/simonmd/.rbenv/sources/truffleruby-19.3.0/ruby-truffleruby-19.3.0    -I/usr/local/opt/openssl@1.1/include   -Wimplicit-function-declaration -Wno-int-conversion -Wno-int-to-pointer-cast -Wno-incompatible-pointer-types -Wno-format-invalid-specifier -Wno-format-extra-args -ferror-limit=500  conftest.c -o conftest.i"
checked program was:
/* begin */
1: #include "ruby.h"
2: 
3: #include <vm_core.h>
/* end */

--------------------

have_header: checking for vm_core.h... -------------------- no

conftest.c:3:10: fatal error: 'vm_core.h' file not found
#include <vm_core.h>
         ^~~~~~~~~~~
1 error generated.
"/Users/simonmd/.rbenv/versions/truffleruby-19.3.0/lib/sulong/native/bin/graalvm-native-clang -E -I/Users/simonmd/.rbenv/versions/truffleruby-19.3.0/lib/cext/include -I/Users/simonmd/.rbenv/versions/truffleruby-19.3.0/lib/cext/include/ruby/backward -I/Users/simonmd/.rbenv/versions/truffleruby-19.3.0/lib/cext/include -I. -I/Users/simonmd/.rbenv/versions/truffleruby-19.3.0/lib/cext/include/ruby-2.6.2-p0   -Wimplicit-function-declaration -Wno-int-conversion -Wno-int-to-pointer-cast -Wno-incompatible-pointer-types -Wno-format-invalid-specifier -Wno-format-extra-args -ferror-limit=500  conftest.c -o conftest.i"
checked program was:
/* begin */
1: #include "ruby.h"
2: 
3: #include <vm_core.h>
/* end */

--------------------

have_header: checking for vm_core.h... -------------------- no

In file included from conftest.c:3:
In file included from /Users/simonmd/.rbenv/versions/truffleruby-19.3.0/lib/gems/gems/debase-ruby_core_source-0.10.8/lib/debase/ruby_core_source/ruby-2.6.0-p0/vm_core.h:75:
In file included from /Users/simonmd/.rbenv/versions/truffleruby-19.3.0/lib/gems/gems/debase-ruby_core_source-0.10.8/lib/debase/ruby_core_source/ruby-2.6.0-p0/method.h:14:
/Users/simonmd/.rbenv/versions/truffleruby-19.3.0/lib/gems/gems/debase-ruby_core_source-0.10.8/lib/debase/ruby_core_source/ruby-2.6.0-p0/internal.h:111:11: fatal error: 'sanitizer/asan_interface.h' file not found
# include <sanitizer/asan_interface.h>
          ^~~~~~~~~~~~~~~~~~~~~~~~~~~~
1 error generated.
"/Users/simonmd/.rbenv/versions/truffleruby-19.3.0/lib/sulong/native/bin/graalvm-native-clang -E -I/Users/simonmd/.rbenv/versions/truffleruby-19.3.0/lib/cext/include -I/Users/simonmd/.rbenv/versions/truffleruby-19.3.0/lib/cext/include/ruby/backward -I/Users/simonmd/.rbenv/versions/truffleruby-19.3.0/lib/cext/include -I. -I/Users/simonmd/.rbenv/versions/truffleruby-19.3.0/lib/gems/gems/debase-ruby_core_source-0.10.8/lib/debase/ruby_core_source/ruby-2.6.0-p0   -Wimplicit-function-declaration -Wno-int-conversion -Wno-int-to-pointer-cast -Wno-incompatible-pointer-types -Wno-format-invalid-specifier -Wno-format-extra-args -ferror-limit=500  conftest.c -o conftest.i"
checked program was:
/* begin */
1: #include "ruby.h"
2: 
3: #include <vm_core.h>
/* end */

--------------------

```
To reproduce:

```
gem install rdiscount
```

Error:

```
Building native extensions. This could take a while...
ERROR:  Error installing rdiscount:
	ERROR: Failed to build gem native extension.

    current directory: ~/.gem/truffleruby/2.6.2/gems/rdiscount-2.2.0.1/ext
~/.rubies/truffleruby-19.3.0/bin/truffleruby -I ~/.rubies/truffleruby-19.3.0/lib/mri -r ./siteconf20191208-70328-xt6i6h.rb extconf.rb
checking for random()... yes
checking for srandom()... yes
checking for rand()... yes
checking for srand()... yes
checking size of unsigned long... ~/.rubies/truffleruby-19.3.0/lib/mri/mkmf.rb:771:in `Integer': can't convert nil into Integer (TypeError)
	from ~/.rubies/truffleruby-19.3.0/lib/mri/mkmf.rb:771:in `block in try_constant'
	from ~/.rubies/truffleruby-19.3.0/lib/mri/mkmf.rb:441:in `popen'
	from ~/.rubies/truffleruby-19.3.0/lib/mri/mkmf.rb:441:in `block in xpopen'
	from ~/.rubies/truffleruby-19.3.0/lib/mri/mkmf.rb:353:in `open'
	from ~/.rubies/truffleruby-19.3.0/lib/mri/mkmf.rb:434:in `xpopen'
	from ~/.rubies/truffleruby-19.3.0/lib/mri/mkmf.rb:770:in `try_constant'
	from ~/.rubies/truffleruby-19.3.0/lib/mri/mkmf.rb:1379:in `block in check_sizeof'
	from ~/.rubies/truffleruby-19.3.0/lib/mri/mkmf.rb:987:in `block in checking_for'
	from ~/.rubies/truffleruby-19.3.0/lib/mri/mkmf.rb:383:in `block (2 levels) in postpone'
	from ~/.rubies/truffleruby-19.3.0/lib/mri/mkmf.rb:353:in `open'
	from ~/.rubies/truffleruby-19.3.0/lib/mri/mkmf.rb:383:in `block in postpone'
	from ~/.rubies/truffleruby-19.3.0/lib/mri/mkmf.rb:353:in `open'
	from ~/.rubies/truffleruby-19.3.0/lib/mri/mkmf.rb:379:in `postpone'
	from ~/.rubies/truffleruby-19.3.0/lib/mri/mkmf.rb:986:in `checking_for'
	from ~/.rubies/truffleruby-19.3.0/lib/mri/mkmf.rb:1378:in `check_sizeof'
	from extconf.rb:11:in `block in sized_int'
	from extconf.rb:11:in `block in find'
	from extconf.rb:11:in `each'
	from extconf.rb:11:in `find'
	from extconf.rb:11:in `sized_int'
	from extconf.rb:15:in `<main>'
*** extconf.rb failed ***
Could not create Makefile due to some reason, probably lack of necessary
libraries and/or headers.  Check the mkmf.log file for more details.  You may
need configuration options.

Provided configuration options:
	--with-opt-dir
	--without-opt-dir
	--with-opt-include
	--without-opt-include=${opt-dir}/include
	--with-opt-lib
	--without-opt-lib=${opt-dir}/lib
	--with-make-prog
	--without-make-prog
	--srcdir=.
	--curdir
	--ruby=~/.rubies/truffleruby-19.3.0/bin/truffleruby
	--with-rdiscount-dir
	--without-rdiscount-dir
	--with-rdiscount-include
	--without-rdiscount-include=${rdiscount-dir}/include
	--with-rdiscount-lib
	--without-rdiscount-lib=${rdiscount-dir}/lib

To see why this extension failed to compile, please check the mkmf.log which can be found here:

  ~/.gem/truffleruby/2.6.2/extensions/x86_64-darwin/19.3.0/rdiscount-2.2.0.1/mkmf.log

extconf failed, exit code 1

Gem files will remain installed in ~/.gem/truffleruby/2.6.2/gems/rdiscount-2.2.0.1 for inspection.
Results logged to ~/.gem/truffleruby/2.6.2/extensions/x86_64-darwin/19.3.0/rdiscount-2.2.0.1/gem_make.out
```