i set the right proxy
`ainbowstream -ph localhost -pp 1087 -pt HTTP`
but rainbowstream shows

You are running latest version (1.5.2)

Hi there! We're gonna get you all set up to use Rainbow Stream.
There seems to be a connection problem.
You might want to check your proxy settings (host, port and type)!
Can I use rainbowstream in shell scripts without the client?

I would like to be able to type something like 

rainbowstream t test

to tweet "test". Is this possible with rs? I do not want to use the client.
Last week the new rainbowstream was working great. Awesome work!!! However, today I'm getting errors. At the very end I removed a lot of text which I feared might have some credential information.

Exception in thread Thread-1:
Traceback (most recent call last):
  File "/home/curtis/venv/lib/python3.7/site-packages/twitter/api.py", line 341, in _handle_response
    handle = urllib_request.urlopen(req, **kwargs)
  File "/usr/lib/python3.7/urllib/request.py", line 222, in urlopen
    return opener.open(url, data, timeout)
  File "/usr/lib/python3.7/urllib/request.py", line 531, in open
    response = meth(req, response)
  File "/usr/lib/python3.7/urllib/request.py", line 641, in http_response
    'http', request, response, code, msg, hdrs)
  File "/usr/lib/python3.7/urllib/request.py", line 569, in error
    return self._call_chain(*args)
  File "/usr/lib/python3.7/urllib/request.py", line 503, in _call_chain
    result = func(*args)
  File "/usr/lib/python3.7/urllib/request.py", line 649, in http_error_default
    raise HTTPError(req.full_url, code, msg, hdrs, fp)
urllib.error.HTTPError: HTTP Error 429: Too Many Requests

During handling of the above exception, another exception occurred:

Traceback (most recent call last):
  File "/usr/lib/python3.7/threading.py", line 917, in _bootstrap_inner
    self.run()
  File "/usr/lib/python3.7/threading.py", line 865, in run
    self._target(*self._args, **self._kwargs)
  File "/home/curtis/venv/lib/python3.7/site-packages/rainbowstream/rainbow.py", line 2173, in stream
    poll()
  File "/home/curtis/venv/lib/python3.7/site-packages/rainbowstream/rainbow.py", line 343, in poll
    result = t.statuses.home_timeline(**kwargs)
  File "/home/curtis/venv/lib/python3.7/site-packages/twitter/api.py", line 334, in __call__
    return self._handle_response(req, uri, arg_data, _timeout)
  File "/home/curtis/venv/lib/python3.7/site-packages/twitter/api.py", line 367, in _handle_response
    raise TwitterHTTPError(e, uri, self.format, arg_data)
twitter.api.TwitterHTTPError: Twitter sent status 429 for URL: 1.1/statuses/home_timeline.json using parameters: (....cut out this info....)
details: {'errors': [{'message': 'Rate limit exceeded', 'code': 88}]}

I run `switch public #search_term` and I just get my home stream. Am I doing something wrong?
Traceback (most recent call last):
  File "/usr/bin/rainbowstream", line 7, in <module>
    from rainbowstream.rainbow import fly
  File "/usr/lib/python2.7/site-packages/rainbowstream/rainbow.py", line 25, in <module>
    from .draw import *
  File "/usr/lib/python2.7/site-packages/rainbowstream/draw.py", line 15, in <module>
    from .c_image import *
  File "/usr/lib/python2.7/site-packages/rainbowstream/c_image.py", line 25, in <module>
    rgb2short = call_c()
  File "/usr/lib/python2.7/site-packages/rainbowstream/c_image.py", line 21, in call_c
    image_c = ctypes.cdll.LoadLibrary(library)
  File "/usr/lib64/python2.7/ctypes/__init__.py", line 439, in LoadLibrary
    return self._dlltype(name)
  File "/usr/lib64/python2.7/ctypes/__init__.py", line 361, in __init__
    self._handle = _dlopen(self._name, mode)
OSError: /root/.image.so: cannot open shared object file: No such file or directory

* System: Kubuntu 18.04
* Python version: 2.7
* rainbowstream v 1.3.7

**Repro:**
1. Launch rainbowstream
2. Locate a tweet that contains a URL shortened by Twitters URL shortener(https://t.co/wNYPltI7ll
)
![image](https://user-images.githubusercontent.com/23156454/43368122-309e090c-9326-11e8-9f84-30f75c440e86.png)

3. Type `open id#`


**Expected:**
* The link will open in the default web browser.

**Bug:**

* `No url here @.@!` is displayed.
 
**Additional Notes:**

* I've confirmed that bit.ly and ow.ly shortened links open correctly in my setup. 
Hi.

I’m having trouble using RainbowStream with my own API key. It says it can’t connect.

More details in comment below.
I've done so that on login, an expect-script starts rainbowstream and runs the "home" command to display the latest tweets.

Its installed on an raspberry pi and connected to a monitor, and when rainbowstream is up and running, the tweets that is showed by the "home"-command is displayed with "10 minutes ago", "1 hour ago" instead of time and date.

The funny thing is that if I SSH into the raspberry, it will also run the expect script and then rainbowstream, but there it shows the whole time and date of the tweet.

Any explanation?

raspberry is set to auto-login

**Code in .bashrc to run at login:**

```
echo Starting FireWatch...
sleep 15
source venv/bin/activate
expect -f rainbowstream.exp
```


**Code for expect script:**

```
#!/usr/bin/expect -f

#The value of timeout must be an integral number of seconds. Normally timeouts $
set timeout 7200

# Now we start rainbowstream $
spawn rainbowstream

# Now we expect the twitter prompt to appear
expect "*Venter...*"

# And we write our home command to display latest tweets:
send -- "home 20"

# send blank line (\r) send command
send -- "\r"

#If twitter resets the connection
expect "*onnection reset*"

#Reconnect
spawn rainbowstream

#We have gave our "program" and now we expect that the remote server close the $
expect eof
```

**.rainbow_config:**
```
{
    // Turn to 'true' in order to disable extended tweets display (legacy mode)
    "DISABLE_EXTENDED_TWEETS" : false,
// After 120 minutes, the stream will automatically hangup
    "HEARTBEAT_TIMEOUT" : 500000,
    // Image on term
    "IMAGE_ON_TERM" : false,
    // Resize image to fit on terminal view
    "IMAGE_RESIZE_TO_FIT" : false,
    // Themes
    "THEME" : "monokai",
    // Ascii Art
    "ASCII_ART" : false,
    // Hide promt when receive a tweet
    "HIDE_PROMPT" : true,
    // Prefix
    "PREFIX" : "Venter...",
    // 'search': search type ('mixed','recent','popular')
    "SEARCH_TYPE" : "mixed",
    // 'search': search max result, number over 100 will fallback to 100
    "SEARCH_MAX_RECORD" : 5,
    // 'home': default number of home's tweets
    "HOME_TWEET_NUM" : 20,
    // 'allrt': default number of retweets
    "RETWEETS_SHOW_NUM" : 5,
    // 'conversation': max tweet in a thread
    "CONVERSATION_MAX" : 30,
    // 'quote' format
    "QUOTE_FORMAT" : "#comment https://twitter.com/#owner/status/#tid",
    // 'thread' meta format
    "THREAD_META_LEFT" : "(#id) #clock",
    "THREAD_META_RIGHT" : "#clock (#id)",
    // 'thread' frame's minimum width
    "THREAD_MIN_WIDTH" : 20,
    // 'Notification' format
    "NOTIFY_FORMAT" : "  #source_user #notify #clock",
    // 'inbox','sent': default number of direct message
    "MESSAGES_DISPLAY" : 5,
    // 'trend': max trending topics
    "TREND_MAX" : 10,
    // List home timeline max
    "LIST_MAX" : 5,
    // 'switch': Filter and Ignore list ex: ['@fat','@mdo']
    "ONLY_LIST" : [],
    "IGNORE_LIST" : [],
    // Autocomplete history file name
    "HISTORY_FILENAME" : "completer.hist",
    // Image margin
    "IMAGE_SHIFT" : 2,
    // Image max height
    "IMAGE_MAX_HEIGHT" : 90,
    // Seconds to wait before displaying another tweet, will drop all tweets while waiting.
    "STREAM_DELAY" : 0,
    // Stream config
    "USER_DOMAIN" : "userstream.twitter.com",
    "PUBLIC_DOMAIN" : "stream.twitter.com",
    "SITE_DOMAIN" : "sitestream.twitter.com",
    // Format
    "FORMAT": {
        "TWEET": {
            "CLOCK_FORMAT" : "%d/%m/%Y %H:%M:%S",
            "DISPLAY" : "\n  #name #clock \n  #fav\n  #tweet"
        },
        "MESSAGE": {
            "CLOCK_FORMAT" : "%Y/%m/%d %H:%M:%S",
            "DISPLAY" : "\n  #sender_name #sender_nick #to #recipient_name #recipient_nick :\n  #clock message_id:#id\n  #message"
        }
    },
    "POCKET_SUPPORT": false
}

```
e.g.
```
[@#{username}]: switch public 地震
Sorry I can't understand.
```
I'm on RainbowStream 1.3.7, Python 3.6.5, Linux (Fedora/Gnome) and the Tilix terminal.

I launched RainbowStream with `rainbowstream -iot`.

Then, I viewed a profile that posts images with `view @500px`.

I'm wondering if there are any particular packages I need to be able to view images.