Upstream libui has as its most recent release (as of 2019-12-30) alpha4.1 though there has been activity as recently as yesterday.
Dependency version changes:
* Update avajs/ava, to use version of fsevents that compiles on node v10 and reduces number of audit warnings.
* Update nodejs/node-gyp, to reduce number of audit warnings.
* Update charto/nbind, to avoid typescript build error.
* Update supported engine versions, due to avajs/ava only supporting node > v8.  Also node < v8 are out of maintenance.  https://nodejs.org/en/about/releases/
all need files are in node_modules: 
nbind.node
libui.dll
libui.lib
ui.h

windows 10
vs community is installed.

internal/modules/cjs/loader.js:777
  return process.dlopen(module, path.toNamespacedPath(filename));
                 ^

Error: The specified module could not be found.
\\?\Z:\projects\f-photo-pr\node_modules\libui-node\nbind.node
    at Object.Module._extensions..node (internal/modules/cjs/loader.js:777:18)
    at Module.load (internal/modules/cjs/loader.js:628:32)
    at tryModuleLoad (internal/modules/cjs/loader.js:568:12)
    at Function.Module._load (internal/modules/cjs/loader.js:560:3)
    at Module.require (internal/modules/cjs/loader.js:665:17)
    at require (internal/modules/cjs/helpers.js:20:18)
    at initNode (Z:\projects\f-photo-pr\node_modules\nbind\dist\nbind.js:141:15)
    at Z:\projects\f-photo-pr\node_modules\nbind\dist\nbind.js:115:13
    at findCompiledModule (Z:\projects\f-photo-pr\node_modules\nbind\dist\nbind.js:79:13)
    at find (Z:\projects\f-photo-pr\node_modules\nbind\dist\nbind.js:93:13)
OS: **Manjaro Linux**
node: **v12.9.1**
npm: **6.11.2**

LOGS:

```
[capgop@capgop-pc lib]$ npm install -S libui-node

> libui-node@0.2.1 install /home/capgop/Рабочий стол/lib/node_modules/libui-node
> libui-download && autogypi && npm run build

Downloaded zip: /home/capgop/.libui/libui-shared-linux-x64-alpha3.5-master-008.tar.gz
Libui binaries extracted to: /home/capgop/Рабочий стол/lib/node_modules/libui-node

> libui-node@0.2.1 build /home/capgop/Рабочий стол/lib/node_modules/libui-node
> node-gyp configure build

make: вход в каталог «/home/capgop/Рабочий стол/lib/node_modules/libui-node/build»
  COPY Release/obj.target/nbind/geni/symbols.txt
  CXX(target) Release/obj.target/nbind/../nbind/src/common.o
g++: ошибка: стол/lib/node_modules/libui-node/src/includes: Нет такого файла или каталога
g++: ошибка: стол/lib/node_modules/libui-node: Нет такого файла или каталога
make: *** [nbind.target.mk:230: Release/obj.target/nbind/../nbind/src/common.o] Ошибка 1
make: выход из каталога «/home/capgop/Рабочий стол/lib/node_modules/libui-node/build»
gyp ERR! build error 
gyp ERR! stack Error: `make` failed with exit code: 2
gyp ERR! stack     at ChildProcess.onExit (/usr/lib/node_modules/node-gyp/lib/build.js:190:23)
gyp ERR! stack     at ChildProcess.emit (events.js:209:13)
gyp ERR! stack     at Process.ChildProcess._handle.onexit (internal/child_process.js:272:12)
gyp ERR! System Linux 4.19.69-1-MANJARO
gyp ERR! command "/usr/bin/node" "/usr/lib/node_modules/node-gyp/bin/node-gyp.js" "configure" "build"
gyp ERR! cwd /home/capgop/Рабочий стол/lib/node_modules/libui-node
gyp ERR! node -v v12.9.1
gyp ERR! node-gyp -v v5.0.2
gyp ERR! not ok 
npm ERR! code ELIFECYCLE
npm ERR! errno 1
npm ERR! libui-node@0.2.1 build: `node-gyp configure build`
npm ERR! Exit status 1
npm ERR! 
npm ERR! Failed at the libui-node@0.2.1 build script.
npm ERR! This is probably not a problem with npm. There is likely additional logging output above.
npm WARN Local package.json exists, but node_modules missing, did you mean to install?

npm ERR! A complete log of this run can be found in:
npm ERR!     /home/capgop/.npm/_logs/2019-10-09T11_27_31_934Z-debug.log
npm WARN enoent ENOENT: no such file or directory, open '/home/capgop/Рабочий стол/lib/package.json'
npm WARN lib No description
npm WARN lib No repository field.
npm WARN lib No README data
npm WARN lib No license field.

npm ERR! code ELIFECYCLE
npm ERR! errno 1
npm ERR! libui-node@0.2.1 install: `libui-download && autogypi && npm run build`
npm ERR! Exit status 1
npm ERR! 
npm ERR! Failed at the libui-node@0.2.1 install script.
npm ERR! This is probably not a problem with npm. There is likely additional logging output above.

npm ERR! A complete log of this run can be found in:
npm ERR!     /home/capgop/.npm/_logs/2019-10-09T11_27_33_269Z-debug.log

```
I got this when trying to run proton-native app in Windows:

```
gyp ERR! configure error 
gyp ERR! stack Error: Command failed: D:\Programs\Python\Python37\python.exe -c import sys; print "%s.%s.%s" % sys.version_info[:3];
gyp ERR! stack   File "<string>", line 1
gyp ERR! stack     import sys; print "%s.%s.%s" % sys.version_info[:3];
gyp ERR! stack                                ^
gyp ERR! stack SyntaxError: invalid syntax
gyp ERR! stack
gyp ERR! stack     at ChildProcess.exithandler (child_process.js:294:12)
gyp ERR! stack     at ChildProcess.emit (events.js:189:13)
gyp ERR! stack     at maybeClose (internal/child_process.js:970:16)
gyp ERR! stack     at Process.ChildProcess._handle.onexit (internal/child_process.js:259:5)
gyp ERR! System Windows_NT 10.0.18362
gyp ERR! command "D:\\Programs\\nodejs\\node.exe" "D:\\Programs\\nodejs\\node_modules\\npm\\node_modules\\node-gyp\\bin\\node-gyp.js" "configure" "build"      
gyp ERR! cwd D:\Q\Projects\TestReactRedux1\node_modules\libui-node
gyp ERR! node -v v10.15.3
gyp ERR! node-gyp -v v3.8.0
gyp ERR! not ok
npm ERR! code ELIFECYCLE
npm ERR! errno 1
npm ERR! libui-node@0.2.1 build: `node-gyp configure build`
npm ERR! Exit status 1
npm ERR!
npm ERR! Failed at the libui-node@0.2.1 build script.
npm ERR! This is probably not a problem with npm. There is likely additional logging output above.
npm WARN Local package.json exists, but node_modules missing, did you mean to install?
```
Fix #138
https://github.com/parro-it/libui-node/blob/aca80d949120f55d0175516a8e083be3f7cf85fd/index.js#L438-L442

Currently you cannot clear a `UiControl`'s parent by setting it to null, even though the documentation states that you can.

This PR fixes that issue, by making the `parent` parameter of `setParent` nullable.
OS: windows 7
node: 12.0.0 ~ 12.2.0
compile error
~~~~~~~~~~~~~~~~~~~~~~~~~~~~~~~~~~~~~~~~~~~~~~~~
2\libui_loop.cc) [D:\Programming\node12test\node_modules\libui-node\build\nbind
.vcxproj]
  c:\users\user\.node-gyp\12.2.0\include\node\v8.h(2569): note: ??? 'v8::Value:
  :Int32Value' ??? (????????? ..\src\arch\win32\libui_loop.cc)
d:\programming\node12test\node_modules\nbind\include\nbind\v8\bindingtype.h(193
): error C2660: 'v8::Value::Uint32Value': ????? 0 ?? (????????? ..\..\nbind\src
\v8\Buffer.cc) [D:\Programming\node12test\node_modules\libui-node\build\nbind.v
cxproj]
  c:\users\user\.node-gyp\12.2.0\include\node\v8.h(2567): note: ??? 'v8::Value:
  :Uint32Value' ??? (????????? ..\..\nbind\src\v8\Buffer.cc)
d:\programming\node12test\node_modules\nbind\include\nbind\v8\bindingtype.h(197
): error C2660: 'v8::Value::Int32Value': ????? 0 ?? (????????? ..\src\arch\win3
2\libui_loop.cc) [D:\Programming\node12test\node_modules\libui-node\build\nbind
.vcxproj]
  c:\users\user\.node-gyp\12.2.0\include\node\v8.h(2569): note: ??? 'v8::Value:
  :Int32Value' ??? (????????? ..\src\arch\win32\libui_loop.cc)
d:\programming\node12test\node_modules\nbind\include\nbind\v8\bindingtype.h(194
): error C2660: 'v8::Value::Uint32Value': ????? 0 ?? (????????? ..\..\nbind\src
\v8\Buffer.cc) [D:\Programming\node12test\node_modules\libui-node\build\nbind.v
cxproj]
  c:\users\user\.node-gyp\12.2.0\include\node\v8.h(2567): note: ??? 'v8::Value:
  :Uint32Value' ??? (????????? ..\..\nbind\src\v8\Buffer.cc)
d:\programming\node12test\node_modules\nbind\include\nbind\v8\bindingtype.h(198
): error C2660: 'v8::Value::Int32Value': ????? 0 ?? (????????? ..\src\arch\win3
2\libui_loop.cc) [D:\Programming\node12test\node_modules\libui-node\build\nbind
.vcxproj]
  c:\users\user\.node-gyp\12.2.0\include\node\v8.h(2569): note: ??? 'v8::Value:
  :Int32Value' ??? (????????? ..\src\arch\win32\libui_loop.cc)
d:\programming\node12test\node_modules\nbind\include\nbind\v8\bindingtype.h(196
): error C2660: 'v8::Value::Int32Value': ????? 0 ?? (????????? ..\..\nbind\src\
v8\Buffer.cc) [D:\Programming\node12test\node_modules\libui-node\build\nbind.vc
xproj]
d:\programming\node12test\node_modules\nbind\include\nbind\v8\bindingtype.h(200
): error C2660: 'v8::Value::Int32Value': ????? 0 ?? (????????? ..\src\arch\win3
2\libui_loop.cc) [D:\Programming\node12test\node_modules\libui-node\build\nbind
.vcxproj]
  c:\users\user\.node-gyp\12.2.0\include\node\v8.h(2569): note: ??? 'v8::Value:
  :Int32Value' ??? (????????? ..\..\nbind\src\v8\Buffer.cc)
  c:\users\user\.node-gyp\12.2.0\include\node\v8.h(2569): note: ??? 'v8::Value:
  :Int32Value' ??? (????????? ..\src\arch\win32\libui_loop.cc)
d:\programming\node12test\node_modules\nbind\include\nbind\v8\bindingtype.h(197
): error C2660: 'v8::Value::Int32Value': ????? 0 ?? (????????? ..\..\nbind\src\
v8\Buffer.cc) [D:\Programming\node12test\node_modules\libui-node\build\nbind.vc
xproj]
  c:\users\user\.node-gyp\12.2.0\include\node\v8.h(2569): note: ??? 'v8::Value:
  :Int32Value' ??? (????????? ..\..\nbind\src\v8\Buffer.cc)
d:\programming\node12test\node_modules\nbind\include\nbind\v8\bindingtype.h(198
): error C2660: 'v8::Value::Int32Value': ????? 0 ?? (????????? ..\..\nbind\src\
v8\Buffer.cc) [D:\Programming\node12test\node_modules\libui-node\build\nbind.vc
xproj]
  c:\users\user\.node-gyp\12.2.0\include\node\v8.h(2569): note: ??? 'v8::Value:
  :Int32Value' ??? (????????? ..\..\nbind\src\v8\Buffer.cc)
d:\programming\node12test\node_modules\nbind\include\nbind\v8\external.h(112):
error C2661: 'v8::Value::ToObject': ??????? 0 ?? (????????? ..\src\arch\win32\l
ibui_loop.cc) [D:\Programming\node12test\node_modules\libui-node\build\nbind.vc
xproj]
d:\programming\node12test\node_modules\nbind\include\nbind\v8\bindingtype.h(200
): error C2660: 'v8::Value::Int32Value': ????? 0 ?? (????????? ..\..\nbind\src\
v8\Buffer.cc) [D:\Programming\node12test\node_modules\libui-node\build\nbind.vc
xproj]
d:\programming\node12test\node_modules\nbind\include\nbind\v8\bindingstd.h(128)
: error C2661: 'v8::Value::ToString': ??????? 0 ?? (????????? ..\src\arch\win32
\libui_loop.cc) [D:\Programming\node12test\node_modules\libui-node\build\nbind.
vcxproj]
  c:\users\user\.node-gyp\12.2.0\include\node\v8.h(2569): note: ??? 'v8::Value:
  :Int32Value' ??? (????????? ..\..\nbind\src\v8\Buffer.cc)
d:\programming\node12test\node_modules\nbind\include\nbind\v8\bindingstd.h(128)
: error C2512: 'Nan::Utf8String::Utf8String': ??????????? (????????? ..\src\arc
h\win32\libui_loop.cc) [D:\Programming\node12test\node_modules\libui-node\build
\nbind.vcxproj]
d:\programming\node12test\node_modules\nbind\include\nbind\v8\external.h(112):
error C2661: 'v8::Value::ToObject': ??????? 0 ?? (????????? ..\..\nbind\src\v8\
Buffer.cc) [D:\Programming\node12test\node_modules\libui-node\build\nbind.vcxpr
oj]
d:\programming\node12test\node_modules\nbind\include\nbind\v8\buffer.h(33): err
or C2661: 'v8::Value::ToObject': ??????? 0 ?? (????????? ..\src\arch\win32\libu
i_loop.cc) [D:\Programming\node12test\node_modules\libui-node\build\nbind.vcxpr
oj]
d:\programming\node12test\node_modules\nbind\include\nbind\v8\bindingstd.h(128)
: error C2661: 'v8::Value::ToString': ??????? 0 ?? (????????? ..\..\nbind\src\v
8\Buffer.cc) [D:\Programming\node12test\node_modules\libui-node\build\nbind.vcx
proj]
d:\programming\node12test\node_modules\nbind\include\nbind\v8\bindingstd.h(128)
: error C2512: 'Nan::Utf8String::Utf8String': ??????????? (????????? ..\..\nbin
d\src\v8\Buffer.cc) [D:\Programming\node12test\node_modules\libui-node\build\nb
ind.vcxproj]
d:\programming\node12test\node_modules\nbind\include\nbind\v8\buffer.h(33): err
or C2661: 'v8::Value::ToObject': ??????? 0 ?? (????????? ..\..\nbind\src\v8\Buf
fer.cc) [D:\Programming\node12test\node_modules\libui-node\build\nbind.vcxproj]
d:\programming\node12test\node_modules\nbind\include\nbind\v8\bindingtype.h(187
): error C2661: 'v8::Value::BooleanValue': ??????? 0 ?? (????????? ..\..\nbind\
src\v8\Binding.cc) [D:\Programming\node12test\node_modules\libui-node\build\nbi
nd.vcxproj]
d:\programming\node12test\node_modules\nbind\include\nbind\v8\bindingtype.h(189
): error C2660: 'v8::Value::NumberValue': ????? 0 ?? (????????? ..\..\nbind\src
\v8\Binding.cc) [D:\Programming\node12test\node_modules\libui-node\build\nbind.
vcxproj]
  c:\users\user\.node-gyp\12.2.0\include\node\v8.h(2564): note: ??? 'v8::Value:
  :NumberValue' ??? (????????? ..\..\nbind\src\v8\Binding.cc)
d:\programming\node12test\node_modules\nbind\include\nbind\v8\bindingtype.h(190
): error C2660: 'v8::Value::NumberValue': ????? 0 ?? (????????? ..\..\nbind\src
\v8\Binding.cc) [D:\Programming\node12test\node_modules\libui-node\build\nbind.
vcxproj]
  c:\users\user\.node-gyp\12.2.0\include\node\v8.h(2564): note: ??? 'v8::Value:
  :NumberValue' ??? (????????? ..\..\nbind\src\v8\Binding.cc)
d:\programming\node12test\node_modules\nbind\include\nbind\v8\bindingtype.h(192
): error C2660: 'v8::Value::Uint32Value': ????? 0 ?? (????????? ..\..\nbind\src
\v8\Binding.cc) [D:\Programming\node12test\node_modules\libui-node\build\nbind.
vcxproj]
  c:\users\user\.node-gyp\12.2.0\include\node\v8.h(2567): note: ??? 'v8::Value:
  :Uint32Value' ??? (????????? ..\..\nbind\src\v8\Binding.cc)
d:\programming\node12test\node_modules\nbind\include\nbind\v8\bindingtype.h(193
): error C2660: 'v8::Value::Uint32Value': ????? 0 ?? (????????? ..\..\nbind\src
\v8\Binding.cc) [D:\Programming\node12test\node_modules\libui-node\build\nbind.
vcxproj]
  c:\users\user\.node-gyp\12.2.0\include\node\v8.h(2567): note: ??? 'v8::Value:
  :Uint32Value' ??? (????????? ..\..\nbind\src\v8\Binding.cc)
d:\programming\node12test\node_modules\nbind\include\nbind\v8\bindingtype.h(194
): error C2660: 'v8::Value::Uint32Value': ????? 0 ?? (????????? ..\..\nbind\src
\v8\Binding.cc) [D:\Programming\node12test\node_modules\libui-node\build\nbind.
vcxproj]
  c:\users\user\.node-gyp\12.2.0\include\node\v8.h(2567): note: ??? 'v8::Value:
  :Uint32Value' ??? (????????? ..\..\nbind\src\v8\Binding.cc)
d:\programming\node12test\node_modules\nbind\include\nbind\v8\bindingtype.h(196
): error C2660: 'v8::Value::Int32Value': ????? 0 ?? (????????? ..\..\nbind\src\
v8\Binding.cc) [D:\Programming\node12test\node_modules\libui-node\build\nbind.v
cxproj]
  c:\users\user\.node-gyp\12.2.0\include\node\v8.h(2569): note: ??? 'v8::Value:
  :Int32Value' ??? (????????? ..\..\nbind\src\v8\Binding.cc)
d:\programming\node12test\node_modules\nbind\include\nbind\v8\bindingtype.h(197
): error C2660: 'v8::Value::Int32Value': ????? 0 ?? (????????? ..\..\nbind\src\
v8\Binding.cc) [D:\Programming\node12test\node_modules\libui-node\build\nbind.v
cxproj]
  c:\users\user\.node-gyp\12.2.0\include\node\v8.h(2569): note: ??? 'v8::Value:
  :Int32Value' ??? (????????? ..\..\nbind\src\v8\Binding.cc)
d:\programming\node12test\node_modules\nbind\include\nbind\v8\bindingtype.h(198
): error C2660: 'v8::Value::Int32Value': ????? 0 ?? (????????? ..\..\nbind\src\
v8\Binding.cc) [D:\Programming\node12test\node_modules\libui-node\build\nbind.v
cxproj]
  c:\users\user\.node-gyp\12.2.0\include\node\v8.h(2569): note: ??? 'v8::Value:
  :Int32Value' ??? (????????? ..\..\nbind\src\v8\Binding.cc)
d:\programming\node12test\node_modules\nbind\include\nbind\v8\bindingtype.h(200
): error C2660: 'v8::Value::Int32Value': ????? 0 ?? (????????? ..\..\nbind\src\
v8\Binding.cc) [D:\Programming\node12test\node_modules\libui-node\build\nbind.v
cxproj]
  c:\users\user\.node-gyp\12.2.0\include\node\v8.h(2569): note: ??? 'v8::Value:
  :Int32Value' ??? (????????? ..\..\nbind\src\v8\Binding.cc)
d:\programming\node12test\node_modules\nbind\include\nbind\v8\external.h(112):
error C2661: 'v8::Value::ToObject': ??????? 0 ?? (????????? ..\..\nbind\src\v8\
Binding.cc) [D:\Programming\node12test\node_modules\libui-node\build\nbind.vcxp
roj]
d:\programming\node12test\node_modules\nbind\include\nbind\v8\bindingstd.h(128)
: error C2661: 'v8::Value::ToString': ??????? 0 ?? (????????? ..\..\nbind\src\v
8\Binding.cc) [D:\Programming\node12test\node_modules\libui-node\build\nbind.vc
xproj]
d:\programming\node12test\node_modules\nbind\include\nbind\v8\bindingstd.h(128)
: error C2512: 'Nan::Utf8String::Utf8String': ??????????? (????????? ..\..\nbin
d\src\v8\Binding.cc) [D:\Programming\node12test\node_modules\libui-node\build\n
bind.vcxproj]
d:\programming\node12test\node_modules\nbind\include\nbind\v8\int64.h(190): err
or C2660: 'v8::Value::NumberValue': ????? 0 ?? (????????? ..\src\arch\win32\lib
ui_loop.cc) [D:\Programming\node12test\node_modules\libui-node\build\nbind.vcxp
roj]
  c:\users\user\.node-gyp\12.2.0\include\node\v8.h(2564): note: ??? 'v8::Value:
  :NumberValue' ??? (????????? ..\src\arch\win32\libui_loop.cc)
d:\programming\node12test\node_modules\nbind\include\nbind\v8\buffer.h(33): err
or C2661: 'v8::Value::ToObject': ??????? 0 ?? (????????? ..\..\nbind\src\v8\Bin
ding.cc) [D:\Programming\node12test\node_modules\libui-node\build\nbind.vcxproj
]
d:\programming\node12test\node_modules\nbind\include\nbind\v8\int64.h(191): err
or C2660: 'v8::Value::NumberValue': ????? 0 ?? (????????? ..\src\arch\win32\lib
ui_loop.cc) [D:\Programming\node12test\node_modules\libui-node\build\nbind.vcxp
roj]
  c:\users\user\.node-gyp\12.2.0\include\node\v8.h(2564): note: ??? 'v8::Value:
  :NumberValue' ??? (????????? ..\src\arch\win32\libui_loop.cc)
d:\programming\node12test\node_modules\nbind\include\nbind\v8\int64.h(192): err
or C2660: 'v8::Value::NumberValue': ????? 0 ?? (????????? ..\src\arch\win32\lib
ui_loop.cc) [D:\Programming\node12test\node_modules\libui-node\build\nbind.vcxp
roj]
  c:\users\user\.node-gyp\12.2.0\include\node\v8.h(2564): note: ??? 'v8::Value:
  :NumberValue' ??? (????????? ..\src\arch\win32\libui_loop.cc)
d:\programming\node12test\node_modules\nbind\include\nbind\v8\int64.h(193): err
or C2660: 'v8::Value::NumberValue': ????? 0 ?? (????????? ..\src\arch\win32\lib
ui_loop.cc) [D:\Programming\node12test\node_modules\libui-node\build\nbind.vcxp
roj]
  c:\users\user\.node-gyp\12.2.0\include\node\v8.h(2564): note: ??? 'v8::Value:
  :NumberValue' ??? (????????? ..\src\arch\win32\libui_loop.cc)
d:\programming\node12test\node_modules\nbind\include\nbind\v8\int64.h(190): err
or C2660: 'v8::Value::NumberValue': ????? 0 ?? (????????? ..\..\nbind\src\v8\Bu
ffer.cc) [D:\Programming\node12test\node_modules\libui-node\build\nbind.vcxproj
]
  c:\users\user\.node-gyp\12.2.0\include\node\v8.h(2564): note: ??? 'v8::Value:
  :NumberValue' ??? (????????? ..\..\nbind\src\v8\Buffer.cc)
d:\programming\node12test\node_modules\nbind\include\nbind\v8\int64.h(191): err
or C2660: 'v8::Value::NumberValue': ????? 0 ?? (????????? ..\..\nbind\src\v8\Bu
ffer.cc) [D:\Programming\node12test\node_modules\libui-node\build\nbind.vcxproj
]
  c:\users\user\.node-gyp\12.2.0\include\node\v8.h(2564): note: ??? 'v8::Value:
  :NumberValue' ??? (????????? ..\..\nbind\src\v8\Buffer.cc)
d:\programming\node12test\node_modules\nbind\include\nbind\v8\int64.h(192): err
or C2660: 'v8::Value::NumberValue': ????? 0 ?? (????????? ..\..\nbind\src\v8\Bu
ffer.cc) [D:\Programming\node12test\node_modules\libui-node\build\nbind.vcxproj
]
  c:\users\user\.node-gyp\12.2.0\include\node\v8.h(2564): note: ??? 'v8::Value:
  :NumberValue' ??? (????????? ..\..\nbind\src\v8\Buffer.cc)
d:\programming\node12test\node_modules\nbind\include\nbind\v8\int64.h(193): err
or C2660: 'v8::Value::NumberValue': ????? 0 ?? (????????? ..\..\nbind\src\v8\Bu
ffer.cc) [D:\Programming\node12test\node_modules\libui-node\build\nbind.vcxproj
]
  c:\users\user\.node-gyp\12.2.0\include\node\v8.h(2564): note: ??? 'v8::Value:
  :NumberValue' ??? (????????? ..\..\nbind\src\v8\Buffer.cc)
d:\programming\node12test\node_modules\nbind\include\nbind\v8\int64.h(190): err
or C2660: 'v8::Value::NumberValue': ????? 0 ?? (????????? ..\..\nbind\src\v8\Bi
nding.cc) [D:\Programming\node12test\node_modules\libui-node\build\nbind.vcxpro
j]
  c:\users\user\.node-gyp\12.2.0\include\node\v8.h(2564): note: ??? 'v8::Value:
  :NumberValue' ??? (????????? ..\..\nbind\src\v8\Binding.cc)
d:\programming\node12test\node_modules\nbind\include\nbind\v8\int64.h(191): err
or C2660: 'v8::Value::NumberValue': ????? 0 ?? (????????? ..\..\nbind\src\v8\Bi
nding.cc) [D:\Programming\node12test\node_modules\libui-node\build\nbind.vcxpro
j]
  c:\users\user\.node-gyp\12.2.0\include\node\v8.h(2564): note: ??? 'v8::Value:
  :NumberValue' ??? (????????? ..\..\nbind\src\v8\Binding.cc)
d:\programming\node12test\node_modules\nbind\include\nbind\v8\int64.h(192): err
or C2660: 'v8::Value::NumberValue': ????? 0 ?? (????????? ..\..\nbind\src\v8\Bi
nding.cc) [D:\Programming\node12test\node_modules\libui-node\build\nbind.vcxpro
j]
  c:\users\user\.node-gyp\12.2.0\include\node\v8.h(2564): note: ??? 'v8::Value:
  :NumberValue' ??? (????????? ..\..\nbind\src\v8\Binding.cc)
d:\programming\node12test\node_modules\nbind\include\nbind\v8\int64.h(193): err
or C2660: 'v8::Value::NumberValue': ????? 0 ?? (????????? ..\..\nbind\src\v8\Bi
nding.cc) [D:\Programming\node12test\node_modules\libui-node\build\nbind.vcxpro
j]
  c:\users\user\.node-gyp\12.2.0\include\node\v8.h(2564): note: ??? 'v8::Value:
  :NumberValue' ??? (????????? ..\..\nbind\src\v8\Binding.cc)
d:\programming\node12test\node_modules\nbind\src\v8\binding.cc(244): error C206
5: 'Handle': ??????? [D:\Programming\node12test\node_modules\libui-node\build\n
bind.vcxproj]
d:\programming\node12test\node_modules\nbind\src\v8\binding.cc(244): error C227
5: 'v8::Object': ????????????????? [D:\Programming\node12test\node_modules\libu
i-node\build\nbind.vcxproj]
  c:\users\user\.node-gyp\12.2.0\include\node\v8.h(3356): note: ??? 'v8::Object
  ' ???
d:\programming\node12test\node_modules\nbind\src\v8\binding.cc(244): error C206
5: 'exports': ??????? [D:\Programming\node12test\node_modules\libui-node\build\
nbind.vcxproj]
d:\programming\node12test\node_modules\nbind\src\v8\binding.cc(244): error C218
2: 'initModule': ?? 'void' ?????? [D:\Programming\node12test\node_modules\libui
-node\build\nbind.vcxproj]
d:\programming\node12test\node_modules\nbind\src\v8\binding.cc(244): error C244
8: 'initModule': ???????????????? [D:\Programming\node12test\node_modules\libui
-node\build\nbind.vcxproj]
d:\programming\node12test\node_modules\nbind\src\v8\binding.cc(387): warning C4
312: '????': ? 'int' ?????? 'node::addon_register_func' [D:\Programming\node12t
est\node_modules\libui-node\build\nbind.vcxproj]
gyp ERR! build error
gyp ERR! stack Error: `C:\Program Files (x86)\Microsoft Visual Studio\2017\Build
Tools\MSBuild\15.0\Bin\MSBuild.exe` failed with exit code: 1
gyp ERR! stack     at ChildProcess.onExit (C:\Users\USER\AppData\Roaming\nvm\v12
.2.0\node_modules\npm\node_modules\node-gyp\lib\build.js:262:23)
gyp ERR! stack     at ChildProcess.emit (events.js:196:13)
gyp ERR! stack     at Process.ChildProcess._handle.onexit (internal/child_proces
s.js:257:12)
gyp ERR! System Windows_NT 6.1.7601
gyp ERR! command "D:\\Programming\\node12test\\node_modules\\node\\bin\\node.exe
" "C:\\Users\\USER\\AppData\\Roaming\\nvm\\v12.2.0\\node_modules\\npm\\node_modu
les\\node-gyp\\bin\\node-gyp.js" "configure" "build"
gyp ERR! cwd D:\Programming\node12test\node_modules\libui-node
gyp ERR! node -v v12.2.0
gyp ERR! node-gyp -v v3.8.0
gyp ERR! not ok
npm ERR! code ELIFECYCLE
npm ERR! errno 1
npm ERR! libui-node@0.2.1 build: `node-gyp configure build`
npm ERR! Exit status 1
npm ERR!
npm ERR! Failed at the libui-node@0.2.1 build script.
npm ERR! This is probably not a problem with npm. There is likely additional log
ging output above.
npm WARN Local package.json exists, but node_modules missing, did you mean to in
stall?

npm ERR! A complete log of this run can be found in:
npm ERR!     C:\Users\USER\AppData\Roaming\npm-cache\_logs\2019-05-11T16_32_29_8
31Z-debug.log
npm ERR! code ELIFECYCLE
npm ERR! errno 1
npm ERR! libui-node@0.2.1 install: `libui-download && autogypi && npm run build`

npm ERR! Exit status 1
npm ERR!
npm ERR! Failed at the libui-node@0.2.1 install script.
npm ERR! This is probably not a problem with npm. There is likely additional log
ging output above.

npm ERR! A complete log of this run can be found in:
npm ERR!     C:\Users\USER\AppData\Roaming\npm-cache\_logs\2019-05-11T16_32_30_3
55Z-debug.log

