## Issue

```
$ phpenv install 5.6.40       
[Info]: Loaded extension plugin
[Info]: Loaded apc Plugin.
[Info]: Loaded composer Plugin.
[Info]: Loaded github Plugin.
[Info]: Loaded uprofiler Plugin.
[Info]: Loaded xdebug Plugin.
[Info]: Loaded xhprof Plugin.
[Info]: Loaded zendopcache Plugin.
[Info]: php.ini-production gets used as php.ini
[Info]: Building 5.6.40 into /home/noraj/.phpenv/versions/5.6.40
[Downloading]: https://secure.php.net/distributions/php-5.6.40.tar.bz2
[Preparing]: /tmp/php-build/source/5.6.40

-----------------
|  BUILD ERROR  |
-----------------

Here are the last 10 lines from the log:

-----------------------------------------
configure: WARNING: You will need re2c 0.13.4 or later if you want to regenerate PHP parsers.
configure: error: mcrypt.h not found. Please reinstall libmcrypt.
-----------------------------------------

The full Log is available at '/tmp/php-build.5.6.40.20191011112233.log'.
[Warn]: Aborting build.
```

## Solution

ArchLinux:

```
$ sudo pacman -S re2c libmcrypt --needed --asdeps
```

---

## Issue

```
$ phpenv install 5.6.40                          
[Info]: Loaded extension plugin
[Info]: Loaded apc Plugin.
[Info]: Loaded composer Plugin.
[Info]: Loaded github Plugin.
[Info]: Loaded uprofiler Plugin.
[Info]: Loaded xdebug Plugin.
[Info]: Loaded xhprof Plugin.
[Info]: Loaded zendopcache Plugin.
[Info]: php.ini-production gets used as php.ini
[Info]: Building 5.6.40 into /home/noraj/.phpenv/versions/5.6.40
[Skipping]: Already downloaded and extracted https://secure.php.net/distributions/php-5.6.40.tar.bz2
[Preparing]: /tmp/php-build/source/5.6.40

-----------------
|  BUILD ERROR  |
-----------------

Here are the last 10 lines from the log:

-----------------------------------------
configure: error: Cannot find libtidy
-----------------------------------------

The full Log is available at '/tmp/php-build.5.6.40.20191011112532.log'.
[Warn]: Aborting build.
```

## Solution

```
$ sudo pacman -S tidy --needed --asdeps
```

---

## Issue

```
$ phpenv install 5.6.40                    
[Info]: Loaded extension plugin
[Info]: Loaded apc Plugin.
[Info]: Loaded composer Plugin.
[Info]: Loaded github Plugin.
[Info]: Loaded uprofiler Plugin.
[Info]: Loaded xdebug Plugin.
[Info]: Loaded xhprof Plugin.
[Info]: Loaded zendopcache Plugin.
[Info]: php.ini-production gets used as php.ini
[Info]: Building 5.6.40 into /home/noraj/.phpenv/versions/5.6.40
[Skipping]: Already downloaded and extracted https://secure.php.net/distributions/php-5.6.40.tar.bz2
[Preparing]: /tmp/php-build/source/5.6.40
[Compiling]: /tmp/php-build/source/5.6.40

-----------------
|  BUILD ERROR  |
-----------------

Here are the last 10 lines from the log:

-----------------------------------------
      |             ^~~~~~
/tmp/php-build/source/5.6.40/ext/openssl/openssl.c: In function ‘zif_openssl_encrypt’:
/tmp/php-build/source/5.6.40/ext/openssl/openssl.c:5233:17: error: storage size of ‘cipher_ctx’ isn’t known
 5233 |  EVP_CIPHER_CTX cipher_ctx;
      |                 ^~~~~~~~~~
/tmp/php-build/source/5.6.40/ext/openssl/openssl.c: In function ‘zif_openssl_decrypt’:
/tmp/php-build/source/5.6.40/ext/openssl/openssl.c:5316:17: error: storage size of ‘cipher_ctx’ isn’t known
 5316 |  EVP_CIPHER_CTX cipher_ctx;
      |                 ^~~~~~~~~~
make: *** [Makefile:682: ext/openssl/openssl.lo] Error 1
-----------------------------------------

The full Log is available at '/tmp/php-build.5.6.40.20191011112844.log'.
[Warn]: Aborting build.
```

## Solution

```
$ sudo pacman -S openssl-1.0
$ CONFIGURE_OPTS="--with-openssl=/usr/include/openssl-1.0/" phpenv install 5.6.40
```

---

## Issue

```
$ CONFIGURE_OPTS="--with-openssl=/usr/include/openssl-1.0/" phpenv install 5.6.40
[Info]: Loaded extension plugin
[Info]: Loaded apc Plugin.
[Info]: Loaded composer Plugin.
[Info]: Loaded github Plugin.
[Info]: Loaded uprofiler Plugin.
[Info]: Loaded xdebug Plugin.
[Info]: Loaded xhprof Plugin.
[Info]: Loaded zendopcache Plugin.
[Info]: php.ini-production gets used as php.ini
[Info]: Building 5.6.40 into /home/noraj/.phpenv/versions/5.6.40
[Skipping]: Already downloaded and extracted https://secure.php.net/distributions/php-5.6.40.tar.bz2
[Preparing]: /tmp/php-build/source/5.6.40

-----------------
|  BUILD ERROR  |
-----------------

Here are the last 10 lines from the log:

-----------------------------------------
configure: error: Cannot find OpenSSL's <evp.h>
-----------------------------------------

The full Log is available at '/tmp/php-build.5.6.40.20191011114648.log'.
```

## Solution

Can't build with openssl 1.1, 1.0 and 0.9.8.
When I run `phpenv install 7.2.22`, it errors with the following:

> [Info]: Loaded extension plugin
> [Info]: Loaded apc Plugin.
> [Info]: Loaded composer Plugin.
> [Info]: Loaded github Plugin.
> [Info]: Loaded uprofiler Plugin.
> [Info]: Loaded xdebug Plugin.
> [Info]: Loaded xhprof Plugin.
> [Info]: Loaded zendopcache Plugin.
> [Info]: php.ini-production gets used as php.ini
> [Info]: Building 7.2.22 into /usr/local/bin/phpenv/versions/7.2.22
> [Skipping]: Already downloaded and extracted https://secure.php.net/distributions/php-7.2.22.tar.bz2
> [Preparing]: /tmp/php-build/source/7.2.22
> [Compiling]: /tmp/php-build/source/7.2.22
> [xdebug]: Installing version 2.7.2
> [Downloading]: http://xdebug.org/files/xdebug-2.7.2.tgz
> [xdebug]: Compiling xdebug in /tmp/php-build/source/xdebug-2.7.2
>
> -----------------
> |  BUILD ERROR  |
> -----------------
>
> Here are the last 10 lines from the log:
>
> -----------------------------------------
> /tmp/php-build/source/7.2.22/sapi/phpdbg/phpdbg_eol.c:104:7: warning: argument 1 range [18446744071562067968, 18446744073709551615] exceeds maximum object size 9223372036854775807 [-Walloc-size-larger-than=]
>    out = (char *)emalloc(out_len);
> In file included from /tmp/php-build/source/7.2.22/Zend/zend.h:31:0,
>                  from /tmp/php-build/source/7.2.22/main/php.h:35,
>                  from /tmp/php-build/source/7.2.22/sapi/phpdbg/phpdbg.h:38,
>                  from /tmp/php-build/source/7.2.22/sapi/phpdbg/phpdbg_eol.c:23:
> /tmp/php-build/source/7.2.22/Zend/zend_alloc.h:75:31: note: in a call to allocation function ‘_emalloc’ declared here
>  ZEND_API void*  ZEND_FASTCALL _emalloc(size_t size ZEND_FILE_LINE_DC ZEND_FILE_LINE_ORIG_DC) ZEND_ATTRIBUTE_MALLOC ZEND_ATTRIBUTE_ALLOC_SIZE(1);
>                                ^~~~~~~~
> PEAR package PHP_Archive not installed: generated phar will require PHP's phar extension be enabled.
> -----------------------------------------
>
> The full Log is available at '/tmp/php-build.7.2.22.20190918080747.log'.
> [Warn]: Aborting build.

I can't actually figure out what the actual error is.

This is the contents of the log file:

> configure: WARNING: ========================================================
> configure: WARNING: Use of bundled libzip is deprecated and will be removed.
> configure: WARNING: Some features such as encryption and bzip2 are not available.
> configure: WARNING: Use system library and --with-libzip is recommended.
> configure: WARNING: ========================================================
> ar: `u' modifier ignored since `D' is the default (see `U')
> /tmp/php-build/source/7.2.22/ext/openssl/xp_ssl.c: In function ‘php_openssl_select_crypto_method’:
> /tmp/php-build/source/7.2.22/ext/openssl/xp_ssl.c:973:3: warning: ‘TLSv1_client_method’ is deprecated [-Wdeprecated-declarations]
>    return is_client ? TLSv1_client_method() : TLSv1_server_method();
>    ^~~~~~
> In file included from /usr/include/openssl/e_os2.h:13:0,
>                  from /usr/include/openssl/err.h:13,
>                  from /tmp/php-build/source/7.2.22/ext/openssl/php_openssl.h:69,
>                  from /tmp/php-build/source/7.2.22/ext/openssl/xp_ssl.c:32:
> /usr/include/openssl/ssl.h:1854:1: note: declared here
>  DEPRECATEDIN_1_1_0(__owur const SSL_METHOD *TLSv1_client_method(void))
>  ^
> /tmp/php-build/source/7.2.22/ext/openssl/xp_ssl.c:973:3: warning: ‘TLSv1_server_method’ is deprecated [-Wdeprecated-declarations]
>    return is_client ? TLSv1_client_method() : TLSv1_server_method();
>    ^~~~~~
> In file included from /usr/include/openssl/e_os2.h:13:0,
>                  from /usr/include/openssl/err.h:13,
>                  from /tmp/php-build/source/7.2.22/ext/openssl/php_openssl.h:69,
>                  from /tmp/php-build/source/7.2.22/ext/openssl/xp_ssl.c:32:
> /usr/include/openssl/ssl.h:1853:1: note: declared here
>  DEPRECATEDIN_1_1_0(__owur const SSL_METHOD *TLSv1_server_method(void))
>  ^
> /tmp/php-build/source/7.2.22/ext/openssl/xp_ssl.c:976:3: warning: ‘TLSv1_1_client_method’ is deprecated [-Wdeprecated-declarations]
>    return is_client ? TLSv1_1_client_method() : TLSv1_1_server_method();
>    ^~~~~~
> In file included from /usr/include/openssl/e_os2.h:13:0,
>                  from /usr/include/openssl/err.h:13,
>                  from /tmp/php-build/source/7.2.22/ext/openssl/php_openssl.h:69,
>                  from /tmp/php-build/source/7.2.22/ext/openssl/xp_ssl.c:32:
> /usr/include/openssl/ssl.h:1860:1: note: declared here
>  DEPRECATEDIN_1_1_0(__owur const SSL_METHOD *TLSv1_1_client_method(void))
>  ^
> /tmp/php-build/source/7.2.22/ext/openssl/xp_ssl.c:976:3: warning: ‘TLSv1_1_server_method’ is deprecated [-Wdeprecated-declarations]
>    return is_client ? TLSv1_1_client_method() : TLSv1_1_server_method();
>    ^~~~~~
> In file included from /usr/include/openssl/e_os2.h:13:0,
>                  from /usr/include/openssl/err.h:13,
>                  from /tmp/php-build/source/7.2.22/ext/openssl/php_openssl.h:69,
>                  from /tmp/php-build/source/7.2.22/ext/openssl/xp_ssl.c:32:
> /usr/include/openssl/ssl.h:1859:1: note: declared here
>  DEPRECATEDIN_1_1_0(__owur const SSL_METHOD *TLSv1_1_server_method(void))
>  ^
> /tmp/php-build/source/7.2.22/ext/openssl/xp_ssl.c:984:3: warning: ‘TLSv1_2_client_method’ is deprecated [-Wdeprecated-declarations]
>    return is_client ? TLSv1_2_client_method() : TLSv1_2_server_method();
>    ^~~~~~
> In file included from /usr/include/openssl/e_os2.h:13:0,
>                  from /usr/include/openssl/err.h:13,
>                  from /tmp/php-build/source/7.2.22/ext/openssl/php_openssl.h:69,
>                  from /tmp/php-build/source/7.2.22/ext/openssl/xp_ssl.c:32:
> /usr/include/openssl/ssl.h:1866:1: note: declared here
>  DEPRECATEDIN_1_1_0(__owur const SSL_METHOD *TLSv1_2_client_method(void))
>  ^
> /tmp/php-build/source/7.2.22/ext/openssl/xp_ssl.c:984:3: warning: ‘TLSv1_2_server_method’ is deprecated [-Wdeprecated-declarations]
>    return is_client ? TLSv1_2_client_method() : TLSv1_2_server_method();
>    ^~~~~~
> In file included from /usr/include/openssl/e_os2.h:13:0,
>                  from /usr/include/openssl/err.h:13,
>                  from /tmp/php-build/source/7.2.22/ext/openssl/php_openssl.h:69,
>                  from /tmp/php-build/source/7.2.22/ext/openssl/xp_ssl.c:32:
> /usr/include/openssl/ssl.h:1865:1: note: declared here
>  DEPRECATEDIN_1_1_0(__owur const SSL_METHOD *TLSv1_2_server_method(void))
>  ^
> /tmp/php-build/source/7.2.22/ext/intl/normalizer/normalizer_normalize.c: In function ‘zif_normalizer_normalize’:
> /tmp/php-build/source/7.2.22/ext/intl/normalizer/normalizer_normalize.c:110:2: warning: ‘unorm_normalize_60’ is deprecated [-Wdeprecated-declarations]
>   size_needed = unorm_normalize( uinput, uinput_len, form, (int32_t) 0 /* options */, uret_buf, uret_len, &status);
>   ^~~~~~~~~~~
> In file included from /usr/include/unicode/platform.h:25:0,
>                  from /usr/include/unicode/ptypes.h:52,
>                  from /usr/include/unicode/umachine.h:46,
>                  from /usr/include/unicode/utypes.h:38,
>                  from /usr/include/unicode/ubrk.h:13,
>                  from ext/intl/php_intl.h:31,
>                  from /tmp/php-build/source/7.2.22/ext/intl/normalizer/normalizer_normalize.c:21:
> /usr/include/unicode/unorm.h:214:1: note: declared here
>  unorm_normalize(const UChar *source, int32_t sourceLength,
>  ^
> /tmp/php-build/source/7.2.22/ext/intl/normalizer/normalizer_normalize.c:133:3: warning: ‘unorm_normalize_60’ is deprecated [-Wdeprecated-declarations]
>    size_needed = unorm_normalize( uinput, uinput_len, form, (int32_t) 0 /* options */, uret_buf, uret_len, &status);
>    ^~~~~~~~~~~
> In file included from /usr/include/unicode/platform.h:25:0,
>                  from /usr/include/unicode/ptypes.h:52,
>                  from /usr/include/unicode/umachine.h:46,
>                  from /usr/include/unicode/utypes.h:38,
>                  from /usr/include/unicode/ubrk.h:13,
>                  from ext/intl/php_intl.h:31,
>                  from /tmp/php-build/source/7.2.22/ext/intl/normalizer/normalizer_normalize.c:21:
> /usr/include/unicode/unorm.h:214:1: note: declared here
>  unorm_normalize(const UChar *source, int32_t sourceLength,
>  ^
> /tmp/php-build/source/7.2.22/ext/intl/normalizer/normalizer_normalize.c: In function ‘zif_normalizer_is_normalized’:
> /tmp/php-build/source/7.2.22/ext/intl/normalizer/normalizer_normalize.c:232:2: warning: ‘unorm_isNormalizedWithOptions_60’ is deprecated [-Wdeprecated-declarations]
>   uret = unorm_isNormalizedWithOptions( uinput, uinput_len, form, (int32_t) 0 /* options */, &status);
>   ^~~~
> In file included from /usr/include/unicode/platform.h:25:0,
>                  from /usr/include/unicode/ptypes.h:52,
>                  from /usr/include/unicode/umachine.h:46,
>                  from /usr/include/unicode/utypes.h:38,
>                  from /usr/include/unicode/ubrk.h:13,
>                  from ext/intl/php_intl.h:31,
>                  from /tmp/php-build/source/7.2.22/ext/intl/normalizer/normalizer_normalize.c:21:
> /usr/include/unicode/unorm.h:309:1: note: declared here
>  unorm_isNormalizedWithOptions(const UChar *src, int32_t srcLength,
>  ^
> /tmp/php-build/source/7.2.22/ext/intl/idn/idn.c: In function ‘php_intl_idn_to’:
> /tmp/php-build/source/7.2.22/ext/intl/idn/idn.c:227:4: warning: ‘uidna_IDNToASCII_60’ is deprecated [-Wdeprecated-declarations]
>     converted_ret_len = uidna_IDNToASCII(ustring, ustring_len, converted, MAXPATHLEN, (int32_t)option, &parse_error, &status);
>     ^~~~~~~~~~~~~~~~~
> In file included from /usr/include/unicode/platform.h:25:0,
>                  from /usr/include/unicode/ptypes.h:52,
>                  from /usr/include/unicode/umachine.h:46,
>                  from /usr/include/unicode/utypes.h:38,
>                  from /usr/include/unicode/uidna.h:22,
>                  from /tmp/php-build/source/7.2.22/ext/intl/idn/idn.c:28:
> /usr/include/unicode/uidna.h:675:1: note: declared here
>  uidna_IDNToASCII(  const UChar* src, int32_t srcLength,
>  ^
> /tmp/php-build/source/7.2.22/ext/intl/idn/idn.c:229:4: warning: ‘uidna_IDNToUnicode_60’ is deprecated [-Wdeprecated-declarations]
>     converted_ret_len = uidna_IDNToUnicode(ustring, ustring_len, converted, MAXPATHLEN, (int32_t)option, &parse_error, &status);
>     ^~~~~~~~~~~~~~~~~
> In file included from /usr/include/unicode/platform.h:25:0,
>                  from /usr/include/unicode/ptypes.h:52,
>                  from /usr/include/unicode/umachine.h:46,
>                  from /usr/include/unicode/utypes.h:38,
>                  from /usr/include/unicode/uidna.h:22,
>                  from /tmp/php-build/source/7.2.22/ext/intl/idn/idn.c:28:
> /usr/include/unicode/uidna.h:722:1: note: declared here
>  uidna_IDNToUnicode(  const UChar* src, int32_t srcLength,
>  ^
> /tmp/php-build/source/7.2.22/ext/mbstring/oniguruma/src/regparse.c: In function ‘onig_scan_unsigned_number’:
> /tmp/php-build/source/7.2.22/ext/mbstring/oniguruma/src/regparse.c:307:29: warning: assignment discards ‘const’ qualifier from pointer target type [-Wdiscarded-qualifiers]
>    if(UNEXPECTED(p > end)) p = end; \
>                              ^
> /tmp/php-build/source/7.2.22/ext/mbstring/oniguruma/src/regparse.c:1547:5: note: in expansion of macro ‘PFETCH’
>      PFETCH(c);
>      ^~~~~~
> /tmp/php-build/source/7.2.22/ext/session/mod_files.c: In function ‘ps_files_cleanup_dir’:
> /tmp/php-build/source/7.2.22/ext/session/mod_files.c:315:2: warning: ‘readdir_r’ is deprecated [-Wdeprecated-declarations]
>   while (php_readdir_r(dir, (struct dirent *) dentry, &entry) == 0 && entry) {
>   ^~~~~
> In file included from /tmp/php-build/source/7.2.22/Zend/zend_virtual_cwd.h:78:0,
>                  from /tmp/php-build/source/7.2.22/main/php.h:470,
>                  from /tmp/php-build/source/7.2.22/ext/session/mod_files.c:55:
> /usr/include/dirent.h:183:12: note: declared here
>  extern int readdir_r (DIR *__restrict __dirp,
>             ^~~~~~~~~
> /tmp/php-build/source/7.2.22/main/streams/plain_wrapper.c: In function ‘php_plain_files_dirstream_read’:
> /tmp/php-build/source/7.2.22/main/streams/plain_wrapper.c:905:2: warning: ‘readdir_r’ is deprecated [-Wdeprecated-declarations]
>   if (php_readdir_r(dir, (struct dirent *)entry, &result) == 0 && result) {
>   ^~
> In file included from /tmp/php-build/source/7.2.22/Zend/zend_virtual_cwd.h:78:0,
>                  from /tmp/php-build/source/7.2.22/main/php.h:470,
>                  from /tmp/php-build/source/7.2.22/main/streams/plain_wrapper.c:21:
> /usr/include/dirent.h:183:12: note: declared here
>  extern int readdir_r (DIR *__restrict __dirp,
>             ^~~~~~~~~
> /tmp/php-build/source/7.2.22/Zend/zend_execute_API.c: In function ‘zend_timeout_handler’:
> /tmp/php-build/source/7.2.22/Zend/zend_execute_API.c:1194:4: warning: ignoring return value of ‘write’, declared with attribute warn_unused_result [-Wunused-result]
>     write(2, log_buffer, MIN(output_len, sizeof(log_buffer)));
>     ^~~~~~~~~~~~~~~~~~~~~~~~~~~~~~~~~~~~~~~~~~~~~~~~~~~~~~~~~
> /tmp/php-build/source/7.2.22/sapi/phpdbg/phpdbg_io.c: In function ‘phpdbg_output_pager’:
> /tmp/php-build/source/7.2.22/sapi/phpdbg/phpdbg_io.c:211:5: warning: ignoring return value of ‘write’, declared with attribute warn_unused_result [-Wunused-result]
>      write(sock, "\r", 1);
>      ^~~~~~~~~~~~~~~~~~~~
> /tmp/php-build/source/7.2.22/sapi/phpdbg/phpdbg_eol.c: In function ‘phpdbg_eol_convert’:
> /tmp/php-build/source/7.2.22/sapi/phpdbg/phpdbg_eol.c:104:7: warning: argument 1 range [18446744071562067968, 18446744073709551615] exceeds maximum object size 9223372036854775807 [-Walloc-size-larger-than=]
>    out = (char *)emalloc(out_len);
> In file included from /tmp/php-build/source/7.2.22/Zend/zend.h:31:0,
>                  from /tmp/php-build/source/7.2.22/main/php.h:35,
>                  from /tmp/php-build/source/7.2.22/sapi/phpdbg/phpdbg.h:38,
>                  from /tmp/php-build/source/7.2.22/sapi/phpdbg/phpdbg_eol.c:23:
> /tmp/php-build/source/7.2.22/Zend/zend_alloc.h:75:31: note: in a call to allocation function ‘_emalloc’ declared here
>  ZEND_API void*  ZEND_FASTCALL _emalloc(size_t size ZEND_FILE_LINE_DC ZEND_FILE_LINE_ORIG_DC) ZEND_ATTRIBUTE_MALLOC ZEND_ATTRIBUTE_ALLOC_SIZE(1);
>                                ^~~~~~~~
> PEAR package PHP_Archive not installed: generated phar will require PHP's phar extension be enabled.

Hello,

I am trying to figure out how to add the `--with-freetype-dir` flag and `php-fpm` to the definitions file.
I have not idea what options I have with the definitions file.

Is there documentation somewhere about what options I have?
Hello,

is there any reason that `--with-kerberos` is a default build flag? It seems that some extensions now check for the flag in current master (7.4). I don't see why, because I guess not much people use Kerberos together with PHP.

For those who having problems compiling PHP 7.4 master, just make sure you have `libkrb5-dev` (Fedora/CentOS) installed or you'll get:

    configure: error: Package requirements (krb5-gssapi krb5) were not met:

Thanks!
Build failed on libicu v63.1-6
Distro: Debian Buster

![2019-03-22-013059_1280x800_scrot](https://user-images.githubusercontent.com/13429802/54774559-057d5680-4c47-11e9-98f2-6669ca7e4b38.png)

````
uname -a 
Linux fedora.localdomain 4.18.18-300.fc29.x86_64 #1 SMP Mon Nov 12 03:12:14 UTC 2018 x86_64 x86_64 x86_64 GNU/Linux

sudo yum install -y redhat-rpm-config \
                 openssl-devel libxcrypt-devel libmcrypt-devel libmhash-devel \
                 libcurl-devel libuuid-devel ncurses-devel \
                 libxml2-devel libxslt-devel expat-devel libyaml-devel \
                 libffi-devel readline-devel gettext-devel \
                 libevent-devel pcre-devel pcre2-devel \
                 libticonv-devel libedit-devel autotrace-devel \
                 bison-devel libicu-devel libtidy-devel \
                 zlib-devel libzip-devel bzip2-devel liblz4-devel liblzma-devel\
                 valgrind-devel libatomic_ops-devel re2c

sudo yum install -y gcc gcc-c++ make sudo autoconf libtool-ltdl-devel gd-devel \
        freetype-devel libxml2-devel libjpeg-devel libpng-devel openssl-devel \
        curl-devel patch libmcrypt-devel libmhash-devel ncurses-devel bzip2 \
        libcap-devel ntp diffutils sendmail iptables unzip cmake wget \
        re2c bison icu libicu libicu-devel net-tools psmisc vim-enhanced


phpenv install 7.2.12

<details>
configure: WARNING: ========================================================
configure: WARNING: Use of bundled libzip is deprecated and will be removed.
configure: WARNING: Some features such as encryption and bzip2 are not available.
configure: WARNING: Use system library and --with-libzip is recommended.
configure: WARNING: ========================================================
cc: error: ext/opcache/.libs/ZendAccelerator.o: No such file or directory
cc: error: ext/opcache/.libs/zend_accelerator_blacklist.o: No such file or directory
cc: error: ext/opcache/.libs/zend_accelerator_debug.o: No such file or directory
cc: error: ext/opcache/.libs/zend_accelerator_hash.o: No such file or directory
cc: error: ext/opcache/.libs/zend_accelerator_module.o: No such file or directory
cc: error: ext/opcache/.libs/zend_persist.o: No such file or directory
cc: error: ext/opcache/.libs/zend_persist_calc.o: No such file or directory
cc: error: ext/opcache/.libs/zend_file_cache.o: No such file or directory
cc: error: ext/opcache/.libs/zend_shared_alloc.o: No such file or directory
cc: error: ext/opcache/.libs/zend_accelerator_util_funcs.o: No such file or directory
cc: error: ext/opcache/.libs/shared_alloc_shm.o: No such file or directory
cc: error: ext/opcache/.libs/shared_alloc_mmap.o: No such file or directory
cc: error: ext/opcache/.libs/shared_alloc_posix.o: No such file or directory
cc: error: ext/opcache/Optimizer/.libs/zend_optimizer.o: No such file or directory
cc: error: ext/opcache/Optimizer/.libs/pass1_5.o: No such file or directory
cc: error: ext/opcache/Optimizer/.libs/pass2.o: No such file or directory
cc: error: ext/opcache/Optimizer/.libs/pass3.o: No such file or directory
cc: error: ext/opcache/Optimizer/.libs/optimize_func_calls.o: No such file or directory
cc: error: ext/opcache/Optimizer/.libs/block_pass.o: No such file or directory
cc: error: ext/opcache/Optimizer/.libs/optimize_temp_vars_5.o: No such file or directory
cc: error: ext/opcache/Optimizer/.libs/nop_removal.o: No such file or directory
cc: error: ext/opcache/Optimizer/.libs/compact_literals.o: No such file or directory
cc: error: ext/opcache/Optimizer/.libs/zend_cfg.o: No such file or directory
cc: error: ext/opcache/Optimizer/.libs/zend_dfg.o: No such file or directory
cc: error: ext/opcache/Optimizer/.libs/dfa_pass.o: No such file or directory
cc: error: ext/opcache/Optimizer/.libs/zend_ssa.o: No such file or directory
cc: error: ext/opcache/Optimizer/.libs/zend_inference.o: No such file or directory
cc: error: ext/opcache/Optimizer/.libs/zend_func_info.o: No such file or directory
cc: error: ext/opcache/Optimizer/.libs/zend_call_graph.o: No such file or directory
cc: error: ext/opcache/Optimizer/.libs/sccp.o: No such file or directory
cc: error: ext/opcache/Optimizer/.libs/scdf.o: No such file or directory
cc: error: ext/opcache/Optimizer/.libs/dce.o: No such file or directory
cc: error: ext/opcache/Optimizer/.libs/compact_vars.o: No such file or directory
cc: error: ext/opcache/Optimizer/.libs/zend_dump.o: No such file or directory
make: *** [Makefile:1570: ext/opcache/opcache.la] Error 1
</details>
````

Inspired by https://github.com/rbenv/ruby-build

PHP with php-build configure options needs only external openssl and icu4c on XCode >= 9.1 (The latest is XCode 10.1).  Now, php-build has detection codes for openssl and icu4c of Homebrew.  But, openssl detection is not working.

I improve openssl detection and more add fallback when detection fails (installing and building openssl from source).
Notice: for maintanance costs, I add fallback to only PHP >= 7.2.  In cases of php < 7.2, this patch only detect Homebrew packages.

See also: #538 

Also includes:

* Improve CI config
* Improve macOS detection

P.S.

I expect anyone improve php-build codes to use new generation codes for maintanance.
resolve #543 

**This is working in progress.  Do not merge.**
Now, `php-build` is breaking on Mojave.
This is the upstream issue of PHP.  However, `php-build` supports many PHP versions ended of supports.  So, we should discussion the road map to fix.

## Reasons

TL;DR:

* Mojave changed the policy of library paths.
* `./configure` of PHP includes some bugs; on older macOS, these are not appeared.
* Therefore, PHP `./configure` with current php-build options cannot detect some necessary library on Mojave.

Details:

Mojave changed the policy (https://developer.apple.com/documentation/xcode_release_notes/xcode_10_release_notes#3035624):
> The command line tools will search the SDK for system headers by default. However, some software may fail to build correctly against the SDK and require macOS headers to be installed in the base system under /usr/include. If you are the maintainer of such software, we encourage you to update your project to work with the SDK or file a bug report for issues that are preventing you from doing so. As a workaround, an extra package is provided which will install the headers to the base system. In a future release, this package will no longer be provided.

In the short term, we can use below command for fallback:
```
sudo installer -pkg /Library/Developer/CommandLineTools/Packages/macOS_SDK_headers_for_macOS_10.14.pkg -target /
```

On the other hand,
* current configure of PHP does not support recommended macOS SDK paths.
* PHP does not support current X11 paths of macOS.
* macOS SDK use `.tbd` extension for library, but, PHP does not support.
* (LDAP library bundled Mojave is not included some necessary symbols for PHP.)

On macOS < Mojave, we use `libxml2`/`zlib`/`bzip2`/`libiconv`/`libedit`/`libpng`/`libjpeg`/`sqlite`/`libcurl` bundled on macOS at `/usr/include`.
However, on Mojave, we cannot use these libraries bundled at `/Library/Developer/CommandLineTools/SDKs/MacOSX10.14.sdk/usr/include` because PHP cannot detect them.

Now, Homebrew give up to use bundled `libiconv`/`libpng`/etc. on Mojave and use Homebrew's ones.  We also can do same.  (Fortunately, because some libraries such as `zlib`/`bzip2` avoid checking of PHP configure and are linked by PHP make, we can use them with just specifing `/Library/Developer/CommandLineTools/SDKs/MacOSX10.14.sdk/usr` as prefix path.)

We can select another way; patch https://github.com/php/php-src/pull/3616 and remove `=/usr` on default configure options.

## See also

Filed bugs:
* https://github.com/phpenv/phpenv/issues/90
* https://bugs.php.net/bug.php?id=76433
* https://bugs.php.net/bug.php?id=77011
* https://github.com/Homebrew/homebrew-core/issues/32916

Patches:
* https://github.com/php/php-src/pull/3616
* https://github.com/Homebrew/homebrew-core/pull/31498
* https://github.com/php/php-src/pull/3472

Related:
* https://github.com/pyenv/pyenv/issues/1219
* https://github.com/Homebrew/homebrew-core/pull/31498
* https://github.com/Homebrew/brew/pull/4335

See also: https://github.com/phpenv/phpenv/issues/90#issuecomment-429624796

Now, on macOS, such command gets error:
```bash
$ php-build 7.2.9 $HOME/.anyenv/envs/phpenv/versions/7.2.9
[Info]: Appending build output to /tmp/php-build.7.2.9.20181015004111.log
[Info]: Loaded extension plugin
[Info]: Loaded apc Plugin.
[Info]: Loaded composer Plugin.
[Info]: Loaded github Plugin.
[Info]: Loaded uprofiler Plugin.
[Info]: Loaded xdebug Plugin.
[Info]: Loaded xhprof Plugin.
[Info]: Loaded zendopcache Plugin.
[Info]: php.ini-production gets used as php.ini
[Info]: Building 7.2.9 into /Users/mizunashi/.anyenv/envs/phpenv/versions/7.2.9
[Skipping]: Already downloaded and extracted https://secure.php.net/distributions/php-7.2.9.tar.bz2
[Preparing]: /var/tmp/php-build/source/7.2.9

-----------------
|  BUILD ERROR  |
-----------------

Here are the last 10 lines from the log:

-----------------------------------------
configure: WARNING: unrecognized options: --with-mcrypt
configure: WARNING: This bison version is not supported for regeneration of the Zend/PHP parsers (found: 2.3, min: 204, excluded: ).
configure: error: Cannot find OpenSSL's <evp.h>
-----------------------------------------

The full Log is available at '/tmp/php-build.7.2.9.20181015004111.log'.
[Warn]: Aborting build.
```

https://github.com/rbenv/ruby-build and https://github.com/pyenv/pyenv/tree/master/plugins/python-build provides fallbacks to use homebrew bundled package or build method to use latest OpenSSL.

ruby-build/python-build's method:
1. Detect os type (https://github.com/rbenv/ruby-build/blob/master/bin/ruby-build#L103)
2. If is macOS, check whether use breaked OpenSSL (https://github.com/rbenv/ruby-build/blob/master/bin/ruby-build#L1015)
    * OpenSSL bundled macOS is always breaks because it is older libreSSL,  so, ruby-build/python-build search Hombrew's OpenSSL.
3. If use breaked OpenSSL, build OpenSSL by sources (https://github.com/rbenv/ruby-build/blob/master/share/ruby-build/2.5.1#L1)

I want this support for PHP.  This support helps also https://github.com/phpenv/phpenv/issues/77 .

[@madumlao 's approach](https://github.com/madumlao/php-build/tree/osx-zlib) is similar.  However, I think this is too expensive.  In my cases, php-build should use macOS bundled zlib/bzip2 as possible.

I would like you to discuss this points and provide more supports for macOS users.
And I report test results of https://github.com/madumlao/php-build/tree/osx-zlib on this issue.