micro service many company deploy in kubernetes, 

please support etcd
使用php:7.3.10-fpm(debian10) 的基础镜像编译报错，大神可否指导一下

![image](https://user-images.githubusercontent.com/44902207/67913472-2556fe80-fbc8-11e9-9baf-a557d70c11c7.png)


#### dockerfile 如下
```
FROM php:7.3.10-fpm

COPY sources.list   /etc/apt/sources.list

RUN apt-get update && apt-get install -y cmake

ENV QCONF_VER 1.2.1

RUN curl -fSL https://github.com/Qihoo360/QConf/archive/${QCONF_VER}.tar.gz -o /tmp/qconf-${QCONF_VER}.tar.gz

RUN cd /tmp/ \
  && ( \
    tar -xf qconf-${QCONF_VER}.tar.gz \
    && rm -f qconf-${QCONF_VER}.tar.gz \
    && cd QConf-${QCONF_VER} \
    && mkdir build \
    && cd build \
    && cmake .. \
    && make -j "$(nproc)" \
    && make install \
    && cd ../driver/php/ \
    && phpize \
    && ./configure --enable-qconf --with-libqconf-dir=/usr/local/qconf/include --enable-static LDFLAGS=/usr/local/lib/libqconf.a \
    && make -j "$(nproc)" \
    && make install \
    && cd ../../../ \
    && rm -fr QConf-${QCONF_VER} \
  ) \
  && docker-php-ext-enable qconf
```

#### CMakeError.log
```
root@ae2443d78b62:/tmp/QConf-1.2.1/build/CMakeFiles# cat CMakeError.log
Determining if the pthread_create exist failed with the following output:
Change Dir: /tmp/QConf-1.2.1/build/CMakeFiles/CMakeTmp

Run Build Command:"/usr/bin/make" "cmTC_37d96/fast"
/usr/bin/make -f CMakeFiles/cmTC_37d96.dir/build.make CMakeFiles/cmTC_37d96.dir/build
make[1]: Entering directory '/tmp/QConf-1.2.1/build/CMakeFiles/CMakeTmp'
Building C object CMakeFiles/cmTC_37d96.dir/CheckSymbolExists.c.o
/usr/bin/cc    -o CMakeFiles/cmTC_37d96.dir/CheckSymbolExists.c.o   -c /tmp/QConf-1.2.1/build/CMakeFiles/CMakeTmp/CheckSymbolExists.c
Linking C executable cmTC_37d96
/usr/bin/cmake -E cmake_link_script CMakeFiles/cmTC_37d96.dir/link.txt --verbose=1
/usr/bin/cc      -rdynamic CMakeFiles/cmTC_37d96.dir/CheckSymbolExists.c.o  -o cmTC_37d96
/usr/bin/ld: CMakeFiles/cmTC_37d96.dir/CheckSymbolExists.c.o: in function `main':
CheckSymbolExists.c:(.text+0x1b): undefined reference to `pthread_create'
collect2: error: ld returned 1 exit status
make[1]: *** [CMakeFiles/cmTC_37d96.dir/build.make:87: cmTC_37d96] Error 1
make[1]: Leaving directory '/tmp/QConf-1.2.1/build/CMakeFiles/CMakeTmp'
make: *** [Makefile:121: cmTC_37d96/fast] Error 2

File /tmp/QConf-1.2.1/build/CMakeFiles/CMakeTmp/CheckSymbolExists.c:
/* */
#include <pthread.h>

int main(int argc, char** argv)
{
  (void)argv;
#ifndef pthread_create
  return ((int*)(&pthread_create))[argc];
#else
  (void)argc;
  return 0;
#endif
}

Determining if the function pthread_create exists in the pthreads failed with the following output:
Change Dir: /tmp/QConf-1.2.1/build/CMakeFiles/CMakeTmp

Run Build Command:"/usr/bin/make" "cmTC_b2d8c/fast"
/usr/bin/make -f CMakeFiles/cmTC_b2d8c.dir/build.make CMakeFiles/cmTC_b2d8c.dir/build
make[1]: Entering directory '/tmp/QConf-1.2.1/build/CMakeFiles/CMakeTmp'
Building C object CMakeFiles/cmTC_b2d8c.dir/CheckFunctionExists.c.o
/usr/bin/cc   -DCHECK_FUNCTION_EXISTS=pthread_create   -o CMakeFiles/cmTC_b2d8c.dir/CheckFunctionExists.c.o   -c /usr/share/cmake-3.13/Modules/CheckFunctionExists.c
Linking C executable cmTC_b2d8c
/usr/bin/cmake -E cmake_link_script CMakeFiles/cmTC_b2d8c.dir/link.txt --verbose=1
/usr/bin/cc  -DCHECK_FUNCTION_EXISTS=pthread_create    -rdynamic CMakeFiles/cmTC_b2d8c.dir/CheckFunctionExists.c.o  -o cmTC_b2d8c -lpthreads
/usr/bin/ld: cannot find -lpthreads
collect2: error: ld returned 1 exit status
make[1]: *** [CMakeFiles/cmTC_b2d8c.dir/build.make:87: cmTC_b2d8c] Error 1
make[1]: Leaving directory '/tmp/QConf-1.2.1/build/CMakeFiles/CMakeTmp'
make: *** [Makefile:121: cmTC_b2d8c/fast] Error 2
```

#### 部分 CMakeOutput.log
```
    ......
    Feature record: CXX_FEATURE:0cxx_variadic_macros
    Feature record: CXX_FEATURE:0cxx_variadic_templates
Determining if the include file pthread.h exists passed with the following output:
Change Dir: /tmp/QConf-1.2.1/build/CMakeFiles/CMakeTmp

Run Build Command:"/usr/bin/make" "cmTC_30a8f/fast"
/usr/bin/make -f CMakeFiles/cmTC_30a8f.dir/build.make CMakeFiles/cmTC_30a8f.dir/build
make[1]: Entering directory '/tmp/QConf-1.2.1/build/CMakeFiles/CMakeTmp'
Building C object CMakeFiles/cmTC_30a8f.dir/CheckIncludeFile.c.o
/usr/bin/cc    -o CMakeFiles/cmTC_30a8f.dir/CheckIncludeFile.c.o   -c /tmp/QConf-1.2.1/build/CMakeFiles/CMakeTmp/CheckIncludeFile.c
Linking C executable cmTC_30a8f
/usr/bin/cmake -E cmake_link_script CMakeFiles/cmTC_30a8f.dir/link.txt --verbose=1
/usr/bin/cc      -rdynamic CMakeFiles/cmTC_30a8f.dir/CheckIncludeFile.c.o  -o cmTC_30a8f
make[1]: Leaving directory '/tmp/QConf-1.2.1/build/CMakeFiles/CMakeTmp'


Determining if the function pthread_create exists in the pthread passed with the following output:
Change Dir: /tmp/QConf-1.2.1/build/CMakeFiles/CMakeTmp

Run Build Command:"/usr/bin/make" "cmTC_75b4b/fast"
/usr/bin/make -f CMakeFiles/cmTC_75b4b.dir/build.make CMakeFiles/cmTC_75b4b.dir/build
make[1]: Entering directory '/tmp/QConf-1.2.1/build/CMakeFiles/CMakeTmp'
Building C object CMakeFiles/cmTC_75b4b.dir/CheckFunctionExists.c.o
/usr/bin/cc   -DCHECK_FUNCTION_EXISTS=pthread_create   -o CMakeFiles/cmTC_75b4b.dir/CheckFunctionExists.c.o   -c /usr/share/cmake-3.13/Modules/CheckFunctionExists.c
Linking C executable cmTC_75b4b
/usr/bin/cmake -E cmake_link_script CMakeFiles/cmTC_75b4b.dir/link.txt --verbose=1
/usr/bin/cc  -DCHECK_FUNCTION_EXISTS=pthread_create    -rdynamic CMakeFiles/cmTC_75b4b.dir/CheckFunctionExists.c.o  -o cmTC_75b4b -lpthread
make[1]: Leaving directory '/tmp/QConf-1.2.1/build/CMakeFiles/CMakeTmp'
```

Scanning dependencies of target qconf_agent
[  2%] Building CXX object agent/CMakeFiles/qconf_agent.dir/qconf_agent.cc.o
[  4%] Building CXX object agent/CMakeFiles/qconf_agent.dir/qconf_cmd.cc.o
[  6%] Building CXX object agent/CMakeFiles/qconf_agent.dir/qconf_config.cc.o
[  9%] Building CXX object agent/CMakeFiles/qconf_agent.dir/qconf_daemon.cc.o
[ 11%] Building CXX object agent/CMakeFiles/qconf_agent.dir/qconf_dump.cc.o
[ 13%] Building CXX object agent/CMakeFiles/qconf_agent.dir/qconf_feedback.cc.o
[ 16%] Building CXX object agent/CMakeFiles/qconf_agent.dir/qconf_gray.cc.o
[ 18%] Building CXX object agent/CMakeFiles/qconf_agent.dir/qconf_lock.cc.o
[ 20%] Building CXX object agent/CMakeFiles/qconf_agent.dir/qconf_script.cc.o
[ 23%] Building CXX object agent/CMakeFiles/qconf_agent.dir/qconf_watcher.cc.o
[ 25%] Building CXX object agent/CMakeFiles/qconf_agent.dir/qconf_zoo.cc.o
[ 27%] Building CXX object agent/CMakeFiles/qconf_agent.dir/__/base/qconf_format.cc.o
[ 30%] Building CXX object agent/CMakeFiles/qconf_agent.dir/__/base/qconf_log.cc.o
[ 32%] Building CXX object agent/CMakeFiles/qconf_agent.dir/__/base/qconf_msg.cc.o
[ 34%] Building CXX object agent/CMakeFiles/qconf_agent.dir/__/base/qconf_shm.cc.o
[ 37%] Building CXX object agent/CMakeFiles/qconf_agent.dir/__/base/qlibc/md5.c.o
clang: warning: treating 'c' input as 'c++' when in C++ mode, this behavior is deprecated [-Wdeprecated]
[ 39%] Building CXX object agent/CMakeFiles/qconf_agent.dir/__/base/qlibc/qhash.c.o
clang: warning: treating 'c' input as 'c++' when in C++ mode, this behavior is deprecated [-Wdeprecated]
[ 41%] Building CXX object agent/CMakeFiles/qconf_agent.dir/__/base/qlibc/qhasharr.c.o
clang: warning: treating 'c' input as 'c++' when in C++ mode, this behavior is deprecated [-Wdeprecated]
[ 44%] Linking CXX executable qconf_agent
Undefined symbols for architecture x86_64:
  "_libintl_dgettext", referenced from:
      _gdbm_strerror in libgdbm.a(gdbmerrno.o)
      _gdbm_fetch in libgdbm.a(gdbmfetch.o)
      _gdbm_store in libgdbm.a(gdbmstore.o)
      __gdbm_alloc in libgdbm.a(falloc.o)
      _push_avail_block in libgdbm.a(falloc.o)
      __gdbm_end_update in libgdbm.a(update.o)
      __gdbm_fatal in libgdbm.a(update.o)
      ...
ld: symbol(s) not found for architecture x86_64
clang: error: linker command failed with exit code 1 (use -v to see invocation)
make[2]: *** [agent/qconf_agent] Error 1
make[1]: *** [agent/CMakeFiles/qconf_agent.dir/all] Error 2
make: *** [all] Error 2
add docker suport 
just use `docker pull xidianwlc/qconf:1.2.1` that can use qconf
docer hub repo: https://cloud.docker.com/repository/docker/xidianwlc/qconf
> error: command 'clang' failed with exit status 1 
> mac 版本 10.13.6 
> xcode-select version 2349.
```
running build
running build_ext
building 'qconf_py' extension
clang -Wno-unused-result -Wsign-compare -Wunreachable-code -fno-common -dynamic -DNDEBUG -g -fwrapv -O3 -Wall -isysroot /Applications/Xcode.app/Contents/Developer/Platforms/MacOSX.platform/Developer/SDKs/MacOSX10.14.sdk -I/Applications/Xcode.app/Contents/Developer/Platforms/MacOSX.platform/Developer/SDKs/MacOSX10.14.sdk/usr/include -I/Applications/Xcode.app/Contents/Developer/Platforms/MacOSX.platform/Developer/SDKs/MacOSX10.14.sdk/System/Library/Frameworks/Tk.framework/Versions/8.5/Headers -I/usr/local/include/qconf -I/usr/local/Cellar/python/3.7.2_2/Frameworks/Python.framework/Versions/3.7/include/python3.7m -c lib/python_qconf.cc -o build/temp.macosx-10.13-x86_64-3.7/lib/python_qconf.o
lib/python_qconf.cc:2:10: fatal error: 'qconf.h' file not found
#include "qconf.h"
         ^~~~~~~~~
1 error generated.
error: command 'clang' failed with exit status 1
```
php7 环境编译 manager/src/php-7/ 扩展 QConfZK   
循环操作多个ZK地址时，第一个ZK可以操作成功，第二个ZK就会抛出段错误，zookeeper_close处报错

coredump信息如下:
```
GNU gdb (GDB) Red Hat Enterprise Linux 7.6.1-114.el7
Copyright (C) 2013 Free Software Foundation, Inc.
License GPLv3+: GNU GPL version 3 or later <http://gnu.org/licenses/gpl.html>
This is free software: you are free to change and redistribute it.
There is NO WARRANTY, to the extent permitted by law.  Type "show copying"
and "show warranty" for details.
This GDB was configured as "x86_64-redhat-linux-gnu".
For bug reporting instructions, please see:
<http://www.gnu.org/software/gdb/bugs/>...
Reading symbols from /usr/bin/php...Reading symbols from /usr/bin/php...(no debugging symbols found)...done.
(no debugging symbols found)...done.
[New LWP 16969]
[New LWP 16970]
[New LWP 16971]
[New LWP 16973]
[New LWP 16974]
[Thread debugging using libthread_db enabled]
Using host libthread_db library "/lib64/libthread_db.so.1".
Core was generated by `php test.php'.
Program terminated with signal 11, Segmentation fault.
#0  0x00007f770adf3bd0 in QConfZK::zk_close (this=0x9167210fb2dae4cf) at /data/build/QConf/manager/src/c/qconf_zk.cc:68
68	    zookeeper_close(zh);
Missing separate debuginfos, use: debuginfo-install php-cli-7.1.28-1.el7.remi.x86_64
(gdb) bt
#0  0x00007f770adf3bd0 in QConfZK::zk_close (this=0x9167210fb2dae4cf) at /data/build/QConf/manager/src/c/qconf_zk.cc:68
#1  0x000055d93f049835 in zend_call_function ()
#2  0x000055d93f0784c4 in zend_call_method ()
#3  0x000055d93f093c14 in zend_objects_destroy_object ()
#4  0x000055d93f0991cc in zend_objects_store_del ()
#5  0x000055d93f0a4f99 in ZEND_ASSIGN_SPEC_CV_VAR_RETVAL_UNUSED_HANDLER ()
#6  0x000055d93f0a3f1b in execute_ex ()
#7  0x000055d93f0ff7e8 in zend_execute ()
#8  0x000055d93f059ca3 in zend_execute_scripts ()
#9  0x000055d93eff5500 in php_execute_script ()
#10 0x000055d93f101a4c in do_cli ()
#11 0x000055d93ee8609a in main ()
```
ld: symbol(s) not found for architecture x86_64
  "_libssh2_sftp_read", referenced from:
      _sftp_recv in libcurl.a(libcurl_la-ssh.o)
  "_libssh2_sftp_readdir_ex", referenced from:
      _ssh_statemach_act in libcurl.a(libcurl_la-ssh.o)
  "_libssh2_sftp_rename_ex", referenced from:
      _ssh_statemach_act in libcurl.a(libcurl_la-ssh.o)
  "_libssh2_sftp_rmdir_ex", referenced from:
      _ssh_statemach_act in libcurl.a(libcurl_la-ssh.o)
  "_libssh2_sftp_seek64", referenced from:
      _ssh_statemach_act in libcurl.a(libcurl_la-ssh.o)
  "_libssh2_sftp_shutdown", referenced from:
      _ssh_statemach_act in libcurl.a(libcurl_la-ssh.o)
  "_libssh2_sftp_stat_ex", referenced from:
      _ssh_statemach_act in libcurl.a(libcurl_la-ssh.o)
  "_libssh2_sftp_symlink_ex", referenced from:
      _ssh_statemach_act in libcurl.a(libcurl_la-ssh.o)
  "_libssh2_sftp_unlink_ex", referenced from:
      _ssh_statemach_act in libcurl.a(libcurl_la-ssh.o)
  "_libssh2_sftp_write", referenced from:
      _sftp_send in libcurl.a(libcurl_la-ssh.o)
  "_libssh2_userauth_authenticated", referenced from:
      _ssh_statemach_act in libcurl.a(libcurl_la-ssh.o)
  "_libssh2_userauth_keyboard_interactive_ex", referenced from:
      _ssh_statemach_act in libcurl.a(libcurl_la-ssh.o)
  "_libssh2_userauth_list", referenced from:
      _ssh_statemach_act in libcurl.a(libcurl_la-ssh.o)
  "_libssh2_userauth_password_ex", referenced from:
      _ssh_statemach_act in libcurl.a(libcurl_la-ssh.o)
  "_libssh2_userauth_publickey_fromfile_ex", referenced from:
      _ssh_statemach_act in libcurl.a(libcurl_la-ssh.o)

ld: symbol(s) not found for architecture x86_64
clang: error: linker command failed with exit code 1 (use -v to see invocation)
make[2]: *** [agent/qconf_agent] Error 1
make[1]: *** [agent/CMakeFiles/qconf_agent.dir/all] Error 2
可以在windows平台运行么

“#”注释必须放在每行开头，否则解析失败产生以下报错：

2019/01/18 17:51:00 - [pid: 19513][ERROR][qconf_config.cc 137] - error happened when execute regex error: No match
2019/01/18 17:51:00 - [pid: 19513][ERROR][qconf_config.cc 212] - Invalid of ip_port: 127.0.0.1:2182
2019/01/18 17:51:00 - [pid: 19513][ERROR][qconf_config.cc 334] - Invalid ips of idc! line_num:8, idc:product, value:127.0.0.1:2181,127.0.0.1:2182,127.0.0.1:2183