# No Template

When i install linear gradient lib in react native version 61.5 App crash 
after uninstall the app my app work fine
I want to know does it is supported this repeating-linear-gradient() like in web-development.
I will be very thankful to you
# Summary

Upgrade ref registration to modern `createRef`

Results in minor performance improvement(no need to create ref function every render)


My React Native version is 0.61.5 after installing react-native-linear-gradient library app crashes. When i uninstalled the library app starts working again. Please remove this bug asap.
Hello everyone, I have a problem and would like to know if you have had the same problem.
**library not found for -LBVLinearGradient**

I already did it
```
npm install react-native-linear-gradient --save
cd ios
pod install
cd ..
react-native link react-native-linear-gradient
```

package.json

```
"react": "16.8.6",
"react-native": "0.59.10",
"react-native-linear-gradient": "2.5.3",
```

Xcode Version 11.3 (11C29)

I appreciate if someone can help me

# Bug

I followed the instructions and wasn't able to get it to work. Since my RN version is below 0.60, I ran linking and then followed the manual installation instructions. Afterward, I copied and pasted the code that was used in the "Simple" section to test if it worked. There was no gradient or text rendered to the screen. Text outside of `<LinearGradient>` does appear. 

## Environment info

  React Native Environment Info:
    System:
      OS: macOS 10.14.6
      CPU: (8) x64 Intel(R) Core(TM) i7-4770HQ CPU @ 2.20GHz
      Memory: 542.91 MB / 16.00 GB
      Shell: 5.3 - /bin/zsh
    Binaries:
      Node: 10.16.0 - ~/.nvm/versions/node/v10.16.0/bin/node
      Yarn: 1.6.0 - /usr/local/bin/yarn
      npm: 6.11.3 - ~/.nvm/versions/node/v10.16.0/bin/npm
      Watchman: 4.9.0 - /usr/local/bin/watchman
    SDKs:
      iOS SDK:
        Platforms: iOS 13.2, DriverKit 19.0, macOS 10.15, tvOS 13.2, watchOS 6.1
    IDEs:
      Android Studio: 3.5 AI-191.8026.42.35.5900203
      Xcode: 11.2.1/11B500 - /usr/bin/xcodebuild
    npmPackages:
      react: 16.8.3 => 16.8.3
      react-native: 0.59.5 => 0.59.5
    npmGlobalPackages:
      react-native-create-library: 3.1.2



Library version: 2.5.6



# Bug

```
This is likely happening when upgrading React Native from below 0.60 to 0.60 or above. Going forward, you can unlink this dependency via "react-native unlink <dependency>" and it will be included in your app automatically. If a library isn't compatible with autolinking, disregard this message and notify the library maintainers.
Read more about autolinking: https://github.com/react-native-community/cli/blob/master/docs/autolinking.md
info Running jetifier to migrate libraries to AndroidX. You can disable it using "--no-jetifier" flag.
Jetifier found 896 file(s) to forward-jetify. Using 8 workers...
info Starting JS server...
info Installing the app...
> **Task :react-native-linear-gradient:compileDebugJavaWithJavac FAILED**

Deprecated Gradle features were used in this build, making it incompatible with Gradle 6.0.
Use '--warning-mode all' to show the individual deprecation warnings.
See https://docs.gradle.org/5.5/userguide/command_line_interface.html#sec:command_line_warnings
16 actionable tasks: 2 executed, 14 up-to-date

FAILURE: Build failed with an exception.
```

## Environment info

```
  "react": "16.9.0",
    "react-native": "0.61.5",
    "react-native-linear-gradient": "^2.0.0",
    "react-native-router-flux": "^4.0.6",
    "react-native-vector-icons": "^6.6.0"
```

React native info output:

```bash
 // paste it here
```

Library version: x.x.x

## Steps To Reproduce

<!--
 Issues without reproduction steps or code are likely to stall.
-->

1.
2.
...

Describe what you expected to happen:

1.
2.

## Reproducible sample code

<!--
 Please add to your issue a repro, a fresh codebase with the minimal changes so that the bug can be tested in isolation
-->

In my system with the same version of Xcode 11.0 and node 12.x app builds and runs successfully 
But in the app center getting this error:
Xcode 11.0:
```bash
CompileC /Users/runner/Library/Developer/Xcode/DerivedData/Magny-buhbcdipxprbapgsyidtwyykymwb/Build/Intermediates.noindex/ArchiveIntermediates/Magny/IntermediateBuildFilesPath/Pods.build/Release-iphoneos/BVLinearGradient.build/Objects-normal/armv7/BVLinearGradient.o /Users/runner/runners/2.160.0/work/1/s/node_modules/react-native-linear-gradient/BVLinearGradient/BVLinearGradient.m normal armv7 objective-c com.apple.compilers.llvm.clang.1_0.compiler
    cd /Users/runner/runners/2.160.0/work/1/s/ios/Pods
    export LANG=en_US.US-ASCII
    export PATH="/Applications/Xcode_11.app/Contents/Developer/Platforms/iPhoneOS.platform/Developer/usr/bin:/Applications/Xcode_11.app/Contents/Developer/usr/bin:/Library/Frameworks/Mono.framework/Versions/4/bin:/Users/runner/.nvm/versions/node/v12.13.0/bin:/usr/local/lib/ruby/gems/2.6.0/bin:/usr/local/opt/ruby/bin:/usr/local/opt/curl/bin:/usr/local/bin:/usr/local/sbin:/Users/runner/bin:/Users/runner/.yarn/bin:/usr/local/go/bin:/Users/runner/Library/Android/sdk/tools:/Users/runner/Library/Android/sdk/platform-tools:/Users/runner/Library/Android/sdk/ndk-bundle:/Library/Frameworks/Mono.framework/Versions/Current/Commands:/usr/bin:/bin:/usr/sbin:/sbin:/Users/runner/.azcopy"
    /Applications/Xcode_11.app/Contents/Developer/Toolchains/XcodeDefault.xctoolchain/usr/bin/clang -x objective-c -target armv7-apple-ios7.0 -fmessage-length=0 -fdiagnostics-show-note-include-stack -fmacro-backtrace-limit=0 -std=gnu11 -fobjc-arc -fobjc-weak -fmodules -fmodules-cache-path=/Users/runner/Library/Developer/Xcode/DerivedData/ModuleCache.noindex -fmodules-prune-interval=86400 -fmodules-prune-after=345600 -fbuild-session-file=/Users/runner/Library/Developer/Xcode/DerivedData/ModuleCache.noindex/Session.modulevalidation -fmodules-validate-once-per-build-session -Wnon-modular-include-in-framework-module -Werror=non-modular-include-in-framework-module -Wno-trigraphs -fpascal-strings -Os -fno-common -Wno-missing-field-initializers -Wno-missing-prototypes -Werror=return-type -Wdocumentation -Wunreachable-code -Wno-implicit-atomic-properties -Werror=deprecated-objc-isa-usage -Wno-objc-interface-ivars -Werror=objc-root-class -Wno-arc-repeated-use-of-weak -Wimplicit-retain-self -Wduplicate-method-match -Wn...
In file included from /Users/runner/runners/2.160.0/work/1/s/node_modules/react-native-linear-gradient/BVLinearGradient/BVLinearGradient.m:1:
/Users/runner/runners/2.160.0/work/1/s/node_modules/react-native-linear-gradient/BVLinearGradient/BVLinearGradient.h:1:9: fatal error: 'React/RCTView.h' file not found
#import <React/RCTView.h>
        ^~~~~~~~~~~~~~~~~
1 error generated.
```
Xcode 11.2 :
```bash
CompileC /Users/runner/Library/Developer/Xcode/DerivedData/Magny-buhbcdipxprbapgsyidtwyykymwb/Build/Intermediates.noindex/ArchiveIntermediates/Magny/IntermediateBuildFilesPath/Pods.build/Release-iphoneos/BVLinearGradient.build/Objects-normal/armv7/BVLinearGradientManager.o /Users/runner/runners/2.160.0/work/1/s/node_modules/react-native-linear-gradient/BVLinearGradient/BVLinearGradientManager.m normal armv7 objective-c com.apple.compilers.llvm.clang.1_0.compiler
    cd /Users/runner/runners/2.160.0/work/1/s/ios/Pods
    export LANG=en_US.US-ASCII
    export PATH="/Applications/Xcode_11.2.app/Contents/Developer/Platforms/iPhoneOS.platform/Developer/usr/bin:/Applications/Xcode_11.2.app/Contents/Developer/usr/bin:/Library/Frameworks/Mono.framework/Versions/4/bin:/Users/runner/.nvm/versions/node/v12.13.0/bin:/usr/local/lib/ruby/gems/2.6.0/bin:/usr/local/opt/ruby/bin:/usr/local/opt/curl/bin:/usr/local/bin:/usr/local/sbin:/Users/runner/bin:/Users/runner/.yarn/bin:/usr/local/go/bin:/Users/runner/Library/Android/sdk/tools:/Users/runner/Library/Android/sdk/platform-tools:/Users/runner/Library/Android/sdk/ndk-bundle:/Library/Frameworks/Mono.framework/Versions/Current/Commands:/usr/bin:/bin:/usr/sbin:/sbin:/Users/runner/.azcopy"
    /Applications/Xcode_11.2.app/Contents/Developer/Toolchains/XcodeDefault.xctoolchain/usr/bin/clang -x objective-c -target armv7-apple-ios7.0 -fmessage-length=0 -fdiagnostics-show-note-include-stack -fmacro-backtrace-limit=0 -std=gnu11 -fobjc-arc -fobjc-weak -fmodules -fmodules-cache-path=/Users/runner/Library/Developer/Xcode/DerivedData/ModuleCache.noindex -fmodules-prune-interval=86400 -fmodules-prune-after=345600 -fbuild-session-file=/Users/runner/Library/Developer/Xcode/DerivedData/ModuleCache.noindex/Session.modulevalidation -fmodules-validate-once-per-build-session -Wnon-modular-include-in-framework-module -Werror=non-modular-include-in-framework-module -Wno-trigraphs -fpascal-strings -Os -fno-common -Wno-missing-field-initializers -Wno-missing-prototypes -Werror=return-type -Wdocumentation -Wunreachable-code -Wno-implicit-atomic-properties -Werror=deprecated-objc-isa-usage -Wno-objc-interface-ivars -Werror=objc-root-class -Wno-arc-repeated-use-of-weak -Wimplicit-retain-self -Wduplicate-method-match -Wno-missing-braces -Wparentheses -Wswitch -Wunused-function -Wno-unused-label -Wno-unused-parameter -Wunused-variable -Wunused-value -Wempty-body -Wuninitialized -Wconditional-uninitialized -Wno-unknown-pragmas -Wno-shadow -Wno-four-char-constants -Wno-conversion -Wconstant-conversion -Wint-conversion -Wbool-conversion -Wenum-conversion -Wno-float-conversion -Wnon-literal-null-conversion -Wobjc-literal-conversion -Wshorten-64-to-32 -Wpointer-sign -Wno-newline-eof -Wno-selector -Wno-strict-selector-match -Wundeclared-selector -Wdeprecated-implementations -DPOD_CONFIGURATION_RELEASE=1 -DCOCOAPODS=1 -DNS_BLOCK_ASSERTIONS=1 -DOBJC_OLD_DISPATCH_PROTOTYPES=0 -isysroot /Applications/Xcode_11.2.app/Contents/Developer/Platforms/iPhoneOS.platform/Developer/SDKs/iPhoneOS13.2.sdk -fstrict-aliasing -Wprotocol -Wdeprecated-declarations -g -Wno-sign-conversion -Winfinite-recursion -Wcomma -Wblock-capture-autoreleasing -Wstrict-prototypes -Wno-semicolon-before-method-body -Wunguarded-availability -fembed-bitcode -iquote /Users/runner/Library/Developer/Xcode/DerivedData/Magny-buhbcdipxprbapgsyidtwyykymwb/Build/Intermediates.noindex/ArchiveIntermediates/Magny/IntermediateBuildFilesPath/Pods.build/Release-iphoneos/BVLinearGradient.build/BVLinearGradient-generated-files.hmap -I/Users/runner/Library/Developer/Xcode/DerivedData/Magny-buhbcdipxprbapgsyidtwyykymwb/Build/Intermediates.noindex/ArchiveIntermediates/Magny/IntermediateBuildFilesPath/Pods.build/Release-iphoneos/BVLinearGradient.build/BVLinearGradient-own-target-headers.hmap -I/Users/runner/Library/Developer/Xcode/DerivedData/Magny-buhbcdipxprbapgsyidtwyykymwb/Build/Intermediates.noindex/ArchiveIntermediates/Magny/IntermediateBuildFilesPath/Pods.build/Release-iphoneos/BVLinearGradient.build/BVLinearGradient-all-target-headers.hmap -iquote /Users/runner/Library/Developer/Xcode/DerivedData/Magny-buhbcdipxprbapgsyidtwyykymwb/Build/Intermediates.noindex/ArchiveIntermediates/Magny/IntermediateBuildFilesPath/Pods.build/Release-iphoneos/BVLinearGradient.build/BVLinearGradient-project-headers.hmap -I/Users/runner/Library/Developer/Xcode/DerivedData/Magny-buhbcdipxprbapgsyidtwyykymwb/Build/Intermediates.noindex/ArchiveIntermediates/Magny/BuildProductsPath/Release-iphoneos/BVLinearGradient/include -I/Users/runner/runners/2.160.0/work/1/s/ios/Pods/Headers/Private -I/Users/runner/runners/2.160.0/work/1/s/ios/Pods/Headers/Private/BVLinearGradient -I/Users/runner/runners/2.160.0/work/1/s/ios/Pods/Headers/Public -I/Users/runner/runners/2.160.0/work/1/s/ios/Pods/Headers/Public/BVLinearGradient -I/Users/runner/runners/2.160.0/work/1/s/ios/Pods/Headers/Public/DoubleConversion -I/Users/runner/runners/2.160.0/work/1/s/ios/Pods/Headers/Public/React-Core -I/Users/runner/runners/2.160.0/work/1/s/ios/Pods/Headers/Public/React-RCTBlob -I/Users/runner/runners/2.160.0/work/1/s/ios/Pods/Headers/Public/React-RCTText -I/Users/runner/runners/2.160.0/work/1/s/ios/Pods/Headers/Public/React-cxxreact -I/Users/runner/runners/2.160.0/work/1/s/ios/Pods/Headers/Public/React-jsi -I/Users/runner/runners/2.160.0/work/1/s/ios/Pods/Headers/Public/React-jsiexecutor -I/Users/runner/runners/2.160.0/work/1/s/ios/Pods/Headers/Public/React-jsinspector -I/Users/runner/runners/2.160.0/work/1/s/ios/Pods/Headers/Public/Yoga -I/Users/runner/runners/2.160.0/work/1/s/ios/Pods/Headers/Public/glog -I/Users/runner/Library/Developer/Xcode/DerivedData/Magny-buhbcdipxprbapgsyidtwyykymwb/Build/Intermediates.noindex/ArchiveIntermediates/Magny/IntermediateBuildFilesPath/Pods.build/Release-iphoneos/BVLinearGradient.build/DerivedSources-normal/armv7 -I/Users/runner/Library/Developer/Xcode/DerivedData/Magny-buhbcdipxprbapgsyidtwyykymwb/Build/Intermediates.noindex/ArchiveIntermediates/Magny/IntermediateBuildFilesPath/Pods.build/Release-iphoneos/BVLinearGradient.build/DerivedSources/armv7 -I/Users/runner/Library/Developer/Xcode/DerivedData/Magny-buhbcdipxprbapgsyidtwyykymwb/Build/Intermediates.noindex/ArchiveIntermediates/Magny/IntermediateBuildFilesPath/Pods.build/Release-iphoneos/BVLinearGradient.build/DerivedSources -F/Users/runner/Library/Developer/Xcode/DerivedData/Magny-buhbcdipxprbapgsyidtwyykymwb/Build/Intermediates.noindex/ArchiveIntermediates/Magny/BuildProductsPath/Release-iphoneos/BVLinearGradient -include /Users/runner/runners/2.160.0/work/1/s/ios/Pods/Target\ Support\ Files/BVLinearGradient/BVLinearGradient-prefix.pch -MMD -MT dependencies -MF /Users/runner/Library/Developer/Xcode/DerivedData/Magny-buhbcdipxprbapgsyidtwyykymwb/Build/Intermediates.noindex/ArchiveIntermediates/Magny/IntermediateBuildFilesPath/Pods.build/Release-iphoneos/BVLinearGradient.build/Objects-normal/armv7/BVLinearGradientManager.d --serialize-diagnostics /Users/runner/Library/Developer/Xcode/DerivedData/Magny-buhbcdipxprbapgsyidtwyykymwb/Build/Intermediates.noindex/ArchiveIntermediates/Magny/IntermediateBuildFilesPath/Pods.build/Release-iphoneos/BVLinearGradient.build/Objects-normal/armv7/BVLinearGradientManager.dia -c /Users/runner/runners/2.160.0/work/1/s/node_modules/react-native-linear-gradient/BVLinearGradient/BVLinearGradientManager.m -o /Users/runner/Library/Developer/Xcode/DerivedData/Magny-buhbcdipxprbapgsyidtwyykymwb/Build/Intermediates.noindex/ArchiveIntermediates/Magny/IntermediateBuildFilesPath/Pods.build/Release-iphoneos/BVLinearGradient.build/Objects-normal/armv7/BVLinearGradientManager.o
In file included from /Users/runner/runners/2.160.0/work/1/s/node_modules/react-native-linear-gradient/BVLinearGradient/BVLinearGradientManager.m:1:
/Users/runner/runners/2.160.0/work/1/s/node_modules/react-native-linear-gradient/BVLinearGradient/BVLinearGradientManager.h:1:9: fatal error: 'React/RCTViewManager.h' file not found
#import <React/RCTViewManager.h>
        ^~~~~~~~~~~~~~~~~~~~~~~~

CompileC /Users/runner/Library/Developer/Xcode/DerivedData/Magny-buhbcdipxprbapgsyidtwyykymwb/Build/Intermediates.noindex/ArchiveIntermediates/Magny/IntermediateBuildFilesPath/Pods.build/Release-iphoneos/BVLinearGradient.build/Objects-normal/armv7/BVLinearGradient.o /Users/runner/runners/2.160.0/work/1/s/node_modules/react-native-linear-gradient/BVLinearGradient/BVLinearGradient.m normal armv7 objective-c com.apple.compilers.llvm.clang.1_0.compiler
    cd /Users/runner/runners/2.160.0/work/1/s/ios/Pods
    export LANG=en_US.US-ASCII
    export PATH="/Applications/Xcode_11.2.app/Contents/Developer/Platforms/iPhoneOS.platform/Developer/usr/bin:/Applications/Xcode_11.2.app/Contents/Developer/usr/bin:/Library/Frameworks/Mono.framework/Versions/4/bin:/Users/runner/.nvm/versions/node/v12.13.0/bin:/usr/local/lib/ruby/gems/2.6.0/bin:/usr/local/opt/ruby/bin:/usr/local/opt/curl/bin:/usr/local/bin:/usr/local/sbin:/Users/runner/bin:/Users/runner/.yarn/bin:/usr/local/go/bin:/Users/runner/Library/Android/sdk/tools:/Users/runner/Library/Android/sdk/platform-tools:/Users/runner/Library/Android/sdk/ndk-bundle:/Library/Frameworks/Mono.framework/Versions/Current/Commands:/usr/bin:/bin:/usr/sbin:/sbin:/Users/runner/.azcopy"
    /Applications/Xcode_11.2.app/Contents/Developer/Toolchains/XcodeDefault.xctoolchain/usr/bin/clang -x objective-c -target armv7-apple-ios7.0 -fmessage-length=0 -fdiagnostics-show-note-include-stack -fmacro-backtrace-limit=0 -std=gnu11 -fobjc-arc -fobjc-weak -fmodules -fmodules-cache-path=/Users/runner/Library/Developer/Xcode/DerivedData/ModuleCache.noindex -fmodules-prune-interval=86400 -fmodules-prune-after=345600 -fbuild-session-file=/Users/runner/Library/Developer/Xcode/DerivedData/ModuleCache.noindex/Session.modulevalidation -fmodules-validate-once-per-build-session -Wnon-modular-include-in-framework-module -Werror=non-modular-include-in-framework-module -Wno-trigraphs -fpascal-strings -Os -fno-common -Wno-missing-field-initializers -Wno-missing-prototypes -Werror=return-type -Wdocumentation -Wunreachable-code -Wno-implicit-atomic-properties -Werror=deprecated-objc-isa-usage -Wno-objc-interface-ivars -Werror=objc-root-class -Wno-arc-repeated-use-of-weak -Wimplicit-retain-self -Wduplicate-method-match -Wno-missing-braces -Wparentheses -Wswitch -Wunused-function -Wno-unused-label -Wno-unused-parameter -Wunused-variable -Wunused-value -Wempty-body -Wuninitialized -Wconditional-uninitialized -Wno-unknown-pragmas -Wno-shadow -Wno-four-char-constants -Wno-conversion -Wconstant-conversion -Wint-conversion -Wbool-conversion -Wenum-conversion -Wno-float-conversion -Wnon-literal-null-conversion -Wobjc-literal-conversion -Wshorten-64-to-32 -Wpointer-sign -Wno-newline-eof -Wno-selector -Wno-strict-selector-match -Wundeclared-selector -Wdeprecated-implementations -DPOD_CONFIGURATION_RELEASE=1 -DCOCOAPODS=1 -DNS_BLOCK_ASSERTIONS=1 -DOBJC_OLD_DISPATCH_PROTOTYPES=0 -isysroot /Applications/Xcode_11.2.app/Contents/Developer/Platforms/iPhoneOS.platform/Developer/SDKs/iPhoneOS13.2.sdk -fstrict-aliasing -Wprotocol -Wdeprecated-declarations -g -Wno-sign-conversion -Winfinite-recursion -Wcomma -Wblock-capture-autoreleasing -Wstrict-prototypes -Wno-semicolon-before-method-body -Wunguarded-availability -fembed-bitcode -iquote /Users/runner/Library/Developer/Xcode/DerivedData/Magny-buhbcdipxprbapgsyidtwyykymwb/Build/Intermediates.noindex/ArchiveIntermediates/Magny/IntermediateBuildFilesPath/Pods.build/Release-iphoneos/BVLinearGradient.build/BVLinearGradient-generated-files.hmap -I/Users/runner/Library/Developer/Xcode/DerivedData/Magny-buhbcdipxprbapgsyidtwyykymwb/Build/Intermediates.noindex/ArchiveIntermediates/Magny/IntermediateBuildFilesPath/Pods.build/Release-iphoneos/BVLinearGradient.build/BVLinearGradient-own-target-headers.hmap -I/Users/runner/Library/Developer/Xcode/DerivedData/Magny-buhbcdipxprbapgsyidtwyykymwb/Build/Intermediates.noindex/ArchiveIntermediates/Magny/IntermediateBuildFilesPath/Pods.build/Release-iphoneos/BVLinearGradient.build/BVLinearGradient-all-target-headers.hmap -iquote /Users/runner/Library/Developer/Xcode/DerivedData/Magny-buhbcdipxprbapgsyidtwyykymwb/Build/Intermediates.noindex/ArchiveIntermediates/Magny/IntermediateBuildFilesPath/Pods.build/Release-iphoneos/BVLinearGradient.build/BVLinearGradient-project-headers.hmap -I/Users/runner/Library/Developer/Xcode/DerivedData/Magny-buhbcdipxprbapgsyidtwyykymwb/Build/Intermediates.noindex/ArchiveIntermediates/Magny/BuildProductsPath/Release-iphoneos/BVLinearGradient/include -I/Users/runner/runners/2.160.0/work/1/s/ios/Pods/Headers/Private -I/Users/runner/runners/2.160.0/work/1/s/ios/Pods/Headers/Private/BVLinearGradient -I/Users/runner/runners/2.160.0/work/1/s/ios/Pods/Headers/Public -I/Users/runner/runners/2.160.0/work/1/s/ios/Pods/Headers/Public/BVLinearGradient -I/Users/runner/runners/2.160.0/work/1/s/ios/Pods/Headers/Public/DoubleConversion -I/Users/runner/runners/2.160.0/work/1/s/ios/Pods/Headers/Public/React-Core -I/Users/runner/runners/2.160.0/work/1/s/ios/Pods/Headers/Public/React-RCTBlob -I/Users/runner/runners/2.160.0/work/1/s/ios/Pods/Headers/Public/React-RCTText -I/Users/runner/runners/2.160.0/work/1/s/ios/Pods/Headers/Public/React-cxxreact -I/Users/runner/runners/2.160.0/work/1/s/ios/Pods/Headers/Public/React-jsi -I/Users/runner/runners/2.160.0/work/1/s/ios/Pods/Headers/Public/React-jsiexecutor -I/Users/runner/runners/2.160.0/work/1/s/ios/Pods/Headers/Public/React-jsinspector -I/Users/runner/runners/2.160.0/work/1/s/ios/Pods/Headers/Public/Yoga -I/Users/runner/runners/2.160.0/work/1/s/ios/Pods/Headers/Public/glog -I/Users/runner/Library/Developer/Xcode/DerivedData/Magny-buhbcdipxprbapgsyidtwyykymwb/Build/Intermediates.noindex/ArchiveIntermediates/Magny/IntermediateBuildFilesPath/Pods.build/Release-iphoneos/BVLinearGradient.build/DerivedSources-normal/armv7 -I/Users/runner/Library/Developer/Xcode/DerivedData/Magny-buhbcdipxprbapgsyidtwyykymwb/Build/Intermediates.noindex/ArchiveIntermediates/Magny/IntermediateBuildFilesPath/Pods.build/Release-iphoneos/BVLinearGradient.build/DerivedSources/armv7 -I/Users/runner/Library/Developer/Xcode/DerivedData/Magny-buhbcdipxprbapgsyidtwyykymwb/Build/Intermediates.noindex/ArchiveIntermediates/Magny/IntermediateBuildFilesPath/Pods.build/Release-iphoneos/BVLinearGradient.build/DerivedSources -F/Users/runner/Library/Developer/Xcode/DerivedData/Magny-buhbcdipxprbapgsyidtwyykymwb/Build/Intermediates.noindex/ArchiveIntermediates/Magny/BuildProductsPath/Release-iphoneos/BVLinearGradient -include /Users/runner/runners/2.160.0/work/1/s/ios/Pods/Target\ Support\ Files/BVLinearGradient/BVLinearGradient-prefix.pch -MMD -MT dependencies -MF /Users/runner/Library/Developer/Xcode/DerivedData/Magny-buhbcdipxprbapgsyidtwyykymwb/Build/Intermediates.noindex/ArchiveIntermediates/Magny/IntermediateBuildFilesPath/Pods.build/Release-iphoneos/BVLinearGradient.build/Objects-normal/armv7/BVLinearGradient.d --serialize-diagnostics /Users/runner/Library/Developer/Xcode/DerivedData/Magny-buhbcdipxprbapgsyidtwyykymwb/Build/Intermediates.noindex/ArchiveIntermediates/Magny/IntermediateBuildFilesPath/Pods.build/Release-iphoneos/BVLinearGradient.build/Objects-normal/armv7/BVLinearGradient.dia -c /Users/runner/runners/2.160.0/work/1/s/node_modules/react-native-linear-gradient/BVLinearGradient/BVLinearGradient.m -o /Users/runner/Library/Developer/Xcode/DerivedData/Magny-buhbcdipxprbapgsyidtwyykymwb/Build/Intermediates.noindex/ArchiveIntermediates/Magny/IntermediateBuildFilesPath/Pods.build/Release-iphoneos/BVLinearGradient.build/Objects-normal/armv7/BVLinearGradient.o
In file included from /Users/runner/runners/2.160.0/work/1/s/node_modules/react-native-linear-gradient/BVLinearGradient/BVLinearGradient.m:1:
/Users/runner/runners/2.160.0/work/1/s/node_modules/react-native-linear-gradient/BVLinearGradient/BVLinearGradient.h:1:9: fatal error: 'React/RCTView.h' file not found
#import <React/RCTView.h>
        ^~~~~~~~~~~~~~~~~
1 error generated.

CompileC /Users/runner/Library/Developer/Xcode/DerivedData/Magny-buhbcdipxprbapgsyidtwyykymwb/Build/Intermediates.noindex/ArchiveIntermediates/Magny/IntermediateBuildFilesPath/Pods.build/Release-iphoneos/BVLinearGradient.build/Objects-normal/armv7/BVLinearGradient-dummy.o Target\ Support\ Files/BVLinearGradient/BVLinearGradient-dummy.m normal armv7 objective-c com.apple.compilers.llvm.clang.1_0.compiler
    cd /Users/runner/runners/2.160.0/work/1/s/ios/Pods
    export LANG=en_US.US-ASCII
    export PATH="/Applications/Xcode_11.2.app/Contents/Developer/Platforms/iPhoneOS.platform/Developer/usr/bin:/Applications/Xcode_11.2.app/Contents/Developer/usr/bin:/Library/Frameworks/Mono.framework/Versions/4/bin:/Users/runner/.nvm/versions/node/v12.13.0/bin:/usr/local/lib/ruby/gems/2.6.0/bin:/usr/local/opt/ruby/bin:/usr/local/opt/curl/bin:/usr/local/bin:/usr/local/sbin:/Users/runner/bin:/Users/runner/.yarn/bin:/usr/local/go/bin:/Users/runner/Library/Android/sdk/tools:/Users/runner/Library/Android/sdk/platform-tools:/Users/runner/Library/Android/sdk/ndk-bundle:/Library/Frameworks/Mono.framework/Versions/Current/Commands:/usr/bin:/bin:/usr/sbin:/sbin:/Users/runner/.azcopy"
    /Applications/Xcode_11.2.app/Contents/Developer/Toolchains/XcodeDefault.xctoolchain/usr/bin/clang -x objective-c -target armv7-apple-ios7.0 -fmessage-length=0 -fdiagnostics-show-note-include-stack -fmacro-backtrace-limit=0 -std=gnu11 -fobjc-arc -fobjc-weak -fmodules -fmodules-cache-path=/Users/runner/Library/Developer/Xcode/DerivedData/ModuleCache.noindex -fmodules-prune-interval=86400 -fmodules-prune-after=345600 -fbuild-session-file=/Users/runner/Library/Developer/Xcode/DerivedData/ModuleCache.noindex/Session.modulevalidation -fmodules-validate-once-per-build-session -Wnon-modular-include-in-framework-module -Werror=non-modular-include-in-framework-module -Wno-trigraphs -fpascal-strings -Os -fno-common -Wno-missing-field-initializers -Wno-missing-prototypes -Werror=return-type -Wdocumentation -Wunreachable-code -Wno-implicit-atomic-properties -Werror=deprecated-objc-isa-usage -Wno-objc-interface-ivars -Werror=objc-root-class -Wno-arc-repeated-use-of-weak -Wimplicit-retain-self -Wduplicate-method-match -Wno-missing-braces -Wparentheses -Wswitch -Wunused-function -Wno-unused-label -Wno-unused-parameter -Wunused-variable -Wunused-value -Wempty-body -Wuninitialized -Wconditional-uninitialized -Wno-unknown-pragmas -Wno-shadow -Wno-four-char-constants -Wno-conversion -Wconstant-conversion -Wint-conversion -Wbool-conversion -Wenum-conversion -Wno-float-conversion -Wnon-literal-null-conversion -Wobjc-literal-conversion -Wshorten-64-to-32 -Wpointer-sign -Wno-newline-eof -Wno-selector -Wno-strict-selector-match -Wundeclared-selector -Wdeprecated-implementations -DPOD_CONFIGURATION_RELEASE=1 -DCOCOAPODS=1 -DNS_BLOCK_ASSERTIONS=1 -DOBJC_OLD_DISPATCH_PROTOTYPES=0 -isysroot /Applications/Xcode_11.2.app/Contents/Developer/Platforms/iPhoneOS.platform/Developer/SDKs/iPhoneOS13.2.sdk -fstrict-aliasing -Wprotocol -Wdeprecated-declarations -g -Wno-sign-conversion -Winfinite-recursion -Wcomma -Wblock-capture-autoreleasing -Wstrict-prototypes -Wno-semicolon-before-method-body -Wunguarded-availability -fembed-bitcode -iquote /Users/runner/Library/Developer/Xcode/DerivedData/Magny-buhbcdipxprbapgsyidtwyykymwb/Build/Intermediates.noindex/ArchiveIntermediates/Magny/IntermediateBuildFilesPath/Pods.build/Release-iphoneos/BVLinearGradient.build/BVLinearGradient-generated-files.hmap -I/Users/runner/Library/Developer/Xcode/DerivedData/Magny-buhbcdipxprbapgsyidtwyykymwb/Build/Intermediates.noindex/ArchiveIntermediates/Magny/IntermediateBuildFilesPath/Pods.build/Release-iphoneos/BVLinearGradient.build/BVLinearGradient-own-target-headers.hmap -I/Users/runner/Library/Developer/Xcode/DerivedData/Magny-buhbcdipxprbapgsyidtwyykymwb/Build/Intermediates.noindex/ArchiveIntermediates/Magny/IntermediateBuildFilesPath/Pods.build/Release-iphoneos/BVLinearGradient.build/BVLinearGradient-all-target-headers.hmap -iquote /Users/runner/Library/Developer/Xcode/DerivedData/Magny-buhbcdipxprbapgsyidtwyykymwb/Build/Intermediates.noindex/ArchiveIntermediates/Magny/IntermediateBuildFilesPath/Pods.build/Release-iphoneos/BVLinearGradient.build/BVLinearGradient-project-headers.hmap -I/Users/runner/Library/Developer/Xcode/DerivedData/Magny-buhbcdipxprbapgsyidtwyykymwb/Build/Intermediates.noindex/ArchiveIntermediates/Magny/BuildProductsPath/Release-iphoneos/BVLinearGradient/include -I/Users/runner/runners/2.160.0/work/1/s/ios/Pods/Headers/Private -I/Users/runner/runners/2.160.0/work/1/s/ios/Pods/Headers/Private/BVLinearGradient -I/Users/runner/runners/2.160.0/work/1/s/ios/Pods/Headers/Public -I/Users/runner/runners/2.160.0/work/1/s/ios/Pods/Headers/Public/BVLinearGradient -I/Users/runner/runners/2.160.0/work/1/s/ios/Pods/Headers/Public/DoubleConversion -I/Users/runner/runners/2.160.0/work/1/s/ios/Pods/Headers/Public/React-Core -I/Users/runner/runners/2.160.0/work/1/s/ios/Pods/Headers/Public/React-RCTBlob -I/Users/runner/runners/2.160.0/work/1/s/ios/Pods/Headers/Public/React-RCTText -I/Users/runner/runners/2.160.0/work/1/s/ios/Pods/Headers/Public/React-cxxreact -I/Users/runner/runners/2.160.0/work/1/s/ios/Pods/Headers/Public/React-jsi -I/Users/runner/runners/2.160.0/work/1/s/ios/Pods/Headers/Public/React-jsiexecutor -I/Users/runner/runners/2.160.0/work/1/s/ios/Pods/Headers/Public/React-jsinspector -I/Users/runner/runners/2.160.0/work/1/s/ios/Pods/Headers/Public/Yoga -I/Users/runner/runners/2.160.0/work/1/s/ios/Pods/Headers/Public/glog -I/Users/runner/Library/Developer/Xcode/DerivedData/Magny-buhbcdipxprbapgsyidtwyykymwb/Build/Intermediates.noindex/ArchiveIntermediates/Magny/IntermediateBuildFilesPath/Pods.build/Release-iphoneos/BVLinearGradient.build/DerivedSources-normal/armv7 -I/Users/runner/Library/Developer/Xcode/DerivedData/Magny-buhbcdipxprbapgsyidtwyykymwb/Build/Intermediates.noindex/ArchiveIntermediates/Magny/IntermediateBuildFilesPath/Pods.build/Release-iphoneos/BVLinearGradient.build/DerivedSources/armv7 -I/Users/runner/Library/Developer/Xcode/DerivedData/Magny-buhbcdipxprbapgsyidtwyykymwb/Build/Intermediates.noindex/ArchiveIntermediates/Magny/IntermediateBuildFilesPath/Pods.build/Release-iphoneos/BVLinearGradient.build/DerivedSources -F/Users/runner/Library/Developer/Xcode/DerivedData/Magny-buhbcdipxprbapgsyidtwyykymwb/Build/Intermediates.noindex/ArchiveIntermediates/Magny/BuildProductsPath/Release-iphoneos/BVLinearGradient -include /Users/runner/runners/2.160.0/work/1/s/ios/Pods/Target\ Support\ Files/BVLinearGradient/BVLinearGradient-prefix.pch -MMD -MT dependencies -MF /Users/runner/Library/Developer/Xcode/DerivedData/Magny-buhbcdipxprbapgsyidtwyykymwb/Build/Intermediates.noindex/ArchiveIntermediates/Magny/IntermediateBuildFilesPath/Pods.build/Release-iphoneos/BVLinearGradient.build/Objects-normal/armv7/BVLinearGradient-dummy.d --serialize-diagnostics /Users/runner/Library/Developer/Xcode/DerivedData/Magny-buhbcdipxprbapgsyidtwyykymwb/Build/Intermediates.noindex/ArchiveIntermediates/Magny/IntermediateBuildFilesPath/Pods.build/Release-iphoneos/BVLinearGradient.build/Objects-normal/armv7/BVLinearGradient-dummy.dia -c /Users/runner/runners/2.160.0/work/1/s/ios/Pods/Target\ Support\ Files/BVLinearGradient/BVLinearGradient-dummy.m -o /Users/runner/Library/Developer/Xcode/DerivedData/Magny-buhbcdipxprbapgsyidtwyykymwb/Build/Intermediates.noindex/ArchiveIntermediates/Magny/IntermediateBuildFilesPath/Pods.build/Release-iphoneos/BVLinearGradient.build/Objects-normal/armv7/BVLinearGradient-dummy.o

** ARCHIVE FAILED **


The following build commands failed:
	CompileC /Users/runner/Library/Developer/Xcode/DerivedData/Magny-buhbcdipxprbapgsyidtwyykymwb/Build/Intermediates.noindex/ArchiveIntermediates/Magny/IntermediateBuildFilesPath/Pods.build/Release-iphoneos/BVLinearGradient.build/Objects-normal/armv7/BVLinearGradient.o /Users/runner/runners/2.160.0/work/1/s/node_modules/react-native-linear-gradient/BVLinearGradient/BVLinearGradient.m normal armv7 objective-c com.apple.compilers.llvm.clang.1_0.compiler
(1 failure)
##[error]Error: /usr/bin/xcodebuild failed with return code: 65
```

My react-native version is 0.61.3 and I use auto-linking for all of my native libraries

Podfile:
```sh
# Uncomment the next line to define a global platform for your project
platform :ios, '9.0'
require_relative '../node_modules/@react-native-community/cli-platform-ios/native_modules'

target 'Magny' do
  # Uncomment the next line if you're using Swift or would like to use dynamic frameworks
  # use_frameworks!
  rn_path = '../node_modules/react-native'
  rn_maps_path = '../node_modules/react-native-maps'
  # react-native-maps dependencies
  pod 'react-native-maps', path: rn_maps_path
  pod 'react-native-google-maps', path: rn_maps_path  # Uncomment this line if you want to support GoogleMaps on iOS
  pod 'GoogleMaps'  # Uncomment this line if you want to support GoogleMaps on iOS
  pod 'Google-Maps-iOS-Utils' # Uncomment this line if you want to support GoogleMaps on iOS

  # Pods for Magny
    pod 'FBLazyVector', :path => "../node_modules/react-native/Libraries/FBLazyVector"
    pod 'FBReactNativeSpec', :path => "../node_modules/react-native/Libraries/FBReactNativeSpec"
    pod 'RCTRequired', :path => "../node_modules/react-native/Libraries/RCTRequired"
    pod 'RCTTypeSafety', :path => "../node_modules/react-native/Libraries/TypeSafety"
    pod 'React', :path => '../node_modules/react-native/'
    pod 'React-Core', :path => '../node_modules/react-native/'
    pod 'React-CoreModules', :path => '../node_modules/react-native/React/CoreModules'
    pod 'React-Core/DevSupport', :path => '../node_modules/react-native/'
    pod 'React-RCTActionSheet', :path => '../node_modules/react-native/Libraries/ActionSheetIOS'
    pod 'React-RCTAnimation', :path => '../node_modules/react-native/Libraries/NativeAnimation'
    pod 'React-RCTBlob', :path => '../node_modules/react-native/Libraries/Blob'
    pod 'React-RCTImage', :path => '../node_modules/react-native/Libraries/Image'
    pod 'React-RCTLinking', :path => '../node_modules/react-native/Libraries/LinkingIOS'
    pod 'React-RCTNetwork', :path => '../node_modules/react-native/Libraries/Network'
    pod 'React-RCTSettings', :path => '../node_modules/react-native/Libraries/Settings'
    pod 'React-RCTText', :path => '../node_modules/react-native/Libraries/Text'
    pod 'React-RCTVibration', :path => '../node_modules/react-native/Libraries/Vibration'
    pod 'React-Core/RCTWebSocket', :path => '../node_modules/react-native/'
    pod 'React-cxxreact', :path => '../node_modules/react-native/ReactCommon/cxxreact'
    pod 'React-jsi', :path => '../node_modules/react-native/ReactCommon/jsi'
    pod 'React-jsiexecutor', :path => '../node_modules/react-native/ReactCommon/jsiexecutor'
    pod 'React-jsinspector', :path => '../node_modules/react-native/ReactCommon/jsinspector'
    pod 'ReactCommon/jscallinvoker', :path => "../node_modules/react-native/ReactCommon"
    pod 'ReactCommon/turbomodule/core', :path => "../node_modules/react-native/ReactCommon"
    pod 'DoubleConversion', :podspec => '../node_modules/react-native/third-party-podspecs/DoubleConversion.podspec'
    pod 'glog', :podspec => '../node_modules/react-native/third-party-podspecs/glog.podspec'
    pod 'Folly', :podspec => '../node_modules/react-native/third-party-podspecs/Folly.podspec'
    pod 'Yoga', :path => '../node_modules/react-native/ReactCommon/yoga'


  # React Native third party dependencies podspecs
  # If you are using React Native <0.54, you will get the following error:
  # "The name of the given podspec `GLog` doesn't match the expected one `glog`"
  # Use the following line instead:
  #pod 'GLog', :podspec => "#{rn_path}/third-party-podspecs/GLog.podspec"

  target 'Magny-tvOSTests' do
    inherit! :search_paths

  end

  target 'MagnyTests' do
    inherit! :search_paths
    # Pods for testing
  end
use_native_modules!
end

post_install do |installer|
  installer.pods_project.targets.each do |target|
    if target.name == 'react-native-google-maps'
      target.build_configurations.each do |config|
        config.build_settings['CLANG_ENABLE_MODULES'] = 'No'
      end
    end
    if target.name == "React"
      target.remove_from_project
    end
  end
end

```

I also tried manual linking
This time build error happened even in my side
```
... ded from /Users/lvlrx/Coding/Farhad kazemy - Appozitory/Magny/github/magny-react-app/node_modules/react-native-linear-gradient/BVLinearGradient/BVLinearGradientManager.m:1:
/Users/lvlrx/Coding/Farhad kazemy - Appozitory/Magny/github/magny-react-app/node_modules/react-native-linear-gradient/BVLinearGradient/BVLinearGradientManager.h:1:9: fatal error: 'React/RCTViewManager.h' file not found
#import <React/RCTViewManager.h>
        ^~~~~~~~~~~~~~~~~~~~~~~~
1 error generated.
```
# Bug
When i use linear-gradient for my backgroundColor, it is crash my button's colors.

## Environment info
- react-native: 0.61.1
- react-native-linear-gradient: 2.5.6

## Steps To Reproduce

<!--
 Issues without reproduction steps or code are likely to stall.
-->

1.react-native init simpleRN611 --version 0.61.1
2.cd simpleRN611
3.yarn add react-native-linear-gradient
4.react-native link react-native-linear-gradient
5.yarn start
6.Define <TouchableOpacity> with background color
...

Describe what you expected to happen:

1. I expected to see colors of buttons

![Screen Shot 2019-11-07 at 11 20 34](https://user-images.githubusercontent.com/26031105/68373463-09b5a000-0154-11ea-8563-273966c6303e.png)
