<!--

IMPORTANT:

Before filing a new issue please verify your problem still exists with latest RVM. We constantly apply fixes but only release new stable versions once a month.

    rvm get master

If your problem still persists, please follow instructions described in https://github.com/rvm/rvm#reporting-issues.

-->

## Description

<!-- Briefly describe the nature of your problem. -->


## Steps to reproduce

<!-- List all of your specific environment settings, actions taken, and commands run — everything required to replicate the problem. -->

 1. rvm install 2.2.0
 2. bundle install
 

## Expected behavior

<!-- Briefly explain what you expected to see. -->

## Actual behavior
You must recompile Ruby with OpenSSL support or change the sources in your Gemfile from 'https' to 'http'. Instructions for compiling with OpenSSL using RVM are available at
http://rvm.io/packages/openssl.
<!-- Please include a gist (https://gist.github.com) with the output of the command(s) you ran. -->

* [command](https://gist.github.com/...)
* [config.log](https://gist.github.com/...) - only for issues with `install`
* [make.log](https://gist.github.com/...) - only for issues with `install`

<!-- When the above output does not seem to include a meaningful error message, you might want to additionally attach the output of the same command(s) run with the `--debug` switch. -->

**Debug mode**:
* [command](https://gist.github.com/...)
* [config.log](https://gist.github.com/...) - only for issues with `install`
* [make.log](https://gist.github.com/...) - only for issues with `install`

## Environment info

<!-- Paste below the output of the `rvm info` command. -->

ruby-2.2.0:
xcode-select: error: tool 'xcodebuild' requires Xcode, but active developer directory '/Library/Developer/CommandLineTools' is a command line tools instance

  system:
    uname:        "Darwin Tigrans-MacBook-Pro.local 18.6.0 Darwin Kernel Version 18.6.0: Thu Apr 25 23:16:27 PDT 2019; root:xnu-4903.261.4~2/RELEASE_X86_64 x86_64"
    name:         "OSX"
    version:      "10.14"
    architecture: "x86_64"
    bash:         "/bin/bash => GNU bash, version 3.2.57(1)-release (x86_64-apple-darwin18)"
    zsh:          "/bin/zsh => zsh 5.3 (x86_64-apple-darwin18.0)"
    remote_path:  "osx/10.14/x86_64"
    xcode:        ""

  rvm:
    version:      "1.29.9-next (master)"
    updated:      "4 minutes 14 seconds ago"
    path:         "/Users/tigranhambardzumyan/.rvm"
    autolibs:     "[rvm_pkg] Allow RVM to use package manager if found, install missing dependencies, install package manager (only OS X)."

  ruby:
    interpreter:  "ruby"
    version:      "2.2.0p0"
    date:         "2014-12-25"
    platform:     "x86_64-darwin18"
    patchlevel:   "2014-12-25 revision 49005"
    full_version: "ruby 2.2.0p0 (2014-12-25 revision 49005) [x86_64-darwin18]"

  homes:
    gem:          "/Users/tigranhambardzumyan/.rvm/gems/ruby-2.2.0"
    ruby:         "/Users/tigranhambardzumyan/.rvm/rubies/ruby-2.2.0"

  binaries:
    ruby:         "/Users/tigranhambardzumyan/.rvm/rubies/ruby-2.2.0/bin/ruby"
    irb:          "/Users/tigranhambardzumyan/.rvm/rubies/ruby-2.2.0/bin/irb"
    gem:          "/Users/tigranhambardzumyan/.rvm/rubies/ruby-2.2.0/bin/gem"
    rake:         "/Users/tigranhambardzumyan/.rvm/rubies/ruby-2.2.0/bin/rake"

  environment:
    PATH:         "/Users/tigranhambardzumyan/.rvm/gems/ruby-2.2.0/bin:/Users/tigranhambardzumyan/.rvm/gems/ruby-2.2.0@global/bin:/Users/tigranhambardzumyan/.rvm/rubies/ruby-2.2.0/bin:/Users/tigranhambardzumyan/.rvm/bin:/usr/local/bin:/usr/bin:/bin:/usr/sbin:/sbin"
    GEM_HOME:     "/Users/tigranhambardzumyan/.rvm/gems/ruby-2.2.0"
    GEM_PATH:     "/Users/tigranhambardzumyan/.rvm/gems/ruby-2.2.0:/Users/tigranhambardzumyan/.rvm/gems/ruby-2.2.0@global"
    MY_RUBY_HOME: "/Users/tigranhambardzumyan/.rvm/rubies/ruby-2.2.0"
    IRBRC:        "/Users/tigranhambardzumyan/.rvm/rubies/ruby-2.2.0/.irbrc"
    RUBYOPT:      ""
    gemset:       ""




I see it [was already added here](https://github.com/rvm/rvm/commit/d7e6cdb05d4b9760aa96fb17bb9b1f5e4f715ee5).

My RVM (version 1.29.9 installed with apt-get) doesn't even show the `2.7.0-rcN` versions, only the `preview1`.

Would love to have the final 2.7.0 - it has been some time since it was released, and I am not sure what does RVM's release schedule look like.
<!--

IMPORTANT:

Before filing a new issue please verify your problem still exists with latest RVM. We constantly apply fixes but only release new stable versions once a month.

    rvm get master

If your problem still persists, please follow instructions described in https://github.com/rvm/rvm#reporting-issues.

-->

## Description

<!-- Briefly describe the nature of your problem. -->


## Steps to reproduce

<!-- List all of your specific environment settings, actions taken, and commands run — everything required to replicate the problem. -->

 1. install new rvm instance
 2. or update rvm

e.g:
```
Upgrading the RVM installation in /home/user/.rvm/
    Adding rvm PATH line to /home/user/.profile /home/user/.mkshrc /home/user/.bashrc /home/user/.zshrc.
    Adding rvm loading line to /home/user/.profile /home/user/.bash_profile /home/user/.zlogin.
```

## Expected behavior

rvm output suggestions to add lines to files instead of forcing add lines to files or create new ones if not exist

## Actual behavior

<!-- Please include a gist (https://gist.github.com) with the output of the command(s) you ran. -->

for the sake of god, this plugin forcing add lines to exist files and create new files if they not exist.

<!-- When the above output does not seem to include a meaningful error message, you might want to additionally attach the output of the same command(s) run with the `--debug` switch. -->


<!--

IMPORTANT:

Before filing a new issue please verify your problem still exists with latest RVM. We constantly apply fixes but only release new stable versions once a month.

    rvm get master

If your problem still persists, please follow instructions described in https://github.com/rvm/rvm#reporting-issues.

-->

## Description

<!-- Briefly describe the nature of your problem. -->
I am trying to collect to use the same Ruby gemsets across all ruby versions that I am testing against. After a long time, I had to add 2 additional versions, and copy the gems to them too.

All of these commands, I have done after `rvm get stable`, and tried `master` also too.

I haven't actually used `rvm` for a long time, so, I have no idea what any of the gemsets are, except the `proj` gemset, for which I have a `proj.Gemfile`.

What I am looking for is, the gems I have manually installed it (with their version constraints if there are some), and somehow install them against the new Ruby versions.

Apart from that, what explicitly bothers me is that `rvm --debug 2.5.0 do gemset export` command fails very early with no helpful message.

I think my command is comparable to this https://rvm.io/gemsets/exporting here.

## Steps to reproduce

<!-- List all of your specific environment settings, actions taken, and commands run — everything required to replicate the problem. -->

```
u@h:~/project$ rvm 2.5.0@default do gemset export
Gemset 'default' does not exist, 'rvm ruby-2.5.0 do rvm gemset create default' first, or append '--create'.
u@h:~/project$ rvm gemset list

gemsets for ruby-2.4.0 (found in ~/.rvm/gems/ruby-2.4.0)
   (default)
=> proj
   global

u@h:~/project$ rvm 2.5.0@(default) do gemset export
Gemset '(default)' does not exist, 'rvm ruby-2.5.0 do rvm gemset create (default)' first, or append '--create'.
u@h:~/project$ rvm 2.5.0@global do gemset export
~/.rvm/scripts/set: line 19: exec: gemset: not found
u@h:~/project$ exec bash
u@h:~/project$ rvm 2.5.0@global do gemset export
~/.rvm/scripts/set: line 19: exec: gemset: not found
u@h:~/project$ subl ~/.rvm/scripts/set
u@h:~/project$ rvm gemset export
Exporting current environments gemset to proj.gems
u@h:~/project$ subl proj.gems 
u@h:~/project$ rvm gemset list

gemsets for ruby-2.4.0 (found in ~/.rvm/gems/ruby-2.4.0)
   (default)
=> proj
   global

u@h:~/project$ rvm 2.5.0 gemset list

gemsets for ruby-2.5.0 (found in ~/.rvm/gems/ruby-2.5.0)
   (default)
=> proj
   global

u@h:~/project$ rvm 2.5.0 do gemset export
Ruby ruby-2.5.0 is not installed.
u@h:~/project$ rvm install 2.5.0 
Already installed ruby-2.5.0.
To reinstall use:

    rvm reinstall ruby-2.5.0

u@h:~/project$ rvm reinstall 2.5.0 
ruby-2.5.0 - #removing rubies/ruby-2.5.0..
Searching for binary rubies, this might take some time.
Found remote file https://rvm_io.global.ssl.fastly.net/binaries/ubuntu/16.04/x86_64/ruby-2.5.0.tar.bz2
Checking requirements for ubuntu.
Requirements installation successful.
ruby-2.5.0 - #configure
ruby-2.5.0 - #download
ruby-2.5.0 - #validate archive
ruby-2.5.0 - #extract
ruby-2.5.0 - #validate binary
ruby-2.5.0 - #setup
ruby-2.5.0 - #gemset created ~/.rvm/gems/ruby-2.5.0@global
ruby-2.5.0 - #importing gemset ~/.rvm/gemsets/global.gems.....................................................
ruby-2.5.0 - #generating global wrappers.......
ruby-2.5.0 - #gemset created ~/.rvm/gems/ruby-2.5.0
ruby-2.5.0 - #importing gemsetfile ~/.rvm/gemsets/default.gems evaluated to empty gem list
ruby-2.5.0 - #generating default wrappers.......
Making gemset ruby-2.5.0 pristine..................................................................................
Making gemset ruby-2.5.0@proj pristine...................................................................................
Making gemset ruby-2.5.0@global pristine....................................................................................
u@h:~/project$ rvm 2.5.0 do gemset export
~/.rvm/scripts/set: line 19: exec: gemset: not found
u@h:~/project$ 

```

## Expected behavior

<!-- Briefly explain what you expected to see. -->

## Actual behavior

<!-- Please include a gist (https://gist.github.com) with the output of the command(s) you ran. -->

* [command](https://gist.github.com/...)
* [config.log](https://gist.github.com/...) - only for issues with `install`
* [make.log](https://gist.github.com/...) - only for issues with `install`

<!-- When the above output does not seem to include a meaningful error message, you might want to additionally attach the output of the same command(s) run with the `--debug` switch. -->

**Debug mode**:
* [command](https://gist.github.com/...)
* [config.log](https://gist.github.com/...) - only for issues with `install`
* [make.log](https://gist.github.com/...) - only for issues with `install`

```bash
$ rvm --debug 2.5.0 do gemset export
Running ~/.rvm/hooks/after_use_maglev
Running ~/.rvm/hooks/after_use_maglev
~/.rvm/scripts/set: line 19: exec: gemset: not found
```

## Environment info

<!-- Paste below the output of the `rvm info` command. -->
```
$ rvm info

ruby-2.4.0@proj:

  system:
    uname:        "Linux sntentos-precision-t3620 4.15.0-70-generic #79~16.04.1-Ubuntu SMP Tue Nov 12 14:01:10 UTC 2019 x86_64 x86_64 x86_64 GNU/Linux"
    name:         "Ubuntu"
    version:      "16.04"
    architecture: "x86_64"
    bash:         "/bin/bash => GNU bash, version 4.3.48(1)-release (x86_64-pc-linux-gnu)"
    zsh:          " => not installed"
    remote_path:  "ubuntu/16.04/x86_64"

  rvm:
    version:      "1.29.9 (latest)"
    updated:      "4 minutes 20 seconds ago"
    path:         "~/.rvm"
    autolibs:     "[4] Allow RVM to use package manager if found, install missing dependencies, install package manager (only OS X)."

  ruby:
    interpreter:  "ruby"
    version:      "2.4.0p0"
    date:         "2016-12-24"
    platform:     "x86_64-linux"
    patchlevel:   "2016-12-24 revision 57164"
    full_version: "ruby 2.4.0p0 (2016-12-24 revision 57164) [x86_64-linux]"

  homes:
    gem:          "~/.rvm/gems/ruby-2.4.0@proj"
    ruby:         "~/.rvm/rubies/ruby-2.4.0"

  binaries:
    ruby:         "~/.rvm/rubies/ruby-2.4.0/bin/ruby"
    irb:          "~/.rvm/rubies/ruby-2.4.0/bin/irb"
    gem:          "~/.rvm/rubies/ruby-2.4.0/bin/gem"
    rake:         "~/.rvm/gems/ruby-2.4.0@proj/bin/rake"

  environment:
    PATH:         "~/.rvm/gems/ruby-2.4.0@proj/bin:~/.rvm/gems/ruby-2.4.0@global/bin:~/.rvm/rubies/ruby-2.4.0/bin:~/.rvm/bin:~/.installs/bin:~/.installs/bin:/usr/local/sbin:/usr/local/bin:/usr/sbin:/usr/bin:/sbin:/bin:/usr/games:/usr/local/games:/snap/bin:/usr/lib/jvm/java-8-oracle/bin:/usr/lib/jvm/java-8-oracle/db/bin:/usr/lib/jvm/java-8-oracle/jre/bin:~/.installs/gatebuilder/jira:/opt/freerdp-nightly/bin:/opt/freerdp-nightly/bin"
    GEM_HOME:     "~/.rvm/gems/ruby-2.4.0@proj"
    GEM_PATH:     "~/.rvm/gems/ruby-2.4.0@proj:~/.rvm/gems/ruby-2.4.0@global"
    MY_RUBY_HOME: "~/.rvm/rubies/ruby-2.4.0"
    IRBRC:        "~/.rvm/rubies/ruby-2.4.0/.irbrc"
    RUBYOPT:      ""
    gemset:       "proj"


```
<!--

IMPORTANT:

Before filing a new issue please verify your problem still exists with latest RVM. We constantly apply fixes but only release new stable versions once a month.

    rvm get master

If your problem still persists, please follow instructions described in https://github.com/rvm/rvm#reporting-issues.

-->

## Description

<!-- Briefly describe the nature of your problem. -->


## Steps to reproduce

<!-- List all of your specific environment settings, actions taken, and commands run — everything required to replicate the problem. -->
```
$ rvm get stable
Downloading https://get.rvm.io
Downloading https://raw.githubusercontent.com/rvm/rvm/master/binscripts/rvm-installer.asc
Verifying ~/.rvm/archives/rvm-installer.asc
gpg: Signature made Τετ 24 Ιούλ 2019 12:59:45 πμ EEST using RSA key ID 39499BDB
gpg: Good signature from "Piotr Kuczynski <piotr.kuczynski@gmail.com>" [unknown]
gpg: WARNING: This key is not certified with a trusted signature!
gpg:          There is no indication that the signature belongs to the owner.
Primary key fingerprint: 7D2B AF1C F37B 13E2 069D  6956 105B D0E7 3949 9BDB
GPG verified '~/.rvm/archives/rvm-installer'
Downloading https://github.com/rvm/rvm/archive/1.29.9.tar.gz
Downloading https://github.com/rvm/rvm/releases/download/1.29.9/1.29.9.tar.gz.asc
gpg: Signature made Τετ 10 Ιούλ 2019 11:31:02 πμ EEST using RSA key ID 39499BDB
gpg: Good signature from "Piotr Kuczynski <piotr.kuczynski@gmail.com>" [unknown]
gpg: WARNING: This key is not certified with a trusted signature!
gpg:          There is no indication that the signature belongs to the owner.
Primary key fingerprint: 7D2B AF1C F37B 13E2 069D  6956 105B D0E7 3949 9BDB
GPG verified '~/.rvm/archives/rvm-1.29.9.tgz'
Upgrading the RVM installation in ~/.rvm/
    RVM PATH line found in ~/.bashrc.
    RVM PATH line not found for Zsh, rerun this command with '--auto-dotfiles' flag to fix it.
    RVM sourcing line found in ~/.bash_profile.
    RVM sourcing line not found for Zsh, rerun this command with '--auto-dotfiles' flag to fix it.
Upgrade of RVM in ~/.rvm/ is complete.

```

## Expected behavior

<!-- Briefly explain what you expected to see. -->

## Actual behavior

<!-- Please include a gist (https://gist.github.com) with the output of the command(s) you ran. -->

* [command](https://gist.github.com/...)
* [config.log](https://gist.github.com/...) - only for issues with `install`
* [make.log](https://gist.github.com/...) - only for issues with `install`

<!-- When the above output does not seem to include a meaningful error message, you might want to additionally attach the output of the same command(s) run with the `--debug` switch. -->

**Debug mode**:
* [command](https://gist.github.com/...)
* [config.log](https://gist.github.com/...) - only for issues with `install`
* [make.log](https://gist.github.com/...) - only for issues with `install`

## Environment info

<!-- Paste below the output of the `rvm info` command. -->
```
$ rvm info

ruby-2.4.0@proj:

  system:
    uname:        "Linux sntentos-precision-t3620 4.15.0-70-generic #79~16.04.1-Ubuntu SMP Tue Nov 12 14:01:10 UTC 2019 x86_64 x86_64 x86_64 GNU/Linux"
    name:         "Ubuntu"
    version:      "16.04"
    architecture: "x86_64"
    bash:         "/bin/bash => GNU bash, version 4.3.48(1)-release (x86_64-pc-linux-gnu)"
    zsh:          " => not installed"
    remote_path:  "ubuntu/16.04/x86_64"

  rvm:
    version:      "1.29.9 (latest)"
    updated:      "4 minutes 20 seconds ago"
    path:         "~/.rvm"
    autolibs:     "[4] Allow RVM to use package manager if found, install missing dependencies, install package manager (only OS X)."

  ruby:
    interpreter:  "ruby"
    version:      "2.4.0p0"
    date:         "2016-12-24"
    platform:     "x86_64-linux"
    patchlevel:   "2016-12-24 revision 57164"
    full_version: "ruby 2.4.0p0 (2016-12-24 revision 57164) [x86_64-linux]"

  homes:
    gem:          "~/.rvm/gems/ruby-2.4.0@proj"
    ruby:         "~/.rvm/rubies/ruby-2.4.0"

  binaries:
    ruby:         "~/.rvm/rubies/ruby-2.4.0/bin/ruby"
    irb:          "~/.rvm/rubies/ruby-2.4.0/bin/irb"
    gem:          "~/.rvm/rubies/ruby-2.4.0/bin/gem"
    rake:         "~/.rvm/gems/ruby-2.4.0@proj/bin/rake"

  environment:
    PATH:         "~/.rvm/gems/ruby-2.4.0@proj/bin:~/.rvm/gems/ruby-2.4.0@global/bin:~/.rvm/rubies/ruby-2.4.0/bin:~/.rvm/bin:~/.installs/bin:~/.installs/bin:/usr/local/sbin:/usr/local/bin:/usr/sbin:/usr/bin:/sbin:/bin:/usr/games:/usr/local/games:/snap/bin:/usr/lib/jvm/java-8-oracle/bin:/usr/lib/jvm/java-8-oracle/db/bin:/usr/lib/jvm/java-8-oracle/jre/bin:~/.installs/gatebuilder/jira:/opt/freerdp-nightly/bin:/opt/freerdp-nightly/bin"
    GEM_HOME:     "~/.rvm/gems/ruby-2.4.0@proj"
    GEM_PATH:     "~/.rvm/gems/ruby-2.4.0@proj:~/.rvm/gems/ruby-2.4.0@global"
    MY_RUBY_HOME: "~/.rvm/rubies/ruby-2.4.0"
    IRBRC:        "~/.rvm/rubies/ruby-2.4.0/.irbrc"
    RUBYOPT:      ""
    gemset:       "proj"


```
Error running '__rvm_package_extract /Users/name/.rvm/archives/ruby-2.3.2.tar.bz2 /Users/name/.rvm/tmp/rvm_src_10476', please read /Users/name/.rvm/log/1579150426_ruby-2.3.2/extract.log There has been an error while trying to extract the source. Halting the installation. There has been an error fetching the ruby interpreter. Halting the installation.
```
rvm_debug __rvm_package_extract:$#: "$@"
    \typeset __extract_src __extract_target __tempdir __path __file __return
    __extract_src="$1" 
    __extract_target="$2" 
    shift 2
    __return=0 
    __tempdir="$( TMPDIR="${rvm_tmp_path}" mktemp -d -t rvm-tmp.XXXXXXXXX )" 
    __rvm_package_extract_run "$__extract_src" "$__tempdir" "$@" || __return=$? 
    if (( __return == 0 ))
    then
        for __path in "$__tempdir"/*
        do
            __file="${__path##*/}" 
            if [[ -n "${__file}" && -e "$__extract_target/${__file}" ]]
            then
                \command \rm -rf "$__extract_target/${__file}" || __return=$? 
            fi
            \command \mv -f "${__path}" "$__extract_target/" || __return=$? 
        done
    fi
    if [[ -n "$__tempdir" ]]
    then
        \command \rm -rf "$__tempdir"
    fi
    return $__return
}```
current path: /Users/name/.rvm/src
PATH=/usr/local/opt/coreutils/bin:/usr/local/opt/pkg-config/bin:/usr/local/opt/libtool/bin:/usr/local/opt/automake/bin:/usr/local/opt/autoconf/bin:/Users/name/.rvm/gems/ruby-2.5.1/bin:/Users/name/.rvm/gems/ruby-2.5.1@global/bin:/Users/name/.rvm/rubies/ruby-2.5.1/bin:/usr/local/opt/openssl@1.1/bin:/usr/local/opt/openssl@1.1/bin:/usr/local/opt/openssl@1.0/bin:/usr/local/opt/openssl@1.0/bin:/usr/local/opt/openssl@1.1/bin:/usr/local/bin:/usr/bin:/bin:/usr/sbin:/sbin:/Users/ name/.rvm/bin
GEM_HOME=
GEM_PATH=
command(3): __rvm_package_extract /Users/name/.rvm/archives/ruby-2.3.2.tar.bz2 /Users/name/.rvm/tmp/rvm_src_10476

```
<!--

IMPORTANT:

Before filing a new issue please verify your problem still exists with latest RVM. We constantly apply fixes but only release new stable versions once a month.

    rvm get master

If your problem still persists, please follow instructions described in https://github.com/rvm/rvm#reporting-issues.

-->

## Description

<!-- Briefly describe the nature of your problem. -->


## Expected behavior

Use local `rvmrc` under home, e.g: `~/.rvm/../rvmrc` instead of `/etc/rvmrc`

## Actual behavior

rvm uses `~/etc/rvmrc` globally


 lvm-ar: error: unknown option n.
===================
rvm ruby 2.6.3 make.log file 
------
+__rvm_make:0> make -j12
	BASERUBY = /usr/bin/ruby --disable=gems
	CC = clang
	LD = ld.lld
	LDSHARED = clang -dynamiclib
	CFLAGS = -O3 -ggdb3 -Wall -Wextra -Wdeclaration-after-statement -Wdeprecated-declarations -Wdivision-by-zero -Wimplicit-function-declaration -Wimplicit-int -Wpointer-arith -Wshorten-64-to-32 -Wwrite-strings -Wmissing-noreturn -Wno-constant-logical-operand -Wno-long-long -Wno-missing-field-initializers -Wno-overlength-strings -Wno-parentheses-equality -Wno-self-assign -Wno-tautological-compare -Wno-unused-parameter -Wno-unused-value -Wunused-variable -Wextra-tokens   -fno-common -pipe 
	XCFLAGS = -D_FORTIFY_SOURCE=2 -fstack-protector-strong -fno-strict-overflow -fvisibility=hidden -DRUBY_EXPORT -DCANONICALIZATION_FOR_MATHN
	CPPFLAGS = -I/usr/local/opt/libyaml/include -I/usr/local/opt/libksba/include -I/usr/local/opt/readline/include -I/usr/local/opt/zlib/include -I/usr/local/opt/openssl@1.1/include -D_XOPEN_SOURCE -D_DARWIN_C_SOURCE -D_DARWIN_UNLIMITED_SELECT -D_REENTRANT   -I. -I.ext/include/x86_64-darwin19 -I./include -I. -I./enc/unicode/12.1.0 
	DLDFLAGS = -Wl,-undefined,dynamic_lookup -Wl,-multiply_defined,suppress -L/usr/local/opt/libyaml/lib -L/usr/local/opt/libksba/lib -L/usr/local/opt/readline/lib -L/usr/local/opt/zlib/lib -L/usr/local/opt/openssl@1.1/lib -install_name /Users/nieel/.rvm/rubies/ruby-2.6.3/lib/libruby.2.6.dylib -compatibility_version 2.6 -current_version 2.6.3  -fstack-protector-strong -framework Security -framework Foundation  -fstack-protector-strong -framework Security -framework Foundation  
	SOLIBS = -lpthread -ldl -lobjc
	LANG = ko_KR.UTF-8
	LC_ALL = 
	LC_CTYPE = 
clang version 9.0.0 (tags/RELEASE_900/final)
Target: x86_64-apple-darwin19.2.0
Thread model: posix
InstalledDir: /usr/local/opt/llvm/bin
compiling ./main.c
compiling dmydln.c
compiling miniinit.c
compiling dmyext.c
compiling miniprelude.c
translating probes probes.d
compiling ast.c
compiling bignum.c
compiling class.c
compiling compar.c
compiling compile.c
compiling complex.c
compiling cont.c
compiling debug.c
. ./vm_opts.h
compiling debug_counter.c
compiling dir.c
compiling dln_find.c
compiling encoding.c
compiling enum.c
compiling enumerator.c
compiling error.c
compiling eval.c
compiling file.c
compiling gc.c
compiling hash.c
compiling inits.c
compiling io.c
compiling iseq.c
compiling load.c
compiling marshal.c
compiling math.c
making mjit_config.h
compiling mjit_compile.c
compiling node.c
compiling numeric.c
compiling object.c
compiling pack.c
compiling parse.c
compiling proc.c
compiling process.c
compiling random.c
compiling range.c
compiling rational.c
compiling re.c
compiling regcomp.c
compiling regenc.c
compiling regerror.c
compiling regexec.c
compiling regparse.c
compiling regsyntax.c
compiling ruby.c
compiling safe.c
compiling signal.c
compiling sprintf.c
compiling st.c
In file included from sprintf.c:1255:
./vsnprintf.c:832:8: warning: adding 'int' to a string does not append to the string [-Wstring-plus-int]
                            IS_PRI_EXTRA_MARK(fmt)) {
                            ^~~~~~~~~~~~~~~~~~~~~~
./vsnprintf.c:825:34: note: expanded from macro 'IS_PRI_EXTRA_MARK'
           strncmp((s)+1, PRI_EXTRA_MARK+1, \
                          ~~~~~~~~~~~~~~^~
./vsnprintf.c:832:8: note: use array indexing to silence this warning
./vsnprintf.c:825:34: note: expanded from macro 'IS_PRI_EXTRA_MARK'
           strncmp((s)+1, PRI_EXTRA_MARK+1, \
                                        ^
compiling strftime.c
compiling string.c
compiling struct.c
compiling symbol.c
compiling thread.c
compiling time.c
compiling transcode.c
compiling transient_heap.c
1 warning generated.
compiling util.c
compiling variable.c
./revision.h unchanged
compiling vm.c
compiling vm_backtrace.c
compiling vm_dump.c
compiling vm_trace.c
compiling ./missing/explicit_bzero.c
compiling ./missing/setproctitle.c
compiling addr2line.c
compiling dmyenc.c
compiling dln.c
compiling localeinit.c
compiling prelude.c
compiling array.c
compiling mjit.c
assembling coroutine/amd64/Context.S
config.status: creating ruby-runner.h
compiling enc/ascii.c
compiling enc/us_ascii.c
compiling enc/unicode.c
compiling enc/utf_8.c
compiling enc/trans/newline.c
compiling version.c
building rb_mjit_header.h
linking miniruby
rb_mjit_header.h updated
generating encdb.h
building .ext/include/x86_64-darwin19/rb_mjit_min_header-2.6.3.h
./miniruby -I./lib -I. -I.ext/common  ./tool/transform_mjit_header.rb "clang " rb_mjit_header.h .ext/include/x86_64-darwin19/rb_mjit_min_header-2.6.3.h
encdb.h updated
./tool/ifchange "--timestamp=.rbconfig.time" rbconfig.rb rbconfig.tmp
rbconfig.rb updated
generating enc.mk
creating verconf.h
verconf.h updated
compiling loadpath.c
making srcs under enc
make[1]: Nothing to be done for `srcs'.
generating transdb.h
linking static-library libruby.2.6-static.a
transdb.h updated
llvm-ar: error: unknown option n.

OVERVIEW: LLVM Archiver

USAGE: llvm-ar [options] [-]<operation>[modifiers] [relpos] [count] <archive> [files]
       llvm-ar -M [<mri-script]

OPTIONS:
  --format              - Archive format to create
    =default            -   default
    =gnu                -   gnu
    =darwin             -   darwin
    =bsd                -   bsd
  --plugin=<string>     - Ignored for compatibility
  --help                - Display available options
  --version             - Display the version of this program
  @<file>               - read options from <file>

OPERATIONS:
  d - delete [files] from the archive
  m - move [files] in the archive
  p - print [files] found in the archive
  q - quick append [files] to the archive
  r - replace or insert [files] into the archive
  s - act as ranlib
  t - display contents of archive
  x - extract [files] from the archive

MODIFIERS:
  [a] - put [files] after [relpos]
  [b] - put [files] before [relpos] (same as [i])
  [c] - do not warn if archive had to be created
  [D] - use zero for timestamps and uids/gids (default)
  [i] - put [files] before [relpos] (same as [b])
  [l] - ignored for compatibility
  [L] - add archive's contents
  [N] - use instance [count] of name
  [o] - preserve original dates
  [P] - use full names when matching (implied for thin archives)
  [s] - create an archive index (cf. ranlib)
  [S] - do not build a symbol table
  [T] - create a thin archive
  [u] - update only [files] newer than archive contents
  [U] - use actual timestamps and uids/gids
  [v] - be verbose about actions taken
make: *** [libruby.2.6-static.a] Error 1
make: *** Waiting for unfinished jobs....

Transforming external functions to static:
transform_mjit_header: making external definition of 'Init_vm_stack_canary' static inline
transform_mjit_header: making external definition of 'rb_vm_opt_struct_aset' static inline
transform_mjit_header: making external definition of 'rb_vm_opt_struct_aref' static inline
transform_mjit_header: making external definition of 'rb_eql_opt' static inline
transform_mjit_header: changing definition of 'rb_equal_opt' to declaration
transform_mjit_header: changing definition of 'rb_vm_search_method_slowpath' to declaration
transform_mjit_header: making external definition of 'rb_vm_rewrite_cref' static inline
transform_mjit_header: making external definition of 'rb_vm_push_frame' static inline
transform_mjit_header: making external definition of 'rb_vm_block_ep_update' static inline
transform_mjit_header: making external definition of 'rb_vm_cref_new_toplevel' static inline
transform_mjit_header: making external definition of 'rb_vm_frame_block_handler' static inline
transform_mjit_header: making external definition of 'rb_vm_ep_local_ep' static inline
transform_mjit_header: making declaration of 'rb_vm_rewrite_cref' static inline
transform_mjit_header: making declaration of 'rb_vm_frame_block_handler' static inline
transform_mjit_header: making declaration of 'rb_vm_block_ep_update' static inline
transform_mjit_header: making declaration of 'rb_vm_ep_local_ep' static inline
transform_mjit_header: SKIPPED to transform __sigbits
transform_mjit_header: making declaration of 'Init_vm_stack_canary' static inline
transform_mjit_header: making declaration of 'rb_eql_opt' static inline
transform_mjit_header: SKIPPED to transform __sincospi
transform_mjit_header: SKIPPED to transform __sincospif
transform_mjit_header: SKIPPED to transform __sincos
transform_mjit_header: SKIPPED to transform __sincosf
transform_mjit_header: SKIPPED to transform __inline_isnormall
transform_mjit_header: SKIPPED to transform __inline_isnormald
transform_mjit_header: SKIPPED to transform __inline_isnormalf
transform_mjit_header: SKIPPED to transform __inline_signbitl
transform_mjit_header: SKIPPED to transform __inline_signbitd
transform_mjit_header: SKIPPED to transform __inline_signbitf
transform_mjit_header: SKIPPED to transform __inline_isnanl
transform_mjit_header: SKIPPED to transform __inline_isnand
transform_mjit_header: SKIPPED to transform __inline_isnanf
transform_mjit_header: SKIPPED to transform __inline_isinfl
transform_mjit_header: SKIPPED to transform __inline_isinfd
transform_mjit_header: SKIPPED to transform __inline_isinff
transform_mjit_header: SKIPPED to transform __inline_isfinitel
transform_mjit_header: SKIPPED to transform __inline_isfinited
transform_mjit_header: SKIPPED to transform __inline_isfinitef
transform_mjit_header: SKIPPED to transform __sputc
ln -sf ../../../.ext/include/x86_64-darwin19/rb_mjit_min_header-2.6.3.h include/ruby-2.6.0/x86_64-darwin19/rb_mjit_min_header-2.6.3.h
+__rvm_make:0> return 2

```console
$ rvm install ruby-2.1.10
Warning! PATH is not properly set up, /Users/tkmamhf/.rvm/gems/ruby-2.3.7/bin is not at first place.
         Usually this is caused by shell initialization files. Search for PATH=... entries.
         You can also re-add RVM to your profile by running: rvm get stable --auto-dotfiles
         To fix it temporarily in this shell session run: rvm use ruby-2.3.7
         To ignore this error add rvm_silence_path_mismatch_check_flag=1 to your ~/.rvmrc file.
Warning, new version of rvm available '1.29.9-next', you are using older version '1.29.4'.
You can disable this warning with:    echo rvm_autoupdate_flag=0 >> ~/.rvmrc
You can enable  auto-update  with:    echo rvm_autoupdate_flag=2 >> ~/.rvmrc
Searching for binary rubies, this might take some time.
No binary rubies available for: osx/10.13/x86_64/ruby-2.1.10.
Continuing with compilation. Please read 'rvm help mount' to get more information on binary rubies.
Checking requirements for osx.
Certificates bundle '/Users/tkmamhf/local/etc/openssl@1.1/cert.pem' is already up to date.
Requirements installation successful.
Warning: DYLD_LIBRARY_PATH environment variable is set, this might interact with the compilation and ruby.
Installing Ruby from source to: /Users/tkmamhf/.rvm/rubies/ruby-2.1.10, this may take a while depending on your cpu(s)...
ruby-2.1.10 - #downloading ruby-2.1.10, this may take a while depending on your connection...
  % Total    % Received % Xferd  Average Speed   Time    Time     Time  Current
                                 Dload  Upload   Total   Spent    Left  Speed
100 11.4M  100 11.4M    0     0  2554k      0  0:00:04  0:00:04 --:--:-- 2554k
ruby-2.1.10 - #extracting ruby-2.1.10 to /Users/tkmamhf/.rvm/src/ruby-2.1.10.....
ruby-2.1.10 - #configuring.....................................................
ruby-2.1.10 - #post-configuration.
ruby-2.1.10 - #compiling.....................................................................-
Error running '__rvm_make -j8',
please read /Users/tkmamhf/.rvm/log/1578084446_ruby-2.1.10/make.log
There has been an error while running make. Halting the installation.
```

[make.log](https://github.com/rvm/rvm/files/4020956/make.log)

I have just updated my Mac to run the newest Catalina operating system, and I am totally stuck getting RVM set up. The RVM package was moved into the "Relocated Items" folder on my desktop, and re-installation doesn't seem to work.

I realize this is not a problem with RVM itself but I am wondering if the RVM documentation can be updated to show the additional steps Catalina users might have to take. When I run: 

`\curl -sSL https://get.rvm.io | bash -s stable`

The terminal returns:  
`mkdir: /User.rvm/src: Read-only file system` 

 