Hi. I'm trying to run `scaled.impl.Scaled` from an sbt build. Obviously I'm missing some configuration or dependency injection configuration. What could cause this:

```
java.lang.reflect.InvocationTargetException
	at sun.reflect.NativeMethodAccessorImpl.invoke0(Native Method)
	at sun.reflect.NativeMethodAccessorImpl.invoke(NativeMethodAccessorImpl.java:62)
	at sun.reflect.DelegatingMethodAccessorImpl.invoke(DelegatingMethodAccessorImpl.java:43)
	at java.lang.reflect.Method.invoke(Method.java:498)
	at com.sun.javafx.application.LauncherImpl.launchApplicationWithArgs(LauncherImpl.java:389)
	at com.sun.javafx.application.LauncherImpl.launchApplication(LauncherImpl.java:328)
	at sun.reflect.NativeMethodAccessorImpl.invoke0(Native Method)
	at sun.reflect.NativeMethodAccessorImpl.invoke(NativeMethodAccessorImpl.java:62)
	at sun.reflect.DelegatingMethodAccessorImpl.invoke(DelegatingMethodAccessorImpl.java:43)
	at java.lang.reflect.Method.invoke(Method.java:498)
	at sun.launcher.LauncherHelper$FXHelper.main(LauncherHelper.java:767)
Caused by: java.lang.RuntimeException: Unable to construct Application instance: class scaled.impl.Scaled
	at com.sun.javafx.application.LauncherImpl.launchApplication1(LauncherImpl.java:907)
	at com.sun.javafx.application.LauncherImpl.lambda$launchApplication$1(LauncherImpl.java:182)
	at java.lang.Thread.run(Thread.java:748)
Caused by: java.lang.reflect.InvocationTargetException
	at sun.reflect.NativeConstructorAccessorImpl.newInstance0(Native Method)
	at sun.reflect.NativeConstructorAccessorImpl.newInstance(NativeConstructorAccessorImpl.java:62)
	at sun.reflect.DelegatingConstructorAccessorImpl.newInstance(DelegatingConstructorAccessorImpl.java:45)
	at java.lang.reflect.Constructor.newInstance(Constructor.java:423)
	at com.sun.javafx.application.LauncherImpl.lambda$launchApplication1$7(LauncherImpl.java:819)
	at com.sun.javafx.application.PlatformImpl.lambda$runAndWait$7(PlatformImpl.java:326)
	at com.sun.javafx.application.PlatformImpl.lambda$null$5(PlatformImpl.java:295)
	at java.security.AccessController.doPrivileged(Native Method)
	at com.sun.javafx.application.PlatformImpl.lambda$runLater$6(PlatformImpl.java:294)
	at com.sun.glass.ui.InvokeLaterDispatcher$Future.run(InvokeLaterDispatcher.java:95)
	at com.sun.glass.ui.gtk.GtkApplication._runLoop(Native Method)
	at com.sun.glass.ui.gtk.GtkApplication.lambda$null$5(GtkApplication.java:139)
	... 1 more
Caused by: java.lang.InstantiationException: Unable to inject class scaled.impl.ConfigManager [args=List()]
	at scaled.impl.ServiceInjector.fail$1(ServiceManager.scala:22)
	at scaled.impl.ServiceInjector.injectInstance(ServiceManager.scala:45)
	at scaled.impl.Scaled.<init>(Scaled.scala:68)
	... 13 more
Caused by: java.lang.InstantiationException: Missing implementation: interface scaled.WatchService
	at scaled.impl.ServiceInjector.resolveService(ServiceManager.scala:58)
	at scaled.impl.ServiceManager.resolveService(ServiceManager.scala:99)
	at scaled.impl.ServiceInjector.$anonfun$injectInstance$1(ServiceManager.scala:38)
	at scala.collection.TraversableLike.$anonfun$map$1(TraversableLike.scala:234)
	at scala.collection.IndexedSeqOptimized.foreach(IndexedSeqOptimized.scala:32)
	at scala.collection.IndexedSeqOptimized.foreach$(IndexedSeqOptimized.scala:29)
	at scala.collection.mutable.ArrayOps$ofRef.foreach(ArrayOps.scala:191)
	at scala.collection.TraversableLike.map(TraversableLike.scala:234)
	at scala.collection.TraversableLike.map$(TraversableLike.scala:227)
	at scala.collection.mutable.ArrayOps$ofRef.map(ArrayOps.scala:191)
	at scaled.impl.ServiceInjector.injectInstance(ServiceManager.scala:35)
	... 14 more
Exception running application scaled.impl.Scaled
```

Any hints how I could start the editor without using pacman or custom build tools? Thanks!
After I built scaled from scratch, I get this exception when opening scala files. And features of scala mode are not working. Could it be a classpath issue? Can you give some help on debugging it? I tried to add some logging in scaled.project.ScalaExtractorPlugin, but could not get a full classpath there.    

```
scala.reflect.internal.MissingRequirementError: object scala in compiler mirror not found.
    at scala.reflect.internal.MissingRequirementError$.signal(MissingRequirementError.scala:17)
    at scala.reflect.internal.MissingRequirementError$.notFound(MissingRequirementError.scala:18)
    at scala.reflect.internal.Mirrors$RootsBase.scala$reflect$internal$Mirrors$RootsBase$$$anonfun$4(Mirrors.scala:54)
    at scala.reflect.internal.Mirrors$RootsBase.getModuleOrClass(Mirrors.scala:54)
    at scala.reflect.internal.Mirrors$RootsBase.getModuleOrClass(Mirrors.scala:66)
    at scala.reflect.internal.Mirrors$RootsBase.getPackage(Mirrors.scala:173)
    at scala.reflect.internal.Definitions$DefinitionsClass.ScalaPackage$lzycompute(Definitions.scala:161)
    at scala.reflect.internal.Definitions$DefinitionsClass.ScalaPackage(Definitions.scala:161)
    at scala.reflect.internal.Definitions$DefinitionsClass.ScalaPackageClass$lzycompute(Definitions.scala:162)
    at scala.reflect.internal.Definitions$DefinitionsClass.ScalaPackageClass(Definitions.scala:162)
    at scala.reflect.internal.Definitions$DefinitionsClass.init(Definitions.scala:1400)
    at scala.tools.nsc.Global$Run.<init>(Global.scala:1215)
    at codex.extract.ScalaExtractor.process0(ScalaExtractor.scala:74)
    at codex.extract.ScalaExtractor.process(ScalaExtractor.scala:27)
    at scaled.project.Indexer.scaled$project$Indexer$$$anonfun$7(Indexer.scala:68)
    at scaled.project.Indexer.scaled$project$Indexer$$$anonfun$7$adapted(Indexer.scala:66)
    at scaled.Option.foreach(Option.scala:27)
    at scaled.project.Indexer.reindex(Indexer.scala:66)
    at scaled.project.Indexer.scaled$project$Indexer$$$anonfun$3(Indexer.scala:38)
    at scaled.project.Indexer.scaled$project$Indexer$$$anonfun$3$adapted(Indexer.scala:38)
    at scaled.impl.Plumbing$$anon$2.run(Plumbing.scala:25)
    at scaled.impl.Plumbing.run(Plumbing.scala:61)
    at java.util.concurrent.ThreadPoolExecutor.runWorker(ThreadPoolExecutor.java:1142)
    at java.util.concurrent.ThreadPoolExecutor$Worker.run(ThreadPoolExecutor.java:617)
    at java.lang.Thread.run(Thread.java:745)
```

I use the Colemak layout. When I type normal characters into Scaled, they appear correctly. However, commands such as "C-e" are not interpreted correctly. Perhaps there are some low-level options you can check on?

(For example, the "k" key in Qwerty corresponds to the "e" key in Colemak, for example. So when I press "C-e" Scaled deletes the line.)

How do I compile/run this on windows. Thanks.
