```
libraryDependencies += "me.shadaj" %%% "slinky-core-ijext" % "0.6.3"
```

> not found: https://repo1.maven.org/maven2/me/shadaj/slinky-core-ijext_sjs0.6_2.13/0.6.3/slinky-core-ijext_sjs0.6_2.13-0.6.3.pom

These are not included with the SVG attributes definition, but should be.
This adds this popular [scalac options plugin](https://github.com/DavidGregory084/sbt-tpolecat) to manage settings across scala versions. I tried to separate each type of fixed new warning into different commits, expecting you'll squash into one if merged.

The most ~~annoying~~ substantial of these changes is 97ae4bc, where the Generator is updated to only output the imports necessary for each file.
- [ ] `act()` for testing hooks, now with async support
- [ ] `React.Profiler`

Scala.js 1.0 is coming and we need to be ready for it. Ideally, we can cross-build to both versions, which should work okay since we already use `-P:scalajs:sjsDefinedByDefault`.

I would greatly appreciate it if someone could say how this library compares to [japgolly/scalajs-react](https://github.com/japgolly/scalajs-react).

What do both libraries different, how are they similar, what's their focus, and so on. Thanks!

Also see:
https://github.com/japgolly/scalajs-react/issues/581
added reader and writer for scala mutable maps to convert to javascript Dictionaries, following scalajs type conversions

I'm not familiar with environment setup, so when I run unit tests from root (`sbt tests/test`) I get confusing error:
> [info] Fast optimizing /proj/memory/jenkins/compilerdev/me/git/slinky/tests/target/scala-2.12/tests-test-fastopt.js
internal/modules/cjs/loader.js:583
    throw err;
    ^

> Error: Cannot find module 'jsdom'
    at Function.Module._resolveFilename (internal/modules/cjs/loader.js:581:15)
    at Function.Module._load (internal/modules/cjs/loader.js:507:25)
    at Module.require (internal/modules/cjs/loader.js:637:17)
    at require (internal/modules/cjs/helpers.js:22:18)
    at [stdin]:111:15
    at [stdin]:196:3
    at Script.runInThisContext (vm.js:96:20)
    at Object.runInThisContext (vm.js:303:38)
    at Object.<anonymous> ([stdin]-wrapper:6:22)
    at Module._compile (internal/modules/cjs/loader.js:689:30)
[error] org.scalajs.jsenv.ExternalJSEnv$NonZeroExitException: Node.js with JSDOM exited with code 1
[error]         at org.scalajs.jsenv.ExternalJSEnv$AbstractExtRunner.waitForVM(ExternalJSEnv.scala:126)
[error]         at org.scalajs.jsenv.ExternalJSEnv$AsyncExtRunner$$anon$1.$anonfun$run$2(ExternalJSEnv.scala:191)
[error]         at scala.runtime.java8.JFunction0$mcV$sp.apply(JFunction0$mcV$sp.java:12)
[error]         at scala.util.Try$.apply(Try.scala:209)
[error]         at org.scalajs.jsenv.ExternalJSEnv$AsyncExtRunner$$anon$1.run(ExternalJSEnv.scala:191)
[error] (tests / Test / loadedTestFrameworks) org.scalajs.jsenv.ExternalJSEnv$NonZeroExitException: Node.js with JSDOM exited with code 1
[error] Total time: 116 s, completed Jul 15, 2019 12:50:24 PM

Hello,
I've been following the guidelines to create a new react native app following the steps provided in the [documentation](https://github.com/shadaj/create-react-native-scala-app.g8)
When launching the app (with the `npm run android` command), I have the following error appearing on the Emulator. I can't figure out how to debug this and where to start looking. I'm using : 

- Ubuntu 18, 
- Android Studio 3.4.1, 
- node v10.6, 
- scala 2.12, 
- Java 1.8.0_201

Any help appreciated on this ...
```
Property description must be an object.
defineProperty
    [native code]
<unknown>
    index.delta?platform=android&dev=true&minify=false:36982:475
forEach
    [native code]
_objectSpread
    index.delta?platform=android&dev=true&minify=false:36982:403
<unknown>
    index.delta?platform=android&dev=true&minify=false:36994:42
loadModuleImplementation
    index.delta?platform=android&dev=true&minify=false:265:14
guardedLoadModule
    index.delta?platform=android&dev=true&minify=false:161:38
metroRequire
    index.delta?platform=android&dev=true&minify=false:88:92
<unknown>
    index.delta?platform=android&dev=true&minify=false:36931:50
loadModuleImplementation
    index.delta?platform=android&dev=true&minify=false:265:14
guardedLoadModule
    index.delta?platform=android&dev=true&minify=false:161:38
metroRequire
    index.delta?platform=android&dev=true&minify=false:88:92
<unknown>
    index.delta?platform=android&dev=true&minify=false:36686:47
loadModuleImplementation
    index.delta?platform=android&dev=true&minify=false:265:14
guardedLoadModule
    index.delta?platform=android&dev=true&minify=false:161:38
metroRequire
    index.delta?platform=android&dev=true&minify=false:88:92
<unknown>
    index.delta?platform=android&dev=true&minify=false:89383:31
loadModuleImplementation
    index.delta?platform=android&dev=true&minify=false:265:14
guardedLoadModule
    index.delta?platform=android&dev=true&minify=false:161:38
metroRequire
    index.delta?platform=android&dev=true&minify=false:88:92
<unknown>
    index.delta?platform=android&dev=true&minify=false:99132:33
loadModuleImplementation
    index.delta?platform=android&dev=true&minify=false:265:14
guardedLoadModule
    index.delta?platform=android&dev=true&minify=false:161:38
metroRequire
    index.delta?platform=android&dev=true&minify=false:88:92
<unknown>
    index.delta?platform=android&dev=true&minify=false:98830:38
loadModuleImplementation
    index.delta?platform=android&dev=true&minify=false:265:14
guardedLoadModule
    index.delta?platform=android&dev=true&minify=false:161:38
metroRequire
    index.delta?platform=android&dev=true&minify=false:88:92
AppRegistry
    index.delta?platform=android&dev=true&minify=false:34630:25
main__V
    index.delta?platform=android&dev=true&minify=false:2688:24
main
    index.delta?platform=android&dev=true&minify=false:29168:33
<unknown>
    index.delta?platform=android&dev=true&minify=false:1363:84
loadModuleImplementation
    index.delta?platform=android&dev=true&minify=false:265:14
guardedLoadModule
    index.delta?platform=android&dev=true&minify=false:153:47
metroRequire
    index.delta?platform=android&dev=true&minify=false:88:92
global code
    index.delta?platform=android&dev=true&minify=false:116835:4

```