npm start

> wemall@0.0.2 start E:\wemall\nodejs
> node app.js

Server running at :8010
events.js:180
      throw er; // Unhandled 'error' event
      ^

Error: read ENOTCONN
    at WriteStream.Socket._read (net.js:530:20)
    at WriteStream.Readable.read (_stream_readable.js:474:10)
    at resume_ (_stream_readable.js:953:12)
    at processTicksAndRejections (internal/process/task_queues.js:77:11)
Emitted 'error' event at:
    at emitErrorNT (internal/streams/destroy.js:91:8)
    at emitErrorAndCloseNT (internal/streams/destroy.js:59:3)
    at processTicksAndRejections (internal/process/task_queues.js:77:11) {
  errno: 'ENOTCONN',
  code: 'ENOTCONN',
  syscall: 'read'
}
npm ERR! code ELIFECYCLE
npm ERR! errno 1
npm ERR! wemall@0.0.2 start: `node app.js`
npm ERR! Exit status 1
npm ERR!
npm ERR! Failed at the wemall@0.0.2 start script.
npm ERR! This is probably not a problem with npm. There is likely additional logging output above.

npm ERR! A complete log of this run can be found in:
npm ERR!     D:\nodejs\node_cache\_logs\2019-08-27T07_17_47_535Z-debug.log

wemall/wexin/pages/product/product.js
product.contents = JSON.parse(product.detail); 70行，这里的detail可能是字符串，直接报错了
哥我想问下，是用nodejs开发后台管理界面的逻辑，用go开发后台的逻辑，为啥不用node开发后台的逻辑呢。就目前来看你node开发后台逻辑怎么样？
我只找到了小程序部分
node和go都可以做mvc的架构搭建，有点看不明白的你技术选型，是为了高并发么？
你好，我没学过什么编程，更没学过GO语言，想调试一下这程序，卡在：
cannot use "github.com/kataras/iris/context".Map literal (type "github.com/kataras/iris/context".Map) as type "github.com/kataras/iris/context".JSON in argument to ctx.JSON
nodejs console显示如下：
C:\Turing Projects\wemall\nodejs>node app
Server running at :8010
events.js:183
      throw er; // Unhandled 'error' event
      ^

Error: read ENOTCONN
    at _errnoException (util.js:1022:11)
    at WriteStream.Socket._read (net.js:503:20)
    at WriteStream.Readable.read (_stream_readable.js:442:10)
    at WriteStream.Socket.read (net.js:375:43)
    at resume_ (_stream_readable.js:822:12)
    at _combinedTickCallback (internal/process/next_tick.js:138:11)
    at process._tickCallback (internal/process/next_tick.js:180:9)
    at Function.Module.runMain (module.js:695:11)
    at startup (bootstrap_node.js:188:16)
    at bootstrap_node.js:609:3 



log文件内容如下
0 info it worked if it ends with ok
1 verbose cli [ 'C:\\Program Files\\nodejs\\node.exe',
1 verbose cli   'C:\\Program Files\\nodejs\\node_modules\\npm\\bin\\npm-cli.js',
1 verbose cli   'start' ]
2 info using npm@5.6.0
3 info using node@v8.11.1
4 verbose run-script [ 'prestart', 'start', 'poststart' ]
5 info lifecycle wemall@0.0.2~prestart: wemall@0.0.2
6 info lifecycle wemall@0.0.2~start: wemall@0.0.2
7 verbose lifecycle wemall@0.0.2~start: unsafe-perm in lifecycle true
8 verbose lifecycle wemall@0.0.2~start: PATH: C:\Program Files\nodejs\node_modules\npm\node_modules\npm-lifecycle\node-gyp-bin;C:\Turing Projects\wemall\nodejs\node_modules\.bin;C:\Users\qiuho\AppData\Roaming\npm;C:\Program Files\nodejs\;C:\Program Files\RA2HP\;C:\ProgramData\Oracle\Java\javapath;C:\windows\system32;C:\windows;C:\windows\System32\Wbem;C:\windows\System32\WindowsPowerShell\v1.0\;C:\Program Files\nodejs\;C:\Program Files\MySQL\MySQL Utilities 1.6\;C:\Users\qiuho\.dnx\bin;C:\Program Files\Microsoft DNX\Dnvm\;C:\Program Files (x86)\Windows Kits\8.1\Windows Performance Toolkit\;C:\Program Files\Microsoft SQL Server\120\Tools\Binn\;C:\Program Files\Microsoft SQL Server\130\Tools\Binn\;C:\Users\qiuho\AppData\Local\Microsoft\WindowsApps;C:\Users\qiuho\AppData\Roaming\npm
9 verbose lifecycle wemall@0.0.2~start: CWD: C:\Turing Projects\wemall\nodejs
10 silly lifecycle wemall@0.0.2~start: Args: [ '/d /s /c', 'node app.js' ]
11 silly lifecycle wemall@0.0.2~start: Returned: code: 1  signal: null
12 info lifecycle wemall@0.0.2~start: Failed to exec start script
13 verbose stack Error: wemall@0.0.2 start: `node app.js`
13 verbose stack Exit status 1
13 verbose stack     at EventEmitter.<anonymous> (C:\Program Files\nodejs\node_modules\npm\node_modules\npm-lifecycle\index.js:285:16)
13 verbose stack     at emitTwo (events.js:126:13)
13 verbose stack     at EventEmitter.emit (events.js:214:7)
13 verbose stack     at ChildProcess.<anonymous> (C:\Program Files\nodejs\node_modules\npm\node_modules\npm-lifecycle\lib\spawn.js:55:14)
13 verbose stack     at emitTwo (events.js:126:13)
13 verbose stack     at ChildProcess.emit (events.js:214:7)
13 verbose stack     at maybeClose (internal/child_process.js:925:16)
13 verbose stack     at Process.ChildProcess._handle.onexit (internal/child_process.js:209:5)
14 verbose pkgid wemall@0.0.2
15 verbose cwd C:\Turing Projects\wemall\nodejs
16 verbose Windows_NT 10.0.15063
17 verbose argv "C:\\Program Files\\nodejs\\node.exe" "C:\\Program Files\\nodejs\\node_modules\\npm\\bin\\npm-cli.js" "start"
18 verbose node v8.11.1
19 verbose npm  v5.6.0
20 error code ELIFECYCLE
21 error errno 1
22 error wemall@0.0.2 start: `node app.js`
22 error Exit status 1
23 error Failed at the wemall@0.0.2 start script.
23 error This is probably not a problem with npm. There is likely additional logging output above.
24 verbose exit [ 1, true ]


```
go run main.go 
# wemall/controller/ueditor
controller/ueditor/ueditor.go:76:21: multiple-value uuid.NewV4() in single-value context
# wemall/controller/common
controller/common/upload.go:67:21: multiple-value uuid.NewV4() in single-value context
```
npm run staticServ

> wemall@0.0.2 staticServ /var/www/wemall/src/nodejs
> node staticServ.js

/var/www/wemall/src/nodejs/node_modules/serve-static/index.js:40
    throw new TypeError('root path required')
    ^

TypeError: root path required
    at Function.serveStatic [as static] (/var/www/wemall/src/nodejs/node_modules/serve-static/index.js:40:11)
    at Object.<anonymous> (/var/www/wemall/src/nodejs/staticServ.js:42:44)
    at Module._compile (module.js:571:32)
    at Object.Module._extensions..js (module.js:580:10)
    at Module.load (module.js:488:32)
    at tryModuleLoad (module.js:447:12)
    at Function.Module._load (module.js:439:3)
    at Module.runMain (module.js:605:10)
    at run (bootstrap_node.js:427:7)
    at startup (bootstrap_node.js:151:9)

npm ERR! Linux 4.9.41-moby
npm ERR! argv "/home/laradock/.nvm/versions/node/v7.10.0/bin/node" "/home/laradock/.nvm/versions/node/v7.10.0/bin/npm" "run" "staticServ"
npm ERR! node v7.10.0
npm ERR! npm  v4.2.0
npm ERR! code ELIFECYCLE
npm ERR! errno 1
npm ERR! wemall@0.0.2 staticServ: `node staticServ.js`
npm ERR! Exit status 1
npm ERR!
npm ERR! Failed at the wemall@0.0.2 staticServ script 'node staticServ.js'.
npm ERR! Make sure you have the latest version of node.js and npm installed.
npm ERR! If you do, this is most likely a problem with the wemall package,
npm ERR! not with npm itself.
npm ERR! Tell the author that this fails on your system:
npm ERR!     node staticServ.js
npm ERR! You can get information on how to open an issue for this project with:
npm ERR!     npm bugs wemall
npm ERR! Or if that isn't available, you can get their info via:
npm ERR!     npm owner ls wemall
npm ERR! There is likely additional logging output above.

npm ERR! Please include the following file with any support request:
npm ERR!     /root/.npm/_logs/2017-08-27T14_11_28_404Z-debug.log