
### System information
- **Linux Ubuntu**: 18.04
- **TensorFlow Serving version**:  installed from repository via docker image latest
- **TensorFlow version**: 2.1.0

### Describe the problem
After serving my model with no problems in a local VM and using grpc to make a petition i receive 
```
<_InactiveRpcError of RPC that terminated with:
	status = StatusCode.UNAVAILABLE
	details = "DNS resolution failed"
	debug_error_string = "{"created":"@1579269796.445068556","description":"Failed to pick subchannel","file":"src/core/ext/filters/client_channel/client_channel.cc","file_line":3941,"referenced_errors":[{"created":"@1579269796.445060219","description":"Resolver transient failure","file":"src/core/ext/filters/client_channel/resolving_lb_policy.cc","file_line":262,"referenced_errors":[{"created":"@1579269796.445058914","description":"DNS resolution failed","file":"src/core/ext/filters/client_channel/resolver/dns/c_ares/dns_resolver_ares.cc","file_line":370,"grpc_status":14,"referenced_errors":[{"created":"@1579269796.445036075","description":"C-ares status is not ARES_SUCCESS: Could not contact DNS servers","file":"src/core/ext/filters/client_channel/resolver/dns/c_ares/grpc_ares_wrapper.cc","file_line":244,"referenced_errors":[{"created":"@1579269796.445032010","description":"C-ares status is not ARES_SUCCESS: Could not contact DNS servers","file":"src/core/ext/filters/client_channel/resolver/dns/c_ares/grpc_ares_wrapper.cc","file_line":244}]}]}]}]}"
```

### Source code / logs
```
import grpc
from tensorflow_serving.apis import predict_pb2
from tensorflow_serving.apis import prediction_service_pb2
import tensorflow as tf
import numpy as np

def predict(hostport, data, device_id, shape):
    channel = grpc.insecure_channel(hostport)
    stub = prediction_service_pb2.PredictionServiceStub(channel)
    request = predict_pb2.PredictRequest()
    request.model_spec.name = device_id
    request.inputs['input'].CopyFrom(
        tf.make_tensor_proto(data, shape=shape))
    result = stub.Predict(request, 5.0)  # 5 seconds
    return result

print(predict("http://172.18.0.3:8501", np.array([1, 2, 3, 4, 5]), "S_00D9AA", shape=[1, 5]))
```
Executing the 3 command-sets of this Basic TensorFlow Serving tutorial should not result in errors. This is supposed to be the carrot for introducing folk to TensorFlow Servings.

https://www.tensorflow.org/tfx/serving/serving_basic

# Problem

The following error is reported when trying to test the server.

```
AttributeError: 'module' object has no attribute 'app'
```

# Steps to reproduce:

## Step 1

```sh
git clone https://github.com/tensorflow/serving.git
cd serving
rm -rf /tmp/mnist
tools/run_in_docker.sh python tensorflow_serving/example/mnist_saved_model.py \
  /tmp/mnist
```
The export was successful.

## Step 2

```sh
docker run -p 8500:8500 \
--mount type=bind,source=/tmp/mnist,target=/models/mnist \
-e MODEL_NAME=mnist -t tensorflow/serving &
```
Seems to correctly start the serving.

Output:
```
2020-01-17 11:50:13.844715: I tensorflow_serving/model_servers/server.cc:86] Building single TensorFlow model file config:  model_name: mnist model_base_path: /models/mnist
2020-01-17 11:50:13.845026: I tensorflow_serving/model_servers/server_core.cc:462] Adding/updating models.
2020-01-17 11:50:13.845064: I tensorflow_serving/model_servers/server_core.cc:573]  (Re-)adding model: mnist
2020-01-17 11:50:13.945571: I tensorflow_serving/core/basic_manager.cc:739] Successfully reserved resources to load servable {name: mnist version: 1}
2020-01-17 11:50:13.945629: I tensorflow_serving/core/loader_harness.cc:66] Approving load for servable version {name: mnist version: 1}
2020-01-17 11:50:13.945669: I tensorflow_serving/core/loader_harness.cc:74] Loading servable version {name: mnist version: 1}
2020-01-17 11:50:13.945725: I external/org_tensorflow/tensorflow/cc/saved_model/reader.cc:31] Reading SavedModel from: /models/mnist/1
2020-01-17 11:50:13.947023: I external/org_tensorflow/tensorflow/cc/saved_model/reader.cc:54] Reading meta graph with tags { serve }
2020-01-17 11:50:13.947109: I external/org_tensorflow/tensorflow/cc/saved_model/loader.cc:264] Reading SavedModel debug info (if present) from: /models/mnist/1
2020-01-17 11:50:13.947258: I external/org_tensorflow/tensorflow/core/platform/cpu_feature_guard.cc:142] Your CPU supports instructions that this TensorFlow binary was not compiled to use: AVX2 FMA
2020-01-17 11:50:13.964276: I external/org_tensorflow/tensorflow/cc/saved_model/loader.cc:203] Restoring SavedModel bundle.
2020-01-17 11:50:13.970068: I external/org_tensorflow/tensorflow/cc/saved_model/loader.cc:152] Running initialization op on SavedModel bundle at path: /models/mnist/1
2020-01-17 11:50:13.973488: I external/org_tensorflow/tensorflow/cc/saved_model/loader.cc:333] SavedModel load for tags { serve }; Status: success: OK. Took 27760 microseconds.
2020-01-17 11:50:13.973799: I tensorflow_serving/servables/tensorflow/saved_model_warmup.cc:105] No warmup data file found at /models/mnist/1/assets.extra/tf_serving_warmup_requests
2020-01-17 11:50:13.974119: I tensorflow_serving/core/loader_harness.cc:87] Successfully loaded servable version {name: mnist version: 1}
2020-01-17 11:50:13.978468: I tensorflow_serving/model_servers/server.cc:358] Running gRPC ModelServer at 0.0.0.0:8500 ...
[warn] getaddrinfo: address family for nodename not supported
[evhttp_server.cc : 238] NET_LOG: Entering the event loop ...
2020-01-17 11:50:13.980440: I tensorflow_serving/model_servers/server.cc:378] Exporting HTTP/REST API at:localhost:8501 ...
```

## Step 3

```sh
tools/run_in_docker.sh python tensorflow_serving/example/mnist_client.py \
  --num_tests=1000 --server=127.0.0.1:8500
```
Here I was presented with an error message.

```
tools/run_in_docker.sh python tensorflow_serving/example/mnist_client.py \
>   --num_tests=1000 --server=127.0.0.1:8500
== Pulling docker image: tensorflow/serving:nightly-devel
nightly-devel: Pulling from tensorflow/serving
Digest: sha256:5af52f318944078fbbe6e8dd607d830912e42b5666d7582a3c65b35ff22e85ec
Status: Image is up to date for tensorflow/serving:nightly-devel
docker.io/tensorflow/serving:nightly-devel
== Running cmd: sh -c 'cd /mnt/c/Echosec/serving; python tensorflow_serving/example/mnist_client.py --num_tests=1000 --server=127.0.0.1:8500'
2020-01-17 11:51:01.926219: W tensorflow/stream_executor/platform/default/dso_loader.cc:55] Could not load dynamic library 'libnvinfer.so.6'; dlerror: libnvinfer.so.6: cannot open shared object file: No such file or directory
2020-01-17 11:51:01.926358: W tensorflow/stream_executor/platform/default/dso_loader.cc:55] Could not load dynamic library 'libnvinfer_plugin.so.6'; dlerror: libnvinfer_plugin.so.6: cannot open shared object file: No such file or directory
2020-01-17 11:51:01.926393: W tensorflow/compiler/tf2tensorrt/utils/py_utils.cc:30] Cannot dlopen some TensorRT libraries. If you would like to use Nvidia GPU with TensorRT, please make sure the missing libraries mentioned above are installed properly.
Traceback (most recent call last):
  File "tensorflow_serving/example/mnist_client.py", line 44, in <module>
    tf.app.flags.DEFINE_integer('concurrency', 1,
AttributeError: 'module' object has no attribute 'app'
```

### Additional context:

Seems to be related to: 
https://github.com/tensorflow/serving/issues/1468

### System information
- **OS Platform and Distribution**: Ubuntu 18.04 on WSL
- **TensorFlow Serving installed from**: docker image: tensorflow/serving:nightly-devel
- **TensorFlow Serving version**: docker image: tensorflow/serving:nightly-devel

Nightly, in this case, is probably 2020-01-16/17
input image has shape:
```
image.shape:  (512, 512, 3) 
```
i feed input image into tf-serving
```
inputs = np.expand_dims(image, axis=0) -->  inputs.shape:  (1, 512, 512, 3), dtype inputs:  float32
```
but i don't know why i got error below:
```
Traceback (most recent call last):
  File "client.py", line 86, in <module>
    run(args.host, args.port, args.image_path, args.model, args.signature_name)
  File "client.py", line 72, in run
    boxes = tf.make_ndarray(prediction_outputs.result().outputs['output'])
  File "/home/tienduchoang/miniconda3/lib/python3.7/site-packages/grpc/_channel.py", line 303, in result
    raise self
grpc._channel._Rendezvous: <_Rendezvous of RPC that terminated with:
        status = StatusCode.INVALID_ARGUMENT
        details = "You must feed a value for placeholder tensor 'input_1' with dtype float and shape [?,?,?,3]
         [[{{node input_1}}]]"
        debug_error_string = "{"created":"@1578992659.969599135","description":"Error received from peer ipv6:[::1]:8500","file":"src/core/lib/surface/call.cc","file_line":1055,"grpc_message":"You must feed a value for placeholder tensor 'input_1' with dtype float and shape [?,?,?,3]\n\t [[{{node input_1}}]]","grpc_status":3}"
>
```
**System information**
* OS Platform and Distribution (e.g., Linux Debian 9): Debian GNU/Linux 9.11 (stretch)
* TensorFlow Serving installed from (source or binary): Both
* TensorFlow Serving version: 1.13

**Describe the problem**
Im running tfserving inside a pod in kubernetes. 
Here is how many resources i give tfserving:
```
        resources:
          limits:
            cpu: "6000m"
            memory: 16Gi
          requests:
            cpu: "6000m"
            memory: 6Gi
```

My tfserving crashes as follows:
```

2020-01-11 20:50:27.720295: I tensorflow_serving/model_servers/server_core.cc:461] Adding/updating models.
2020-01-11 20:50:27.720331: I tensorflow_serving/model_servers/server_core.cc:558]  (Re-)adding model: test
2020-01-11 20:50:27.720517: I external/org_tensorflow/tensorflow/core/platform/s3/aws_logging.cc:54] Initializing config loader against fileName /root//.aws/config and using profilePrefix = 1
2020-01-11 20:50:27.720538: I external/org_tensorflow/tensorflow/core/platform/s3/aws_logging.cc:54] Initializing config loader against fileName /root//.aws/credentials and using profilePrefix = 0
2020-01-11 20:50:27.720545: I external/org_tensorflow/tensorflow/core/platform/s3/aws_logging.cc:54] Setting provider to read credentials from /root//.aws/credentials for credentials file and /root//.aws/config for the config file , for use with profile default
2020-01-11 20:50:27.720554: I external/org_tensorflow/tensorflow/core/platform/s3/aws_logging.cc:54] Creating HttpClient with max connections2 and scheme http
2020-01-11 20:50:27.720573: I external/org_tensorflow/tensorflow/core/platform/s3/aws_logging.cc:54] Initializing CurlHandleContainer with size 2
2020-01-11 20:50:27.720585: I external/org_tensorflow/tensorflow/core/platform/s3/aws_logging.cc:54] Creating Instance with default EC2MetadataClient and refresh rate 900000
2020-01-11 20:50:27.720913: I external/org_tensorflow/tensorflow/core/platform/s3/aws_logging.cc:54] Unable to open config file /root//.aws/credentials for reading.
2020-01-11 20:50:27.720932: I external/org_tensorflow/tensorflow/core/platform/s3/aws_logging.cc:54] Failed to reload configuration.
2020-01-11 20:50:27.720945: I external/org_tensorflow/tensorflow/core/platform/s3/aws_logging.cc:54] Unable to open config file /root//.aws/config for reading.
2020-01-11 20:50:27.720953: I external/org_tensorflow/tensorflow/core/platform/s3/aws_logging.cc:54] Failed to reload configuration.
2020-01-11 20:50:27.720961: I external/org_tensorflow/tensorflow/core/platform/s3/aws_logging.cc:54] Credentials have expired attempting to repull from EC2 Metadata Service.
2020-01-11 20:50:27.721072: I external/org_tensorflow/tensorflow/core/platform/s3/aws_logging.cc:54] Pool grown by 2
2020-01-11 20:50:27.721084: I external/org_tensorflow/tensorflow/core/platform/s3/aws_logging.cc:54] Connection has been released. Continuing.
2020-01-11 20:50:27.721544: I external/org_tensorflow/tensorflow/core/platform/s3/aws_logging.cc:54] Connection has been released. Continuing.
2020-01-11 20:50:27.721803: I external/org_tensorflow/tensorflow/core/platform/s3/aws_logging.cc:54] Successfully pulled credentials from metadata service with access key blablabla
2020-01-11 20:50:27.721824: I external/org_tensorflow/tensorflow/core/platform/s3/aws_logging.cc:54] Connection has been released. Continuing.
2020-01-11 20:50:27.722703: I external/org_tensorflow/tensorflow/core/platform/s3/aws_logging.cc:54] Detected current region as us-east-2
2020-01-11 20:50:27.722722: I external/org_tensorflow/tensorflow/core/platform/s3/aws_logging.cc:54] Successfully reloaded configuration.
2020-01-11 20:50:27.722749: I external/org_tensorflow/tensorflow/core/platform/s3/aws_logging.cc:54] Initializing CurlHandleContainer with size 25
2020-01-11 20:50:27.722860: I external/org_tensorflow/tensorflow/core/platform/s3/aws_logging.cc:54] Pool grown by 2
2020-01-11 20:50:27.722868: I external/org_tensorflow/tensorflow/core/platform/s3/aws_logging.cc:54] Connection has been released. Continuing.
2020-01-11 20:50:37.736908: E external/org_tensorflow/tensorflow/core/platform/s3/aws_logging.cc:60] Curl returned error code 6
2020-01-11 20:50:37.736965: W external/org_tensorflow/tensorflow/core/platform/s3/aws_logging.cc:57] If the signature check failed. This could be because of a time skew. Attempting to adjust the signer.
2020-01-11 20:50:37.736976: W external/org_tensorflow/tensorflow/core/platform/s3/aws_logging.cc:57] Request failed, now waiting 0 ms before attempting again.
2020-01-11 20:50:37.737127: I external/org_tensorflow/tensorflow/core/platform/s3/aws_logging.cc:54] Connection has been released. Continuing.
2020-01-11 20:50:37.816075: E external/org_tensorflow/tensorflow/core/platform/s3/aws_logging.cc:60] No response body. Response code: 404
2020-01-11 20:50:37.816107: W external/org_tensorflow/tensorflow/core/platform/s3/aws_logging.cc:57] If the signature check failed. This could be because of a time skew. Attempting to adjust the signer.
2020-01-11 20:50:37.816216: I external/org_tensorflow/tensorflow/core/platform/s3/aws_logging.cc:54] Connection has been released. Continuing.
2020-01-11 20:50:38.122865: I external/org_tensorflow/tensorflow/core/platform/s3/aws_logging.cc:54] Connection has been released. Continuing.
2020-01-11 20:50:38.148240: I external/org_tensorflow/tensorflow/core/platform/s3/aws_logging.cc:54] Connection has been released. Continuing.
2020-01-11 20:50:38.163863: E external/org_tensorflow/tensorflow/core/platform/s3/aws_logging.cc:60] No response body. Response code: 404
2020-01-11 20:50:38.163891: W external/org_tensorflow/tensorflow/core/platform/s3/aws_logging.cc:57] If the signature check failed. This could be because of a time skew. Attempting to adjust the signer.
2020-01-11 20:50:38.163978: I external/org_tensorflow/tensorflow/core/platform/s3/aws_logging.cc:54] Connection has been released. Continuing.
2020-01-11 20:50:38.187759: I external/org_tensorflow/tensorflow/core/platform/s3/aws_logging.cc:54] Connection has been released. Continuing.
2020-01-11 20:50:38.227077: I external/org_tensorflow/tensorflow/core/platform/s3/aws_logging.cc:54] Connection has been released. Continuing.
2020-01-11 20:50:38.243169: E external/org_tensorflow/tensorflow/core/platform/s3/aws_logging.cc:60] No response body. Response code: 404
2020-01-11 20:50:38.243196: W external/org_tensorflow/tensorflow/core/platform/s3/aws_logging.cc:57] If the signature check failed. This could be because of a time skew. Attempting to adjust the signer.
2020-01-11 20:50:38.243292: I external/org_tensorflow/tensorflow/core/platform/s3/aws_logging.cc:54] Connection has been released. Continuing.
2020-01-11 20:50:38.266511: I external/org_tensorflow/tensorflow/core/platform/s3/aws_logging.cc:54] Connection has been released. Continuing.
2020-01-11 20:50:38.290418: I external/org_tensorflow/tensorflow/core/platform/s3/aws_logging.cc:54] Connection has been released. Continuing.
2020-01-11 20:50:38.309376: E external/org_tensorflow/tensorflow/core/platform/s3/aws_logging.cc:60] No response body. Response code: 404
2020-01-11 20:50:38.309401: W external/org_tensorflow/tensorflow/core/platform/s3/aws_logging.cc:57] If the signature check failed. This could be because of a time skew. Attempting to adjust the signer.
2020-01-11 20:50:38.309484: I external/org_tensorflow/tensorflow/core/platform/s3/aws_logging.cc:54] Connection has been released. Continuing.
2020-01-11 20:50:38.334433: I external/org_tensorflow/tensorflow/core/platform/s3/aws_logging.cc:54] Connection has been released. Continuing.
2020-01-11 20:50:38.350530: E external/org_tensorflow/tensorflow/core/platform/s3/aws_logging.cc:60] No response body. Response code: 404
2020-01-11 20:50:38.350555: W external/org_tensorflow/tensorflow/core/platform/s3/aws_logging.cc:57] If the signature check failed. This could be because of a time skew. Attempting to adjust the signer.
2020-01-11 20:50:38.350630: I external/org_tensorflow/tensorflow/core/platform/s3/aws_logging.cc:54] Connection has been released. Continuing.
2020-01-11 20:50:38.376515: I external/org_tensorflow/tensorflow/core/platform/s3/aws_logging.cc:54] Connection has been released. Continuing.
2020-01-11 20:50:38.392273: E external/org_tensorflow/tensorflow/core/platform/s3/aws_logging.cc:60] No response body. Response code: 404
2020-01-11 20:50:38.392297: W external/org_tensorflow/tensorflow/core/platform/s3/aws_logging.cc:57] If the signature check failed. This could be because of a time skew. Attempting to adjust the signer.
2020-01-11 20:50:38.392370: I external/org_tensorflow/tensorflow/core/platform/s3/aws_logging.cc:54] Connection has been released. Continuing.
2020-01-11 20:50:38.419425: I external/org_tensorflow/tensorflow/core/platform/s3/aws_logging.cc:54] Connection has been released. Continuing.
2020-01-11 20:50:38.435372: E external/org_tensorflow/tensorflow/core/platform/s3/aws_logging.cc:60] No response body. Response code: 404
2020-01-11 20:50:38.435398: W external/org_tensorflow/tensorflow/core/platform/s3/aws_logging.cc:57] If the signature check failed. This could be because of a time skew. Attempting to adjust the signer.
2020-01-11 20:50:38.435472: I external/org_tensorflow/tensorflow/core/platform/s3/aws_logging.cc:54] Connection has been released. Continuing.
2020-01-11 20:50:38.458085: I external/org_tensorflow/tensorflow/core/platform/s3/aws_logging.cc:54] Connection has been released. Continuing.
2020-01-11 20:50:38.474527: I external/org_tensorflow/tensorflow/core/platform/s3/aws_logging.cc:54] Connection has been released. Continuing.
2020-01-11 20:50:38.496767: I external/org_tensorflow/tensorflow/core/platform/s3/aws_logging.cc:54] Connection has been released. Continuing.
2020-01-11 20:50:38.513208: I external/org_tensorflow/tensorflow/core/platform/s3/aws_logging.cc:54] Connection has been released. Continuing.
2020-01-11 20:50:38.534049: I external/org_tensorflow/tensorflow/core/platform/s3/aws_logging.cc:54] Connection has been released. Continuing.
2020-01-11 20:50:38.556243: I external/org_tensorflow/tensorflow/core/platform/s3/aws_logging.cc:54] Connection has been released. Continuing.
2020-01-11 20:50:38.576067: I external/org_tensorflow/tensorflow/core/platform/s3/aws_logging.cc:54] Connection has been released. Continuing.
2020-01-11 20:50:38.595498: I external/org_tensorflow/tensorflow/core/platform/s3/aws_logging.cc:54] Connection has been released. Continuing.
2020-01-11 20:50:38.613143: I external/org_tensorflow/tensorflow/core/platform/s3/aws_logging.cc:54] Connection has been released. Continuing.
2020-01-11 20:50:38.637276: I external/org_tensorflow/tensorflow/core/platform/s3/aws_logging.cc:54] Connection has been released. Continuing.
2020-01-11 20:50:38.653365: I external/org_tensorflow/tensorflow/core/platform/s3/aws_logging.cc:54] Connection has been released. Continuing.
2020-01-11 20:50:38.676867: I external/org_tensorflow/tensorflow/core/platform/s3/aws_logging.cc:54] Connection has been released. Continuing.
2020-01-11 20:50:38.693410: I external/org_tensorflow/tensorflow/core/platform/s3/aws_logging.cc:54] Connection has been released. Continuing.
2020-01-11 20:50:38.712758: I external/org_tensorflow/tensorflow/core/platform/s3/aws_logging.cc:54] Connection has been released. Continuing.
2020-01-11 20:50:38.736195: I external/org_tensorflow/tensorflow/core/platform/s3/aws_logging.cc:54] Connection has been released. Continuing.
2020-01-11 20:50:38.754178: I external/org_tensorflow/tensorflow/core/platform/s3/aws_logging.cc:54] Connection has been released. Continuing.
2020-01-11 20:50:38.776671: I external/org_tensorflow/tensorflow/core/platform/s3/aws_logging.cc:54] Connection has been released. Continuing.
2020-01-11 20:50:38.795366: I external/org_tensorflow/tensorflow/core/platform/s3/aws_logging.cc:54] Connection has been released. Continuing.
2020-01-11 20:50:38.817852: I external/org_tensorflow/tensorflow/core/platform/s3/aws_logging.cc:54] Connection has been released. Continuing.
2020-01-11 20:50:38.834910: I external/org_tensorflow/tensorflow/core/platform/s3/aws_logging.cc:54] Connection has been released. Continuing.
2020-01-11 20:50:38.854455: I external/org_tensorflow/tensorflow/core/platform/s3/aws_logging.cc:54] Connection has been released. Continuing.
2020-01-11 20:50:38.872807: I external/org_tensorflow/tensorflow/core/platform/s3/aws_logging.cc:54] Connection has been released. Continuing.
2020-01-11 20:50:38.914937: I external/org_tensorflow/tensorflow/core/platform/s3/aws_logging.cc:54] Connection has been released. Continuing.
2020-01-11 20:50:38.932250: E external/org_tensorflow/tensorflow/core/platform/s3/aws_logging.cc:60] No response body. Response code: 404
2020-01-11 20:50:38.932273: W external/org_tensorflow/tensorflow/core/platform/s3/aws_logging.cc:57] If the signature check failed. This could be because of a time skew. Attempting to adjust the signer.
2020-01-11 20:50:38.932346: I external/org_tensorflow/tensorflow/core/platform/s3/aws_logging.cc:54] Connection has been released. Continuing.
2020-01-11 20:50:38.956722: I external/org_tensorflow/tensorflow/core/platform/s3/aws_logging.cc:54] Connection has been released. Continuing.
2020-01-11 20:50:38.972184: E external/org_tensorflow/tensorflow/core/platform/s3/aws_logging.cc:60] No response body. Response code: 404
2020-01-11 20:50:38.972208: W external/org_tensorflow/tensorflow/core/platform/s3/aws_logging.cc:57] If the signature check failed. This could be because of a time skew. Attempting to adjust the signer.
2020-01-11 20:50:38.972281: I external/org_tensorflow/tensorflow/core/platform/s3/aws_logging.cc:54] Connection has been released. Continuing.
2020-01-11 20:50:38.997268: I external/org_tensorflow/tensorflow/core/platform/s3/aws_logging.cc:54] Connection has been released. Continuing.
2020-01-11 20:50:39.015704: E external/org_tensorflow/tensorflow/core/platform/s3/aws_logging.cc:60] No response body. Response code: 404
2020-01-11 20:50:39.015728: W external/org_tensorflow/tensorflow/core/platform/s3/aws_logging.cc:57] If the signature check failed. This could be because of a time skew. Attempting to adjust the signer.
2020-01-11 20:50:39.015802: I external/org_tensorflow/tensorflow/core/platform/s3/aws_logging.cc:54] Connection has been released. Continuing.
2020-01-11 20:50:39.038626: I external/org_tensorflow/tensorflow/core/platform/s3/aws_logging.cc:54] Connection has been released. Continuing.
2020-01-11 20:50:39.056839: E external/org_tensorflow/tensorflow/core/platform/s3/aws_logging.cc:60] No response body. Response code: 404
2020-01-11 20:50:39.056866: W external/org_tensorflow/tensorflow/core/platform/s3/aws_logging.cc:57] If the signature check failed. This could be because of a time skew. Attempting to adjust the signer.
2020-01-11 20:50:39.056941: I external/org_tensorflow/tensorflow/core/platform/s3/aws_logging.cc:54] Connection has been released. Continuing.
2020-01-11 20:50:39.080675: I external/org_tensorflow/tensorflow/core/platform/s3/aws_logging.cc:54] Connection has been released. Continuing.
2020-01-11 20:50:39.096889: I external/org_tensorflow/tensorflow/core/platform/s3/aws_logging.cc:54] Connection has been released. Continuing.
2020-01-11 20:50:39.119187: I external/org_tensorflow/tensorflow/core/platform/s3/aws_logging.cc:54] Connection has been released. Continuing.
2020-01-11 20:50:39.135832: I external/org_tensorflow/tensorflow/core/platform/s3/aws_logging.cc:54] Connection has been released. Continuing.
2020-01-11 20:50:39.148280: I external/org_tensorflow/tensorflow/core/platform/s3/aws_logging.cc:54] Connection has been released. Continuing.
2020-01-11 20:50:39.158178: I external/org_tensorflow/tensorflow/core/platform/s3/aws_logging.cc:54] Connection has been released. Continuing.
2020-01-11 20:50:39.174397: I external/org_tensorflow/tensorflow/core/platform/s3/aws_logging.cc:54] Connection has been released. Continuing.
2020-01-11 20:50:39.196307: I external/org_tensorflow/tensorflow/core/platform/s3/aws_logging.cc:54] Connection has been released. Continuing.
2020-01-11 20:50:39.216213: I external/org_tensorflow/tensorflow/core/platform/s3/aws_logging.cc:54] Connection has been released. Continuing.
2020-01-11 20:50:39.225227: E external/org_tensorflow/tensorflow/core/platform/s3/aws_logging.cc:60] No response body. Response code: 404
2020-01-11 20:50:39.225250: W external/org_tensorflow/tensorflow/core/platform/s3/aws_logging.cc:57] If the signature check failed. This could be because of a time skew. Attempting to adjust the signer.
2020-01-11 20:50:39.225345: I external/org_tensorflow/tensorflow/core/platform/s3/aws_logging.cc:54] Connection has been released. Continuing.
2020-01-11 20:50:39.236971: I external/org_tensorflow/tensorflow/core/platform/s3/aws_logging.cc:54] Connection has been released. Continuing.
2020-01-11 20:50:39.253906: I external/org_tensorflow/tensorflow/core/platform/s3/aws_logging.cc:54] Connection has been released. Continuing.
2020-01-11 20:50:39.255094: I external/org_tensorflow/tensorflow/core/platform/s3/aws_logging.cc:54] Connection has been released. Continuing.
2020-01-11 20:50:39.276280: I external/org_tensorflow/tensorflow/core/platform/s3/aws_logging.cc:54] Connection has been released. Continuing.
2020-01-11 20:50:39.297656: I external/org_tensorflow/tensorflow/core/platform/s3/aws_logging.cc:54] Connection has been released. Continuing.
2020-01-11 20:50:39.321102: I external/org_tensorflow/tensorflow/core/platform/s3/aws_logging.cc:54] Connection has been released. Continuing.
2020-01-11 20:50:39.342318: I external/org_tensorflow/tensorflow/core/platform/s3/aws_logging.cc:54] Connection has been released. Continuing.
2020-01-11 20:50:39.362631: I external/org_tensorflow/tensorflow/core/platform/s3/aws_logging.cc:54] Connection has been released. Continuing.
2020-01-11 20:50:39.381192: I external/org_tensorflow/tensorflow/core/platform/s3/aws_logging.cc:54] Connection has been released. Continuing.
2020-01-11 20:50:39.405108: I external/org_tensorflow/tensorflow/core/platform/s3/aws_logging.cc:54] Connection has been released. Continuing.
2020-01-11 20:50:39.422685: I external/org_tensorflow/tensorflow/core/platform/s3/aws_logging.cc:54] Connection has been released. Continuing.
2020-01-11 20:50:39.443225: I external/org_tensorflow/tensorflow/core/platform/s3/aws_logging.cc:54] Connection has been released. Continuing.
2020-01-11 20:50:39.462392: I external/org_tensorflow/tensorflow/core/platform/s3/aws_logging.cc:54] Connection has been released. Continuing.
2020-01-11 20:50:39.484284: I external/org_tensorflow/tensorflow/core/platform/s3/aws_logging.cc:54] Connection has been released. Continuing.
2020-01-11 20:50:39.502490: I external/org_tensorflow/tensorflow/core/platform/s3/aws_logging.cc:54] Connection has been released. Continuing.
2020-01-11 20:50:39.523670: I external/org_tensorflow/tensorflow/core/platform/s3/aws_logging.cc:54] Connection has been released. Continuing.
2020-01-11 20:50:39.541454: I external/org_tensorflow/tensorflow/core/platform/s3/aws_logging.cc:54] Connection has been released. Continuing.
2020-01-11 20:50:39.561441: I external/org_tensorflow/tensorflow/core/platform/s3/aws_logging.cc:54] Connection has been released. Continuing.
2020-01-11 20:50:39.578644: I external/org_tensorflow/tensorflow/core/platform/s3/aws_logging.cc:54] Connection has been released. Continuing.
2020-01-11 20:50:39.599525: I external/org_tensorflow/tensorflow/core/platform/s3/aws_logging.cc:54] Connection has been released. Continuing.
2020-01-11 20:50:39.616695: I external/org_tensorflow/tensorflow/core/platform/s3/aws_logging.cc:54] Connection has been released. Continuing.
2020-01-11 20:50:39.637924: I external/org_tensorflow/tensorflow/core/platform/s3/aws_logging.cc:54] Connection has been released. Continuing.
2020-01-11 20:50:39.655765: I external/org_tensorflow/tensorflow/core/platform/s3/aws_logging.cc:54] Connection has been released. Continuing.
2020-01-11 20:50:39.681704: I tensorflow_serving/core/basic_manager.cc:739] Successfully reserved resources to load servable {name: test version: 1577843267}
2020-01-11 20:50:39.681722: I tensorflow_serving/core/loader_harness.cc:66] Approving load for servable version {name: test version: 1577843267}
2020-01-11 20:50:39.681741: I tensorflow_serving/core/loader_harness.cc:74] Loading servable version {name: test version: 1577843267}
2020-01-11 20:50:39.681835: I external/org_tensorflow/tensorflow/core/platform/s3/aws_logging.cc:54] Connection has been released. Continuing.
2020-01-11 20:50:39.699481: I external/org_tensorflow/tensorflow/core/platform/s3/aws_logging.cc:54] Connection has been released. Continuing.
2020-01-11 20:50:39.722254: I external/org_tensorflow/tensorflow/contrib/session_bundle/bundle_shim.cc:363] Attempting to load native SavedModelBundle in bundle-shim from: s3://tftest/test-models/2020-01-01/4/2/exported_models/30232579/1577843267
2020-01-11 20:50:39.722271: I external/org_tensorflow/tensorflow/cc/saved_model/reader.cc:31] Reading SavedModel from: s3://mm-tftest/test-models/2020-01-01/4/2/exported_models/30232579/1577843267
2020-01-11 20:50:39.722354: I external/org_tensorflow/tensorflow/core/platform/s3/aws_logging.cc:54] Connection has been released. Continuing.
2020-01-11 20:50:39.739364: I external/org_tensorflow/tensorflow/core/platform/s3/aws_logging.cc:54] Connection has been released. Continuing.
2020-01-11 20:50:39.760363: I external/org_tensorflow/tensorflow/core/platform/s3/aws_logging.cc:54] Connection has been released. Continuing.
2020-01-11 20:50:39.837964: I external/org_tensorflow/tensorflow/core/platform/s3/aws_logging.cc:54] Connection has been released. Continuing.
2020-01-11 20:50:39.871260: I external/org_tensorflow/tensorflow/core/platform/s3/aws_logging.cc:54] Connection has been released. Continuing.
2020-01-11 20:50:39.887224: W external/org_tensorflow/tensorflow/core/platform/s3/aws_logging.cc:57] Encountered Unknown AWSError
InvalidRange
The requested range is not satisfiable:
2020-01-11 20:50:39.887250: W external/org_tensorflow/tensorflow/core/platform/s3/aws_logging.cc:57] If the signature check failed. This could be because of a time skew. Attempting to adjust the signer.
2020-01-11 20:50:39.887290: I external/org_tensorflow/tensorflow/cc/saved_model/reader.cc:54] Reading meta graph with tags { serve }
2020-01-11 20:50:39.903888: I external/org_tensorflow/tensorflow/core/platform/cpu_feature_guard.cc:141] Your CPU supports instructions that this TensorFlow binary was not compiled to use: AVX512F
2020-01-11 20:50:39.952993: I external/org_tensorflow/tensorflow/cc/saved_model/loader.cc:182] Restoring SavedModel bundle.
2020-01-11 20:50:39.953122: I external/org_tensorflow/tensorflow/core/platform/s3/aws_logging.cc:54] Connection has been released. Continuing.
2020-01-11 20:50:39.969886: I external/org_tensorflow/tensorflow/core/platform/s3/aws_logging.cc:54] Connection has been released. Continuing.
2020-01-11 20:50:40.055828: I external/org_tensorflow/tensorflow/core/platform/s3/aws_logging.cc:54] Connection has been released. Continuing.
2020-01-11 20:50:40.079989: I external/org_tensorflow/tensorflow/core/platform/s3/aws_logging.cc:54] Connection has been released. Continuing.
2020-01-11 20:50:40.097134: I external/org_tensorflow/tensorflow/core/platform/s3/aws_logging.cc:54] Connection has been released. Continuing.
2020-01-11 20:50:40.117212: I external/org_tensorflow/tensorflow/core/platform/s3/aws_logging.cc:54] Connection has been released. Continuing.
2020-01-11 20:50:40.134901: I external/org_tensorflow/tensorflow/core/platform/s3/aws_logging.cc:54] Connection has been released. Continuing.
2020-01-11 20:50:40.148347: I external/org_tensorflow/tensorflow/core/platform/s3/aws_logging.cc:54] Connection has been released. Continuing.
2020-01-11 20:50:40.157300: I external/org_tensorflow/tensorflow/core/platform/s3/aws_logging.cc:54] Connection has been released. Continuing.
2020-01-11 20:50:40.165061: E external/org_tensorflow/tensorflow/core/platform/s3/aws_logging.cc:60] No response body. Response code: 404
2020-01-11 20:50:40.165084: W external/org_tensorflow/tensorflow/core/platform/s3/aws_logging.cc:57] If the signature check failed. This could be because of a time skew. Attempting to adjust the signer.
2020-01-11 20:50:40.165162: I external/org_tensorflow/tensorflow/core/platform/s3/aws_logging.cc:54] Connection has been released. Continuing.
2020-01-11 20:50:40.174429: I external/org_tensorflow/tensorflow/core/platform/s3/aws_logging.cc:54] Connection has been released. Continuing.
2020-01-11 20:50:40.188896: I external/org_tensorflow/tensorflow/core/platform/s3/aws_logging.cc:54] Connection has been released. Continuing.
2020-01-11 20:50:40.199192: I external/org_tensorflow/tensorflow/core/platform/s3/aws_logging.cc:54] Connection has been released. Continuing.
2020-01-11 20:50:40.219639: I external/org_tensorflow/tensorflow/core/platform/s3/aws_logging.cc:54] Connection has been released. Continuing.
2020-01-11 20:50:40.238643: I external/org_tensorflow/tensorflow/core/platform/s3/aws_logging.cc:54] Connection has been released. Continuing.
2020-01-11 20:50:40.258800: I external/org_tensorflow/tensorflow/core/platform/s3/aws_logging.cc:54] Connection has been released. Continuing.
2020-01-11 20:50:40.297108: I external/org_tensorflow/tensorflow/core/platform/s3/aws_logging.cc:54] Connection has been released. Continuing.
2020-01-11 20:50:40.341879: I external/org_tensorflow/tensorflow/core/platform/s3/aws_logging.cc:54] Connection has been released. Continuing.
2020-01-11 20:50:40.367757: I external/org_tensorflow/tensorflow/core/platform/s3/aws_logging.cc:54] Connection has been released. Continuing.
2020-01-11 20:50:40.460672: I external/org_tensorflow/tensorflow/core/platform/s3/aws_logging.cc:54] Connection has been released. Continuing.
2020-01-11 20:50:40.600029: I external/org_tensorflow/tensorflow/core/platform/s3/aws_logging.cc:54] Connection has been released. Continuing.
2020-01-11 20:50:40.647918: I external/org_tensorflow/tensorflow/core/platform/s3/aws_logging.cc:54] Connection has been released. Continuing.
2020-01-11 20:50:40.671759: I external/org_tensorflow/tensorflow/cc/saved_model/loader.cc:132] Running initialization op on SavedModel bundle.
2020-01-11 20:50:40.716823: I external/org_tensorflow/tensorflow/cc/saved_model/loader.cc:285] SavedModel load for tags { serve }; Status: success. Took 994543 microseconds.
2020-01-11 20:50:40.716952: I external/org_tensorflow/tensorflow/core/platform/s3/aws_logging.cc:54] Connection has been released. Continuing.
2020-01-11 20:50:40.733312: E external/org_tensorflow/tensorflow/core/platform/s3/aws_logging.cc:60] No response body. Response code: 404
2020-01-11 20:50:40.733338: W external/org_tensorflow/tensorflow/core/platform/s3/aws_logging.cc:57] If the signature check failed. This could be because of a time skew. Attempting to adjust the signer.
2020-01-11 20:50:40.733427: I external/org_tensorflow/tensorflow/core/platform/s3/aws_logging.cc:54] Connection has been released. Continuing.
2020-01-11 20:50:40.755986: I tensorflow_serving/servables/tensorflow/saved_model_warmup.cc:101] No warmup data file found at s3://mm-tftest/test-models/2020-01-01/4/2/exported_models/30232579/1577843267/assets.extra/tf_serving_warmup_requests
2020-01-11 20:50:40.756078: I external/org_tensorflow/tensorflow/core/platform/s3/aws_logging.cc:54] Connection has been released. Continuing.
2020-01-11 20:50:40.772405: E external/org_tensorflow/tensorflow/core/platform/s3/aws_logging.cc:60] No response body. Response code: 404
2020-01-11 20:50:40.772424: W external/org_tensorflow/tensorflow/core/platform/s3/aws_logging.cc:57] If the signature check failed. This could be because of a time skew. Attempting to adjust the signer.
2020-01-11 20:50:40.772499: I external/org_tensorflow/tensorflow/core/platform/s3/aws_logging.cc:54] Connection has been released. Continuing.
2020-01-11 20:50:40.803503: I external/org_tensorflow/tensorflow/core/platform/s3/aws_logging.cc:54] Connection has been released. Continuing.
2020-01-11 20:50:40.826640: I external/org_tensorflow/tensorflow/core/platform/s3/aws_logging.cc:54] Connection has been released. Continuing.
2020-01-11 20:50:40.845010: E external/org_tensorflow/tensorflow/core/platform/s3/aws_logging.cc:60] No response body. Response code: 404
2020-01-11 20:50:40.845031: W external/org_tensorflow/tensorflow/core/platform/s3/aws_logging.cc:57] If the signature check failed. This could be because of a time skew. Attempting to adjust the signer.
2020-01-11 20:50:40.845111: I external/org_tensorflow/tensorflow/core/platform/s3/aws_logging.cc:54] Connection has been released. Continuing.
2020-01-11 20:50:40.867708: I external/org_tensorflow/tensorflow/core/platform/s3/aws_logging.cc:54] Connection has been released. Continuing.
2020-01-11 20:50:40.885904: E external/org_tensorflow/tensorflow/core/platform/s3/aws_logging.cc:60] No response body. Response code: 404
2020-01-11 20:50:40.885923: W external/org_tensorflow/tensorflow/core/platform/s3/aws_logging.cc:57] If the signature check failed. This could be because of a time skew. Attempting to adjust the signer.
2020-01-11 20:50:40.886001: I external/org_tensorflow/tensorflow/core/platform/s3/aws_logging.cc:54] Connection has been released. Continuing.
2020-01-11 20:50:40.911323: I external/org_tensorflow/tensorflow/core/platform/s3/aws_logging.cc:54] Connection has been released. Continuing.
2020-01-11 20:50:40.929390: E external/org_tensorflow/tensorflow/core/platform/s3/aws_logging.cc:60] No response body. Response code: 404
2020-01-11 20:50:40.929409: W external/org_tensorflow/tensorflow/core/platform/s3/aws_logging.cc:57] If the signature check failed. This could be because of a time skew. Attempting to adjust the signer.
2020-01-11 20:50:40.929503: I external/org_tensorflow/tensorflow/core/platform/s3/aws_logging.cc:54] Connection has been released. Continuing.
2020-01-11 20:50:40.952148: I external/org_tensorflow/tensorflow/core/platform/s3/aws_logging.cc:54] Connection has been released. Continuing.
2020-01-11 20:50:40.972391: E external/org_tensorflow/tensorflow/core/platform/s3/aws_logging.cc:60] No response body. Response code: 404
2020-01-11 20:50:40.972413: W external/org_tensorflow/tensorflow/core/platform/s3/aws_logging.cc:57] If the signature check failed. This could be because of a time skew. Attempting to adjust the signer.
2020-01-11 20:50:40.972494: I external/org_tensorflow/tensorflow/core/platform/s3/aws_logging.cc:54] Connection has been released. Continuing.
2020-01-11 20:50:40.999578: I external/org_tensorflow/tensorflow/core/platform/s3/aws_logging.cc:54] Connection has been released. Continuing.
2020-01-11 20:50:41.018336: I external/org_tensorflow/tensorflow/core/platform/s3/aws_logging.cc:54] Connection has been released. Continuing.
2020-01-11 20:50:41.046180: I external/org_tensorflow/tensorflow/core/platform/s3/aws_logging.cc:54] Connection has been released. Continuing.
2020-01-11 20:50:41.091023: I external/org_tensorflow/tensorflow/core/platform/s3/aws_logging.cc:54] Connection has been released. Continuing.
2020-01-11 20:50:41.137454: I external/org_tensorflow/tensorflow/core/platform/s3/aws_logging.cc:54] Connection has been released. Continuing.
2020-01-11 20:50:41.148838: I external/org_tensorflow/tensorflow/core/platform/s3/aws_logging.cc:54] Connection has been released. Continuing.
2020-01-11 20:50:41.166021: E external/org_tensorflow/tensorflow/core/platform/s3/aws_logging.cc:60] No response body. Response code: 404
2020-01-11 20:50:41.166044: W external/org_tensorflow/tensorflow/core/platform/s3/aws_logging.cc:57] If the signature check failed. This could be because of a time skew. Attempting to adjust the signer.
2020-01-11 20:50:41.166135: I external/org_tensorflow/tensorflow/core/platform/s3/aws_logging.cc:54] Connection has been released. Continuing.
2020-01-11 20:50:41.191502: I external/org_tensorflow/tensorflow/core/platform/s3/aws_logging.cc:54] Connection has been released. Continuing.
2020-01-11 20:50:41.326450: I external/org_tensorflow/tensorflow/core/platform/s3/aws_logging.cc:54] Connection has been released. Continuing.
2020-01-11 20:50:41.344138: I external/org_tensorflow/tensorflow/core/platform/s3/aws_logging.cc:54] Connection has been released. Continuing.
2020-01-11 20:50:41.364928: I external/org_tensorflow/tensorflow/core/platform/s3/aws_logging.cc:54] Connection has been released. Continuing.
2020-01-11 20:50:41.381697: I external/org_tensorflow/tensorflow/core/platform/s3/aws_logging.cc:54] Connection has been released. Continuing.
2020-01-11 20:50:41.402073: I external/org_tensorflow/tensorflow/core/platform/s3/aws_logging.cc:54] Connection has been released. Continuing.
2020-01-11 20:50:41.419329: I external/org_tensorflow/tensorflow/core/platform/s3/aws_logging.cc:54] Connection has been released. Continuing.
2020-01-11 20:50:41.439833: I external/org_tensorflow/tensorflow/core/platform/s3/aws_logging.cc:54] Connection has been released. Continuing.
2020-01-11 20:50:41.459997: I external/org_tensorflow/tensorflow/core/platform/s3/aws_logging.cc:54] Connection has been released. Continuing.
2020-01-11 20:50:41.481319: I external/org_tensorflow/tensorflow/core/platform/s3/aws_logging.cc:54] Connection has been released. Continuing.
2020-01-11 20:50:41.504177: I external/org_tensorflow/tensorflow/core/platform/s3/aws_logging.cc:54] Connection has been released. Continuing.
2020-01-11 20:50:41.522273: I external/org_tensorflow/tensorflow/core/platform/s3/aws_logging.cc:54] Connection has been released. Continuing.
2020-01-11 20:50:41.542662: I external/org_tensorflow/tensorflow/core/platform/s3/aws_logging.cc:54] Connection has been released. Continuing.
2020-01-11 20:50:41.561045: I external/org_tensorflow/tensorflow/core/platform/s3/aws_logging.cc:54] Connection has been released. Continuing.
2020-01-11 20:50:41.580619: I external/org_tensorflow/tensorflow/core/platform/s3/aws_logging.cc:54] Connection has been released. Continuing.
2020-01-11 20:50:41.598545: I external/org_tensorflow/tensorflow/core/platform/s3/aws_logging.cc:54] Connection has been released. Continuing.
2020-01-11 20:50:41.620619: I external/org_tensorflow/tensorflow/core/platform/s3/aws_logging.cc:54] Connection has been released. Continuing.
2020-01-11 20:50:41.638602: I external/org_tensorflow/tensorflow/core/platform/s3/aws_logging.cc:54] Connection has been released. Continuing.
2020-01-11 20:50:41.658765: I external/org_tensorflow/tensorflow/core/platform/s3/aws_logging.cc:54] Connection has been released. Continuing.
2020-01-11 20:50:41.677236: E external/org_tensorflow/tensorflow/core/platform/s3/aws_logging.cc:60] No response body. Response code: 404
2020-01-11 20:50:41.677262: W external/org_tensorflow/tensorflow/core/platform/s3/aws_logging.cc:57] If the signature check failed. This could be because of a time skew. Attempting to adjust the signer.
2020-01-11 20:50:41.677340: I external/org_tensorflow/tensorflow/core/platform/s3/aws_logging.cc:54] Connection has been released. Continuing.
2020-01-11 20:50:41.701563: I external/org_tensorflow/tensorflow/core/platform/s3/aws_logging.cc:54] Connection has been released. Continuing.
2020-01-11 20:50:41.717024: E external/org_tensorflow/tensorflow/core/platform/s3/aws_logging.cc:60] No response body. Response code: 404
2020-01-11 20:50:41.717048: W external/org_tensorflow/tensorflow/core/platform/s3/aws_logging.cc:57] If the signature check failed. This could be because of a time skew. Attempting to adjust the signer.
2020-01-11 20:50:41.717126: I external/org_tensorflow/tensorflow/core/platform/s3/aws_logging.cc:54] Connection has been released. Continuing.
2020-01-11 20:50:41.743945: I external/org_tensorflow/tensorflow/core/platform/s3/aws_logging.cc:54] Connection has been released. Continuing.
2020-01-11 20:50:41.759439: E external/org_tensorflow/tensorflow/core/platform/s3/aws_logging.cc:60] No response body. Response code: 404
2020-01-11 20:50:41.759462: W external/org_tensorflow/tensorflow/core/platform/s3/aws_logging.cc:57] If the signature check failed. This could be because of a time skew. Attempting to adjust the signer.
2020-01-11 20:50:41.759538: I external/org_tensorflow/tensorflow/core/platform/s3/aws_logging.cc:54] Connection has been released. Continuing.
2020-01-11 20:50:41.846967: I external/org_tensorflow/tensorflow/core/platform/s3/aws_logging.cc:54] Connection has been released. Continuing.
2020-01-11 20:50:41.862560: E external/org_tensorflow/tensorflow/core/platform/s3/aws_logging.cc:60] No response body. Response code: 404
2020-01-11 20:50:41.862585: W external/org_tensorflow/tensorflow/core/platform/s3/aws_logging.cc:57] If the signature check failed. This could be because of a time skew. Attempting to adjust the signer.
2020-01-11 20:50:41.862663: I external/org_tensorflow/tensorflow/core/platform/s3/aws_logging.cc:54] Connection has been released. Continuing.
2020-01-11 20:50:41.914983: I external/org_tensorflow/tensorflow/core/platform/s3/aws_logging.cc:54] Connection has been released. Continuing.
2020-01-11 20:50:41.932207: I external/org_tensorflow/tensorflow/core/platform/s3/aws_logging.cc:54] Connection has been released. Continuing.
2020-01-11 20:50:41.956314: I external/org_tensorflow/tensorflow/core/platform/s3/aws_logging.cc:54] Connection has been released. Continuing.
2020-01-11 20:50:41.977938: I external/org_tensorflow/tensorflow/core/platform/s3/aws_logging.cc:54] Connection has been released. Continuing.
2020-01-11 20:50:42.000342: I external/org_tensorflow/tensorflow/core/platform/s3/aws_logging.cc:54] Connection has been released. Continuing.
2020-01-11 20:50:42.017629: I external/org_tensorflow/tensorflow/core/platform/s3/aws_logging.cc:54] Connection has been released. Continuing.
2020-01-11 20:50:42.042602: I external/org_tensorflow/tensorflow/core/platform/s3/aws_logging.cc:54] Connection has been released. Continuing.
2020-01-11 20:50:42.058513: I external/org_tensorflow/tensorflow/core/platform/s3/aws_logging.cc:54] Connection has been released. Continuing.
2020-01-11 20:50:42.077769: I external/org_tensorflow/tensorflow/core/platform/s3/aws_logging.cc:54] Connection has been released. Continuing.
2020-01-11 20:50:42.098859: I external/org_tensorflow/tensorflow/core/platform/s3/aws_logging.cc:54] Connection has been released. Continuing.
2020-01-11 20:50:42.119413: I external/org_tensorflow/tensorflow/core/platform/s3/aws_logging.cc:54] Connection has been released. Continuing.
2020-01-11 20:50:42.142471: I external/org_tensorflow/tensorflow/core/platform/s3/aws_logging.cc:54] Connection has been released. Continuing.
2020-01-11 20:50:42.148475: I external/org_tensorflow/tensorflow/core/platform/s3/aws_logging.cc:54] Connection has been released. Continuing.
2020-01-11 20:50:42.164295: I external/org_tensorflow/tensorflow/core/platform/s3/aws_logging.cc:54] Connection has been released. Continuing.
2020-01-11 20:50:42.166139: E external/org_tensorflow/tensorflow/core/platform/s3/aws_logging.cc:60] No response body. Response code: 404
2020-01-11 20:50:42.166164: W external/org_tensorflow/tensorflow/core/platform/s3/aws_logging.cc:57] If the signature check failed. This could be because of a time skew. Attempting to adjust the signer.
2020-01-11 20:50:42.166267: I external/org_tensorflow/tensorflow/core/platform/s3/aws_logging.cc:54] Connection has been released. Continuing.
2020-01-11 20:50:42.182906: I external/org_tensorflow/tensorflow/core/platform/s3/aws_logging.cc:54] Connection has been released. Continuing.
2020-01-11 20:50:42.190440: I external/org_tensorflow/tensorflow/core/platform/s3/aws_logging.cc:54] Connection has been released. Continuing.
2020-01-11 20:50:42.205735: I external/org_tensorflow/tensorflow/core/platform/s3/aws_logging.cc:54] Connection has been released. Continuing.
2020-01-11 20:50:42.224125: I external/org_tensorflow/tensorflow/core/platform/s3/aws_logging.cc:54] Connection has been released. Continuing.
2020-01-11 20:50:42.244436: I external/org_tensorflow/tensorflow/core/platform/s3/aws_logging.cc:54] Connection has been released. Continuing.
2020-01-11 20:50:42.261876: I external/org_tensorflow/tensorflow/core/platform/s3/aws_logging.cc:54] Connection has been released. Continuing.
2020-01-11 20:50:42.283234: I external/org_tensorflow/tensorflow/core/platform/s3/aws_logging.cc:54] Connection has been released. Continuing.
2020-01-11 20:50:42.301731: I external/org_tensorflow/tensorflow/core/platform/s3/aws_logging.cc:54] Connection has been released. Continuing.
2020-01-11 20:50:42.322119: I external/org_tensorflow/tensorflow/core/platform/s3/aws_logging.cc:54] Connection has been released. Continuing.
2020-01-11 20:50:42.340321: I external/org_tensorflow/tensorflow/core/platform/s3/aws_logging.cc:54] Connection has been released. Continuing.
2020-01-11 20:50:42.361645: I external/org_tensorflow/tensorflow/core/platform/s3/aws_logging.cc:54] Connection has been released. Continuing.
2020-01-11 20:50:42.379415: I external/org_tensorflow/tensorflow/core/platform/s3/aws_logging.cc:54] Connection has been released. Continuing.
2020-01-11 20:50:42.400667: I external/org_tensorflow/tensorflow/core/platform/s3/aws_logging.cc:54] Connection has been released. Continuing.
2020-01-11 20:50:42.548140: I external/org_tensorflow/tensorflow/core/platform/s3/aws_logging.cc:54] Connection has been released. Continuing.
2020-01-11 20:50:42.570898: I external/org_tensorflow/tensorflow/core/platform/s3/aws_logging.cc:54] Connection has been released. Continuing.
2020-01-11 20:50:42.588746: I external/org_tensorflow/tensorflow/core/platform/s3/aws_logging.cc:54] Connection has been released. Continuing.
2020-01-11 20:50:42.610440: I external/org_tensorflow/tensorflow/core/platform/s3/aws_logging.cc:54] Connection has been released. Continuing.
2020-01-11 20:50:42.629190: I external/org_tensorflow/tensorflow/core/platform/s3/aws_logging.cc:54] Connection has been released. Continuing.
2020-01-11 20:50:42.650355: I tensorflow_serving/core/loader_harness.cc:86] Successfully loaded servable version {name: test version: 1577843267}
2020-01-11 20:50:42.652437: I tensorflow_serving/model_servers/server.cc:313] Running gRPC ModelServer at 0.0.0.0:8500 ...
[warn] getaddrinfo: address family for nodename not supported
2020-01-11 20:50:42.653931: I tensorflow_serving/model_servers/server.cc:333] Exporting HTTP/REST API at:localhost:8501 ...
[evhttp_server.cc : 237] RAW: Entering the event loop ...
2020-01-11 20:50:43.148558: I external/org_tensorflow/tensorflow/core/platform/s3/aws_logging.cc:54] Connection has been released. Continuing.
2020-01-11 20:50:43.164112: E external/org_tensorflow/tensorflow/core/platform/s3/aws_logging.cc:60] No response body. Response code: 404
2020-01-11 20:50:43.164145: W external/org_tensorflow/tensorflow/core/platform/s3/aws_logging.cc:57] If the signature check failed. This could be because of a time skew. Attempting to adjust the signer.
2020-01-11 20:50:43.164240: I external/org_tensorflow/tensorflow/core/platform/s3/aws_logging.cc:54] Connection has been released. Continuing.
2020-01-11 20:50:43.189002: I external/org_tensorflow/tensorflow/core/platform/s3/aws_logging.cc:54] Connection has been released. Continuing.
2020-01-11 20:50:44.148631: I external/org_tensorflow/tensorflow/core/platform/s3/aws_logging.cc:54] Connection has been released. Continuing.
2020-01-11 20:50:44.220811: E external/org_tensorflow/tensorflow/core/platform/s3/aws_logging.cc:60] No response body. Response code: 404
2020-01-11 20:50:44.220842: W external/org_tensorflow/tensorflow/core/platform/s3/aws_logging.cc:57] If the signature check failed. This could be because of a time skew. Attempting to adjust the signer.
2020-01-11 20:50:44.220939: I external/org_tensorflow/tensorflow/core/platform/s3/aws_logging.cc:54] Connection has been released. Continuing.
2020-01-11 20:50:44.245274: I external/org_tensorflow/tensorflow/core/platform/s3/aws_logging.cc:54] Connection has been released. Continuing.
2020-01-11 20:50:45.148711: I external/org_tensorflow/tensorflow/core/platform/s3/aws_logging.cc:54] Connection has been released. Continuing.
2020-01-11 20:50:45.166661: E external/org_tensorflow/tensorflow/core/platform/s3/aws_logging.cc:60] No response body. Response code: 404
2020-01-11 20:50:45.166692: W external/org_tensorflow/tensorflow/core/platform/s3/aws_logging.cc:57] If the signature check failed. This could be because of a time skew. Attempting to adjust the signer.
2020-01-11 20:50:45.166787: I external/org_tensorflow/tensorflow/core/platform/s3/aws_logging.cc:54] Connection has been released. Continuing.
2020-01-11 20:50:45.190258: I external/org_tensorflow/tensorflow/core/platform/s3/aws_logging.cc:54] Connection has been released. Continuing.
2020-01-11 20:50:46.148795: I external/org_tensorflow/tensorflow/core/platform/s3/aws_logging.cc:54] Connection has been released. Continuing.
2020-01-11 20:50:46.171006: E external/org_tensorflow/tensorflow/core/platform/s3/aws_logging.cc:60] No response body. Response code: 404
2020-01-11 20:50:46.171050: W external/org_tensorflow/tensorflow/core/platform/s3/aws_logging.cc:57] If the signature check failed. This could be because of a time skew. Attempting to adjust the signer.
2020-01-11 20:50:46.171174: I external/org_tensorflow/tensorflow/core/platform/s3/aws_logging.cc:54] Connection has been released. Continuing.
2020-01-11 20:50:46.193367: I external/org_tensorflow/tensorflow/core/platform/s3/aws_logging.cc:54] Connection has been released. Continuing.
2020-01-11 20:50:46.366603: W external/org_tensorflow/tensorflow/core/grappler/optimizers/graph_optimizer_stage.h:241] Failed to run optimizer ArithmeticOptimizer, stage RemoveStackStridedSliceSameAxis node strided_slice_4. Error: Pack node (stack_1) axis attribute is out of bounds: 1
2020-01-11 20:50:46.366675: W external/org_tensorflow/tensorflow/core/grappler/optimizers/graph_optimizer_stage.h:241] Failed to run optimizer ArithmeticOptimizer, stage RemoveStackStridedSliceSameAxis node strided_slice_6. Error: Pack node (stack_1) axis attribute is out of bounds: 1
2020-01-11 20:50:46.366687: W external/org_tensorflow/tensorflow/core/grappler/optimizers/graph_optimizer_stage.h:241] Failed to run optimizer ArithmeticOptimizer, stage RemoveStackStridedSliceSameAxis node strided_slice_8. Error: Pack node (stack_1) axis attribute is out of bounds: 1
2020-01-11 20:50:46.366698: W external/org_tensorflow/tensorflow/core/grappler/optimizers/graph_optimizer_stage.h:241] Failed to run optimizer ArithmeticOptimizer, stage RemoveStackStridedSliceSameAxis node strided_slice_10. Error: Pack node (stack_1) axis attribute is out of bounds: 1
2020-01-11 20:50:46.366709: W external/org_tensorflow/tensorflow/core/grappler/optimizers/graph_optimizer_stage.h:241] Failed to run optimizer ArithmeticOptimizer, stage RemoveStackStridedSliceSameAxis node strided_slice_12. Error: Pack node (stack_1) axis attribute is out of bounds: 1
2020-01-11 20:50:46.366722: W external/org_tensorflow/tensorflow/core/grappler/optimizers/graph_optimizer_stage.h:241] Failed to run optimizer ArithmeticOptimizer, stage RemoveStackStridedSliceSameAxis node strided_slice_14. Error: Pack node (stack_1) axis attribute is out of bounds: 1
2020-01-11 20:50:46.366730: W external/org_tensorflow/tensorflow/core/grappler/optimizers/graph_optimizer_stage.h:241] Failed to run optimizer ArithmeticOptimizer, stage RemoveStackStridedSliceSameAxis node strided_slice_16. Error: Pack node (stack_1) axis attribute is out of bounds: 1
2020-01-11 20:50:46.366737: W external/org_tensorflow/tensorflow/core/grappler/optimizers/graph_optimizer_stage.h:241] Failed to run optimizer ArithmeticOptimizer, stage RemoveStackStridedSliceSameAxis node strided_slice_18. Error: Pack node (stack_1) axis attribute is out of bounds: 1
2020-01-11 20:50:46.366744: W external/org_tensorflow/tensorflow/core/grappler/optimizers/graph_optimizer_stage.h:241] Failed to run optimizer ArithmeticOptimizer, stage RemoveStackStridedSliceSameAxis node strided_slice_20. Error: Pack node (stack_1) axis attribute is out of bounds: 1
2020-01-11 20:50:46.366757: W external/org_tensorflow/tensorflow/core/grappler/optimizers/graph_optimizer_stage.h:241] Failed to run optimizer ArithmeticOptimizer, stage RemoveStackStridedSliceSameAxis node strided_slice_22. Error: Pack node (stack_1) axis attribute is out of bounds: 1
2020-01-11 20:50:46.366764: W external/org_tensorflow/tensorflow/core/grappler/optimizers/graph_optimizer_stage.h:241] Failed to run optimizer ArithmeticOptimizer, stage RemoveStackStridedSliceSameAxis node strided_slice_24. Error: Pack node (stack_1) axis attribute is out of bounds: 1
2020-01-11 20:50:46.366777: W external/org_tensorflow/tensorflow/core/grappler/optimizers/graph_optimizer_stage.h:241] Failed to run optimizer ArithmeticOptimizer, stage RemoveStackStridedSliceSameAxis node strided_slice_26. Error: Pack node (stack_1) axis attribute is out of bounds: 1
2020-01-11 20:50:46.366791: W external/org_tensorflow/tensorflow/core/grappler/optimizers/graph_optimizer_stage.h:241] Failed to run optimizer ArithmeticOptimizer, stage RemoveStackStridedSliceSameAxis node strided_slice_28. Error: Pack node (stack_1) axis attribute is out of bounds: 1
2020-01-11 20:50:46.366800: W external/org_tensorflow/tensorflow/core/grappler/optimizers/graph_optimizer_stage.h:241] Failed to run optimizer ArithmeticOptimizer, stage RemoveStackStridedSliceSameAxis node strided_slice_30. Error: Pack node (stack_1) axis attribute is out of bounds: 1
2020-01-11 20:50:46.366812: W external/org_tensorflow/tensorflow/core/grappler/optimizers/graph_optimizer_stage.h:241] Failed to run optimizer ArithmeticOptimizer, stage RemoveStackStridedSliceSameAxis node strided_slice_32. Error: Pack node (stack_1) axis attribute is out of bounds: 1
2020-01-11 20:50:46.366822: W external/org_tensorflow/tensorflow/core/grappler/optimizers/graph_optimizer_stage.h:241] Failed to run optimizer ArithmeticOptimizer, stage RemoveStackStridedSliceSameAxis node strided_slice_34. Error: Pack node (stack_1) axis attribute is out of bounds: 1
2020-01-11 20:50:46.366830: W external/org_tensorflow/tensorflow/core/grappler/optimizers/graph_optimizer_stage.h:241] Failed to run optimizer ArithmeticOptimizer, stage RemoveStackStridedSliceSameAxis node strided_slice_36. Error: Pack node (stack_1) axis attribute is out of bounds: 1
2020-01-11 20:50:46.366837: W external/org_tensorflow/tensorflow/core/grappler/optimizers/graph_optimizer_stage.h:241] Failed to run optimizer ArithmeticOptimizer, stage RemoveStackStridedSliceSameAxis node strided_slice_38. Error: Pack node (stack_1) axis attribute is out of bounds: 1
2020-01-11 20:50:46.366845: W external/org_tensorflow/tensorflow/core/grappler/optimizers/graph_optimizer_stage.h:241] Failed to run optimizer ArithmeticOptimizer, stage RemoveStackStridedSliceSameAxis node strided_slice_40. Error: Pack node (stack_1) axis attribute is out of bounds: 1
2020-01-11 20:50:46.366853: W external/org_tensorflow/tensorflow/core/grappler/optimizers/graph_optimizer_stage.h:241] Failed to run optimizer ArithmeticOptimizer, stage RemoveStackStridedSliceSameAxis node strided_slice_42. Error: Pack node (stack_1) axis attribute is out of bounds: 1
2020-01-11 20:50:46.366861: W external/org_tensorflow/tensorflow/core/grappler/optimizers/graph_optimizer_stage.h:241] Failed to run optimizer ArithmeticOptimizer, stage RemoveStackStridedSliceSameAxis node strided_slice_44. Error: Pack node (stack_1) axis attribute is out of bounds: 1
2020-01-11 20:50:46.366870: W external/org_tensorflow/tensorflow/core/grappler/optimizers/graph_optimizer_stage.h:241] Failed to run optimizer ArithmeticOptimizer, stage RemoveStackStridedSliceSameAxis node strided_slice_46. Error: Pack node (stack_1) axis attribute is out of bounds: 1
2020-01-11 20:50:46.366884: W external/org_tensorflow/tensorflow/core/grappler/optimizers/graph_optimizer_stage.h:241] Failed to run optimizer ArithmeticOptimizer, stage RemoveStackStridedSliceSameAxis node strided_slice_48. Error: Pack node (stack_1) axis attribute is out of bounds: 1
2020-01-11 20:50:46.366896: W external/org_tensorflow/tensorflow/core/grappler/optimizers/graph_optimizer_stage.h:241] Failed to run optimizer ArithmeticOptimizer, stage RemoveStackStridedSliceSameAxis node strided_slice_50. Error: Pack node (stack_1) axis attribute is out of bounds: 1
2020-01-11 20:50:46.366908: W external/org_tensorflow/tensorflow/core/grappler/optimizers/graph_optimizer_stage.h:241] Failed to run optimizer ArithmeticOptimizer, stage RemoveStackStridedSliceSameAxis node strided_slice_52. Error: Pack node (stack_1) axis attribute is out of bounds: 1
2020-01-11 20:50:46.366919: W external/org_tensorflow/tensorflow/core/grappler/optimizers/graph_optimizer_stage.h:241] Failed to run optimizer ArithmeticOptimizer, stage RemoveStackStridedSliceSameAxis node strided_slice_54. Error: Pack node (stack_1) axis attribute is out of bounds: 1
2020-01-11 20:50:46.366927: W external/org_tensorflow/tensorflow/core/grappler/optimizers/graph_optimizer_stage.h:241] Failed to run optimizer ArithmeticOptimizer, stage RemoveStackStridedSliceSameAxis node strided_slice_56. Error: Pack node (stack_1) axis attribute is out of bounds: 1
2020-01-11 20:50:46.366937: W external/org_tensorflow/tensorflow/core/grappler/optimizers/graph_optimizer_stage.h:241] Failed to run optimizer ArithmeticOptimizer, stage RemoveStackStridedSliceSameAxis node strided_slice_58. Error: Pack node (stack_1) axis attribute is out of bounds: 1
2020-01-11 20:50:46.366950: W external/org_tensorflow/tensorflow/core/grappler/optimizers/graph_optimizer_stage.h:241] Failed to run optimizer ArithmeticOptimizer, stage RemoveStackStridedSliceSameAxis node strided_slice_60. Error: Pack node (stack_1) axis attribute is out of bounds: 1
2020-01-11 20:50:46.366962: W external/org_tensorflow/tensorflow/core/grappler/optimizers/graph_optimizer_stage.h:241] Failed to run optimizer ArithmeticOptimizer, stage RemoveStackStridedSliceSameAxis node strided_slice_62. Error: Pack node (stack_1) axis attribute is out of bounds: 1
2020-01-11 20:50:46.366974: W external/org_tensorflow/tensorflow/core/grappler/optimizers/graph_optimizer_stage.h:241] Failed to run optimizer ArithmeticOptimizer, stage RemoveStackStridedSliceSameAxis node strided_slice_64. Error: Pack node (stack_1) axis attribute is out of bounds: 1
2020-01-11 20:50:46.366990: W external/org_tensorflow/tensorflow/core/grappler/optimizers/graph_optimizer_stage.h:241] Failed to run optimizer ArithmeticOptimizer, stage RemoveStackStridedSliceSameAxis node strided_slice_66. Error: Pack node (stack_1) axis attribute is out of bounds: 1
2020-01-11 20:50:46.367006: W external/org_tensorflow/tensorflow/core/grappler/optimizers/graph_optimizer_stage.h:241] Failed to run optimizer ArithmeticOptimizer, stage RemoveStackStridedSliceSameAxis node strided_slice_68. Error: Pack node (stack_1) axis attribute is out of bounds: 1
2020-01-11 20:50:46.367018: W external/org_tensorflow/tensorflow/core/grappler/optimizers/graph_optimizer_stage.h:241] Failed to run optimizer ArithmeticOptimizer, stage RemoveStackStridedSliceSameAxis node strided_slice_70. Error: Pack node (stack_1) axis attribute is out of bounds: 1
2020-01-11 20:50:46.367033: W external/org_tensorflow/tensorflow/core/grappler/optimizers/graph_optimizer_stage.h:241] Failed to run optimizer ArithmeticOptimizer, stage RemoveStackStridedSliceSameAxis node strided_slice_72. Error: Pack node (stack_1) axis attribute is out of bounds: 1
2020-01-11 20:50:46.367046: W external/org_tensorflow/tensorflow/core/grappler/optimizers/graph_optimizer_stage.h:241] Failed to run optimizer ArithmeticOptimizer, stage RemoveStackStridedSliceSameAxis node strided_slice_74. Error: Pack node (stack_1) axis attribute is out of bounds: 1
2020-01-11 20:50:46.367062: W external/org_tensorflow/tensorflow/core/grappler/optimizers/graph_optimizer_stage.h:241] Failed to run optimizer ArithmeticOptimizer, stage RemoveStackStridedSliceSameAxis node strided_slice_76. Error: Pack node (stack_1) axis attribute is out of bounds: 1
2020-01-11 20:50:46.367075: W external/org_tensorflow/tensorflow/core/grappler/optimizers/graph_optimizer_stage.h:241] Failed to run optimizer ArithmeticOptimizer, stage RemoveStackStridedSliceSameAxis node strided_slice_78. Error: Pack node (stack_1) axis attribute is out of bounds: 1
2020-01-11 20:50:46.367086: W external/org_tensorflow/tensorflow/core/grappler/optimizers/graph_optimizer_stage.h:241] Failed to run optimizer ArithmeticOptimizer, stage RemoveStackStridedSliceSameAxis node strided_slice_80. Error: Pack node (stack_1) axis attribute is out of bounds: 1
2020-01-11 20:50:46.367098: W external/org_tensorflow/tensorflow/core/grappler/optimizers/graph_optimizer_stage.h:241] Failed to run optimizer ArithmeticOptimizer, stage RemoveStackStridedSliceSameAxis node strided_slice_82. Error: Pack node (stack_1) axis attribute is out of bounds: 1
2020-01-11 20:50:46.367114: W external/org_tensorflow/tensorflow/core/grappler/optimizers/graph_optimizer_stage.h:241] Failed to run optimizer ArithmeticOptimizer, stage RemoveStackStridedSliceSameAxis node strided_slice_84. Error: Pack node (stack_1) axis attribute is out of bounds: 1
2020-01-11 20:50:46.367131: W external/org_tensorflow/tensorflow/core/grappler/optimizers/graph_optimizer_stage.h:241] Failed to run optimizer ArithmeticOptimizer, stage RemoveStackStridedSliceSameAxis node strided_slice_86. Error: Pack node (stack_1) axis attribute is out of bounds: 1
2020-01-11 20:50:46.367142: W external/org_tensorflow/tensorflow/core/grappler/optimizers/graph_optimizer_stage.h:241] Failed to run optimizer ArithmeticOptimizer, stage RemoveStackStridedSliceSameAxis node strided_slice_88. Error: Pack node (stack_1) axis attribute is out of bounds: 1
2020-01-11 20:50:46.367156: W external/org_tensorflow/tensorflow/core/grappler/optimizers/graph_optimizer_stage.h:241] Failed to run optimizer ArithmeticOptimizer, stage RemoveStackStridedSliceSameAxis node strided_slice_90. Error: Pack node (stack_1) axis attribute is out of bounds: 1
2020-01-11 20:50:46.367172: W external/org_tensorflow/tensorflow/core/grappler/optimizers/graph_optimizer_stage.h:241] Failed to run optimizer ArithmeticOptimizer, stage RemoveStackStridedSliceSameAxis node strided_slice_92. Error: Pack node (stack_1) axis attribute is out of bounds: 1
2020-01-11 20:50:46.367187: W external/org_tensorflow/tensorflow/core/grappler/optimizers/graph_optimizer_stage.h:241] Failed to run optimizer ArithmeticOptimizer, stage RemoveStackStridedSliceSameAxis node strided_slice_94. Error: Pack node (stack_1) axis attribute is out of bounds: 1
2020-01-11 20:50:46.367202: W external/org_tensorflow/tensorflow/core/grappler/optimizers/graph_optimizer_stage.h:241] Failed to run optimizer ArithmeticOptimizer, stage RemoveStackStridedSliceSameAxis node strided_slice_96. Error: Pack node (stack_1) axis attribute is out of bounds: 1
2020-01-11 20:50:46.367219: W external/org_tensorflow/tensorflow/core/grappler/optimizers/graph_optimizer_stage.h:241] Failed to run optimizer ArithmeticOptimizer, stage RemoveStackStridedSliceSameAxis node strided_slice_98. Error: Pack node (stack_1) axis attribute is out of bounds: 1
2020-01-11 20:50:46.367229: W external/org_tensorflow/tensorflow/core/grappler/optimizers/graph_optimizer_stage.h:241] Failed to run optimizer ArithmeticOptimizer, stage RemoveStackStridedSliceSameAxis node strided_slice_100. Error: Pack node (stack_1) axis attribute is out of bounds: 1
2020-01-11 20:50:46.367240: W external/org_tensorflow/tensorflow/core/grappler/optimizers/graph_optimizer_stage.h:241] Failed to run optimizer ArithmeticOptimizer, stage RemoveStackStridedSliceSameAxis node strided_slice_102. Error: Pack node (stack_1) axis attribute is out of bounds: 1
2020-01-11 20:50:46.367252: W external/org_tensorflow/tensorflow/core/grappler/optimizers/graph_optimizer_stage.h:241] Failed to run optimizer ArithmeticOptimizer, stage RemoveStackStridedSliceSameAxis node strided_slice_104. Error: Pack node (stack_1) axis attribute is out of bounds: 1
2020-01-11 20:50:46.367264: W external/org_tensorflow/tensorflow/core/grappler/optimizers/graph_optimizer_stage.h:241] Failed to run optimizer ArithmeticOptimizer, stage RemoveStackStridedSliceSameAxis node strided_slice_106. Error: Pack node (stack_1) axis attribute is out of bounds: 1
2020-01-11 20:50:46.367279: W external/org_tensorflow/tensorflow/core/grappler/optimizers/graph_optimizer_stage.h:241] Failed to run optimizer ArithmeticOptimizer, stage RemoveStackStridedSliceSameAxis node strided_slice_108. Error: Pack node (stack_1) axis attribute is out of bounds: 1
2020-01-11 20:50:46.367295: W external/org_tensorflow/tensorflow/core/grappler/optimizers/graph_optimizer_stage.h:241] Failed to run optimizer ArithmeticOptimizer, stage RemoveStackStridedSliceSameAxis node strided_slice_110. Error: Pack node (stack_1) axis attribute is out of bounds: 1
2020-01-11 20:50:46.367312: W external/org_tensorflow/tensorflow/core/grappler/optimizers/graph_optimizer_stage.h:241] Failed to run optimizer ArithmeticOptimizer, stage RemoveStackStridedSliceSameAxis node strided_slice_112. Error: Pack node (stack_1) axis attribute is out of bounds: 1
2020-01-11 20:50:46.367323: W external/org_tensorflow/tensorflow/core/grappler/optimizers/graph_optimizer_stage.h:241] Failed to run optimizer ArithmeticOptimizer, stage RemoveStackStridedSliceSameAxis node strided_slice_114. Error: Pack node (stack_1) axis attribute is out of bounds: 1
2020-01-11 20:50:46.367340: W external/org_tensorflow/tensorflow/core/grappler/optimizers/graph_optimizer_stage.h:241] Failed to run optimizer ArithmeticOptimizer, stage RemoveStackStridedSliceSameAxis node strided_slice_116. Error: Pack node (stack_1) axis attribute is out of bounds: 1
2020-01-11 20:50:46.367350: W external/org_tensorflow/tensorflow/core/grappler/optimizers/graph_optimizer_stage.h:241] Failed to run optimizer ArithmeticOptimizer, stage RemoveStackStridedSliceSameAxis node strided_slice_118. Error: Pack node (stack_1) axis attribute is out of bounds: 1
2020-01-11 20:50:46.367364: W external/org_tensorflow/tensorflow/core/grappler/optimizers/graph_optimizer_stage.h:241] Failed to run optimizer ArithmeticOptimizer, stage RemoveStackStridedSliceSameAxis node strided_slice_120. Error: Pack node (stack_1) axis attribute is out of bounds: 1
2020-01-11 20:50:46.367378: W external/org_tensorflow/tensorflow/core/grappler/optimizers/graph_optimizer_stage.h:241] Failed to run optimizer ArithmeticOptimizer, stage RemoveStackStridedSliceSameAxis node strided_slice_122. Error: Pack node (stack_1) axis attribute is out of bounds: 1
2020-01-11 20:50:46.367428: W external/org_tensorflow/tensorflow/core/grappler/optimizers/graph_optimizer_stage.h:241] Failed to run optimizer ArithmeticOptimizer, stage RemoveStackStridedSliceSameAxis node strided_slice_124. Error: Pack node (stack_1) axis attribute is out of bounds: 1
2020-01-11 20:50:46.367440: W external/org_tensorflow/tensorflow/core/grappler/optimizers/graph_optimizer_stage.h:241] Failed to run optimizer ArithmeticOptimizer, stage RemoveStackStridedSliceSameAxis node strided_slice_126. Error: Pack node (stack_1) axis attribute is out of bounds: 1
2020-01-11 20:50:46.367451: W external/org_tensorflow/tensorflow/core/grappler/optimizers/graph_optimizer_stage.h:241] Failed to run optimizer ArithmeticOptimizer, stage RemoveStackStridedSliceSameAxis node strided_slice_128. Error: Pack node (stack_1) axis attribute is out of bounds: 1
2020-01-11 20:50:46.367466: W external/org_tensorflow/tensorflow/core/grappler/optimizers/graph_optimizer_stage.h:241] Failed to run optimizer ArithmeticOptimizer, stage RemoveStackStridedSliceSameAxis node strided_slice_130. Error: Pack node (stack_1) axis attribute is out of bounds: 1
2020-01-11 20:50:46.367478: W external/org_tensorflow/tensorflow/core/grappler/optimizers/graph_optimizer_stage.h:241] Failed to run optimizer ArithmeticOptimizer, stage RemoveStackStridedSliceSameAxis node strided_slice_132. Error: Pack node (stack_1) axis attribute is out of bounds: 1
2020-01-11 20:50:46.367491: W external/org_tensorflow/tensorflow/core/grappler/optimizers/graph_optimizer_stage.h:241] Failed to run optimizer ArithmeticOptimizer, stage RemoveStackStridedSliceSameAxis node strided_slice_134. Error: Pack node (stack_1) axis attribute is out of bounds: 1
2020-01-11 20:50:46.367504: W external/org_tensorflow/tensorflow/core/grappler/optimizers/graph_optimizer_stage.h:241] Failed to run optimizer ArithmeticOptimizer, stage RemoveStackStridedSliceSameAxis node strided_slice_136. Error: Pack node (stack_1) axis attribute is out of bounds: 1
2020-01-11 20:50:46.367515: W external/org_tensorflow/tensorflow/core/grappler/optimizers/graph_optimizer_stage.h:241] Failed to run optimizer ArithmeticOptimizer, stage RemoveStackStridedSliceSameAxis node strided_slice_138. Error: Pack node (stack_1) axis attribute is out of bounds: 1
2020-01-11 20:50:46.367526: W external/org_tensorflow/tensorflow/core/grappler/optimizers/graph_optimizer_stage.h:241] Failed to run optimizer ArithmeticOptimizer, stage RemoveStackStridedSliceSameAxis node strided_slice_140. Error: Pack node (stack_1) axis attribute is out of bounds: 1
2020-01-11 20:50:46.367542: W external/org_tensorflow/tensorflow/core/grappler/optimizers/graph_optimizer_stage.h:241] Failed to run optimizer ArithmeticOptimizer, stage RemoveStackStridedSliceSameAxis node strided_slice_142. Error: Pack node (stack_1) axis attribute is out of bounds: 1
2020-01-11 20:50:46.367553: W external/org_tensorflow/tensorflow/core/grappler/optimizers/graph_optimizer_stage.h:241] Failed to run optimizer ArithmeticOptimizer, stage RemoveStackStridedSliceSameAxis node strided_slice_144. Error: Pack node (stack_1) axis attribute is out of bounds: 1
2020-01-11 20:50:46.367569: W external/org_tensorflow/tensorflow/core/grappler/optimizers/graph_optimizer_stage.h:241] Failed to run optimizer ArithmeticOptimizer, stage RemoveStackStridedSliceSameAxis node strided_slice_146. Error: Pack node (stack_1) axis attribute is out of bounds: 1
2020-01-11 20:50:46.367581: W external/org_tensorflow/tensorflow/core/grappler/optimizers/graph_optimizer_stage.h:241] Failed to run optimizer ArithmeticOptimizer, stage RemoveStackStridedSliceSameAxis node strided_slice_148. Error: Pack node (stack_1) axis attribute is out of bounds: 1
2020-01-11 20:50:46.367596: W external/org_tensorflow/tensorflow/core/grappler/optimizers/graph_optimizer_stage.h:241] Failed to run optimizer ArithmeticOptimizer, stage RemoveStackStridedSliceSameAxis node strided_slice_150. Error: Pack node (stack_1) axis attribute is out of bounds: 1
2020-01-11 20:50:46.367609: W external/org_tensorflow/tensorflow/core/grappler/optimizers/graph_optimizer_stage.h:241] Failed to run optimizer ArithmeticOptimizer, stage RemoveStackStridedSliceSameAxis node strided_slice_152. Error: Pack node (stack_1) axis attribute is out of bounds: 1
2020-01-11 20:50:46.367622: W external/org_tensorflow/tensorflow/core/grappler/optimizers/graph_optimizer_stage.h:241] Failed to run optimizer ArithmeticOptimizer, stage RemoveStackStridedSliceSameAxis node strided_slice_154. Error: Pack node (stack_1) axis attribute is out of bounds: 1
2020-01-11 20:50:46.367634: W external/org_tensorflow/tensorflow/core/grappler/optimizers/graph_optimizer_stage.h:241] Failed to run optimizer ArithmeticOptimizer, stage RemoveStackStridedSliceSameAxis node strided_slice_156. Error: Pack node (stack_1) axis attribute is out of bounds: 1
2020-01-11 20:50:46.367646: W external/org_tensorflow/tensorflow/core/grappler/optimizers/graph_optimizer_stage.h:241] Failed to run optimizer ArithmeticOptimizer, stage RemoveStackStridedSliceSameAxis node strided_slice_158. Error: Pack node (stack_1) axis attribute is out of bounds: 1
2020-01-11 20:50:46.367678: W external/org_tensorflow/tensorflow/core/grappler/optimizers/graph_optimizer_stage.h:241] Failed to run optimizer ArithmeticOptimizer, stage RemoveStackStridedSliceSameAxis node strided_slice_160. Error: Pack node (stack_1) axis attribute is out of bounds: 1
2020-01-11 20:50:46.367689: W external/org_tensorflow/tensorflow/core/grappler/optimizers/graph_optimizer_stage.h:241] Failed to run optimizer ArithmeticOptimizer, stage RemoveStackStridedSliceSameAxis node strided_slice_162. Error: Pack node (stack_1) axis attribute is out of bounds: 1
2020-01-11 20:50:46.367699: W external/org_tensorflow/tensorflow/core/grappler/optimizers/graph_optimizer_stage.h:241] Failed to run optimizer ArithmeticOptimizer, stage RemoveStackStridedSliceSameAxis node strided_slice_164. Error: Pack node (stack_1) axis attribute is out of bounds: 1
2020-01-11 20:50:46.367710: W external/org_tensorflow/tensorflow/core/grappler/optimizers/graph_optimizer_stage.h:241] Failed to run optimizer ArithmeticOptimizer, stage RemoveStackStridedSliceSameAxis node strided_slice_166. Error: Pack node (stack_1) axis attribute is out of bounds: 1
2020-01-11 20:50:46.367720: W external/org_tensorflow/tensorflow/core/grappler/optimizers/graph_optimizer_stage.h:241] Failed to run optimizer ArithmeticOptimizer, stage RemoveStackStridedSliceSameAxis node strided_slice_168. Error: Pack node (stack_1) axis attribute is out of bounds: 1
2020-01-11 20:50:46.367733: W external/org_tensorflow/tensorflow/core/grappler/optimizers/graph_optimizer_stage.h:241] Failed to run optimizer ArithmeticOptimizer, stage RemoveStackStridedSliceSameAxis node strided_slice_170. Error: Pack node (stack_1) axis attribute is out of bounds: 1
2020-01-11 20:50:46.367743: W external/org_tensorflow/tensorflow/core/grappler/optimizers/graph_optimizer_stage.h:241] Failed to run optimizer ArithmeticOptimizer, stage RemoveStackStridedSliceSameAxis node strided_slice_172. Error: Pack node (stack_1) axis attribute is out of bounds: 1
2020-01-11 20:50:46.367754: W external/org_tensorflow/tensorflow/core/grappler/optimizers/graph_optimizer_stage.h:241] Failed to run optimizer ArithmeticOptimizer, stage RemoveStackStridedSliceSameAxis node strided_slice_174. Error: Pack node (stack_1) axis attribute is out of bounds: 1
2020-01-11 20:50:46.367764: W external/org_tensorflow/tensorflow/core/grappler/optimizers/graph_optimizer_stage.h:241] Failed to run optimizer ArithmeticOptimizer, stage RemoveStackStridedSliceSameAxis node strided_slice_176. Error: Pack node (stack_1) axis attribute is out of bounds: 1
2020-01-11 20:50:46.367775: W external/org_tensorflow/tensorflow/core/grappler/optimizers/graph_optimizer_stage.h:241] Failed to run optimizer ArithmeticOptimizer, stage RemoveStackStridedSliceSameAxis node strided_slice_178. Error: Pack node (stack_1) axis attribute is out of bounds: 1
2020-01-11 20:50:46.367786: W external/org_tensorflow/tensorflow/core/grappler/optimizers/graph_optimizer_stage.h:241] Failed to run optimizer ArithmeticOptimizer, stage RemoveStackStridedSliceSameAxis node strided_slice_180. Error: Pack node (stack_1) axis attribute is out of bounds: 1
2020-01-11 20:50:46.367796: W external/org_tensorflow/tensorflow/core/grappler/optimizers/graph_optimizer_stage.h:241] Failed to run optimizer ArithmeticOptimizer, stage RemoveStackStridedSliceSameAxis node strided_slice_182. Error: Pack node (stack_1) axis attribute is out of bounds: 1
2020-01-11 20:50:46.367804: W external/org_tensorflow/tensorflow/core/grappler/optimizers/graph_optimizer_stage.h:241] Failed to run optimizer ArithmeticOptimizer, stage RemoveStackStridedSliceSameAxis node strided_slice_184. Error: Pack node (stack_1) axis attribute is out of bounds: 1
2020-01-11 20:50:46.367811: W external/org_tensorflow/tensorflow/core/grappler/optimizers/graph_optimizer_stage.h:241] Failed to run optimizer ArithmeticOptimizer, stage RemoveStackStridedSliceSameAxis node strided_slice_186. Error: Pack node (stack_1) axis attribute is out of bounds: 1
2020-01-11 20:50:46.367818: W external/org_tensorflow/tensorflow/core/grappler/optimizers/graph_optimizer_stage.h:241] Failed to run optimizer ArithmeticOptimizer, stage RemoveStackStridedSliceSameAxis node strided_slice_188. Error: Pack node (stack_1) axis attribute is out of bounds: 1
2020-01-11 20:50:46.367827: W external/org_tensorflow/tensorflow/core/grappler/optimizers/graph_optimizer_stage.h:241] Failed to run optimizer ArithmeticOptimizer, stage RemoveStackStridedSliceSameAxis node strided_slice_190. Error: Pack node (stack_1) axis attribute is out of bounds: 1
2020-01-11 20:50:46.367834: W external/org_tensorflow/tensorflow/core/grappler/optimizers/graph_optimizer_stage.h:241] Failed to run optimizer ArithmeticOptimizer, stage RemoveStackStridedSliceSameAxis node strided_slice_192. Error: Pack node (stack_1) axis attribute is out of bounds: 1
2020-01-11 20:50:46.367843: W external/org_tensorflow/tensorflow/core/grappler/optimizers/graph_optimizer_stage.h:241] Failed to run optimizer ArithmeticOptimizer, stage RemoveStackStridedSliceSameAxis node strided_slice_194. Error: Pack node (stack_1) axis attribute is out of bounds: 1
2020-01-11 20:50:46.367850: W external/org_tensorflow/tensorflow/core/grappler/optimizers/graph_optimizer_stage.h:241] Failed to run optimizer ArithmeticOptimizer, stage RemoveStackStridedSliceSameAxis node strided_slice_196. Error: Pack node (stack_1) axis attribute is out of bounds: 1
2020-01-11 20:50:46.367858: W external/org_tensorflow/tensorflow/core/grappler/optimizers/graph_optimizer_stage.h:241] Failed to run optimizer ArithmeticOptimizer, stage RemoveStackStridedSliceSameAxis node strided_slice_198. Error: Pack node (stack_1) axis attribute is out of bounds: 1
2020-01-11 20:50:46.367866: W external/org_tensorflow/tensorflow/core/grappler/optimizers/graph_optimizer_stage.h:241] Failed to run optimizer ArithmeticOptimizer, stage RemoveStackStridedSliceSameAxis node strided_slice. Error: Pack node (stack_1) axis attribute is out of bounds: 1
2020-01-11 20:50:46.367876: W external/org_tensorflow/tensorflow/core/grappler/optimizers/graph_optimizer_stage.h:241] Failed to run optimizer ArithmeticOptimizer, stage RemoveStackStridedSliceSameAxis node strided_slice_200. Error: Pack node (stack_1) axis attribute is out of bounds: 1
2020-01-11 20:50:46.929611: W external/org_tensorflow/tensorflow/core/grappler/optimizers/graph_optimizer_stage.h:241] Failed to run optimizer ArithmeticOptimizer, stage RemoveStackStridedSliceSameAxis node strided_slice_4. Error: Pack node (stack_1) axis attribute is out of bounds: 1
2020-01-11 20:50:46.929653: W external/org_tensorflow/tensorflow/core/grappler/optimizers/graph_optimizer_stage.h:241] Failed to run optimizer ArithmeticOptimizer, stage RemoveStackStridedSliceSameAxis node strided_slice_6. Error: Pack node (stack_1) axis attribute is out of bounds: 1
2020-01-11 20:50:46.929664: W external/org_tensorflow/tensorflow/core/grappler/optimizers/graph_optimizer_stage.h:241] Failed to run optimizer ArithmeticOptimizer, stage RemoveStackStridedSliceSameAxis node strided_slice_8. Error: Pack node (stack_1) axis attribute is out of bounds: 1
2020-01-11 20:50:46.929676: W external/org_tensorflow/tensorflow/core/grappler/optimizers/graph_optimizer_stage.h:241] Failed to run optimizer ArithmeticOptimizer, stage RemoveStackStridedSliceSameAxis node strided_slice_10. Error: Pack node (stack_1) axis attribute is out of bounds: 1
2020-01-11 20:50:46.929687: W external/org_tensorflow/tensorflow/core/grappler/optimizers/graph_optimizer_stage.h:241] Failed to run optimizer ArithmeticOptimizer, stage RemoveStackStridedSliceSameAxis node strided_slice_12. Error: Pack node (stack_1) axis attribute is out of bounds: 1
2020-01-11 20:50:46.929695: W external/org_tensorflow/tensorflow/core/grappler/optimizers/graph_optimizer_stage.h:241] Failed to run optimizer ArithmeticOptimizer, stage RemoveStackStridedSliceSameAxis node strided_slice_14. Error: Pack node (stack_1) axis attribute is out of bounds: 1
2020-01-11 20:50:46.929703: W external/org_tensorflow/tensorflow/core/grappler/optimizers/graph_optimizer_stage.h:241] Failed to run optimizer ArithmeticOptimizer, stage RemoveStackStridedSliceSameAxis node strided_slice_16. Error: Pack node (stack_1) axis attribute is out of bounds: 1
2020-01-11 20:50:46.929714: W external/org_tensorflow/tensorflow/core/grappler/optimizers/graph_optimizer_stage.h:241] Failed to run optimizer ArithmeticOptimizer, stage RemoveStackStridedSliceSameAxis node strided_slice_18. Error: Pack node (stack_1) axis attribute is out of bounds: 1
2020-01-11 20:50:46.929726: W external/org_tensorflow/tensorflow/core/grappler/optimizers/graph_optimizer_stage.h:241] Failed to run optimizer ArithmeticOptimizer, stage RemoveStackStridedSliceSameAxis node strided_slice_20. Error: Pack node (stack_1) axis attribute is out of bounds: 1
2020-01-11 20:50:46.929741: W external/org_tensorflow/tensorflow/core/grappler/optimizers/graph_optimizer_stage.h:241] Failed to run optimizer ArithmeticOptimizer, stage RemoveStackStridedSliceSameAxis node strided_slice_22. Error: Pack node (stack_1) axis attribute is out of bounds: 1
2020-01-11 20:50:46.929753: W external/org_tensorflow/tensorflow/core/grappler/optimizers/graph_optimizer_stage.h:241] Failed to run optimizer ArithmeticOptimizer, stage RemoveStackStridedSliceSameAxis node strided_slice_24. Error: Pack node (stack_1) axis attribute is out of bounds: 1
2020-01-11 20:50:46.929765: W external/org_tensorflow/tensorflow/core/grappler/optimizers/graph_optimizer_stage.h:241] Failed to run optimizer ArithmeticOptimizer, stage RemoveStackStridedSliceSameAxis node strided_slice_26. Error: Pack node (stack_1) axis attribute is out of bounds: 1
2020-01-11 20:50:46.929776: W external/org_tensorflow/tensorflow/core/grappler/optimizers/graph_optimizer_stage.h:241] Failed to run optimizer ArithmeticOptimizer, stage RemoveStackStridedSliceSameAxis node strided_slice_28. Error: Pack node (stack_1) axis attribute is out of bounds: 1
2020-01-11 20:50:46.929790: W external/org_tensorflow/tensorflow/core/grappler/optimizers/graph_optimizer_stage.h:241] Failed to run optimizer ArithmeticOptimizer, stage RemoveStackStridedSliceSameAxis node strided_slice_30. Error: Pack node (stack_1) axis attribute is out of bounds: 1
2020-01-11 20:50:46.929802: W external/org_tensorflow/tensorflow/core/grappler/optimizers/graph_optimizer_stage.h:241] Failed to run optimizer ArithmeticOptimizer, stage RemoveStackStridedSliceSameAxis node strided_slice_32. Error: Pack node (stack_1) axis attribute is out of bounds: 1
2020-01-11 20:50:46.929817: W external/org_tensorflow/tensorflow/core/grappler/optimizers/graph_optimizer_stage.h:241] Failed to run optimizer ArithmeticOptimizer, stage RemoveStackStridedSliceSameAxis node strided_slice_34. Error: Pack node (stack_1) axis attribute is out of bounds: 1
2020-01-11 20:50:46.929830: W external/org_tensorflow/tensorflow/core/grappler/optimizers/graph_optimizer_stage.h:241] Failed to run optimizer ArithmeticOptimizer, stage RemoveStackStridedSliceSameAxis node strided_slice_36. Error: Pack node (stack_1) axis attribute is out of bounds: 1
2020-01-11 20:50:46.929844: W external/org_tensorflow/tensorflow/core/grappler/optimizers/graph_optimizer_stage.h:241] Failed to run optimizer ArithmeticOptimizer, stage RemoveStackStridedSliceSameAxis node strided_slice_38. Error: Pack node (stack_1) axis attribute is out of bounds: 1
2020-01-11 20:50:46.929855: W external/org_tensorflow/tensorflow/core/grappler/optimizers/graph_optimizer_stage.h:241] Failed to run optimizer ArithmeticOptimizer, stage RemoveStackStridedSliceSameAxis node strided_slice_40. Error: Pack node (stack_1) axis attribute is out of bounds: 1
2020-01-11 20:50:46.929866: W external/org_tensorflow/tensorflow/core/grappler/optimizers/graph_optimizer_stage.h:241] Failed to run optimizer ArithmeticOptimizer, stage RemoveStackStridedSliceSameAxis node strided_slice_42. Error: Pack node (stack_1) axis attribute is out of bounds: 1
2020-01-11 20:50:46.929881: W external/org_tensorflow/tensorflow/core/grappler/optimizers/graph_optimizer_stage.h:241] Failed to run optimizer ArithmeticOptimizer, stage RemoveStackStridedSliceSameAxis node strided_slice_44. Error: Pack node (stack_1) axis attribute is out of bounds: 1
2020-01-11 20:50:46.929893: W external/org_tensorflow/tensorflow/core/grappler/optimizers/graph_optimizer_stage.h:241] Failed to run optimizer ArithmeticOptimizer, stage RemoveStackStridedSliceSameAxis node strided_slice_46. Error: Pack node (stack_1) axis attribute is out of bounds: 1
2020-01-11 20:50:46.929903: W external/org_tensorflow/tensorflow/core/grappler/optimizers/graph_optimizer_stage.h:241] Failed to run optimizer ArithmeticOptimizer, stage RemoveStackStridedSliceSameAxis node strided_slice_48. Error: Pack node (stack_1) axis attribute is out of bounds: 1
2020-01-11 20:50:46.929915: W external/org_tensorflow/tensorflow/core/grappler/optimizers/graph_optimizer_stage.h:241] Failed to run optimizer ArithmeticOptimizer, stage RemoveStackStridedSliceSameAxis node strided_slice_50. Error: Pack node (stack_1) axis attribute is out of bounds: 1
2020-01-11 20:50:46.929927: W external/org_tensorflow/tensorflow/core/grappler/optimizers/graph_optimizer_stage.h:241] Failed to run optimizer ArithmeticOptimizer, stage RemoveStackStridedSliceSameAxis node strided_slice_52. Error: Pack node (stack_1) axis attribute is out of bounds: 1
2020-01-11 20:50:46.929934: W external/org_tensorflow/tensorflow/core/grappler/optimizers/graph_optimizer_stage.h:241] Failed to run optimizer ArithmeticOptimizer, stage RemoveStackStridedSliceSameAxis node strided_slice_54. Error: Pack node (stack_1) axis attribute is out of bounds: 1
2020-01-11 20:50:46.929945: W external/org_tensorflow/tensorflow/core/grappler/optimizers/graph_optimizer_stage.h:241] Failed to run optimizer ArithmeticOptimizer, stage RemoveStackStridedSliceSameAxis node strided_slice_56. Error: Pack node (stack_1) axis attribute is out of bounds: 1
2020-01-11 20:50:46.929959: W external/org_tensorflow/tensorflow/core/grappler/optimizers/graph_optimizer_stage.h:241] Failed to run optimizer ArithmeticOptimizer, stage RemoveStackStridedSliceSameAxis node strided_slice_58. Error: Pack node (stack_1) axis attribute is out of bounds: 1
2020-01-11 20:50:46.929969: W external/org_tensorflow/tensorflow/core/grappler/optimizers/graph_optimizer_stage.h:241] Failed to run optimizer ArithmeticOptimizer, stage RemoveStackStridedSliceSameAxis node strided_slice_60. Error: Pack node (stack_1) axis attribute is out of bounds: 1
2020-01-11 20:50:46.929983: W external/org_tensorflow/tensorflow/core/grappler/optimizers/graph_optimizer_stage.h:241] Failed to run optimizer ArithmeticOptimizer, stage RemoveStackStridedSliceSameAxis node strided_slice_62. Error: Pack node (stack_1) axis attribute is out of bounds: 1
2020-01-11 20:50:46.929994: W external/org_tensorflow/tensorflow/core/grappler/optimizers/graph_optimizer_stage.h:241] Failed to run optimizer ArithmeticOptimizer, stage RemoveStackStridedSliceSameAxis node strided_slice_64. Error: Pack node (stack_1) axis attribute is out of bounds: 1
2020-01-11 20:50:46.930008: W external/org_tensorflow/tensorflow/core/grappler/optimizers/graph_optimizer_stage.h:241] Failed to run optimizer ArithmeticOptimizer, stage RemoveStackStridedSliceSameAxis node strided_slice_66. Error: Pack node (stack_1) axis attribute is out of bounds: 1
2020-01-11 20:50:46.930028: W external/org_tensorflow/tensorflow/core/grappler/optimizers/graph_optimizer_stage.h:241] Failed to run optimizer ArithmeticOptimizer, stage RemoveStackStridedSliceSameAxis node strided_slice_68. Error: Pack node (stack_1) axis attribute is out of bounds: 1
2020-01-11 20:50:46.930039: W external/org_tensorflow/tensorflow/core/grappler/optimizers/graph_optimizer_stage.h:241] Failed to run optimizer ArithmeticOptimizer, stage RemoveStackStridedSliceSameAxis node strided_slice_70. Error: Pack node (stack_1) axis attribute is out of bounds: 1
2020-01-11 20:50:46.930059: W external/org_tensorflow/tensorflow/core/grappler/optimizers/graph_optimizer_stage.h:241] Failed to run optimizer ArithmeticOptimizer, stage RemoveStackStridedSliceSameAxis node strided_slice_72. Error: Pack node (stack_1) axis attribute is out of bounds: 1
2020-01-11 20:50:46.930079: W external/org_tensorflow/tensorflow/core/grappler/optimizers/graph_optimizer_stage.h:241] Failed to run optimizer ArithmeticOptimizer, stage RemoveStackStridedSliceSameAxis node strided_slice_74. Error: Pack node (stack_1) axis attribute is out of bounds: 1
2020-01-11 20:50:46.930093: W external/org_tensorflow/tensorflow/core/grappler/optimizers/graph_optimizer_stage.h:241] Failed to run optimizer ArithmeticOptimizer, stage RemoveStackStridedSliceSameAxis node strided_slice_76. Error: Pack node (stack_1) axis attribute is out of bounds: 1
2020-01-11 20:50:46.930106: W external/org_tensorflow/tensorflow/core/grappler/optimizers/graph_optimizer_stage.h:241] Failed to run optimizer ArithmeticOptimizer, stage RemoveStackStridedSliceSameAxis node strided_slice_78. Error: Pack node (stack_1) axis attribute is out of bounds: 1
2020-01-11 20:50:46.930122: W external/org_tensorflow/tensorflow/core/grappler/optimizers/graph_optimizer_stage.h:241] Failed to run optimizer ArithmeticOptimizer, stage RemoveStackStridedSliceSameAxis node strided_slice_80. Error: Pack node (stack_1) axis attribute is out of bounds: 1
2020-01-11 20:50:46.930133: W external/org_tensorflow/tensorflow/core/grappler/optimizers/graph_optimizer_stage.h:241] Failed to run optimizer ArithmeticOptimizer, stage RemoveStackStridedSliceSameAxis node strided_slice_82. Error: Pack node (stack_1) axis attribute is out of bounds: 1
2020-01-11 20:50:46.930148: W external/org_tensorflow/tensorflow/core/grappler/optimizers/graph_optimizer_stage.h:241] Failed to run optimizer ArithmeticOptimizer, stage RemoveStackStridedSliceSameAxis node strided_slice_84. Error: Pack node (stack_1) axis attribute is out of bounds: 1
2020-01-11 20:50:46.930160: W external/org_tensorflow/tensorflow/core/grappler/optimizers/graph_optimizer_stage.h:241] Failed to run optimizer ArithmeticOptimizer, stage RemoveStackStridedSliceSameAxis node strided_slice_86. Error: Pack node (stack_1) axis attribute is out of bounds: 1
2020-01-11 20:50:46.930177: W external/org_tensorflow/tensorflow/core/grappler/optimizers/graph_optimizer_stage.h:241] Failed to run optimizer ArithmeticOptimizer, stage RemoveStackStridedSliceSameAxis node strided_slice_88. Error: Pack node (stack_1) axis attribute is out of bounds: 1
2020-01-11 20:50:46.930190: W external/org_tensorflow/tensorflow/core/grappler/optimizers/graph_optimizer_stage.h:241] Failed to run optimizer ArithmeticOptimizer, stage RemoveStackStridedSliceSameAxis node strided_slice_90. Error: Pack node (stack_1) axis attribute is out of bounds: 1
2020-01-11 20:50:46.930204: W external/org_tensorflow/tensorflow/core/grappler/optimizers/graph_optimizer_stage.h:241] Failed to run optimizer ArithmeticOptimizer, stage RemoveStackStridedSliceSameAxis node strided_slice_92. Error: Pack node (stack_1) axis attribute is out of bounds: 1
2020-01-11 20:50:46.930217: W external/org_tensorflow/tensorflow/core/grappler/optimizers/graph_optimizer_stage.h:241] Failed to run optimizer ArithmeticOptimizer, stage RemoveStackStridedSliceSameAxis node strided_slice_94. Error: Pack node (stack_1) axis attribute is out of bounds: 1
2020-01-11 20:50:46.930229: W external/org_tensorflow/tensorflow/core/grappler/optimizers/graph_optimizer_stage.h:241] Failed to run optimizer ArithmeticOptimizer, stage RemoveStackStridedSliceSameAxis node strided_slice_96. Error: Pack node (stack_1) axis attribute is out of bounds: 1
2020-01-11 20:50:46.930240: W external/org_tensorflow/tensorflow/core/grappler/optimizers/graph_optimizer_stage.h:241] Failed to run optimizer ArithmeticOptimizer, stage RemoveStackStridedSliceSameAxis node strided_slice_98. Error: Pack node (stack_1) axis attribute is out of bounds: 1
2020-01-11 20:50:46.930254: W external/org_tensorflow/tensorflow/core/grappler/optimizers/graph_optimizer_stage.h:241] Failed to run optimizer ArithmeticOptimizer, stage RemoveStackStridedSliceSameAxis node strided_slice_100. Error: Pack node (stack_1) axis attribute is out of bounds: 1
2020-01-11 20:50:46.930266: W external/org_tensorflow/tensorflow/core/grappler/optimizers/graph_optimizer_stage.h:241] Failed to run optimizer ArithmeticOptimizer, stage RemoveStackStridedSliceSameAxis node strided_slice_102. Error: Pack node (stack_1) axis attribute is out of bounds: 1
2020-01-11 20:50:46.930283: W external/org_tensorflow/tensorflow/core/grappler/optimizers/graph_optimizer_stage.h:241] Failed to run optimizer ArithmeticOptimizer, stage RemoveStackStridedSliceSameAxis node strided_slice_104. Error: Pack node (stack_1) axis attribute is out of bounds: 1
2020-01-11 20:50:46.930295: W external/org_tensorflow/tensorflow/core/grappler/optimizers/graph_optimizer_stage.h:241] Failed to run optimizer ArithmeticOptimizer, stage RemoveStackStridedSliceSameAxis node strided_slice_106. Error: Pack node (stack_1) axis attribute is out of bounds: 1
2020-01-11 20:50:46.930310: W external/org_tensorflow/tensorflow/core/grappler/optimizers/graph_optimizer_stage.h:241] Failed to run optimizer ArithmeticOptimizer, stage RemoveStackStridedSliceSameAxis node strided_slice_108. Error: Pack node (stack_1) axis attribute is out of bounds: 1
2020-01-11 20:50:46.930321: W external/org_tensorflow/tensorflow/core/grappler/optimizers/graph_optimizer_stage.h:241] Failed to run optimizer ArithmeticOptimizer, stage RemoveStackStridedSliceSameAxis node strided_slice_110. Error: Pack node (stack_1) axis attribute is out of bounds: 1
2020-01-11 20:50:46.930334: W external/org_tensorflow/tensorflow/core/grappler/optimizers/graph_optimizer_stage.h:241] Failed to run optimizer ArithmeticOptimizer, stage RemoveStackStridedSliceSameAxis node strided_slice_112. Error: Pack node (stack_1) axis attribute is out of bounds: 1
2020-01-11 20:50:46.930348: W external/org_tensorflow/tensorflow/core/grappler/optimizers/graph_optimizer_stage.h:241] Failed to run optimizer ArithmeticOptimizer, stage RemoveStackStridedSliceSameAxis node strided_slice_114. Error: Pack node (stack_1) axis attribute is out of bounds: 1
2020-01-11 20:50:46.930362: W external/org_tensorflow/tensorflow/core/grappler/optimizers/graph_optimizer_stage.h:241] Failed to run optimizer ArithmeticOptimizer, stage RemoveStackStridedSliceSameAxis node strided_slice_116. Error: Pack node (stack_1) axis attribute is out of bounds: 1
2020-01-11 20:50:46.930377: W external/org_tensorflow/tensorflow/core/grappler/optimizers/graph_optimizer_stage.h:241] Failed to run optimizer ArithmeticOptimizer, stage RemoveStackStridedSliceSameAxis node strided_slice_118. Error: Pack node (stack_1) axis attribute is out of bounds: 1
2020-01-11 20:50:46.930391: W external/org_tensorflow/tensorflow/core/grappler/optimizers/graph_optimizer_stage.h:241] Failed to run optimizer ArithmeticOptimizer, stage RemoveStackStridedSliceSameAxis node strided_slice_120. Error: Pack node (stack_1) axis attribute is out of bounds: 1
2020-01-11 20:50:46.930404: W external/org_tensorflow/tensorflow/core/grappler/optimizers/graph_optimizer_stage.h:241] Failed to run optimizer ArithmeticOptimizer, stage RemoveStackStridedSliceSameAxis node strided_slice_122. Error: Pack node (stack_1) axis attribute is out of bounds: 1
2020-01-11 20:50:46.930419: W external/org_tensorflow/tensorflow/core/grappler/optimizers/graph_optimizer_stage.h:241] Failed to run optimizer ArithmeticOptimizer, stage RemoveStackStridedSliceSameAxis node strided_slice_124. Error: Pack node (stack_1) axis attribute is out of bounds: 1
2020-01-11 20:50:46.930432: W external/org_tensorflow/tensorflow/core/grappler/optimizers/graph_optimizer_stage.h:241] Failed to run optimizer ArithmeticOptimizer, stage RemoveStackStridedSliceSameAxis node strided_slice_126. Error: Pack node (stack_1) axis attribute is out of bounds: 1
2020-01-11 20:50:46.930448: W external/org_tensorflow/tensorflow/core/grappler/optimizers/graph_optimizer_stage.h:241] Failed to run optimizer ArithmeticOptimizer, stage RemoveStackStridedSliceSameAxis node strided_slice_128. Error: Pack node (stack_1) axis attribute is out of bounds: 1
2020-01-11 20:50:46.930460: W external/org_tensorflow/tensorflow/core/grappler/optimizers/graph_optimizer_stage.h:241] Failed to run optimizer ArithmeticOptimizer, stage RemoveStackStridedSliceSameAxis node strided_slice_130. Error: Pack node (stack_1) axis attribute is out of bounds: 1
2020-01-11 20:50:46.930475: W external/org_tensorflow/tensorflow/core/grappler/optimizers/graph_optimizer_stage.h:241] Failed to run optimizer ArithmeticOptimizer, stage RemoveStackStridedSliceSameAxis node strided_slice_132. Error: Pack node (stack_1) axis attribute is out of bounds: 1
2020-01-11 20:50:46.930488: W external/org_tensorflow/tensorflow/core/grappler/optimizers/graph_optimizer_stage.h:241] Failed to run optimizer ArithmeticOptimizer, stage RemoveStackStridedSliceSameAxis node strided_slice_134. Error: Pack node (stack_1) axis attribute is out of bounds: 1
2020-01-11 20:50:46.930503: W external/org_tensorflow/tensorflow/core/grappler/optimizers/graph_optimizer_stage.h:241] Failed to run optimizer ArithmeticOptimizer, stage RemoveStackStridedSliceSameAxis node strided_slice_136. Error: Pack node (stack_1) axis attribute is out of bounds: 1
2020-01-11 20:50:46.930522: W external/org_tensorflow/tensorflow/core/grappler/optimizers/graph_optimizer_stage.h:241] Failed to run optimizer ArithmeticOptimizer, stage RemoveStackStridedSliceSameAxis node strided_slice_138. Error: Pack node (stack_1) axis attribute is out of bounds: 1
2020-01-11 20:50:46.930536: W external/org_tensorflow/tensorflow/core/grappler/optimizers/graph_optimizer_stage.h:241] Failed to run optimizer ArithmeticOptimizer, stage RemoveStackStridedSliceSameAxis node strided_slice_140. Error: Pack node (stack_1) axis attribute is out of bounds: 1
2020-01-11 20:50:46.930549: W external/org_tensorflow/tensorflow/core/grappler/optimizers/graph_optimizer_stage.h:241] Failed to run optimizer ArithmeticOptimizer, stage RemoveStackStridedSliceSameAxis node strided_slice_142. Error: Pack node (stack_1) axis attribute is out of bounds: 1
2020-01-11 20:50:46.930563: W external/org_tensorflow/tensorflow/core/grappler/optimizers/graph_optimizer_stage.h:241] Failed to run optimizer ArithmeticOptimizer, stage RemoveStackStridedSliceSameAxis node strided_slice_144. Error: Pack node (stack_1) axis attribute is out of bounds: 1
2020-01-11 20:50:46.930576: W external/org_tensorflow/tensorflow/core/grappler/optimizers/graph_optimizer_stage.h:241] Failed to run optimizer ArithmeticOptimizer, stage RemoveStackStridedSliceSameAxis node strided_slice_146. Error: Pack node (stack_1) axis attribute is out of bounds: 1
2020-01-11 20:50:46.930593: W external/org_tensorflow/tensorflow/core/grappler/optimizers/graph_optimizer_stage.h:241] Failed to run optimizer ArithmeticOptimizer, stage RemoveStackStridedSliceSameAxis node strided_slice_148. Error: Pack node (stack_1) axis attribute is out of bounds: 1
2020-01-11 20:50:46.930606: W external/org_tensorflow/tensorflow/core/grappler/optimizers/graph_optimizer_stage.h:241] Failed to run optimizer ArithmeticOptimizer, stage RemoveStackStridedSliceSameAxis node strided_slice_150. Error: Pack node (stack_1) axis attribute is out of bounds: 1
2020-01-11 20:50:46.930619: W external/org_tensorflow/tensorflow/core/grappler/optimizers/graph_optimizer_stage.h:241] Failed to run optimizer ArithmeticOptimizer, stage RemoveStackStridedSliceSameAxis node strided_slice_152. Error: Pack node (stack_1) axis attribute is out of bounds: 1
2020-01-11 20:50:46.930634: W external/org_tensorflow/tensorflow/core/grappler/optimizers/graph_optimizer_stage.h:241] Failed to run optimizer ArithmeticOptimizer, stage RemoveStackStridedSliceSameAxis node strided_slice_154. Error: Pack node (stack_1) axis attribute is out of bounds: 1
2020-01-11 20:50:46.930646: W external/org_tensorflow/tensorflow/core/grappler/optimizers/graph_optimizer_stage.h:241] Failed to run optimizer ArithmeticOptimizer, stage RemoveStackStridedSliceSameAxis node strided_slice_156. Error: Pack node (stack_1) axis attribute is out of bounds: 1
2020-01-11 20:50:46.930660: W external/org_tensorflow/tensorflow/core/grappler/optimizers/graph_optimizer_stage.h:241] Failed to run optimizer ArithmeticOptimizer, stage RemoveStackStridedSliceSameAxis node strided_slice_158. Error: Pack node (stack_1) axis attribute is out of bounds: 1
2020-01-11 20:50:46.930676: W external/org_tensorflow/tensorflow/core/grappler/optimizers/graph_optimizer_stage.h:241] Failed to run optimizer ArithmeticOptimizer, stage RemoveStackStridedSliceSameAxis node strided_slice_160. Error: Pack node (stack_1) axis attribute is out of bounds: 1
2020-01-11 20:50:46.930690: W external/org_tensorflow/tensorflow/core/grappler/optimizers/graph_optimizer_stage.h:241] Failed to run optimizer ArithmeticOptimizer, stage RemoveStackStridedSliceSameAxis node strided_slice_162. Error: Pack node (stack_1) axis attribute is out of bounds: 1
2020-01-11 20:50:46.930707: W external/org_tensorflow/tensorflow/core/grappler/optimizers/graph_optimizer_stage.h:241] Failed to run optimizer ArithmeticOptimizer, stage RemoveStackStridedSliceSameAxis node strided_slice_164. Error: Pack node (stack_1) axis attribute is out of bounds: 1
2020-01-11 20:50:46.930715: W external/org_tensorflow/tensorflow/core/grappler/optimizers/graph_optimizer_stage.h:241] Failed to run optimizer ArithmeticOptimizer, stage RemoveStackStridedSliceSameAxis node strided_slice_166. Error: Pack node (stack_1) axis attribute is out of bounds: 1
2020-01-11 20:50:46.930733: W external/org_tensorflow/tensorflow/core/grappler/optimizers/graph_optimizer_stage.h:241] Failed to run optimizer ArithmeticOptimizer, stage RemoveStackStridedSliceSameAxis node strided_slice_168. Error: Pack node (stack_1) axis attribute is out of bounds: 1
2020-01-11 20:50:46.930748: W external/org_tensorflow/tensorflow/core/grappler/optimizers/graph_optimizer_stage.h:241] Failed to run optimizer ArithmeticOptimizer, stage RemoveStackStridedSliceSameAxis node strided_slice_170. Error: Pack node (stack_1) axis attribute is out of bounds: 1
2020-01-11 20:50:46.930761: W external/org_tensorflow/tensorflow/core/grappler/optimizers/graph_optimizer_stage.h:241] Failed to run optimizer ArithmeticOptimizer, stage RemoveStackStridedSliceSameAxis node strided_slice_172. Error: Pack node (stack_1) axis attribute is out of bounds: 1
2020-01-11 20:50:46.930773: W external/org_tensorflow/tensorflow/core/grappler/optimizers/graph_optimizer_stage.h:241] Failed to run optimizer ArithmeticOptimizer, stage RemoveStackStridedSliceSameAxis node strided_slice_174. Error: Pack node (stack_1) axis attribute is out of bounds: 1
2020-01-11 20:50:46.930785: W external/org_tensorflow/tensorflow/core/grappler/optimizers/graph_optimizer_stage.h:241] Failed to run optimizer ArithmeticOptimizer, stage RemoveStackStridedSliceSameAxis node strided_slice_176. Error: Pack node (stack_1) axis attribute is out of bounds: 1
2020-01-11 20:50:46.930798: W external/org_tensorflow/tensorflow/core/grappler/optimizers/graph_optimizer_stage.h:241] Failed to run optimizer ArithmeticOptimizer, stage RemoveStackStridedSliceSameAxis node strided_slice_178. Error: Pack node (stack_1) axis attribute is out of bounds: 1
2020-01-11 20:50:46.930810: W external/org_tensorflow/tensorflow/core/grappler/optimizers/graph_optimizer_stage.h:241] Failed to run optimizer ArithmeticOptimizer, stage RemoveStackStridedSliceSameAxis node strided_slice_180. Error: Pack node (stack_1) axis attribute is out of bounds: 1
2020-01-11 20:50:46.930824: W external/org_tensorflow/tensorflow/core/grappler/optimizers/graph_optimizer_stage.h:241] Failed to run optimizer ArithmeticOptimizer, stage RemoveStackStridedSliceSameAxis node strided_slice_182. Error: Pack node (stack_1) axis attribute is out of bounds: 1
2020-01-11 20:50:46.930837: W external/org_tensorflow/tensorflow/core/grappler/optimizers/graph_optimizer_stage.h:241] Failed to run optimizer ArithmeticOptimizer, stage RemoveStackStridedSliceSameAxis node strided_slice_184. Error: Pack node (stack_1) axis attribute is out of bounds: 1
2020-01-11 20:50:46.930851: W external/org_tensorflow/tensorflow/core/grappler/optimizers/graph_optimizer_stage.h:241] Failed to run optimizer ArithmeticOptimizer, stage RemoveStackStridedSliceSameAxis node strided_slice_186. Error: Pack node (stack_1) axis attribute is out of bounds: 1
2020-01-11 20:50:46.930862: W external/org_tensorflow/tensorflow/core/grappler/optimizers/graph_optimizer_stage.h:241] Failed to run optimizer ArithmeticOptimizer, stage RemoveStackStridedSliceSameAxis node strided_slice_188. Error: Pack node (stack_1) axis attribute is out of bounds: 1
2020-01-11 20:50:46.930872: W external/org_tensorflow/tensorflow/core/grappler/optimizers/graph_optimizer_stage.h:241] Failed to run optimizer ArithmeticOptimizer, stage RemoveStackStridedSliceSameAxis node strided_slice_190. Error: Pack node (stack_1) axis attribute is out of bounds: 1
2020-01-11 20:50:46.930885: W external/org_tensorflow/tensorflow/core/grappler/optimizers/graph_optimizer_stage.h:241] Failed to run optimizer ArithmeticOptimizer, stage RemoveStackStridedSliceSameAxis node strided_slice_192. Error: Pack node (stack_1) axis attribute is out of bounds: 1
2020-01-11 20:50:46.930904: W external/org_tensorflow/tensorflow/core/grappler/optimizers/graph_optimizer_stage.h:241] Failed to run optimizer ArithmeticOptimizer, stage RemoveStackStridedSliceSameAxis node strided_slice_194. Error: Pack node (stack_1) axis attribute is out of bounds: 1
2020-01-11 20:50:46.930915: W external/org_tensorflow/tensorflow/core/grappler/optimizers/graph_optimizer_stage.h:241] Failed to run optimizer ArithmeticOptimizer, stage RemoveStackStridedSliceSameAxis node strided_slice_196. Error: Pack node (stack_1) axis attribute is out of bounds: 1
2020-01-11 20:50:46.930929: W external/org_tensorflow/tensorflow/core/grappler/optimizers/graph_optimizer_stage.h:241] Failed to run optimizer ArithmeticOptimizer, stage RemoveStackStridedSliceSameAxis node strided_slice_198. Error: Pack node (stack_1) axis attribute is out of bounds: 1
2020-01-11 20:50:46.930944: W external/org_tensorflow/tensorflow/core/grappler/optimizers/graph_optimizer_stage.h:241] Failed to run optimizer ArithmeticOptimizer, stage RemoveStackStridedSliceSameAxis node strided_slice. Error: Pack node (stack_1) axis attribute is out of bounds: 1
2020-01-11 20:50:46.930959: W external/org_tensorflow/tensorflow/core/grappler/optimizers/graph_optimizer_stage.h:241] Failed to run optimizer ArithmeticOptimizer, stage RemoveStackStridedSliceSameAxis node strided_slice_200. Error: Pack node (stack_1) axis attribute is out of bounds: 1
2020-01-11 20:50:47.144600: F external/org_tensorflow/tensorflow/core/framework/tensor_shape.cc:44] Check failed: NDIMS == dims() (2 vs. 1)Asking for tensor of 2 dimensions from a tensor of 1 dimensions
/usr/bin/tf_serving_entrypoint.sh: line 3:     8 Aborted                 (core dumped) tensorflow_model_server --port=8500 --rest_api_port=8501 --model_name=${MODEL_NAME} --model_base_path=${MODEL_BASE_PATH}/${MODEL_NAME} "$@"
```

**Steps to reproduce**
Start tensorflow_model_server with the --port=8500 --rest_api_port=8501 --model_name=${MODEL_NAME} --model_base_path=${MODEL_BASE_PATH}/${MODEL_NAME}
Send traffic to the tensorflow serving pods. It will crash for some reason.

i tried to look at the memory usage, but dont see that tfserving runs out of memory. any idea about the error?
I have a model with a single dimension input that is serialized tf.example.
TF serving does not seem to perform batching with this model and the input.
I have the following batching config:

```
max_batch_size { value: 32 }
num_batch_threads { value: 16 }
batch_timeout_micros { value: 100000 }
pad_variable_length_inputs: true
allowed_batch_sizes : 2
allowed_batch_sizes : 4
allowed_batch_sizes : 8
allowed_batch_sizes : 32
```

I have tried it with and without "pad_variable_length_inputs: true".
I have tried batch_timeout_micros at various values, e.g. batch_timeout_micros { value: 1000 }. The value above is set to very high value to see if that would make the server to batch the incoming requests.  
On the TF serving server side, I run 
`tensorflow_model_server --port=8500 --model_name=mymodel --model_base_path=/serving --enable_batching=true --batching_parameters_file=/serving/batching_parameters.txt`
inside 
`docker run -it -p 8500:8500 -p 8501:8501 tensorflow/serving:latest-devel `
The inference is running on CPU on a machine with 16 CPU cores.
I run up to 16 clients on different machine issuing requests via gPRC against this server.
The inference succeeds - I get correct inference results in all clients. However, the resulting inference time is the same as without batching enabled, which seems to indicate that TF Serving is not doing batching (just queuing the requests and running inference with one request in a batch).

TF Serving also does not provide functionality to log or inspect whether it is doing batching or not and what the individual batch sizes are. I have tried to enable multiple logging levels via TF_CPP_MIN_VLOG_LEVEL and there are no tensorflow_serving log lines that correspond to inference requests or batching. This is very disappointing.

I have the same model with the same inputs running on the same machine using Nvidia TRT IS server with batching timeout set to 1ms and there batching produces significant speedup. Plus TRT IS provides info about the batching that is easy to access to confirm that batching is occurring and that inference is done with batches that have more than one element.
So the issue is not the model being unbatchable. The issue is not that batching won't help performance. The issue seems to be in how TF Serving handles the batching in this case.

So questions and requests:
1. Is batching supposed to work with models that have single dimension tf.example serialized input? 
2. Can TF Serving provide a way to access batching functionality logs or at least information of how many requests got batched into a batch?

Thank you
some tensorflow model is trained using tf.placeholder and some by tf.esitimator API, there are some difference between this two method when creating warmup data for tf-serving model
- if model is trained using tf.placeholder, we can know all input tensor name and shape from savedModel by executing the command, `saved_model_cli show`, so we can make up data according to input tensor name and shape to generate tf_serving_warmup_requests
- if model is trained using tf.estimator, we can't obtain any information about input tensor in detail, the model's input is format of Example or SequenceExample, so how can we create tf_serving_warmup_requests file just using model without any other input?
Thank you!  
when i inference the model with tensorflow serving,i found a question.i defined the dim of inputs,example input3 is shape (1, 3) or (None3) inputs3 = [1, 2, 3]  , i test it in my model.pb that is true,but i enter more dim that is also okep[1, 2, 3, 4], i dont understant why;

curl -d '{"signature_name":"voice_classification", "inputs": {"input1": [[6]], "input2": [[0.1]], "input3":[[3.0, 8.0, 1.0, 2.0]]}}' -X POST http://localhost:8501/v1/models/yjq:predict

my input3 dim is (1,3) like [1, 2, 3]. but i enter [1, 2, 3, 4]  also is ok  

![QA](https://user-images.githubusercontent.com/30150009/71893483-c5ac3f00-3186-11ea-97c3-d5156a44d838.jpg)



### System information
- **OS Platform and Distribution (e.g., Linux Ubuntu 16.04)**: Ubuntu 16.04, RHEL 8
- **TensorFlow Serving installed from (source or binary)**: Both
- **TensorFlow Serving version**: 1.15.0

### Describe the problem
Currently when the configured model list is updated via a call to `handleReloadConfigRequest`, the request thread blocks until any newly added models become available.

Their availability however depends on the filesystem polling thread rescanning the filesystem at some periodic interval, meaning that there's an arbitrary delay before the requested changes actually take effect and the RPC returns.

This problem may not be very noticeable with the default polling interval of 1 second, but seems undesirable for longer intervals and in particular makes API-based dynamic reconfiguration incompatible with the `--file_system_poll_wait_seconds=0` setting (in this case all `handleReloadConfigRequest` calls time-out and do not take effect).

### Exact Steps to Reproduce
1. Start `tensorflow_model_server` with the `--file_system_poll_wait_seconds=0` option and empty initial config (no models)
2. Call `handleReloadConfigRequest` API with a `ModelListConfig` containing a (valid) new model. It will hang indefinitely or until the grpc deadline

I have opened PR #1518 with proposed fix.