**描述问题**
```
cookie获取中
Traceback (most recent call last):
  File "/usr/local/lib/python3.6/dist-packages/selenium/webdriver/common/service.py", line 76, in start
    stdin=PIPE)
  File "/usr/lib/python3.6/subprocess.py", line 729, in __init__
    restore_signals, start_new_session)
  File "/usr/lib/python3.6/subprocess.py", line 1364, in _execute_child
    raise child_exception_type(errno_num, err_msg, err_filename)
PermissionError: [Errno 13] Permission denied: '/python_project/chromedriver'

During handling of the above exception, another exception occurred:

```
**重现步骤**
```
步骤一
```
**截图&日志**

**环境信息**
 - windows
 - python3.7.1
 - 订票小助手版本 1.1.101

**额外的备注**
- Add any other context about the problem here.

**描述问题**
```
在配置抢票程序时，遇到两个问题
1. chromedriver驱动要放到chrome安装路径中
2. 正则表达式出错，python3.7需要将'var CLeftTicketUrl = \'(.*)\''更换成"var CLeftTicketUrl = \'(.*)\'"
```
**截图&日志**
![image](https://user-images.githubusercontent.com/36449632/72578170-477f3380-3910-11ea-852d-7b487842fb1a.png)

**环境信息**
 - windows 10
 - python3.7.1
 - 订票小助手版本 1.1.101


**描述问题**
```
跪求大神指导!
python3.6版本,3.7版本都试了 win7系统 64位 试了好几个 TensorFlow 版本了,还是这个报错 ImportError : DLL load failed with error code -1073741795
Failed to load the native TensorFlow runtime.
我在另一台win10电脑上同样的部署就可以运行 但是win7就不得行呢 百度查了下说是win7缺少Windows 7 SP1(Service Pack 1) KB976932 ,下载安装了重启电脑还是一样的报错.
```


**环境信息**
 - windows7
 - python3.6.0
 - 订票小助手版本 "1.2.004"



广州-西安 车次坐席查询为空，查询url: https://kyfw.12306.cn/otn/leftTicket/queryZ?leftTicketDTO.train_date=2020-01-19&leftTicketDTO.from_station=GZQ&leftTicketDTO.to_station=XAY&purpose_codes=ADULT, 可以手动查询是否有票
正在第11656次查询 停留时间：0.14 乘车日期: 2020-01-18,2020-01-19 车次：Z138,Z230,Z264,G98,G836,G844,G840,G818,G832,G826 下单无票 无候补机会 耗时：275.2 42.81.144.180

正在第11658次查询 停留时间：0.19 乘车日期: 2020-01-18,2020-01-19 车次：Z138,Z230,Z264,G98,G836,G844,G840,G818,G832,G826 下单无票 无候补机会 耗时：263.636 60.9.0.23
正在第11659次查询 停留时间：0.19 乘车日期: 2020-01-18,2020-01-19 车次：Z138,Z230,Z264,G98,G836,G844,G840,G818,G832,G826 下单无票 无候补机会 耗时：99.504 221.235.187.106

**描述问题**
只购买硬座时会购买无座的票,该如何解决？
A clear and concise description of what the bug is.
```
**重现步骤**
```
步骤一
```
**截图&日志**

**环境信息**
 - windows
 - python3.7.1
 - 订票小助手版本 1.1.101

**额外的备注**
- Add any other context about the problem here.

**描述问题**
```

@testerSunshine 我遇到同样的问题如下：

```
设置乘车人数为: 1
查询到有余票，尝试提交订单
使用缓存中查找的联系人信息
车票提交通过，正在尝试排队
排队成功, 你排在: 0位, 当前余票还剩余: xxx 张
不需要验证码
xxx联系人尚未通过身份信息核验，不可购票，详见《铁路互联网购票身份核验须知》。
```

联系人是新添加的，且xxx联系人身份信息在官网已通过核验，在官网平台或其他平台上，都能正常购买成功。但代码还是不断提示上述问题，隔了几天，问题依然存在。

```
**重现步骤**

我检查代码，python 代码中使用了 `wrapcache` 库包来加载缓存，在[GetPassengerDTOs.py)代码中:

```
if wrapcache.get("user_info"):  # 如果缓存中有联系人方式，则读取缓存中的联系人
        
        print(u"使用缓存中查找的联系人信息")
else:
        user_info = self.sendGetPassengerDTOs()
        wrapcache.set("user_info", user_info, timeout=9999999)
```

每次加载，都提示从缓存中查找联系人，是不是由于缓存信息未能更新的缘故。

**截图&日志**

**环境信息**
 - windows7
 - python3.7.1
 - 订票小助手版本 1.1.101

**描述问题**
```
运行时报错（预售）
似乎要把matchObj转为str类型比较安全
多了一个分号
```
**重现步骤**
```
python run.py r
```
**截图&日志**
Traceback (most recent call last):
  File "run.py", line 22, in <module>
    select_ticket_info.select().main()
  File "D:\Desktop\12306-master\init\select_ticket_info.py", line 121, in main
    l.reqLiftTicketInit()
  File "D:\Desktop\12306-master\inter\LiftTicketInit.py", line 18, in reqLiftTicketInit
    matchObj = re.search('var CLeftTicketUrl = \'(.*)\'', result, re.M|re.I);
  File "F:\ProgramData\Anaconda3\lib\re.py", line 183, in search
    return _compile(pattern, flags).search(string)
TypeError: expected string or bytes-like object
**环境信息**
 - windows10
 - python3.7.1
 - 订票小助手版本 1.1.101



请问captcha.test.npz和captcha.npz数据集提供吗
```
url: /otn/leftTicket/queryZ?leftTicketDTO.train_date=2020-01-17&leftTicketDTO.from_station=BJP&leftTicketDTO.to_station=SJP&purpose_codes=ADULT返回参数为空, 接口状态码: 302
北京-石家庄 车次坐席查询为空，查询url: https://kyfw.12306.cn/otn/leftTicket/queryZ?leftTicketDTO.train_date=2020-01-17&leftTicketDTO.from_station=BJP&leftTicketDTO.to_station=SJP&purpose_codes=ADULT, 可以手动查询是否有票
正在第95次查询 停留时间：0.28 乘车日期: 2020-01-17 车次：K4079,K817,K21,Z149,K967,K635,K4779,Z69,K589,Z49,Z4175,Z161,K117,K1115,K183,K267 下单无票 无候补机会 耗时：18.0 183.222.97.165
正在第96次查询 停留时间：0.26 乘车日期: 2020-01-17 车次：K4079,K817,K21,Z149,K967,K635,K4779,Z69,K589,Z49,Z4175,Z161,K117,K1115,K183,K267 下单无票 无候补机会 耗时：687.0 112.28.196.75

```
坐席查询一直为空，怎么办呢

**描述问题**
```
A clear and concise description of what the bug is.
```
**重现步骤**
```
步骤一
```
**截图&日志**

**环境信息**
 - windows
 - python3.7.1
 - 订票小助手版本 1.1.101

**额外的备注**
- Add any other context about the problem here.
