`npm install typings -g `

giving following error. Pls help

>  C:\Users\nin\AppData\Roaming\npm
> `-- (empty)
> 
> npm ERR! Windows_NT 10.0.14393
> npm ERR! argv "C:\\Program Files\\nodejs\\node.exe" "C:\\Program Files\\nodejs\\node_modules\\npm\\bin\\npm-cli.js" "ins
> tall" "typings" "--global"
> npm ERR! node v6.9.5
> npm ERR! npm  v3.10.10
> npm ERR! path C:\Users\nin\AppData\Roaming\npm\node_modules\.staging\term-size-2c814afc
> npm ERR! code EPERM
> npm ERR! errno -4048
> npm ERR! syscall rename
> 
> npm ERR! Error: EPERM: operation not permitted, rename 'C:\Users\nin\AppData\Roaming\npm\node_modules\.staging\term-size-2c814afc' -> 'C:\Users\nin\AppData\Roaming\npm\node_modules\typings\node_modules\term-size'
> npm ERR!     at destStatted (C:\Program Files\nodejs\node_modules\npm\lib\install\action\finalize.js:25:7)
> npm ERR!     at C:\Program Files\nodejs\node_modules\npm\node_modules\graceful-fs\polyfills.js:264:29
> npm ERR!     at FSReqWrap.oncomplete (fs.js:123:15)
> npm ERR!
> npm ERR! Error: EPERM: operation not permitted, rename 'C:\Users\nin\AppData\Roaming\npm\node_modules\.staging\term-size-2c814afc' -> 'C:\Users\nin\AppData\Roaming\npm\node_modules\typings\node_modules\term-size'
> npm ERR!     at Error (native)
> npm ERR!  { Error: EPERM: operation not permitted, rename 'C:\Users\nin\AppData\Roaming\npm\node_modules\.staging\term-size-2c814afc' -> 'C:\Users\nin\AppData\Roaming\npm\node_modules\typings\node_modules\term-size'
> npm ERR!     at destStatted (C:\Program Files\nodejs\node_modules\npm\lib\install\action\finalize.js:25:7)
> npm ERR!     at C:\Program Files\nodejs\node_modules\npm\node_modules\graceful-fs\polyfills.js:264:29
> npm ERR!     at FSReqWrap.oncomplete (fs.js:123:15)
> npm ERR!
> npm ERR! Error: EPERM: operation not permitted, rename 'C:\Users\nin\AppData\Roaming\npm\node_modules\.staging\term-size-2c814afc' -> 'C:\Users\nin\AppData\Roaming\npm\node_modules\typings\node_modules\term-size'
> npm ERR!     at Error (native) parent: 'typings' }
> npm ERR!
> npm ERR! Please try running this command again as root/Administrator.
> 
> npm ERR! Please include the following file with any support request:
> npm ERR!     C:\Users\nin\WebstormProjects\npm-debug.log
> npm ERR! code 1
Hi,

I have the  below package.json file

{
  "version": "1.0.0",
  "name": "opengamelistwebapp",
  "private": true,
  "dependencies": {
    "@angular/common": "2.0.0-rc.5",
    "@angular/compiler": "2.0.0-rc.5",
    "@angular/core": "2.0.0-rc.5",
    "@angular/http": "2.0.0-rc.5",
    "@angular/platform-browser": "2.0.0-rc.5",
    "@angular/platform-browser-dynamic": "2.0.0-rc.5",
    "@angular/upgrade": "2.0.0-rc.5",
    "core-js": "^2.4.1",
    "reflect-metadata": "^0.1.3",
    "rxjs": "5.0.0-beta.6",
    "systemjs": "^0.19.37",
    "typings": "^1.3.2",
    "zone.js": "^0.6.12"
  },
  "devDependencies": {
    "gulp": "^3.9.1",
    "gulp-clean": "^0.3.2",
    "gulp-concat": "^2.6.0",
    "gulp-sourcemaps": "^1.6.0",
    "gulp-typescript": "^2.13.6",
    "gulp-uglify": "^2.0.0",
    "typescript": "^1.8.10"
  },
  "scripts": {
    "postinstall": "typings install dt~core-js --global"
  }
}

When I run npm install/or Choose Restore package from VS I get the below error 

typings install dt~core-js --global
typings ERR! **message https://api.typings.org/entries/dt/core-js/versions/latest responded with 403, expected it to equal 200**
typings ERR! 
typings ERR! cwd D:\Documents\Working\Microsoft\MVC_Core_ng2\OpenListWeb\OpenListWebApp
typings ERR! system Windows_NT 6.1.7601
typings ERR! command "C:\\Program Files (x86)\\Microsoft Visual Studio\\2017\\Professional\\Web\\External\\Node.exe" "D:\\Documents\\Working\\Microsoft\\MVC_Core_ng2\\OpenListWeb\\OpenListWebApp\\node_modules\\typings\\dist\\bin.js" "install" "dt~core-js" "--global"
typings ERR! node -v v5.4.1
typings ERR! typings -v 1.5.0
typings ERR! code EINVALIDSTATUS
typings ERR! 
typings ERR! If you need help, you may report this error at:
typings ERR!   <https://github.com/typings/typings/issues>
npm ERR! Windows_NT 6.1.7601
npm ERR! argv "C:\\Program Files (x86)\\Microsoft Visual Studio\\2017\\Professional\\Web\\External\\Node.exe" "C:\\Program Files (x86)\\Microsoft Visual Studio\\2017\\Professional\\Web\\External\\node_modules\\npm\\bin\\npm-cli.js" "install"
npm ERR! node v5.4.1
npm ERR! npm  v3.3.4
npm ERR! code ELIFECYCLE
npm ERR! opengamelistwebapp@1.0.0 postinstall: `typings install dt~core-js --global`
npm ERR! Exit status 1
npm ERR! 
npm ERR! Failed at the opengamelistwebapp@1.0.0 postinstall script 'typings install dt~core-js --global'.
npm ERR! This is most likely a problem with the opengamelistwebapp package,
npm ERR! not with npm itself.
npm ERR! Tell the author that this fails on your system:
npm ERR!     typings install dt~core-js --global
npm ERR! You can get their info via:
npm ERR!     npm owner ls opengamelistwebapp
npm ERR! There is likely additional logging output above.
npm ERR! Please include the following file with any support request:
npm ERR!     D:\Documents\Working\Microsoft\MVC_Core_ng2\OpenListWeb\OpenListWebApp\npm-debug.log

I have my .typingsrc file as below

proxy="http://pac.lbs.alcatel-lucent.com/proxy.pac:80"
http-proxy="http://pac.lbs.alcatel-lucent.com/proxy.pac:80"
https-proxy="http://pac.lbs.alcatel-lucent.com/proxy.pac:80"
rejectUnauthorized=false

If I want to specify user name with domain (domain\username) how should I do that?
I tried below one, did not work
proxy="domain\\username:password@http://pac.lbs.alcatel-lucent.com/proxy.pac:80"

The problem is my password contains @ symbol. 

When I open the url https://api.typings.org/entries/dt/core-js/versions/latest in browser I get the below response:

{"tag":"0.9.0+20170310221640","version":"0.9.0","description":null,"compiler":null,"location":"github:DefinitelyTyped/DefinitelyTyped/core-js/index.d.ts#8dd753de5a1e97fe75d9d25df3d78c227c409309","updated":"2017-03-10T22:16:40.000Z"}

I am not able to install typings please can somebody help me out.
We are using this jspm: functionality in 0.17 beta which works great for our private packages that are listed as a jspm dependency.

But we seem to run into errors when we try to pull in typings for a jspm devDependency.

How to reproduce:

Install a dependency on a jspm package that comes with generated .d.ts files
Install the typings for this package using 
`typings install jspm:packageName`

Typing installation is successful.
Move the dependency to a devDependency in the jspm configuration

Run:
` typings install -V`

The following output is seen:
```
typings ERR! message Cannot read property 'path' of undefined
typings ERR!
typings ERR! stack TypeError: Cannot read property 'path' of undefined
typings ERR! stack     at resolveJspmDependencyFrom (C:\..\typings\node_modules\typings-core\dist\lib\dependencies.js:396:32)
typings ERR! stack     at C:\..\typings\node_modules\typings-core\dist\lib\dependencies.js:388:20
typings ERR!

```

Moving the dependency back to the dependency list resolves the build problem. 

We are using typings v2.1.0

Cross-post of https://github.com/DefinitelyTyped/DefinitelyTyped/pull/13280. What this means for Typings users:

1. Dependencies turn into external modules, but Typings won't be able to resolve any of the module dependencies as the dependency system on DefinitelyTyped uses `<reference>` tags. Effectively, if you're using Typings, you _may_ not need `--global` in some places anymore.
2. You will probably need to jiggle with `tsconfig.json` `typeRoots` to get `<reference type>` instances to work properly (e.g. `typeRoots: [typings/global]`).
3. Typings can not install anything using `export as namespace` as it requires native compiler support to resolve modules - while Typings uses a legacy workaround of declaring global modules for you.

There will be no disruption of existing modules using Typings as everything is keyed to a commit. If you're a new user or don't understand the implications, it's probably best to use `@types` on NPM and wait for https://github.com/Microsoft/types-publisher/issues/4.
### Description

> typings ERR! message Unable to read typings for "jasmine". You should check the
> entry paths in "jasmine.d.ts" are up to date
> typings ERR! caused by https://raw.githubusercontent.com/DefinitelyTyped/Definit
> elyTyped/c49913aa9ea419ea46c1c684e488cf2a10303b1a/jasmine/jasmine.d.ts responded
>  with 401, expected it to equal 200
> 
> typings ERR! cwd C:\Thin Client\Alpha.ThinClient-Development\QuickStart2
> typings ERR! system Windows_NT 6.1.7601
> typings ERR! command "C:\Program Files (x86)\nodejs\node.exe" "C:\dev> t\project\QuickStart2\node_modules\typings\dist\bin.j
> s" "install"
> typings ERR! node -v v4.3.0
> typings ERR! typings -v 1.3.3
> 
> typings ERR! If you need help, you may report this error at:
> typings ERR!   https://github.com/typings/typings/issues 
### TYPINGSRC file

proxy="http://domain\username:password@Proxy:port"
rejectUnauthorized=false

It would be lovely to have a flag that would just take care of any installation issues (e.g. `typings install --do-whatever-you-need-to-do-to-install some-module`.) I know this might seem pretty minor, but this back-and-forth has become tiresome:

**`typings install some-module`**

```
typings ERR! message Unable to find "some-module" ("npm") in the registry.
typings ERR! message However, we found "some-module" for 1 other source: "dt"
```

**`typings install dt~some-module`**

```
typings ERR! message Attempted to compile "some-module" as an external module, but it looks like a global module. You'll need to enable the global option to continue.
```

**`typings install dt~some-module --global`**

```
Finally! 
```

### Prerequisites
- [X] Did you check the [FAQ](https://github.com/typings/typings/blob/master/docs/faq.md)?
- [X] Did you search open **and closed** issues to see if your issue has already been reported?
### Description

It looks like typings reads bower.json 'dependencies' and look for d.ts files on each component, later it complains about the file is not found. The components I use doesn't have d.ts files. For that same reason I use typings!
I don't know how to stop this behavior or make things the right way. I'm missing something.

I use this library in another proyect and I have the same error when I include it as a bower dependency (inside typings.json of that another project)
### Steps to Reproduce
1. clone https://github.com/ejmarino/angular-ms 0.1.5 tag
2. npm install && bower install && typings install
3. typings bundle -G -o bundle.d.ts

**Actual behavior:** 

```
typings ERR! message Unable to read typings for "angular". The author of "angular-ms" needs to check the entry paths in "bower.json" are up to date
typings ERR! caused by ENOENT: no such file or directory, open 'C:\GitHub\angular-ms\bower_components\angular\angular.d.ts'

typings ERR! cwd C:\GitHub\angular-ms
typings ERR! system Windows_NT 10.0.10586
```

As you see, is looking for angular.d.ts inside bower angular component, and I have inside typings/global/angular..etc
### Versions

1.3.2

I have a project that is broken into two parts - a "core" package and a CLI that uses the core. Both are authored in Typescript.

While trying to install the core typings for use in the CLI with `typings install npm:lede` I have been battling a circular dependency error:

```
typings ERR! message Circular dependency detected using "/Users/emurray/projects/lede-cli/node_modules/babel-register/package.json"

typings ERR! cwd /Users/emurray/projects/lede-cli
typings ERR! system Darwin 14.5.0
typings ERR! command "/Users/emurray/.nvm/versions/node/v6.3.0/bin/node" "/Users/emurray/.nvm/versions/node/v6.3.0/bin/typings" "install" "npm:lede"
typings ERR! node -v v6.3.0
typings ERR! typings -v 1.3.2
```

My "core" package is dependent on the following: 

```
"dependencies": {
    "archieml": "^0.3.1",
    "aws-sdk": "^2.4.11",
    "babel-preset-es2015": "^6.9.0",
    "babelify": "^7.3.0",
    "browserify": "^13.0.1",
    "fs-extra": "^0.30.0",
    "glob": "^7.0.3",
    "livereload": "^0.4.1",
    "lodash": "^4.4.0",
    "node-sass": "^3.7.0",
    "nunjucks": "^2.4.2",
    "rimraf": "^2.5.2"
  },
  "devDependencies": {
    "ava": "^0.15.2",
    "coveralls": "^2.11.11",
    "nyc": "^7.0.0",
    "typescript": "^1.8.10",
    "typings": "^1.3.2"
  }
```

In my best effort to figure out what was going on, I added the high-tech debug statements 

```
console.log("Source: " + src)
console.log("Parent: " + JSON.stringify(parent, null, 2))
```

just above [this line in the typings-core source](https://github.com/typings/core/blob/master/src/lib/dependencies.ts#L349) and then reran the command and piped stdout to a file.

The majority of that file is unimportant but the important bit is here at the end:

```
Source: /Users/emurray/projects/lede-cli/node_modules/babel-core/package.json
Parent: {
  "src": "/Users/emurray/projects/lede-cli/node_modules/babel-register/package.json",
  "raw": "npm:babel-register",
  "main": "lib/node.js",
  "browser": "lib/browser.js",
  "version": "6.11.6",
  "global": false,
  "dependencies": {},
  "devDependencies": {},
  "peerDependencies": {},
  "globalDependencies": {},
  "globalDevDependencies": {},
  "name": "babel-register",
  "parent": {
    "src": "/Users/emurray/projects/lede-cli/node_modules/babel-core/package.json",
    "raw": "npm:babel-core",
    "version": "6.13.2",
    "global": false,
    "dependencies": {},
    "devDependencies": {},
    "peerDependencies": {},
    "globalDependencies": {},
    "globalDevDependencies": {},
    "name": "babel-core",
    "parent": {
      "src": "/Users/emurray/projects/lede-cli/node_modules/babelify/package.json",
      "raw": "npm:babelify",
      "version": "7.3.0",
      "global": false,
      "dependencies": {},
      "devDependencies": {},
      "peerDependencies": {},
      "globalDependencies": {},
      "globalDevDependencies": {},
      "name": "babelify",
      "parent": {
        "src": "/Users/emurray/projects/lede-cli/node_modules/lede/package.json",
        "raw": "npm:lede",
        "main": "dist/index.js",
        "typings": "dist/index.d.ts",
        "version": "0.0.13",
        "global": false,
        "dependencies": {},
        "devDependencies": {},
        "peerDependencies": {},
        "globalDependencies": {},
        "globalDevDependencies": {},
        "name": "lede"
      }
    }
  }
}
```

So it seems to me that I am depending on a package (babelify) that depends on babel-core which depends on babel-register, which in turn depends on babel-core - thus the circular dependency!  However I find it curious that this circular dependency isn't thrown by npm itself and it has me wondering if typings isn't resolving this as it should be or if I have just royally messed something up.

### Prerequisites

**Please first check README. There are breaking changes from `0.x` to `1.0`**
- [x] Did you check the [FAQ](https://github.com/typings/typings/blob/master/docs/faq.md)?
- [x] Did you search open **and closed** issues to see if your issue has already been reported?
### Description

For example, like in npm:

``` sh
npm WARN optional Skipping failed optional dependency /chokidar/fsevents:                                                           
npm WARN notsup Not compatible with your operating system or architecture: fsevents@1.0.14                                          
npm WARN optional Skipping failed optional dependency /onchange/chokidar/fsevents:                                                  
npm WARN notsup Not compatible with your operating system or architecture: fsevents@1.0.14 
```

When I run:

``` sh
npm i ava

# to solve resolution issue in "classic" mode
typings i npm:ava

# error:
typings ERR! message Unable to resolve "npm:fsevents" from "fsevents" 
```

npm install
npm WARN deprecated minimatch@2.0.10: Please update to minimatch 3.0.2 or higher to avoid a RegExp DoS issue

> angular2-quickstart@1.0.0 postinstall C:\Users\hmuschett\Desktop\testnode\angular
> typings install

typings ERR! message Unable to connect to "https://api.typings.org/entries/dt/node/tags/6.0.0%2B20160621231320"
typings ERR! caused by connect ECONNREFUSED 104.24.112.177:443

typings ERR! cwd C:\Users\hmuschett\Desktop\testnode\angular
typings ERR! system Windows_NT 6.1.7601
typings ERR! command "C:\Program Files\nodejs\node.exe" "C:\Users\hmuschett\Desktop\testnode\angular\node_modules\typings\dist\bin.js" "install"
typings ERR! node -v v6.2.1
typings ERR! typings -v 1.3.2
typings ERR! code EUNAVAILABLE

typings ERR! If you need help, you may report this error at:
typings ERR!   https://github.com/typings/typings/issues

npm WARN optional Skipping failed optional dependency /chokidar/fsevents:
npm WARN notsup Not compatible with your operating system or architecture: fsevents@1.0.14
npm WARN angular2-quickstart@1.0.0 No description
npm WARN angular2-quickstart@1.0.0 No repository field.
npm ERR! Windows_NT 6.1.7601
npm ERR! argv "C:\Program Files\nodejs\node.exe" "C:\Program Files\nodejs\node_modules\npm\bin\npm-cli.js" "install"
npm ERR! node v6.2.1
npm ERR! npm  v3.9.3
npm ERR! code ELIFECYCLE
npm ERR! angular2-quickstart@1.0.0 postinstall: `typings install`
npm ERR! Exit status 1
npm ERR!
npm ERR! Failed at the angular2-quickstart@1.0.0 postinstall script 'typings install'.
npm ERR! Make sure you have the latest version of node.js and npm installed.
npm ERR! If you do, this is most likely a problem with the angular2-quickstart package,
npm ERR! not with npm itself.
npm ERR! Tell the author that this fails on your system:
npm ERR!     typings install
npm ERR! You can get information on how to open an issue for this project with:
npm ERR!     npm bugs angular2-quickstart
npm ERR! Or if that isn't available, you can get their info via:
npm ERR!     npm owner ls angular2-quickstart
npm ERR! There is likely additional logging output above.

npm ERR! Please include the following file with any support request:
npm ERR!     C:\Users\hmuschett\Desktop\testnode\angular\npm-debug.log
