
**Describe the issue**
When running 'make run_server' to build version 0.0.2, the build fails with a DeviceFree: out of memory error after a few minutes. I am using a new server with no other processes running.

**Reproduce the issue**
NVIDIA driver version: 390.48
Cuda version: release 9.1, V9.1.85
golang version: 1.13
gcc version: 5.4.0
cmake version: 3.15.4

Follow the instructions to compile Aresdb version 0.0.2 through 'run make_server'

**Error message**
[ 15%] Built target mem
[100%] Built target algorithm
[100%] Built target lib
[100%] Built target aresd
Using config file:  config/ares.yaml
{"level":"info","msg":"Bootstrapping service","config":{"Port":9374,"DebugPort":43202,"RootPath":"ares-root","TotalMemorySize":161061273600,"SchedulerOff":false,"Version":"","Env":"","Query":{"DeviceMemoryUtilization":0.95,"DeviceChoosingTimeout":10,"TimezoneTable":{"TableName":"api_cities"},"EnableHashReduction":false},"DiskStore":{"WriteSync":true},"HTTP":{"MaxConnections":300,"ReadTimeOutInSeconds":20,"WriteTimeOutInSeconds":300},"RedoLogConfig":{"DiskConfig":{"Disabled":false},"KafkaConfig":{"Enabled":false,"Brokers":null,"TopicSuffix":""},"DiskOnlyForUnsharded":false},"Cluster":{"Enable":false,"Distributed":false,"Namespace":"","InstanceID":"","Controller":{"Address":"localhost:6708","Headers":null,"TimeoutSec":0},"Etcd":{"Zone":"local","Env":"dev","Service":"ares-datanode","CacheDir":"","ETCDClusters":[{"Zone":"local","Endpoints":["127.0.0.1:2379"],"KeepAlive":null,"TLS":null}],"SDConfig":{"InitTimeout":null},"WatchWithRevision":0},"HeartbeatConfig":{"Timeout":10,"Interval":1}}}}
panic: ERROR when calling CUDA functions: DeviceFree: out of memory
 
goroutine 1 [running]:
github.com/uber/aresdb/utils.StackError(0x0, 0x0, 0xc00004e040, 0x3d, 0x0, 0x0, 0x0, 0x0)
        /nvme1n1/go1/src/github.com/uber/aresdb/utils/error.go:61 +0x3f9
github.com/uber/aresdb/cgoutils.DoCGoCall(0xc0005b2e18, 0xc0004a44d0)
        /nvme1n1/go1/src/github.com/uber/aresdb/cgoutils/utils.go:31 +0xa7
github.com/uber/aresdb/cgoutils.doCGoCall(0xc0005b2e48, 0x1)
        /nvme1n1/go1/src/github.com/uber/aresdb/cgoutils/memory.go:188 +0x49
github.com/uber/aresdb/cgoutils.DeviceFree(0x0, 0x0)
        /nvme1n1/go1/src/github.com/uber/aresdb/cgoutils/memory.go:111 +0x5c
github.com/uber/aresdb/cmd/aresd/cmd.start(0x249e, 0xa8c2, 0xc0005660c0, 0x9, 0x2580000000, 0x0, 0x0, 0x0, 0x0, 0x0, ...)
       /nvme1n1/go1/src/github.com/uber/aresdb/cmd/aresd/cmd/cmd.go:103 +0x1c2
github.com/uber/aresdb/cmd/aresd/cmd.Execute.func1(0xc00038e000, 0x1e39648, 0x0, 0x0)
        /nvme1n1/go1/src/github.com/uber/aresdb/cmd/aresd/cmd/cmd.go:85 +0x13d
github.com/spf13/cobra.(*Command).execute(0xc00038e000, 0xc00003c1d0, 0x0, 0x0, 0xc00038e000, 0xc00003c1d0)
        /nvme1n1/go1/pkg/mod/github.com/spf13/cobra@v0.0.5/command.go:830 +0x2aa
github.com/spf13/cobra.(*Command).ExecuteC(0xc00038e000, 0xc0004a2050, 0x5, 0x134fe40)
        /nvme1n1/go1/pkg/mod/github.com/spf13/cobra@v0.0.5/command.go:914 +0x2fb
github.com/spf13/cobra.(*Command).Execute(...)
        /nvme1n1/go1/pkg/mod/github.com/spf13/cobra@v0.0.5/command.go:864
github.com/uber/aresdb/cmd/aresd/cmd.Execute(0x0, 0x0, 0x0)
        /nvme1n1/go1/src/github.com/uber/aresdb/cmd/aresd/cmd/cmd.go:95 +0x229
main.main()
        /nvme1n1/go1/src/github.com/uber/aresdb/cmd/aresd/main.go:20 +0x32
 
goroutine 1 [running]:
github.com/uber/aresdb/cgoutils.DoCGoCall(0xc0005b2e18, 0xc0004a44d0)
        /nvme1n1/go1/src/github.com/uber/aresdb/cgoutils/utils.go:31 +0xc1
github.com/uber/aresdb/cgoutils.doCGoCall(0xc0005b2e48, 0x1)
        /nvme1n1/go1/src/github.com/uber/aresdb/cgoutils/memory.go:188 +0x49
github.com/uber/aresdb/cgoutils.DeviceFree(0x0, 0x0)
        /nvme1n1/go1/src/github.com/uber/aresdb/cgoutils/memory.go:111 +0x5c
github.com/uber/aresdb/cmd/aresd/cmd.start(0x249e, 0xa8c2, 0xc0005660c0, 0x9, 0x2580000000, 0x0, 0x0, 0x0, 0x0, 0x0, ...)
        /nvme1n1/go1/src/github.com/uber/aresdb/cmd/aresd/cmd/cmd.go:103 +0x1c2
github.com/uber/aresdb/cmd/aresd/cmd.Execute.func1(0xc00038e000, 0x1e39648, 0x0, 0x0)
        /nvme1n1/go1/src/github.com/uber/aresdb/cmd/aresd/cmd/cmd.go:85 +0x13d
github.com/spf13/cobra.(*Command).execute(0xc00038e000, 0xc00003c1d0, 0x0, 0x0, 0xc00038e000, 0xc00003c1d0)
        /nvme1n1/go1/pkg/mod/github.com/spf13/cobra@v0.0.5/command.go:830 +0x2aa
github.com/spf13/cobra.(*Command).ExecuteC(0xc00038e000, 0xc0004a2050, 0x5, 0x134fe40)
        /nvme1n1/go1/pkg/mod/github.com/spf13/cobra@v0.0.5/command.go:914 +0x2fb
github.com/spf13/cobra.(*Command).Execute(...)
        /nvme1n1/go1/pkg/mod/github.com/spf13/cobra@v0.0.5/command.go:864
github.com/uber/aresdb/cmd/aresd/cmd.Execute(0x0, 0x0, 0x0)
        /nvme1n1/go1/src/github.com/uber/aresdb/cmd/aresd/cmd/cmd.go:95 +0x229
main.main()
        /nvme1n1/go1/src/github.com/uber/aresdb/cmd/aresd/main.go:20 +0x32
CMakeFiles/run_server.dir/build.make:57: recipe for target 'CMakeFiles/run_server' failed
make[3]: *** [CMakeFiles/run_server] Error 2
CMakeFiles/Makefile2:467: recipe for target 'CMakeFiles/run_server.dir/all' failed
make[2]: *** [CMakeFiles/run_server.dir/all] Error 2
CMakeFiles/Makefile2:474: recipe for target 'CMakeFiles/run_server.dir/rule' failed
make[1]: *** [CMakeFiles/run_server.dir/rule] Error 2
Makefile:298: recipe for target 'run_server' failed
make: *** [run_server] Error 2


under is the last part of building process


```
[ 94%] Building CXX object src/arrow/CMakeFiles/arrow_objlib.dir/util/trie.cc.o
[ 95%] Building CXX object src/arrow/CMakeFiles/arrow_objlib.dir/util/logging.cc.o
[ 96%] Building CXX object src/arrow/CMakeFiles/arrow_objlib.dir/ipc/json-internal.cc.o
[ 96%] Built target arrow_cuda_objlib
Scanning dependencies of target arrow_cuda_static
g++-5: internal compiler error: Killed (program cc1plus)
Please submit a full bug report,
with preprocessed source if appropriate.
See <file:///usr/share/doc/gcc-5/README.Bugs> for instructions.
src/arrow/CMakeFiles/arrow_objlib.dir/build.make:1001: recipe for target 'src/arrow/CMakeFiles/arrow_objlib.dir/ipc/json-simple.cc.o' failed
make[5]: *** [src/arrow/CMakeFiles/arrow_objlib.dir/ipc/json-simple.cc.o] Error 4
make[5]: *** Waiting for unfinished jobs....
src/arrow/CMakeFiles/arrow_objlib.dir/build.make:780: recipe for target 'src/arrow/CMakeFiles/arrow_objlib.dir/util/cpu-info.cc.o' failed
g++-5: internal compiler error: Killed (program cc1plus)
Please submit a full bug report,
with preprocessed source if appropriate.
See <file:///usr/share/doc/gcc-5/README.Bugs> for instructions.
make[5]: *** [src/arrow/CMakeFiles/arrow_objlib.dir/util/cpu-info.cc.o] Error 4
g++-5: internal compiler error: Killed (program cc1plus)
Please submit a full bug report,
with preprocessed source if appropriate.
See <file:///usr/share/doc/gcc-5/README.Bugs> for instructions.
make[5]: *** [src/arrow/CMakeFiles/arrow_objlib.dir/io/buffered.cc.o] Error 4
src/arrow/CMakeFiles/arrow_objlib.dir/build.make:624: recipe for target 'src/arrow/CMakeFiles/arrow_objlib.dir/io/buffered.cc.o' failed
[ 97%] Linking CXX static library ../../../release/libarrow_cuda.a
src/arrow/CMakeFiles/arrow_objlib.dir/build.make:858: recipe for target 'src/arrow/CMakeFiles/arrow_objlib.dir/util/memory.cc.o' failed
g++-5: internal compiler error: Killed (program cc1plus)
Please submit a full bug report,
with preprocessed source if appropriate.
See <file:///usr/share/doc/gcc-5/README.Bugs> for instructions.
make[5]: *** [src/arrow/CMakeFiles/arrow_objlib.dir/util/memory.cc.o] Error 4
g++-5: internal compiler error: Killed (program cc1plus)
Please submit a full bug report,
with preprocessed source if appropriate.
See <file:///usr/share/doc/gcc-5/README.Bugs> for instructions.
src/arrow/CMakeFiles/arrow_objlib.dir/build.make:845: recipe for target 'src/arrow/CMakeFiles/arrow_objlib.dir/util/key_value_metadata.cc.o' failed
make[5]: *** [src/arrow/CMakeFiles/arrow_objlib.dir/util/key_value_metadata.cc.o] Error 4
src/arrow/CMakeFiles/arrow_objlib.dir/build.make:923: recipe for target 'src/arrow/CMakeFiles/arrow_objlib.dir/util/utf8.cc.o' failed
g++-5: internal compiler error: Killed (program cc1plus)
Please submit a full bug report,
with preprocessed source if appropriate.
See <file:///usr/share/doc/gcc-5/README.Bugs> for instructions.
make[5]: *** [src/arrow/CMakeFiles/arrow_objlib.dir/util/utf8.cc.o] Error 4
g++-5: internal compiler error: Killed (program cc1plus)
Please submit a full bug report,
with preprocessed source if appropriate.
See <file:///usr/share/doc/gcc-5/README.Bugs> for instructions.
make[5]: *** [src/arrow/CMakeFiles/arrow_objlib.dir/filesystem/mockfs.cc.o] Error 4
src/arrow/CMakeFiles/arrow_objlib.dir/build.make:507: recipe for target 'src/arrow/CMakeFiles/arrow_objlib.dir/filesystem/mockfs.cc.o' failed
g++-5: internal compiler error: Killed (program cc1plus)
Please submit a full bug report,
with preprocessed source if appropriate.
See <file:///usr/share/doc/gcc-5/README.Bugs> for instructions.
src/arrow/CMakeFiles/arrow_objlib.dir/build.make:741: recipe for target 'src/arrow/CMakeFiles/arrow_objlib.dir/util/basic_decimal.cc.o' failed
make[5]: *** [src/arrow/CMakeFiles/arrow_objlib.dir/util/basic_decimal.cc.o] Error 4
src/arrow/CMakeFiles/arrow_objlib.dir/build.make:663: recipe for target 'src/arrow/CMakeFiles/arrow_objlib.dir/io/hdfs.cc.o' failed
g++-5: internal compiler error: Killed (program cc1plus)
Please submit a full bug report,
with preprocessed source if appropriate.
See <file:///usr/share/doc/gcc-5/README.Bugs> for instructions.
make[5]: *** [src/arrow/CMakeFiles/arrow_objlib.dir/io/hdfs.cc.o] Error 4
g++-5: internal compiler error: Killed (program cc1plus)
Please submit a full bug report,
with preprocessed source if appropriate.
See <file:///usr/share/doc/gcc-5/README.Bugs> for instructions.
make[5]: *** [src/arrow/CMakeFiles/arrow_objlib.dir/type.cc.o] Error 4
src/arrow/CMakeFiles/arrow_objlib.dir/build.make:377: recipe for target 'src/arrow/CMakeFiles/arrow_objlib.dir/type.cc.o' failed
/usr/bin/ar qc ../../../release/libarrow_cuda.a CMakeFiles/arrow_cuda_objlib.dir/cuda_arrow_ipc.cc.o CMakeFiles/arrow_cuda_objlib.dir/cuda_context.cc.o CMakeFiles/arrow_cuda_objlib.dir/cuda_memory.cc.o
g++-5: internal compiler error: Killed (program cc1plus)
Please submit a full bug report,
with preprocessed source if appropriate.
See <file:///usr/share/doc/gcc-5/README.Bugs> for instructions.
make[5]: *** [src/arrow/CMakeFiles/arrow_objlib.dir/record_batch.cc.o] Error 4
src/arrow/CMakeFiles/arrow_objlib.dir/build.make:273: recipe for target 'src/arrow/CMakeFiles/arrow_objlib.dir/record_batch.cc.o' failed
/usr/bin/ranlib ../../../release/libarrow_cuda.a
src/arrow/CMakeFiles/arrow_objlib.dir/build.make:637: recipe for target 'src/arrow/CMakeFiles/arrow_objlib.dir/io/compressed.cc.o' failed
g++-5: internal compiler error: Killed (program cc1plus)
Please submit a full bug report,
with preprocessed source if appropriate.
See <file:///usr/share/doc/gcc-5/README.Bugs> for instructions.
make[5]: *** [src/arrow/CMakeFiles/arrow_objlib.dir/io/compressed.cc.o] Error 4
g++-5: internal compiler error: Killed (program cc1plus)
Please submit a full bug report,
with preprocessed source if appropriate.
See <file:///usr/share/doc/gcc-5/README.Bugs> for instructions.
src/arrow/CMakeFiles/arrow_objlib.dir/build.make:754: recipe for target 'src/arrow/CMakeFiles/arrow_objlib.dir/util/bit-util.cc.o' failed
make[5]: *** [src/arrow/CMakeFiles/arrow_objlib.dir/util/bit-util.cc.o] Error 4
src/arrow/CMakeFiles/arrow_objlib.dir/build.make:143: recipe for target 'src/arrow/CMakeFiles/arrow_objlib.dir/array/builder_dict.cc.o' failed
g++-5: internal compiler error: Killed (program cc1plus)
Please submit a full bug report,
with preprocessed source if appropriate.
See <file:///usr/share/doc/gcc-5/README.Bugs> for instructions.
make[5]: *** [src/arrow/CMakeFiles/arrow_objlib.dir/array/builder_dict.cc.o] Error 4
src/arrow/CMakeFiles/arrow_objlib.dir/build.make:104: recipe for target 'src/arrow/CMakeFiles/arrow_objlib.dir/array/builder_base.cc.o' failed
g++-5: internal compiler error: Killed (program cc1plus)
Please submit a full bug report,
with preprocessed source if appropriate.
See <file:///usr/share/doc/gcc-5/README.Bugs> for instructions.
make[5]: *** [src/arrow/CMakeFiles/arrow_objlib.dir/array/builder_base.cc.o] Error 4
[ 97%] Built target arrow_cuda_static
src/arrow/CMakeFiles/arrow_objlib.dir/build.make:728: recipe for target 'src/arrow/CMakeFiles/arrow_objlib.dir/testing/util.cc.o' failed
g++-5: internal compiler error: Killed (program cc1plus)
Please submit a full bug report,
with preprocessed source if appropriate.
See <file:///usr/share/doc/gcc-5/README.Bugs> for instructions.
make[5]: *** [src/arrow/CMakeFiles/arrow_objlib.dir/testing/util.cc.o] Error 4
g++-5: internal compiler error: Killed (program cc1plus)
Please submit a full bug report,
with preprocessed source if appropriate.
See <file:///usr/share/doc/gcc-5/README.Bugs> for instructions.
make[5]: *** [src/arrow/CMakeFiles/arrow_objlib.dir/array/builder_primitive.cc.o] Error 4
src/arrow/CMakeFiles/arrow_objlib.dir/build.make:169: recipe for target 'src/arrow/CMakeFiles/arrow_objlib.dir/array/builder_primitive.cc.o' failed
g++-5: internal compiler error: Killed (program cc1plus)
Please submit a full bug report,
with preprocessed source if appropriate.
See <file:///usr/share/doc/gcc-5/README.Bugs> for instructions.
make[5]: *** [src/arrow/CMakeFiles/arrow_objlib.dir/util/int-util.cc.o] Error 4
src/arrow/CMakeFiles/arrow_objlib.dir/build.make:806: recipe for target 'src/arrow/CMakeFiles/arrow_objlib.dir/util/int-util.cc.o' failed
src/arrow/CMakeFiles/arrow_objlib.dir/build.make:650: recipe for target 'src/arrow/CMakeFiles/arrow_objlib.dir/io/file.cc.o' failed
g++-5: internal compiler error: Killed (program cc1plus)
Please submit a full bug report,
with preprocessed source if appropriate.
See <file:///usr/share/doc/gcc-5/README.Bugs> for instructions.
make[5]: *** [src/arrow/CMakeFiles/arrow_objlib.dir/io/file.cc.o] Error 4
g++-5: internal compiler error: Killed (program cc1plus)
Please submit a full bug report,
with preprocessed source if appropriate.
See <file:///usr/share/doc/gcc-5/README.Bugs> for instructions.
make[5]: *** [src/arrow/CMakeFiles/arrow_objlib.dir/array/builder_adaptive.cc.o] Error 4
src/arrow/CMakeFiles/arrow_objlib.dir/build.make:91: recipe for target 'src/arrow/CMakeFiles/arrow_objlib.dir/array/builder_adaptive.cc.o' failed
g++-5: internal compiler error: Killed (program cc1plus)
Please submit a full bug report,
with preprocessed source if appropriate.
See <file:///usr/share/doc/gcc-5/README.Bugs> for instructions.
make[5]: *** [src/arrow/CMakeFiles/arrow_objlib.dir/array/builder_nested.cc.o] Error 4
src/arrow/CMakeFiles/arrow_objlib.dir/build.make:156: recipe for target 'src/arrow/CMakeFiles/arrow_objlib.dir/array/builder_nested.cc.o' failed
g++-5: internal compiler error: Killed (program cc1plus)
Please submit a full bug report,
with preprocessed source if appropriate.
See <file:///usr/share/doc/gcc-5/README.Bugs> for instructions.
make[5]: *** [src/arrow/CMakeFiles/arrow_objlib.dir/util/decimal.cc.o] Error 4
src/arrow/CMakeFiles/arrow_objlib.dir/build.make:793: recipe for target 'src/arrow/CMakeFiles/arrow_objlib.dir/util/decimal.cc.o' failed
g++-5: internal compiler error: Killed (program cc1plus)
Please submit a full bug report,
with preprocessed source if appropriate.
See <file:///usr/share/doc/gcc-5/README.Bugs> for instructions.
make[5]: *** [src/arrow/CMakeFiles/arrow_objlib.dir/filesystem/util-internal.cc.o] Error 4
src/arrow/CMakeFiles/arrow_objlib.dir/build.make:533: recipe for target 'src/arrow/CMakeFiles/arrow_objlib.dir/filesystem/util-internal.cc.o' failed
g++-5: internal compiler error: Killed (program cc1plus)
Please submit a full bug report,
with preprocessed source if appropriate.
See <file:///usr/share/doc/gcc-5/README.Bugs> for instructions.
make[5]: *** [src/arrow/CMakeFiles/arrow_objlib.dir/table.cc.o] Error 4
src/arrow/CMakeFiles/arrow_objlib.dir/build.make:338: recipe for target 'src/arrow/CMakeFiles/arrow_objlib.dir/table.cc.o' failed
src/arrow/CMakeFiles/arrow_objlib.dir/build.make:1027: recipe for target 'src/arrow/CMakeFiles/arrow_objlib.dir/ipc/metadata-internal.cc.o' failed
g++-5: internal compiler error: Killed (program cc1plus)
Please submit a full bug report,
with preprocessed source if appropriate.
See <file:///usr/share/doc/gcc-5/README.Bugs> for instructions.
make[5]: *** [src/arrow/CMakeFiles/arrow_objlib.dir/ipc/metadata-internal.cc.o] Error 4
g++-5: internal compiler error: Killed (program cc1plus)
Please submit a full bug report,
with preprocessed source if appropriate.
See <file:///usr/share/doc/gcc-5/README.Bugs> for instructions.
make[5]: *** [src/arrow/CMakeFiles/arrow_objlib.dir/buffer.cc.o] Error 4
src/arrow/CMakeFiles/arrow_objlib.dir/build.make:208: recipe for target 'src/arrow/CMakeFiles/arrow_objlib.dir/buffer.cc.o' failed
src/arrow/CMakeFiles/arrow_objlib.dir/build.make:195: recipe for target 'src/arrow/CMakeFiles/arrow_objlib.dir/array/concatenate.cc.o' failed
g++-5: internal compiler error: Killed (program cc1plus)
Please submit a full bug report,
with preprocessed source if appropriate.
See <file:///usr/share/doc/gcc-5/README.Bugs> for instructions.
make[5]: *** [src/arrow/CMakeFiles/arrow_objlib.dir/array/concatenate.cc.o] Error 4
g++-5: internal compiler error: Killed (program cc1plus)
Please submit a full bug report,
with preprocessed source if appropriate.
See <file:///usr/share/doc/gcc-5/README.Bugs> for instructions.
make[5]: *** [src/arrow/CMakeFiles/arrow_objlib.dir/csv/converter.cc.o] Error 4
src/arrow/CMakeFiles/arrow_objlib.dir/build.make:403: recipe for target 'src/arrow/CMakeFiles/arrow_objlib.dir/csv/converter.cc.o' failed
g++-5: internal compiler error: Killed (program cc1plus)
Please submit a full bug report,
with preprocessed source if appropriate.
See <file:///usr/share/doc/gcc-5/README.Bugs> for instructions.
make[5]: *** [src/arrow/CMakeFiles/arrow_objlib.dir/io/interfaces.cc.o] Error 4
src/arrow/CMakeFiles/arrow_objlib.dir/build.make:689: recipe for target 'src/arrow/CMakeFiles/arrow_objlib.dir/io/interfaces.cc.o' failed
g++-5: internal compiler error: Killed (program cc1plus)
Please submit a full bug report,
with preprocessed source if appropriate.
See <file:///usr/share/doc/gcc-5/README.Bugs> for instructions.
src/arrow/CMakeFiles/arrow_objlib.dir/build.make:936: recipe for target 'src/arrow/CMakeFiles/arrow_objlib.dir/vendored/datetime/tz.cpp.o' failed
make[5]: *** [src/arrow/CMakeFiles/arrow_objlib.dir/vendored/datetime/tz.cpp.o] Error 4
src/arrow/CMakeFiles/arrow_objlib.dir/build.make:585: recipe for target 'src/arrow/CMakeFiles/arrow_objlib.dir/json/converter.cc.o' failed
g++-5: internal compiler error: Killed (program cc1plus)
Please submit a full bug report,
with preprocessed source if appropriate.
See <file:///usr/share/doc/gcc-5/README.Bugs> for instructions.
make[5]: *** [src/arrow/CMakeFiles/arrow_objlib.dir/json/converter.cc.o] Error 4
src/arrow/CMakeFiles/arrow_objlib.dir/build.make:221: recipe for target 'src/arrow/CMakeFiles/arrow_objlib.dir/compare.cc.o' failed
src/arrow/CMakeFiles/arrow_objlib.dir/build.make:468: recipe for target 'src/arrow/CMakeFiles/arrow_objlib.dir/csv/reader.cc.o' failed
g++-5: internal compiler error: Killed (program cc1plus)
Please submit a full bug report,
with preprocessed source if appropriate.
See <file:///usr/share/doc/gcc-5/README.Bugs> for instructions.
make[5]: *** [src/arrow/CMakeFiles/arrow_objlib.dir/compare.cc.o] Error 4
g++-5: internal compiler error: Killed (program cc1plus)
Please submit a full bug report,
with preprocessed source if appropriate.
See <file:///usr/share/doc/gcc-5/README.Bugs> for instructions.
make[5]: *** [src/arrow/CMakeFiles/arrow_objlib.dir/csv/reader.cc.o] Error 4
g++-5: internal compiler error: Killed (program cc1plus)
Please submit a full bug report,
with preprocessed source if appropriate.
See <file:///usr/share/doc/gcc-5/README.Bugs> for instructions.
make[5]: *** [src/arrow/CMakeFiles/arrow_objlib.dir/util/trie.cc.o] Error 4
src/arrow/CMakeFiles/arrow_objlib.dir/build.make:910: recipe for target 'src/arrow/CMakeFiles/arrow_objlib.dir/util/trie.cc.o' failed
g++-5: internal compiler error: Killed (program cc1plus)
Please submit a full bug report,
with preprocessed source if appropriate.
See <file:///usr/share/doc/gcc-5/README.Bugs> for instructions.
make[5]: *** [src/arrow/CMakeFiles/arrow_objlib.dir/array/builder_decimal.cc.o] Error 4
src/arrow/CMakeFiles/arrow_objlib.dir/build.make:130: recipe for target 'src/arrow/CMakeFiles/arrow_objlib.dir/array/builder_decimal.cc.o' failed
g++-5: internal compiler error: Killed (program cc1plus)
Please submit a full bug report,
with preprocessed source if appropriate.
See <file:///usr/share/doc/gcc-5/README.Bugs> for instructions.
make[5]: *** [src/arrow/CMakeFiles/arrow_objlib.dir/table_builder.cc.o] Error 4
src/arrow/CMakeFiles/arrow_objlib.dir/build.make:351: recipe for target 'src/arrow/CMakeFiles/arrow_objlib.dir/table_builder.cc.o' failed
g++-5: internal compiler error: Killed (program cc1plus)
Please submit a full bug report,
with preprocessed source if appropriate.
See <file:///usr/share/doc/gcc-5/README.Bugs> for instructions.
make[5]: *** [src/arrow/CMakeFiles/arrow_objlib.dir/filesystem/path-util.cc.o] Error 4
src/arrow/CMakeFiles/arrow_objlib.dir/build.make:520: recipe for target 'src/arrow/CMakeFiles/arrow_objlib.dir/filesystem/path-util.cc.o' failed
g++-5: internal compiler error: Killed (program cc1plus)
Please submit a full bug report,
with preprocessed source if appropriate.
See <file:///usr/share/doc/gcc-5/README.Bugs> for instructions.
make[5]: *** [src/arrow/CMakeFiles/arrow_objlib.dir/json/chunker.cc.o] Error 4
src/arrow/CMakeFiles/arrow_objlib.dir/build.make:572: recipe for target 'src/arrow/CMakeFiles/arrow_objlib.dir/json/chunker.cc.o' failed
g++-5: internal compiler error: Killed (program cc1plus)
Please submit a full bug report,
with preprocessed source if appropriate.
See <file:///usr/share/doc/gcc-5/README.Bugs> for instructions.
make[5]: *** [src/arrow/CMakeFiles/arrow_objlib.dir/io/readahead.cc.o] Error 4
src/arrow/CMakeFiles/arrow_objlib.dir/build.make:715: recipe for target 'src/arrow/CMakeFiles/arrow_objlib.dir/io/readahead.cc.o' failed
g++-5: internal compiler error: Killed (program cc1plus)
Please submit a full bug report,
with preprocessed source if appropriate.
See <file:///usr/share/doc/gcc-5/README.Bugs> for instructions.
make[5]: *** [src/arrow/CMakeFiles/arrow_objlib.dir/csv/column-builder.cc.o] Error 4
src/arrow/CMakeFiles/arrow_objlib.dir/build.make:429: recipe for target 'src/arrow/CMakeFiles/arrow_objlib.dir/csv/column-builder.cc.o' failed
g++-5: internal compiler error: Killed (program cc1plus)
Please submit a full bug report,
with preprocessed source if appropriate.
See <file:///usr/share/doc/gcc-5/README.Bugs> for instructions.
src/arrow/CMakeFiles/arrow_objlib.dir/build.make:182: recipe for target 'src/arrow/CMakeFiles/arrow_objlib.dir/array/builder_union.cc.o' failed
make[5]: *** [src/arrow/CMakeFiles/arrow_objlib.dir/array/builder_union.cc.o] Error 4
g++-5: internal compiler error: Killed (program cc1plus)
Please submit a full bug report,
with preprocessed source if appropriate.
See <file:///usr/share/doc/gcc-5/README.Bugs> for instructions.
make[5]: *** [src/arrow/CMakeFiles/arrow_objlib.dir/json/parser.cc.o] Error 4
src/arrow/CMakeFiles/arrow_objlib.dir/build.make:598: recipe for target 'src/arrow/CMakeFiles/arrow_objlib.dir/json/parser.cc.o' failed
g++-5: internal compiler error: Killed (program cc1plus)
Please submit a full bug report,
with preprocessed source if appropriate.
See <file:///usr/share/doc/gcc-5/README.Bugs> for instructions.
make[5]: *** [src/arrow/CMakeFiles/arrow_objlib.dir/pretty_print.cc.o] Error 4
src/arrow/CMakeFiles/arrow_objlib.dir/build.make:260: recipe for target 'src/arrow/CMakeFiles/arrow_objlib.dir/pretty_print.cc.o' failed
g++-5: internal compiler error: Killed (program cc1plus)
Please submit a full bug report,
with preprocessed source if appropriate.
See <file:///usr/share/doc/gcc-5/README.Bugs> for instructions.
make[5]: *** [src/arrow/CMakeFiles/arrow_objlib.dir/sparse_tensor.cc.o] Error 4
src/arrow/CMakeFiles/arrow_objlib.dir/build.make:312: recipe for target 'src/arrow/CMakeFiles/arrow_objlib.dir/sparse_tensor.cc.o' failed
g++-5: internal compiler error: Killed (program cc1plus)
Please submit a full bug report,
with preprocessed source if appropriate.
See <file:///usr/share/doc/gcc-5/README.Bugs> for instructions.
make[5]: *** [src/arrow/CMakeFiles/arrow_objlib.dir/io/hdfs-internal.cc.o] Error 4
src/arrow/CMakeFiles/arrow_objlib.dir/build.make:676: recipe for target 'src/arrow/CMakeFiles/arrow_objlib.dir/io/hdfs-internal.cc.o' failed
g++-5: internal compiler error: Killed (program cc1plus)
Please submit a full bug report,
with preprocessed source if appropriate.
See <file:///usr/share/doc/gcc-5/README.Bugs> for instructions.
make[5]: *** [src/arrow/CMakeFiles/arrow_objlib.dir/ipc/message.cc.o] Error 4
src/arrow/CMakeFiles/arrow_objlib.dir/build.make:1014: recipe for target 'src/arrow/CMakeFiles/arrow_objlib.dir/ipc/message.cc.o' failed
g++-5: internal compiler error: Killed (program cc1plus)
Please submit a full bug report,
with preprocessed source if appropriate.
See <file:///usr/share/doc/gcc-5/README.Bugs> for instructions.
make[5]: *** [src/arrow/CMakeFiles/arrow_objlib.dir/ipc/writer.cc.o] Error 4
src/arrow/CMakeFiles/arrow_objlib.dir/build.make:1053: recipe for target 'src/arrow/CMakeFiles/arrow_objlib.dir/ipc/writer.cc.o' failed
g++-5: internal compiler error: Killed (program cc1plus)
Please submit a full bug report,
with preprocessed source if appropriate.
See <file:///usr/share/doc/gcc-5/README.Bugs> for instructions.
make[5]: *** [src/arrow/CMakeFiles/arrow_objlib.dir/json/reader.cc.o] Error 4
src/arrow/CMakeFiles/arrow_objlib.dir/build.make:611: recipe for target 'src/arrow/CMakeFiles/arrow_objlib.dir/json/reader.cc.o' failed
make[4]: *** [src/arrow/CMakeFiles/arrow_objlib.dir/all] Error 2
make[3]: *** [all] Error 2
CMakeFiles/Makefile2:554: recipe for target 'src/arrow/CMakeFiles/arrow_objlib.dir/all' failed
Makefile:143: recipe for target 'all' failed
CMakeFiles/Arrow.dir/build.make:111: recipe for target 'Arrow-prefix/src/Arrow-stamp/Arrow-build' failed
make[2]: *** [Arrow-prefix/src/Arrow-stamp/Arrow-build] Error 2
CMakeFiles/Makefile2:75: recipe for target 'CMakeFiles/Arrow.dir/all' failed
make[1]: *** [CMakeFiles/Arrow.dir/all] Error 2
make: *** [all] Error 2
Makefile:83: recipe for target 'all' failed
CMake Error at cmake/Modules/ConfigureArrow.cmake:73 (message):
Building Arrow failed: 2
Call Stack (most recent call first):
CMakeLists.txt:118 (include)
-- Configuring incomplete, errors occurred!
See also "/cudf/cpp/build/CMakeFiles/CMakeOutput.log".
Removing intermediate container 49fbffde0810
The command '/bin/bash -c source activate cudf && mkdir -p /cudf/cpp/build && cd /cudf/cpp/build && cmake .. -DCMAKE_INSTALL_PREFIX=${CONDA_PREFIX} && make -j install' returned a non-zero code: 1
```
this drastically under estimate memory usage for hll query and cause out of memory situation during massive hll query hits, such as weekly hll contracts
**Is your feature request related to a problem? Please describe.**
Compilation takes a long time due to the many data type binding in the template, also it is hard to add new data type, need to change multiple places with specialized template
 
**Describe the solution you'd like**
Pass data type and value pointer in context/functor/, data conversion in realtime according to the data type.


**Describe the bug**

It looks like [this assignment](https://github.com/uber/aresdb/blob/5038e4c7fc27c7eab8c01195504fd6496bcf083c/query/aql_nonaggr_batchexecutor.go#L96) to `bc.size` is dead (`bc` is a local variable which does not escape, and the field is not read anywhere).

**To Reproduce**

I found this issue using static analysis, so I cannot provide reproduction steps. I think this probably has no observable effect in practice.
**Describe the bug**

It looks like [this assignment](https://github.com/uber/aresdb/blob/5038e4c7fc27c7eab8c01195504fd6496bcf083c/api/query_handler.go#L251) to `aqlRequest.Verbose` is dead (the field is never read in the same function, and `aqlRequest` is not a pointer).

**To Reproduce**

I found this issue using static analysis, so I cannot provide reproduction steps. I imagine one possible outcome of this could be that [this](https://github.com/uber/aresdb/blob/5038e4c7fc27c7eab8c01195504fd6496bcf083c/api/query_handler.go#L210) `if` condition never holds, 
Hi, 

I noticed you guys are using the `services.Service` interface from m3cluster, I would like to recommend you guys to switch to `placement.Placement` instead unless you need to filter by healthy/unhealthy nodes in the placement. 

The `Service` interface is a thin wrapper on top of `Placement` interface and the main goal is to filter out unhealthy nodes but that behavior ended up not being used in m3, as you can see more operations has been built on `Placement` and `PlacementService` interface than `service.Service` (like `MarkShardsAvailable` etc). 

I hope one day we can migrate m3 to `placement.Placement` only and deprecate `services.Service`, and removing external dependencies on `services.Service` would help reaching that.

Let me know if you have any concerns.

Thanks,
Chao

How to insert rows of string data more than the maximum cardinality (65535) of BigEnum (say 100,000). Is there any way to do that?