I have installed the dependencies especially libunwind8 but cmake complains:

-- Looking for unw_backtrace_skip in /usr/lib/x86_64-linux-gnu/libunwind.so
-- Looking for unw_backtrace_skip in /usr/lib/x86_64-linux-gnu/libunwind.so - not found

However that file does exist.
which is a link
libunwind.so -> libunwind.so.8.0.1

Is there a workaround?

Full output is 

[CMakeError.log](https://github.com/ValveSoftware/vogl/files/2680430/CMakeError.log)
[CMakeOutput.log](https://github.com/ValveSoftware/vogl/files/2680432/CMakeOutput.log)
Galaxy-Book-12:~/code/vogl/build$ cmake ..
-- The C compiler identification is GNU 7.3.0
-- The CXX compiler identification is GNU 7.3.0
-- Check for working C compiler: /usr/bin/cc
-- Check for working C compiler: /usr/bin/cc -- works
-- Detecting C compiler ABI info
-- Detecting C compiler ABI info - done
-- Detecting C compile features
-- Detecting C compile features - done
-- Check for working CXX compiler: /usr/bin/c++
-- Check for working CXX compiler: /usr/bin/c++ -- works
-- Detecting CXX compiler ABI info
-- Detecting CXX compiler ABI info - done
-- Detecting CXX compile features
-- Detecting CXX compile features - done
-- Found TinyXML: /usr/lib/x86_64-linux-gnu/libtinyxml.so  

cmake options:
  -DCMAKE_BUILD_TYPE='': Build debug or release. (Debug|Release)
  -DVOGLTEST_LOAD_LIBVOGLTRACE='': glitest will load libvogltrace.so manually (don't implictly link against libgl.so). (On|Off)
  -DVOGLTRACE_NO_PUBLIC_EXPORTS='': Don't define any public GL exports in libvogltrace.so. (On|Off)
  -DVOGL_ENABLE_ASSERTS='': Enable assertions in all voglcore builds (including release). (On|Off)
  -DCMAKE_VERBOSE='': Spew cmake project options. (On|Off)
  -DBUILD_X64='': Build 32 or 64-bit. (On|Off)
  -DWITH_ASAN='': Build with Address sanitizer. (On|Off)
  -DUSE_TELEMETRY='': Build with Telemetry. (On|Off)
  -DUSE_MALLOC='': Use system malloc (not STB Malloc). (On|Off)

CMake Error at src/build_options.cmake:242 (list):
  list index: 1 out of range (-1, 0)
Call Stack (most recent call first):
  src/voglcore/CMakeLists.txt:6 (include)


-- Looking for pthread.h
-- Looking for pthread.h - found
-- Looking for pthread_create
-- Looking for pthread_create - not found
-- Looking for pthread_create in pthreads
-- Looking for pthread_create in pthreads - not found
-- Looking for pthread_create in pthread
-- Looking for pthread_create in pthread - found
-- Found Threads: TRUE  
Not forcing assertions to be enabled (VOGL_ENABLE_ASSERTS=FALSE)
CMake Error at src/build_options.cmake:242 (list):
  list index: 1 out of range (-1, 0)
Call Stack (most recent call first):
  src/voglgen/CMakeLists.txt:4 (include)


CMake Error at src/build_options.cmake:242 (list):
  list index: 1 out of range (-1, 0)
Call Stack (most recent call first):
  src/voglcommon/CMakeLists.txt:4 (include)


-- Found PkgConfig: /usr/bin/pkg-config (found version "0.29.1") 
-- Checking for one of the modules 'sdl2'
CMake Error at src/build_options.cmake:242 (list):
  list index: 1 out of range (-1, 0)
Call Stack (most recent call first):
  src/voglreplay/CMakeLists.txt:4 (include)


-- Looking for XOpenDisplay in /usr/lib/x86_64-linux-gnu/libX11.so;/usr/lib/x86_64-linux-gnu/libXext.so
-- Looking for XOpenDisplay in /usr/lib/x86_64-linux-gnu/libX11.so;/usr/lib/x86_64-linux-gnu/libXext.so - found
-- Looking for gethostbyname
-- Looking for gethostbyname - found
-- Looking for connect
-- Looking for connect - found
-- Looking for remove
-- Looking for remove - found
-- Looking for shmat
-- Looking for shmat - found
-- Looking for IceConnectionNumber in ICE
-- Looking for IceConnectionNumber in ICE - found
-- Found X11: /usr/lib/x86_64-linux-gnu/libX11.so
CMake Error at src/build_options.cmake:242 (list):
  list index: 1 out of range (-1, 0)
Call Stack (most recent call first):
  src/voglbench/CMakeLists.txt:4 (include)


CMake Error at src/build_options.cmake:242 (list):
  list index: 1 out of range (-1, 0)
Call Stack (most recent call first):
  src/vogltrace/CMakeLists.txt:6 (include)


libvogltrace.so will define GL/GLX public exports
CMake Error at src/build_options.cmake:242 (list):
  list index: 1 out of range (-1, 0)
Call Stack (most recent call first):
  src/vogltest/CMakeLists.txt:4 (include)


CMake Error at src/build_options.cmake:242 (list):
  list index: 1 out of range (-1, 0)
Call Stack (most recent call first):
  src/glxspheres/CMakeLists.txt:4 (include)


CMake Error at src/build_options.cmake:242 (list):
  list index: 1 out of range (-1, 0)
Call Stack (most recent call first):
  src/vogleditor/CMakeLists.txt:4 (include)


CMake Deprecation Warning at src/vogleditor/CMakeLists.txt:11 (cmake_policy):
  The OLD behavior for policy CMP0020 will be removed from a future version
  of CMake.

  The cmake-policies(7) manual explains that the OLD behaviors of all
  policies are deprecated and that a policy should be set to OLD only under
  specific short-term circumstances.  Projects should be ported to the NEW
  behavior and not rely on setting a policy to OLD.


CMake Error at src/build_options.cmake:242 (list):
  list index: 1 out of range (-1, 0)
Call Stack (most recent call first):
  src/extlib/pxfmt/CMakeLists.txt:4 (include)


CMake Error at src/build_options.cmake:242 (list):
  list index: 1 out of range (-1, 0)
Call Stack (most recent call first):
  src/ktxtool/CMakeLists.txt:4 (include)


CMake Error at src/build_options.cmake:242 (list):
  list index: 1 out of range (-1, 0)
Call Stack (most recent call first):
  src/libbacktrace/CMakeLists.txt:36 (include)


-- Looking for lzma_auto_decoder in /usr/lib/x86_64-linux-gnu/liblzma.so
-- Looking for lzma_auto_decoder in /usr/lib/x86_64-linux-gnu/liblzma.so - found
-- Looking for lzma_easy_encoder in /usr/lib/x86_64-linux-gnu/liblzma.so
-- Looking for lzma_easy_encoder in /usr/lib/x86_64-linux-gnu/liblzma.so - found
-- Looking for lzma_lzma_preset in /usr/lib/x86_64-linux-gnu/liblzma.so
-- Looking for lzma_lzma_preset in /usr/lib/x86_64-linux-gnu/liblzma.so - found
-- Found LibLZMA: /usr/include (found version "5.2.2") 
-- Performing Test FLAG_UNWIND_TABLES
-- Performing Test FLAG_UNWIND_TABLES - Success
-- Performing Test HAVE_SYNC_FUNCTIONS
-- Performing Test HAVE_SYNC_FUNCTIONS - Success
-- Looking for mmap
-- Looking for mmap - found
-- Looking for MAP_ANONYMOUS
-- Looking for MAP_ANONYMOUS - found
-- Looking for MAP_ANON
-- Looking for MAP_ANON - found
-- Looking for dl_iterate_phdr
-- Looking for dl_iterate_phdr - found
-- Looking for fcntl
-- Looking for fcntl - found
-- Looking for strnlen
-- Looking for strnlen - found
-- Looking for getexecname
-- Looking for getexecname - not found
-- Looking for unw_backtrace_skip in /usr/lib/x86_64-linux-gnu/libunwind.so
-- Looking for unw_backtrace_skip in /usr/lib/x86_64-linux-gnu/libunwind.so - not found
CMake Error at src/build_options.cmake:242 (list):
  list index: 1 out of range (-1, 0)
Call Stack (most recent call first):
  src/libbacktrace_test/CMakeLists.txt:4 (include)


-- Configuring incomplete, errors occurred!
See also "/home/natty/code/vogl/build/CMakeFiles/CMakeOutput.log".
See also "/home/natty/code/vogl/build/CMakeFiles/CMakeError.log".

I've attached the log files.
This project is clearly abandoned in favour of renderdoc, the readme should probably be updated to reflect this fact and the repository should be archived.

```
[ 27%] Built target voglcore
[ 29%] Built target voglgen
[ 29%] Built target voglgen_make_inc
[ 47%] Built target voglcommon
[ 48%] Building CXX object src/voglreplay/CMakeFiles/vogl.dir/replay_tool_trace.cpp.o
In file included from /Users/shk/Library/Mobile                                            ^     ~
/Users/shk/Library/Mobile Documents/com~apple~CloudDocs/MainProjects/SMK/vogl/src/voglreplay/replay_tool_trace.cpp:129:58: error: ordered comparison between pointer and zero ('char *' and 'int') [Semantic Issue]
    if ((file_utils::get_exec_filename(buf, sizeof(buf)) <= 0))
         ~~~~~~~~~~~~~~~~~~~~~~~~~~~~~~~~~~~~~~~~~~~~~~~ ^  ~
289 warnings and 1 error generated.
make[2]: *** [src/voglreplay/CMakeFiles/vogl.dir/replay_tool_trace.cpp.o] Error 1
make[1]: *** [src/voglreplay/CMakeFiles/vogl.dir/all] Error 2
make: *** [all] Error 2
```
And my solution is like that: https://github.com/ValveSoftware/vogl/commit/6846f4e8df90fc762fe241e2384a1973a9bf5784
```
225 warnings generated.
[100%] Linking CXX executable ../../../ktxtool64
[100%] Built target ktxtool
```
If it seems no problem, close it.
This solves https://github.com/ValveSoftware/vogl/issues/222

X11 header definitions was conflicting with Qt headers, a solution was to undef the conflicting symbols just after including `vogl_common.h` and avoid to use them

Now I am able to built with Qt 5.9 and GCC 7.2 on ArchLinux
Compilation fails with the following output:
```
$ make
[ 25%] Built target voglcore
[ 26%] Built target voglgen
[ 26%] Built target voglgen_make_inc
[ 32%] Built target backtracevogl
[ 49%] Built target voglcommon
[ 54%] Built target vogl
[ 54%] Built target voglbench
[ 56%] Built target vogltrace
[ 57%] Built target vogltest
[ 57%] Built target glxspheres
[ 59%] Built target pxfmt
[ 59%] Building CXX object src/vogleditor/CMakeFiles/vogleditor.dir/vogleditor_qapicalltreemodel.cpp.o
In file included from /usr/include/qt/QtGui/qregion.h:49:0,
                 from /usr/include/qt/QtGui/qevent.h:45,
                 from /usr/include/qt/QtGui/QList:1,
                 from /home/jclc/programs/vogl/src/vogleditor/vogleditor_apicalltreeitem.h:29,
                 from /home/jclc/programs/vogl/src/vogleditor/vogleditor_qapicalltreemodel.cpp:37:
/usr/include/qt/QtCore/qdatastream.h:48:2: error: #error qdatastream.h must be included before any header file that defines Status
 #error qdatastream.h must be included before any header file that defines Status
  ^~~~~
In file included from /home/jclc/programs/vogl/src/voglcommon/vogl_common.h:47:0,
                 from /home/jclc/programs/vogl/src/vogleditor/vogleditor_qapicalltreemodel.h:31,
                 from /home/jclc/programs/vogl/src/vogleditor/vogleditor_qapicalltreemodel.cpp:30:
/usr/include/qt/QtCore/qdatastream.h:109:10: error: expected identifier before 'int'
     enum Status {
          ^
In file included from /usr/include/qt/QtGui/qregion.h:49:0,
                 from /usr/include/qt/QtGui/qevent.h:45,
                 from /usr/include/qt/QtGui/QList:1,
                 from /home/jclc/programs/vogl/src/vogleditor/vogleditor_apicalltreeitem.h:29,
                 from /home/jclc/programs/vogl/src/vogleditor/vogleditor_qapicalltreemodel.cpp:37:
/usr/include/qt/QtCore/qdatastream.h:109:17: error: expected unqualified-id before '{' token
     enum Status {
                 ^
In file included from /home/jclc/programs/vogl/src/voglcommon/vogl_common.h:47:0,
                 from /home/jclc/programs/vogl/src/vogleditor/vogleditor_qapicalltreemodel.h:31,
                 from /home/jclc/programs/vogl/src/vogleditor/vogleditor_qapicalltreemodel.cpp:30:
/usr/include/qt/QtCore/qdatastream.h:222:18: error: expected unqualified-id before 'int'
     QDataStream::Status oldStatus;
                  ^
In file included from /usr/include/qt/QtGui/qregion.h:49:0,
                 from /usr/include/qt/QtGui/qevent.h:45,
                 from /usr/include/qt/QtGui/QList:1,
                 from /home/jclc/programs/vogl/src/vogleditor/vogleditor_apicalltreeitem.h:29,
                 from /home/jclc/programs/vogl/src/vogleditor/vogleditor_qapicalltreemodel.cpp:37:
/usr/include/qt/QtCore/qdatastream.h: In constructor 'QtPrivate::StreamStateSaver::StreamStateSaver(QDataStream*)':
/usr/include/qt/QtCore/qdatastream.h:207:58: error: class 'QtPrivate::StreamStateSaver' does not have any field named 'oldStatus'
     inline StreamStateSaver(QDataStream *s) : stream(s), oldStatus(s->status())
                                                          ^~~~~~~~~
/usr/include/qt/QtCore/qdatastream.h: In destructor 'QtPrivate::StreamStateSaver::~StreamStateSaver()':
/usr/include/qt/QtCore/qdatastream.h:214:13: error: 'oldStatus' was not declared in this scope
         if (oldStatus != QDataStream::Ok) {
             ^~~~~~~~~
/usr/include/qt/QtCore/qdatastream.h:214:26: error: 'Ok' is not a member of 'QDataStream'
         if (oldStatus != QDataStream::Ok) {
                          ^~~~~~~~~~~
/usr/include/qt/QtCore/qdatastream.h: In function 'QDataStream& operator>>(QDataStream&, QList<T>&)':
/usr/include/qt/QtCore/qdatastream.h:280:27: error: 'Ok' is not a member of 'QDataStream'
         if (s.status() != QDataStream::Ok) {
                           ^~~~~~~~~~~
/usr/include/qt/QtCore/qdatastream.h: In function 'QDataStream& operator>>(QDataStream&, QLinkedList<T>&)':
/usr/include/qt/QtCore/qdatastream.h:311:27: error: 'Ok' is not a member of 'QDataStream'
         if (s.status() != QDataStream::Ok) {
                           ^~~~~~~~~~~
/usr/include/qt/QtCore/qdatastream.h: In function 'QDataStream& operator>>(QDataStream&, QVector<T>&)':
/usr/include/qt/QtCore/qdatastream.h:343:27: error: 'Ok' is not a member of 'QDataStream'
         if (s.status() != QDataStream::Ok) {
                           ^~~~~~~~~~~
/usr/include/qt/QtCore/qdatastream.h: In function 'QDataStream& operator>>(QDataStream&, QSet<T>&)':
/usr/include/qt/QtCore/qdatastream.h:373:28: error: 'Ok' is not a member of 'QDataStream'
         if (in.status() != QDataStream::Ok) {
                            ^~~~~~~~~~~
/usr/include/qt/QtCore/qdatastream.h: In function 'QDataStream& operator>>(QDataStream&, QHash<K, V>&)':
/usr/include/qt/QtCore/qdatastream.h:405:28: error: 'Ok' is not a member of 'QDataStream'
         if (in.status() != QDataStream::Ok)
                            ^~~~~~~~~~~
/usr/include/qt/QtCore/qdatastream.h:414:24: error: 'Ok' is not a member of 'QDataStream'
     if (in.status() != QDataStream::Ok)
                        ^~~~~~~~~~~
/usr/include/qt/QtCore/qdatastream.h: In function 'QDataStream& operator>>(QDataStream&, QMap<K, V>&)':
/usr/include/qt/QtCore/qdatastream.h:447:28: error: 'Ok' is not a member of 'QDataStream'
         if (in.status() != QDataStream::Ok)
                            ^~~~~~~~~~~
/usr/include/qt/QtCore/qdatastream.h:455:24: error: 'Ok' is not a member of 'QDataStream'
     if (in.status() != QDataStream::Ok)
                        ^~~~~~~~~~~
In file included from /usr/include/X11/Xlib.h:44:0,
                 from /home/jclc/programs/vogl/src/voglcommon/vogl_common.h:47,
                 from /home/jclc/programs/vogl/src/vogleditor/vogleditor_qapicalltreemodel.h:31,
                 from /home/jclc/programs/vogl/src/vogleditor/vogleditor_qapicalltreemodel.cpp:30:
/usr/include/qt/QtCore/qcoreevent.h: At global scope:
/usr/include/qt/QtCore/qcoreevent.h:63:9: error: expected identifier before numeric constant
         None = 0,                               // invalid event
         ^
/usr/include/qt/QtCore/qcoreevent.h:63:9: error: expected '}' before numeric constant
/usr/include/qt/QtCore/qcoreevent.h:63:9: error: expected unqualified-id before numeric constant
In file included from /usr/include/qt/QtGui/qwindowdefs.h:44:0,
                 from /usr/include/qt/QtGui/qfont.h:44,
                 from /usr/include/qt/QtGui/QFont:1,
                 from /home/jclc/programs/vogl/src/vogleditor/vogleditor_qapicalltreemodel.cpp:27:
/usr/include/qt/QtCore/qcoreevent.h:293:5: error: 'friend' used outside of class
     Q_ENUM(Type)
     ^
/usr/include/qt/QtCore/qcoreevent.h:293:5: error: 'constexpr const QMetaObject* const qt_getEnumMetaObject' redeclared as different kind of symbol
     Q_ENUM(Type)
     ^
/usr/include/qt/QtGui/qkeysequence.h:149:6: note: previous declaration 'constexpr const QMetaObject* qt_getEnumMetaObject(QKeySequence::StandardKey)'
      Q_ENUM(StandardKey)
      ^
/usr/include/qt/QtCore/qcoreevent.h:293:5: error: 'Type' was not declared in this scope
     Q_ENUM(Type)
     ^
/usr/include/qt/QtCore/qcoreevent.h:293:5: error: 'friend' used outside of class
     Q_ENUM(Type)
     ^
/usr/include/qt/QtCore/qcoreevent.h:293:5: error: 'constexpr const char* const qt_getEnumName' redeclared as different kind of symbol
     Q_ENUM(Type)
     ^
/usr/include/qt/QtGui/qkeysequence.h:149:6: note: previous declaration 'constexpr const char* qt_getEnumName(QKeySequence::StandardKey)'
      Q_ENUM(StandardKey)
      ^
/usr/include/qt/QtCore/qcoreevent.h:293:5: error: 'Type' was not declared in this scope
     Q_ENUM(Type)
     ^
In file included from /usr/include/qt/QtGui/qevent.h:49:0,
                 from /usr/include/qt/QtGui/QList:1,
                 from /home/jclc/programs/vogl/src/vogleditor/vogleditor_apicalltreeitem.h:29,
                 from /home/jclc/programs/vogl/src/vogleditor/vogleditor_qapicalltreemodel.cpp:37:
/usr/include/qt/QtCore/qcoreevent.h:295:26: error: expected ')' before 'type'
     explicit QEvent(Type type);
                          ^~~~
/usr/include/qt/QtCore/qcoreevent.h:296:12: error: expected unqualified-id before 'const'
     QEvent(const QEvent &other);
            ^~~~~
/usr/include/qt/QtCore/qcoreevent.h:296:12: error: expected ')' before 'const'
/usr/include/qt/QtCore/qcoreevent.h:297:21: error: declaration of '~QEvent' as non-member
     virtual ~QEvent();
                     ^
/usr/include/qt/QtCore/qcoreevent.h:298:42: error: 'QEvent& operator=(const QEvent&)' must be a nonstatic member function
     QEvent &operator=(const QEvent &other);
                                          ^
/usr/include/qt/QtCore/qcoreevent.h:299:12: error: 'Type' does not name a type
     inline Type type() const { return static_cast<Type>(t); }
            ^~~~
/usr/include/qt/QtCore/qcoreevent.h:300:31: error: non-member function 'bool spontaneous()' cannot have cv-qualifier
     inline bool spontaneous() const { return spont; }
                               ^~~~~
/usr/include/qt/QtCore/qcoreevent.h: In function 'bool spontaneous()':
/usr/include/qt/QtCore/qcoreevent.h:300:46: error: 'spont' was not declared in this scope
     inline bool spontaneous() const { return spont; }
                                              ^~~~~
/usr/include/qt/QtCore/qcoreevent.h: In function 'void setAccepted(bool)':
/usr/include/qt/QtCore/qcoreevent.h:302:46: error: 'm_accept' was not declared in this scope
     inline void setAccepted(bool accepted) { m_accept = accepted; }
                                              ^~~~~~~~
/usr/include/qt/QtCore/qcoreevent.h: At global scope:
/usr/include/qt/QtCore/qcoreevent.h:303:30: error: non-member function 'bool isAccepted()' cannot have cv-qualifier
     inline bool isAccepted() const { return m_accept; }
                              ^~~~~
/usr/include/qt/QtCore/qcoreevent.h: In function 'bool isAccepted()':
/usr/include/qt/QtCore/qcoreevent.h:303:45: error: 'm_accept' was not declared in this scope
     inline bool isAccepted() const { return m_accept; }
                                             ^~~~~~~~
/usr/include/qt/QtCore/qcoreevent.h: In function 'void accept()':
/usr/include/qt/QtCore/qcoreevent.h:305:28: error: 'm_accept' was not declared in this scope
     inline void accept() { m_accept = true; }
                            ^~~~~~~~
/usr/include/qt/QtCore/qcoreevent.h: In function 'void ignore()':
/usr/include/qt/QtCore/qcoreevent.h:306:28: error: 'm_accept' was not declared in this scope
     inline void ignore() { m_accept = false; }
                            ^~~~~~~~
/usr/include/qt/QtCore/qcoreevent.h: At global scope:
/usr/include/qt/QtCore/qcoreevent.h:310:1: error: expected unqualified-id before 'protected'
 protected:
 ^~~~~~~~~
/usr/include/qt/QtCore/qcoreevent.h:314:1: error: expected unqualified-id before 'private'
 private:
 ^~~~~~~
/usr/include/qt/QtCore/qcoreevent.h:316:18: error: expected initializer before ':' token
     ushort spont : 1;
                  ^
/usr/include/qt/QtCore/qcoreevent.h:317:21: error: expected initializer before ':' token
     ushort m_accept : 1;
                     ^
/usr/include/qt/QtCore/qcoreevent.h:318:21: error: expected initializer before ':' token
     ushort reserved : 13;
                     ^
/usr/include/qt/QtCore/qcoreevent.h:320:5: error: 'friend' used outside of class
     friend class QCoreApplication;
     ^~~~~~
/usr/include/qt/QtCore/qcoreevent.h:321:5: error: 'friend' used outside of class
     friend class QCoreApplicationPrivate;
     ^~~~~~
/usr/include/qt/QtCore/qcoreevent.h:322:5: error: 'friend' used outside of class
     friend class QThreadData;
     ^~~~~~
/usr/include/qt/QtCore/qcoreevent.h:323:5: error: 'friend' used outside of class
     friend class QApplication;
     ^~~~~~
/usr/include/qt/QtCore/qcoreevent.h:324:5: error: 'friend' used outside of class
     friend class QShortcutMap;
     ^~~~~~
/usr/include/qt/QtCore/qcoreevent.h:325:5: error: 'friend' used outside of class
     friend class QGraphicsView;
     ^~~~~~
/usr/include/qt/QtCore/qcoreevent.h:326:5: error: 'friend' used outside of class
     friend class QGraphicsScene;
     ^~~~~~
/usr/include/qt/QtCore/qcoreevent.h:327:5: error: 'friend' used outside of class
     friend class QGraphicsScenePrivate;
     ^~~~~~
/usr/include/qt/QtCore/qcoreevent.h:329:5: error: 'friend' used outside of class
     friend class QSpontaneKeyEvent;
     ^~~~~~
/usr/include/qt/QtCore/qcoreevent.h: In function 'void setSpontaneous()':
/usr/include/qt/QtCore/qcoreevent.h:332:29: error: 'spont' was not declared in this scope
     void setSpontaneous() { spont = true; }
                             ^~~~~
/usr/include/qt/QtCore/qcoreevent.h: At global scope:
/usr/include/qt/QtCore/qcoreevent.h:333:1: error: expected declaration before '}' token
 };
 ^
```
Running Arch Linux 64 bit with Qt 5.8.0. Tried on GCC and Clang.
This is an attempt to remedy #217.
```
Game: /nix/store/d4qb15n9kycxbbngwnnngl6xzjf0nc8s-glxinfo-8.3.0/bin/glxinfo

Tracefile: glxinfo.bin
Logfile: /tmp/vogltrace.glxinfo.2017_03_19-05_44_19.log (will have PID appended)
==32397== Conditional jump or move depends on uninitialised value(s)
==32397==    at 0x4C2D820: rindex (in /nix/store/j6575j2yywgbymdr3pbnz9b5caa6jyz0-valgrind-3.12
.0/lib/valgrind/vgpreload_memcheck-amd64-linux.so)
==32397==    by 0x6879C26: dirname (in /nix/store/68sa3m89shpfaqq1b9xp5p1360vqhwx6-glibc-2.25/l
ib/libc-2.25.so)
==32397==    by 0x4273CD: tool_trace_mode(vogl::vector<vogl::command_line_param_desc>*) (in /ni
x/store/39zy0ghhwspl84afgfy7gravdh04i4y1-vogl-2016-05-13/bin/vogl64)
==32397==    by 0x406A6D: main (in /nix/store/39zy0ghhwspl84afgfy7gravdh04i4y1-vogl-2016-05-13/
bin/vogl64)
==32397==
==32397== Conditional jump or move depends on uninitialised value(s)
==32397==    at 0x6879C2A: dirname (in /nix/store/68sa3m89shpfaqq1b9xp5p1360vqhwx6-glibc-2.25/l
ib/libc-2.25.so)
==32397==    by 0x4273CD: tool_trace_mode(vogl::vector<vogl::command_line_param_desc>*) (in /ni
x/store/39zy0ghhwspl84afgfy7gravdh04i4y1-vogl-2016-05-13/bin/vogl64)
==32397==    by 0x406A6D: main (in /nix/store/39zy0ghhwspl84afgfy7gravdh04i4y1-vogl-2016-05-13/
bin/vogl64)
==32397==
==32397== Conditional jump or move depends on uninitialised value(s)
==32397==    at 0x6879C2F: dirname (in /nix/store/68sa3m89shpfaqq1b9xp5p1360vqhwx6-glibc-2.25/l
ib/libc-2.25.so)
==32397==    by 0x4273CD: tool_trace_mode(vogl::vector<vogl::command_line_param_desc>*) (in /ni
x/store/39zy0ghhwspl84afgfy7gravdh04i4y1-vogl-2016-05-13/bin/vogl64)
==32397==    by 0x406A6D: main (in /nix/store/39zy0ghhwspl84afgfy7gravdh04i4y1-vogl-2016-05-13/
bin/vogl64)
==32397==
==32397== Use of uninitialised value of size 8
==32397==    at 0x6879C31: dirname (in /nix/store/68sa3m89shpfaqq1b9xp5p1360vqhwx6-glibc-2.25/l
ib/libc-2.25.so)
==32397==    by 0x4273CD: tool_trace_mode(vogl::vector<vogl::command_line_param_desc>*) (in /ni
x/store/39zy0ghhwspl84afgfy7gravdh04i4y1-vogl-2016-05-13/bin/vogl64)
==32397==    by 0x406A6D: main (in /nix/store/39zy0ghhwspl84afgfy7gravdh04i4y1-vogl-2016-05-13/
bin/vogl64)
==32397==
==32397== Use of uninitialised value of size 8
==32397==    at 0x6879C50: dirname (in /nix/store/68sa3m89shpfaqq1b9xp5p1360vqhwx6-glibc-2.25/l
ib/libc-2.25.so)
==32397==    by 0x4273CD: tool_trace_mode(vogl::vector<vogl::command_line_param_desc>*) (in /ni
x/store/39zy0ghhwspl84afgfy7gravdh04i4y1-vogl-2016-05-13/bin/vogl64)
==32397==    by 0x406A6D: main (in /nix/store/39zy0ghhwspl84afgfy7gravdh04i4y1-vogl-2016-05-13/
bin/vogl64)
==32397==
==32397== Use of uninitialised value of size 8
==32397==    at 0x6879C81: dirname (in /nix/store/68sa3m89shpfaqq1b9xp5p1360vqhwx6-glibc-2.25/l
ib/libc-2.25.so)
==32397==    by 0x4273CD: tool_trace_mode(vogl::vector<vogl::command_line_param_desc>*) (in /ni
x/store/39zy0ghhwspl84afgfy7gravdh04i4y1-vogl-2016-05-13/bin/vogl64)
==32397==    by 0x406A6D: main (in /nix/store/39zy0ghhwspl84afgfy7gravdh04i4y1-vogl-2016-05-13/
bin/vogl64)
==32397==

LD_PRELOAD="/nix/store/39zy0ghhwspl84afgfy7gravdh04i4y1-vogl-2016-05-13/bin/libvogltrace64.so:$
LD_PRELOAD"

VOGL_CMD_LINE="--vogl_tracefile glxinfo.bin --vogl_logfile /tmp/vogltrace.glxinfo.2017_03_19-05
_44_19.log"

launch string:
VOGL_CMD_LINE="--vogl_tracefile glxinfo.bin --vogl_logfile /tmp/vogltrace.glxinfo.2017_03_19-05_44_19.log" LD_PRELOAD="/nix/store/39zy0ghhwspl84afgfy7gravdh04i4y1-vogl-2016-05
-13/bin/libvogltrace64.so:$LD_PRELOAD"  /nix/store/d4qb15n9kycxbbngwnnngl6xzjf0nc8s-glxinfo-8.3
.0/bin/glxinfo
name of display: :1
Segmentation fault
```
VOGL did not reliably play back attribute-using contexts. Now that SDL
knows, the context can be more reliably created.

