- [X] I have tested this issue on the latest Detox release and it still reproduces

### Description
No matter what value I set detoxURLBlacklistRegex to in launchArgs when launching the app, it is always nil when picked up in the native code.

If I replace `[options arrayForKey:@"detoxURLBlacklistRegex"];`with `@[@".*"];` my tests run as expected. I've tried setting the values to all of the following:

- The example: `'\\("http://192.168.1.253:19001/onchange","https://e.crashlytics.com/spi/v2/events"\\)'`
- `'\\(".*"\\)'`
- `'\\(.*\\)'`
- `['.*']`


#### Reproduction
1. Update detox/ios/Detox/DetoxManager.m to print out "blacklistRegex"
2. Run detox tests using detoxURLBlacklistRegex in launchApp (as mentioned in [the docs](https://github.com/wix/Detox/blob/master/docs/APIRef.DeviceObjectAPI.md#10-initialize-the-url-blacklist-at-device-launch))

#### Expected behavior
The value should be set to what is passed in detoxURLBlacklistRegex

#### Environment (please complete the following information):
 - Detox: 15.1.2
 - React Native: 0.61.5
 - Node: 12.14.1
 - Device: iPhone 8 (tried on multiple)
 - Xcode: 11.3.1
 - iOS: 13.3
 - macOS: 10.14.5

### Logs

#### If you are experiencing a timeout in your test
- [X] I have followed the instructions under [Lower-level Idling Resources Debug](https://github.com/wix/Detox/blob/master/docs/Troubleshooting.Synchronization.md#lower-level-idling-resources-debug-ios-only) and am providing the log below:

Omitting the log for brevity. It shows a lot of `App State -> busy Waiting for network requests to finish: ...` logs while launching
### Description
iOS react-native app installs on simulator with detox, but crashes when launching the app (“The request was denied by service delegate”)

- [x ] I have tested this issue on the latest Detox release and it still reproduces

#### Reproduction

Provide the steps necessary to reproduce the issue. If you are seeing a regression, try to provide the last known version where the issue did not reproduce.

1. build the application
2. run `detox test --configuration ios.sim.dev`

#### Expected behavior
Tests to open the application and execute the tests on the iOS simulator

#### Screenshots
n/a

#### Environment (please complete the following information):
 - Detox: 15.1.2
 - React Native: 0.61.0
 - Node: 12.14.1
 - Device: iOS simulator
 - Xcode: 11.3.1
 - iOS: 13.3 & 13.0
 - macOS: 10.14.6 Mojave

### Logs
```
detox[57585] ERROR: [exec.js/EXEC_FAIL, #6] An error was encountered processing the command (domain=FBSOpenApplicationServiceErrorDomain, code=1):
The request to open "{appName}" failed.
The request was denied by service delegate (SBMainWorkspace) for reason: Unspecified ("null").
Underlying error (domain=FBSOpenApplicationErrorDomain, code=1):
    The operation couldn't be completed. (null)
    (null)
```
#### If you are experiencing a timeout in your test
- [ ] I have followed the instructions under [Lower-level Idling Resources Debug](https://github.com/wix/Detox/blob/master/docs/Troubleshooting.Synchronization.md#lower-level-idling-resources-debug-ios-only) and am providing the log below:

#### If you are seeing a build problem (e.g. during `npm install`)
- [ ] I am providing the `npm install` log below:

#### Device and verbose Detox logs
- [ x] I have run my tests using the `--loglevel trace` argument and am providing the verbose log below: 
yarn run v1.21.1
warning package.json: No license field
$ ENVFILE=.env.automated-tests && detox test --configuration ios.sim.dev --take-screenshots failing --verbose --loglevel trace
detox[83827] INFO:  [test.js] configuration="ios.sim.dev" loglevel="trace" takeScreenshots="failing" reportSpecs=true DETOX_START_TIMESTAMP=1579124879980 node_modules/.bin/jest --config jest.config.e2e.js '--testNamePattern=^((?!:android:).)*$' --maxWorkers 1 --verbose "e2e"
 
detox[83829] INFO:  [DetoxServer.js] server listening on localhost:55535...
detox[83829] DEBUG: [AsyncWebSocket.js/WEBSOCKET_OPEN] opened web socket to: ws://localhost:55535
detox[83829] TRACE: [AsyncWebSocket.js/WEBSOCKET_SEND] {"type":"login","params":{"sessionId":"9295f786-337e-6202-fcbc-7d994f08ffb8","role":"tester"},"messageId":0}
detox[83829] DEBUG: [DetoxServer.js/LOGIN] role=tester, sessionId=9295f786-337e-6202-fcbc-7d994f08ffb8
detox[83829] DEBUG: [DetoxServer.js/LOGIN_SUCCESS] role=tester, sessionId=9295f786-337e-6202-fcbc-7d994f08ffb8
detox[83829] TRACE: [AsyncWebSocket.js/WEBSOCKET_MESSAGE] {"type":"loginSuccess","params":{"sessionId":"9295f786-337e-6202-fcbc-7d994f08ffb8","role":"tester"},"messageId":0}
 
detox[83829] DEBUG: [exec.js/EXEC_CMD, #0] applesimutils --list --byId E46AEB39-7619-4007-8DE6-88433521346B --byName "iPhone 11" --byOS "iOS 13.0" --byType "iPhone 11"
detox[83829] TRACE: [exec.js/EXEC_SUCCESS, #0] [
  {
    "deviceType" : {
      "name" : "iPhone 11",
      "bundlePath" : "\/Applications\/Xcode.app\/Contents\/Developer\/Platforms\/iPhoneOS.platform\/Library\/Developer\/CoreSimulator\/Profiles\/DeviceTypes\/iPhone 11.simdevicetype",
      "identifier" : "com.apple.CoreSimulator.SimDeviceType.iPhone-11"
    },
    "state" : "Booted",
    "isAvailable" : true,
    "name" : "iPhone 11",
    "udid" : "E46AEB39-7619-4007-8DE6-88433521346B",
    "os" : {
      "buildversion" : "17A577",
      "bundlePath" : "\/Library\/Developer\/CoreSimulator\/Profiles\/Runtimes\/iOS 13.0.simruntime",
      "isAvailable" : true,
      "name" : "iOS 13.0",
      "identifier" : "com.apple.CoreSimulator.SimRuntime.iOS-13-0",
      "version" : "13.0"
    }
  }
]
 
detox[83829] DEBUG: [exec.js/EXEC_CMD, #1] applesimutils --list --byId E46AEB39-7619-4007-8DE6-88433521346B --maxResults 1
detox[83829] TRACE: [exec.js/EXEC_SUCCESS, #1] [
  {
    "deviceType" : {
      "name" : "iPhone 11",
      "bundlePath" : "\/Applications\/Xcode.app\/Contents\/Developer\/Platforms\/iPhoneOS.platform\/Library\/Developer\/CoreSimulator\/Profiles\/DeviceTypes\/iPhone 11.simdevicetype",
      "identifier" : "com.apple.CoreSimulator.SimDeviceType.iPhone-11"
    },
    "state" : "Booted",
    "isAvailable" : true,
    "name" : "iPhone 11",
    "udid" : "E46AEB39-7619-4007-8DE6-88433521346B",
    "os" : {
      "buildversion" : "17A577",
      "bundlePath" : "\/Library\/Developer\/CoreSimulator\/Profiles\/Runtimes\/iOS 13.0.simruntime",
      "isAvailable" : true,
      "name" : "iOS 13.0",
      "identifier" : "com.apple.CoreSimulator.SimRuntime.iOS-13-0",
      "version" : "13.0"
    }
  }
]
 
detox[83829] TRACE: [ArtifactsManager.js/LIFECYCLE] artifactsManager.onBootDevice({ coldBoot: false, deviceId: 'E46AEB39-7619-4007-8DE6-88433521346B' })
detox[83829] TRACE: [ArtifactsManager.js/LIFECYCLE] artifactsManager.onBeforeUninstallApp({
  deviceId: 'E46AEB39-7619-4007-8DE6-88433521346B',
  bundleId: 'com.appName'
})
detox[83829] DEBUG: [exec.js/EXEC_CMD, #2] /usr/bin/xcrun simctl uninstall E46AEB39-7619-4007-8DE6-88433521346B com.appName
detox[83829] DEBUG: [exec.js/EXEC_TRY, #2] Uninstalling com.appName...
detox[83829] TRACE: [exec.js/EXEC_SUCCESS, #2] 
detox[83829] DEBUG: [exec.js/EXEC_SUCCESS, #2] com.appName uninstalled
detox[83829] DEBUG: [exec.js/EXEC_CMD, #3] /usr/bin/xcrun simctl install E46AEB39-7619-4007-8DE6-88433521346B "/Users/appPath/Build/Products/Debug-iphonesimulator/app.app"
detox[83829] DEBUG: [exec.js/EXEC_TRY, #3] Installing /Users/appPath/Build/Products/Debug-iphonesimulator/app.app...
detox[83829] TRACE: [exec.js/EXEC_SUCCESS, #3] 
detox[83829] DEBUG: [exec.js/EXEC_SUCCESS, #3] /Users/appPath/Build/Products/Debug-iphonesimulator/app.app installed
detox[83829] TRACE: [ArtifactsManager.js/LIFECYCLE] artifactsManager.onBeforeLaunchApp({
  bundleId: 'com.appName',
  deviceId: 'E46AEB39-7619-4007-8DE6-88433521346B',
  launchArgs: {
    detoxServer: 'ws://localhost:55535',
    detoxSessionId: '9295f786-337e-6202-fcbc-7d994f08ffb8'
  }
})
detox[83829] DEBUG: [exec.js/EXEC_CMD, #4] SIMCTL_CHILD_DYLD_INSERT_LIBRARIES="/Users/{user}/Library/Detox/ios/6482a19f2e78285efde7a67b977225fd53e12142/Detox.framework/Detox" /usr/bin/xcrun simctl launch E46AEB39-7619-4007-8DE6-88433521346B com.appName --args -detoxServer "ws://localhost:55535" -detoxSessionId "9295f786-337e-6202-fcbc-7d994f08ffb8""
detox[83829] DEBUG: [exec.js/EXEC_TRY, #4] Launching com.appName...
detox[83829] DEBUG: [exec.js/EXEC_TRY, #4] Launching com.appName...
detox[83829] ERROR: [exec.js/EXEC_FAIL, #4] "SIMCTL_CHILD_DYLD_INSERT_LIBRARIES="/Users/user/Library/Detox/ios/6482a19f2e78285efde7a67b977225fd53e12142/Detox.framework/Detox" /usr/bin/xcrun simctl launch E46AEB39-7619-4007-8DE6-88433521346B com.appName --args -detoxServer "ws://localhost:55535" -detoxSessionId "9295f786-337e-6202-fcbc-7d994f08ffb8"" failed with code = 1, stdout and stderr:
 
detox[83829] ERROR: [exec.js/EXEC_FAIL, #4] com.appName: -1
 
detox[83829] ERROR: [exec.js/EXEC_FAIL, #4] An error was encountered processing the command (domain=FBSOpenApplicationServiceErrorDomain, code=1):
The request to open "com.appName" failed.
The request was denied by service delegate (SBMainWorkspace) for reason: Unspecified ("null").
Underlying error (domain=FBSOpenApplicationErrorDomain, code=1):
      The operation couldn’t be completed. (null)
      (null)
 
detox[83829] TRACE: [Detox.js/DETOX_BEFORE_EACH] running test: “test description”
detox[83829] TRACE: [ArtifactsManager.js/LIFECYCLE] artifactsManager.onTestStart({
  title: ‘test name’,
  fullName: ‘test description’,
  status: 'running'
})
detox[83829] TRACE: [Artifact.js/START] starting SimulatorScreenshot
detox[83829] DEBUG: [exec.js/EXEC_CMD, #5] /usr/bin/xcrun simctl io E46AEB39-7619-4007-8DE6-88433521346B screenshot "/private/var/folders/lk/gchy4y7n62vc8fw3w08b_6_wf9xk3r/T/9366dc76-30f2-4d64-a0a4-c54e9e79aafb.detox.png"
detox[83829] TRACE: [exec.js/EXEC_SUCCESS, #5] Detected file type 'PNG' from extension
Wrote screenshot to: /private/var/folders/lk/gchy4y7n62vc8fw3w08b_6_wf9xk3r/T/9366dc76-30f2-4d64-a0a4-c54e9e79aafb.detox.png
 
detox[83829] TRACE: [Artifact.js/STOP] stopping SimulatorScreenshot
detox[83829] TRACE: [AsyncWebSocket.js/WEBSOCKET_SEND] {"type":"invoke","params":{"target":{"type":"Invocation","value":{"target":{"type":"EarlGrey","value":"instance"},"method":"detox_selectElementWithMatcher:","args":[{"type":"Invocation","value":{"target":{"type":"Class","value":"GREYMatchers"},"method":"matcherForAccessibilityID:","args":[{"type":"NSString","value":"bc2a4462-37e0-11ea-9c5c-33a3d7594de4-listItem"}]}}]}},"method":"assertWithMatcher:","args":[{"type":"Invocation","value":{"target":{"type":"Class","value":"GREYMatchers"},"method":"matcherForNotNil","args":[]}}]},"messageId":1}
detox[83829] TRACE: [DetoxServer.js/MESSAGE] role=tester action=invoke (sessionId=9295f786-337e-6202-fcbc-7d994f08ffb8)
detox[83829] DEBUG: [DetoxServer.js/CANNOT_FORWARD] role=testee not connected, cannot fw action (sessionId=9295f786-337e-6202-fcbc-7d994f08ffb8)
 
- [ ] This is a small change 
- [x] This change has been discussed in issue #1801 and the solution has been agreed upon with maintainers.

---

**Description:**

Following work made in RN in https://github.com/facebook/react-native/pull/27539 for the sake of deep-integrating Detox into RN itself, this introduces the integration from the Detox side. It both:
1. Uses newly introduced idle-query API's.
2. Unbreaks usage of Detox in RN due to recent refactoring made there, already available in RN `0.62.0-rc.0` (i.e. fixes #1801).

@ejanzer I'd appreciate any inputs you might have in this regard, as well. Note that I've only loosely tested this since in the 62 RC the `hasActiveTimersInRange` method still does not exist :-/ In any case, please consider my recent [comment on your PR](https://github.com/facebook/react-native/pull/27539/files#r366050798) before taking additional steps fwd with this...

cc @TheSavior
On Detox runs on CI (both OSS and internal projects') we occasionally see that `adb` commands get stuck "forever", midway through runs of severals suites on the available devices (parallel-execution). When that happens, the running test becomes frozen and eventually fails due to the global test time-out definition. Most often we see that the app install itself is the one that hangs, but that's not consistent.

From some discussions with associated devs at Google, the main culprit here is `adb`. We've been given by them tools to investigate that, and we need to apply them for the sake of research and hopefully, help them fix whichever issues we find, thus substantially decrease stability issues.



With https://github.com/wix/Detox/pull/1694 the configuration was extended by `device` key to account for searching by type, id, name, os. However, the cli was not updated which still only accepts the old style naming.
**Describe the bug**
Error on build when executing `detox build -c android.emu.debug`
Possibly `detoxKotlinVersion` is not respected.

**To Reproduce**
Add Android dependencies and try to build.

- [x] I have tested this issue on the latest Detox release and it still reproduces

**Expected behavior**
Builds correctly, respects the defined `detoxKotlinVersion`

**Environment (please complete the following information):**
 - Detox: `15.0.0`
 - React Native: `0.61.5`
 - Node: `10.16.0`
 - Device: `na`
 - OS:  `OS X 10.15.2`

**Device and Verbose Detox Logs**

<details>
<summary>Output when running command `detox build -c android.emu.debug`</summary>

```
detox build -c android.emu.debug
detox[74092] INFO:  [build.js] cd android && ./gradlew assembleDebug assembleAndroidTest -DtestBuildType=debug && cd ..

> Configure project :app
Reading env from: .env
registerResGeneratingTask is deprecated, use registerGeneratedResFolders(FileCollection)
registerResGeneratingTask is deprecated, use registerGeneratedResFolders(FileCollection)

> Configure project :react-native-firebase
react-native-firebase: using React Native prebuilt binary from /Users/userOne/Development/node_modules/react-native/android

FAILURE: Build failed with an exception.

* What went wrong:
Could not determine the dependencies of task ':app:preDebugAndroidTestBuild'.
> Could not resolve all task dependencies for configuration ':app:debugAndroidTestRuntimeClasspath'.
   > Could not resolve org.jetbrains.kotlin:kotlin-stdlib:{strictly 1.3.21}.
     Required by:
         project :app
      > Cannot find a version of 'org.jetbrains.kotlin:kotlin-stdlib' that satisfies the version constraints:
           Dependency path 'myApp:app:unspecified' --> 'com.wix:detox:15.0.0' --> 'org.jetbrains.kotlin:kotlin-android-extensions-runtime:1.3.41' --> 'org.jetbrains.kotlin:kotlin-stdlib:1.3.41'
           Constraint path 'myApp:app:unspecified' --> 'org.jetbrains.kotlin:kotlin-stdlib:{strictly 1.3.21}' because of the following reason: debugRuntimeClasspath uses version 1.3.21
           Dependency path 'myApp:app:unspecified' --> 'myApp:bugsnag-react-native:unspecified' --> 'com.bugsnag:bugsnag-android:4.21.1' --> 'com.bugsnag:bugsnag-android-core:4.21.1' --> 'org.jetbrains.kotlin:kotlin-stdlib:1.3.21'
           Dependency path 'myApp:app:unspecified' --> 'myApp:bugsnag-react-native:unspecified' --> 'com.bugsnag:bugsnag-android:4.21.1' --> 'com.bugsnag:bugsnag-plugin-android-anr:4.21.1' --> 'org.jetbrains.kotlin:kotlin-stdlib:1.3.21'
           Dependency path 'myApp:app:unspecified' --> 'myApp:bugsnag-react-native:unspecified' --> 'com.bugsnag:bugsnag-android:4.21.1' --> 'com.bugsnag:bugsnag-plugin-android-ndk:4.21.1' --> 'org.jetbrains.kotlin:kotlin-stdlib:1.3.21'

   > Could not resolve org.jetbrains.kotlin:kotlin-stdlib-common:{strictly 1.3.21}.
     Required by:
         project :app
      > Cannot find a version of 'org.jetbrains.kotlin:kotlin-stdlib-common' that satisfies the version constraints:
           Dependency path 'myApp:app:unspecified' --> 'com.wix:detox:15.0.0' --> 'org.jetbrains.kotlin:kotlin-android-extensions-runtime:1.3.41' --> 'org.jetbrains.kotlin:kotlin-stdlib:1.3.41' --> 'org.jetbrains.kotlin:kotlin-stdlib-common:1.3.41'
           Constraint path 'myApp:app:unspecified' --> 'org.jetbrains.kotlin:kotlin-stdlib-common:{strictly 1.3.21}' because of the following reason: debugRuntimeClasspath uses version 1.3.21

   > Could not resolve org.jetbrains.kotlin:kotlin-stdlib:1.3.41.
     Required by:
         project :app > com.wix:detox:15.0.0 > org.jetbrains.kotlin:kotlin-android-extensions-runtime:1.3.41
      > Cannot find a version of 'org.jetbrains.kotlin:kotlin-stdlib' that satisfies the version constraints:
           Dependency path 'myApp:app:unspecified' --> 'com.wix:detox:15.0.0' --> 'org.jetbrains.kotlin:kotlin-android-extensions-runtime:1.3.41' --> 'org.jetbrains.kotlin:kotlin-stdlib:1.3.41'
           Constraint path 'myApp:app:unspecified' --> 'org.jetbrains.kotlin:kotlin-stdlib:{strictly 1.3.21}' because of the following reason: debugRuntimeClasspath uses version 1.3.21
           Dependency path 'myApp:app:unspecified' --> 'myApp:bugsnag-react-native:unspecified' --> 'com.bugsnag:bugsnag-android:4.21.1' --> 'com.bugsnag:bugsnag-android-core:4.21.1' --> 'org.jetbrains.kotlin:kotlin-stdlib:1.3.21'
           Dependency path 'myApp:app:unspecified' --> 'myApp:bugsnag-react-native:unspecified' --> 'com.bugsnag:bugsnag-android:4.21.1' --> 'com.bugsnag:bugsnag-plugin-android-anr:4.21.1' --> 'org.jetbrains.kotlin:kotlin-stdlib:1.3.21'
           Dependency path 'myApp:app:unspecified' --> 'myApp:bugsnag-react-native:unspecified' --> 'com.bugsnag:bugsnag-android:4.21.1' --> 'com.bugsnag:bugsnag-plugin-android-ndk:4.21.1' --> 'org.jetbrains.kotlin:kotlin-stdlib:1.3.21'

   > Could not resolve org.jetbrains.kotlin:kotlin-stdlib-common:1.3.41.
     Required by:
         project :app > org.jetbrains.kotlin:kotlin-stdlib:1.3.41
      > Cannot find a version of 'org.jetbrains.kotlin:kotlin-stdlib-common' that satisfies the version constraints:
           Dependency path 'myApp:app:unspecified' --> 'com.wix:detox:15.0.0' --> 'org.jetbrains.kotlin:kotlin-android-extensions-runtime:1.3.41' --> 'org.jetbrains.kotlin:kotlin-stdlib:1.3.41' --> 'org.jetbrains.kotlin:kotlin-stdlib-common:1.3.41'
           Constraint path 'myApp:app:unspecified' --> 'org.jetbrains.kotlin:kotlin-stdlib-common:{strictly 1.3.21}' because of the following reason: debugRuntimeClasspath uses version 1.3.21

   > Could not resolve org.jetbrains.kotlin:kotlin-stdlib:1.3.21.
     Required by:
         project :app > com.bugsnag:bugsnag-android-core:4.21.1
         project :app > com.bugsnag:bugsnag-plugin-android-anr:4.21.1
         project :app > com.bugsnag:bugsnag-plugin-android-ndk:4.21.1
      > Cannot find a version of 'org.jetbrains.kotlin:kotlin-stdlib' that satisfies the version constraints:
           Dependency path 'myApp:app:unspecified' --> 'com.wix:detox:15.0.0' --> 'org.jetbrains.kotlin:kotlin-android-extensions-runtime:1.3.41' --> 'org.jetbrains.kotlin:kotlin-stdlib:1.3.41'
           Constraint path 'myApp:app:unspecified' --> 'org.jetbrains.kotlin:kotlin-stdlib:{strictly 1.3.21}' because of the following reason: debugRuntimeClasspath uses version 1.3.21
           Dependency path 'myApp:app:unspecified' --> 'myApp:bugsnag-react-native:unspecified' --> 'com.bugsnag:bugsnag-android:4.21.1' --> 'com.bugsnag:bugsnag-android-core:4.21.1' --> 'org.jetbrains.kotlin:kotlin-stdlib:1.3.21'
           Dependency path 'myApp:app:unspecified' --> 'myApp:bugsnag-react-native:unspecified' --> 'com.bugsnag:bugsnag-android:4.21.1' --> 'com.bugsnag:bugsnag-plugin-android-anr:4.21.1' --> 'org.jetbrains.kotlin:kotlin-stdlib:1.3.21'
           Dependency path 'myApp:app:unspecified' --> 'myApp:bugsnag-react-native:unspecified' --> 'com.bugsnag:bugsnag-android:4.21.1' --> 'com.bugsnag:bugsnag-plugin-android-ndk:4.21.1' --> 'org.jetbrains.kotlin:kotlin-stdlib:1.3.21'


* Try:
Run with --stacktrace option to get the stack trace. Run with --info or --debug option to get more log output. Run with --scan to get full insights.

* Get more help at https://help.gradle.org

BUILD FAILED in 9s
detox[74092] ERROR: [cli.js] Error: Command failed: cd android && ./gradlew assembleDebug assembleAndroidTest -DtestBuildType=debug && cd ..
```
</details>

<details>
<summary>Content of build.gradle</summary>


```
buildscript {
    ext {
        applicationId = "myApp"
        buildToolsVersion = "28.0.3"
        minSdkVersion = 23 // Android 6
        compileSdkVersion = 28 // Android 9
        targetSdkVersion = 28
        kotlinVersion = '1.3.21' // for Detox
        detoxKotlinVersion  = "$kotlinVersion"
    }
    repositories {
        google()
        jcenter()
    }
    dependencies {
        classpath("com.android.tools.build:gradle:3.4.2")

        // Firebase
        classpath("com.google.gms:google-services:4.2.0")

        // For Detox
        classpath "org.jetbrains.kotlin:kotlin-gradle-plugin:$kotlinVersion"

        // NOTE: Do not place your application dependencies here; they belong
        // in the individual module build.gradle files
    }
}

allprojects {
    repositories {
        // caches dependencies locally
        mavenLocal()

        maven {
            // All of React Native (JS, Obj-C sources, Android binaries) is installed from npm
            url("$rootDir/../node_modules/react-native/android")
        }

        maven {
            // Android JSC is installed from npm
            url("$rootDir/../node_modules/jsc-android/dist")
        }

        maven {
            // use github repos as android dependency repos - this is for mapbox
            url("https://www.jitpack.io")
        }

        maven {
            // All of Detox' artifacts are provided via the npm module
            url "$rootDir/../node_modules/detox/Detox-android"
        }

        // googles repo - formally `maven { url 'https://maven.google.com' }`
        google()

        // Bintray JCenter repository
        jcenter()
    }
}
```
</details>

I'm not quite sure, however shouldn't the `detoxKotlinVersion` overwrite the version `1.3.41` that is causing the mismatch when building?


Also, please notice, that I've defined this within my `app/build.gradle`
```
    androidTestImplementation('com.wix:detox:+') {
        transitive = true
        exclude group: 'org.jetbrains.kotlin', module: 'kotlin-stdlib-jdk8'
    }

```




- [x] This is a small change 
- [ ] This change has been discussed in issue #<?> and the solution has been agreed upon with maintainers.

---

**Description:**
typo `ext.detoxKotlinVerion` -> `ext.detoxKotlinVersion`
I'm trying to set up travis CI for my application with Detox as the test suite. I'm close to achieving the final setup, but I'm currently stuck on the following error which occurs during the final step of the build (testing phase, since the android.emu.release configuration builds successfully, though slowly).  Note that my android.emu.debug configuration runs tests perfectly.

Here's the error, which says that "-read-only" is not a valid option for the emulator command.
```
5.66s$ npx detox test --headless -c android.emu.release --gpu swiftshader --cleanup
detox[6696] INFO:  [test.js] configuration="android.emu.release" cleanup=true gpu="swiftshader" headless=true reportSpecs=true readOnlyEmu=false DETOX_START_TIMESTAMP=1578027757256 node_modules/.bin/jest --config e2e/config.json '--testNamePattern=^((?!:ios:).)*$' --maxWorkers 1 "e2e"
detox[6708] INFO:  [DetoxServer.js] server listening on localhost:38035...
detox[6708] ERROR: [Emulator.js/SPAWN_FAIL] `/usr/local/android-sdk/tools/emulator -verbose -no-audio -no-boot-anim -no-window -read-only -port 17944 @pixel9 -gpu swiftshader` failed with code 1
  err: ChildProcessError: `/usr/local/android-sdk/tools/emulator -verbose -no-audio -no-boot-anim -no-window -read-only -port 17944 @pixel9 -gpu swiftshader` failed with code 1
      at ChildProcess.<anonymous> (/home/travis/build/uva-cp-1920/PowerShare/src/PowerShare/node_modules/child-process-promise/lib/index.js:132:23)
      at ChildProcess.emit (events.js:305:20)
      at maybeClose (internal/child_process.js:1028:16)
      at Process.ChildProcess._handle.onexit (internal/child_process.js:286:5)
detox[6708] ERROR: [Emulator.js/SPAWN_FAIL] unknown option: -read-only
please use -help for a list of valid options
```

To reproduce the issue locally:
1. run npx detox build -c android.emu.release
2. run npx react-native start &
3. run npx detox test -c android.emu.release

To reproduce the issue in the travis environment, I follow the "script" commands:
1. npx detox build -c android.emu.release
2. npx detox test --headless -c android.emu.release --gpu swiftshader --cleanup


**Environment (please complete the following information):**
 - Detox: 15.0.0 (had the same problem with 14.9.2)
 - React Native: 0.61.5
 - Node: 13.5.0
 - Device: Dell XPS 13 2019
 - OS: Arch Linux

For reference, my travis.yml file is 
```
env:
  global:
    - NODE_VERSION=stable


matrix:
  include:

    - language: android
      cache: yarn
      jdk: oraclejdk8
      dist: trusty
      sudo: required
      android:
        components:
          - build-tools-28.0.3
          - android-28
          - sys-img-x86-android-28
          
      
      install:
      - echo no | android create avd --force -n pixel9 -t android-28 --abi default/x86
      - curl -sL https://deb.nodesource.com/setup_13.x | sudo -E bash -
      - sudo apt-get install -y nodejs

      script:
      - cd src/PowerShare/
      - yarn
      - echo fs.inotify.max_user_watches=524288 | sudo tee -a /etc/sysctl.conf && sudo sysctl -p
      - npx detox build -c android.emu.release
      - npx detox test --headless -c android.emu.release --gpu swiftshader --cleanup
```

