Is anyone maintaining/using this project???
I'm running into some issues and dunno wether to post them or not..
* OS: MAC
* WordpressClient version: 4.9.8
* Node version (`node -v`): v10.10.0
* Yarn version (`yarn -v`): 1.10.1

--- 

I did everything in instructions. This is the error I am getting after npm start. I tried many times and cant get it work. Also before this I have another error when installing dependencies yarn. Please see bottom.. Guys need help.

Hakans-MacBook-Pro:qbooze Hakan$ npm start

> wordpress-hybrid-client@2.0.0 start /Applications/AMPPS/www/node_modules/qbooze
> webpack-dev-server --port 8080 --json --progress

fs.js:115
    throw err;
    ^

Error: ENOENT: no such file or directory, open './config/config.cson'
  at Object.openSync (fs.js:436:3)
  at Object.readFileSync (fs.js:341:35)
  at CSON.parseCSONFile (/Applications/AMPPS/www/node_modules/qbooze/node_modules/cson/out/lib/cson.js:332:23)
  at CSON.requireCSONFile (/Applications/AMPPS/www/node_modules/qbooze/node_modules/cson/out/lib/cson.js:375:21)
  at CSON.action (/Applications/AMPPS/www/node_modules/qbooze/node_modules/cson/out/lib/cson.js:100:50)
  at CSON.requireFile (/Applications/AMPPS/www/node_modules/qbooze/node_modules/cson/out/lib/cson.js:178:19)
  at Object.<anonymous> (/Applications/AMPPS/www/node_modules/qbooze/webpack.config.js:11:87)
  at Module._compile (internal/modules/cjs/loader.js:689:30)
  at Object.Module._extensions..js (internal/modules/cjs/loader.js:700:10)
  at Module.load (internal/modules/cjs/loader.js:599:32)
  at tryModuleLoad (internal/modules/cjs/loader.js:538:12)
  at Function.Module._load (internal/modules/cjs/loader.js:530:3)
  at Module.require (internal/modules/cjs/loader.js:637:17)
  at require (internal/modules/cjs/helpers.js:20:18)
  at module.exports (/Applications/AMPPS/www/node_modules/qbooze/node_modules/webpack/bin/convert-argv.js:80:13)
  at Object.<anonymous> (/Applications/AMPPS/www/node_modules/qbooze/node_modules/webpack-dev-server/bin/webpack-dev-server.js:68:48)
  at Module._compile (internal/modules/cjs/loader.js:689:30)
  at Object.Module._extensions..js (internal/modules/cjs/loader.js:700:10)
  at Module.load (internal/modules/cjs/loader.js:599:32)
  at tryModuleLoad (internal/modules/cjs/loader.js:538:12)
  at Function.Module._load (internal/modules/cjs/loader.js:530:3)
  at Function.Module.runMain (internal/modules/cjs/loader.js:742:12)
  at startup (internal/bootstrap/node.js:279:19)
  at bootstrapNodeJSCore (internal/bootstrap/node.js:696:3)

npm ERR! code ELIFECYCLE
npm ERR! errno 1
npm ERR! wordpress-hybrid-client@2.0.0 start: `webpack-dev-server --port 8080 --json --progress`
npm ERR! Exit status 1
npm ERR! 
npm ERR! Failed at the wordpress-hybrid-client@2.0.0 start script.
npm ERR! This is probably not a problem with npm. There is likely additional logging output above.

npm ERR! A complete log of this run can be found in:
npm ERR!     /Users/Hakan/.npm/_logs/2018-10-06T23_51_37_589Z-debug.log
Hakans-MacBook-Pro:qbooze Hakan$ 


**Before this when I instal the dependencies yarn I also get this error.**
warning " > ng-pwa-tools@0.0.15" has incorrect peer dependency "@angular/compiler-cli@~4.0.2".
warning " > ng-pwa-tools@0.0.15" has incorrect peer dependency "@angular/core@~4.0.2".
warning " > ng-pwa-tools@0.0.15" has incorrect peer dependency "@angular/http@~4.0.2".
warning " > string-replace-loader@1.3.0" has unmet peer dependency "webpack@1 || 2 || 3".
[5/5] ðŸ“ƒ  Building fresh packages...
[1/3] â  fsevents
[2/3] â  node-sass
warning Error running install script for optional dependency: "/Applications/AMPPS/www/node_modules/qbooze/node_modules/fsevents: Command failed.
Exit code: 1
Command: node install
Arguments: 
Directory: /Applications/AMPPS/www/node_modules/qbooze/node_modules/fsevents
Output:
node-pre-gyp info it worked if it ends with ok
node-pre-gyp info using node-pre-gyp@0.6.37
node-pre-gyp info using node@10.10.0 | darwin | x64
node-pre-gyp info check checked for \"/Applications/AMPPS/www/node_modules/qbooze/node_modules/fsevents/lib/binding/Release/node-v64-darwin-x64/fse.node\" (not found)




If you are no longer working and/or maintaining this repository, please archive it. 

There is a [step-by-step guidance in the GitHub documentation ](https://help.github.com/articles/archiving-repositories/) on how to archive a repository. Cheers. 
* OS: Mac OSX
* WordpressClient version: 2.0.3
* Node version v8.9.1
* Yarn version 1.21.1

--- 

I am not able to prepare native build using **npm run ionic:prepare**  as shown in the documentation.

Error shown : **npm ERR! missing script: ionic:prepare**
* OS: 
* WordpressClient version: 4.9.5
* Node version (`node -v`): 8.11.1
* Yarn version (`yarn -v`): 1.6.0

--- 

NÃ£o consigo testar o WPHC no Windows 7, ele trava o script sempre... qual arquivo posso alterar para fazer o APP rodar no navegador????

i am using webp as related image. how can i use it? when i use npm start i have error about "source_url" when i disable Better REST API Featured Images plugin it is working. i want work with images how can i do it?
Hi!

This looks hugely promising, but development seems to have stalled. How close are you to having functional login via JWT?
* OS: 
* WordpressClient version: v3.0.0-alpha03
* Node version (`node -v`): v9.8.0
* Yarn version (`yarn -v`): 1.5.1

--- 

The notification will be implemented?

* OS: 
* WordpressClient version:
* Node version (`node -v`):
* Yarn version (`yarn -v`):

--- 

YOUR DESCRIPTION HERE
![image](https://user-images.githubusercontent.com/10521291/36949554-0b38aff8-1ffb-11e8-8dbf-a77f500ed81c.png)
My wordpress pages are created using VC but while running your mobile app it fails to render the shortcodes, Any Idea how to solve this?

* OS: 
* WordpressClient version:
![screen shot 2018-02-09 at 11 17 15 am 2](https://user-images.githubusercontent.com/31357843/36037681-7fcef39a-0d8b-11e8-9c8c-6aef4bc019a3.png)

* Node version (`node -v`):
* Yarn version (`yarn -v`):

--- 

Find [bug?](url) (see screenshot) with
this.setHasErrorStream(Observable.combineLatest(
      this.searchTermSubject,
      this.typeSubject,
      this.store.select(state => state.search),
      (searchTerm: string, type: string, searchState: ISearchState) => {
        return _get(searchState, `[${getKey(type, searchTerm)}].error`, false);
      }
    ));
