main.py:106 [INFO] 未查找到歌曲 Word of Dawn 对应的ID

是不是因为服务器在海外？但我已经用proxychains挂了代理啊
我不会python，不然我就自己动手了
现在好像是不行了，不管是什么都是“SyntaxError: invalid syntax”
moresound.tk
不过它解析出来下的歌名字都是一串编号（好像还是随机的），并且标签信息都不一定全（指IDv3之类里面存的信息），能不能写个从这里解析下载歌曲并自动补全标签信息和封面的脚本？
这篇博客已经解决了：[网易云音乐歌单详情列表爬虫破解](https://blog.csdn.net/Deadeyehui/article/details/80708625)。
我参考这篇博客写的一份python代码可见[get_playlist](https://github.com/wwwpf/MusicDownloader/blob/master/spider/netease.py)函数
建议加入每首歌的下载进度条，下载成功数目等信息。这个项目不错，加油！
请问，后续能支持下载lrc歌词吗？
谢谢。
平台是arm64，下面是我的log
firefly@firefly:~/NeteaseCloudMusicFlac$ python3 main.py 'https://music.163.com/#/my/m/music/playlist?id=2749721625'
2019-04-21 12:03:03 main.py:70 [INFO] 歌单: 待下载

2019-04-21 12:03:03 main.py:170 [INFO] 歌单中包含的歌曲有: ['Mermaid girl (Extended RRver.)', '朧', 'Samsara（《剑与轮回》手游主题曲）']
Traceback (most recent call last):
  File "/usr/lib/python3/dist-packages/urllib3/connection.py", line 159, in _new_conn
    (self._dns_host, self.port), self.timeout, **extra_kw)
  File "/usr/lib/python3/dist-packages/urllib3/util/connection.py", line 57, in create_connection
    for res in socket.getaddrinfo(host, port, family, socket.SOCK_STREAM):
  File "/usr/lib/python3.7/socket.py", line 748, in getaddrinfo
    for res in _socket.getaddrinfo(host, port, family, type, proto, flags):
socket.gaierror: [Errno -2] Name or service not known

During handling of the above exception, another exception occurred:

Traceback (most recent call last):
  File "/usr/lib/python3/dist-packages/urllib3/connectionpool.py", line 600, in urlopen
    chunked=chunked)
  File "/usr/lib/python3/dist-packages/urllib3/connectionpool.py", line 354, in _make_request
    conn.request(method, url, **httplib_request_kw)
  File "/usr/lib/python3.7/http/client.py", line 1229, in request
    self._send_request(method, url, body, headers, encode_chunked)
  File "/usr/lib/python3.7/http/client.py", line 1275, in _send_request
    self.endheaders(body, encode_chunked=encode_chunked)
  File "/usr/lib/python3.7/http/client.py", line 1224, in endheaders
    self._send_output(message_body, encode_chunked=encode_chunked)
  File "/usr/lib/python3.7/http/client.py", line 1016, in _send_output
    self.send(msg)
  File "/usr/lib/python3.7/http/client.py", line 956, in send
    self.connect()
  File "/usr/lib/python3/dist-packages/urllib3/connection.py", line 181, in connect
    conn = self._new_conn()
  File "/usr/lib/python3/dist-packages/urllib3/connection.py", line 168, in _new_conn
    self, "Failed to establish a new connection: %s" % e)
urllib3.exceptions.NewConnectionError: <urllib3.connection.HTTPConnection object at 0x7f92e06a20>: Failed to establish a new connection: [Errno -2] Name or service not known

During handling of the above exception, another exception occurred:

Traceback (most recent call last):
  File "/usr/lib/python3/dist-packages/requests/adapters.py", line 449, in send
    timeout=timeout
  File "/usr/lib/python3/dist-packages/urllib3/connectionpool.py", line 638, in urlopen
    _stacktrace=sys.exc_info()[2])
  File "/usr/lib/python3/dist-packages/urllib3/util/retry.py", line 398, in increment
    raise MaxRetryError(_pool, url, error or ResponseError(cause))
urllib3.exceptions.MaxRetryError: HTTPConnectionPool(host='sug.music.baidu.com', port=80): Max retries exceeded with url: /info/suggestion?word=Mermaid+girl+%28Extended+RRver.%29&version=2&from=0 (Caused by NewConnectionError('<urllib3.connection.HTTPConnection object at 0x7f92e06a20>: Failed to establish a new connection: [Errno -2] Name or service not known'))

During handling of the above exception, another exception occurred:

Traceback (most recent call last):
  File "main.py", line 194, in <module>
    main()
  File "main.py", line 178, in main
    song_infos = executor.map(get_song_info, song_ids)
  File "/usr/lib/python3.7/concurrent/futures/_base.py", line 575, in map
    fs = [self.submit(fn, *args) for args in zip(*iterables)]
  File "/usr/lib/python3.7/concurrent/futures/_base.py", line 575, in <listcomp>
    fs = [self.submit(fn, *args) for args in zip(*iterables)]
  File "/usr/lib/python3.7/concurrent/futures/_base.py", line 586, in result_iterator
    yield fs.pop().result()
  File "/usr/lib/python3.7/concurrent/futures/_base.py", line 432, in result
    return self.__get_result()
  File "/usr/lib/python3.7/concurrent/futures/_base.py", line 384, in __get_result
    raise self._exception
  File "/usr/lib/python3.7/concurrent/futures/thread.py", line 57, in run
    result = self.fn(*self.args, **self.kwargs)
  File "main.py", line 96, in get_songid
    r = requests.get(BAIDU_SUGGESTION_API, params=payload, headers=HEADERS)
  File "/usr/lib/python3/dist-packages/requests/api.py", line 75, in get    return request('get', url, params=params, **kwargs)
  File "/usr/lib/python3/dist-packages/requests/api.py", line 60, in request
    return session.request(method=method, url=url, **kwargs)
  File "/usr/lib/python3/dist-packages/requests/sessions.py", line 533, in request
    resp = self.send(prep, **send_kwargs)
  File "/usr/lib/python3/dist-packages/requests/sessions.py", line 646, in send
    r = adapter.send(request, **kwargs)
  File "/usr/lib/python3/dist-packages/requests/adapters.py", line 516, in send
    raise ConnectionError(e, request=request)
requests.exceptions.ConnectionError: HTTPConnectionPool(host='sug.music.baidu.com', port=80): Max retries exceeded with url: /info/suggestion?word=Mermaid+girl+%28Extended+RRver.%29&version=2&from=0 (Caused by NewConnectionError('<urllib3.connection.HTTPConnection object at 0x7f92e06a20>: Failed to establish a new connection: [Errno -2] Name or service not known'))
firefly@firefly:~/NeteaseCloudMusicFlac$
请问这个该怎么办？
同一个歌单。第一次下载：
D:\Python\music>python main.py 'https://music.163.com/#/my/m/music/playlist?id=2647507625'
2019-01-31 20:47:20 main.py:73 [INFO] 歌单: ahai24喜欢的音乐

2019-01-31 20:47:20 main.py:173 [INFO] 歌单中包含的歌曲有: ['Shallow', '7 rings', 'Sunflower (Spider-Man: Into the Spider-Verse)', 'MIDDLE CHILD', 'High Hopes', 'Without Me', 'You Say', 'Sweet but Psycho', 'Happier', 'Wow.', 'Always Remember Us This Way', "i'm so tired...", 'Beautiful Crazy', 'Eastside', 'Con Calma', 'Speechless', 'thank u, next', 'Be Alright', 'Anxiety', 'Nothing Breaks Like a Heart', 'Bohemian Rhapsody', 'SICKO MODE', 'Down To The Honkytonk', 'Better', 'Money', 'Youngblood', 'No Place', 'Taki Taki', 'Moderation', 'Dancing With A Stranger', 'Come Along', 'GIRL', 'Girls Have Fun', 'Tequila', 'Make It Sweet', 'Miss Me More', 'Rumor', 'We Will Rock You', 'Tennessee Whiskey', 'Mo Bamba', 'Rainy Days', 'Going Bad', 'She Got the Best of Me', 'Better Now', 'Close To Me', 'Millionaire', 'Perfect', 'Harmony Hall', "I'll Never Love Again (Extended Version)", 'Wake Up in the Sky', 'On My Way to You', 'Burning Man', 'BOOM', 'Beautiful', 'I Like It', 'Sixteen', 'This Is It', 'Somebody to Love', 'Love Someone', 'Another One Bites the Dust', 'Whiskey Glasses', 'What Makes You Country', 'My Year', 'We Are the Champions', 'Talk You Out Of It', 'Lost in the Fire', 'ZEZE', 'MIA', 'A Million Dreams', 'Love Theory', "Maybe It's Time", 'Girl Like You', 'Shotgun', 'Under Pressure', "Don't Stop Me Now", 'Change Your Mind', "I'll Never Love Again (Film Version)", 'God Only Knows', 'Twerk', 'Consequences', 'Radio Ga Ga', 'Everybody Wants To Rule The World', 'This Is Me', 'Meant to Be', 'Electricity', 'Sad!', 'Night Shift', 'Good Girl']
2019-01-31 20:47:21 main.py:108 [INFO] 歌曲 Anxiety 对应的ID为: 8759816
2019-01-31 20:47:21 main.py:108 [INFO] 歌曲 Beautiful Crazy 对应的ID为: 306668596
2019-01-31 20:47:21 main.py:108 [INFO] 歌曲 Shallow 对应的ID为: 278180384
2019-01-31 20:47:21 main.py:108 [INFO] 歌曲 You Say 对应的ID为: 374200
2019-01-31 20:47:21 main.py:108 [INFO] 歌曲 Sweet but Psycho 对应的ID为: 607180890
2019-01-31 20:47:21 main.py:104 [INFO] 未查找到歌曲 Nothing Breaks Like a Heart 对应的ID
2019-01-31 20:47:21 main.py:108 [INFO] 歌曲 7 rings 对应的ID为: 546248204
2019-01-31 20:47:21 main.py:108 [INFO] 歌曲 Eastside 对应的ID为: 1213868
2019-01-31 20:47:21 main.py:108 [INFO] 歌曲 Happier 对应的ID为: 385022
2019-01-31 20:47:21 main.py:104 [INFO] 未查找到歌曲 Sunflower (Spider-Man: Into the Spider-Verse) 对应的ID
2019-01-31 20:47:21 main.py:108 [INFO] 歌曲 Bohemian Rhapsody 对应的ID为: 15724840
2019-01-31 20:47:21 main.py:108 [INFO] 歌曲 Con Calma 对应的ID为: 299932320
2019-01-31 20:47:21 main.py:104 [INFO] 未查找到歌曲 Wow. 对应的ID
2019-01-31 20:47:21 main.py:108 [INFO] 歌曲 MIDDLE CHILD 对应的ID为: 544242116
2019-01-31 20:47:21 main.py:108 [INFO] 歌曲 SICKO MODE 对应的ID为: 602510094
2019-01-31 20:47:21 main.py:108 [INFO] 歌曲 Speechless 对应的ID为: 7384134
2019-01-31 20:47:21 main.py:104 [INFO] 未查找到歌曲 Always Remember Us This Way 对应的ID
2019-01-31 20:47:21 main.py:108 [INFO] 歌曲 High Hopes 对应的ID为: 34205520
2019-01-31 20:47:22 main.py:104 [INFO] 未查找到歌曲 Down To The Honkytonk 对应的ID
2019-01-31 20:47:22 main.py:108 [INFO] 歌曲 thank u, next 对应的ID为: 610519452
2019-01-31 20:47:22 main.py:104 [INFO] 未查找到歌曲 i'm so tired... 对应的ID
2019-01-31 20:47:22 main.py:108 [INFO] 歌曲 Without Me 对应的ID为: 1046349
2019-01-31 20:47:22 main.py:108 [INFO] 歌曲 Better 对应的ID为: 33944998
2019-01-31 20:47:22 main.py:108 [INFO] 歌曲 Be Alright 对应的ID为: 607920305
2019-01-31 20:47:22 main.py:108 [INFO] 歌曲 Come Along 对应的ID为: 17491307
2019-01-31 20:47:22 main.py:108 [INFO] 歌曲 Money 对应的ID为: 262127815
2019-01-31 20:47:22 main.py:108 [INFO] 歌曲 Rumor 对应的ID为: 612048
2019-01-31 20:47:22 main.py:104 [INFO] 未查找到歌曲 She Got the Best of Me 对应的ID
2019-01-31 20:47:22 main.py:108 [INFO] 歌曲 GIRL 对应的ID为: 1004852
2019-01-31 20:47:22 main.py:108 [INFO] 歌曲 Youngblood 对应的ID为: 294305979
2019-01-31 20:47:22 main.py:108 [INFO] 歌曲 Better Now 对应的ID为: 277349037
2019-01-31 20:47:22 main.py:108 [INFO] 歌曲 We Will Rock You 对应的ID为: 122175243
2019-01-31 20:47:22 main.py:104 [INFO] 未查找到歌曲 Girls Have Fun 对应的ID
2019-01-31 20:47:22 main.py:108 [INFO] 歌曲 No Place 对应的ID为: 339763
2019-01-31 20:47:22 main.py:108 [INFO] 歌曲 Close To Me 对应的ID为: 469766
2019-01-31 20:47:22 main.py:108 [INFO] 歌曲 Tennessee Whiskey 对应的ID为: 10539250
2019-01-31 20:47:22 main.py:108 [INFO] 歌曲 Tequila 对应的ID为: 594110
2019-01-31 20:47:22 main.py:108 [INFO] 歌曲 Taki Taki 对应的ID为: 292114126
2019-01-31 20:47:22 main.py:108 [INFO] 歌曲 Millionaire 对应的ID为: 603550
2019-01-31 20:47:22 main.py:104 [INFO] 未查找到歌曲 Mo Bamba 对应的ID
2019-01-31 20:47:23 main.py:108 [INFO] 歌曲 Make It Sweet 对应的ID为: 295466446
2019-01-31 20:47:23 main.py:108 [INFO] 歌曲 Moderation 对应的ID为: 8577502
2019-01-31 20:47:23 main.py:108 [INFO] 歌曲 Rainy Days 对应的ID为: 2158767
2019-01-31 20:47:23 main.py:108 [INFO] 歌曲 Perfect 对应的ID为: 74090524
2019-01-31 20:47:23 main.py:108 [INFO] 歌曲 Miss Me More 对应的ID为: 290448895
2019-01-31 20:47:23 main.py:108 [INFO] 歌曲 Going Bad 对应的ID为: 292815434
2019-01-31 20:47:23 main.py:108 [INFO] 歌曲 Dancing With A Stranger 对应的ID为: 290894668
2019-01-31 20:47:23 main.py:104 [INFO] 未查找到歌曲 Harmony Hall 对应的ID
2019-01-31 20:47:23 main.py:104 [INFO] 未查找到歌曲 I'll Never Love Again (Extended Version) 对应的ID
2019-01-31 20:47:23 main.py:108 [INFO] 歌曲 Whiskey Glasses 对应的ID为: 576929521
2019-01-31 20:47:23 main.py:108 [INFO] 歌曲 ZEZE 对应的ID为: 297516964
2019-01-31 20:47:23 main.py:108 [INFO] 歌曲 I Like It 对应的ID为: 688194
2019-01-31 20:47:23 main.py:104 [INFO] 未查找到歌曲 Wake Up in the Sky 对应的ID
2019-01-31 20:47:23 main.py:108 [INFO] 歌曲 What Makes You Country 对应的ID为: 316679106
2019-01-31 20:47:23 main.py:108 [INFO] 歌曲 Sixteen 对应的ID为: 332797385
2019-01-31 20:47:23 main.py:108 [INFO] 歌曲 MIA 对应的ID为: 690411
2019-01-31 20:47:23 main.py:108 [INFO] 歌曲 On My Way to You 对应的ID为: 1588162
2019-01-31 20:47:23 main.py:108 [INFO] 歌曲 My Year 对应的ID为: 8009936
2019-01-31 20:47:23 main.py:108 [INFO] 歌曲 A Million Dreams 对应的ID为: 94807282
2019-01-31 20:47:23 main.py:108 [INFO] 歌曲 This Is It 对应的ID为: 2174932
2019-01-31 20:47:23 main.py:108 [INFO] 歌曲 Burning Man 对应的ID为: 12851604
2019-01-31 20:47:24 main.py:108 [INFO] 歌曲 We Are the Champions 对应的ID为: 599798747
2019-01-31 20:47:24 main.py:108 [INFO] 歌曲 Somebody to Love 对应的ID为: 641197
2019-01-31 20:47:24 main.py:108 [INFO] 歌曲 BOOM 对应的ID为: 32996873
2019-01-31 20:47:24 main.py:108 [INFO] 歌曲 Love Theory 对应的ID为: 609267048
2019-01-31 20:47:24 main.py:104 [INFO] 未查找到歌曲 Talk You Out Of It 对应的ID
2019-01-31 20:47:24 main.py:108 [INFO] 歌曲 Love Someone 对应的ID为: 292396674
2019-01-31 20:47:24 main.py:108 [INFO] 歌曲 Maybe It's Time 对应的ID为: 259411706
2019-01-31 20:47:24 main.py:108 [INFO] 歌曲 Beautiful 对应的ID为: 291986
2019-01-31 20:47:24 main.py:108 [INFO] 歌曲 Lost in the Fire 对应的ID为: 31618693
2019-01-31 20:47:24 main.py:108 [INFO] 歌曲 Shotgun 对应的ID为: 549702998
2019-01-31 20:47:24 main.py:108 [INFO] 歌曲 Girl Like You 对应的ID为: 1718592
2019-01-31 20:47:24 main.py:108 [INFO] 歌曲 Another One Bites the Dust 对应的ID为: 2205003
2019-01-31 20:47:24 main.py:108 [INFO] 歌曲 Twerk 对应的ID为: 30894432
2019-01-31 20:47:24 main.py:108 [INFO] 歌曲 Under Pressure 对应的ID为: 281172438
2019-01-31 20:47:24 main.py:108 [INFO] 歌曲 Electricity 对应的ID为: 2210249
2019-01-31 20:47:24 main.py:108 [INFO] 歌曲 Consequences 对应的ID为: 11107656
2019-01-31 20:47:24 main.py:108 [INFO] 歌曲 Don't Stop Me Now 对应的ID为: 5589504
2019-01-31 20:47:24 main.py:108 [INFO] 歌曲 Sad! 对应的ID为: 531117847
2019-01-31 20:47:25 main.py:108 [INFO] 歌曲 Change Your Mind 对应的ID为: 1322970
2019-01-31 20:47:25 main.py:108 [INFO] 歌曲 Radio Ga Ga 对应的ID为: 279249026
2019-01-31 20:47:25 main.py:108 [INFO] 歌曲 Night Shift 对应的ID为: 1413142
2019-01-31 20:47:25 main.py:104 [INFO] 未查找到歌曲 I'll Never Love Again (Film Version) 对应的ID
2019-01-31 20:47:25 main.py:108 [INFO] 歌曲 Everybody Wants To Rule The World 对应的ID为: 323397248
2019-01-31 20:47:25 main.py:108 [INFO] 歌曲 Good Girl 对应的ID为: 280500408
2019-01-31 20:47:25 main.py:108 [INFO] 歌曲 This Is Me 对应的ID为: 8248476
2019-01-31 20:47:25 main.py:108 [INFO] 歌曲 God Only Knows 对应的ID为: 612029505
2019-01-31 20:47:25 main.py:108 [INFO] 歌曲 Meant to Be 对应的ID为: 7999068
2019-01-31 20:47:25 main.py:137 [INFO] 获取歌曲信息 {"songname": "Beautiful Crazy", "artist": "Zandr\u00e9", "link": null, "size": null, "data": false}
2019-01-31 20:47:25 main.py:137 [INFO] 获取歌曲信息 {"songname": "Shallow Graves of Poachers", "artist": "Zerfallmensch", "link": "http://zhangmenshiting.qianqian.com/data2/music/0ee96244e4bb9487f1259c17b26bdef3/278181855/278180384115200793.flac?xcode=2930e59e185b1e5bb74cd3784244547c", "size": 46, "data": true}
2019-01-31 20:47:25 main.py:137 [INFO] 获取歌曲信息 {"songname": "You Say Yes", "artist": "Judas Priest", "link": null, "size": null, "data": false}
2019-01-31 20:47:25 main.py:137 [INFO] 获取歌曲信息 {"songname": "Anxiety", "artist": "Goldfinger", "link": null, "size": null, "data": false}
2019-01-31 20:47:26 main.py:137 [INFO] 获取歌曲信息 {"data": false}
2019-01-31 20:47:26 main.py:137 [INFO] 获取歌曲信息 {"songname": "Sweet But Psycho", "artist": "Dinside Project", "link": "http://zhangmenshiting.qianqian.com/data2/music/94d32df94529fd0db179813ad379d639/607181029/607180890237600688.flac?xcode=2930e59e185b1e5be9c5304b21fec782", "size": 8, "data": true}
2019-01-31 20:47:26 main.py:137 [INFO] 获取歌曲信息 {"songname": "7 Rings", "artist": "Diego Bo$$", "link": null, "size": null, "data": false}
2019-01-31 20:47:26 main.py:137 [INFO] 获取歌曲信息 {"songname": "Eastside Westside", "artist": "Tony Yayo", "link": null, "size": null, "data": false}
2019-01-31 20:47:26 main.py:137 [INFO] 获取歌曲信息 {"data": false}
2019-01-31 20:47:26 main.py:137 [INFO] 获取歌曲信息 {"songname": "Con Calma", "artist": "Salsa Stars", "link": "http://zhangmenshiting.qianqian.com/data2/music/08bb5a1660196fb9fc9aaa36ebc5ffa6/299932341/299932320172800788.flac?xcode=2930e59e185b1e5be9c5304b21fec782", "size": 20, "data": true}
2019-01-31 20:47:26 main.py:137 [INFO] 获取歌曲信息 {"songname": "Bohemian Rhapsody (2009 Digital Remaster)", "artist": "Queen", "link": "http://zhangmenshiting.qianqian.com/data2/music/46959189/15724840144000774.flac?xcode=2930e59e185b1e5be9c5304b21fec782", "size": 33, "data": true}
2019-01-31 20:47:26 main.py:137 [INFO] 获取歌曲信息 {"songname": "Happier Man", "artist": "Sophie Zelmani", "link": null, "size": null, "data": false}
2019-01-31 20:47:26 main.py:137 [INFO] 获取歌曲信息 {"songname": "Middle Child", "artist": "Railroad Jerk", "link": null, "size": null, "data": false}
2019-01-31 20:47:26 main.py:137 [INFO] 获取歌曲信息 {"data": false}
2019-01-31 20:47:26 main.py:137 [INFO] 获取歌曲信息 {"songname": "Sicko Mode #Screwed", "artist": "Pollie Pop", "link": null, "size": null, "data": false}
2019-01-31 20:47:26 main.py:137 [INFO] 获取歌曲信息 {"songname": "Speechless", "artist": "Helmet", "link": "http://zhangmenshiting.qianqian.com/data2/music/90817459/7384134108000948.flac?xcode=2930e59e185b1e5be9c5304b21fec782", "size": 20, "data": true}
2019-01-31 20:47:27 main.py:137 [INFO] 获取歌曲信息 {"songname": "High Hopes", "artist": "\u65b0\u7231\u4e50\u4ea4\u54cd\u4e50\u56e2", "link": null, "size": null, "data": false}
2019-01-31 20:47:27 main.py:137 [INFO] 获取歌曲信息 {"data": false}
2019-01-31 20:47:27 main.py:137 [INFO] 获取歌曲信息 {"data": false}
2019-01-31 20:47:27 main.py:137 [INFO] 获取歌曲信息 {"songname": "Thank U, Next", "artist": "Power Music Workout", "link": null, "size": null, "data": false}
2019-01-31 20:47:27 main.py:137 [INFO] 获取歌曲信息 {"songname": "Be Alright", "artist": "\u9ad8\u723e\u5ba3 OSN", "link": "http://zhangmenshiting.qianqian.com/data2/music/ff23ce01da8437b765f13e27a074cc4b/607920311/6079203051476001733.flac?xcode=2930e59e185b1e5bb74cd3784244547c", "size": 42, "data": true}
2019-01-31 20:47:27 main.py:137 [INFO] 获取歌曲信息 {"data": false}
2019-01-31 20:47:27 main.py:137 [INFO] 获取歌曲信息 {"songname": "Without Me", "artist": "Eminem", "link": "http://zhangmenshiting.qianqian.com/data2/music/6504b5e55b089623c00f458a948eb7d3/599503865/1046349162000832.flac?xcode=2930e59e185b1e5be9c5304b21fec782", "size": 26, "data": true}
2019-01-31 20:47:27 main.py:137 [INFO] 获取歌曲信息 {"songname": "Better Me (\u65b9\u5927\u540c\u63a8\u8350\u7248)", "artist": "\u65b9\u5927\u540c,\u859b\u51ef\u742a", "link": null, "size": null, "data": false}
2019-01-31 20:47:27 main.py:137 [INFO] 获取歌曲信息 {"songname": "Money Money Home", "artist": "\u8d56\u4f1f\u950b", "link": "http://zhangmenshiting.qianqian.com/data2/music/6026ca5952a6396e3b26bd232303f744/596640779/262127815252001019.flac?xcode=2930e59e185b1e5b90032d54ecb07301", "size": 23, "data": true}
2019-01-31 20:47:27 main.py:137 [INFO] 获取歌曲信息 {"songname": "Rumors", "artist": "Lindsay Lohan", "link": "http://zhangmenshiting.qianqian.com/data2/music/4a6f462f0e9e975af84c6e222a5e6591/599533812/612048172800978.flac?xcode=2930e59e185b1e5bc6826868de970894", "size": 23, "data": true}
2019-01-31 20:47:27 main.py:137 [INFO] 获取歌曲信息 {"data": false}
2019-01-31 20:47:27 main.py:137 [INFO] 获取歌曲信息 {"songname": "Come Along", "artist": "Cee Lo Green,Vicci Martinez", "link": "http://zhangmenshiting.qianqian.com/data2/music/51198388/174913072124001015.flac?xcode=0fb33c9ba9801418aca186416cbdae39", "size": 26, "data": true}
2019-01-31 20:47:27 main.py:137 [INFO] 获取歌曲信息 {"songname": "Snap Yo Fingers", "artist": "Youngbloodz,Sean Paul,E40,Lil Jon", "link": "http://zhangmenshiting.qianqian.com/data2/music/02eb8cb46af62b120220639a36e67b10/594665753/294305979108001034.flac?xcode=2930e59e185b1e5b90032d54ecb07301", "size": 34, "data": true}
2019-01-31 20:47:27 main.py:137 [INFO] 获取歌曲信息 {"songname": "We Will Rock You", "artist": "\u8d35\u65cf\u4e50\u56e2", "link": "http://zhangmenshiting.qianqian.com/data2/music/4169129957766e5d406fede77ad7597f/596954231/122175243972001022.flac?xcode=2930e59e185b1e5bc6826868de970894", "size": 21, "data": true}
2019-01-31 20:47:27 main.py:137 [INFO] 获取歌曲信息 {"songname": "Girlfriend", "artist": "\u66f9\u683c", "link": "http://zhangmenshiting.qianqian.com/data2/music/60f03e150d31e547b369a2d1755ffad6/599506430/100485272000128.mp3?xcode=2375e340758210702c25efac0ddd93cf", "size": 4, "data": true}
2019-01-31 20:47:27 main.py:137 [INFO] 获取歌曲信息 {"songname": "Better Now", "artist": "Cloves", "link": null, "size": null, "data": false}
2019-01-31 20:47:28 main.py:137 [INFO] 获取歌曲信息 {"songname": "Tennessee Whiskey", "artist": "Nantucket", "link": null, "size": null, "data": false}
2019-01-31 20:47:28 main.py:137 [INFO] 获取歌曲信息 {"data": false}
2019-01-31 20:47:28 main.py:137 [INFO] 获取歌曲信息 {"songname": "No Place Like Home", "artist": "Blu Cantrell", "link": null, "size": null, "data": false}
2019-01-31 20:47:28 main.py:137 [INFO] 获取歌曲信息 {"songname": "Close To Me", "artist": "The Cure", "link": null, "size": null, "data": false}
2019-01-31 20:47:28 main.py:137 [INFO] 获取歌曲信息 {"data": false}
2019-01-31 20:47:28 main.py:137 [INFO] 获取歌曲信息 {"songname": "Taki Taki", "artist": "Los Siete", "link": "http://zhangmenshiting.qianqian.com/data2/music/83582f50661fe5602421bd5185dc2f22/292114164/292114126165600886.flac?xcode=2930e59e185b1e5bc6826868de970894", "size": 22, "data": true}
2019-01-31 20:47:28 main.py:137 [INFO] 获取歌曲信息 {"songname": "Tequila Makes Her Clothes Fall Off", "artist": "Joe Nichols", "link": "http://zhangmenshiting.qianqian.com/data2/music/90747586/594110136800848.flac?xcode=2930e59e185b1e5bc6826868de970894", "size": 19, "data": true}
2019-01-31 20:47:28 main.py:137 [INFO] 获取歌曲信息 {"songname": "Millionaires", "artist": "Example", "link": null, "size": null, "data": false}
2019-01-31 20:47:28 main.py:137 [INFO] 获取歌曲信息 {"songname": "Rainy Days And Mondays - 1991 Remix", "artist": "Carpenters", "link": "http://zhangmenshiting.qianqian.com/data2/music/b63b6be72516b0b3488cc801887f50bf/599431525/2158767226800806.flac?xcode=2930e59e185b1e5b90032d54ecb07301", "size": 21, "data": true}
2019-01-31 20:47:28 main.py:137 [INFO] 获取歌曲信息 {"songname": "Moderation", "artist": "Beady Belle", "link": null, "size": null, "data": false}
2019-01-31 20:47:28 main.py:137 [INFO] 获取歌曲信息 {"songname": "\u6dcb\u96e8\u4e00\u76f4\u8d70", "artist": "Perfect", "link": null, "size": null, "data": false}
2019-01-31 20:47:28 main.py:137 [INFO] 获取歌曲信息 {"songname": "Make It Sweet", "artist": "The Hit Crew", "link": "http://zhangmenshiting.qianqian.com/data2/music/3bb1470d7f319974c83afe97609ae556/295466456/295466446165600695.flac?xcode=2930e59e185b1e5b9614b4474386abae", "size": 8, "data": true}
2019-01-31 20:47:28 main.py:137 [INFO] 获取歌曲信息 {"songname": "Going Bad", "artist": "Tech N9NE", "link": "http://zhangmenshiting.qianqian.com/data2/music/8a1b26fe9bebf05dca3de774ce3b150e/292815486/2928154347200978.flac?xcode=2930e59e185b1e5bc6826868de970894", "size": 40, "data": true}
2019-01-31 20:47:28 main.py:137 [INFO] 获取歌曲信息 {"songname": "Dancing With A Stranger", "artist": "The Risk", "link": "http://zhangmenshiting.qianqian.com/data2/music/ba7a9ef3929ebee014cb4db08f186c26/290894724/290894668187200976.flac?xcode=2930e59e185b1e5b90032d54ecb07301", "size": 36, "data": true}
2019-01-31 20:47:28 main.py:137 [INFO] 获取歌曲信息 {"data": false}
2019-01-31 20:47:28 main.py:137 [INFO] 获取歌曲信息 {"songname": "Miss Me More (Originally Performed by Striking Matches) [Instrumental]", "artist": "Singer's Edge Karaoke", "link": "http://zhangmenshiting.qianqian.com/data2/music/5eb8ed555ac49b3a0afcef4baaf6e260/290448946/290448895111600883.flac?xcode=2930e59e185b1e5b90032d54ecb07301", "size": 22, "data": true}
2019-01-31 20:47:28 main.py:137 [INFO] 获取歌曲信息 {"data": false}
2019-01-31 20:47:28 main.py:137 [INFO] 获取歌曲信息 {"songname": "I Like It\uff08Feat.Sway (The Downtown) From Sapporo\uff09", "artist": "\u5b8f\u5b9f", "link": null, "size": null, "data": false}
2019-01-31 20:47:28 main.py:137 [INFO] 获取歌曲信息 {"songname": "Dirty Whiskey Glasses", "artist": "Raul Medina", "link": null, "size": null, "data": false}
2019-01-31 20:47:28 main.py:137 [INFO] 获取歌曲信息 {"songname": "Gabriela", "artist": "Zeze Mota", "link": "http://zhangmenshiting.qianqian.com/data2/music/4da0caf6fb174506604a7c21d1d6e72d/297516996/29751696414400752.flac?xcode=2930e59e185b1e5b26d7084657a59bf4", "size": 21, "data": true}
2019-01-31 20:47:28 main.py:137 [INFO] 获取歌曲信息 {"data": false}
2019-01-31 20:47:28 main.py:137 [INFO] 获取歌曲信息 {"songname": "Sixteen Tons", "artist": "Tennessee Ernie Ford", "link": "http://zhangmenshiting.qianqian.com/data2/music/6dc28fb7c39213e511f1a8f17e82418d/594615532/332797385234000693.flac?xcode=2930e59e185b1e5b9614b4474386abae", "size": 13, "data": true}
2019-01-31 20:47:29 main.py:137 [INFO] 获取歌曲信息 {"songname": "What Makes You Country", "artist": "David Cooler", "link": "http://zhangmenshiting.qianqian.com/data2/music/20b08baaf10535cb125ddc6d02635dc3/316679155/316679106237600990.flac?xcode=2930e59e185b1e5b26d7084657a59bf4", "size": 26, "data": true}
2019-01-31 20:47:29 main.py:137 [INFO] 获取歌曲信息 {"songname": "\u65f6\u7a7a\u80f6\u56ca", "artist": "\u68c9\u82b1\u7cd6", "link": "http://zhangmenshiting.qianqian.com/data2/music/2573213666802e4451ec03a0568be25f/599528954/69041110800128.mp3?xcode=ef88646be6c8e2710fd1a9e14bd081d7", "size": 3, "data": true}
2019-01-31 20:47:29 main.py:137 [INFO] 获取歌曲信息 {"songname": "This Is It", "artist": "Inspectah Deck", "link": null, "size": null, "data": false}
2019-01-31 20:47:29 main.py:137 [INFO] 获取歌曲信息 {"songname": "On My Way To You", "artist": "Barbra Streisand", "link": null, "size": null, "data": false}
2019-01-31 20:47:29 main.py:137 [INFO] 获取歌曲信息 {"songname": "My Year In Lists", "artist": "Los Campesinos!", "link": null, "size": null, "data": false}
2019-01-31 20:47:29 main.py:137 [INFO] 获取歌曲信息 {"songname": "A Million Dreams Ago (Remastered 1994)", "artist": "Glenn Miller & His Orchestra,Ray Eberle", "link": null, "size": null, "data": false}
2019-01-31 20:47:29 main.py:137 [INFO] 获取歌曲信息 {"songname": "Burning Man", "artist": "Hearthill", "link": null, "size": null, "data": false}
2019-01-31 20:47:29 main.py:137 [INFO] 获取歌曲信息 {"songname": "Somebody To Love", "artist": "Justin Bieber", "link": "http://zhangmenshiting.qianqian.com/data2/music/f2e364a5200fff8f0d05967bb2c4fa6a/599531564/6411971332001043.flac?xcode=2930e59e185b1e5b26d7084657a59bf4", "size": 27, "data": true}
2019-01-31 20:47:29 main.py:137 [INFO] 获取歌曲信息 {"songname": "WE ARE THE CHAMPIONS", "artist": "Various Artists", "link": "http://zhangmenshiting.qianqian.com/data2/music/096646f660117f0d703b18a769a68863/599802220/59979874739600876.flac?xcode=2930e59e185b1e5b26d7084657a59bf4", "size": 19, "data": true}
2019-01-31 20:47:29 main.py:137 [INFO] 获取歌曲信息 {"songname": "Basic Mutual-love Theory", "artist": "SIN*SKI", "link": "http://zhangmenshiting.qianqian.com/data2/music/788a89496d4e2c5371849f4420781614/609935107/60926704886400899.flac?xcode=2930e59e185b1e5b48ae5c20176c0886", "size": 25, "data": true}
2019-01-31 20:47:29 main.py:137 [INFO] 获取歌曲信息 {"songname": "Boom boom  boom", "artist": "\u738b\u7ece\u9f99", "link": "http://zhangmenshiting.qianqian.com/data2/music/cbba98b691e7f4d545b6753fc9ec70b1/599459684/329968732340001045.flac?xcode=2930e59e185b1e5b26d7084657a59bf4", "size": 23, "data": true}
2019-01-31 20:47:29 main.py:137 [INFO] 获取歌曲信息 {"songname": "Love Someone (feat. Cantplay)", "artist": "Lessovsky", "link": "http://zhangmenshiting.qianqian.com/data2/music/2aa8c5b9af0366b6c08ea4be0a2f2847/292396763/292396674237600828.flac?xcode=2930e59e185b1e5b26d7084657a59bf4", "size": 45, "data": true}
2019-01-31 20:47:29 main.py:137 [INFO] 获取歌曲信息 {"data": false}
2019-01-31 20:47:29 main.py:137 [INFO] 获取歌曲信息 {"songname": "Maybe It's Time (Gravity)", "artist": "Green River Ordinance", "link": null, "size": null, "data": false}
2019-01-31 20:47:29 main.py:137 [INFO] 获取歌曲信息 {"songname": "Things We Lost in the Fire", "artist": "Bastille", "link": null, "size": null, "data": false}
2019-01-31 20:47:29 main.py:137 [INFO] 获取歌曲信息 {"songname": "Another One Bites The Dust", "artist": "Queen", "link": "http://zhangmenshiting.qianqian.com/data2/music/7419cb9adb7cd5b195a8844e224ae0ae/599429589/220500310800128.mp3?xcode=74793f8b4fd1924ced47f60d337fa3fd", "size": 3, "data": true}
2019-01-31 20:47:29 main.py:137 [INFO] 获取歌曲信息 {"songname": "Beautiful", "artist": "\u6881\u9759\u8339", "link": "http://zhangmenshiting.qianqian.com/data2/music/e62070470b621bee8dda7989a3cb1fa9/599615369/29198693600128.mp3?xcode=2375e34075821070d1fcd5f6c50b1ab0", "size": 3, "data": true}
2019-01-31 20:47:29 main.py:137 [INFO] 获取歌曲信息 {"songname": "Girl Like You", "artist": "Donavon Frankenreiter", "link": "http://zhangmenshiting.qianqian.com/data2/music/89926105/171859286400991.flac?xcode=0fb33c9ba9801418b50a78e8b32aeef1", "size": 22, "data": true}
2019-01-31 20:47:29 main.py:137 [INFO] 获取歌曲信息 {"songname": "Shotgun Whupin'", "artist": "Johnny Shines", "link": "http://zhangmenshiting.qianqian.com/data2/music/9a9f10a7f1603c5565158a612aacfdd6/596205596/549702998223200783.flac?xcode=2930e59e185b1e5b26d7084657a59bf4", "size": 13, "data": true}
2019-01-31 20:47:29 main.py:137 [INFO] 获取歌曲信息 {"songname": "Twerkin!!!", "artist": "Kreayshawn featuring Diplo and Sissy Nobby", "link": null, "size": null, "data": false}
2019-01-31 20:47:29 main.py:137 [INFO] 获取歌曲信息 {"songname": "Electricity", "artist": "Suede", "link": "http://zhangmenshiting.qianqian.com/data2/music/51519794/22102492340001030.flac?xcode=0fb33c9ba9801418b50a78e8b32aeef1", "size": 34, "data": true}
2019-01-31 20:47:30 main.py:137 [INFO] 获取歌曲信息 {"songname": "Consequences", "artist": "The Robert Cray Band", "link": null, "size": null, "data": false}
2019-01-31 20:47:30 main.py:137 [INFO] 获取歌曲信息 {"songname": "Under Pressure (In the Style of Queen & David Bowie) [Karaoke Version]", "artist": "Ameritz Digital Karaoke", "link": "http://zhangmenshiting.qianqian.com/data2/music/d414d20cd1fd5069172d9173a41394f7/281172497/281172438194400901.flac?xcode=2930e59e185b1e5b48ae5c20176c0886", "size": 24, "data": true}
2019-01-31 20:47:30 main.py:137 [INFO] 获取歌曲信息 {"songname": "\u8c01\u5077\u8d70\u4e86\u6211\u7684\u65f6\u95f4", "artist": "\u8428\u9876\u9876,\u5e38\u8fdc", "link": "http://zhangmenshiting.qianqian.com/data2/music/9246c1c836134b45b178fc949bf2c7d4/594606927/531117847198000928.flac?xcode=2930e59e185b1e5b48ae5c20176c0886", "size": 20, "data": true}
2019-01-31 20:47:30 main.py:137 [INFO] 获取歌曲信息 {"songname": "Radio Ga Ga (In The Style Of Queen)", "artist": "Karaoke - Ameritz", "link": "http://zhangmenshiting.qianqian.com/data2/music/d8e549ad6c6dc05ad7f115886f26f920/279249126/279249026180000811.flac?xcode=2930e59e185b1e5b48ae5c20176c0886", "size": 25, "data": true}
2019-01-31 20:47:30 main.py:137 [INFO] 获取歌曲信息 {"songname": "Don'T Stop Me Now", "artist": "McFly", "link": null, "size": null, "data": false}
2019-01-31 20:47:30 main.py:137 [INFO] 获取歌曲信息 {"songname": "Night Shift", "artist": "Bob Marley", "link": null, "size": null, "data": false}
2019-01-31 20:47:30 main.py:137 [INFO] 获取歌曲信息 {"songname": "Change Your Mind", "artist": "The All American Rejects", "link": "http://zhangmenshiting.qianqian.com/data2/music/53469909/13229701512001049.flac?xcode=2930e59e185b1e5b48ae5c20176c0886", "size": 28, "data": true}
2019-01-31 20:47:30 main.py:137 [INFO] 获取歌曲信息 {"songname": "Everybody Wants to Rule the World", "artist": "Tears For Fears", "link": "http://zhangmenshiting.qianqian.com/data2/music/78c7498ad158ee6cd9e0f86aaf27227a/594628506/323397248115200901.flac?xcode=2930e59e185b1e5b48ae5c20176c0886", "size": 27, "data": true}
2019-01-31 20:47:30 main.py:137 [INFO] 获取歌曲信息 {"songname": "Good Girl (In the Style of Carrie Underwood) [Karaoke Version]", "artist": "Ameritz - Karaoke", "link": "http://zhangmenshiting.qianqian.com/data2/music/479cc8b835045205ea5a3c8fa9b4e0a9/280500446/2805004080981.flac?xcode=2930e59e185b1e5b48ae5c20176c0886", "size": 25, "data": true}
2019-01-31 20:47:30 main.py:137 [INFO] 获取歌曲信息 {"data": false}
2019-01-31 20:47:30 main.py:137 [INFO] 获取歌曲信息 {"songname": "A Better Way To Fall In Love", "artist": "This Is Me Smiling", "link": null, "size": null, "data": false}
2019-01-31 20:47:31 main.py:137 [INFO] 获取歌曲信息 {"songname": "God Only Knows", "artist": "\u4e95\u4e0a\u967d\u4ecb", "link": "http://zhangmenshiting.qianqian.com/data2/music/ff6f0a11213e594615ae0e888553f341/612029639/612029505205200762.flac?xcode=2930e59e185b1e5b26d7084657a59bf4", "size": 31, "data": true}
2019-01-31 20:47:31 main.py:137 [INFO] 获取歌曲信息 {"songname": "Meant To Be", "artist": "Sammy Kershaw", "link": null, "size": null, "data": false}
2019-01-31 20:47:31 main.py:183 [INFO] 获取歌曲信息完成，开始下载。
2019-01-31 20:47:56 main.py:154 [INFO] 下载中: D:\Python\music\songs_dir\ahai24喜欢的音乐\Shallow Graves of Poachers-Zerfallmensch.flac
2019-01-31 20:47:57 main.py:160 [INFO] 下载完成: D:\Python\music\songs_dir\ahai24喜欢的音乐\Shallow Graves of Poachers-Zerfallmensch.flac
2019-01-31 20:47:58 main.py:145 [INFO] Sweet But Psycho-Dinside Project 文件大小小于 10MB, 放弃下载。
2019-01-31 20:48:07 main.py:154 [INFO] 下载中: D:\Python\music\songs_dir\ahai24喜欢的音乐\Without Me-Eminem.flac
2019-01-31 20:48:07 main.py:160 [INFO] 下载完成: D:\Python\music\songs_dir\ahai24喜欢的音乐\Without Me-Eminem.flac
2019-01-31 20:48:21 main.py:154 [INFO] 下载中: D:\Python\music\songs_dir\ahai24喜欢的音乐\Speechless-Helmet.flac
2019-01-31 20:48:21 main.py:160 [INFO] 下载完成: D:\Python\music\songs_dir\ahai24喜欢的音乐\Speechless-Helmet.flac
2019-01-31 20:48:28 main.py:154 [INFO] 下载中: D:\Python\music\songs_dir\ahai24喜欢的音乐\Con Calma-Salsa Stars.flac
2019-01-31 20:48:28 main.py:160 [INFO] 下载完成: D:\Python\music\songs_dir\ahai24喜欢的音乐\Con Calma-Salsa Stars.flac
2019-01-31 20:48:47 main.py:154 [INFO] 下载中: D:\Python\music\songs_dir\ahai24喜欢的音乐\Be Alright-高爾宣 OSN.flac
2019-01-31 20:48:47 main.py:160 [INFO] 下载完成: D:\Python\music\songs_dir\ahai24喜欢的音乐\Be Alright-高爾宣 OSN.flac
2019-01-31 20:49:03 main.py:154 [INFO] 下载中: D:\Python\music\songs_dir\ahai24喜欢的音乐\Bohemian Rhapsody (2009 Digital Remaster)-Queen.flac
2019-01-31 20:49:03 main.py:160 [INFO] 下载完成: D:\Python\music\songs_dir\ahai24喜欢的音乐\Bohemian Rhapsody (2009 Digital Remaster)-Queen.flac
2019-01-31 20:51:05 main.py:154 [INFO] 下载中: D:\Python\music\songs_dir\ahai24喜欢的音乐\Money Money Home-赖伟锋.flac
2019-01-31 20:51:05 main.py:160 [INFO] 下载完成: D:\Python\music\songs_dir\ahai24喜欢的音乐\Money Money Home-赖伟锋.flac
2019-01-31 20:51:07 main.py:154 [INFO] 下载中: D:\Python\music\songs_dir\ahai24喜欢的音乐\Snap Yo Fingers-Youngbloodz,Sean Paul,E40,Lil Jon.flac
2019-01-31 20:51:07 main.py:160 [INFO] 下载完成: D:\Python\music\songs_dir\ahai24喜欢的音乐\Snap Yo Fingers-Youngbloodz,Sean Paul,E40,Lil Jon.flac
Traceback (most recent call last):
  File "C:\Users\Administrator\AppData\Local\Programs\Python\Python37\lib\site-packages\urllib3\response.py", line 360, in _error_catcher
    yield
  File "C:\Users\Administrator\AppData\Local\Programs\Python\Python37\lib\site-packages\urllib3\response.py", line 442, in read
    data = self._fp.read(amt)
  File "C:\Users\Administrator\AppData\Local\Programs\Python\Python37\lib\http\client.py", line 447, in read
    n = self.readinto(b)
  File "C:\Users\Administrator\AppData\Local\Programs\Python\Python37\lib\http\client.py", line 491, in readinto
    n = self.fp.readinto(b)
  File "C:\Users\Administrator\AppData\Local\Programs\Python\Python37\lib\socket.py", line 589, in readinto
    return self._sock.recv_into(b)
socket.timeout: timed out

During handling of the above exception, another exception occurred:

Traceback (most recent call last):
  File "C:\Users\Administrator\AppData\Local\Programs\Python\Python37\lib\site-packages\requests\models.py", line 750, in generate
    for chunk in self.raw.stream(chunk_size, decode_content=True):
  File "C:\Users\Administrator\AppData\Local\Programs\Python\Python37\lib\site-packages\urllib3\response.py", line 494, in stream
    data = self.read(amt=amt, decode_content=decode_content)
  File "C:\Users\Administrator\AppData\Local\Programs\Python\Python37\lib\site-packages\urllib3\response.py", line 459, in read
    raise IncompleteRead(self._fp_bytes_read, self.length_remaining)
  File "C:\Users\Administrator\AppData\Local\Programs\Python\Python37\lib\contextlib.py", line 130, in __exit__
    self.gen.throw(type, value, traceback)
  File "C:\Users\Administrator\AppData\Local\Programs\Python\Python37\lib\site-packages\urllib3\response.py", line 365, in _error_catcher
    raise ReadTimeoutError(self._pool, None, 'Read timed out.')
urllib3.exceptions.ReadTimeoutError: HTTPConnectionPool(host='zhangmenshiting.qianqian.com', port=80): Read timed out.

During handling of the above exception, another exception occurred:

Traceback (most recent call last):
  File "main.py", line 202, in <module>
    main()
  File "main.py", line 188, in main
    pool.map(download, song_infos[i-1:i+4-1])
  File "C:\Users\Administrator\AppData\Local\Programs\Python\Python37\lib\multiprocessing\pool.py", line 268, in map
    return self._map_async(func, iterable, mapstar, chunksize).get()
  File "C:\Users\Administrator\AppData\Local\Programs\Python\Python37\lib\multiprocessing\pool.py", line 657, in get
    raise self._value
  File "C:\Users\Administrator\AppData\Local\Programs\Python\Python37\lib\multiprocessing\pool.py", line 121, in worker
    result = (True, func(*args, **kwds))
  File "C:\Users\Administrator\AppData\Local\Programs\Python\Python37\lib\multiprocessing\pool.py", line 44, in mapstar
    return list(map(*args))
  File "main.py", line 153, in download_song
    r = requests.get(song_info['link'], headers=HEADERS, timeout=4)
  File "C:\Users\Administrator\AppData\Local\Programs\Python\Python37\lib\site-packages\requests\api.py", line 75, in get
    return request('get', url, params=params, **kwargs)
  File "C:\Users\Administrator\AppData\Local\Programs\Python\Python37\lib\site-packages\requests\api.py", line 60, in request
    return session.request(method=method, url=url, **kwargs)
  File "C:\Users\Administrator\AppData\Local\Programs\Python\Python37\lib\site-packages\requests\sessions.py", line 533, in request
    resp = self.send(prep, **send_kwargs)
  File "C:\Users\Administrator\AppData\Local\Programs\Python\Python37\lib\site-packages\requests\sessions.py", line 686, in send
    r.content
  File "C:\Users\Administrator\AppData\Local\Programs\Python\Python37\lib\site-packages\requests\models.py", line 828, in content
    self._content = b''.join(self.iter_content(CONTENT_CHUNK_SIZE)) or b''
  File "C:\Users\Administrator\AppData\Local\Programs\Python\Python37\lib\site-packages\requests\models.py", line 757, in generate
    raise ConnectionError(e)
requests.exceptions.ConnectionError: HTTPConnectionPool(host='zhangmenshiting.qianqian.com', port=80): Read timed out.

第二次下载：
D:\Python\music>python main.py 'https://music.163.com/#/my/m/music/playlist?id=2647507625'
2019-01-31 20:53:29 main.py:73 [INFO] 歌单: ahai24喜欢的音乐

2019-01-31 20:53:29 main.py:173 [INFO] 歌单中包含的歌曲有: ['Shallow', '7 rings', 'Sunflower (Spider-Man: Into the Spider-Verse)', 'MIDDLE CHILD', 'High Hopes', 'Without Me', 'You Say', 'Sweet but Psycho', 'Happier', 'Wow.', 'Always Remember Us This Way', "i'm so tired...", 'Beautiful Crazy', 'Eastside', 'Con Calma', 'Speechless', 'thank u, next', 'Be Alright', 'Anxiety', 'Nothing Breaks Like a Heart', 'Bohemian Rhapsody', 'SICKO MODE', 'Down To The Honkytonk', 'Better', 'Money', 'Youngblood', 'No Place', 'Taki Taki', 'Moderation', 'Dancing With A Stranger', 'Come Along', 'GIRL', 'Girls Have Fun', 'Tequila', 'Make It Sweet', 'Miss Me More', 'Rumor', 'We Will Rock You', 'Tennessee Whiskey', 'Mo Bamba', 'Rainy Days', 'Going Bad', 'She Got the Best of Me', 'Better Now', 'Close To Me', 'Millionaire', 'Perfect', 'Harmony Hall', "I'll Never Love Again (Extended Version)", 'Wake Up in the Sky', 'On My Way to You', 'Burning Man', 'BOOM', 'Beautiful', 'I Like It', 'Sixteen', 'This Is It', 'Somebody to Love', 'Love Someone', 'Another One Bites the Dust', 'Whiskey Glasses', 'What Makes You Country', 'My Year', 'We Are the Champions', 'Talk You Out Of It', 'Lost in the Fire', 'ZEZE', 'MIA', 'A Million Dreams', 'Love Theory', "Maybe It's Time", 'Girl Like You', 'Shotgun', 'Under Pressure', "Don't Stop Me Now", 'Change Your Mind', "I'll Never Love Again (Film Version)", 'God Only Knows', 'Twerk', 'Consequences', 'Radio Ga Ga', 'Everybody Wants To Rule The World', 'This Is Me', 'Meant to Be', 'Electricity', 'Sad!', 'Night Shift', 'Good Girl']
2019-01-31 20:53:29 main.py:108 [INFO] 歌曲 You Say 对应的ID为: 374200
2019-01-31 20:53:29 main.py:108 [INFO] 歌曲 Shallow 对应的ID为: 278180384
2019-01-31 20:53:29 main.py:108 [INFO] 歌曲 Anxiety 对应的ID为: 8759816
2019-01-31 20:53:29 main.py:108 [INFO] 歌曲 Beautiful Crazy 对应的ID为: 306668596
2019-01-31 20:53:29 main.py:108 [INFO] 歌曲 7 rings 对应的ID为: 546248204
2019-01-31 20:53:29 main.py:104 [INFO] 未查找到歌曲 Nothing Breaks Like a Heart 对应的ID
2019-01-31 20:53:29 main.py:108 [INFO] 歌曲 Sweet but Psycho 对应的ID为: 607180890
2019-01-31 20:53:29 main.py:108 [INFO] 歌曲 Eastside 对应的ID为: 8517191
2019-01-31 20:53:29 main.py:108 [INFO] 歌曲 Bohemian Rhapsody 对应的ID为: 15724840
2019-01-31 20:53:29 main.py:104 [INFO] 未查找到歌曲 Sunflower (Spider-Man: Into the Spider-Verse) 对应的ID
2019-01-31 20:53:29 main.py:108 [INFO] 歌曲 Con Calma 对应的ID为: 299932320
2019-01-31 20:53:29 main.py:108 [INFO] 歌曲 Happier 对应的ID为: 385022
2019-01-31 20:53:30 main.py:108 [INFO] 歌曲 MIDDLE CHILD 对应的ID为: 544242116
2019-01-31 20:53:30 main.py:108 [INFO] 歌曲 SICKO MODE 对应的ID为: 602510094
2019-01-31 20:53:30 main.py:108 [INFO] 歌曲 Speechless 对应的ID为: 7384134
2019-01-31 20:53:30 main.py:104 [INFO] 未查找到歌曲 Wow. 对应的ID
2019-01-31 20:53:30 main.py:104 [INFO] 未查找到歌曲 Down To The Honkytonk 对应的ID
2019-01-31 20:53:30 main.py:108 [INFO] 歌曲 thank u, next 对应的ID为: 610519452
2019-01-31 20:53:30 main.py:108 [INFO] 歌曲 High Hopes 对应的ID为: 34205520
2019-01-31 20:53:30 main.py:104 [INFO] 未查找到歌曲 Always Remember Us This Way 对应的ID
2019-01-31 20:53:30 main.py:104 [INFO] 未查找到歌曲 i'm so tired... 对应的ID
2019-01-31 20:53:30 main.py:108 [INFO] 歌曲 Without Me 对应的ID为: 1046349
2019-01-31 20:53:30 main.py:108 [INFO] 歌曲 Be Alright 对应的ID为: 607920305
2019-01-31 20:53:30 main.py:108 [INFO] 歌曲 Better 对应的ID为: 33944998
2019-01-31 20:53:30 main.py:108 [INFO] 歌曲 Money 对应的ID为: 262127815
2019-01-31 20:53:30 main.py:108 [INFO] 歌曲 Rumor 对应的ID为: 612048
2019-01-31 20:53:30 main.py:108 [INFO] 歌曲 Come Along 对应的ID为: 8378274
2019-01-31 20:53:30 main.py:104 [INFO] 未查找到歌曲 She Got the Best of Me 对应的ID
2019-01-31 20:53:30 main.py:108 [INFO] 歌曲 Youngblood 对应的ID为: 294305979
2019-01-31 20:53:30 main.py:108 [INFO] 歌曲 We Will Rock You 对应的ID为: 122175243
2019-01-31 20:53:30 main.py:108 [INFO] 歌曲 GIRL 对应的ID为: 1004852
2019-01-31 20:53:30 main.py:108 [INFO] 歌曲 Better Now 对应的ID为: 8341266
2019-01-31 20:53:31 main.py:104 [INFO] 未查找到歌曲 Girls Have Fun 对应的ID
2019-01-31 20:53:31 main.py:108 [INFO] 歌曲 No Place 对应的ID为: 339763
2019-01-31 20:53:31 main.py:108 [INFO] 歌曲 Tennessee Whiskey 对应的ID为: 10539250
2019-01-31 20:53:31 main.py:108 [INFO] 歌曲 Close To Me 对应的ID为: 469766
2019-01-31 20:53:31 main.py:108 [INFO] 歌曲 Taki Taki 对应的ID为: 292114126
2019-01-31 20:53:31 main.py:108 [INFO] 歌曲 Tequila 对应的ID为: 594110
2019-01-31 20:53:31 main.py:104 [INFO] 未查找到歌曲 Mo Bamba 对应的ID
2019-01-31 20:53:31 main.py:108 [INFO] 歌曲 Millionaire 对应的ID为: 603550
2019-01-31 20:53:31 main.py:108 [INFO] 歌曲 Moderation 对应的ID为: 8577502
2019-01-31 20:53:31 main.py:108 [INFO] 歌曲 Make It Sweet 对应的ID为: 295466446
2019-01-31 20:53:31 main.py:108 [INFO] 歌曲 Rainy Days 对应的ID为: 2158767
2019-01-31 20:53:31 main.py:108 [INFO] 歌曲 Perfect 对应的ID为: 74090524
2019-01-31 20:53:31 main.py:108 [INFO] 歌曲 Dancing With A Stranger 对应的ID为: 290894668
2019-01-31 20:53:31 main.py:104 [INFO] 未查找到歌曲 Harmony Hall 对应的ID
2019-01-31 20:53:31 main.py:108 [INFO] 歌曲 Going Bad 对应的ID为: 292815434
2019-01-31 20:53:31 main.py:108 [INFO] 歌曲 Miss Me More 对应的ID为: 290448895
2019-01-31 20:53:31 main.py:108 [INFO] 歌曲 Whiskey Glasses 对应的ID为: 576929521
2019-01-31 20:53:31 main.py:104 [INFO] 未查找到歌曲 I'll Never Love Again (Extended Version) 对应的ID
2019-01-31 20:53:31 main.py:108 [INFO] 歌曲 I Like It 对应的ID为: 688194
2019-01-31 20:53:31 main.py:108 [INFO] 歌曲 ZEZE 对应的ID为: 297516964
2019-01-31 20:53:32 main.py:108 [INFO] 歌曲 What Makes You Country 对应的ID为: 316679106
2019-01-31 20:53:32 main.py:104 [INFO] 未查找到歌曲 Wake Up in the Sky 对应的ID
2019-01-31 20:53:32 main.py:108 [INFO] 歌曲 MIA 对应的ID为: 690411
2019-01-31 20:53:32 main.py:108 [INFO] 歌曲 Sixteen 对应的ID为: 332797385
2019-01-31 20:53:32 main.py:108 [INFO] 歌曲 My Year 对应的ID为: 8009936
2019-01-31 20:53:32 main.py:108 [INFO] 歌曲 On My Way to You 对应的ID为: 1588162
2019-01-31 20:53:32 main.py:108 [INFO] 歌曲 This Is It 对应的ID为: 2174932
2019-01-31 20:53:32 main.py:108 [INFO] 歌曲 A Million Dreams 对应的ID为: 94807282
2019-01-31 20:53:32 main.py:108 [INFO] 歌曲 We Are the Champions 对应的ID为: 599798747
2019-01-31 20:53:32 main.py:108 [INFO] 歌曲 Somebody to Love 对应的ID为: 641197
2019-01-31 20:53:32 main.py:108 [INFO] 歌曲 Love Theory 对应的ID为: 609267048
2019-01-31 20:53:32 main.py:108 [INFO] 歌曲 Burning Man 对应的ID为: 12851604
2019-01-31 20:53:32 main.py:104 [INFO] 未查找到歌曲 Talk You Out Of It 对应的ID
2019-01-31 20:53:32 main.py:108 [INFO] 歌曲 Love Someone 对应的ID为: 292396674
2019-01-31 20:53:32 main.py:108 [INFO] 歌曲 BOOM 对应的ID为: 32996873
2019-01-31 20:53:32 main.py:108 [INFO] 歌曲 Maybe It's Time 对应的ID为: 259411706
2019-01-31 20:53:32 main.py:108 [INFO] 歌曲 Lost in the Fire 对应的ID为: 31618693
2019-01-31 20:53:32 main.py:108 [INFO] 歌曲 Girl Like You 对应的ID为: 1718592
2019-01-31 20:53:33 main.py:108 [INFO] 歌曲 Another One Bites the Dust 对应的ID为: 2205003
2019-01-31 20:53:33 main.py:108 [INFO] 歌曲 Beautiful 对应的ID为: 291986
2019-01-31 20:53:33 main.py:108 [INFO] 歌曲 Shotgun 对应的ID为: 549702998
2019-01-31 20:53:33 main.py:108 [INFO] 歌曲 Twerk 对应的ID为: 30894432
2019-01-31 20:53:33 main.py:108 [INFO] 歌曲 Electricity 对应的ID为: 8272174
2019-01-31 20:53:33 main.py:108 [INFO] 歌曲 Under Pressure 对应的ID为: 281172438
2019-01-31 20:53:33 main.py:108 [INFO] 歌曲 Consequences 对应的ID为: 11107656
2019-01-31 20:53:33 main.py:108 [INFO] 歌曲 Sad! 对应的ID为: 531117847
2019-01-31 20:53:33 main.py:108 [INFO] 歌曲 Don't Stop Me Now 对应的ID为: 5589504
2019-01-31 20:53:33 main.py:108 [INFO] 歌曲 Radio Ga Ga 对应的ID为: 279249026
2019-01-31 20:53:33 main.py:108 [INFO] 歌曲 Night Shift 对应的ID为: 1413142
2019-01-31 20:53:33 main.py:108 [INFO] 歌曲 Change Your Mind 对应的ID为: 1322970
2019-01-31 20:53:33 main.py:108 [INFO] 歌曲 Everybody Wants To Rule The World 对应的ID为: 323397248
2019-01-31 20:53:33 main.py:108 [INFO] 歌曲 Good Girl 对应的ID为: 280500408
2019-01-31 20:53:33 main.py:104 [INFO] 未查找到歌曲 I'll Never Love Again (Film Version) 对应的ID
2019-01-31 20:53:33 main.py:108 [INFO] 歌曲 This Is Me 对应的ID为: 8248476
2019-01-31 20:53:34 main.py:108 [INFO] 歌曲 God Only Knows 对应的ID为: 612029505
2019-01-31 20:53:34 main.py:108 [INFO] 歌曲 Meant to Be 对应的ID为: 7999068
2019-01-31 20:53:34 main.py:137 [INFO] 获取歌曲信息 {"songname": "Anxiety", "artist": "Goldfinger", "link": null, "size": null, "data": false}
2019-01-31 20:53:34 main.py:137 [INFO] 获取歌曲信息 {"songname": "Shallow Graves of Poachers", "artist": "Zerfallmensch", "link": "http://zhangmenshiting.qianqian.com/data2/music/0ee96244e4bb9487f1259c17b26bdef3/278181855/278180384115200793.flac?xcode=2930e59e185b1e5bb74cd3784244547c", "size": 46, "data": true}
2019-01-31 20:53:34 main.py:137 [INFO] 获取歌曲信息 {"songname": "Beautiful Crazy", "artist": "Zandr\u00e9", "link": null, "size": null, "data": false}
2019-01-31 20:53:34 main.py:137 [INFO] 获取歌曲信息 {"songname": "You Say Yes", "artist": "Judas Priest", "link": null, "size": null, "data": false}
2019-01-31 20:53:34 main.py:137 [INFO] 获取歌曲信息 {"songname": "Sweet But Psycho", "artist": "Dinside Project", "link": "http://zhangmenshiting.qianqian.com/data2/music/94d32df94529fd0db179813ad379d639/607181029/607180890237600688.flac?xcode=2930e59e185b1e5be9c5304b21fec782", "size": 8, "data": true}
2019-01-31 20:53:34 main.py:137 [INFO] 获取歌曲信息 {"songname": "Eastside Ryders", "artist": "Holiday Styles,Tha Eastsidaz", "link": null, "size": null, "data": false}
2019-01-31 20:53:34 main.py:137 [INFO] 获取歌曲信息 {"data": false}
2019-01-31 20:53:34 main.py:137 [INFO] 获取歌曲信息 {"songname": "7 Rings", "artist": "Diego Bo$$", "link": null, "size": null, "data": false}
2019-01-31 20:53:34 main.py:137 [INFO] 获取歌曲信息 {"data": false}
2019-01-31 20:53:34 main.py:137 [INFO] 获取歌曲信息 {"songname": "Happier Man", "artist": "Sophie Zelmani", "link": null, "size": null, "data": false}
2019-01-31 20:53:34 main.py:137 [INFO] 获取歌曲信息 {"songname": "Con Calma", "artist": "Salsa Stars", "link": "http://zhangmenshiting.qianqian.com/data2/music/08bb5a1660196fb9fc9aaa36ebc5ffa6/299932341/299932320172800788.flac?xcode=2930e59e185b1e5be9c5304b21fec782", "size": 20, "data": true}
2019-01-31 20:53:34 main.py:137 [INFO] 获取歌曲信息 {"songname": "Bohemian Rhapsody (2009 Digital Remaster)", "artist": "Queen", "link": "http://zhangmenshiting.qianqian.com/data2/music/46959189/15724840144000774.flac?xcode=2930e59e185b1e5be9c5304b21fec782", "size": 33, "data": true}
2019-01-31 20:53:35 main.py:137 [INFO] 获取歌曲信息 {"data": false}
2019-01-31 20:53:35 main.py:137 [INFO] 获取歌曲信息 {"songname": "Middle Child", "artist": "Railroad Jerk", "link": null, "size": null, "data": false}
2019-01-31 20:53:35 main.py:137 [INFO] 获取歌曲信息 {"songname": "Speechless", "artist": "Helmet", "link": "http://zhangmenshiting.qianqian.com/data2/music/90817459/7384134108000948.flac?xcode=2930e59e185b1e5be9c5304b21fec782", "size": 20, "data": true}
2019-01-31 20:53:35 main.py:137 [INFO] 获取歌曲信息 {"songname": "Sicko Mode #Screwed", "artist": "Pollie Pop", "link": null, "size": null, "data": false}
2019-01-31 20:53:35 main.py:137 [INFO] 获取歌曲信息 {"data": false}
2019-01-31 20:53:35 main.py:137 [INFO] 获取歌曲信息 {"songname": "Thank U, Next", "artist": "Power Music Workout", "link": null, "size": null, "data": false}
2019-01-31 20:53:35 main.py:137 [INFO] 获取歌曲信息 {"data": false}
2019-01-31 20:53:35 main.py:137 [INFO] 获取歌曲信息 {"songname": "High Hopes", "artist": "\u65b0\u7231\u4e50\u4ea4\u54cd\u4e50\u56e2", "link": null, "size": null, "data": false}
2019-01-31 20:53:35 main.py:137 [INFO] 获取歌曲信息 {"data": false}
2019-01-31 20:53:35 main.py:137 [INFO] 获取歌曲信息 {"songname": "Better Me (\u65b9\u5927\u540c\u63a8\u8350\u7248)", "artist": "\u65b9\u5927\u540c,\u859b\u51ef\u742a", "link": null, "size": null, "data": false}
2019-01-31 20:53:35 main.py:137 [INFO] 获取歌曲信息 {"songname": "Be Alright", "artist": "\u9ad8\u723e\u5ba3 OSN", "link": "http://zhangmenshiting.qianqian.com/data2/music/ff23ce01da8437b765f13e27a074cc4b/607920311/6079203051476001733.flac?xcode=2930e59e185b1e5bb74cd3784244547c", "size": 42, "data": true}
2019-01-31 20:53:35 main.py:137 [INFO] 获取歌曲信息 {"songname": "Without Me", "artist": "Eminem", "link": "http://zhangmenshiting.qianqian.com/data2/music/6504b5e55b089623c00f458a948eb7d3/599503865/1046349162000832.flac?xcode=2930e59e185b1e5be9c5304b21fec782", "size": 26, "data": true}
2019-01-31 20:53:35 main.py:137 [INFO] 获取歌曲信息 {"songname": "Money Money Home", "artist": "\u8d56\u4f1f\u950b", "link": "http://zhangmenshiting.qianqian.com/data2/music/6026ca5952a6396e3b26bd232303f744/596640779/262127815252001019.flac?xcode=2930e59e185b1e5b90032d54ecb07301", "size": 23, "data": true}
2019-01-31 20:53:35 main.py:137 [INFO] 获取歌曲信息 {"data": false}
2019-01-31 20:53:35 main.py:137 [INFO] 获取歌曲信息 {"songname": "Rumors", "artist": "Lindsay Lohan", "link": "http://zhangmenshiting.qianqian.com/data2/music/4a6f462f0e9e975af84c6e222a5e6591/599533812/612048172800978.flac?xcode=2930e59e185b1e5bc6826868de970894", "size": 23, "data": true}
2019-01-31 20:53:35 main.py:137 [INFO] 获取歌曲信息 {"songname": "Come Along With Me", "artist": "Bitter Sweet", "link": null, "size": null, "data": false}
2019-01-31 20:53:36 main.py:137 [INFO] 获取歌曲信息 {"songname": "Snap Yo Fingers", "artist": "Youngbloodz,Sean Paul,E40,Lil Jon", "link": "http://zhangmenshiting.qianqian.com/data2/music/02eb8cb46af62b120220639a36e67b10/594665753/294305979108001034.flac?xcode=2930e59e185b1e5b90032d54ecb07301", "size": 34, "data": true}
2019-01-31 20:53:36 main.py:137 [INFO] 获取歌曲信息 {"songname": "Better Now", "artist": "De-Phazz", "link": null, "size": null, "data": false}
2019-01-31 20:53:36 main.py:137 [INFO] 获取歌曲信息 {"songname": "We Will Rock You", "artist": "\u8d35\u65cf\u4e50\u56e2", "link": "http://zhangmenshiting.qianqian.com/data2/music/4169129957766e5d406fede77ad7597f/596954231/122175243972001022.flac?xcode=2930e59e185b1e5bc6826868de970894", "size": 21, "data": true}
2019-01-31 20:53:36 main.py:137 [INFO] 获取歌曲信息 {"songname": "Girlfriend", "artist": "\u66f9\u683c", "link": "http://zhangmenshiting.qianqian.com/data2/music/aedfe533da2f8cbb1352a06ed50ff499/599506294/100485272000918.flac?xcode=6d16279b88cc676d90032d54ecb07301", "size": 27, "data": true}
2019-01-31 20:53:36 main.py:137 [INFO] 获取歌曲信息 {"songname": "No Place Like Home", "artist": "Blu Cantrell", "link": null, "size": null, "data": false}
2019-01-31 20:53:36 main.py:137 [INFO] 获取歌曲信息 {"songname": "Close To Me", "artist": "The Cure", "link": null, "size": null, "data": false}
2019-01-31 20:53:36 main.py:137 [INFO] 获取歌曲信息 {"data": false}
2019-01-31 20:53:36 main.py:137 [INFO] 获取歌曲信息 {"songname": "Tennessee Whiskey", "artist": "Nantucket", "link": null, "size": null, "data": false}
2019-01-31 20:53:36 main.py:137 [INFO] 获取歌曲信息 {"songname": "Taki Taki", "artist": "Los Siete", "link": "http://zhangmenshiting.qianqian.com/data2/music/83582f50661fe5602421bd5185dc2f22/292114164/292114126165600886.flac?xcode=2930e59e185b1e5bc6826868de970894", "size": 22, "data": true}
2019-01-31 20:53:36 main.py:137 [INFO] 获取歌曲信息 {"songname": "Millionaires", "artist": "Example", "link": null, "size": null, "data": false}
2019-01-31 20:53:36 main.py:137 [INFO] 获取歌曲信息 {"songname": "Tequila Makes Her Clothes Fall Off", "artist": "Joe Nichols", "link": "http://zhangmenshiting.qianqian.com/data2/music/90747586/594110136800848.flac?xcode=2930e59e185b1e5bc6826868de970894", "size": 19, "data": true}
2019-01-31 20:53:36 main.py:137 [INFO] 获取歌曲信息 {"data": false}
2019-01-31 20:53:36 main.py:137 [INFO] 获取歌曲信息 {"songname": "Moderation", "artist": "Beady Belle", "link": null, "size": null, "data": false}
2019-01-31 20:53:36 main.py:137 [INFO] 获取歌曲信息 {"songname": "\u6dcb\u96e8\u4e00\u76f4\u8d70", "artist": "Perfect", "link": null, "size": null, "data": false}
2019-01-31 20:53:36 main.py:137 [INFO] 获取歌曲信息 {"songname": "Rainy Days And Mondays - 1991 Remix", "artist": "Carpenters", "link": "http://zhangmenshiting.qianqian.com/data2/music/b63b6be72516b0b3488cc801887f50bf/599431525/2158767226800806.flac?xcode=2930e59e185b1e5b90032d54ecb07301", "size": 21, "data": true}
2019-01-31 20:53:36 main.py:137 [INFO] 获取歌曲信息 {"songname": "Make It Sweet", "artist": "The Hit Crew", "link": "http://zhangmenshiting.qianqian.com/data2/music/3bb1470d7f319974c83afe97609ae556/295466456/295466446165600695.flac?xcode=2930e59e185b1e5b9614b4474386abae", "size": 8, "data": true}
2019-01-31 20:53:37 main.py:137 [INFO] 获取歌曲信息 {"songname": "Dancing With A Stranger", "artist": "The Risk", "link": "http://zhangmenshiting.qianqian.com/data2/music/ba7a9ef3929ebee014cb4db08f186c26/290894724/290894668187200976.flac?xcode=2930e59e185b1e5b90032d54ecb07301", "size": 36, "data": true}
2019-01-31 20:53:37 main.py:137 [INFO] 获取歌曲信息 {"data": false}
2019-01-31 20:53:37 main.py:137 [INFO] 获取歌曲信息 {"songname": "Going Bad", "artist": "Tech N9NE", "link": "http://zhangmenshiting.qianqian.com/data2/music/8a1b26fe9bebf05dca3de774ce3b150e/292815486/2928154347200978.flac?xcode=2930e59e185b1e5bc6826868de970894", "size": 40, "data": true}
2019-01-31 20:53:37 main.py:137 [INFO] 获取歌曲信息 {"songname": "Miss Me More (Originally Performed by Striking Matches) [Instrumental]", "artist": "Singer's Edge Karaoke", "link": "http://zhangmenshiting.qianqian.com/data2/music/5eb8ed555ac49b3a0afcef4baaf6e260/290448946/290448895111600883.flac?xcode=2930e59e185b1e5b90032d54ecb07301", "size": 22, "data": true}
2019-01-31 20:53:37 main.py:137 [INFO] 获取歌曲信息 {"data": false}
2019-01-31 20:53:37 main.py:137 [INFO] 获取歌曲信息 {"songname": "I Like It\uff08Feat.Sway (The Downtown) From Sapporo\uff09", "artist": "\u5b8f\u5b9f", "link": null, "size": null, "data": false}
2019-01-31 20:53:37 main.py:137 [INFO] 获取歌曲信息 {"songname": "Dirty Whiskey Glasses", "artist": "Raul Medina", "link": null, "size": null, "data": false}
2019-01-31 20:53:37 main.py:137 [INFO] 获取歌曲信息 {"songname": "Gabriela", "artist": "Zeze Mota", "link": "http://zhangmenshiting.qianqian.com/data2/music/4da0caf6fb174506604a7c21d1d6e72d/297516996/29751696414400752.flac?xcode=2930e59e185b1e5b26d7084657a59bf4", "size": 21, "data": true}
2019-01-31 20:53:37 main.py:137 [INFO] 获取歌曲信息 {"data": false}
2019-01-31 20:53:37 main.py:137 [INFO] 获取歌曲信息 {"songname": "Sixteen Tons", "artist": "Tennessee Ernie Ford", "link": "http://zhangmenshiting.qianqian.com/data2/music/6dc28fb7c39213e511f1a8f17e82418d/594615532/332797385234000693.flac?xcode=2930e59e185b1e5b9614b4474386abae", "size": 13, "data": true}
2019-01-31 20:53:37 main.py:137 [INFO] 获取歌曲信息 {"songname": "What Makes You Country", "artist": "David Cooler", "link": "http://zhangmenshiting.qianqian.com/data2/music/20b08baaf10535cb125ddc6d02635dc3/316679155/316679106237600990.flac?xcode=2930e59e185b1e5b26d7084657a59bf4", "size": 26, "data": true}
2019-01-31 20:53:37 main.py:137 [INFO] 获取歌曲信息 {"songname": "\u65f6\u7a7a\u80f6\u56ca", "artist": "\u68c9\u82b1\u7cd6", "link": "http://zhangmenshiting.qianqian.com/data2/music/2573213666802e4451ec03a0568be25f/599528954/69041110800128.mp3?xcode=ef88646be6c8e2710fd1a9e14bd081d7", "size": 3, "data": true}
2019-01-31 20:53:37 main.py:137 [INFO] 获取歌曲信息 {"songname": "On My Way To You", "artist": "Barbra Streisand", "link": null, "size": null, "data": false}
2019-01-31 20:53:37 main.py:137 [INFO] 获取歌曲信息 {"songname": "This Is It", "artist": "Inspectah Deck", "link": null, "size": null, "data": false}
2019-01-31 20:53:37 main.py:137 [INFO] 获取歌曲信息 {"songname": "My Year In Lists", "artist": "Los Campesinos!", "link": null, "size": null, "data": false}
2019-01-31 20:53:37 main.py:137 [INFO] 获取歌曲信息 {"songname": "A Million Dreams Ago (Remastered 1994)", "artist": "Glenn Miller & His Orchestra,Ray Eberle", "link": null, "size": null, "data": false}
2019-01-31 20:53:37 main.py:137 [INFO] 获取歌曲信息 {"songname": "Burning Man", "artist": "Hearthill", "link": null, "size": null, "data": false}
2019-01-31 20:53:37 main.py:137 [INFO] 获取歌曲信息 {"songname": "Somebody To Love", "artist": "Justin Bieber", "link": "http://zhangmenshiting.qianqian.com/data2/music/f2e364a5200fff8f0d05967bb2c4fa6a/599531564/6411971332001043.flac?xcode=2930e59e185b1e5b26d7084657a59bf4", "size": 27, "data": true}
2019-01-31 20:53:37 main.py:137 [INFO] 获取歌曲信息 {"songname": "WE ARE THE CHAMPIONS", "artist": "Various Artists", "link": "http://zhangmenshiting.qianqian.com/data2/music/096646f660117f0d703b18a769a68863/599802220/59979874739600876.flac?xcode=2930e59e185b1e5b26d7084657a59bf4", "size": 19, "data": true}
2019-01-31 20:53:37 main.py:137 [INFO] 获取歌曲信息 {"songname": "Basic Mutual-love Theory", "artist": "SIN*SKI", "link": "http://zhangmenshiting.qianqian.com/data2/music/788a89496d4e2c5371849f4420781614/609935107/60926704886400899.flac?xcode=2930e59e185b1e5b48ae5c20176c0886", "size": 25, "data": true}
2019-01-31 20:53:37 main.py:137 [INFO] 获取歌曲信息 {"songname": "Boom boom  boom", "artist": "\u738b\u7ece\u9f99", "link": "http://zhangmenshiting.qianqian.com/data2/music/cbba98b691e7f4d545b6753fc9ec70b1/599459684/329968732340001045.flac?xcode=2930e59e185b1e5b26d7084657a59bf4", "size": 23, "data": true}
2019-01-31 20:53:38 main.py:137 [INFO] 获取歌曲信息 {"songname": "Love Someone (feat. Cantplay)", "artist": "Lessovsky", "link": "http://zhangmenshiting.qianqian.com/data2/music/2aa8c5b9af0366b6c08ea4be0a2f2847/292396763/292396674237600828.flac?xcode=2930e59e185b1e5b26d7084657a59bf4", "size": 45, "data": true}
2019-01-31 20:53:38 main.py:137 [INFO] 获取歌曲信息 {"data": false}
2019-01-31 20:53:38 main.py:137 [INFO] 获取歌曲信息 {"songname": "Maybe It's Time (Gravity)", "artist": "Green River Ordinance", "link": null, "size": null, "data": false}
2019-01-31 20:53:38 main.py:137 [INFO] 获取歌曲信息 {"songname": "Beautiful", "artist": "\u6881\u9759\u8339", "link": "http://zhangmenshiting.qianqian.com/data2/music/86dd97b64c77e45a434c951626f8cc79/599615220/291986936001060.flac?xcode=6d16279b88cc676d9614b4474386abae", "size": 25, "data": true}
2019-01-31 20:53:38 main.py:137 [INFO] 获取歌曲信息 {"songname": "Another One Bites The Dust", "artist": "Queen", "link": "http://zhangmenshiting.qianqian.com/data2/music/7419cb9adb7cd5b195a8844e224ae0ae/599429589/220500310800128.mp3?xcode=74793f8b4fd1924ced47f60d337fa3fd", "size": 3, "data": true}
2019-01-31 20:53:38 main.py:137 [INFO] 获取歌曲信息 {"songname": "Things We Lost in the Fire", "artist": "Bastille", "link": null, "size": null, "data": false}
2019-01-31 20:53:38 main.py:137 [INFO] 获取歌曲信息 {"songname": "Girl Like You", "artist": "Donavon Frankenreiter", "link": "http://zhangmenshiting.qianqian.com/data2/music/89926105/171859286400991.flac?xcode=0fb33c9ba9801418b50a78e8b32aeef1", "size": 22, "data": true}
2019-01-31 20:53:38 main.py:137 [INFO] 获取歌曲信息 {"songname": "Twerkin!!!", "artist": "Kreayshawn featuring Diplo and Sissy Nobby", "link": null, "size": null, "data": false}
2019-01-31 20:53:38 main.py:137 [INFO] 获取歌曲信息 {"songname": "Shotgun Whupin'", "artist": "Johnny Shines", "link": "http://zhangmenshiting.qianqian.com/data2/music/9a9f10a7f1603c5565158a612aacfdd6/596205596/549702998223200783.flac?xcode=2930e59e185b1e5b26d7084657a59bf4", "size": 13, "data": true}
2019-01-31 20:53:38 main.py:137 [INFO] 获取歌曲信息 {"songname": "Electricity", "artist": "Elisa", "link": null, "size": null, "data": false}
2019-01-31 20:53:38 main.py:137 [INFO] 获取歌曲信息 {"songname": "Under Pressure (In the Style of Queen & David Bowie) [Karaoke Version]", "artist": "Ameritz Digital Karaoke", "link": "http://zhangmenshiting.qianqian.com/data2/music/d414d20cd1fd5069172d9173a41394f7/281172497/281172438194400901.flac?xcode=2930e59e185b1e5b48ae5c20176c0886", "size": 24, "data": true}
2019-01-31 20:53:38 main.py:137 [INFO] 获取歌曲信息 {"songname": "Consequences", "artist": "The Robert Cray Band", "link": null, "size": null, "data": false}
2019-01-31 20:53:38 main.py:137 [INFO] 获取歌曲信息 {"songname": "\u8c01\u5077\u8d70\u4e86\u6211\u7684\u65f6\u95f4", "artist": "\u8428\u9876\u9876,\u5e38\u8fdc", "link": "http://zhangmenshiting.qianqian.com/data2/music/9246c1c836134b45b178fc949bf2c7d4/594606927/531117847198000928.flac?xcode=2930e59e185b1e5b48ae5c20176c0886", "size": 20, "data": true}
2019-01-31 20:53:38 main.py:137 [INFO] 获取歌曲信息 {"songname": "Don'T Stop Me Now", "artist": "McFly", "link": null, "size": null, "data": false}
2019-01-31 20:53:38 main.py:137 [INFO] 获取歌曲信息 {"songname": "Radio Ga Ga (In The Style Of Queen)", "artist": "Karaoke - Ameritz", "link": "http://zhangmenshiting.qianqian.com/data2/music/d8e549ad6c6dc05ad7f115886f26f920/279249126/279249026180000811.flac?xcode=2930e59e185b1e5b48ae5c20176c0886", "size": 25, "data": true}
2019-01-31 20:53:38 main.py:137 [INFO] 获取歌曲信息 {"songname": "Night Shift", "artist": "Bob Marley", "link": null, "size": null, "data": false}
2019-01-31 20:53:38 main.py:137 [INFO] 获取歌曲信息 {"songname": "Change Your Mind", "artist": "The All American Rejects", "link": "http://zhangmenshiting.qianqian.com/data2/music/53469909/13229701512001049.flac?xcode=2930e59e185b1e5b48ae5c20176c0886", "size": 28, "data": true}
2019-01-31 20:53:38 main.py:137 [INFO] 获取歌曲信息 {"songname": "Everybody Wants to Rule the World", "artist": "Tears For Fears", "link": "http://zhangmenshiting.qianqian.com/data2/music/78c7498ad158ee6cd9e0f86aaf27227a/594628506/323397248115200901.flac?xcode=2930e59e185b1e5b48ae5c20176c0886", "size": 27, "data": true}
2019-01-31 20:53:39 main.py:137 [INFO] 获取歌曲信息 {"songname": "Good Girl (In the Style of Carrie Underwood) [Karaoke Version]", "artist": "Ameritz - Karaoke", "link": "http://zhangmenshiting.qianqian.com/data2/music/479cc8b835045205ea5a3c8fa9b4e0a9/280500446/2805004080981.flac?xcode=2930e59e185b1e5b48ae5c20176c0886", "size": 25, "data": true}
2019-01-31 20:53:39 main.py:137 [INFO] 获取歌曲信息 {"data": false}
2019-01-31 20:53:39 main.py:137 [INFO] 获取歌曲信息 {"songname": "A Better Way To Fall In Love", "artist": "This Is Me Smiling", "link": null, "size": null, "data": false}
2019-01-31 20:53:39 main.py:137 [INFO] 获取歌曲信息 {"songname": "God Only Knows", "artist": "\u4e95\u4e0a\u967d\u4ecb", "link": "http://zhangmenshiting.qianqian.com/data2/music/ff6f0a11213e594615ae0e888553f341/612029639/612029505205200762.flac?xcode=2930e59e185b1e5b26d7084657a59bf4", "size": 31, "data": true}
2019-01-31 20:53:39 main.py:137 [INFO] 获取歌曲信息 {"songname": "Meant To Be", "artist": "Sammy Kershaw", "link": null, "size": null, "data": false}
2019-01-31 20:53:39 main.py:183 [INFO] 获取歌曲信息完成，开始下载。
2019-01-31 20:54:01 main.py:154 [INFO] 下载中: D:\Python\music\songs_dir\ahai24喜欢的音乐\Shallow Graves of Poachers-Zerfallmensch.flac
2019-01-31 20:54:01 main.py:160 [INFO] 下载完成: D:\Python\music\songs_dir\ahai24喜欢的音乐\Shallow Graves of Poachers-Zerfallmensch.flac
2019-01-31 20:54:02 main.py:145 [INFO] Sweet But Psycho-Dinside Project 文件大小小于 10MB, 放弃下载。
2019-01-31 20:54:14 main.py:154 [INFO] 下载中: D:\Python\music\songs_dir\ahai24喜欢的音乐\Without Me-Eminem.flac
2019-01-31 20:54:14 main.py:160 [INFO] 下载完成: D:\Python\music\songs_dir\ahai24喜欢的音乐\Without Me-Eminem.flac
2019-01-31 20:54:29 main.py:154 [INFO] 下载中: D:\Python\music\songs_dir\ahai24喜欢的音乐\Speechless-Helmet.flac
2019-01-31 20:54:29 main.py:160 [INFO] 下载完成: D:\Python\music\songs_dir\ahai24喜欢的音乐\Speechless-Helmet.flac
2019-01-31 20:54:35 main.py:154 [INFO] 下载中: D:\Python\music\songs_dir\ahai24喜欢的音乐\Con Calma-Salsa Stars.flac
2019-01-31 20:54:35 main.py:160 [INFO] 下载完成: D:\Python\music\songs_dir\ahai24喜欢的音乐\Con Calma-Salsa Stars.flac
2019-01-31 20:54:54 main.py:154 [INFO] 下载中: D:\Python\music\songs_dir\ahai24喜欢的音乐\Be Alright-高爾宣 OSN.flac
2019-01-31 20:54:54 main.py:160 [INFO] 下载完成: D:\Python\music\songs_dir\ahai24喜欢的音乐\Be Alright-高爾宣 OSN.flac
2019-01-31 20:55:11 main.py:154 [INFO] 下载中: D:\Python\music\songs_dir\ahai24喜欢的音乐\Bohemian Rhapsody (2009 Digital Remaster)-Queen.flac
2019-01-31 20:55:11 main.py:160 [INFO] 下载完成: D:\Python\music\songs_dir\ahai24喜欢的音乐\Bohemian Rhapsody (2009 Digital Remaster)-Queen.flac
2019-01-31 20:55:27 main.py:154 [INFO] 下载中: D:\Python\music\songs_dir\ahai24喜欢的音乐\Taki Taki-Los Siete.flac
2019-01-31 20:55:27 main.py:160 [INFO] 下载完成: D:\Python\music\songs_dir\ahai24喜欢的音乐\Taki Taki-Los Siete.flac
2019-01-31 20:55:45 main.py:154 [INFO] 下载中: D:\Python\music\songs_dir\ahai24喜欢的音乐\Money Money Home-赖伟锋.flac
2019-01-31 20:55:46 main.py:160 [INFO] 下载完成: D:\Python\music\songs_dir\ahai24喜欢的音乐\Money Money Home-赖伟锋.flac
2019-01-31 20:55:46 main.py:154 [INFO] 下载中: D:\Python\music\songs_dir\ahai24喜欢的音乐\Snap Yo Fingers-Youngbloodz,Sean Paul,E40,Lil Jon.flac
2019-01-31 20:55:47 main.py:160 [INFO] 下载完成: D:\Python\music\songs_dir\ahai24喜欢的音乐\Snap Yo Fingers-Youngbloodz,Sean Paul,E40,Lil Jon.flac
2019-01-31 20:56:12 main.py:154 [INFO] 下载中: D:\Python\music\songs_dir\ahai24喜欢的音乐\Dancing With A Stranger-The Risk.flac
2019-01-31 20:56:12 main.py:160 [INFO] 下载完成: D:\Python\music\songs_dir\ahai24喜欢的音乐\Dancing With A Stranger-The Risk.flac
2019-01-31 20:56:14 main.py:154 [INFO] 下载中: D:\Python\music\songs_dir\ahai24喜欢的音乐\Girlfriend-曹格.flac
2019-01-31 20:56:14 main.py:160 [INFO] 下载完成: D:\Python\music\songs_dir\ahai24喜欢的音乐\Girlfriend-曹格.flac
2019-01-31 20:56:15 main.py:145 [INFO] Make It Sweet-The Hit Crew 文件大小小于 10MB, 放弃下载。
2019-01-31 20:56:24 main.py:154 [INFO] 下载中: D:\Python\music\songs_dir\ahai24喜欢的音乐\Tequila Makes Her Clothes Fall Off-Joe Nichols.flac
2019-01-31 20:56:24 main.py:160 [INFO] 下载完成: D:\Python\music\songs_dir\ahai24喜欢的音乐\Tequila Makes Her Clothes Fall Off-Joe Nichols.flac
2019-01-31 20:56:33 main.py:154 [INFO] 下载中: D:\Python\music\songs_dir\ahai24喜欢的音乐\Miss Me More (Originally Performed by Striking Matches) [Instrumental]-Singer's Edge Karaoke.flac
2019-01-31 20:56:33 main.py:160 [INFO] 下载完成: D:\Python\music\songs_dir\ahai24喜欢的音乐\Miss Me More (Originally Performed by Striking Matches) [Instrumental]-Singer's Edge Karaoke.flac
2019-01-31 20:56:45 main.py:154 [INFO] 下载中: D:\Python\music\songs_dir\ahai24喜欢的音乐\Rumors-Lindsay Lohan.flac
2019-01-31 20:56:45 main.py:160 [INFO] 下载完成: D:\Python\music\songs_dir\ahai24喜欢的音乐\Rumors-Lindsay Lohan.flac
2019-01-31 20:56:54 main.py:154 [INFO] 下载中: D:\Python\music\songs_dir\ahai24喜欢的音乐\We Will Rock You-贵族乐团.flac
2019-01-31 20:56:54 main.py:160 [INFO] 下载完成: D:\Python\music\songs_dir\ahai24喜欢的音乐\We Will Rock You-贵族乐团.flac
Traceback (most recent call last):
  File "C:\Users\Administrator\AppData\Local\Programs\Python\Python37\lib\site-packages\urllib3\response.py", line 360, in _error_catcher
    yield
  File "C:\Users\Administrator\AppData\Local\Programs\Python\Python37\lib\site-packages\urllib3\response.py", line 442, in read
    data = self._fp.read(amt)
  File "C:\Users\Administrator\AppData\Local\Programs\Python\Python37\lib\http\client.py", line 447, in read
    n = self.readinto(b)
  File "C:\Users\Administrator\AppData\Local\Programs\Python\Python37\lib\http\client.py", line 491, in readinto
    n = self.fp.readinto(b)
  File "C:\Users\Administrator\AppData\Local\Programs\Python\Python37\lib\socket.py", line 589, in readinto
    return self._sock.recv_into(b)
socket.timeout: timed out

During handling of the above exception, another exception occurred:

Traceback (most recent call last):
  File "C:\Users\Administrator\AppData\Local\Programs\Python\Python37\lib\site-packages\requests\models.py", line 750, in generate
    for chunk in self.raw.stream(chunk_size, decode_content=True):
  File "C:\Users\Administrator\AppData\Local\Programs\Python\Python37\lib\site-packages\urllib3\response.py", line 494, in stream
    data = self.read(amt=amt, decode_content=decode_content)
  File "C:\Users\Administrator\AppData\Local\Programs\Python\Python37\lib\site-packages\urllib3\response.py", line 459, in read
    raise IncompleteRead(self._fp_bytes_read, self.length_remaining)
  File "C:\Users\Administrator\AppData\Local\Programs\Python\Python37\lib\contextlib.py", line 130, in __exit__
    self.gen.throw(type, value, traceback)
  File "C:\Users\Administrator\AppData\Local\Programs\Python\Python37\lib\site-packages\urllib3\response.py", line 365, in _error_catcher
    raise ReadTimeoutError(self._pool, None, 'Read timed out.')
urllib3.exceptions.ReadTimeoutError: HTTPConnectionPool(host='zhangmenshiting.qianqian.com', port=80): Read timed out.

During handling of the above exception, another exception occurred:

Traceback (most recent call last):
  File "main.py", line 202, in <module>
    main()
  File "main.py", line 188, in main
    pool.map(download, song_infos[i-1:i+4-1])
  File "C:\Users\Administrator\AppData\Local\Programs\Python\Python37\lib\multiprocessing\pool.py", line 268, in map
    return self._map_async(func, iterable, mapstar, chunksize).get()
  File "C:\Users\Administrator\AppData\Local\Programs\Python\Python37\lib\multiprocessing\pool.py", line 657, in get
    raise self._value
  File "C:\Users\Administrator\AppData\Local\Programs\Python\Python37\lib\multiprocessing\pool.py", line 121, in worker
    result = (True, func(*args, **kwds))
  File "C:\Users\Administrator\AppData\Local\Programs\Python\Python37\lib\multiprocessing\pool.py", line 44, in mapstar
    return list(map(*args))
  File "main.py", line 153, in download_song
    r = requests.get(song_info['link'], headers=HEADERS, timeout=4)
  File "C:\Users\Administrator\AppData\Local\Programs\Python\Python37\lib\site-packages\requests\api.py", line 75, in get
    return request('get', url, params=params, **kwargs)
  File "C:\Users\Administrator\AppData\Local\Programs\Python\Python37\lib\site-packages\requests\api.py", line 60, in request
    return session.request(method=method, url=url, **kwargs)
  File "C:\Users\Administrator\AppData\Local\Programs\Python\Python37\lib\site-packages\requests\sessions.py", line 533, in request
    resp = self.send(prep, **send_kwargs)
  File "C:\Users\Administrator\AppData\Local\Programs\Python\Python37\lib\site-packages\requests\sessions.py", line 686, in send
    r.content
  File "C:\Users\Administrator\AppData\Local\Programs\Python\Python37\lib\site-packages\requests\models.py", line 828, in content
    self._content = b''.join(self.iter_content(CONTENT_CHUNK_SIZE)) or b''
  File "C:\Users\Administrator\AppData\Local\Programs\Python\Python37\lib\site-packages\requests\models.py", line 757, in generate
    raise ConnectionError(e)
requests.exceptions.ConnectionError: HTTPConnectionPool(host='zhangmenshiting.qianqian.com', port=80): Read timed out.

第一次下载了8首歌，第二次下载了15首。
