<!--
  Hi there! Thank you for discovering and submitting an issue.

  Before you submit this; let's make sure of a few things.
  Please make sure the following boxes are ticked if they are correct.
  If not, please try and fulfill these first.
-->

<!-- Checked checkbox should look like this: [x] -->
- [x] I am on the [latest](https://github.com/zeit/hyper/releases/latest) Hyper.app version
- [x] I have searched the [issues](https://github.com/zeit/hyper/issues) of this repo and believe that this is not a duplicate

<!--
  Once those are done, if you're able to fill in the following list with your information,
  it'd be very helpful to whoever handles the issue.
-->

- **OS version and name**: OS X El Capitan v10.11.6
- **Hyper.app version**: 3.0.2 (stable)
- **Link of a [Gist](https://gist.github.com/) with the contents of your .hyper.js**: N/A
- **Relevant information from devtools**:
<img width="670" alt="Screen Shot 2020-01-16 at 11 26 07 AM" src="https://user-images.githubusercontent.com/5567407/72547844-10971800-3853-11ea-8ee6-6d7669d9a78e.png">


- **The issue is reproducible in vanilla Hyper.app**: Yes

## Issue
I've had hyper on my system for some years but haven't used it in over a year. I decided to give it another try and when I opened saw the notification at the bottom to automatically update to 3.0.2. I clicked restart, and now Hyper shows some nice colorful glitches. It's quite pretty.

<img width="748" alt="Screen Shot 2020-01-16 at 11 02 13 AM" src="https://user-images.githubusercontent.com/5567407/72548018-708dbe80-3853-11ea-962e-4bd585c85e3c.png">

I thought it may have been an issue with my plugins, so I decided to just delete all the hyper stuff I had in user home folder including anything starting with `.hyper` (looks like user home is no longer the place it should be anyway). Also deleted hyper.app from applications just in case and decided to download fresh.

Same issue:
<img width="587" alt="Screen Shot 2020-01-16 at 11 32 08 AM" src="https://user-images.githubusercontent.com/5567407/72548214-e003ae00-3853-11ea-84b3-c6c9cecab5ff.png">

I'm really hoping this isn't a case of not being compatible with my OS. Thanks!

<!--
  Hi there! Thank you for discovering and submitting an issue.

  Before you submit this; let's make sure of a few things.
  Please make sure the following boxes are ticked if they are correct.
  If not, please try and fulfill these first.
-->

<!-- Checked checkbox should look like this: [x] -->
- [x] I am on the [latest](https://github.com/zeit/hyper/releases/latest) Hyper.app version
- [x] I have searched the [issues](https://github.com/zeit/hyper/issues) of this repo and believe that this is not a duplicate

<!--
  Once those are done, if you're able to fill in the following list with your information,
  it'd be very helpful to whoever handles the issue.
-->

- **OS version and name**: Windows 10 Pro Version 10.0.18362 Build 18362
- **Hyper.app version**: 3.1.0-canary.1 (stable)
- **Link of a [Gist](https://gist.github.com/mpcsh/369248d0dde3c452f7b58e8a4115488d) with the contents of your .hyper.js**: <!-- Gist Link Here -->
- **Relevant information from devtools** _(CMD+ALT+I on macOS, CTRL+SHIFT+I elsewhere)_: N/A<!-- Replace with info if applicable, or N/A -->
- **The issue is reproducible in vanilla Hyper.app**: Yes<!-- Replace with info if applicable, or `Is Vanilla`. (Vanilla means Hyper.app without any add-ons or extras. Straight out of the box.) -->

## Issue
<!-- Now feel free to write your issue, but please be descriptive! Thanks again ðŸ™Œ â¤ï¸ -->
I decided to check out the canary build to see if true color was working, which it looks like it is! Unfortunately, if I use vim with `termguicolors` enabled, I get big time lag. If I run `:set notermguicolors`, it's back to normal, just like that.
- [x] I am on the [latest](https://github.com/zeit/hyper/releases/latest) Hyper.app version
- [x] I have searched the [issues](https://github.com/zeit/hyper/issues) of this repo and believe that this is not a duplicate
- **OS version and name**: Windows 10
- **Hyper.app version**: 3.0.2

## Issue

I installed Hyper on windows. After installing i went to config file and added link to bash as default terminal. After that i closed Hyper and then it doesn't run again. After my laptop rebooting nothing changes. Hyper running 3 processes, but terminal doesn't run.

- [x] I am on the [latest](https://github.com/zeit/hyper/releases/latest) Hyper.app version
- [x] I have searched the [issues](https://github.com/zeit/hyper/issues) of this repo and believe that this is not a duplicate

- **OS version and name**: Ubuntu 18.04 LTE
- **Hyper.app version**: none yet
- **Link of a [Gist](https://gist.github.com/) with the contents of your .hyper.js**: not existing yet 
- **Relevant information from devtools** _(CMD+ALT+I on macOS, CTRL+SHIFT+I elsewhere)_: N/A
- **The issue is reproducible in vanilla Hyper.app**: N/A

## Issue

Hi there,
I cannot find any documentation so I try it that way. The only information close is
- https://github.com/zeit/hyper/issues/3100
- https://github.com/zeit/hyper/issues/3950
- https://github.com/zeit/hyper/issues/1375
- https://github.com/zeit/hyper/issues/3279
- https://github.com/zeit/hyper/issues/2373 

and in https://hyper.is/#cfg:

> defaultSSHApp | true | If true, Hyper will be set as the default protocol client for SSH
> -- | -- | --

How is SSH key based authenticitation against a remote server realized?. Reading through limited information available leads to the impression that is possible but how?   
I want to realize [SSH Agent Forwarding](http://www.unixwiz.net/techtips/ssh-agent-forwarding.html). 
In the case of Ubuntu, my guess is to tell hyper to use [Ubuntu Manpage: ssh â€” OpenSSH SSH client (remote login program)](https://manpages.ubuntu.com/manpages/cosmic/en/man1/ssh.1.html) ([How To Use SSH to Connect to a Remote Server in Ubuntu](https://www.digitalocean.com/community/tutorials/how-to-use-ssh-to-connect-to-a-remote-server-in-ubuntu))
with a reference to the config file for a dedicated session, isn't it



Bumps [@babel/core](https://github.com/babel/babel) from 7.7.7 to 7.8.0.
<details>
<summary>Release notes</summary>
<p><em>Sourced from <a href="https://github.com/babel/babel/releases">@babel/core's releases</a>.</em></p>
<blockquote>
<h2>v7.8.0 (2020-01-12)</h2>
<p>Blog post <a href="https://babeljs.io/blog/2020/01/11/7.8.0">on the website</a></p>
<h4>:eyeglasses: Spec Compliance</h4>
<ul>
<li><code>babel-parser</code>
<ul>
<li><a href="https://github-redirect.dependabot.com/babel/babel/pull/10980">#10980</a> Disallow private name in object elements and TS type elements (<a href="https://github.com/JLHwung">@JLHwung</a>)</li>
<li><a href="https://github-redirect.dependabot.com/babel/babel/pull/10955">#10955</a> LiteralPropertyName should allow BigIntLiteral (<a href="https://github.com/JLHwung">@JLHwung</a>)</li>
<li><a href="https://github-redirect.dependabot.com/babel/babel/pull/10953">#10953</a> fix: check await when parsing AsyncArrowBindingIdentifier (<a href="https://github.com/JLHwung">@JLHwung</a>)</li>
<li><a href="https://github-redirect.dependabot.com/babel/babel/pull/10947">#10947</a> Fix: TopLevelAwait should respect await identifiers defined in sub scope. (<a href="https://github.com/JLHwung">@JLHwung</a>)</li>
<li><a href="https://github-redirect.dependabot.com/babel/babel/pull/10946">#10946</a> fix: Class Field Initializer should not allow await expression as immediate child (<a href="https://github.com/JLHwung">@JLHwung</a>)</li>
</ul>
</li>
<li><code>babel-plugin-proposal-numeric-separator</code>
<ul>
<li><a href="https://github-redirect.dependabot.com/babel/babel/pull/10938">#10938</a> StringNumericLiteral does not include NumericLiteralSeparator (<a href="https://github.com/JLHwung">@JLHwung</a>)</li>
</ul>
</li>
<li><code>babel-generator</code>, <code>babel-parser</code>, <code>babel-plugin-proposal-private-methods</code>
<ul>
<li><a href="https://github-redirect.dependabot.com/babel/babel/pull/10456">#10456</a> [parser] Disallow duplicate and undeclared private names (<a href="https://github.com/nicolo-ribaudo">@nicolo-ribaudo</a>)</li>
</ul>
</li>
</ul>
<h4>:boom: Breaking Change</h4>
<ul>
<li><code>babel-types</code>
<ul>
<li><a href="https://github-redirect.dependabot.com/babel/babel/pull/10917">#10917</a> (opt-in) Improve @babel/types with env.BABEL_TYPES_8_BREAKING (<a href="https://github.com/nicolo-ribaudo">@nicolo-ribaudo</a>)</li>
</ul>
</li>
</ul>
<h4>:rocket: New Feature</h4>
<ul>
<li><code>babel-standalone</code>
<ul>
<li><a href="https://github-redirect.dependabot.com/babel/babel/pull/10821">#10821</a> Merge env-standalone to babel-standalone (<a href="https://github.com/JLHwung">@JLHwung</a>)</li>
</ul>
</li>
<li><code>babel-core</code>
<ul>
<li><a href="https://github-redirect.dependabot.com/babel/babel/pull/10783">#10783</a> Add babelrc.json support (<a href="https://github.com/yordis">@yordis</a>)</li>
<li><a href="https://github-redirect.dependabot.com/babel/babel/pull/10903">#10903</a> Add support for babel.config.mjs and .babelrc.mjs (<a href="https://github.com/nicolo-ribaudo">@nicolo-ribaudo</a>)</li>
</ul>
</li>
<li><code>babel-compat-data</code>, <code>babel-preset-env-standalone</code>, <code>babel-preset-env</code>
<ul>
<li><a href="https://github-redirect.dependabot.com/babel/babel/pull/10811">#10811</a> Add optional-chaining and nullish-coalescing to preset-env (<a href="https://github.com/Druotic">@Druotic</a>)</li>
</ul>
</li>
<li><code>babel-helper-module-transforms</code>, <code>babel-plugin-transform-modules-systemjs</code>
<ul>
<li><a href="https://github-redirect.dependabot.com/babel/babel/pull/10780">#10780</a> add <code>allowTopLevelThis</code> option to <code>transform-modules-systemjs</code> (<a href="https://github.com/JLHwung">@JLHwung</a>)</li>
</ul>
</li>
<li><code>babel-parser</code>
<ul>
<li><a href="https://github-redirect.dependabot.com/babel/babel/pull/10817">#10817</a> enable optional chaining by default in @babel/parser (<a href="https://github.com/jackisherwood">@jackisherwood</a>)</li>
</ul>
</li>
<li><code>babel-cli</code>
<ul>
<li><a href="https://github-redirect.dependabot.com/babel/babel/pull/10887">#10887</a> --copy-ignored flag added to CLI  (<a href="https://github.com/rajasekarm">@rajasekarm</a>)</li>
<li><a href="https://github-redirect.dependabot.com/babel/babel/pull/9144">#9144</a> Add --out-file-extension option to babel-cli (<a href="https://github.com/eps1lon">@eps1lon</a>)</li>
</ul>
</li>
<li><code>babel-core</code>, <code>babel-generator</code>, <code>babel-parser</code>
<ul>
<li><a href="https://github-redirect.dependabot.com/babel/babel/pull/10819">#10819</a> Enable nullish coalescing by default in @babel/parser (<a href="https://github.com/layershifter">@layershifter</a>)</li>
</ul>
</li>
<li><code>babel-core</code>, <code>babel-parser</code>
<ul>
<li><a href="https://github-redirect.dependabot.com/babel/babel/pull/10843">#10843</a> [parser] enable dynamic import by default (<a href="https://github.com/AbdulAli19">@AbdulAli19</a>)</li>
</ul>
</li>
</ul>
<h4>:bug: Bug Fix</h4>
<ul>
<li><code>babel-node</code>
<ul>
<li><a href="https://github-redirect.dependabot.com/babel/babel/pull/10763">#10763</a> Filename detection should respect short flags (<a href="https://github.com/JLHwung">@JLHwung</a>)</li>
</ul>
</li>
<li><code>babel-plugin-proposal-numeric-separator</code>
<ul>
<li><a href="https://github-redirect.dependabot.com/babel/babel/pull/10938">#10938</a> StringNumericLiteral does not include NumericLiteralSeparator (<a href="https://github.com/JLHwung">@JLHwung</a>)</li>
</ul>
</li>
<li><code>babel-preset-env</code>
<ul>
<li><a href="https://github-redirect.dependabot.com/babel/babel/pull/10790">#10790</a> Use chrome data when android is absent (<a href="https://github.com/JLHwung">@JLHwung</a>)</li>
<li><a href="https://github-redirect.dependabot.com/babel/babel/pull/10930">#10930</a> fix: Promise.any requires global.AggregateError (<a href="https://github.com/JLHwung">@JLHwung</a>)</li>
</ul>
</li>
<li><code>babel-parser</code>
<ul>
<li><a href="https://github-redirect.dependabot.com/babel/babel/pull/10944">#10944</a> When reading a new string, U+2028/2029 should correctly set the new column (<a href="https://github.com/JLHwung">@JLHwung</a>)</li>
</ul>
</li>
</ul>
</tr></table> ... (truncated)
</blockquote>
</details>
<details>
<summary>Changelog</summary>
<p><em>Sourced from <a href="https://github.com/babel/babel/blob/master/CHANGELOG.md">@babel/core's changelog</a>.</em></p>
<blockquote>
<h2>v7.8.0 (2020-01-12)</h2>
<h4>:eyeglasses: Spec Compliance</h4>
<ul>
<li><code>babel-parser</code>
<ul>
<li><a href="https://github-redirect.dependabot.com/babel/babel/pull/10980">#10980</a> Disallow private name in object elements and TS type elements (<a href="https://github.com/JLHwung">@JLHwung</a>)</li>
<li><a href="https://github-redirect.dependabot.com/babel/babel/pull/10955">#10955</a> LiteralPropertyName should allow BigIntLiteral (<a href="https://github.com/JLHwung">@JLHwung</a>)</li>
<li><a href="https://github-redirect.dependabot.com/babel/babel/pull/10953">#10953</a> fix: check await when parsing AsyncArrowBindingIdentifier (<a href="https://github.com/JLHwung">@JLHwung</a>)</li>
<li><a href="https://github-redirect.dependabot.com/babel/babel/pull/10947">#10947</a> Fix: TopLevelAwait should respect await identifiers defined in sub scope. (<a href="https://github.com/JLHwung">@JLHwung</a>)</li>
<li><a href="https://github-redirect.dependabot.com/babel/babel/pull/10946">#10946</a> fix: Class Field Initializer should not allow await expression as immediate child (<a href="https://github.com/JLHwung">@JLHwung</a>)</li>
</ul>
</li>
<li><code>babel-plugin-proposal-numeric-separator</code>
<ul>
<li><a href="https://github-redirect.dependabot.com/babel/babel/pull/10938">#10938</a> StringNumericLiteral does not include NumericLiteralSeparator (<a href="https://github.com/JLHwung">@JLHwung</a>)</li>
</ul>
</li>
<li><code>babel-generator</code>, <code>babel-parser</code>, <code>babel-plugin-proposal-private-methods</code>
<ul>
<li><a href="https://github-redirect.dependabot.com/babel/babel/pull/10456">#10456</a> [parser] Disallow duplicate and undeclared private names (<a href="https://github.com/nicolo-ribaudo">@nicolo-ribaudo</a>)</li>
</ul>
</li>
</ul>
<h4>:boom: Breaking Change</h4>
<ul>
<li><code>babel-types</code>
<ul>
<li><a href="https://github-redirect.dependabot.com/babel/babel/pull/10917">#10917</a> (opt-in) Improve @babel/types with env.BABEL_TYPES_8_BREAKING (<a href="https://github.com/nicolo-ribaudo">@nicolo-ribaudo</a>)</li>
</ul>
</li>
</ul>
<h4>:rocket: New Feature</h4>
<ul>
<li><code>babel-standalone</code>
<ul>
<li><a href="https://github-redirect.dependabot.com/babel/babel/pull/10821">#10821</a> Merge env-standalone to babel-standalone (<a href="https://github.com/JLHwung">@JLHwung</a>)</li>
</ul>
</li>
<li><code>babel-core</code>
<ul>
<li><a href="https://github-redirect.dependabot.com/babel/babel/pull/10783">#10783</a> Add babelrc.json support (<a href="https://github.com/yordis">@yordis</a>)</li>
<li><a href="https://github-redirect.dependabot.com/babel/babel/pull/10903">#10903</a> Add support for babel.config.mjs and .babelrc.mjs (<a href="https://github.com/nicolo-ribaudo">@nicolo-ribaudo</a>)</li>
</ul>
</li>
<li><code>babel-compat-data</code>, <code>babel-preset-env-standalone</code>, <code>babel-preset-env</code>
<ul>
<li><a href="https://github-redirect.dependabot.com/babel/babel/pull/10811">#10811</a> Add optional-chaining and nullish-coalescing to preset-env (<a href="https://github.com/Druotic">@Druotic</a>)</li>
</ul>
</li>
<li><code>babel-helper-module-transforms</code>, <code>babel-plugin-transform-modules-systemjs</code>
<ul>
<li><a href="https://github-redirect.dependabot.com/babel/babel/pull/10780">#10780</a> add <code>allowTopLevelThis</code> option to <code>transform-modules-systemjs</code> (<a href="https://github.com/JLHwung">@JLHwung</a>)</li>
</ul>
</li>
<li><code>babel-parser</code>
<ul>
<li><a href="https://github-redirect.dependabot.com/babel/babel/pull/10817">#10817</a> enable optional chaining by default in @babel/parser (<a href="https://github.com/jackisherwood">@jackisherwood</a>)</li>
</ul>
</li>
<li><code>babel-cli</code>
<ul>
<li><a href="https://github-redirect.dependabot.com/babel/babel/pull/10887">#10887</a> --copy-ignored flag added to CLI  (<a href="https://github.com/rajasekarm">@rajasekarm</a>)</li>
<li><a href="https://github-redirect.dependabot.com/babel/babel/pull/9144">#9144</a> Add --out-file-extension option to babel-cli (<a href="https://github.com/eps1lon">@eps1lon</a>)</li>
</ul>
</li>
<li><code>babel-core</code>, <code>babel-generator</code>, <code>babel-parser</code>
<ul>
<li><a href="https://github-redirect.dependabot.com/babel/babel/pull/10819">#10819</a> Enable nullish coalescing by default in @babel/parser (<a href="https://github.com/layershifter">@layershifter</a>)</li>
</ul>
</li>
<li><code>babel-core</code>, <code>babel-parser</code>
<ul>
<li><a href="https://github-redirect.dependabot.com/babel/babel/pull/10843">#10843</a> [parser] enable dynamic import by default (<a href="https://github.com/AbdulAli19">@AbdulAli19</a>)</li>
</ul>
</li>
</ul>
<h4>:bug: Bug Fix</h4>
<ul>
<li><code>babel-node</code>
<ul>
<li><a href="https://github-redirect.dependabot.com/babel/babel/pull/10763">#10763</a> Filename detection should respect short flags (<a href="https://github.com/JLHwung">@JLHwung</a>)</li>
</ul>
</li>
<li><code>babel-plugin-proposal-numeric-separator</code>
<ul>
<li><a href="https://github-redirect.dependabot.com/babel/babel/pull/10938">#10938</a> StringNumericLiteral does not include NumericLiteralSeparator (<a href="https://github.com/JLHwung">@JLHwung</a>)</li>
</ul>
</li>
<li><code>babel-preset-env</code>
<ul>
<li><a href="https://github-redirect.dependabot.com/babel/babel/pull/10790">#10790</a> Use chrome data when android is absent (<a href="https://github.com/JLHwung">@JLHwung</a>)</li>
<li><a href="https://github-redirect.dependabot.com/babel/babel/pull/10930">#10930</a> fix: Promise.any requires global.AggregateError (<a href="https://github.com/JLHwung">@JLHwung</a>)</li>
</ul>
</li>
<li><code>babel-parser</code>
<ul>
<li><a href="https://github-redirect.dependabot.com/babel/babel/pull/10944">#10944</a> When reading a new string, U+2028/2029 should correctly set the new column (<a href="https://github.com/JLHwung">@JLHwung</a>)</li>
<li><a href="https://github-redirect.dependabot.com/babel/babel/pull/10937">#10937</a> Refactor parseSubscript (<a href="https://github.com/JLHwung">@JLHwung</a>)</li>
<li><a href="https://github-redirect.dependabot.com/babel/babel/pull/10901">#10901</a> fix: lost leading comment after named import (<a href="https://github.com/elevatebart">@elevatebart</a>)</li>
</ul>
</li>
</ul>
</tr></table> ... (truncated)
</blockquote>
</details>
<details>
<summary>Commits</summary>
<ul>
<li><a href="https://github.com/babel/babel/commit/2486615a74580283c49475d66067bd7fcab3330e"><code>2486615</code></a> v7.8.0</li>
<li><a href="https://github.com/babel/babel/commit/d8e6219ad92e87e5c339c52314bb0121f20685fd"><code>d8e6219</code></a> @babel/eslint-plugin: Update rules/tests to use @babel/eslint-parser (<a href="https://github-redirect.dependabot.com/babel/babel/issues/10977">#10977</a>)</li>
<li><a href="https://github.com/babel/babel/commit/81c5f1f22df1bbb2425b8c9d4a524cf459c16353"><code>81c5f1f</code></a> Disallow private name in object elements and TS type elements (<a href="https://github-redirect.dependabot.com/babel/babel/issues/10980">#10980</a>)</li>
<li><a href="https://github.com/babel/babel/commit/e7b80a2cb93cf28010207fc3cdd19b4568ca35b9"><code>e7b80a2</code></a> Improve @babel/types with env.BABEL_TYPES_8_BREAKING (<a href="https://github-redirect.dependabot.com/babel/babel/issues/10917">#10917</a>)</li>
<li><a href="https://github.com/babel/babel/commit/405c1aaad8fdd64cbde33db684a5a39a496e239b"><code>405c1aa</code></a> Merge env-standalone to babel-standalone (<a href="https://github-redirect.dependabot.com/babel/babel/issues/10821">#10821</a>)</li>
<li><a href="https://github.com/babel/babel/commit/a1310333f7210f6a35f95622d04ba3b00e307d8a"><code>a131033</code></a> chore: update corejs fixtures (<a href="https://github-redirect.dependabot.com/babel/babel/issues/10983">#10983</a>)</li>
<li><a href="https://github.com/babel/babel/commit/903ad6160dcd82f2bcfe601aa959a7961b274d4a"><code>903ad61</code></a> Filename detection should respect short flags (<a href="https://github-redirect.dependabot.com/babel/babel/issues/10763">#10763</a>)</li>
<li><a href="https://github.com/babel/babel/commit/5a3e97073e7f94c32037a321a7825e8c04c6ae0f"><code>5a3e970</code></a> CONTRIBUTING: Update link to plugin-features.js [skip ci] (<a href="https://github-redirect.dependabot.com/babel/babel/issues/10982">#10982</a>)</li>
<li><a href="https://github.com/babel/babel/commit/4c28f54152fe17d0db664d8a6d3a21edc3ef8077"><code>4c28f54</code></a> Add babelrc.json support (<a href="https://github-redirect.dependabot.com/babel/babel/issues/10783">#10783</a>)</li>
<li><a href="https://github.com/babel/babel/commit/ae06baf22f4c7533be69e70a002661aba7160619"><code>ae06baf</code></a> Add support for babel.config.mjs and .babelrc.mjs (<a href="https://github-redirect.dependabot.com/babel/babel/issues/10903">#10903</a>)</li>
<li>Additional commits viewable in <a href="https://github.com/babel/babel/compare/v7.7.7...v7.8.0">compare view</a></li>
</ul>
</details>
<br />


[![Dependabot compatibility score](https://api.dependabot.com/badges/compatibility_score?dependency-name=@babel/core&package-manager=npm_and_yarn&previous-version=7.7.7&new-version=7.8.0)](https://dependabot.com/compatibility-score.html?dependency-name=@babel/core&package-manager=npm_and_yarn&previous-version=7.7.7&new-version=7.8.0)

Dependabot will resolve any conflicts with this PR as long as you don't alter it yourself. You can also trigger a rebase manually by commenting `@dependabot rebase`.

[//]: # (dependabot-automerge-start)
[//]: # (dependabot-automerge-end)

---

<details>
<summary>Dependabot commands and options</summary>
<br />

You can trigger Dependabot actions by commenting on this PR:
- `@dependabot rebase` will rebase this PR
- `@dependabot recreate` will recreate this PR, overwriting any edits that have been made to it
- `@dependabot merge` will merge this PR after your CI passes on it
- `@dependabot squash and merge` will squash and merge this PR after your CI passes on it
- `@dependabot cancel merge` will cancel a previously requested merge and block automerging
- `@dependabot reopen` will reopen this PR if it is closed
- `@dependabot close` will close this PR and stop Dependabot recreating it. You can achieve the same result by closing it manually
- `@dependabot ignore this major version` will close this PR and stop Dependabot creating any more for this major version (unless you reopen the PR or upgrade to it yourself)
- `@dependabot ignore this minor version` will close this PR and stop Dependabot creating any more for this minor version (unless you reopen the PR or upgrade to it yourself)
- `@dependabot ignore this dependency` will close this PR and stop Dependabot creating any more for this dependency (unless you reopen the PR or upgrade to it yourself)
- `@dependabot use these labels` will set the current labels as the default for future PRs for this repo and language
- `@dependabot use these reviewers` will set the current reviewers as the default for future PRs for this repo and language
- `@dependabot use these assignees` will set the current assignees as the default for future PRs for this repo and language
- `@dependabot use this milestone` will set the current milestone as the default for future PRs for this repo and language
- `@dependabot badge me` will comment on this PR with code to add a "Dependabot enabled" badge to your readme

Additionally, you can set the following in your Dependabot [dashboard](https://app.dependabot.com):
- Update frequency (including time of day and day of week)
- Pull request limits (per update run and/or open at any time)
- Automerge options (never/patch/minor, and dev/runtime dependencies)
- Out-of-range updates (receive only lockfile updates, if desired)
- Security updates (receive only security updates, if desired)



</details>
This solution fixed it for me.
https://github.com/zeit/hyper/issues/2144#issuecomment-326741620

_Originally posted by @esdotzed in https://github.com/zeit/hyper/issues/3586#issuecomment-489795443_
My download speed in China is too slow, is there any other download method available?
There are still some issues with [webgl render](https://github.com/xtermjs/xterm.js/issues?q=is%3Aopen+is%3Aissue+label%3Aarea%2Faddon%2Fwebgl)
Go to `about hyper` to check the render engine.
<!-- Hi there! Thanks for submitting a PR! We're excited to see what you've got for us.

- To help whoever reviews your PR, it'd be extremely helpful for you to list whether your PR is ready to be merged,
If there's anything left to do and if there are any related PRs
- It'd also be extremely helpful to enable us to update your PR incase we need to rebase or what-not by checking `Allow edits from maintainers`
- If your PR changes some API, please make a PR for hyper website too: https://github.com/zeit/hyper-site.

Thanks, again! -->

- [x ] I am on the [latest](https://github.com/zeit/hyper/releases/latest) Hyper.app version
- [ x] I have searched the [issues](https://github.com/zeit/hyper/issues) of this repo and believe that this is not a duplicate



- **Raspbian 10 (buster)** (64-bit mode): 
- **Canary**: 

## Issue
I am trying to get Hyper working on the Raspberry Pi.  This is a feature people have been asking for for years now.  Trying to run `yarn run app` gives the error 
```
yarn run v1.21.1
$ electron target
/home/pi/Downloads/hyper/node_modules/electron/index.js:14
    throw new Error('Electron failed to install correctly, please delete node_modules/electron and try installing again')
    ^

Error: Electron failed to install correctly, please delete node_modules/electron and try installing again
    at getElectronPath (/home/pi/Downloads/hyper/node_modules/electron/index.js:14:11)
    at Object.<anonymous> (/home/pi/Downloads/hyper/node_modules/electron/index.js:18:18)
    at Module._compile (internal/modules/cjs/loader.js:1139:30)
    at Object.Module._extensions..js (internal/modules/cjs/loader.js:1159:10)
    at Module.load (internal/modules/cjs/loader.js:988:32)
    at Function.Module._load (internal/modules/cjs/loader.js:896:14)
    at Module.require (internal/modules/cjs/loader.js:1028:19)
    at require (internal/modules/cjs/helpers.js:72:18)
    at Object.<anonymous> (/home/pi/Downloads/hyper/node_modules/electron/cli.js:3:16)
    at Module._compile (internal/modules/cjs/loader.js:1139:30)
error Command failed with exit code 1.
info Visit https://yarnpkg.com/en/docs/cli/run for documentation about this command.
```

Specifically,
**Error: Electron failed to install correctly, please delete node_modules/electron and try installing again**

I have attempted to do thisâ€”many timesâ€”to no avail.  Even though I can get electron installed independently with `npm install -g electron@6`


Edit: I think I was able to fix the first error by replacing electron 7.1 with 6.1.7.  But now I get his error when compiling for distribution
```
yarn run v1.21.1
$ yarn run build && cross-env BABEL_ENV=production babel target/renderer/bundle.js --out-file target/renderer/bundle.js --no-comments --minified && electron-builder
$ cross-env NODE_ENV=production webpack && tsc -b -v
Hash: c196eb9a25da369b3694df793668c7444c664b7929de4f24bb2a654bc239
Version: webpack 4.41.5
Child hyper-app:
    Hash: c196eb9a25da369b3694
    Time: 4667ms
    Built at: 01/03/2020 9:20:58 PM
                   Asset       Size  Chunks             Chunk Names
          ignore_this.js   3.57 KiB       0  [emitted]  main
              index.html  836 bytes          [emitted]  
     keymaps/darwin.json   1.57 KiB          [emitted]  
      keymaps/linux.json   1.49 KiB          [emitted]  
      keymaps/win32.json   1.32 KiB          [emitted]  
             notify.html  144 bytes          [emitted]  
            package.json  964 bytes          [emitted]  
         static/icon.png   4.78 KiB          [emitted]  
    static/icon96x96.png   5.72 KiB          [emitted]  
           tsconfig.json  196 bytes          [emitted]  
    Entrypoint main = ignore_this.js
    [0] ./app/index.ts 0 bytes {0} [built]
Child hyper:
    Hash: df793668c7444c664b79
    Time: 14613ms
    Built at: 01/03/2020 9:21:08 PM
               Asset      Size  Chunks                   Chunk Names
    assets/icons.svg  3.26 KiB          [emitted]        
           bundle.js  2.12 MiB       0  [emitted]        main
       bundle.js.map   2.6 MiB       0  [emitted] [dev]  main
    Entrypoint main = bundle.js bundle.js.map
      [0] ./lib/index.tsx 6.07 KiB {0} [built]
      [1] external "electron" 42 bytes {0} [built]
     [46] ./lib/rpc.ts 56 bytes {0} [built]
     [49] ./lib/actions/index.ts 214 bytes {0} [built]
     [51] ./lib/utils/config.ts 473 bytes {0} [built]
     [52] ./lib/utils/plugins.ts 11.3 KiB {0} [built]
     [62] ./lib/utils/file.ts 794 bytes {0} [built]
     [64] ./lib/actions/ui.ts 6.64 KiB {0} [built]
     [69] ./lib/actions/sessions.ts 3.41 KiB {0} [built]
     [73] ./lib/actions/term-groups.ts 4.18 KiB {0} [built]
     [82] ./lib/actions/updater.ts 403 bytes {0} [built]
     [84] ./lib/actions/notifications.ts 345 bytes {0} [built]
     [86] ./lib/actions/config.ts 279 bytes {0} [built]
     [88] ./lib/containers/hyper.tsx 4.1 KiB {0} [built]
    [226] ./lib/store/configure-store.ts 258 bytes {0} [built]
        + 228 hidden modules
Child hyper-cli:
    Hash: 29de4f24bb2a654bc239
    Time: 12776ms
    Built at: 01/03/2020 9:21:06 PM
     Asset      Size  Chunks             Chunk Names
    cli.js  1.09 MiB       0  [emitted]  main
    Entrypoint main = cli.js
      [0] ./cli/index.ts 4.73 KiB {0} [built]
      [1] external "child_process" 42 bytes {0} [built]
      [2] external "path" 42 bytes {0} [built]
      [3] external "fs" 42 bytes {0} [built]
      [4] ./app/package.json 964 bytes {0} [built]
     [10] (webpack)/buildin/module.js 497 bytes {0} [built]
     [16] external "os" 42 bytes {0} [built]
     [31] ./node_modules/args/lib sync 160 bytes {0} [built]
     [39] external "tty" 42 bytes {0} [built]
     [44] external "util" 42 bytes {0} [built]
     [58] external "events" 42 bytes {0} [built]
     [65] external "stream" 42 bytes {0} [built]
     [81] external "http" 42 bytes {0} [built]
    [112] external "readline" 42 bytes {0} [built]
    [130] ./cli/api.ts 3.9 KiB {0} [built]
        + 168 hidden modules
    
    WARNING in ./node_modules/args/lib/version.js 18:11-24
    Critical dependency: the request of a dependency is an expression
     @ ./node_modules/args/lib/index.js
     @ ./cli/index.ts
    
    WARNING in ./node_modules/keyv/src/index.js 18:14-40
    Critical dependency: the request of a dependency is an expression
     @ ./node_modules/cacheable-lookup/index.js
     @ ./node_modules/got/dist/source/normalize-arguments.js
     @ ./node_modules/got/dist/source/create.js
     @ ./node_modules/got/dist/source/index.js
     @ ./cli/index.ts
9:21:09 PM - Projects in this build: 
    * app/tsconfig.json
    * tsconfig.json

9:21:09 PM - Project 'app/tsconfig.json' is up to date because newest input 'app/updater.js' is older than oldest output 'target/auto-updater-linux.js'

9:21:09 PM - Project 'tsconfig.json' is out of date because output file 'dist/tmp/root/app/config.js' does not exist

9:21:09 PM - Building project '/home/pi/Downloads/hyper/tsconfig.json'...

9:21:16 PM - Updating unchanged output timestamps of project '/home/pi/Downloads/hyper/tsconfig.json'...

  â€¢ electron-builder  version=22.2.0 os=4.19.80-v8+
  â€¢ loaded configuration  file=/home/pi/Downloads/hyper/electron-builder.json
  â€¢ rebuilding native dependencies  dependencies=node-pty@0.9.0 platform=linux arch=x64
  â€¢ rebuilding native dependency  name=node-pty version=0.9.0
  â¨¯ cannot execute  cause=exit status 1
                    out=$ node scripts/install.js
    make: Entering directory '/home/pi/Downloads/hyper/target/node_modules/node-pty/build'
      CXX(target) Release/obj.target/pty/src/unix/pty.o
    make: Leaving directory '/home/pi/Downloads/hyper/target/node_modules/node-pty/build'
    info Visit https://yarnpkg.com/en/docs/cli/run for documentation about this command.
    
                    errorOut=gyp info it worked if it ends with ok
    gyp info using node-gyp@5.0.5
    gyp info using node@13.5.0 | linux | arm
    gyp info find Python using Python version 2.7.16 found at "/usr/bin/python"
    gyp info spawn /usr/bin/python
    gyp info spawn args [
    gyp info spawn args   '/usr/lib/node_modules/npm/node_modules/node-gyp/gyp/gyp_main.py',
    gyp info spawn args   'binding.gyp',
    gyp info spawn args   '-f',
    gyp info spawn args   'make',
    gyp info spawn args   '-I',
    gyp info spawn args   '/home/pi/Downloads/hyper/target/node_modules/node-pty/build/config.gypi',
    gyp info spawn args   '-I',
    gyp info spawn args   '/usr/lib/node_modules/npm/node_modules/node-gyp/addon.gypi',
    gyp info spawn args   '-I',
    gyp info spawn args   '/home/pi/.electron-gyp/6.1.7/include/node/common.gypi',
    gyp info spawn args   '-Dlibrary=shared_library',
    gyp info spawn args   '-Dvisibility=default',
    gyp info spawn args   '-Dnode_root_dir=/home/pi/.electron-gyp/6.1.7',
    gyp info spawn args   '-Dnode_gyp_dir=/usr/lib/node_modules/npm/node_modules/node-gyp',
    gyp info spawn args   '-Dnode_lib_file=/home/pi/.electron-gyp/6.1.7/<(target_arch)/node.lib',
    gyp info spawn args   '-Dmodule_root_dir=/home/pi/Downloads/hyper/target/node_modules/node-pty',
    gyp info spawn args   '-Dnode_engine=v8',
    gyp info spawn args   '--depth=.',
    gyp info spawn args   '--no-parallel',
    gyp info spawn args   '--generator-output',
    gyp info spawn args   'build',
    gyp info spawn args   '-Goutput_dir=.'
    gyp info spawn args ]
    gyp info spawn make
    gyp info spawn args [ 'BUILDTYPE=Release', '-C', 'build' ]
    g++: error: unrecognized command line option â€˜-m64â€™
    make: *** [pty.target.mk:107: Release/obj.target/pty/src/unix/pty.o] Error 1
    gyp ERR! build error 
    gyp ERR! stack Error: `make` failed with exit code: 2
    gyp ERR! stack     at ChildProcess.onExit (/usr/lib/node_modules/npm/node_modules/node-gyp/lib/build.js:194:23)
    gyp ERR! stack     at ChildProcess.emit (events.js:305:20)
    gyp ERR! stack     at Process.ChildProcess._handle.onexit (internal/child_process.js:275:12)
    gyp ERR! System Linux 4.19.80-v8+
    gyp ERR! command "/usr/bin/node" "/usr/lib/node_modules/npm/node_modules/node-gyp/bin/node-gyp.js" "rebuild"
    gyp ERR! cwd /home/pi/Downloads/hyper/target/node_modules/node-pty
    gyp ERR! node -v v13.5.0
    gyp ERR! node-gyp -v v5.0.5
    gyp ERR! not ok 
    error Command failed with exit code 1.
    
                    command=/usr/bin/node /usr/share/yarn/bin/yarn.js run install
                    workingDir=/home/pi/Downloads/hyper/target/node_modules/node-pty
error Command failed with exit code 1.
info Visit https://yarnpkg.com/en/docs/cli/run for documentation about this command.
```

I get this error when trying to `yarn run app`:
```
yarn run v1.21.1                                                                                                                 [0/814]
$ electron target
innerError Error: Cannot find module '../build/Debug/pty.node'
Require stack:
- /home/pi/Downloads/hyper/target/node_modules/node-pty/lib/unixTerminal.js
- /home/pi/Downloads/hyper/target/node_modules/node-pty/lib/index.js
- /home/pi/Downloads/hyper/target/session.js
- /home/pi/Downloads/hyper/target/ui/window.js
- /home/pi/Downloads/hyper/target/index.js
- /home/pi/Downloads/hyper/node_modules/electron/dist/resources/default_app.asar/main.js                                                -
    at Module._resolveFilename (internal/modules/cjs/loader.js:627:15)
    at Function.Module._resolveFilename (/home/pi/Downloads/hyper/node_modules/electron/dist/resources/electron.asar/common/reset-search
-paths.js:41:16)
    at Function.Module._load (internal/modules/cjs/loader.js:531:27)
    at Function._load (/home/pi/Downloads/hyper/target/plugins.js:79:37)
    at Module.require (internal/modules/cjs/loader.js:685:19)
    at require (internal/modules/cjs/helpers.js:16:16)
    at Object.<anonymous> (/home/pi/Downloads/hyper/target/node_modules/node-pty/lib/unixTerminal.js:30:15)
    at Module._compile (internal/modules/cjs/loader.js:786:30)
    at Object.Module._extensions..js (internal/modules/cjs/loader.js:798:10)
    at Module.load (internal/modules/cjs/loader.js:645:32) {
  code: 'MODULE_NOT_FOUND',
  requireStack: [
    '/home/pi/Downloads/hyper/target/node_modules/node-pty/lib/unixTerminal.js',
    '/home/pi/Downloads/hyper/target/node_modules/node-pty/lib/index.js',
    '/home/pi/Downloads/hyper/target/session.js',
    '/home/pi/Downloads/hyper/target/ui/window.js',
    '/home/pi/Downloads/hyper/target/index.js',
    '/home/pi/Downloads/hyper/node_modules/electron/dist/resources/default_app.asar/main.js',
    undefined
  ]
}
App threw an error during load
Error: `node-pty` failed to load. Typically this means that it was built incorrectly. Please check the `readme.md` to more info.
    at createNodePtyError (/home/pi/Downloads/hyper/target/session.js:19:34)
    at Object.<anonymous> (/home/pi/Downloads/hyper/target/session.js:25:11)
    at Module._compile (internal/modules/cjs/loader.js:786:30)
    at Object.Module._extensions..js (internal/modules/cjs/loader.js:798:10)
    at Module.load (internal/modules/cjs/loader.js:645:32)
    at Function.Module._load (internal/modules/cjs/loader.js:560:12)
    at Function._load (/home/pi/Downloads/hyper/target/plugins.js:79:37)
    at Module.require (internal/modules/cjs/loader.js:685:19)
    at require (internal/modules/cjs/helpers.js:16:16)
    at Object.<anonymous> (/home/pi/Downloads/hyper/target/ui/window.js:18:35)
A JavaScript error occurred in the main process
Uncaught Exception:
Error: `node-pty` failed to load. Typically this means that it was built incorrectly. Please check the `readme.md` to more info.
    at createNodePtyError (/home/pi/Downloads/hyper/target/session.js:19:34)
    at Object.<anonymous> (/home/pi/Downloads/hyper/target/session.js:25:11)
    at Module._compile (internal/modules/cjs/loader.js:786:30)
    at Object.Module._extensions..js (internal/modules/cjs/loader.js:798:10)
    at Module.load (internal/modules/cjs/loader.js:645:32)
    at Function.Module._load (internal/modules/cjs/loader.js:560:12)
    at Function._load (/home/pi/Downloads/hyper/target/plugins.js:79:37)
    at Module.require (internal/modules/cjs/loader.js:685:19)
    at require (internal/modules/cjs/helpers.js:16:16)
    at Object.<anonymous> (/home/pi/Downloads/hyper/target/ui/window.js:18:35)
```

Me, and many other people, would love to have Hyper on ARM.  I would appreciate all the help I can get in trying this
<!--
  Hi there! Thank you for discovering and submitting an issue.

  Before you submit this; let's make sure of a few things.
  Please make sure the following boxes are ticked if they are correct.
  If not, please try and fulfill these first.
-->

<!-- Checked checkbox should look like this: [x] -->
- [ x ] I am on the [latest](https://github.com/zeit/hyper/releases/latest) Hyper.app version
- [ x ] I have searched the [issues](https://github.com/zeit/hyper/issues) of this repo and believe that this is not a duplicate

<!--
  Once those are done, if you're able to fill in the following list with your information,
  it'd be very helpful to whoever handles the issue.
-->

- **OS version and name**: Ubuntu 19.10<!-- Replace with version + name -->
- **Hyper.app version**: 3.0.2 <!-- Replace with version -->
- **Link of a [Gist](https://gist.github.com/) with the contents of your .hyper.js**: https://gist.github.com/diovanii/17336b78dfd62209283be66bbd26d8e6<!-- Gist Link Here -->
- **Relevant information from devtools** _(CMD+ALT+I on macOS, CTRL+SHIFT+I elsewhere)_: <!-- Replace with info if applicable, or N/A -->
- **When i start Neovim hyper adds a right padding to the window**: <!-- Replace with info if applicable, or `Is Vanilla`. (Vanilla means Hyper.app without any add-ons or extras. Straight out of the box.) -->

## Issue
When i start Neovim from Hyper it adds a right padding to the window (even if padding is set to 0)

![print](https://user-images.githubusercontent.com/47093916/71755882-9f775e00-2e6b-11ea-8996-71e35ab12adf.png)

